  [2m2026-06-15T06:04:59.577829Z[0m [32m INFO[0m [1;32mrch::hook[0m[32m: [32mSelected worker: ovh-a at ubuntu@51.222.245.56 (0 slots remaining after reservation, speed 50.0)[0m
    [2;3mat[0m rch/src/hook.rs:514 [2;3mon[0m ThreadId(1)

  [2m2026-06-15T06:04:59.846786Z[0m [32m INFO[0m [1;32mrch::hook[0m[32m: [32mStarting remote compilation pipeline for frankentorch-0hss9-baseline-20260615T0554 (hash: 05ad50c962c15019)[0m
    [2;3mat[0m rch/src/hook.rs:5994 [2;3mon[0m ThreadId(1)

  [2m2026-06-15T06:04:59.846857Z[0m [32m INFO[0m [1;32mrch::hook[0m[32m: [32mPrepared dependency sync manifest for 13 roots[0m
    [2;3mat[0m rch/src/hook.rs:6016 [2;3mon[0m ThreadId(1)

  [2m2026-06-15T06:05:07.746286Z[0m [32m INFO[0m [1;32mrch::hook[0m[32m: [32mSyncing project to worker ovh-a...[0m
    [2;3mat[0m rch/src/hook.rs:6046 [2;3mon[0m ThreadId(1)

  [2m2026-06-15T06:05:07.746366Z[0m [32m INFO[0m [1;32mrch::transfer[0m[32m: [32mSyncing /data/projects/.scratch/frankentorch-0hss9-baseline-20260615T0554 -> /data/projects/.scratch/frankentorch-0hss9-baseline-20260615T0554 on ovh-a[0m
    [2;3mat[0m rch/src/transfer.rs:1434 [2;3mon[0m ThreadId(1)

  [2m2026-06-15T06:05:08.407633Z[0m [32m INFO[0m [1;32mrch::transfer[0m[32m: [32mSync completed in 661ms[0m
    [2;3mat[0m rch/src/transfer.rs:1503 [2;3mon[0m ThreadId(1)

  [2m2026-06-15T06:05:08.407709Z[0m [32m INFO[0m [1;32mrch::transfer[0m[32m: [32mSyncing /data/projects/.scratch/frankentorch-0hss9-baseline-20260615T0554/crates/ft-api -> /data/projects/.scratch/frankentorch-0hss9-baseline-20260615T0554/crates/ft-api on ovh-a[0m
    [2;3mat[0m rch/src/transfer.rs:1434 [2;3mon[0m ThreadId(1)

  [2m2026-06-15T06:05:09.006072Z[0m [32m INFO[0m [1;32mrch::transfer[0m[32m: [32mSync completed in 598ms[0m
    [2;3mat[0m rch/src/transfer.rs:1503 [2;3mon[0m ThreadId(1)

  [2m2026-06-15T06:05:09.006156Z[0m [32m INFO[0m [1;32mrch::transfer[0m[32m: [32mSyncing /data/projects/.scratch/frankentorch-0hss9-baseline-20260615T0554/crates/ft-autograd -> /data/projects/.scratch/frankentorch-0hss9-baseline-20260615T0554/crates/ft-autograd on ovh-a[0m
    [2;3mat[0m rch/src/transfer.rs:1434 [2;3mon[0m ThreadId(1)

  [2m2026-06-15T06:05:09.724234Z[0m [32m INFO[0m [1;32mrch::transfer[0m[32m: [32mSync completed in 718ms[0m
    [2;3mat[0m rch/src/transfer.rs:1503 [2;3mon[0m ThreadId(1)

  [2m2026-06-15T06:05:09.724324Z[0m [32m INFO[0m [1;32mrch::transfer[0m[32m: [32mSyncing /data/projects/.scratch/frankentorch-0hss9-baseline-20260615T0554/crates/ft-conformance -> /data/projects/.scratch/frankentorch-0hss9-baseline-20260615T0554/crates/ft-conformance on ovh-a[0m
    [2;3mat[0m rch/src/transfer.rs:1434 [2;3mon[0m ThreadId(1)

  [2m2026-06-15T06:05:10.255734Z[0m [32m INFO[0m [1;32mrch::transfer[0m[32m: [32mSync completed in 531ms[0m
    [2;3mat[0m rch/src/transfer.rs:1503 [2;3mon[0m ThreadId(1)

  [2m2026-06-15T06:05:10.255812Z[0m [32m INFO[0m [1;32mrch::transfer[0m[32m: [32mSyncing /data/projects/.scratch/frankentorch-0hss9-baseline-20260615T0554/crates/ft-core -> /data/projects/.scratch/frankentorch-0hss9-baseline-20260615T0554/crates/ft-core on ovh-a[0m
    [2;3mat[0m rch/src/transfer.rs:1434 [2;3mon[0m ThreadId(1)

  [2m2026-06-15T06:05:10.811601Z[0m [32m INFO[0m [1;32mrch::transfer[0m[32m: [32mSync completed in 555ms[0m
    [2;3mat[0m rch/src/transfer.rs:1503 [2;3mon[0m ThreadId(1)

  [2m2026-06-15T06:05:10.811673Z[0m [32m INFO[0m [1;32mrch::transfer[0m[32m: [32mSyncing /data/projects/.scratch/frankentorch-0hss9-baseline-20260615T0554/crates/ft-data -> /data/projects/.scratch/frankentorch-0hss9-baseline-20260615T0554/crates/ft-data on ovh-a[0m
    [2;3mat[0m rch/src/transfer.rs:1434 [2;3mon[0m ThreadId(1)

  [2m2026-06-15T06:05:11.288608Z[0m [32m INFO[0m [1;32mrch::transfer[0m[32m: [32mSync completed in 476ms[0m
    [2;3mat[0m rch/src/transfer.rs:1503 [2;3mon[0m ThreadId(1)

  [2m2026-06-15T06:05:11.288704Z[0m [32m INFO[0m [1;32mrch::transfer[0m[32m: [32mSyncing /data/projects/.scratch/frankentorch-0hss9-baseline-20260615T0554/crates/ft-device -> /data/projects/.scratch/frankentorch-0hss9-baseline-20260615T0554/crates/ft-device on ovh-a[0m
    [2;3mat[0m rch/src/transfer.rs:1434 [2;3mon[0m ThreadId(1)

  [2m2026-06-15T06:05:11.750358Z[0m [32m INFO[0m [1;32mrch::transfer[0m[32m: [32mSync completed in 461ms[0m
    [2;3mat[0m rch/src/transfer.rs:1503 [2;3mon[0m ThreadId(1)

  [2m2026-06-15T06:05:11.750462Z[0m [32m INFO[0m [1;32mrch::transfer[0m[32m: [32mSyncing /data/projects/.scratch/frankentorch-0hss9-baseline-20260615T0554/crates/ft-dispatch -> /data/projects/.scratch/frankentorch-0hss9-baseline-20260615T0554/crates/ft-dispatch on ovh-a[0m
    [2;3mat[0m rch/src/transfer.rs:1434 [2;3mon[0m ThreadId(1)

  [2m2026-06-15T06:05:12.215769Z[0m [32m INFO[0m [1;32mrch::transfer[0m[32m: [32mSync completed in 465ms[0m
    [2;3mat[0m rch/src/transfer.rs:1503 [2;3mon[0m ThreadId(1)

  [2m2026-06-15T06:05:12.215865Z[0m [32m INFO[0m [1;32mrch::transfer[0m[32m: [32mSyncing /data/projects/.scratch/frankentorch-0hss9-baseline-20260615T0554/crates/ft-kernel-cpu -> /data/projects/.scratch/frankentorch-0hss9-baseline-20260615T0554/crates/ft-kernel-cpu on ovh-a[0m
    [2;3mat[0m rch/src/transfer.rs:1434 [2;3mon[0m ThreadId(1)

  [2m2026-06-15T06:05:12.696830Z[0m [32m INFO[0m [1;32mrch::transfer[0m[32m: [32mSync completed in 480ms[0m
    [2;3mat[0m rch/src/transfer.rs:1503 [2;3mon[0m ThreadId(1)

  [2m2026-06-15T06:05:12.696982Z[0m [32m INFO[0m [1;32mrch::transfer[0m[32m: [32mSyncing /data/projects/.scratch/frankentorch-0hss9-baseline-20260615T0554/crates/ft-nn -> /data/projects/.scratch/frankentorch-0hss9-baseline-20260615T0554/crates/ft-nn on ovh-a[0m
    [2;3mat[0m rch/src/transfer.rs:1434 [2;3mon[0m ThreadId(1)

  [2m2026-06-15T06:05:13.155368Z[0m [32m INFO[0m [1;32mrch::transfer[0m[32m: [32mSync completed in 458ms[0m
    [2;3mat[0m rch/src/transfer.rs:1503 [2;3mon[0m ThreadId(1)

  [2m2026-06-15T06:05:13.155450Z[0m [32m INFO[0m [1;32mrch::transfer[0m[32m: [32mSyncing /data/projects/.scratch/frankentorch-0hss9-baseline-20260615T0554/crates/ft-optim -> /data/projects/.scratch/frankentorch-0hss9-baseline-20260615T0554/crates/ft-optim on ovh-a[0m
    [2;3mat[0m rch/src/transfer.rs:1434 [2;3mon[0m ThreadId(1)

  [2m2026-06-15T06:05:13.621715Z[0m [32m INFO[0m [1;32mrch::transfer[0m[32m: [32mSync completed in 466ms[0m
    [2;3mat[0m rch/src/transfer.rs:1503 [2;3mon[0m ThreadId(1)

  [2m2026-06-15T06:05:13.621805Z[0m [32m INFO[0m [1;32mrch::transfer[0m[32m: [32mSyncing /data/projects/.scratch/frankentorch-0hss9-baseline-20260615T0554/crates/ft-runtime -> /data/projects/.scratch/frankentorch-0hss9-baseline-20260615T0554/crates/ft-runtime on ovh-a[0m
    [2;3mat[0m rch/src/transfer.rs:1434 [2;3mon[0m ThreadId(1)

  [2m2026-06-15T06:05:14.113324Z[0m [32m INFO[0m [1;32mrch::transfer[0m[32m: [32mSync completed in 491ms[0m
    [2;3mat[0m rch/src/transfer.rs:1503 [2;3mon[0m ThreadId(1)

  [2m2026-06-15T06:05:14.113419Z[0m [32m INFO[0m [1;32mrch::transfer[0m[32m: [32mSyncing /data/projects/.scratch/frankentorch-0hss9-baseline-20260615T0554/crates/ft-serialize -> /data/projects/.scratch/frankentorch-0hss9-baseline-20260615T0554/crates/ft-serialize on ovh-a[0m
    [2;3mat[0m rch/src/transfer.rs:1434 [2;3mon[0m ThreadId(1)

  [2m2026-06-15T06:05:14.580061Z[0m [32m INFO[0m [1;32mrch::transfer[0m[32m: [32mSync completed in 466ms[0m
    [2;3mat[0m rch/src/transfer.rs:1503 [2;3mon[0m ThreadId(1)

  [2m2026-06-15T06:05:14.580120Z[0m [32m INFO[0m [1;32mrch::hook[0m[32m: [32mSync complete: 2895 files, 121995 bytes in 6826ms[0m
    [2;3mat[0m rch/src/hook.rs:6209 [2;3mon[0m ThreadId(1)

  [2m2026-06-15T06:05:16.634948Z[0m [32m INFO[0m [1;32mrch::hook[0m[32m: [32mExecuting command remotely: cargo bench -j 1 -p ft-autograd --bench backward_bench -- activation_backward/gelu_chain_16x65536 --warm-up-time 1 --measurement-time 3 --sample-size 10 --noplot[0m
    [2;3mat[0m rch/src/hook.rs:6252 [2;3mon[0m ThreadId(1)

  [2m2026-06-15T06:05:16.635016Z[0m [32m INFO[0m [1;32mrch::transfer[0m[32m: [32mRewriting CARGO_TARGET_DIR for remote execution (worker-scoped path): /data/tmp/cargo-target -> /data/projects/.scratch/frankentorch-0hss9-baseline-20260615T0554/.rch-target-ovh-a-job-29884606035532746-1781503507746278024-0[0m
    [2;3mat[0m rch/src/transfer.rs:712 [2;3mon[0m ThreadId(1)

    Updating crates.io index
 Downloading crates ...
  Downloaded bit-vec v0.8.0
  Downloaded anstyle v1.0.14
  Downloaded bitflags v2.11.1
  Downloaded bytemuck v1.25.0
  Downloaded bit-set v0.8.0
  Downloaded clap_lex v1.1.0
  Downloaded aho-corasick v1.1.4
  Downloaded anes v0.1.6
  Downloaded autocfg v1.5.0
  Downloaded console v0.16.3
  Downloaded clap v4.6.1
  Downloaded clap_builder v4.6.0
  Downloaded itoa v1.0.18
  Downloaded insta v1.47.2
  Downloaded half v2.7.1
  Downloaded same-file v1.0.6
  Downloaded memchr v2.8.0
  Downloaded rand_xorshift v0.4.0
  Downloaded safe_arch v0.7.4
  Downloaded cast v0.3.0
  Downloaded fnv v1.0.7
  Downloaded plotters-svg v0.3.7
  Downloaded ciborium v0.2.2
  Downloaded cfg-if v1.0.4
  Downloaded plotters-backend v0.3.7
  Downloaded unarray v0.1.4
  Downloaded criterion-plot v0.5.0
  Downloaded once_cell v1.21.4
  Downloaded rand_chacha v0.9.0
  Downloaded tinytemplate v1.2.1
  Downloaded walkdir v2.5.0
  Downloaded wait-timeout v0.2.1
  Downloaded ciborium-io v0.2.2
  Downloaded quick-error v1.2.3
  Downloaded quote v1.0.45
  Downloaded rusty-fork v0.3.1
  Downloaded matrixmultiply v0.3.10
  Downloaded ppv-lite86 v0.2.21
  Downloaded zmij v1.0.21
  Downloaded ciborium-ll v0.2.2
  Downloaded rand_core v0.9.5
  Downloaded rawpointer v0.2.1
  Downloaded errno v0.3.14
  Downloaded is-terminal v0.4.17
  Downloaded proc-macro2 v1.0.106
  Downloaded num-complex v0.4.6
  Downloaded similar v2.7.0
  Downloaded unicode-ident v1.0.24
  Downloaded fastrand v2.4.1
  Downloaded num-traits v0.2.19
  Downloaded serde_derive v1.0.228
  Downloaded crossbeam-utils v0.8.21
  Downloaded crossbeam-epoch v0.9.18
  Downloaded bytemuck_derive v1.10.2
  Downloaded oorandom v11.1.5
  Downloaded rayon-core v1.13.0
  Downloaded plotters v0.3.7
  Downloaded serde_core v1.0.228
  Downloaded tempfile v3.27.0
  Downloaded crossbeam-deque v0.8.6
  Downloaded either v1.15.0
  Downloaded getrandom v0.3.4
  Downloaded rand v0.9.4
  Downloaded serde v1.0.228
  Downloaded zerocopy-derive v0.8.48
  Downloaded criterion v0.5.1
  Downloaded wide v0.7.33
  Downloaded itertools v0.10.5
  Downloaded proptest v1.11.0
  Downloaded libm v0.2.16
  Downloaded regex v1.12.3
  Downloaded serde_json v1.0.149
  Downloaded rayon v1.12.0
  Downloaded zerocopy v0.8.48
  Downloaded syn v2.0.117
  Downloaded regex-syntax v0.8.10
  Downloaded rustix v1.1.4
  Downloaded regex-automata v0.4.14
  Downloaded libc v0.2.185
  Downloaded linux-raw-sys v0.12.1
   Compiling proc-macro2 v1.0.106
   Compiling quote v1.0.45
   Compiling unicode-ident v1.0.24
   Compiling syn v2.0.117
   Compiling cfg-if v1.0.4
   Compiling libc v0.2.185
   Compiling autocfg v1.5.0
   Compiling zerocopy v0.8.48
   Compiling zerocopy-derive v0.8.48
   Compiling bytemuck_derive v1.10.2
   Compiling bytemuck v1.25.0
   Compiling num-traits v0.2.19
   Compiling crossbeam-utils v0.8.21
   Compiling getrandom v0.3.4
   Compiling crossbeam-epoch v0.9.18
   Compiling half v2.7.1
   Compiling either v1.15.0
   Compiling serde_core v1.0.228
   Compiling rayon-core v1.13.0
   Compiling crossbeam-deque v0.8.6
   Compiling rustix v1.1.4
   Compiling matrixmultiply v0.3.10
   Compiling libm v0.2.16
   Compiling bitflags v2.11.1
   Compiling zmij v1.0.21
   Compiling linux-raw-sys v0.12.1
   Compiling once_cell v1.21.4
   Compiling serde v1.0.228
   Compiling rayon v1.12.0
   Compiling rand_core v0.9.5
   Compiling num-complex v0.4.6
   Compiling safe_arch v0.7.4
   Compiling serde_derive v1.0.228
   Compiling fastrand v2.4.1
   Compiling serde_json v1.0.149
   Compiling rawpointer v0.2.1
   Compiling regex-syntax v0.8.10
   Compiling tempfile v3.27.0
   Compiling wide v0.7.33
   Compiling ft-core v0.1.0 (/data/projects/.scratch/frankentorch-0hss9-baseline-20260615T0554/crates/ft-core)
   Compiling ciborium-io v0.2.2
   Compiling anstyle v1.0.14
   Compiling plotters-backend v0.3.7
   Compiling itoa v1.0.18
   Compiling memchr v2.8.0
   Compiling clap_lex v1.1.0
   Compiling clap_builder v4.6.0
   Compiling plotters-svg v0.3.7
   Compiling ciborium-ll v0.2.2
   Compiling ft-kernel-cpu v0.1.0 (/data/projects/.scratch/frankentorch-0hss9-baseline-20260615T0554/crates/ft-kernel-cpu)
   Compiling regex-automata v0.4.14
   Compiling itertools v0.10.5
   Compiling ppv-lite86 v0.2.21
   Compiling wait-timeout v0.2.1
   Compiling quick-error v1.2.3
   Compiling cast v0.3.0
   Compiling same-file v1.0.6
   Compiling fnv v1.0.7
   Compiling bit-vec v0.8.0
   Compiling bit-set v0.8.0
   Compiling rusty-fork v0.3.1
   Compiling walkdir v2.5.0
   Compiling criterion-plot v0.5.0
   Compiling rand_chacha v0.9.0
   Compiling regex v1.12.3
   Compiling ft-dispatch v0.1.0 (/data/projects/.scratch/frankentorch-0hss9-baseline-20260615T0554/crates/ft-dispatch)
   Compiling ciborium v0.2.2
   Compiling plotters v0.3.7
   Compiling tinytemplate v1.2.1
   Compiling clap v4.6.1
   Compiling rand v0.9.4
   Compiling rand_xorshift v0.4.0
   Compiling console v0.16.3
   Compiling is-terminal v0.4.17
   Compiling similar v2.7.0
   Compiling anes v0.1.6
   Compiling unarray v0.1.4
   Compiling oorandom v11.1.5
   Compiling criterion v0.5.1
   Compiling proptest v1.11.0
   Compiling insta v1.47.2
   Compiling ft-autograd v0.1.0 (/data/projects/.scratch/frankentorch-0hss9-baseline-20260615T0554/crates/ft-autograd)
    Finished `bench` profile [optimized + debuginfo] target(s) in 2m 40s
     Running benches/backward_bench.rs (.rch-target-ovh-a-job-29884606035532746-1781503507746278024-0/release/deps/backward_bench-7cfc73f77a6e4eda)
Gnuplot not found, using plotters backend
Benchmarking activation_backward/gelu_chain_16x65536
Benchmarking activation_backward/gelu_chain_16x65536: Warming up for 1.0000 s
Benchmarking activation_backward/gelu_chain_16x65536: Collecting 10 samples in estimated 3.8689 s (110 iterations)
Benchmarking activation_backward/gelu_chain_16x65536: Analyzing
activation_backward/gelu_chain_16x65536
                        time:   [26.814 ms 27.483 ms 28.719 ms]

  [2m2026-06-15T06:08:02.478740Z[0m [32m INFO[0m [1;32mrch::hook[0m[32m: [32mRemote command finished: exit=0 in 165843ms[0m
    [2;3mat[0m rch/src/hook.rs:6376 [2;3mon[0m ThreadId(1)

  [2m2026-06-15T06:08:02.479019Z[0m [32m INFO[0m [1;32mrch::hook[0m[32m: [32mRetrieving build artifacts...[0m
    [2;3mat[0m rch/src/hook.rs:6425 [2;3mon[0m ThreadId(1)

  [2m2026-06-15T06:08:02.479041Z[0m [32m INFO[0m [1;32mrch::transfer[0m[32m: [32mRetrieving artifacts from /data/projects/.scratch/frankentorch-0hss9-baseline-20260615T0554 on ovh-a[0m
    [2;3mat[0m rch/src/transfer.rs:2106 [2;3mon[0m ThreadId(1)

  [2m2026-06-15T06:08:02.957058Z[0m [32m INFO[0m [1;32mrch::transfer[0m[32m: [32mArtifacts retrieved in 477ms (1 files, 1180 bytes)[0m
    [2;3mat[0m rch/src/transfer.rs:2145 [2;3mon[0m ThreadId(1)

  [2m2026-06-15T06:08:02.957088Z[0m [32m INFO[0m [1;32mrch::hook[0m[32m: [32mArtifacts retrieved: 1 files, 1180 bytes in 477ms[0m
    [2;3mat[0m rch/src/hook.rs:6458 [2;3mon[0m ThreadId(1)

  [2m2026-06-15T06:08:02.957195Z[0m [32m INFO[0m [1;32mrch::transfer[0m[32m: [32mRetrieving artifacts from /data/projects/.scratch/frankentorch-0hss9-baseline-20260615T0554/.rch-target-ovh-a-job-29884606035532746-1781503507746278024-0 on ovh-a[0m
    [2;3mat[0m rch/src/transfer.rs:2106 [2;3mon[0m ThreadId(1)

  [2m2026-06-15T06:08:03.462661Z[0m [32m INFO[0m [1;32mrch::transfer[0m[32m: [32mArtifacts retrieved in 505ms (14 files, 725 bytes)[0m
    [2;3mat[0m rch/src/transfer.rs:2145 [2;3mon[0m ThreadId(1)

  [2m2026-06-15T06:08:03.462693Z[0m [32m INFO[0m [1;32mrch::hook[0m[32m: [32mCustom CARGO_TARGET_DIR artifacts retrieved: 14 files, 725 bytes in 505ms[0m
    [2;3mat[0m rch/src/hook.rs:6582 [2;3mon[0m ThreadId(1)

[RCH] remote ovh-a (183.9s)
