  [2m2026-06-15T05:39:29.664239Z[0m [32m INFO[0m [1;32mrch::hook[0m[32m: [32mSelected worker: vmi1227854 at root@109.123.245.77 (2 slots remaining after reservation, speed 50.0)[0m
    [2;3mat[0m rch/src/hook.rs:514 [2;3mon[0m ThreadId(1)

  [2m2026-06-15T05:39:29.979087Z[0m [32m INFO[0m [1;32mrch::hook[0m[32m: [32mStarting remote compilation pipeline for frankentorch-next-20260615T045108Z (hash: eccedb14f1dfd6c2)[0m
    [2;3mat[0m rch/src/hook.rs:5994 [2;3mon[0m ThreadId(1)

  [2m2026-06-15T05:39:29.979159Z[0m [32m INFO[0m [1;32mrch::hook[0m[32m: [32mPrepared dependency sync manifest for 13 roots[0m
    [2;3mat[0m rch/src/hook.rs:6016 [2;3mon[0m ThreadId(1)

  [2m2026-06-15T05:39:31.523031Z[0m [32m INFO[0m [1;32mrch::hook[0m[32m: [32mSyncing project to worker vmi1227854...[0m
    [2;3mat[0m rch/src/hook.rs:6046 [2;3mon[0m ThreadId(1)

  [2m2026-06-15T05:39:31.523111Z[0m [32m INFO[0m [1;32mrch::transfer[0m[32m: [32mSyncing /data/projects/.scratch/frankentorch-next-20260615T045108Z -> /data/projects/.scratch/frankentorch-next-20260615T045108Z on vmi1227854[0m
    [2;3mat[0m rch/src/transfer.rs:1434 [2;3mon[0m ThreadId(1)

  [2m2026-06-15T05:39:34.686910Z[0m [32m INFO[0m [1;32mrch::transfer[0m[32m: [32mSync completed in 3163ms[0m
    [2;3mat[0m rch/src/transfer.rs:1503 [2;3mon[0m ThreadId(1)

  [2m2026-06-15T05:39:34.687018Z[0m [32m INFO[0m [1;32mrch::transfer[0m[32m: [32mSyncing /data/projects/.scratch/frankentorch-next-20260615T045108Z/crates/ft-api -> /data/projects/.scratch/frankentorch-next-20260615T045108Z/crates/ft-api on vmi1227854[0m
    [2;3mat[0m rch/src/transfer.rs:1434 [2;3mon[0m ThreadId(1)

  [2m2026-06-15T05:39:36.623781Z[0m [32m INFO[0m [1;32mrch::transfer[0m[32m: [32mSync completed in 1936ms[0m
    [2;3mat[0m rch/src/transfer.rs:1503 [2;3mon[0m ThreadId(1)

  [2m2026-06-15T05:39:36.623866Z[0m [32m INFO[0m [1;32mrch::transfer[0m[32m: [32mSyncing /data/projects/.scratch/frankentorch-next-20260615T045108Z/crates/ft-autograd -> /data/projects/.scratch/frankentorch-next-20260615T045108Z/crates/ft-autograd on vmi1227854[0m
    [2;3mat[0m rch/src/transfer.rs:1434 [2;3mon[0m ThreadId(1)

  [2m2026-06-15T05:39:38.495131Z[0m [32m INFO[0m [1;32mrch::transfer[0m[32m: [32mSync completed in 1871ms[0m
    [2;3mat[0m rch/src/transfer.rs:1503 [2;3mon[0m ThreadId(1)

  [2m2026-06-15T05:39:38.495220Z[0m [32m INFO[0m [1;32mrch::transfer[0m[32m: [32mSyncing /data/projects/.scratch/frankentorch-next-20260615T045108Z/crates/ft-conformance -> /data/projects/.scratch/frankentorch-next-20260615T045108Z/crates/ft-conformance on vmi1227854[0m
    [2;3mat[0m rch/src/transfer.rs:1434 [2;3mon[0m ThreadId(1)

  [2m2026-06-15T05:39:40.318509Z[0m [32m INFO[0m [1;32mrch::transfer[0m[32m: [32mSync completed in 1823ms[0m
    [2;3mat[0m rch/src/transfer.rs:1503 [2;3mon[0m ThreadId(1)

  [2m2026-06-15T05:39:40.318611Z[0m [32m INFO[0m [1;32mrch::transfer[0m[32m: [32mSyncing /data/projects/.scratch/frankentorch-next-20260615T045108Z/crates/ft-core -> /data/projects/.scratch/frankentorch-next-20260615T045108Z/crates/ft-core on vmi1227854[0m
    [2;3mat[0m rch/src/transfer.rs:1434 [2;3mon[0m ThreadId(1)

  [2m2026-06-15T05:39:42.217172Z[0m [32m INFO[0m [1;32mrch::transfer[0m[32m: [32mSync completed in 1898ms[0m
    [2;3mat[0m rch/src/transfer.rs:1503 [2;3mon[0m ThreadId(1)

  [2m2026-06-15T05:39:42.217262Z[0m [32m INFO[0m [1;32mrch::transfer[0m[32m: [32mSyncing /data/projects/.scratch/frankentorch-next-20260615T045108Z/crates/ft-data -> /data/projects/.scratch/frankentorch-next-20260615T045108Z/crates/ft-data on vmi1227854[0m
    [2;3mat[0m rch/src/transfer.rs:1434 [2;3mon[0m ThreadId(1)

  [2m2026-06-15T05:39:44.032384Z[0m [32m INFO[0m [1;32mrch::transfer[0m[32m: [32mSync completed in 1815ms[0m
    [2;3mat[0m rch/src/transfer.rs:1503 [2;3mon[0m ThreadId(1)

  [2m2026-06-15T05:39:44.032476Z[0m [32m INFO[0m [1;32mrch::transfer[0m[32m: [32mSyncing /data/projects/.scratch/frankentorch-next-20260615T045108Z/crates/ft-device -> /data/projects/.scratch/frankentorch-next-20260615T045108Z/crates/ft-device on vmi1227854[0m
    [2;3mat[0m rch/src/transfer.rs:1434 [2;3mon[0m ThreadId(1)

  [2m2026-06-15T05:39:45.832666Z[0m [32m INFO[0m [1;32mrch::transfer[0m[32m: [32mSync completed in 1800ms[0m
    [2;3mat[0m rch/src/transfer.rs:1503 [2;3mon[0m ThreadId(1)

  [2m2026-06-15T05:39:45.832757Z[0m [32m INFO[0m [1;32mrch::transfer[0m[32m: [32mSyncing /data/projects/.scratch/frankentorch-next-20260615T045108Z/crates/ft-dispatch -> /data/projects/.scratch/frankentorch-next-20260615T045108Z/crates/ft-dispatch on vmi1227854[0m
    [2;3mat[0m rch/src/transfer.rs:1434 [2;3mon[0m ThreadId(1)

  [2m2026-06-15T05:39:47.730283Z[0m [32m INFO[0m [1;32mrch::transfer[0m[32m: [32mSync completed in 1897ms[0m
    [2;3mat[0m rch/src/transfer.rs:1503 [2;3mon[0m ThreadId(1)

  [2m2026-06-15T05:39:47.730372Z[0m [32m INFO[0m [1;32mrch::transfer[0m[32m: [32mSyncing /data/projects/.scratch/frankentorch-next-20260615T045108Z/crates/ft-kernel-cpu -> /data/projects/.scratch/frankentorch-next-20260615T045108Z/crates/ft-kernel-cpu on vmi1227854[0m
    [2;3mat[0m rch/src/transfer.rs:1434 [2;3mon[0m ThreadId(1)

  [2m2026-06-15T05:39:49.604621Z[0m [32m INFO[0m [1;32mrch::transfer[0m[32m: [32mSync completed in 1874ms[0m
    [2;3mat[0m rch/src/transfer.rs:1503 [2;3mon[0m ThreadId(1)

  [2m2026-06-15T05:39:49.604733Z[0m [32m INFO[0m [1;32mrch::transfer[0m[32m: [32mSyncing /data/projects/.scratch/frankentorch-next-20260615T045108Z/crates/ft-nn -> /data/projects/.scratch/frankentorch-next-20260615T045108Z/crates/ft-nn on vmi1227854[0m
    [2;3mat[0m rch/src/transfer.rs:1434 [2;3mon[0m ThreadId(1)

  [2m2026-06-15T05:39:51.491598Z[0m [32m INFO[0m [1;32mrch::transfer[0m[32m: [32mSync completed in 1886ms[0m
    [2;3mat[0m rch/src/transfer.rs:1503 [2;3mon[0m ThreadId(1)

  [2m2026-06-15T05:39:51.491674Z[0m [32m INFO[0m [1;32mrch::transfer[0m[32m: [32mSyncing /data/projects/.scratch/frankentorch-next-20260615T045108Z/crates/ft-optim -> /data/projects/.scratch/frankentorch-next-20260615T045108Z/crates/ft-optim on vmi1227854[0m
    [2;3mat[0m rch/src/transfer.rs:1434 [2;3mon[0m ThreadId(1)

  [2m2026-06-15T05:39:53.283492Z[0m [32m INFO[0m [1;32mrch::transfer[0m[32m: [32mSync completed in 1791ms[0m
    [2;3mat[0m rch/src/transfer.rs:1503 [2;3mon[0m ThreadId(1)

  [2m2026-06-15T05:39:53.283582Z[0m [32m INFO[0m [1;32mrch::transfer[0m[32m: [32mSyncing /data/projects/.scratch/frankentorch-next-20260615T045108Z/crates/ft-runtime -> /data/projects/.scratch/frankentorch-next-20260615T045108Z/crates/ft-runtime on vmi1227854[0m
    [2;3mat[0m rch/src/transfer.rs:1434 [2;3mon[0m ThreadId(1)

  [2m2026-06-15T05:39:55.064116Z[0m [32m INFO[0m [1;32mrch::transfer[0m[32m: [32mSync completed in 1780ms[0m
    [2;3mat[0m rch/src/transfer.rs:1503 [2;3mon[0m ThreadId(1)

  [2m2026-06-15T05:39:55.064202Z[0m [32m INFO[0m [1;32mrch::transfer[0m[32m: [32mSyncing /data/projects/.scratch/frankentorch-next-20260615T045108Z/crates/ft-serialize -> /data/projects/.scratch/frankentorch-next-20260615T045108Z/crates/ft-serialize on vmi1227854[0m
    [2;3mat[0m rch/src/transfer.rs:1434 [2;3mon[0m ThreadId(1)

  [2m2026-06-15T05:39:56.974223Z[0m [32m INFO[0m [1;32mrch::transfer[0m[32m: [32mSync completed in 1910ms[0m
    [2;3mat[0m rch/src/transfer.rs:1503 [2;3mon[0m ThreadId(1)

  [2m2026-06-15T05:39:56.974333Z[0m [32m INFO[0m [1;32mrch::hook[0m[32m: [32mSync complete: 2897 files, 5787101 bytes in 25444ms[0m
    [2;3mat[0m rch/src/hook.rs:6209 [2;3mon[0m ThreadId(1)

  [2m2026-06-15T05:40:02.594275Z[0m [32m INFO[0m [1;32mrch::hook[0m[32m: [32mExecuting command remotely: cargo bench -j 1 -p ft-autograd --bench backward_bench -- 'activation_backward/(gelu|silu|elu|erf|erfc|softplus)_chain_16x65536' --warm-up-time 1 --measurement-time 3 --sample-size 10 --noplot[0m
    [2;3mat[0m rch/src/hook.rs:6252 [2;3mon[0m ThreadId(1)

  [2m2026-06-15T05:40:02.594335Z[0m [32m INFO[0m [1;32mrch::transfer[0m[32m: [32mRewriting CARGO_TARGET_DIR for remote execution (worker-scoped path): /data/tmp/cargo-target -> /data/projects/.scratch/frankentorch-next-20260615T045108Z/.rch-target-vmi1227854-job-29884606035532645-1781501971523024262-0[0m
    [2;3mat[0m rch/src/transfer.rs:712 [2;3mon[0m ThreadId(1)

    Updating crates.io index
 Downloading crates ...
  Downloaded anes v0.1.6
  Downloaded cast v0.3.0
  Downloaded bit-set v0.8.0
  Downloaded clap_lex v1.1.0
  Downloaded clap v4.6.1
  Downloaded clap_builder v4.6.0
  Downloaded crossbeam-epoch v0.9.18
  Downloaded bit-vec v0.8.0
  Downloaded ciborium-ll v0.2.2
  Downloaded crossbeam-utils v0.8.21
  Downloaded ciborium v0.2.2
  Downloaded autocfg v1.5.0
  Downloaded anstyle v1.0.14
  Downloaded bytemuck_derive v1.10.2
  Downloaded bitflags v2.11.1
  Downloaded cfg-if v1.0.4
  Downloaded ciborium-io v0.2.2
  Downloaded aho-corasick v1.1.4
  Downloaded serde_json v1.0.149
  Downloaded num-traits v0.2.19
  Downloaded once_cell v1.21.4
  Downloaded bytemuck v1.25.0
  Downloaded matrixmultiply v0.3.10
  Downloaded quote v1.0.45
  Downloaded rawpointer v0.2.1
  Downloaded itoa v1.0.18
  Downloaded oorandom v11.1.5
  Downloaded rayon-core v1.13.0
  Downloaded fnv v1.0.7
  Downloaded is-terminal v0.4.17
  Downloaded quick-error v1.2.3
  Downloaded same-file v1.0.6
  Downloaded unicode-ident v1.0.24
  Downloaded errno v0.3.14
  Downloaded similar v2.7.0
  Downloaded plotters-backend v0.3.7
  Downloaded plotters-svg v0.3.7
  Downloaded serde_core v1.0.228
  Downloaded ppv-lite86 v0.2.21
  Downloaded unarray v0.1.4
  Downloaded num-complex v0.4.6
  Downloaded tinytemplate v1.2.1
  Downloaded crossbeam-deque v0.8.6
  Downloaded criterion-plot v0.5.0
  Downloaded rand_xorshift v0.4.0
  Downloaded rusty-fork v0.3.1
  Downloaded console v0.16.3
  Downloaded fastrand v2.4.1
  Downloaded regex v1.12.3
  Downloaded getrandom v0.3.4
  Downloaded half v2.7.1
  Downloaded wait-timeout v0.2.1
  Downloaded serde_derive v1.0.228
  Downloaded either v1.15.0
  Downloaded rand_core v0.9.5
  Downloaded walkdir v2.5.0
  Downloaded tempfile v3.27.0
  Downloaded rand_chacha v0.9.0
  Downloaded zmij v1.0.21
  Downloaded proc-macro2 v1.0.106
  Downloaded wide v0.7.33
  Downloaded safe_arch v0.7.4
  Downloaded rand v0.9.4
  Downloaded zerocopy-derive v0.8.48
  Downloaded itertools v0.10.5
  Downloaded insta v1.47.2
  Downloaded serde v1.0.228
  Downloaded criterion v0.5.1
  Downloaded memchr v2.8.0
  Downloaded plotters v0.3.7
  Downloaded libm v0.2.16
  Downloaded rayon v1.12.0
  Downloaded proptest v1.11.0
  Downloaded zerocopy v0.8.48
  Downloaded syn v2.0.117
  Downloaded regex-syntax v0.8.10
  Downloaded rustix v1.1.4
  Downloaded regex-automata v0.4.14
  Downloaded libc v0.2.185
  Downloaded linux-raw-sys v0.12.1
   Compiling proc-macro2 v1.0.106
   Compiling unicode-ident v1.0.24
   Compiling quote v1.0.45
   Compiling syn v2.0.117
   Compiling cfg-if v1.0.4
   Compiling libc v0.2.185
   Compiling autocfg v1.5.0
   Compiling zerocopy v0.8.48
   Compiling zerocopy-derive v0.8.48
   Compiling bytemuck_derive v1.10.2
   Compiling bytemuck v1.25.0
   Compiling num-traits v0.2.19
   Compiling getrandom v0.3.4
   Compiling crossbeam-utils v0.8.21
   Compiling crossbeam-epoch v0.9.18
   Compiling half v2.7.1
   Compiling serde_core v1.0.228
   Compiling rayon-core v1.13.0
   Compiling either v1.15.0
   Compiling crossbeam-deque v0.8.6
   Compiling rustix v1.1.4
   Compiling matrixmultiply v0.3.10
   Compiling linux-raw-sys v0.12.1
   Compiling bitflags v2.11.1
   Compiling once_cell v1.21.4
   Compiling serde v1.0.228
   Compiling libm v0.2.16
   Compiling zmij v1.0.21
   Compiling rayon v1.12.0
   Compiling rand_core v0.9.5
   Compiling num-complex v0.4.6
   Compiling safe_arch v0.7.4
   Compiling serde_derive v1.0.228
   Compiling rawpointer v0.2.1
   Compiling serde_json v1.0.149
   Compiling regex-syntax v0.8.10
   Compiling fastrand v2.4.1
   Compiling tempfile v3.27.0
   Compiling wide v0.7.33
   Compiling ft-core v0.1.0 (/data/projects/.scratch/frankentorch-next-20260615T045108Z/crates/ft-core)
   Compiling ciborium-io v0.2.2
   Compiling clap_lex v1.1.0
   Compiling memchr v2.8.0
   Compiling anstyle v1.0.14
   Compiling itoa v1.0.18
   Compiling plotters-backend v0.3.7
   Compiling plotters-svg v0.3.7
   Compiling clap_builder v4.6.0
   Compiling ciborium-ll v0.2.2
   Compiling ft-kernel-cpu v0.1.0 (/data/projects/.scratch/frankentorch-next-20260615T045108Z/crates/ft-kernel-cpu)
   Compiling regex-automata v0.4.14
   Compiling itertools v0.10.5
   Compiling ppv-lite86 v0.2.21
   Compiling wait-timeout v0.2.1
   Compiling bit-vec v0.8.0
   Compiling same-file v1.0.6
   Compiling cast v0.3.0
   Compiling fnv v1.0.7
   Compiling quick-error v1.2.3
   Compiling rusty-fork v0.3.1
   Compiling criterion-plot v0.5.0
   Compiling walkdir v2.5.0
   Compiling bit-set v0.8.0
   Compiling rand_chacha v0.9.0
   Compiling regex v1.12.3
   Compiling ft-dispatch v0.1.0 (/data/projects/.scratch/frankentorch-next-20260615T045108Z/crates/ft-dispatch)
   Compiling ciborium v0.2.2
   Compiling clap v4.6.1
   Compiling tinytemplate v1.2.1
   Compiling plotters v0.3.7
   Compiling rand v0.9.4
   Compiling rand_xorshift v0.4.0
   Compiling is-terminal v0.4.17
   Compiling console v0.16.3
   Compiling oorandom v11.1.5
   Compiling unarray v0.1.4
   Compiling anes v0.1.6
   Compiling similar v2.7.0
   Compiling insta v1.47.2
   Compiling criterion v0.5.1
   Compiling proptest v1.11.0
   Compiling ft-autograd v0.1.0 (/data/projects/.scratch/frankentorch-next-20260615T045108Z/crates/ft-autograd)
    Finished `bench` profile [optimized + debuginfo] target(s) in 3m 56s
     Running benches/backward_bench.rs (.rch-target-vmi1227854-job-29884606035532645-1781501971523024262-0/release/deps/backward_bench-7cfc73f77a6e4eda)
Gnuplot not found, using plotters backend
Benchmarking activation_backward/gelu_chain_16x65536
Benchmarking activation_backward/gelu_chain_16x65536: Warming up for 1.0000 s
Benchmarking activation_backward/gelu_chain_16x65536: Collecting 10 samples in estimated 4.3548 s (110 iterations)
Benchmarking activation_backward/gelu_chain_16x65536: Analyzing
activation_backward/gelu_chain_16x65536
                        time:   [26.601 ms 28.080 ms 30.779 ms]
Benchmarking activation_backward/silu_chain_16x65536
Benchmarking activation_backward/silu_chain_16x65536: Warming up for 1.0000 s
Benchmarking activation_backward/silu_chain_16x65536: Collecting 10 samples in estimated 3.7464 s (165 iterations)
Benchmarking activation_backward/silu_chain_16x65536: Analyzing
activation_backward/silu_chain_16x65536
                        time:   [15.935 ms 16.399 ms 17.201 ms]
Benchmarking activation_backward/elu_chain_16x65536
Benchmarking activation_backward/elu_chain_16x65536: Warming up for 1.0000 s
Benchmarking activation_backward/elu_chain_16x65536: Collecting 10 samples in estimated 3.3696 s (165 iterations)
Benchmarking activation_backward/elu_chain_16x65536: Analyzing
activation_backward/elu_chain_16x65536
                        time:   [14.055 ms 14.950 ms 16.306 ms]
Benchmarking activation_backward/erf_chain_16x65536
Benchmarking activation_backward/erf_chain_16x65536: Warming up for 1.0000 s
Benchmarking activation_backward/erf_chain_16x65536: Collecting 10 samples in estimated 3.1772 s (165 iterations)
Benchmarking activation_backward/erf_chain_16x65536: Analyzing
activation_backward/erf_chain_16x65536
                        time:   [15.546 ms 16.102 ms 17.078 ms]
Benchmarking activation_backward/erfc_chain_16x65536
Benchmarking activation_backward/erfc_chain_16x65536: Warming up for 1.0000 s
Benchmarking activation_backward/erfc_chain_16x65536: Collecting 10 samples in estimated 3.9565 s (165 iterations)
Benchmarking activation_backward/erfc_chain_16x65536: Analyzing
activation_backward/erfc_chain_16x65536
                        time:   [15.152 ms 15.738 ms 16.756 ms]
Benchmarking activation_backward/softplus_chain_16x65536
Benchmarking activation_backward/softplus_chain_16x65536: Warming up for 1.0000 s
Benchmarking activation_backward/softplus_chain_16x65536: Collecting 10 samples in estimated 3.8610 s (165 iterations)
Benchmarking activation_backward/softplus_chain_16x65536: Analyzing
activation_backward/softplus_chain_16x65536
                        time:   [14.784 ms 15.532 ms 16.889 ms]

  [2m2026-06-15T05:44:30.712841Z[0m [32m INFO[0m [1;32mrch::hook[0m[32m: [32mRemote command finished: exit=0 in 268118ms[0m
    [2;3mat[0m rch/src/hook.rs:6376 [2;3mon[0m ThreadId(1)

  [2m2026-06-15T05:44:30.713145Z[0m [32m INFO[0m [1;32mrch::hook[0m[32m: [32mRetrieving build artifacts...[0m
    [2;3mat[0m rch/src/hook.rs:6425 [2;3mon[0m ThreadId(1)

  [2m2026-06-15T05:44:30.713161Z[0m [32m INFO[0m [1;32mrch::transfer[0m[32m: [32mRetrieving artifacts from /data/projects/.scratch/frankentorch-next-20260615T045108Z on vmi1227854[0m
    [2;3mat[0m rch/src/transfer.rs:2106 [2;3mon[0m ThreadId(1)

  [2m2026-06-15T05:44:32.952064Z[0m [32m INFO[0m [1;32mrch::transfer[0m[32m: [32mArtifacts retrieved in 2238ms (1 files, 1180 bytes)[0m
    [2;3mat[0m rch/src/transfer.rs:2145 [2;3mon[0m ThreadId(1)

  [2m2026-06-15T05:44:32.952098Z[0m [32m INFO[0m [1;32mrch::hook[0m[32m: [32mArtifacts retrieved: 1 files, 1180 bytes in 2238ms[0m
    [2;3mat[0m rch/src/hook.rs:6458 [2;3mon[0m ThreadId(1)

  [2m2026-06-15T05:44:32.952204Z[0m [32m INFO[0m [1;32mrch::transfer[0m[32m: [32mRetrieving artifacts from /data/projects/.scratch/frankentorch-next-20260615T045108Z/.rch-target-vmi1227854-job-29884606035532645-1781501971523024262-0 on vmi1227854[0m
    [2;3mat[0m rch/src/transfer.rs:2106 [2;3mon[0m ThreadId(1)

  [2m2026-06-15T05:44:34.861588Z[0m [32m INFO[0m [1;32mrch::transfer[0m[32m: [32mArtifacts retrieved in 1909ms (69 files, 1830 bytes)[0m
    [2;3mat[0m rch/src/transfer.rs:2145 [2;3mon[0m ThreadId(1)

  [2m2026-06-15T05:44:34.861626Z[0m [32m INFO[0m [1;32mrch::hook[0m[32m: [32mCustom CARGO_TARGET_DIR artifacts retrieved: 69 files, 1830 bytes in 1909ms[0m
    [2;3mat[0m rch/src/hook.rs:6582 [2;3mon[0m ThreadId(1)

[RCH] remote vmi1227854 (305.2s)
