  [2m2026-06-15T06:13:13.819500Z[0m [32m INFO[0m [1;32mrch::hook[0m[32m: [32mSelected worker: ovh-a at ubuntu@51.222.245.56 (2 slots remaining after reservation, speed 50.0)[0m
    [2;3mat[0m rch/src/hook.rs:514 [2;3mon[0m ThreadId(1)

  [2m2026-06-15T06:13:14.087020Z[0m [32m INFO[0m [1;32mrch::hook[0m[32m: [32mStarting remote compilation pipeline for frankentorch-next-20260615T045108Z (hash: eccedb14f1dfd6c2)[0m
    [2;3mat[0m rch/src/hook.rs:5994 [2;3mon[0m ThreadId(1)

  [2m2026-06-15T06:13:14.087068Z[0m [32m INFO[0m [1;32mrch::hook[0m[32m: [32mPrepared dependency sync manifest for 13 roots[0m
    [2;3mat[0m rch/src/hook.rs:6016 [2;3mon[0m ThreadId(1)

  [2m2026-06-15T06:13:14.821146Z[0m [32m INFO[0m [1;32mrch::hook[0m[32m: [32mSyncing project to worker ovh-a...[0m
    [2;3mat[0m rch/src/hook.rs:6046 [2;3mon[0m ThreadId(1)

  [2m2026-06-15T06:13:14.821217Z[0m [32m INFO[0m [1;32mrch::transfer[0m[32m: [32mSyncing /data/projects/.scratch/frankentorch-next-20260615T045108Z -> /data/projects/.scratch/frankentorch-next-20260615T045108Z on ovh-a[0m
    [2;3mat[0m rch/src/transfer.rs:1434 [2;3mon[0m ThreadId(1)

  [2m2026-06-15T06:13:15.397482Z[0m [32m INFO[0m [1;32mrch::transfer[0m[32m: [32mSync completed in 576ms[0m
    [2;3mat[0m rch/src/transfer.rs:1503 [2;3mon[0m ThreadId(1)

  [2m2026-06-15T06:13:15.397565Z[0m [32m INFO[0m [1;32mrch::transfer[0m[32m: [32mSyncing /data/projects/.scratch/frankentorch-next-20260615T045108Z/crates/ft-api -> /data/projects/.scratch/frankentorch-next-20260615T045108Z/crates/ft-api on ovh-a[0m
    [2;3mat[0m rch/src/transfer.rs:1434 [2;3mon[0m ThreadId(1)

  [2m2026-06-15T06:13:15.869756Z[0m [32m INFO[0m [1;32mrch::transfer[0m[32m: [32mSync completed in 472ms[0m
    [2;3mat[0m rch/src/transfer.rs:1503 [2;3mon[0m ThreadId(1)

  [2m2026-06-15T06:13:15.869874Z[0m [32m INFO[0m [1;32mrch::transfer[0m[32m: [32mSyncing /data/projects/.scratch/frankentorch-next-20260615T045108Z/crates/ft-autograd -> /data/projects/.scratch/frankentorch-next-20260615T045108Z/crates/ft-autograd on ovh-a[0m
    [2;3mat[0m rch/src/transfer.rs:1434 [2;3mon[0m ThreadId(1)

  [2m2026-06-15T06:13:16.341515Z[0m [32m INFO[0m [1;32mrch::transfer[0m[32m: [32mSync completed in 471ms[0m
    [2;3mat[0m rch/src/transfer.rs:1503 [2;3mon[0m ThreadId(1)

  [2m2026-06-15T06:13:16.341598Z[0m [32m INFO[0m [1;32mrch::transfer[0m[32m: [32mSyncing /data/projects/.scratch/frankentorch-next-20260615T045108Z/crates/ft-conformance -> /data/projects/.scratch/frankentorch-next-20260615T045108Z/crates/ft-conformance on ovh-a[0m
    [2;3mat[0m rch/src/transfer.rs:1434 [2;3mon[0m ThreadId(1)

  [2m2026-06-15T06:13:16.804622Z[0m [32m INFO[0m [1;32mrch::transfer[0m[32m: [32mSync completed in 463ms[0m
    [2;3mat[0m rch/src/transfer.rs:1503 [2;3mon[0m ThreadId(1)

  [2m2026-06-15T06:13:16.804696Z[0m [32m INFO[0m [1;32mrch::transfer[0m[32m: [32mSyncing /data/projects/.scratch/frankentorch-next-20260615T045108Z/crates/ft-core -> /data/projects/.scratch/frankentorch-next-20260615T045108Z/crates/ft-core on ovh-a[0m
    [2;3mat[0m rch/src/transfer.rs:1434 [2;3mon[0m ThreadId(1)

  [2m2026-06-15T06:13:17.272789Z[0m [32m INFO[0m [1;32mrch::transfer[0m[32m: [32mSync completed in 468ms[0m
    [2;3mat[0m rch/src/transfer.rs:1503 [2;3mon[0m ThreadId(1)

  [2m2026-06-15T06:13:17.272876Z[0m [32m INFO[0m [1;32mrch::transfer[0m[32m: [32mSyncing /data/projects/.scratch/frankentorch-next-20260615T045108Z/crates/ft-data -> /data/projects/.scratch/frankentorch-next-20260615T045108Z/crates/ft-data on ovh-a[0m
    [2;3mat[0m rch/src/transfer.rs:1434 [2;3mon[0m ThreadId(1)

  [2m2026-06-15T06:13:17.744565Z[0m [32m INFO[0m [1;32mrch::transfer[0m[32m: [32mSync completed in 471ms[0m
    [2;3mat[0m rch/src/transfer.rs:1503 [2;3mon[0m ThreadId(1)

  [2m2026-06-15T06:13:17.744647Z[0m [32m INFO[0m [1;32mrch::transfer[0m[32m: [32mSyncing /data/projects/.scratch/frankentorch-next-20260615T045108Z/crates/ft-device -> /data/projects/.scratch/frankentorch-next-20260615T045108Z/crates/ft-device on ovh-a[0m
    [2;3mat[0m rch/src/transfer.rs:1434 [2;3mon[0m ThreadId(1)

  [2m2026-06-15T06:13:18.203892Z[0m [32m INFO[0m [1;32mrch::transfer[0m[32m: [32mSync completed in 459ms[0m
    [2;3mat[0m rch/src/transfer.rs:1503 [2;3mon[0m ThreadId(1)

  [2m2026-06-15T06:13:18.203991Z[0m [32m INFO[0m [1;32mrch::transfer[0m[32m: [32mSyncing /data/projects/.scratch/frankentorch-next-20260615T045108Z/crates/ft-dispatch -> /data/projects/.scratch/frankentorch-next-20260615T045108Z/crates/ft-dispatch on ovh-a[0m
    [2;3mat[0m rch/src/transfer.rs:1434 [2;3mon[0m ThreadId(1)

  [2m2026-06-15T06:13:18.677918Z[0m [32m INFO[0m [1;32mrch::transfer[0m[32m: [32mSync completed in 473ms[0m
    [2;3mat[0m rch/src/transfer.rs:1503 [2;3mon[0m ThreadId(1)

  [2m2026-06-15T06:13:18.678037Z[0m [32m INFO[0m [1;32mrch::transfer[0m[32m: [32mSyncing /data/projects/.scratch/frankentorch-next-20260615T045108Z/crates/ft-kernel-cpu -> /data/projects/.scratch/frankentorch-next-20260615T045108Z/crates/ft-kernel-cpu on ovh-a[0m
    [2;3mat[0m rch/src/transfer.rs:1434 [2;3mon[0m ThreadId(1)

  [2m2026-06-15T06:13:19.148903Z[0m [32m INFO[0m [1;32mrch::transfer[0m[32m: [32mSync completed in 470ms[0m
    [2;3mat[0m rch/src/transfer.rs:1503 [2;3mon[0m ThreadId(1)

  [2m2026-06-15T06:13:19.149021Z[0m [32m INFO[0m [1;32mrch::transfer[0m[32m: [32mSyncing /data/projects/.scratch/frankentorch-next-20260615T045108Z/crates/ft-nn -> /data/projects/.scratch/frankentorch-next-20260615T045108Z/crates/ft-nn on ovh-a[0m
    [2;3mat[0m rch/src/transfer.rs:1434 [2;3mon[0m ThreadId(1)

  [2m2026-06-15T06:13:19.633688Z[0m [32m INFO[0m [1;32mrch::transfer[0m[32m: [32mSync completed in 484ms[0m
    [2;3mat[0m rch/src/transfer.rs:1503 [2;3mon[0m ThreadId(1)

  [2m2026-06-15T06:13:19.633767Z[0m [32m INFO[0m [1;32mrch::transfer[0m[32m: [32mSyncing /data/projects/.scratch/frankentorch-next-20260615T045108Z/crates/ft-optim -> /data/projects/.scratch/frankentorch-next-20260615T045108Z/crates/ft-optim on ovh-a[0m
    [2;3mat[0m rch/src/transfer.rs:1434 [2;3mon[0m ThreadId(1)

  [2m2026-06-15T06:13:20.093511Z[0m [32m INFO[0m [1;32mrch::transfer[0m[32m: [32mSync completed in 459ms[0m
    [2;3mat[0m rch/src/transfer.rs:1503 [2;3mon[0m ThreadId(1)

  [2m2026-06-15T06:13:20.093589Z[0m [32m INFO[0m [1;32mrch::transfer[0m[32m: [32mSyncing /data/projects/.scratch/frankentorch-next-20260615T045108Z/crates/ft-runtime -> /data/projects/.scratch/frankentorch-next-20260615T045108Z/crates/ft-runtime on ovh-a[0m
    [2;3mat[0m rch/src/transfer.rs:1434 [2;3mon[0m ThreadId(1)

  [2m2026-06-15T06:13:20.570913Z[0m [32m INFO[0m [1;32mrch::transfer[0m[32m: [32mSync completed in 477ms[0m
    [2;3mat[0m rch/src/transfer.rs:1503 [2;3mon[0m ThreadId(1)

  [2m2026-06-15T06:13:20.571030Z[0m [32m INFO[0m [1;32mrch::transfer[0m[32m: [32mSyncing /data/projects/.scratch/frankentorch-next-20260615T045108Z/crates/ft-serialize -> /data/projects/.scratch/frankentorch-next-20260615T045108Z/crates/ft-serialize on ovh-a[0m
    [2;3mat[0m rch/src/transfer.rs:1434 [2;3mon[0m ThreadId(1)

  [2m2026-06-15T06:13:21.095113Z[0m [32m INFO[0m [1;32mrch::transfer[0m[32m: [32mSync completed in 524ms[0m
    [2;3mat[0m rch/src/transfer.rs:1503 [2;3mon[0m ThreadId(1)

  [2m2026-06-15T06:13:21.095173Z[0m [32m INFO[0m [1;32mrch::hook[0m[32m: [32mSync complete: 2908 files, 129969 bytes in 6267ms[0m
    [2;3mat[0m rch/src/hook.rs:6209 [2;3mon[0m ThreadId(1)

  [2m2026-06-15T06:13:23.112762Z[0m [32m INFO[0m [1;32mrch::hook[0m[32m: [32mExecuting command remotely: cargo check -j 1 -p ft-autograd --all-targets[0m
    [2;3mat[0m rch/src/hook.rs:6252 [2;3mon[0m ThreadId(1)

  [2m2026-06-15T06:13:23.112807Z[0m [32m INFO[0m [1;32mrch::transfer[0m[32m: [32mRewriting CARGO_TARGET_DIR for remote execution (worker-scoped path): /data/tmp/cargo-target -> /data/projects/.scratch/frankentorch-next-20260615T045108Z/.rch-target-ovh-a-job-29884606035532776-1781503994821138519-0[0m
    [2;3mat[0m rch/src/transfer.rs:712 [2;3mon[0m ThreadId(1)

    Updating crates.io index
 Downloading crates ...
  Downloaded bit-set v0.8.0
  Downloaded anstyle v1.0.14
  Downloaded anes v0.1.6
  Downloaded autocfg v1.5.0
  Downloaded aho-corasick v1.1.4
  Downloaded errno v0.3.14
  Downloaded criterion-plot v0.5.0
  Downloaded memchr v2.8.0
  Downloaded safe_arch v0.7.4
  Downloaded plotters-backend v0.3.7
  Downloaded quick-error v1.2.3
  Downloaded same-file v1.0.6
  Downloaded fastrand v2.4.1
  Downloaded num-complex v0.4.6
  Downloaded half v2.7.1
  Downloaded bytemuck_derive v1.10.2
  Downloaded rand_chacha v0.9.0
  Downloaded ciborium-ll v0.2.2
  Downloaded insta v1.47.2
  Downloaded itertools v0.10.5
  Downloaded rusty-fork v0.3.1
  Downloaded is-terminal v0.4.17
  Downloaded console v0.16.3
  Downloaded bit-vec v0.8.0
  Downloaded rand_core v0.9.5
  Downloaded either v1.15.0
  Downloaded cast v0.3.0
  Downloaded unarray v0.1.4
  Downloaded matrixmultiply v0.3.10
  Downloaded rawpointer v0.2.1
  Downloaded plotters-svg v0.3.7
  Downloaded itoa v1.0.18
  Downloaded walkdir v2.5.0
  Downloaded tinytemplate v1.2.1
  Downloaded fnv v1.0.7
  Downloaded ciborium-io v0.2.2
  Downloaded zmij v1.0.21
  Downloaded quote v1.0.45
  Downloaded rayon-core v1.13.0
  Downloaded crossbeam-utils v0.8.21
  Downloaded clap_lex v1.1.0
  Downloaded cfg-if v1.0.4
  Downloaded oorandom v11.1.5
  Downloaded wait-timeout v0.2.1
  Downloaded regex v1.12.3
  Downloaded clap v4.6.1
  Downloaded bitflags v2.11.1
  Downloaded crossbeam-deque v0.8.6
  Downloaded serde_core v1.0.228
  Downloaded num-traits v0.2.19
  Downloaded bytemuck v1.25.0
  Downloaded ppv-lite86 v0.2.21
  Downloaded proc-macro2 v1.0.106
  Downloaded rand_xorshift v0.4.0
  Downloaded ciborium v0.2.2
  Downloaded serde_derive v1.0.228
  Downloaded similar v2.7.0
  Downloaded crossbeam-epoch v0.9.18
  Downloaded unicode-ident v1.0.24
  Downloaded once_cell v1.21.4
  Downloaded tempfile v3.27.0
  Downloaded getrandom v0.3.4
  Downloaded serde v1.0.228
  Downloaded wide v0.7.33
  Downloaded rand v0.9.4
  Downloaded zerocopy-derive v0.8.48
  Downloaded proptest v1.11.0
  Downloaded libm v0.2.16
  Downloaded criterion v0.5.1
  Downloaded serde_json v1.0.149
  Downloaded plotters v0.3.7
  Downloaded clap_builder v4.6.0
  Downloaded rayon v1.12.0
  Downloaded syn v2.0.117
  Downloaded regex-syntax v0.8.10
  Downloaded zerocopy v0.8.48
  Downloaded rustix v1.1.4
  Downloaded regex-automata v0.4.14
  Downloaded libc v0.2.185
  Downloaded linux-raw-sys v0.12.1
   Compiling proc-macro2 v1.0.106
   Compiling unicode-ident v1.0.24
   Compiling quote v1.0.45
   Compiling syn v2.0.117
    Checking cfg-if v1.0.4
   Compiling libc v0.2.185
   Compiling autocfg v1.5.0
   Compiling zerocopy v0.8.48
   Compiling zerocopy-derive v0.8.48
   Compiling bytemuck_derive v1.10.2
    Checking bytemuck v1.25.0
   Compiling num-traits v0.2.19
   Compiling crossbeam-utils v0.8.21
   Compiling getrandom v0.3.4
    Checking crossbeam-epoch v0.9.18
    Checking half v2.7.1
    Checking either v1.15.0
   Compiling serde_core v1.0.228
   Compiling rayon-core v1.13.0
    Checking crossbeam-deque v0.8.6
   Compiling rustix v1.1.4
   Compiling matrixmultiply v0.3.10
   Compiling zmij v1.0.21
    Checking once_cell v1.21.4
    Checking bitflags v2.11.1
   Compiling libm v0.2.16
    Checking linux-raw-sys v0.12.1
   Compiling serde v1.0.228
    Checking rayon v1.12.0
    Checking rand_core v0.9.5
    Checking num-complex v0.4.6
    Checking safe_arch v0.7.4
   Compiling serde_derive v1.0.228
    Checking fastrand v2.4.1
    Checking regex-syntax v0.8.10
    Checking rawpointer v0.2.1
   Compiling serde_json v1.0.149
    Checking tempfile v3.27.0
    Checking wide v0.7.33
    Checking ft-core v0.1.0 (/data/projects/.scratch/frankentorch-next-20260615T045108Z/crates/ft-core)
    Checking anstyle v1.0.14
    Checking clap_lex v1.1.0
    Checking ciborium-io v0.2.2
    Checking memchr v2.8.0
    Checking itoa v1.0.18
    Checking plotters-backend v0.3.7
    Checking plotters-svg v0.3.7
    Checking ciborium-ll v0.2.2
    Checking clap_builder v4.6.0
    Checking ft-kernel-cpu v0.1.0 (/data/projects/.scratch/frankentorch-next-20260615T045108Z/crates/ft-kernel-cpu)
    Checking regex-automata v0.4.14
    Checking itertools v0.10.5
    Checking ppv-lite86 v0.2.21
    Checking wait-timeout v0.2.1
    Checking quick-error v1.2.3
    Checking bit-vec v0.8.0
    Checking fnv v1.0.7
    Checking same-file v1.0.6
    Checking cast v0.3.0
    Checking criterion-plot v0.5.0
    Checking walkdir v2.5.0
    Checking rusty-fork v0.3.1
    Checking bit-set v0.8.0
    Checking rand_chacha v0.9.0
    Checking regex v1.12.3
    Checking ft-dispatch v0.1.0 (/data/projects/.scratch/frankentorch-next-20260615T045108Z/crates/ft-dispatch)
    Checking clap v4.6.1
    Checking ciborium v0.2.2
    Checking tinytemplate v1.2.1
    Checking plotters v0.3.7
    Checking rand v0.9.4
    Checking rand_xorshift v0.4.0
    Checking is-terminal v0.4.17
    Checking console v0.16.3
    Checking unarray v0.1.4
    Checking anes v0.1.6
    Checking similar v2.7.0
    Checking oorandom v11.1.5
    Checking criterion v0.5.1
    Checking insta v1.47.2
    Checking proptest v1.11.0
    Checking ft-autograd v0.1.0 (/data/projects/.scratch/frankentorch-next-20260615T045108Z/crates/ft-autograd)
    Finished `dev` profile [unoptimized + debuginfo] target(s) in 37.59s
  [2m2026-06-15T06:14:01.439475Z[0m [32m INFO[0m [1;32mrch::hook[0m[32m: [32mRemote command finished: exit=0 in 38326ms[0m
    [2;3mat[0m rch/src/hook.rs:6376 [2;3mon[0m ThreadId(1)

  [2m2026-06-15T06:14:01.439765Z[0m [32m INFO[0m [1;32mrch::hook[0m[32m: [32mRetrieving build artifacts...[0m
    [2;3mat[0m rch/src/hook.rs:6425 [2;3mon[0m ThreadId(1)

  [2m2026-06-15T06:14:01.439784Z[0m [32m INFO[0m [1;32mrch::transfer[0m[32m: [32mRetrieving artifacts from /data/projects/.scratch/frankentorch-next-20260615T045108Z on ovh-a[0m
    [2;3mat[0m rch/src/transfer.rs:2106 [2;3mon[0m ThreadId(1)

  [2m2026-06-15T06:14:01.893693Z[0m [32m INFO[0m [1;32mrch::transfer[0m[32m: [32mArtifacts retrieved in 453ms (1 files, 1080 bytes)[0m
    [2;3mat[0m rch/src/transfer.rs:2145 [2;3mon[0m ThreadId(1)

  [2m2026-06-15T06:14:01.893728Z[0m [32m INFO[0m [1;32mrch::hook[0m[32m: [32mArtifacts retrieved: 1 files, 1080 bytes in 453ms[0m
    [2;3mat[0m rch/src/hook.rs:6458 [2;3mon[0m ThreadId(1)

  [2m2026-06-15T06:14:01.893834Z[0m [32m INFO[0m [1;32mrch::transfer[0m[32m: [32mRetrieving artifacts from /data/projects/.scratch/frankentorch-next-20260615T045108Z/.rch-target-ovh-a-job-29884606035532776-1781503994821138519-0 on ovh-a[0m
    [2;3mat[0m rch/src/transfer.rs:2106 [2;3mon[0m ThreadId(1)

  [2m2026-06-15T06:14:03.194604Z[0m [32m INFO[0m [1;32mrch::transfer[0m[32m: [32mArtifacts retrieved in 1300ms (917 files, 780502 bytes)[0m
    [2;3mat[0m rch/src/transfer.rs:2145 [2;3mon[0m ThreadId(1)

  [2m2026-06-15T06:14:03.194643Z[0m [32m INFO[0m [1;32mrch::hook[0m[32m: [32mCustom CARGO_TARGET_DIR artifacts retrieved: 917 files, 780502 bytes in 1300ms[0m
    [2;3mat[0m rch/src/hook.rs:6582 [2;3mon[0m ThreadId(1)

[RCH] remote ovh-a (49.4s)
