ℹ Preparing shadow workspace for 1 specified file(s)
ℹ Scanning shadow workspace at /data/tmp/tmp.OONfsQ7heF/files_scan

╔══════════════════════════════════════════════════════════════════════════════╗
║  ██╗   ██╗██╗  ████████╗██╗███╗   ███╗ █████╗ ████████╗███████╗              ║
║  ██║   ██║██║  ╚══██╔══╝██║████╗ ████║██╔══██╗╚══██╔══╝██╔════╝              ║
║  ██║   ██║██║     ██║   ██║██╔████╔██║███████║   ██║   █████╗                ║
║  ██║   ██║██║     ██║   ██║██║╚██╔╝██║██╔══██║   ██║   ██╔══╝                ║
║  ╚██████╔╝███████╗██║   ██║██║ ╚═╝ ██║██║  ██║   ██║   ███████╗              ║
║   ╚═════╝ ╚══════╝╚═╝   ╚═╝╚═╝     ╚═╝╚═╝  ╚═╝   ╚═╝   ╚══════╝              ║
║                                                                              ║
║  ██████╗ ██╗   ██╗ ██████╗         __       __                               ║
║  ██╔══██╗██║   ██║██╔════╝         \ `-'"-'` /                               ║
║  ██████╔╝██║   ██║██║  ███╗        / \_   _/ \                               ║
║  ██╔══██╗██║   ██║██║   ██║        |  d\_/b  |                               ║
║  ██████╔╝╚██████╔╝╚██████╔╝       .'\   V   /'.                              ║
║  ╚═════╝  ╚═════╝  ╚═════╝        /   '-...-'   \                            ║
║                                  | /         \ |                             ║
║                                  \/\         /\/                             ║
║                                  ==(||)---(||)==                             ║
║                                                                              ║
║  ███████╗  ██████╗   █████╗ ███╗   ██╗███╗   ██╗███████╗██████╗              ║
║  ██╔════╝  ██╔═══╝  ██╔══██╗████╗  ██║████╗  ██║██╔════╝██╔══██╗             ║
║  ███████╗  ██║      ███████║██╔██╗ ██║██╔██╗ ██║█████╗  ██████╔╝             ║
║  ╚════██║  ██║      ██╔══██║██║╚██╗██║██║╚██╗██║██╔══╝  ██╔══██╗             ║
║  ███████║  ██████╗  ██║  ██║██║ ╚████║██║ ╚████║███████╗██║  ██║             ║
║  ╚══════╝  ╚═════╝  ╚═╝╚═╝  ╚═══╝╚═╝  ╚═══╝╚══════╝╚═╝  ╚═╝                  ║
║                                                                              ║
║   JS / TS • PYTHON • C / C++ • RUST • GO • JAVA • RUBY                       ║
║   SWIFT • C# • ELIXIR                                                        ║
║                    UBS: ULTIMATE BUG SCANNER • SARIF FUSION ☄️               ║
║                                                                              ║
║                                                                              ║
║                     Night Owl QA                                             ║
║                     “We see bugs before you do.”                             ║
╚══════════════════════════════════════════════════════════════════════════════╝

UBS Meta-Runner v5.3.2  2026-06-15 02:15:12
Project: /data/projects/.scratch/frankentorch-next-20260615T045108Z
Format:  text
Detected: rust
Scanning rust...
Finished rust (72s)

──────── rust ────────

╔═══════════════════════════════════════════════════════════════════╗ 
║  ██╗   ██╗██╗  ████████╗██╗███╗   ███╗ █████╗ ████████╗███████╗   ║ 
║  ██║   ██║██║  ╚══██╔══╝██║████╗ ████║██╔══██╗╚══██╔══╝██╔════╝   ║ 
║  ██║   ██║██║     ██║   ██║██╔████╔██║███████║   ██║   █████╗     ║ 
║  ██║   ██║██║     ██║   ██║██║╚██╔╝██║██╔══██║   ██║   ██╔══╝     ║ 
║  ╚██████╔╝███████╗██║   ██║██║ ╚═╝ ██║██║  ██║   ██║   ███████╗   ║ 
║   ╚═════╝ ╚══════╝╚═╝   ╚═╝╚═╝     ╚═╝╚═╝  ╚═╝   ╚═╝   ╚══════╝   ║ 
║                                            /\                     ║ 
║  ██████╗ ██╗   ██╗ ██████╗                ( /   @ @    ()         ║ 
║  ██╔══██╗██║   ██║██╔════╝                 \  __| |__  /          ║ 
║  ██████╔╝██║   ██║██║  ███╗                 -/   "   \-           ║ 
║  ██╔══██╗██║   ██║██║   ██║                /-|       |-\          ║ 
║  ██████╔╝╚██████╔╝╚██████╔╝               / /-\     /-\ \         ║ 
║  ╚═════╝  ╚═════╝  ╚═════╝                 / /-`---'-\\ \          ║ 
║                                             /         \           ║ 
║                                                                   ║ 
║  ███████╗  ██████╗   █████╗ ███╗   ██╗███╗   ██╗███████╗██████╗   ║ 
║  ██╔════╝  ██╔═══╝  ██╔══██╗████╗  ██║████╗  ██║██╔════╝██╔══██╗  ║ 
║  ███████╗  ██║      ███████║██╔██╗ ██║██╔██╗ ██║█████╗  ██████╔╝  ║ 
║  ╚════██║  ██║      ██╔══██║██║╚██╗██║██║╚██╗██║██╔══╝  ██╔══██╗  ║ 
║  ███████║  ██████╗  ██║  ██║██║ ╚████║██║ ╚████║███████╗██║  ██║  ║ 
║  ╚══════╝  ╚═════╝  ╚═╝╚═╝  ╚═══╝╚═╝  ╚═══╝╚══════╝╚═╝  ╚═╝       ║ 
║                                                                   ║ 
║  Rust module • ownership sanity, unsafe & async spotlights        ║ 
║  UBS module: rust • cargo-aware targeting, low-noise caching      ║ 
║  ASCII homage: Ferris crab (ASCII Art Archive)                    ║ 
║  Run standalone: modules/ubs-rust.sh --help                       ║ 
║                                                                   ║ 
║  Night Owl QA                                                     ║ 
║  “We see bugs before you do.”                                     ║ 
╚═══════════════════════════════════════════════════════════════════╝ 
                                                                      

Project:  /data/projects/.scratch/frankentorch-next-20260615T045108Z
Started:  2026-06-15 02:15:12
Files:    1 source files (rs)

✓ ast-grep available (ast-grep) - full AST analysis enabled
✓ cargo detected
  ✓ clippy available
  ✓ rustfmt available
  ✓ cargo-audit available
  ✓ cargo-deny available
  ⚠ cargo-udeps not installed
  ⚠ cargo-outdated not installed

━━━━━━━━━━━━━━━━━━━━━━━━━━━━━━━━━━━━━━━━━━━━━━━━━━━━━━━━━━━━━━━━
1. OWNERSHIP & ERROR HANDLING MACROS
━━━━━━━━━━━━━━━━━━━━━━━━━━━━━━━━━━━━━━━━━━━━━━━━━━━━━━━━━━━━━━━━

▓▓▓ Detects: unwrap/expect, panic/unreachable/todo/unimplemented, dbg/println
Panic-prone and debug macros frequently leak into production and cause crashes

• unwrap()/expect() usage
  ⚠ Warning (3744 found)
    Potential panics via unwrap/expect
    Prefer `?` or match to propagate/handle errors
      /data/projects/.scratch/frankentorch-next-20260615T045108Z/crates/ft-autograd/src/lib.rs:22736 (https://github.com/Dicklesworthstone/frankentorch/blob/9124719c12397e4baa1a4778d1d0de88e4751e3d/crates/ft-autograd/src/lib.rs#L22736)
              let shape = tape.node(y).unwrap().tensor.meta().shape();
      /data/projects/.scratch/frankentorch-next-20260615T045108Z/crates/ft-autograd/src/lib.rs:22752 (https://github.com/Dicklesworthstone/frankentorch/blob/9124719c12397e4baa1a4778d1d0de88e4751e3d/crates/ft-autograd/src/lib.rs#L22752)
              let shape = tape.node(y).unwrap().tensor.meta().shape();
      /data/projects/.scratch/frankentorch-next-20260615T045108Z/crates/ft-autograd/src/lib.rs:22780 (https://github.com/Dicklesworthstone/frankentorch/blob/9124719c12397e4baa1a4778d1d0de88e4751e3d/crates/ft-autograd/src/lib.rs#L22780)
              let shape = tape.node(y).unwrap().tensor.meta().shape();
      /data/projects/.scratch/frankentorch-next-20260615T045108Z/crates/ft-autograd/src/lib.rs:22799 (https://github.com/Dicklesworthstone/frankentorch/blob/9124719c12397e4baa1a4778d1d0de88e4751e3d/crates/ft-autograd/src/lib.rs#L22799)
              let shape = tape.node(y).unwrap().tensor.meta().shape();
      /data/projects/.scratch/frankentorch-next-20260615T045108Z/crates/ft-autograd/src/lib.rs:22828 (https://github.com/Dicklesworthstone/frankentorch/blob/9124719c12397e4baa1a4778d1d0de88e4751e3d/crates/ft-autograd/src/lib.rs#L22828)
              let shape = tape.node(y).unwrap().tensor.meta().shape();

• panic!/unreachable!/todo!/unimplemented!
  🔥 CRITICAL (2 found)
    panic! macro(s) present
    Avoid panic! in library code
      /data/projects/.scratch/frankentorch-next-20260615T045108Z/crates/ft-autograd/src/lib.rs:27373 (https://github.com/Dicklesworthstone/frankentorch/blob/9124719c12397e4baa1a4778d1d0de88e4751e3d/crates/ft-autograd/src/lib.rs#L27373)
                  other => panic!("expected F16 storage, got {:?}", other.dtype()),
      /data/projects/.scratch/frankentorch-next-20260615T045108Z/crates/ft-autograd/src/lib.rs:27389 (https://github.com/Dicklesworthstone/frankentorch/blob/9124719c12397e4baa1a4778d1d0de88e4751e3d/crates/ft-autograd/src/lib.rs#L27389)
                  other => panic!("expected BF16 storage, got {:?}", other.dtype()),

• dbg!/println!/eprintln!

• Guard clauses that still unwrap later
  ✓ OK No guard/unwrap mismatches detected

━━━━━━━━━━━━━━━━━━━━━━━━━━━━━━━━━━━━━━━━━━━━━━━━━━━━━━━━━━━━━━━━
2. UNSAFE & MEMORY OPERATIONS
━━━━━━━━━━━━━━━━━━━━━━━━━━━━━━━━━━━━━━━━━━━━━━━━━━━━━━━━━━━━━━━━

▓▓▓ Detects: unsafe blocks, transmute/uninitialized/zeroed/forget, raw ffi hazards
These patterns may introduce UB, memory leaks, or hard-to-debug crashes

• unsafe { ... } blocks
  ✓ OK No unsafe blocks detected

• transmute, uninitialized, zeroed, assume_init, forget

• CStr::from_bytes_with_nul_unchecked

• get_unchecked / from_utf8_unchecked / from_raw_parts

• Unsafe Send/Sync impls

━━━━━━━━━━━━━━━━━━━━━━━━━━━━━━━━━━━━━━━━━━━━━━━━━━━━━━━━━━━━━━━━
3. CONCURRENCY & ASYNC PITFALLS
━━━━━━━━━━━━━━━━━━━━━━━━━━━━━━━━━━━━━━━━━━━━━━━━━━━━━━━━━━━━━━━━

▓▓▓ Detects: Arc<Mutex>, Rc<RefCell>, blocking ops in async, await-in-loop, spawn misuse
Concurrency misuse leads to deadlocks, head-of-line blocking, and performance issues

• Arc<Mutex<..>> / Rc<RefCell<..>> / RwLock

• Mutex::lock().unwrap()/expect()
  ⚠ Warning (10 found)
    Poisoned lock handling via unwrap/expect
      /data/projects/.scratch/frankentorch-next-20260615T045108Z/crates/ft-autograd/src/lib.rs:23678 (https://github.com/Dicklesworthstone/frankentorch/blob/9124719c12397e4baa1a4778d1d0de88e4751e3d/crates/ft-autograd/src/lib.rs#L23678)
                  order_first.lock().expect("order lock").push("first");
      /data/projects/.scratch/frankentorch-next-20260615T045108Z/crates/ft-autograd/src/lib.rs:23686 (https://github.com/Dicklesworthstone/frankentorch/blob/9124719c12397e4baa1a4778d1d0de88e4751e3d/crates/ft-autograd/src/lib.rs#L23686)
                  order_second.lock().expect("order lock").push("second");
      /data/projects/.scratch/frankentorch-next-20260615T045108Z/crates/ft-autograd/src/lib.rs:23696 (https://github.com/Dicklesworthstone/frankentorch/blob/9124719c12397e4baa1a4778d1d0de88e4751e3d/crates/ft-autograd/src/lib.rs#L23696)
              let order_values = order.lock().expect("order lock");
      /data/projects/.scratch/frankentorch-next-20260615T045108Z/crates/ft-autograd/src/lib.rs:24125 (https://github.com/Dicklesworthstone/frankentorch/blob/9124719c12397e4baa1a4778d1d0de88e4751e3d/crates/ft-autograd/src/lib.rs#L24125)
                          let mut lock = needs_grad_clone.lock().unwrap();
      /data/projects/.scratch/frankentorch-next-20260615T045108Z/crates/ft-autograd/src/lib.rs:24133 (https://github.com/Dicklesworthstone/frankentorch/blob/9124719c12397e4baa1a4778d1d0de88e4751e3d/crates/ft-autograd/src/lib.rs#L24133)
              let observed = needs_grad_observed.lock().unwrap();

• await inside loops (sequentialism)

• Blocking ops inside async (thread::sleep, std::fs)

• block_on within async context

• std::thread::spawn within async

• tokio::spawn usage (heuristic for detached tasks)

• Async error path coverage
  ✓ OK No tokio::spawn usage detected

━━━━━━━━━━━━━━━━━━━━━━━━━━━━━━━━━━━━━━━━━━━━━━━━━━━━━━━━━━━━━━━━
4. NUMERIC & FLOATING-POINT
━━━━━━━━━━━━━━━━━━━━━━━━━━━━━━━━━━━━━━━━━━━━━━━━━━━━━━━━━━━━━━━━

▓▓▓ Detects: float equality, division/modulo by variable, potential overflow hints
Numeric bugs cause subtle logic errors or panics in debug builds (overflow)

• Floating-point equality comparisons
  ℹ Info (26 found)
    Float equality/inequality check
    Consider epsilon comparisons
      /data/projects/.scratch/frankentorch-next-20260615T045108Z/crates/ft-autograd/src/lib.rs:3855 (https://github.com/Dicklesworthstone/frankentorch/blob/9124719c12397e4baa1a4778d1d0de88e4751e3d/crates/ft-autograd/src/lib.rs#L3855)
                          grads[input.0] += if exponent == 0.0 {
      /data/projects/.scratch/frankentorch-next-20260615T045108Z/crates/ft-autograd/src/lib.rs:11577 (https://github.com/Dicklesworthstone/frankentorch/blob/9124719c12397e4baa1a4778d1d0de88e4751e3d/crates/ft-autograd/src/lib.rs#L11577)
                                  if exponent == 0.0 {
      /data/projects/.scratch/frankentorch-next-20260615T045108Z/crates/ft-autograd/src/lib.rs:11973 (https://github.com/Dicklesworthstone/frankentorch/blob/9124719c12397e4baa1a4778d1d0de88e4751e3d/crates/ft-autograd/src/lib.rs#L11973)
                                      if v == 0.0 {

• Division/modulo by variable (verify non-zero)
  ℹ Info (318 found)
    Division by variables - guard zero divisors
  ℹ Info (2 found)
    Modulo by variables - guard zero divisors

━━━━━━━━━━━━━━━━━━━━━━━━━━━━━━━━━━━━━━━━━━━━━━━━━━━━━━━━━━━━━━━━
5. COLLECTIONS & ITERATORS
━━━━━━━━━━━━━━━━━━━━━━━━━━━━━━━━━━━━━━━━━━━━━━━━━━━━━━━━━━━━━━━━

▓▓▓ Detects: clone in loops, collect then iterate, nth(0), length checks
Iterator misuse often leads to unnecessary allocations or slow paths

• clone() occurrences & clone() in loops
  ℹ Info (303 found)
    clone() usages - audit for necessity
      /data/projects/.scratch/frankentorch-next-20260615T045108Z/crates/ft-autograd/src/lib.rs:1151 (https://github.com/Dicklesworthstone/frankentorch/blob/9124719c12397e4baa1a4778d1d0de88e4751e3d/crates/ft-autograd/src/lib.rs#L1151)
                  Self::Dense(v) => Ok(v.clone()),
      /data/projects/.scratch/frankentorch-next-20260615T045108Z/crates/ft-autograd/src/lib.rs:1205 (https://github.com/Dicklesworthstone/frankentorch/blob/9124719c12397e4baa1a4778d1d0de88e4751e3d/crates/ft-autograd/src/lib.rs#L1205)
                  return Some(GradientValue::Sparse(Box::new(sparse.clone())));
      /data/projects/.scratch/frankentorch-next-20260615T045108Z/crates/ft-autograd/src/lib.rs:1254 (https://github.com/Dicklesworthstone/frankentorch/blob/9124719c12397e4baa1a4778d1d0de88e4751e3d/crates/ft-autograd/src/lib.rs#L1254)
                  sparse_gradients: self.sparse_gradients.clone(),
  ⚠ Warning (82 found)
    clone() inside loops - potential perf hit
      /data/projects/.scratch/frankentorch-next-20260615T045108Z/crates/ft-autograd/src/lib.rs:8947 (https://github.com/Dicklesworthstone/frankentorch/blob/9124719c12397e4baa1a4778d1d0de88e4751e3d/crates/ft-autograd/src/lib.rs#L8947)
      let meta = node.tensor.meta().clone();
      /data/projects/.scratch/frankentorch-next-20260615T045108Z/crates/ft-autograd/src/lib.rs:8949 (https://github.com/Dicklesworthstone/frankentorch/blob/9124719c12397e4baa1a4778d1d0de88e4751e3d/crates/ft-autograd/src/lib.rs#L8949)
      dispatch_inputs.push((node.tensor.typed_storage().clone(), meta));
      /data/projects/.scratch/frankentorch-next-20260615T045108Z/crates/ft-autograd/src/lib.rs:9012 (https://github.com/Dicklesworthstone/frankentorch/blob/9124719c12397e4baa1a4778d1d0de88e4751e3d/crates/ft-autograd/src/lib.rs#L9012)
      let meta = node.tensor.meta().clone();

• collect::<Vec<_>>() then for
  ℹ Info (145 found)
    collect::<Vec<_>>() usage - consider streaming
      /data/projects/.scratch/frankentorch-next-20260615T045108Z/crates/ft-autograd/src/lib.rs:3238 (https://github.com/Dicklesworthstone/frankentorch/blob/9124719c12397e4baa1a4778d1d0de88e4751e3d/crates/ft-autograd/src/lib.rs#L3238)
              let mut grads = self
      /data/projects/.scratch/frankentorch-next-20260615T045108Z/crates/ft-autograd/src/lib.rs:3239 (https://github.com/Dicklesworthstone/frankentorch/blob/9124719c12397e4baa1a4778d1d0de88e4751e3d/crates/ft-autograd/src/lib.rs#L3239)
                  .nodes
      /data/projects/.scratch/frankentorch-next-20260615T045108Z/crates/ft-autograd/src/lib.rs:3240 (https://github.com/Dicklesworthstone/frankentorch/blob/9124719c12397e4baa1a4778d1d0de88e4751e3d/crates/ft-autograd/src/lib.rs#L3240)
                  .iter()

• nth(0) → next()

━━━━━━━━━━━━━━━━━━━━━━━━━━━━━━━━━━━━━━━━━━━━━━━━━━━━━━━━━━━━━━━━
6. STRING & ALLOCATION SMELLS
━━━━━━━━━━━━━━━━━━━━━━━━━━━━━━━━━━━━━━━━━━━━━━━━━━━━━━━━━━━━━━━━

▓▓▓ Detects: needless allocations, format!(literal), to_owned().to_string()
Unnecessary allocations and conversions reduce performance

• to_owned().to_string() chain

• format!("literal") with no placeholders

━━━━━━━━━━━━━━━━━━━━━━━━━━━━━━━━━━━━━━━━━━━━━━━━━━━━━━━━━━━━━━━━
7. FILESYSTEM & PROCESS
━━━━━━━━━━━━━━━━━━━━━━━━━━━━━━━━━━━━━━━━━━━━━━━━━━━━━━━━━━━━━━━━

▓▓▓ Detects: blocking std::fs in async, process::Command usage heuristics
I/O misuse or command construction from untrusted input can be risky

• std::fs usage (general inventory)

• std::process::Command usage

━━━━━━━━━━━━━━━━━━━━━━━━━━━━━━━━━━━━━━━━━━━━━━━━━━━━━━━━━━━━━━━━
8. SECURITY FINDINGS
━━━━━━━━━━━━━━━━━━━━━━━━━━━━━━━━━━━━━━━━━━━━━━━━━━━━━━━━━━━━━━━━

▓▓▓ Detects: TLS verification disabled, weak hash algos, security-sensitive non-crypto randomness, timing-unsafe secret comparisons, JWT verification bypasses, shell command injection, request-derived response headers/open redirects/host-header absolute URLs/outbound URLs/SQL/regex, unbounded request body reads, credentialed CORS, HTTP URLs, secrets
Security misconfigurations can lead to credential leaks, command injection, and MITM attacks

• Weak hash algorithms (MD5/SHA1)
  ✓ OK No MD5/SHA1 found

• TLS verification disabled

• Security-sensitive non-crypto randomness
  ✓ OK No security-sensitive non-crypto randomness detected

• Secret/token comparisons without timing-safe equality
  🔥 CRITICAL (36 found)
    Secret, signature, or token compared with ==/!=
    Use subtle::ConstantTimeEq, ring::constant_time::verify_slices_are_equal, crypto_memcmp, or a reviewed constant-time helper for bearer tokens, HMACs, CSRF values, reset secrets, API keys, and signatures
      /data/projects/.scratch/frankentorch-next-20260615T045108Z/crates/ft-autograd/src/lib.rs:8734 (https://github.com/Dicklesworthstone/frankentorch/blob/9124719c12397e4baa1a4778d1d0de88e4751e3d/crates/ft-autograd/src/lib.rs#L8734)
      if cond_meta.shape() != x_meta.shape() || y_meta.shape() != x_meta.shape() {
      /data/projects/.scratch/frankentorch-next-20260615T045108Z/crates/ft-autograd/src/lib.rs:9372 (https://github.com/Dicklesworthstone/frankentorch/blob/9124719c12397e4baa1a4778d1d0de88e4751e3d/crates/ft-autograd/src/lib.rs#L9372)
      if expected != shape[dim] {
      /data/projects/.scratch/frankentorch-next-20260615T045108Z/crates/ft-autograd/src/lib.rs:9483 (https://github.com/Dicklesworthstone/frankentorch/blob/9124719c12397e4baa1a4778d1d0de88e4751e3d/crates/ft-autograd/src/lib.rs#L9483)
      if total != shape[dim] {

• JWT decode, validation bypass, or missing claim binding
  ✓ OK No JWT decode/validation bypass patterns detected

• Shell command execution through -c/-lc
  ✓ OK No shell -c/-lc Command usage detected

• Command::new executable from untrusted-looking value

• Path join/push with untrusted-looking segment

• Archive entry paths joined into extraction destination

• Predictable temp-file writes

• Request-derived open redirects
  ✓ OK No request-derived open redirect sinks detected

• Host header used for absolute URL construction
  ✓ OK No Host-header-derived absolute URL construction detected

• Request-derived response headers
  ✓ OK No request-derived response header values detected

• Request-derived outbound HTTP URLs
  ✓ OK No request-derived outbound HTTP URL sinks detected

• Request-derived SQL construction
  ✓ OK No request-derived SQL construction sinks detected

• Request-controlled regex patterns
  ✓ OK No request-controlled regex compilation detected

• Unbounded request body reads
  ✓ OK No unbounded request body reads detected

• CORS credential policy
  ✓ OK No unsafe CORS credential policy detected

• Plain http:// URLs

• Hardcoded secrets/credentials
  ✓ OK No hardcoded secrets detected

━━━━━━━━━━━━━━━━━━━━━━━━━━━━━━━━━━━━━━━━━━━━━━━━━━━━━━━━━━━━━━━━
9. CODE QUALITY MARKERS
━━━━━━━━━━━━━━━━━━━━━━━━━━━━━━━━━━━━━━━━━━━━━━━━━━━━━━━━━━━━━━━━

▓▓▓ Detects: TODO, FIXME, HACK, NOTE
Technical debt markers indicate incomplete or problematic code
  ✓ OK No TODO/FIXME/HACK markers found

━━━━━━━━━━━━━━━━━━━━━━━━━━━━━━━━━━━━━━━━━━━━━━━━━━━━━━━━━━━━━━━━
10. MODULE & VISIBILITY ISSUES
━━━━━━━━━━━━━━━━━━━━━━━━━━━━━━━━━━━━━━━━━━━━━━━━━━━━━━━━━━━━━━━━

▓▓▓ Detects: pub use wildcards, glob imports, re-exports
Overly broad visibility complicates API stability and encapsulation

• Wildcard imports (use crate::* or ::*)
  ℹ Info (3 found)
    Wildcard imports found; prefer explicit names
      /data/projects/.scratch/frankentorch-next-20260615T045108Z/crates/ft-autograd/src/lib.rs:18225 (https://github.com/Dicklesworthstone/frankentorch/blob/9124719c12397e4baa1a4778d1d0de88e4751e3d/crates/ft-autograd/src/lib.rs#L18225)
                  use rayon::prelude::*;
      /data/projects/.scratch/frankentorch-next-20260615T045108Z/crates/ft-autograd/src/lib.rs:18807 (https://github.com/Dicklesworthstone/frankentorch/blob/9124719c12397e4baa1a4778d1d0de88e4751e3d/crates/ft-autograd/src/lib.rs#L18807)
                  use rayon::prelude::*;
      /data/projects/.scratch/frankentorch-next-20260615T045108Z/crates/ft-autograd/src/lib.rs:19033 (https://github.com/Dicklesworthstone/frankentorch/blob/9124719c12397e4baa1a4778d1d0de88e4751e3d/crates/ft-autograd/src/lib.rs#L19033)
          use proptest::prelude::*;

• pub use re-exports (inventory)

━━━━━━━━━━━━━━━━━━━━━━━━━━━━━━━━━━━━━━━━━━━━━━━━━━━━━━━━━━━━━━━━
11. TESTS & BENCHES HYGIENE
━━━━━━━━━━━━━━━━━━━━━━━━━━━━━━━━━━━━━━━━━━━━━━━━━━━━━━━━━━━━━━━━

▓▓▓ Detects: ignored tests, todo! in tests, println!/dbg! in tests
Ensure tests do not hide failures or produce noisy output

• #[ignore] tests

• todo!/unimplemented! in tests

━━━━━━━━━━━━━━━━━━━━━━━━━━━━━━━━━━━━━━━━━━━━━━━━━━━━━━━━━━━━━━━━
12. LINTS & STYLE (fmt/clippy)
━━━━━━━━━━━━━━━━━━━━━━━━━━━━━━━━━━━━━━━━━━━━━━━━━━━━━━━━━━━━━━━━

▓▓▓ Runs: cargo fmt -- --check, cargo clippy
Formatter and lints help maintain consistent style and catch many issues
  ✓ OK Formatting is clean
  ✓ OK No clippy warnings/errors

━━━━━━━━━━━━━━━━━━━━━━━━━━━━━━━━━━━━━━━━━━━━━━━━━━━━━━━━━━━━━━━━
13. BUILD HEALTH (check/test)
━━━━━━━━━━━━━━━━━━━━━━━━━━━━━━━━━━━━━━━━━━━━━━━━━━━━━━━━━━━━━━━━

▓▓▓ Runs: cargo check, cargo test --no-run
Ensures the project compiles and tests build
  ✓ OK cargo check clean
  ✓ OK Tests build clean

━━━━━━━━━━━━━━━━━━━━━━━━━━━━━━━━━━━━━━━━━━━━━━━━━━━━━━━━━━━━━━━━
14. DEPENDENCY HYGIENE
━━━━━━━━━━━━━━━━━━━━━━━━━━━━━━━━━━━━━━━━━━━━━━━━━━━━━━━━━━━━━━━━

▓▓▓ Runs: cargo audit, cargo deny check, cargo udeps, cargo outdated
Keeps dependencies safe, minimal, and up-to-date
  ✓ OK No known advisories (cargo-audit)
  ✓ OK cargo-deny clean
  ℹ Info (1 found)
    cargo-udeps not installed; skipping unused dep scan
  ℹ Info (1 found)
    cargo-outdated not installed; skipping update report

━━━━━━━━━━━━━━━━━━━━━━━━━━━━━━━━━━━━━━━━━━━━━━━━━━━━━━━━━━━━━━━━
15. API MISUSE (COMMON)
━━━━━━━━━━━━━━━━━━━━━━━━━━━━━━━━━━━━━━━━━━━━━━━━━━━━━━━━━━━━━━━━

▓▓▓ Detects: nth(0), DefaultHasher, expect_err/unwrap_err, Option::unwrap_or_default in hot paths
Common footguns and readability hazards

• std::collections::hash_map::DefaultHasher

• unwrap_err()/expect_err() usage inventory
  ℹ Info (39 found)
    unwrap_err/expect_err present - ensure test-only or justified

• Option::unwrap_or_default inventory

━━━━━━━━━━━━━━━━━━━━━━━━━━━━━━━━━━━━━━━━━━━━━━━━━━━━━━━━━━━━━━━━
16. DOMAIN-SPECIFIC HEURISTICS
━━━━━━━━━━━━━━━━━━━━━━━━━━━━━━━━━━━━━━━━━━━━━━━━━━━━━━━━━━━━━━━━

▓▓▓ Detects: reqwest builder, SQL string concatenation (heuristic), serde_json::from_str without context
Domain patterns that often hint at bugs

• reqwest::ClientBuilder inventory

• serde_json::from_str without error context (heuristic)

• SQL string concatenation (heuristic)

━━━━━━━━━━━━━━━━━━━━━━━━━━━━━━━━━━━━━━━━━━━━━━━━━━━━━━━━━━━━━━━━
17. AST-GREP RULE PACK FINDINGS
━━━━━━━━━━━━━━━━━━━━━━━━━━━━━━━━━━━━━━━━━━━━━━━━━━━━━━━━━━━━━━━━
  ℹ Info (0 found)
    AST rule pack staged
    Run with --format=sarif to emit SARIF from the rule pack

━━━━━━━━━━━━━━━━━━━━━━━━━━━━━━━━━━━━━━━━━━━━━━━━━━━━━━━━━━━━━━━━
18. META STATISTICS & INVENTORY
━━━━━━━━━━━━━━━━━━━━━━━━━━━━━━━━━━━━━━━━━━━━━━━━━━━━━━━━━━━━━━━━

▓▓▓ Detects: crate counts, bin/lib targets, feature flags (Cargo.toml heuristic)
High-level view of the project layout

• Cargo.toml features (heuristic count)
  ℹ Info (1 found)
    No Cargo.toml at project root (workspace? set PROJECT_DIR accordingly)

━━━━━━━━━━━━━━━━━━━━━━━━━━━━━━━━━━━━━━━━━━━━━━━━━━━━━━━━━━━━━━━━
19. RESOURCE LIFECYCLE CORRELATION
━━━━━━━━━━━━━━━━━━━━━━━━━━━━━━━━━━━━━━━━━━━━━━━━━━━━━━━━━━━━━━━━

▓▓▓ Detects: std::thread::spawn without join, tokio::spawn without await, TcpStream without shutdown
Rust relies on explicit joins/shutdowns even with RAII—leaks create zombie work

• Resource lifecycle correlation
  ✓ OK All tracked resource acquisitions have matching cleanups

━━━━━━━━━━━━━━━━━━━━━━━━━━━━━━━━━━━━━━━━━━━━━━━━━━━━━━━━━━━━━━━━
20. ASYNC LOCKING ACROSS AWAIT
━━━━━━━━━━━━━━━━━━━━━━━━━━━━━━━━━━━━━━━━━━━━━━━━━━━━━━━━━━━━━━━━

▓▓▓ Detects: locks acquired in async fns and potentially held across await
Holding locks across await can deadlock, starve tasks, and cause latency spikes; std::sync locks can block executor threads

• std::sync lock usage inside async fn (blocking risk)
  ✓ OK No obvious std::sync lock usage inside async fns

• Potential std::sync guard held across await (heuristic)

• Potential async lock guard held across await (tokio/async locks heuristic)

━━━━━━━━━━━━━━━━━━━━━━━━━━━━━━━━━━━━━━━━━━━━━━━━━━━━━━━━━━━━━━━━
21. PANIC SURFACES & UNWINDING
━━━━━━━━━━━━━━━━━━━━━━━━━━━━━━━━━━━━━━━━━━━━━━━━━━━━━━━━━━━━━━━━

▓▓▓ Detects: assert macros, direct indexing, unreachable_unchecked/unwrap_unchecked, panic/unwrap inside Drop
Panics in destructors or UB hints can crash/abort in subtle ways; these can slip past linting depending on cfg/features

• assert!/assert_eq!/assert_ne! inventory
  ⚠ Warning (898 found)
    assert! macros present (panic surface)
    If these are runtime invariants, consider explicit error handling; ensure not reachable by untrusted input

• unreachable_unchecked / unwrap_unchecked

• direct indexing / slicing panic surfaces
  ⚠ Warning (1148 found)
    Direct indexing/slicing may panic
    Use get()/get_mut(), checked ranges, or prior bounds checks when indexes can come from input
      /data/projects/.scratch/frankentorch-next-20260615T045108Z/crates/ft-autograd/src/lib.rs:1159 (https://github.com/Dicklesworthstone/frankentorch/blob/9124719c12397e4baa1a4778d1d0de88e4751e3d/crates/ft-autograd/src/lib.rs#L1159)
                                  result[i] = v;
      /data/projects/.scratch/frankentorch-next-20260615T045108Z/crates/ft-autograd/src/lib.rs:3210 (https://github.com/Dicklesworthstone/frankentorch/blob/9124719c12397e4baa1a4778d1d0de88e4751e3d/crates/ft-autograd/src/lib.rs#L3210)
              if !self.nodes[root.0].requires_grad {
      /data/projects/.scratch/frankentorch-next-20260615T045108Z/crates/ft-autograd/src/lib.rs:3242 (https://github.com/Dicklesworthstone/frankentorch/blob/9124719c12397e4baa1a4778d1d0de88e4751e3d/crates/ft-autograd/src/lib.rs#L3242)
                  .map(|(idx, _)| if reachable[idx] { 0.0 } else { f64::NAN })

• panic!/unwrap/expect inside Drop

━━━━━━━━━━━━━━━━━━━━━━━━━━━━━━━━━━━━━━━━━━━━━━━━━━━━━━━━━━━━━━━━
22. SUSPICIOUS CASTS & TRUNCATION
━━━━━━━━━━━━━━━━━━━━━━━━━━━━━━━━━━━━━━━━━━━━━━━━━━━━━━━━━━━━━━━━

▓▓▓ Detects: pervasive `as` casts, try_into().unwrap, numeric narrowing patterns
`as` casts can silently truncate or change sign; conversion panics may be missed in uncommon input paths

• `as` cast inventory
  ℹ Info (60 found)
    `as` casts present (possible truncation/sign bugs)
    Prefer TryFrom/TryInto for correctness or document invariants
      /data/projects/.scratch/frankentorch-next-20260615T045108Z/crates/ft-autograd/src/lib.rs:12957 (https://github.com/Dicklesworthstone/frankentorch/blob/9124719c12397e4baa1a4778d1d0de88e4751e3d/crates/ft-autograd/src/lib.rs#L12957)
                                  let selected_r = selected_f as usize;
      /data/projects/.scratch/frankentorch-next-20260615T045108Z/crates/ft-autograd/src/lib.rs:14222 (https://github.com/Dicklesworthstone/frankentorch/blob/9124719c12397e4baa1a4778d1d0de88e4751e3d/crates/ft-autograd/src/lib.rs#L14222)
                                  let selected_r = selected_f as usize;
      /data/projects/.scratch/frankentorch-next-20260615T045108Z/crates/ft-autograd/src/lib.rs:15658 (https://github.com/Dicklesworthstone/frankentorch/blob/9124719c12397e4baa1a4778d1d0de88e4751e3d/crates/ft-autograd/src/lib.rs#L15658)
                                      let selected = index[idx_pos] as usize;

• len()/count() narrowed via `as`

• try_into().unwrap()/expect() (panic on conversion failure)

━━━━━━━━━━━━━━━━━━━━━━━━━━━━━━━━━━━━━━━━━━━━━━━━━━━━━━━━━━━━━━━━
23. PARSING & VALIDATION ROBUSTNESS
━━━━━━━━━━━━━━━━━━━━━━━━━━━━━━━━━━━━━━━━━━━━━━━━━━━━━━━━━━━━━━━━

▓▓▓ Detects: parse/from_str/env-var unwraps, decode unwraps, missing error context
Parsing and decoding failures often happen in prod on edge inputs; unwrap/expect turns them into panics

• parse::<T>().unwrap()/expect()

• serde/toml deserialization unwrap()/expect()

• env::var(...).unwrap()/expect()

━━━━━━━━━━━━━━━━━━━━━━━━━━━━━━━━━━━━━━━━━━━━━━━━━━━━━━━━━━━━━━━━
24. PERF/DoS HOTSPOTS
━━━━━━━━━━━━━━━━━━━━━━━━━━━━━━━━━━━━━━━━━━━━━━━━━━━━━━━━━━━━━━━━

▓▓▓ Detects: regex compilation in loops, chars().nth(n), format!/allocations in loops
Some perf pitfalls become DoS risks on large inputs or hot paths; these often evade linting in non-bench builds

• Regex::new occurrences and in-loop compilation
  ✓ OK No regex::Regex::new detected

• chars().nth(n)/nth_back(n) (O(n))

• format!/to_string/allocations inside loops (heuristic)
  ⚠ Warning (4 found)
    String allocation inside loop
    Consider preallocating buffers, using write!, or restructuring to reduce allocations
      /data/projects/.scratch/frankentorch-next-20260615T045108Z/crates/ft-autograd/src/lib.rs:18875 (https://github.com/Dicklesworthstone/frankentorch/blob/9124719c12397e4baa1a4778d1d0de88e4751e3d/crates/ft-autograd/src/lib.rs#L18875)
      format!(
      /data/projects/.scratch/frankentorch-next-20260615T045108Z/crates/ft-autograd/src/lib.rs:18888 (https://github.com/Dicklesworthstone/frankentorch/blob/9124719c12397e4baa1a4778d1d0de88e4751e3d/crates/ft-autograd/src/lib.rs#L18888)
      format!(
      /data/projects/.scratch/frankentorch-next-20260615T045108Z/crates/ft-autograd/src/lib.rs:27023 (https://github.com/Dicklesworthstone/frankentorch/blob/9124719c12397e4baa1a4778d1d0de88e4751e3d/crates/ft-autograd/src/lib.rs#L27023)
      assert_node(tape, *c, &format!("chunk(a, 2, 0)[{i}]"));

═══════════════════════════════════════════════════════════════════════════
                    🎯 SCAN COMPLETE 🎯                                  
═══════════════════════════════════════════════════════════════════════════

Summary Statistics:
  Files scanned:    1
  Critical issues:  38
  Warning issues:   5886
  Info items:       899

Priority Actions:
  🔥 FIX CRITICAL ISSUES IMMEDIATELY
  These cause crashes, security vulnerabilities, or data corruption
  ⚠ Review and fix WARNING items
  These cause bugs, performance issues, or maintenance problems
  ℹ Consider INFO suggestions
  Code quality improvements and best practices

Scan completed at: 2026-06-15 02:16:24

Tip: Run with -v/--verbose for more code samples per finding.
Add to CI: ./ubs --ci --fail-on-warning . > rust-bug-scan.txt


──────── Combined Summary ────────
Files: 1
Critical: 38
Warning: 5886
Info: 899
