  [2m2026-06-11T15:30:47.134914Z[0m [34mDEBUG[0m [1;34mrch::verbose[0m[34m: [34mverbose output enabled, [1;34mmode[0m[34m: Plain, [1;34mformat[0m[34m: json[0m
    [2;3mat[0m rch/src/main.rs:1722 [2;3mon[0m ThreadId(1)

  [2m2026-06-11T15:30:47.135074Z[0m [34mDEBUG[0m [1;34mrch::hook::config_cache[0m[34m: [34mconfig.cache.hit, [1;34mpath[0m[34m: /home/ubuntu/.cache/rch/config.cache.json, [1;34mbytes[0m[34m: 2928[0m
    [2;3mat[0m rch/src/config.rs:196 [2;3mon[0m ThreadId(1)

  [2m2026-06-11T15:30:47.135130Z[0m [34mDEBUG[0m [1;34mrch::hook[0m[34m: [34m[RCH] project identity normalization: received_input=/data/projects/frankentorch[0m
    [2;3mat[0m rch/src/hook.rs:2875 [2;3mon[0m ThreadId(1)

  [2m2026-06-11T15:30:47.135137Z[0m [34mDEBUG[0m [1;34mrch::hook[0m[34m: [34m[RCH] project identity normalization: verified_absolute_input=/data/projects/frankentorch[0m
    [2;3mat[0m rch/src/hook.rs:2875 [2;3mon[0m ThreadId(1)

  [2m2026-06-11T15:30:47.135142Z[0m [34mDEBUG[0m [1;34mrch::hook[0m[34m: [34m[RCH] project identity normalization: canonical_root_resolved=/data/projects[0m
    [2;3mat[0m rch/src/hook.rs:2875 [2;3mon[0m ThreadId(1)

  [2m2026-06-11T15:30:47.135147Z[0m [34mDEBUG[0m [1;34mrch::hook[0m[34m: [34m[RCH] project identity normalization: canonical_input_resolved=/data/projects/frankentorch[0m
    [2;3mat[0m rch/src/hook.rs:2875 [2;3mon[0m ThreadId(1)

  [2m2026-06-11T15:30:47.135152Z[0m [34mDEBUG[0m [1;34mrch::hook[0m[34m: [34m[RCH] project identity normalization: verified_within_root=/data/projects/frankentorch root=/data/projects[0m
    [2;3mat[0m rch/src/hook.rs:2875 [2;3mon[0m ThreadId(1)

  [2m2026-06-11T15:30:47.135683Z[0m [32m INFO[0m [1;32mrch::hook[0m[32m: [32mSelected worker: vmi1227854 at root@109.123.245.77 (2 slots remaining after reservation, speed 50.0)[0m
    [2;3mat[0m rch/src/hook.rs:514 [2;3mon[0m ThreadId(1)

  [2m2026-06-11T15:30:47.450223Z[0m [32m INFO[0m [1;32mrch::hook[0m[32m: [32mStarting remote compilation pipeline for frankentorch (hash: 3d6dc0f5ca5d2899)[0m
    [2;3mat[0m rch/src/hook.rs:5994 [2;3mon[0m ThreadId(1)

  [2m2026-06-11T15:30:47.450291Z[0m [32m INFO[0m [1;32mrch::hook[0m[32m: [32mPrepared dependency sync manifest for 13 roots[0m
    [2;3mat[0m rch/src/hook.rs:6016 [2;3mon[0m ThreadId(1)

  [2m2026-06-11T15:30:49.244958Z[0m [32m INFO[0m [1;32mrch::hook[0m[32m: [32mSyncing project to worker vmi1227854...[0m
    [2;3mat[0m rch/src/hook.rs:6046 [2;3mon[0m ThreadId(1)

  [2m2026-06-11T15:30:49.245011Z[0m [34mDEBUG[0m [1;34mrch::transfer[0m[34m: [34mRewriting legacy broad exclude pattern '.core.*' to '.core.[0-9]*'[0m
    [2;3mat[0m rch/src/transfer.rs:769 [2;3mon[0m ThreadId(1)

  [2m2026-06-11T15:30:49.245018Z[0m [34mDEBUG[0m [1;34mrch::transfer[0m[34m: [34mRewriting legacy broad exclude pattern '.git/objects/' to '.git/'[0m
    [2;3mat[0m rch/src/transfer.rs:769 [2;3mon[0m ThreadId(1)

  [2m2026-06-11T15:30:49.245025Z[0m [34mDEBUG[0m [1;34mrch::transfer[0m[34m: [34mRewriting legacy broad exclude pattern 'core.*' to 'core.[0-9]*'[0m
    [2;3mat[0m rch/src/transfer.rs:769 [2;3mon[0m ThreadId(1)

  [2m2026-06-11T15:30:49.245044Z[0m [32m INFO[0m [1;32mrch::transfer[0m[32m: [32mSyncing /data/projects/frankentorch -> /data/projects/frankentorch on vmi1227854[0m
    [2;3mat[0m rch/src/transfer.rs:1434 [2;3mon[0m ThreadId(1)

  [2m2026-06-11T15:30:49.245050Z[0m [34mDEBUG[0m [1;34mrch::transfer[0m[34m: [34mEffective exclude patterns: ["*.rlib", "*.rmeta", ".beads/", ".bun/", ".rch-target-*/", ".rch-target*/", ".cargo-target-*/", ".cargo-target-rusticmill/", ".cargo-target/", ".core.[0-9]*", ".git/", ".next/", ".npm/", ".nuxt/", ".nyc_output/", ".parcel-cache/", ".pnpm-store/", ".turbo/", "build/", "core.[0-9]*", "coverage/", "dist/", "legacy_python_mcp_agent_mail_code/mcp_agent_mail/.venv/", "node_modules/", "perf.data", "perf.data.old", "perf_hsmm.data", "perf_hsmm.data.old", "process_triage/", "sample_sqlite_db_files/", "target-*/", "target/", "target_*/", "tests/artifacts/", "baselines/hyperfine/", ".rch-target/", ".rch-tmp/", ".franken_whisper/tools/ffmpeg/"][0m
    [2;3mat[0m rch/src/transfer.rs:1441 [2;3mon[0m ThreadId(1)

  [2m2026-06-11T15:30:56.799451Z[0m [32m INFO[0m [1;32mrch::transfer[0m[32m: [32mSync completed in 7554ms[0m
    [2;3mat[0m rch/src/transfer.rs:1503 [2;3mon[0m ThreadId(1)

  [2m2026-06-11T15:30:56.799538Z[0m [34mDEBUG[0m [1;34mrch::transfer[0m[34m: [34mRewriting legacy broad exclude pattern '.core.*' to '.core.[0-9]*'[0m
    [2;3mat[0m rch/src/transfer.rs:769 [2;3mon[0m ThreadId(1)

  [2m2026-06-11T15:30:56.799548Z[0m [34mDEBUG[0m [1;34mrch::transfer[0m[34m: [34mRewriting legacy broad exclude pattern '.git/objects/' to '.git/'[0m
    [2;3mat[0m rch/src/transfer.rs:769 [2;3mon[0m ThreadId(1)

  [2m2026-06-11T15:30:56.799557Z[0m [34mDEBUG[0m [1;34mrch::transfer[0m[34m: [34mRewriting legacy broad exclude pattern 'core.*' to 'core.[0-9]*'[0m
    [2;3mat[0m rch/src/transfer.rs:769 [2;3mon[0m ThreadId(1)

  [2m2026-06-11T15:30:56.799583Z[0m [32m INFO[0m [1;32mrch::transfer[0m[32m: [32mSyncing /data/projects/frankentorch/crates/ft-api -> /data/projects/frankentorch/crates/ft-api on vmi1227854[0m
    [2;3mat[0m rch/src/transfer.rs:1434 [2;3mon[0m ThreadId(1)

  [2m2026-06-11T15:30:56.799591Z[0m [34mDEBUG[0m [1;34mrch::transfer[0m[34m: [34mEffective exclude patterns: ["*.rlib", "*.rmeta", ".beads/", ".bun/", ".rch-target-*/", ".rch-target*/", ".cargo-target-*/", ".cargo-target-rusticmill/", ".cargo-target/", ".core.[0-9]*", ".git/", ".next/", ".npm/", ".nuxt/", ".nyc_output/", ".parcel-cache/", ".pnpm-store/", ".turbo/", "build/", "core.[0-9]*", "coverage/", "dist/", "legacy_python_mcp_agent_mail_code/mcp_agent_mail/.venv/", "node_modules/", "perf.data", "perf.data.old", "perf_hsmm.data", "perf_hsmm.data.old", "process_triage/", "sample_sqlite_db_files/", "target-*/", "target/", "target_*/", "tests/artifacts/", "baselines/hyperfine/", ".rch-target/", ".rch-tmp/", ".franken_whisper/tools/ffmpeg/"][0m
    [2;3mat[0m rch/src/transfer.rs:1441 [2;3mon[0m ThreadId(1)

  [2m2026-06-11T15:30:58.747715Z[0m [32m INFO[0m [1;32mrch::transfer[0m[32m: [32mSync completed in 1948ms[0m
    [2;3mat[0m rch/src/transfer.rs:1503 [2;3mon[0m ThreadId(1)

  [2m2026-06-11T15:30:58.747796Z[0m [34mDEBUG[0m [1;34mrch::transfer[0m[34m: [34mRewriting legacy broad exclude pattern '.core.*' to '.core.[0-9]*'[0m
    [2;3mat[0m rch/src/transfer.rs:769 [2;3mon[0m ThreadId(1)

  [2m2026-06-11T15:30:58.747806Z[0m [34mDEBUG[0m [1;34mrch::transfer[0m[34m: [34mRewriting legacy broad exclude pattern '.git/objects/' to '.git/'[0m
    [2;3mat[0m rch/src/transfer.rs:769 [2;3mon[0m ThreadId(1)

  [2m2026-06-11T15:30:58.747813Z[0m [34mDEBUG[0m [1;34mrch::transfer[0m[34m: [34mRewriting legacy broad exclude pattern 'core.*' to 'core.[0-9]*'[0m
    [2;3mat[0m rch/src/transfer.rs:769 [2;3mon[0m ThreadId(1)

  [2m2026-06-11T15:30:58.747835Z[0m [32m INFO[0m [1;32mrch::transfer[0m[32m: [32mSyncing /data/projects/frankentorch/crates/ft-autograd -> /data/projects/frankentorch/crates/ft-autograd on vmi1227854[0m
    [2;3mat[0m rch/src/transfer.rs:1434 [2;3mon[0m ThreadId(1)

  [2m2026-06-11T15:30:58.747841Z[0m [34mDEBUG[0m [1;34mrch::transfer[0m[34m: [34mEffective exclude patterns: ["*.rlib", "*.rmeta", ".beads/", ".bun/", ".rch-target-*/", ".rch-target*/", ".cargo-target-*/", ".cargo-target-rusticmill/", ".cargo-target/", ".core.[0-9]*", ".git/", ".next/", ".npm/", ".nuxt/", ".nyc_output/", ".parcel-cache/", ".pnpm-store/", ".turbo/", "build/", "core.[0-9]*", "coverage/", "dist/", "legacy_python_mcp_agent_mail_code/mcp_agent_mail/.venv/", "node_modules/", "perf.data", "perf.data.old", "perf_hsmm.data", "perf_hsmm.data.old", "process_triage/", "sample_sqlite_db_files/", "target-*/", "target/", "target_*/", "tests/artifacts/", "baselines/hyperfine/", ".rch-target/", ".rch-tmp/", ".franken_whisper/tools/ffmpeg/"][0m
    [2;3mat[0m rch/src/transfer.rs:1441 [2;3mon[0m ThreadId(1)

  [2m2026-06-11T15:31:00.608451Z[0m [32m INFO[0m [1;32mrch::transfer[0m[32m: [32mSync completed in 1860ms[0m
    [2;3mat[0m rch/src/transfer.rs:1503 [2;3mon[0m ThreadId(1)

  [2m2026-06-11T15:31:00.608518Z[0m [34mDEBUG[0m [1;34mrch::transfer[0m[34m: [34mRewriting legacy broad exclude pattern '.core.*' to '.core.[0-9]*'[0m
    [2;3mat[0m rch/src/transfer.rs:769 [2;3mon[0m ThreadId(1)

  [2m2026-06-11T15:31:00.608526Z[0m [34mDEBUG[0m [1;34mrch::transfer[0m[34m: [34mRewriting legacy broad exclude pattern '.git/objects/' to '.git/'[0m
    [2;3mat[0m rch/src/transfer.rs:769 [2;3mon[0m ThreadId(1)

  [2m2026-06-11T15:31:00.608533Z[0m [34mDEBUG[0m [1;34mrch::transfer[0m[34m: [34mRewriting legacy broad exclude pattern 'core.*' to 'core.[0-9]*'[0m
    [2;3mat[0m rch/src/transfer.rs:769 [2;3mon[0m ThreadId(1)

  [2m2026-06-11T15:31:00.608556Z[0m [32m INFO[0m [1;32mrch::transfer[0m[32m: [32mSyncing /data/projects/frankentorch/crates/ft-conformance -> /data/projects/frankentorch/crates/ft-conformance on vmi1227854[0m
    [2;3mat[0m rch/src/transfer.rs:1434 [2;3mon[0m ThreadId(1)

  [2m2026-06-11T15:31:00.608563Z[0m [34mDEBUG[0m [1;34mrch::transfer[0m[34m: [34mEffective exclude patterns: ["*.rlib", "*.rmeta", ".beads/", ".bun/", ".rch-target-*/", ".rch-target*/", ".cargo-target-*/", ".cargo-target-rusticmill/", ".cargo-target/", ".core.[0-9]*", ".git/", ".next/", ".npm/", ".nuxt/", ".nyc_output/", ".parcel-cache/", ".pnpm-store/", ".turbo/", "build/", "core.[0-9]*", "coverage/", "dist/", "legacy_python_mcp_agent_mail_code/mcp_agent_mail/.venv/", "node_modules/", "perf.data", "perf.data.old", "perf_hsmm.data", "perf_hsmm.data.old", "process_triage/", "sample_sqlite_db_files/", "target-*/", "target/", "target_*/", "tests/artifacts/", "baselines/hyperfine/", ".rch-target/", ".rch-tmp/", ".franken_whisper/tools/ffmpeg/"][0m
    [2;3mat[0m rch/src/transfer.rs:1441 [2;3mon[0m ThreadId(1)

  [2m2026-06-11T15:31:02.558287Z[0m [32m INFO[0m [1;32mrch::transfer[0m[32m: [32mSync completed in 1949ms[0m
    [2;3mat[0m rch/src/transfer.rs:1503 [2;3mon[0m ThreadId(1)

  [2m2026-06-11T15:31:02.558374Z[0m [34mDEBUG[0m [1;34mrch::transfer[0m[34m: [34mRewriting legacy broad exclude pattern '.core.*' to '.core.[0-9]*'[0m
    [2;3mat[0m rch/src/transfer.rs:769 [2;3mon[0m ThreadId(1)

  [2m2026-06-11T15:31:02.558383Z[0m [34mDEBUG[0m [1;34mrch::transfer[0m[34m: [34mRewriting legacy broad exclude pattern '.git/objects/' to '.git/'[0m
    [2;3mat[0m rch/src/transfer.rs:769 [2;3mon[0m ThreadId(1)

  [2m2026-06-11T15:31:02.558392Z[0m [34mDEBUG[0m [1;34mrch::transfer[0m[34m: [34mRewriting legacy broad exclude pattern 'core.*' to 'core.[0-9]*'[0m
    [2;3mat[0m rch/src/transfer.rs:769 [2;3mon[0m ThreadId(1)

  [2m2026-06-11T15:31:02.558423Z[0m [32m INFO[0m [1;32mrch::transfer[0m[32m: [32mSyncing /data/projects/frankentorch/crates/ft-core -> /data/projects/frankentorch/crates/ft-core on vmi1227854[0m
    [2;3mat[0m rch/src/transfer.rs:1434 [2;3mon[0m ThreadId(1)

  [2m2026-06-11T15:31:02.558431Z[0m [34mDEBUG[0m [1;34mrch::transfer[0m[34m: [34mEffective exclude patterns: ["*.rlib", "*.rmeta", ".beads/", ".bun/", ".rch-target-*/", ".rch-target*/", ".cargo-target-*/", ".cargo-target-rusticmill/", ".cargo-target/", ".core.[0-9]*", ".git/", ".next/", ".npm/", ".nuxt/", ".nyc_output/", ".parcel-cache/", ".pnpm-store/", ".turbo/", "build/", "core.[0-9]*", "coverage/", "dist/", "legacy_python_mcp_agent_mail_code/mcp_agent_mail/.venv/", "node_modules/", "perf.data", "perf.data.old", "perf_hsmm.data", "perf_hsmm.data.old", "process_triage/", "sample_sqlite_db_files/", "target-*/", "target/", "target_*/", "tests/artifacts/", "baselines/hyperfine/", ".rch-target/", ".rch-tmp/", ".franken_whisper/tools/ffmpeg/"][0m
    [2;3mat[0m rch/src/transfer.rs:1441 [2;3mon[0m ThreadId(1)

  [2m2026-06-11T15:31:04.421613Z[0m [32m INFO[0m [1;32mrch::transfer[0m[32m: [32mSync completed in 1863ms[0m
    [2;3mat[0m rch/src/transfer.rs:1503 [2;3mon[0m ThreadId(1)

  [2m2026-06-11T15:31:04.421692Z[0m [34mDEBUG[0m [1;34mrch::transfer[0m[34m: [34mRewriting legacy broad exclude pattern '.core.*' to '.core.[0-9]*'[0m
    [2;3mat[0m rch/src/transfer.rs:769 [2;3mon[0m ThreadId(1)

  [2m2026-06-11T15:31:04.421699Z[0m [34mDEBUG[0m [1;34mrch::transfer[0m[34m: [34mRewriting legacy broad exclude pattern '.git/objects/' to '.git/'[0m
    [2;3mat[0m rch/src/transfer.rs:769 [2;3mon[0m ThreadId(1)

  [2m2026-06-11T15:31:04.421706Z[0m [34mDEBUG[0m [1;34mrch::transfer[0m[34m: [34mRewriting legacy broad exclude pattern 'core.*' to 'core.[0-9]*'[0m
    [2;3mat[0m rch/src/transfer.rs:769 [2;3mon[0m ThreadId(1)

  [2m2026-06-11T15:31:04.421729Z[0m [32m INFO[0m [1;32mrch::transfer[0m[32m: [32mSyncing /data/projects/frankentorch/crates/ft-data -> /data/projects/frankentorch/crates/ft-data on vmi1227854[0m
    [2;3mat[0m rch/src/transfer.rs:1434 [2;3mon[0m ThreadId(1)

  [2m2026-06-11T15:31:04.421734Z[0m [34mDEBUG[0m [1;34mrch::transfer[0m[34m: [34mEffective exclude patterns: ["*.rlib", "*.rmeta", ".beads/", ".bun/", ".rch-target-*/", ".rch-target*/", ".cargo-target-*/", ".cargo-target-rusticmill/", ".cargo-target/", ".core.[0-9]*", ".git/", ".next/", ".npm/", ".nuxt/", ".nyc_output/", ".parcel-cache/", ".pnpm-store/", ".turbo/", "build/", "core.[0-9]*", "coverage/", "dist/", "legacy_python_mcp_agent_mail_code/mcp_agent_mail/.venv/", "node_modules/", "perf.data", "perf.data.old", "perf_hsmm.data", "perf_hsmm.data.old", "process_triage/", "sample_sqlite_db_files/", "target-*/", "target/", "target_*/", "tests/artifacts/", "baselines/hyperfine/", ".rch-target/", ".rch-tmp/", ".franken_whisper/tools/ffmpeg/"][0m
    [2;3mat[0m rch/src/transfer.rs:1441 [2;3mon[0m ThreadId(1)

  [2m2026-06-11T15:31:06.355342Z[0m [32m INFO[0m [1;32mrch::transfer[0m[32m: [32mSync completed in 1933ms[0m
    [2;3mat[0m rch/src/transfer.rs:1503 [2;3mon[0m ThreadId(1)

  [2m2026-06-11T15:31:06.355424Z[0m [34mDEBUG[0m [1;34mrch::transfer[0m[34m: [34mRewriting legacy broad exclude pattern '.core.*' to '.core.[0-9]*'[0m
    [2;3mat[0m rch/src/transfer.rs:769 [2;3mon[0m ThreadId(1)

  [2m2026-06-11T15:31:06.355433Z[0m [34mDEBUG[0m [1;34mrch::transfer[0m[34m: [34mRewriting legacy broad exclude pattern '.git/objects/' to '.git/'[0m
    [2;3mat[0m rch/src/transfer.rs:769 [2;3mon[0m ThreadId(1)

  [2m2026-06-11T15:31:06.355441Z[0m [34mDEBUG[0m [1;34mrch::transfer[0m[34m: [34mRewriting legacy broad exclude pattern 'core.*' to 'core.[0-9]*'[0m
    [2;3mat[0m rch/src/transfer.rs:769 [2;3mon[0m ThreadId(1)

  [2m2026-06-11T15:31:06.355466Z[0m [32m INFO[0m [1;32mrch::transfer[0m[32m: [32mSyncing /data/projects/frankentorch/crates/ft-device -> /data/projects/frankentorch/crates/ft-device on vmi1227854[0m
    [2;3mat[0m rch/src/transfer.rs:1434 [2;3mon[0m ThreadId(1)

  [2m2026-06-11T15:31:06.355472Z[0m [34mDEBUG[0m [1;34mrch::transfer[0m[34m: [34mEffective exclude patterns: ["*.rlib", "*.rmeta", ".beads/", ".bun/", ".rch-target-*/", ".rch-target*/", ".cargo-target-*/", ".cargo-target-rusticmill/", ".cargo-target/", ".core.[0-9]*", ".git/", ".next/", ".npm/", ".nuxt/", ".nyc_output/", ".parcel-cache/", ".pnpm-store/", ".turbo/", "build/", "core.[0-9]*", "coverage/", "dist/", "legacy_python_mcp_agent_mail_code/mcp_agent_mail/.venv/", "node_modules/", "perf.data", "perf.data.old", "perf_hsmm.data", "perf_hsmm.data.old", "process_triage/", "sample_sqlite_db_files/", "target-*/", "target/", "target_*/", "tests/artifacts/", "baselines/hyperfine/", ".rch-target/", ".rch-tmp/", ".franken_whisper/tools/ffmpeg/"][0m
    [2;3mat[0m rch/src/transfer.rs:1441 [2;3mon[0m ThreadId(1)

  [2m2026-06-11T15:31:08.246618Z[0m [32m INFO[0m [1;32mrch::transfer[0m[32m: [32mSync completed in 1891ms[0m
    [2;3mat[0m rch/src/transfer.rs:1503 [2;3mon[0m ThreadId(1)

  [2m2026-06-11T15:31:08.246695Z[0m [34mDEBUG[0m [1;34mrch::transfer[0m[34m: [34mRewriting legacy broad exclude pattern '.core.*' to '.core.[0-9]*'[0m
    [2;3mat[0m rch/src/transfer.rs:769 [2;3mon[0m ThreadId(1)

  [2m2026-06-11T15:31:08.246714Z[0m [34mDEBUG[0m [1;34mrch::transfer[0m[34m: [34mRewriting legacy broad exclude pattern '.git/objects/' to '.git/'[0m
    [2;3mat[0m rch/src/transfer.rs:769 [2;3mon[0m ThreadId(1)

  [2m2026-06-11T15:31:08.246723Z[0m [34mDEBUG[0m [1;34mrch::transfer[0m[34m: [34mRewriting legacy broad exclude pattern 'core.*' to 'core.[0-9]*'[0m
    [2;3mat[0m rch/src/transfer.rs:769 [2;3mon[0m ThreadId(1)

  [2m2026-06-11T15:31:08.246782Z[0m [32m INFO[0m [1;32mrch::transfer[0m[32m: [32mSyncing /data/projects/frankentorch/crates/ft-dispatch -> /data/projects/frankentorch/crates/ft-dispatch on vmi1227854[0m
    [2;3mat[0m rch/src/transfer.rs:1434 [2;3mon[0m ThreadId(1)

  [2m2026-06-11T15:31:08.246792Z[0m [34mDEBUG[0m [1;34mrch::transfer[0m[34m: [34mEffective exclude patterns: ["*.rlib", "*.rmeta", ".beads/", ".bun/", ".rch-target-*/", ".rch-target*/", ".cargo-target-*/", ".cargo-target-rusticmill/", ".cargo-target/", ".core.[0-9]*", ".git/", ".next/", ".npm/", ".nuxt/", ".nyc_output/", ".parcel-cache/", ".pnpm-store/", ".turbo/", "build/", "core.[0-9]*", "coverage/", "dist/", "legacy_python_mcp_agent_mail_code/mcp_agent_mail/.venv/", "node_modules/", "perf.data", "perf.data.old", "perf_hsmm.data", "perf_hsmm.data.old", "process_triage/", "sample_sqlite_db_files/", "target-*/", "target/", "target_*/", "tests/artifacts/", "baselines/hyperfine/", ".rch-target/", ".rch-tmp/", ".franken_whisper/tools/ffmpeg/"][0m
    [2;3mat[0m rch/src/transfer.rs:1441 [2;3mon[0m ThreadId(1)

  [2m2026-06-11T15:31:10.141894Z[0m [32m INFO[0m [1;32mrch::transfer[0m[32m: [32mSync completed in 1895ms[0m
    [2;3mat[0m rch/src/transfer.rs:1503 [2;3mon[0m ThreadId(1)

  [2m2026-06-11T15:31:10.141974Z[0m [34mDEBUG[0m [1;34mrch::transfer[0m[34m: [34mRewriting legacy broad exclude pattern '.core.*' to '.core.[0-9]*'[0m
    [2;3mat[0m rch/src/transfer.rs:769 [2;3mon[0m ThreadId(1)

  [2m2026-06-11T15:31:10.141982Z[0m [34mDEBUG[0m [1;34mrch::transfer[0m[34m: [34mRewriting legacy broad exclude pattern '.git/objects/' to '.git/'[0m
    [2;3mat[0m rch/src/transfer.rs:769 [2;3mon[0m ThreadId(1)

  [2m2026-06-11T15:31:10.141989Z[0m [34mDEBUG[0m [1;34mrch::transfer[0m[34m: [34mRewriting legacy broad exclude pattern 'core.*' to 'core.[0-9]*'[0m
    [2;3mat[0m rch/src/transfer.rs:769 [2;3mon[0m ThreadId(1)

  [2m2026-06-11T15:31:10.142013Z[0m [32m INFO[0m [1;32mrch::transfer[0m[32m: [32mSyncing /data/projects/frankentorch/crates/ft-kernel-cpu -> /data/projects/frankentorch/crates/ft-kernel-cpu on vmi1227854[0m
    [2;3mat[0m rch/src/transfer.rs:1434 [2;3mon[0m ThreadId(1)

  [2m2026-06-11T15:31:10.142019Z[0m [34mDEBUG[0m [1;34mrch::transfer[0m[34m: [34mEffective exclude patterns: ["*.rlib", "*.rmeta", ".beads/", ".bun/", ".rch-target-*/", ".rch-target*/", ".cargo-target-*/", ".cargo-target-rusticmill/", ".cargo-target/", ".core.[0-9]*", ".git/", ".next/", ".npm/", ".nuxt/", ".nyc_output/", ".parcel-cache/", ".pnpm-store/", ".turbo/", "build/", "core.[0-9]*", "coverage/", "dist/", "legacy_python_mcp_agent_mail_code/mcp_agent_mail/.venv/", "node_modules/", "perf.data", "perf.data.old", "perf_hsmm.data", "perf_hsmm.data.old", "process_triage/", "sample_sqlite_db_files/", "target-*/", "target/", "target_*/", "tests/artifacts/", "baselines/hyperfine/", ".rch-target/", ".rch-tmp/", ".franken_whisper/tools/ffmpeg/"][0m
    [2;3mat[0m rch/src/transfer.rs:1441 [2;3mon[0m ThreadId(1)

  [2m2026-06-11T15:31:12.055863Z[0m [32m INFO[0m [1;32mrch::transfer[0m[32m: [32mSync completed in 1913ms[0m
    [2;3mat[0m rch/src/transfer.rs:1503 [2;3mon[0m ThreadId(1)

  [2m2026-06-11T15:31:12.055939Z[0m [34mDEBUG[0m [1;34mrch::transfer[0m[34m: [34mRewriting legacy broad exclude pattern '.core.*' to '.core.[0-9]*'[0m
    [2;3mat[0m rch/src/transfer.rs:769 [2;3mon[0m ThreadId(1)

  [2m2026-06-11T15:31:12.055955Z[0m [34mDEBUG[0m [1;34mrch::transfer[0m[34m: [34mRewriting legacy broad exclude pattern '.git/objects/' to '.git/'[0m
    [2;3mat[0m rch/src/transfer.rs:769 [2;3mon[0m ThreadId(1)

  [2m2026-06-11T15:31:12.055962Z[0m [34mDEBUG[0m [1;34mrch::transfer[0m[34m: [34mRewriting legacy broad exclude pattern 'core.*' to 'core.[0-9]*'[0m
    [2;3mat[0m rch/src/transfer.rs:769 [2;3mon[0m ThreadId(1)

  [2m2026-06-11T15:31:12.055983Z[0m [32m INFO[0m [1;32mrch::transfer[0m[32m: [32mSyncing /data/projects/frankentorch/crates/ft-nn -> /data/projects/frankentorch/crates/ft-nn on vmi1227854[0m
    [2;3mat[0m rch/src/transfer.rs:1434 [2;3mon[0m ThreadId(1)

  [2m2026-06-11T15:31:12.055989Z[0m [34mDEBUG[0m [1;34mrch::transfer[0m[34m: [34mEffective exclude patterns: ["*.rlib", "*.rmeta", ".beads/", ".bun/", ".rch-target-*/", ".rch-target*/", ".cargo-target-*/", ".cargo-target-rusticmill/", ".cargo-target/", ".core.[0-9]*", ".git/", ".next/", ".npm/", ".nuxt/", ".nyc_output/", ".parcel-cache/", ".pnpm-store/", ".turbo/", "build/", "core.[0-9]*", "coverage/", "dist/", "legacy_python_mcp_agent_mail_code/mcp_agent_mail/.venv/", "node_modules/", "perf.data", "perf.data.old", "perf_hsmm.data", "perf_hsmm.data.old", "process_triage/", "sample_sqlite_db_files/", "target-*/", "target/", "target_*/", "tests/artifacts/", "baselines/hyperfine/", ".rch-target/", ".rch-tmp/", ".franken_whisper/tools/ffmpeg/"][0m
    [2;3mat[0m rch/src/transfer.rs:1441 [2;3mon[0m ThreadId(1)

  [2m2026-06-11T15:31:13.944275Z[0m [32m INFO[0m [1;32mrch::transfer[0m[32m: [32mSync completed in 1888ms[0m
    [2;3mat[0m rch/src/transfer.rs:1503 [2;3mon[0m ThreadId(1)

  [2m2026-06-11T15:31:13.944344Z[0m [34mDEBUG[0m [1;34mrch::transfer[0m[34m: [34mRewriting legacy broad exclude pattern '.core.*' to '.core.[0-9]*'[0m
    [2;3mat[0m rch/src/transfer.rs:769 [2;3mon[0m ThreadId(1)

  [2m2026-06-11T15:31:13.944351Z[0m [34mDEBUG[0m [1;34mrch::transfer[0m[34m: [34mRewriting legacy broad exclude pattern '.git/objects/' to '.git/'[0m
    [2;3mat[0m rch/src/transfer.rs:769 [2;3mon[0m ThreadId(1)

  [2m2026-06-11T15:31:13.944358Z[0m [34mDEBUG[0m [1;34mrch::transfer[0m[34m: [34mRewriting legacy broad exclude pattern 'core.*' to 'core.[0-9]*'[0m
    [2;3mat[0m rch/src/transfer.rs:769 [2;3mon[0m ThreadId(1)

  [2m2026-06-11T15:31:13.944381Z[0m [32m INFO[0m [1;32mrch::transfer[0m[32m: [32mSyncing /data/projects/frankentorch/crates/ft-optim -> /data/projects/frankentorch/crates/ft-optim on vmi1227854[0m
    [2;3mat[0m rch/src/transfer.rs:1434 [2;3mon[0m ThreadId(1)

  [2m2026-06-11T15:31:13.944387Z[0m [34mDEBUG[0m [1;34mrch::transfer[0m[34m: [34mEffective exclude patterns: ["*.rlib", "*.rmeta", ".beads/", ".bun/", ".rch-target-*/", ".rch-target*/", ".cargo-target-*/", ".cargo-target-rusticmill/", ".cargo-target/", ".core.[0-9]*", ".git/", ".next/", ".npm/", ".nuxt/", ".nyc_output/", ".parcel-cache/", ".pnpm-store/", ".turbo/", "build/", "core.[0-9]*", "coverage/", "dist/", "legacy_python_mcp_agent_mail_code/mcp_agent_mail/.venv/", "node_modules/", "perf.data", "perf.data.old", "perf_hsmm.data", "perf_hsmm.data.old", "process_triage/", "sample_sqlite_db_files/", "target-*/", "target/", "target_*/", "tests/artifacts/", "baselines/hyperfine/", ".rch-target/", ".rch-tmp/", ".franken_whisper/tools/ffmpeg/"][0m
    [2;3mat[0m rch/src/transfer.rs:1441 [2;3mon[0m ThreadId(1)

  [2m2026-06-11T15:31:15.730573Z[0m [32m INFO[0m [1;32mrch::transfer[0m[32m: [32mSync completed in 1786ms[0m
    [2;3mat[0m rch/src/transfer.rs:1503 [2;3mon[0m ThreadId(1)

  [2m2026-06-11T15:31:15.730643Z[0m [34mDEBUG[0m [1;34mrch::transfer[0m[34m: [34mRewriting legacy broad exclude pattern '.core.*' to '.core.[0-9]*'[0m
    [2;3mat[0m rch/src/transfer.rs:769 [2;3mon[0m ThreadId(1)

  [2m2026-06-11T15:31:15.730651Z[0m [34mDEBUG[0m [1;34mrch::transfer[0m[34m: [34mRewriting legacy broad exclude pattern '.git/objects/' to '.git/'[0m
    [2;3mat[0m rch/src/transfer.rs:769 [2;3mon[0m ThreadId(1)

  [2m2026-06-11T15:31:15.730667Z[0m [34mDEBUG[0m [1;34mrch::transfer[0m[34m: [34mRewriting legacy broad exclude pattern 'core.*' to 'core.[0-9]*'[0m
    [2;3mat[0m rch/src/transfer.rs:769 [2;3mon[0m ThreadId(1)

  [2m2026-06-11T15:31:15.730689Z[0m [32m INFO[0m [1;32mrch::transfer[0m[32m: [32mSyncing /data/projects/frankentorch/crates/ft-runtime -> /data/projects/frankentorch/crates/ft-runtime on vmi1227854[0m
    [2;3mat[0m rch/src/transfer.rs:1434 [2;3mon[0m ThreadId(1)

  [2m2026-06-11T15:31:15.730695Z[0m [34mDEBUG[0m [1;34mrch::transfer[0m[34m: [34mEffective exclude patterns: ["*.rlib", "*.rmeta", ".beads/", ".bun/", ".rch-target-*/", ".rch-target*/", ".cargo-target-*/", ".cargo-target-rusticmill/", ".cargo-target/", ".core.[0-9]*", ".git/", ".next/", ".npm/", ".nuxt/", ".nyc_output/", ".parcel-cache/", ".pnpm-store/", ".turbo/", "build/", "core.[0-9]*", "coverage/", "dist/", "legacy_python_mcp_agent_mail_code/mcp_agent_mail/.venv/", "node_modules/", "perf.data", "perf.data.old", "perf_hsmm.data", "perf_hsmm.data.old", "process_triage/", "sample_sqlite_db_files/", "target-*/", "target/", "target_*/", "tests/artifacts/", "baselines/hyperfine/", ".rch-target/", ".rch-tmp/", ".franken_whisper/tools/ffmpeg/"][0m
    [2;3mat[0m rch/src/transfer.rs:1441 [2;3mon[0m ThreadId(1)

  [2m2026-06-11T15:31:17.584332Z[0m [32m INFO[0m [1;32mrch::transfer[0m[32m: [32mSync completed in 1853ms[0m
    [2;3mat[0m rch/src/transfer.rs:1503 [2;3mon[0m ThreadId(1)

  [2m2026-06-11T15:31:17.584397Z[0m [34mDEBUG[0m [1;34mrch::transfer[0m[34m: [34mRewriting legacy broad exclude pattern '.core.*' to '.core.[0-9]*'[0m
    [2;3mat[0m rch/src/transfer.rs:769 [2;3mon[0m ThreadId(1)

  [2m2026-06-11T15:31:17.584406Z[0m [34mDEBUG[0m [1;34mrch::transfer[0m[34m: [34mRewriting legacy broad exclude pattern '.git/objects/' to '.git/'[0m
    [2;3mat[0m rch/src/transfer.rs:769 [2;3mon[0m ThreadId(1)

  [2m2026-06-11T15:31:17.584414Z[0m [34mDEBUG[0m [1;34mrch::transfer[0m[34m: [34mRewriting legacy broad exclude pattern 'core.*' to 'core.[0-9]*'[0m
    [2;3mat[0m rch/src/transfer.rs:769 [2;3mon[0m ThreadId(1)

  [2m2026-06-11T15:31:17.584434Z[0m [32m INFO[0m [1;32mrch::transfer[0m[32m: [32mSyncing /data/projects/frankentorch/crates/ft-serialize -> /data/projects/frankentorch/crates/ft-serialize on vmi1227854[0m
    [2;3mat[0m rch/src/transfer.rs:1434 [2;3mon[0m ThreadId(1)

  [2m2026-06-11T15:31:17.584441Z[0m [34mDEBUG[0m [1;34mrch::transfer[0m[34m: [34mEffective exclude patterns: ["*.rlib", "*.rmeta", ".beads/", ".bun/", ".rch-target-*/", ".rch-target*/", ".cargo-target-*/", ".cargo-target-rusticmill/", ".cargo-target/", ".core.[0-9]*", ".git/", ".next/", ".npm/", ".nuxt/", ".nyc_output/", ".parcel-cache/", ".pnpm-store/", ".turbo/", "build/", "core.[0-9]*", "coverage/", "dist/", "legacy_python_mcp_agent_mail_code/mcp_agent_mail/.venv/", "node_modules/", "perf.data", "perf.data.old", "perf_hsmm.data", "perf_hsmm.data.old", "process_triage/", "sample_sqlite_db_files/", "target-*/", "target/", "target_*/", "tests/artifacts/", "baselines/hyperfine/", ".rch-target/", ".rch-tmp/", ".franken_whisper/tools/ffmpeg/"][0m
    [2;3mat[0m rch/src/transfer.rs:1441 [2;3mon[0m ThreadId(1)

  [2m2026-06-11T15:31:19.424653Z[0m [32m INFO[0m [1;32mrch::transfer[0m[32m: [32mSync completed in 1840ms[0m
    [2;3mat[0m rch/src/transfer.rs:1503 [2;3mon[0m ThreadId(1)

  [2m2026-06-11T15:31:19.424709Z[0m [32m INFO[0m [1;32mrch::hook[0m[32m: [32mSync complete: 51700 files, 1844655 bytes in 30173ms[0m
    [2;3mat[0m rch/src/hook.rs:6209 [2;3mon[0m ThreadId(1)

  [2m2026-06-11T15:31:19.424737Z[0m [34mDEBUG[0m [1;34mrch_common::ssh[0m[34m: [34mConnecting to root@109.123.245.77 via SSH...[0m
    [2;3mat[0m rch-common/src/ssh.rs:183 [2;3mon[0m ThreadId(1)

  [2m2026-06-11T15:31:20.388407Z[0m [34mDEBUG[0m [1;34mrch_common::ssh[0m[34m: [34mConnected to vmi1227854 (109.123.245.77)[0m
    [2;3mat[0m rch-common/src/ssh.rs:212 [2;3mon[0m ThreadId(1)

  [2m2026-06-11T15:31:20.388491Z[0m [34mDEBUG[0m [1;34mrch_common::ssh[0m[34m: [34mExecuting on vmi1227854: nohup sh -c 'cd "/data/projects/frankentorch" 2>/dev/null || exit 0; for d in .rch-target-*-job-* .rch-target-*-pid-*; do [ -d "$d" ] || continue; [ "$d" = ".rch-target-vmi1227854-job-29879662679166365-1781191849244950428-0" ] && continue; if find "$d" -mmin -720 -print -quit 2>/dev/null | grep -q .; then continue; fi; rm -rf -- "$d" 2>/dev/null; done' >/dev/null 2>&1 &[0m
    [2;3mat[0m rch-common/src/ssh.rs:343 [2;3mon[0m ThreadId(1)

  [2m2026-06-11T15:31:20.758500Z[0m [34mDEBUG[0m [1;34mrch_common::ssh[0m[34m: [34mCommand completed on vmi1227854 (exit=0, duration=370ms)[0m
    [2;3mat[0m rch-common/src/ssh.rs:418 [2;3mon[0m ThreadId(1)

  [2m2026-06-11T15:31:20.758533Z[0m [34mDEBUG[0m [1;34mrch_common::ssh[0m[34m: [34mDisconnecting from vmi1227854[0m
    [2;3mat[0m rch-common/src/ssh.rs:330 [2;3mon[0m ThreadId(1)

  [2m2026-06-11T15:31:20.765513Z[0m [34mDEBUG[0m [1;34mrch_common::ssh[0m[34m: [34mDisconnected from vmi1227854[0m
    [2;3mat[0m rch-common/src/ssh.rs:333 [2;3mon[0m ThreadId(1)

  [2m2026-06-11T15:31:23.659249Z[0m [32m INFO[0m [1;32mrch::hook[0m[32m: [32mExecuting command remotely: cargo run --release -j 1 -p ft-kernel-cpu --example eigvalsh_blocked_ab[0m
    [2;3mat[0m rch/src/hook.rs:6252 [2;3mon[0m ThreadId(1)

  [2m2026-06-11T15:31:23.659291Z[0m [32m INFO[0m [1;32mrch::transfer[0m[32m: [32mRewriting CARGO_TARGET_DIR for remote execution (worker-scoped path): /data/tmp/cargo-target -> /data/projects/frankentorch/.rch-target-vmi1227854-job-29879662679166365-1781191849244950428-0[0m
    [2;3mat[0m rch/src/transfer.rs:712 [2;3mon[0m ThreadId(1)

  [2m2026-06-11T15:31:23.659305Z[0m [34mDEBUG[0m [1;34mrch::transfer[0m[34m: [34mForwarding env vars: ["CARGO_TARGET_DIR"][0m
    [2;3mat[0m rch/src/transfer.rs:966 [2;3mon[0m ThreadId(1)

  [2m2026-06-11T15:31:23.659312Z[0m [34mDEBUG[0m [1;34mrch::transfer[0m[34m: [34mExternal timeout protection disabled by config[0m
    [2;3mat[0m rch/src/transfer.rs:1084 [2;3mon[0m ThreadId(1)

    Updating crates.io index
 Downloading crates ...
  Downloaded errno v0.3.14
  Downloaded bytemuck_derive v1.10.2
  Downloaded crossbeam-deque v0.8.6
  Downloaded is-terminal v0.4.17
  Downloaded bit-vec v0.8.0
  Downloaded anstyle v1.0.14
  Downloaded criterion v0.5.1
  Downloaded bitflags v2.11.1
  Downloaded similar v2.7.0
  Downloaded insta v1.47.2
  Downloaded aho-corasick v1.1.4
  Downloaded fnv v1.0.7
  Downloaded proc-macro2 v1.0.106
  Downloaded anes v0.1.6
  Downloaded criterion-plot v0.5.0
  Downloaded crossbeam-epoch v0.9.18
  Downloaded bytemuck v1.25.0
  Downloaded clap_builder v4.6.0
  Downloaded unicode-ident v1.0.24
  Downloaded autocfg v1.5.0
  Downloaded plotters-backend v0.3.7
  Downloaded unarray v0.1.4
  Downloaded crossbeam-utils v0.8.21
  Downloaded bit-set v0.8.0
  Downloaded rand_core v0.9.5
  Downloaded rawpointer v0.2.1
  Downloaded tempfile v3.27.0
  Downloaded plotters v0.3.7
  Downloaded clap v4.6.1
  Downloaded either v1.15.0
  Downloaded itertools v0.10.5
  Downloaded cfg-if v1.0.4
  Downloaded num-complex v0.4.6
  Downloaded plotters-svg v0.3.7
  Downloaded rusty-fork v0.3.1
  Downloaded tinytemplate v1.2.1
  Downloaded ciborium v0.2.2
  Downloaded ciborium-ll v0.2.2
  Downloaded itoa v1.0.18
  Downloaded console v0.16.3
  Downloaded wait-timeout v0.2.1
  Downloaded num-traits v0.2.19
  Downloaded oorandom v11.1.5
  Downloaded quote v1.0.45
  Downloaded rand_chacha v0.9.0
  Downloaded rand_xorshift v0.4.0
  Downloaded zmij v1.0.21
  Downloaded getrandom v0.3.4
  Downloaded half v2.7.1
  Downloaded rayon-core v1.13.0
  Downloaded ciborium-io v0.2.2
  Downloaded fastrand v2.4.1
  Downloaded zerocopy-derive v0.8.48
  Downloaded wide v0.7.33
  Downloaded rand v0.9.4
  Downloaded matrixmultiply v0.3.10
  Downloaded serde v1.0.228
  Downloaded clap_lex v1.1.0
  Downloaded libm v0.2.16
  Downloaded quick-error v1.2.3
  Downloaded syn v2.0.117
  Downloaded regex-syntax v0.8.10
  Downloaded ppv-lite86 v0.2.21
  Downloaded rustix v1.1.4
  Downloaded walkdir v2.5.0
  Downloaded same-file v1.0.6
  Downloaded memchr v2.8.0
  Downloaded cast v0.3.0
  Downloaded safe_arch v0.7.4
  Downloaded serde_json v1.0.149
  Downloaded serde_core v1.0.228
  Downloaded once_cell v1.21.4
  Downloaded serde_derive v1.0.228
  Downloaded rayon v1.12.0
  Downloaded regex-automata v0.4.14
  Downloaded proptest v1.11.0
  Downloaded regex v1.12.3
  Downloaded zerocopy v0.8.48
  Downloaded libc v0.2.185
  Downloaded linux-raw-sys v0.12.1
   Compiling proc-macro2 v1.0.106
   Compiling unicode-ident v1.0.24
   Compiling quote v1.0.45
   Compiling syn v2.0.117
   Compiling libc v0.2.185
   Compiling cfg-if v1.0.4
   Compiling autocfg v1.5.0
   Compiling zerocopy v0.8.48
   Compiling zerocopy-derive v0.8.48
   Compiling getrandom v0.3.4
   Compiling bytemuck_derive v1.10.2
   Compiling bytemuck v1.25.0
   Compiling num-traits v0.2.19
   Compiling crossbeam-utils v0.8.21
   Compiling serde_core v1.0.228
   Compiling rustix v1.1.4
   Compiling crossbeam-epoch v0.9.18
   Compiling half v2.7.1
   Compiling serde v1.0.228
   Compiling zmij v1.0.21
   Compiling rayon-core v1.13.0
   Compiling linux-raw-sys v0.12.1
   Compiling bitflags v2.11.1
   Compiling once_cell v1.21.4
   Compiling either v1.15.0
   Compiling crossbeam-deque v0.8.6
   Compiling rand_core v0.9.5
   Compiling serde_derive v1.0.228
   Compiling fastrand v2.4.1
   Compiling regex-syntax v0.8.10
   Compiling serde_json v1.0.149
   Compiling tempfile v3.27.0
   Compiling matrixmultiply v0.3.10
   Compiling libm v0.2.16
   Compiling itoa v1.0.18
   Compiling ciborium-io v0.2.2
   Compiling anstyle v1.0.14
   Compiling memchr v2.8.0
   Compiling clap_lex v1.1.0
   Compiling plotters-backend v0.3.7
   Compiling plotters-svg v0.3.7
   Compiling clap_builder v4.6.0
   Compiling ciborium-ll v0.2.2
   Compiling rayon v1.12.0
   Compiling regex-automata v0.4.14
   Compiling itertools v0.10.5
   Compiling num-complex v0.4.6
   Compiling safe_arch v0.7.4
   Compiling ppv-lite86 v0.2.21
   Compiling wait-timeout v0.2.1
   Compiling cast v0.3.0
   Compiling rawpointer v0.2.1
   Compiling bit-vec v0.8.0
   Compiling quick-error v1.2.3
   Compiling fnv v1.0.7
   Compiling same-file v1.0.6
   Compiling walkdir v2.5.0
   Compiling rusty-fork v0.3.1
   Compiling bit-set v0.8.0
   Compiling criterion-plot v0.5.0
   Compiling rand_chacha v0.9.0
   Compiling wide v0.7.33
   Compiling ft-core v0.1.0 (/data/projects/frankentorch/crates/ft-core)
   Compiling regex v1.12.3
   Compiling ciborium v0.2.2
   Compiling tinytemplate v1.2.1
   Compiling clap v4.6.1
   Compiling plotters v0.3.7
   Compiling rand_xorshift v0.4.0
   Compiling rand v0.9.4
   Compiling console v0.16.3
   Compiling is-terminal v0.4.17
   Compiling unarray v0.1.4
   Compiling similar v2.7.0
   Compiling oorandom v11.1.5
   Compiling anes v0.1.6
   Compiling criterion v0.5.1
   Compiling insta v1.47.2
   Compiling proptest v1.11.0
   Compiling ft-kernel-cpu v0.1.0 (/data/projects/frankentorch/crates/ft-kernel-cpu)
warning: function `eigh_tridiag_reduce_blocked` is never used
     --> crates/ft-kernel-cpu/src/lib.rs:11756:4
      |
11756 | fn eigh_tridiag_reduce_blocked(a: &mut [f64], n: usize) -> (Vec<f64>, Vec<f64>) {
      |    ^^^^^^^^^^^^^^^^^^^^^^^^^^^
      |
      = note: `#[warn(dead_code)]` (part of `#[warn(unused)]`) on by default

warning: `ft-kernel-cpu` (lib) generated 1 warning
    Finished `release` profile [optimized] target(s) in 2m 46s
     Running `.rch-target-vmi1227854-job-29879662679166365-1781191849244950428-0/release/examples/eigvalsh_blocked_ab`
eigvalsh: blocked dsytrd vs packed dsytd2 (same process, threads=10)
n=256   packed=   7.164ms blocked=   9.159ms  ratio=0.78x  maxdiff=7.67e-13
n=512   packed=  49.160ms blocked=  57.556ms  ratio=0.85x  maxdiff=2.27e-12
n=768   packed= 163.714ms blocked= 199.510ms  ratio=0.82x  maxdiff=1.18e-11
n=1024  packed= 372.160ms blocked= 425.093ms  ratio=0.88x  maxdiff=1.39e-11
  [2m2026-06-11T15:34:19.101255Z[0m [32m INFO[0m [1;32mrch::hook[0m[32m: [32mRemote command finished: exit=0 in 175441ms[0m
    [2;3mat[0m rch/src/hook.rs:6376 [2;3mon[0m ThreadId(1)

  [2m2026-06-11T15:34:19.101655Z[0m [32m INFO[0m [1;32mrch::hook[0m[32m: [32mRetrieving build artifacts...[0m
    [2;3mat[0m rch/src/hook.rs:6425 [2;3mon[0m ThreadId(1)

  [2m2026-06-11T15:34:19.101686Z[0m [32m INFO[0m [1;32mrch::transfer[0m[32m: [32mRetrieving artifacts from /data/projects/frankentorch on vmi1227854[0m
    [2;3mat[0m rch/src/transfer.rs:2106 [2;3mon[0m ThreadId(1)

  [2m2026-06-11T15:34:21.084490Z[0m [32m INFO[0m [1;32mrch::transfer[0m[32m: [32mArtifacts retrieved in 1982ms (5 files, 1709 bytes)[0m
    [2;3mat[0m rch/src/transfer.rs:2145 [2;3mon[0m ThreadId(1)

  [2m2026-06-11T15:34:21.084530Z[0m [32m INFO[0m [1;32mrch::hook[0m[32m: [32mArtifacts retrieved: 5 files, 1709 bytes in 1982ms[0m
    [2;3mat[0m rch/src/hook.rs:6458 [2;3mon[0m ThreadId(1)

  [2m2026-06-11T15:34:21.084646Z[0m [32m INFO[0m [1;32mrch::transfer[0m[32m: [32mRetrieving artifacts from /data/projects/frankentorch/.rch-target-vmi1227854-job-29879662679166365-1781191849244950428-0 on vmi1227854[0m
    [2;3mat[0m rch/src/transfer.rs:2106 [2;3mon[0m ThreadId(1)

  [2m2026-06-11T15:34:27.149768Z[0m [32m INFO[0m [1;32mrch::transfer[0m[32m: [32mArtifacts retrieved in 6065ms (931 files, 15213 bytes)[0m
    [2;3mat[0m rch/src/transfer.rs:2145 [2;3mon[0m ThreadId(1)

  [2m2026-06-11T15:34:27.149801Z[0m [32m INFO[0m [1;32mrch::hook[0m[32m: [32mCustom CARGO_TARGET_DIR artifacts retrieved: 931 files, 15213 bytes in 6065ms[0m
    [2;3mat[0m rch/src/hook.rs:6582 [2;3mon[0m ThreadId(1)

[RCH] remote vmi1227854 (220.0s)
