Diff in /data/projects/.scratch/frankentorch-ivorydeer-clean-20260615T214904Z/crates/ft-optim/src/lib.rs:1539:
             if self.weight_decay != 0.0 {
                 if self.decoupled_weight_decay {
                     let decay = self.lr * self.weight_decay;
-                    let decay_update: Vec<f64> =
-                        param_values.iter().map(|p| decay * p).collect();
+                    let decay_update: Vec<f64> = param_values.iter().map(|p| decay * p).collect();
                     apply_param_update(session, param, &decay_update)?;
                 } else {
                     for (g, p) in effective_grad.iter_mut().zip(param_values.iter()) {
Diff in /data/projects/.scratch/frankentorch-ivorydeer-clean-20260615T214904Z/crates/ft-optim/src/lib.rs:3769:
         let base_m = self.base_momentum;
         if self.three_phase {
             vec![
-                (self.pct_start * total - 1.0, initial_lr, max_lr, max_m, base_m),
                 (
+                    self.pct_start * total - 1.0,
+                    initial_lr,
+                    max_lr,
+                    max_m,
+                    base_m,
+                ),
+                (
                     2.0 * self.pct_start * total - 2.0,
                     max_lr,
                     initial_lr,
Diff in /data/projects/.scratch/frankentorch-ivorydeer-clean-20260615T214904Z/crates/ft-optim/src/lib.rs:3781:
             ]
         } else {
             vec![
-                (self.pct_start * total - 1.0, initial_lr, max_lr, max_m, base_m),
+                (
+                    self.pct_start * total - 1.0,
+                    initial_lr,
+                    max_lr,
+                    max_m,
+                    base_m,
+                ),
                 (total - 1.0, max_lr, min_lr, base_m, max_m),
             ]
         }
Diff in /data/projects/.scratch/frankentorch-ivorydeer-clean-20260615T214904Z/crates/ft-optim/src/lib.rs:4856:
             if self.weight_decay != 0.0 {
                 if self.decoupled_weight_decay {
                     let decay = self.lr * self.weight_decay;
-                    let decay_update: Vec<f64> =
-                        param_values.iter().map(|p| decay * p).collect();
+                    let decay_update: Vec<f64> = param_values.iter().map(|p| decay * p).collect();
                     apply_param_update(session, param, &decay_update)?;
                 } else {
                     for (g, p) in effective_grad.iter_mut().zip(param_values.iter()) {
Diff in /data/projects/.scratch/frankentorch-ivorydeer-clean-20260615T214904Z/crates/ft-optim/src/lib.rs:6099:
             for (st, (g, w)) in got.iter().zip(want.iter()).enumerate() {
                 for j in 0..2 {
                     if (g[j] - w[j]).abs() >= 1e-6 {
-                        fails.borrow_mut().push(format!("{name} step{st}[{j}]={} want {}", g[j], w[j]));
+                        fails
+                            .borrow_mut()
+                            .push(format!("{name} step{st}[{j}]={} want {}", g[j], w[j]));
                     }
                 }
             }
Diff in /data/projects/.scratch/frankentorch-ivorydeer-clean-20260615T214904Z/crates/ft-optim/src/lib.rs:6115:
             }};
         }

-        trial!("adam", |x| Adam::new(vec![x], 0.1), [
-            [0.9000000005, 1.9000000002],
-            [0.8004122287, 1.8001664861],
-            [0.7015862729, 1.700623392],
-        ]);
-        trial!("adamw", |x| AdamW::new(vec![x], 0.1), [
-            [0.8990000005, 1.8980000002],
-            [0.7985190272, 1.7962725886],
-            [0.6989111832, 1.6949445144],
-        ]);
-        trial!("rmsprop", |x| RMSprop::new(vec![x], 0.1), [
-            [0.00000005, 1.000000025],
-            [-0.0000000003, 0.5509867711],
-            [0.0, 0.3096873876],
-        ]);
-        trial!("rmsprop_centered", |x| RMSprop::new(vec![x], 0.1).centered(true), [
-            [-0.0050377648, 0.99496221],
-            [0.0000503052, 0.5437053136],
-            [-0.0000007558, 0.3023406027],
-        ]);
-        trial!("sgd_nesterov", |x| SGD::new(vec![x], 0.1).momentum(0.9).nesterov(true), [
-            [0.62, 1.24],
-            [0.2224, 0.4448],
-            [-0.108352, -0.216704],
-        ]);
-        trial!("adagrad", |x| Adagrad::new(vec![x], 0.1), [
-            [0.9, 1.9],
-            [0.8331035268, 1.8311250538],
-            [0.7804561814, 1.775821515],
-        ]);
-        trial!("radam", |x| RAdam::new(vec![x], 0.1), [
-            [0.8, 1.6],
-            [0.6210526316, 1.2421052632],
-            [0.4623033599, 0.9246067198],
-        ]);
-        trial!("adamax", |x| Adamax::new(vec![x], 0.1), [
-            [0.9000000005, 1.9000000002],
-            [0.8051683272, 1.8025341135],
-            [0.7154994734, 1.7076482356],
-        ]);
+        trial!(
+            "adam",
+            |x| Adam::new(vec![x], 0.1),
+            [
+                [0.9000000005, 1.9000000002],
+                [0.8004122287, 1.8001664861],
+                [0.7015862729, 1.700623392],
+            ]
+        );
+        trial!(
+            "adamw",
+            |x| AdamW::new(vec![x], 0.1),
+            [
+                [0.8990000005, 1.8980000002],
+                [0.7985190272, 1.7962725886],
+                [0.6989111832, 1.6949445144],
+            ]
+        );
+        trial!(
+            "rmsprop",
+            |x| RMSprop::new(vec![x], 0.1),
+            [
+                [0.00000005, 1.000000025],
+                [-0.0000000003, 0.5509867711],
+                [0.0, 0.3096873876],
+            ]
+        );
+        trial!(
+            "rmsprop_centered",
+            |x| RMSprop::new(vec![x], 0.1).centered(true),
+            [
+                [-0.0050377648, 0.99496221],
+                [0.0000503052, 0.5437053136],
+                [-0.0000007558, 0.3023406027],
+            ]
+        );
+        trial!(
+            "sgd_nesterov",
+            |x| SGD::new(vec![x], 0.1).momentum(0.9).nesterov(true),
+            [[0.62, 1.24], [0.2224, 0.4448], [-0.108352, -0.216704],]
+        );
+        trial!(
+            "adagrad",
+            |x| Adagrad::new(vec![x], 0.1),
+            [
+                [0.9, 1.9],
+                [0.8331035268, 1.8311250538],
+                [0.7804561814, 1.775821515],
+            ]
+        );
+        trial!(
+            "radam",
+            |x| RAdam::new(vec![x], 0.1),
+            [
+                [0.8, 1.6],
+                [0.6210526316, 1.2421052632],
+                [0.4623033599, 0.9246067198],
+            ]
+        );
+        trial!(
+            "adamax",
+            |x| Adamax::new(vec![x], 0.1),
+            [
+                [0.9000000005, 1.9000000002],
+                [0.8051683272, 1.8025341135],
+                [0.7154994734, 1.7076482356],
+            ]
+        );
         // Adadelta default lr is 1.0 (rho=0.9, eps=1e-6).
-        trial!("adadelta", |x| Adadelta::new(vec![x], 1.0), [
-            [0.9968377263, 1.9968377233],
-            [0.9935981741, 1.9935957289],
-            [0.9903090457, 1.9903007524],
-        ]);
-        trial!("nadam", |x| NAdam::new(vec![x], 0.1), [
-            [0.8943548214, 1.8943548211],
-            [0.8199730691, 1.8178975293],
-            [0.7527292651, 1.7475085],
-        ]);
-        trial!("asgd", |x| ASGD::new(vec![x], 0.1), [
-            [0.799989997, 1.599979994],
-            [0.6399851994, 1.2799703988],
-            [0.5119836842, 1.0239673685],
-        ]);
-        trial!("rprop", |x| Rprop::new(vec![x], 0.1), [
-            [0.9, 1.9],
-            [0.78, 1.78],
-            [0.636, 1.636],
-        ]);
+        trial!(
+            "adadelta",
+            |x| Adadelta::new(vec![x], 1.0),
+            [
+                [0.9968377263, 1.9968377233],
+                [0.9935981741, 1.9935957289],
+                [0.9903090457, 1.9903007524],
+            ]
+        );
+        trial!(
+            "nadam",
+            |x| NAdam::new(vec![x], 0.1),
+            [
+                [0.8943548214, 1.8943548211],
+                [0.8199730691, 1.8178975293],
+                [0.7527292651, 1.7475085],
+            ]
+        );
+        trial!(
+            "asgd",
+            |x| ASGD::new(vec![x], 0.1),
+            [
+                [0.799989997, 1.599979994],
+                [0.6399851994, 1.2799703988],
+                [0.5119836842, 1.0239673685],
+            ]
+        );
+        trial!(
+            "rprop",
+            |x| Rprop::new(vec![x], 0.1),
+            [[0.9, 1.9], [0.78, 1.78], [0.636, 1.636],]
+        );

         // maximize=True ascends the objective (gradient negated). Goldens from
         // torch 2.12 (loss=sum(x^2), grad=2x, x0=[1,2]).
Diff in /data/projects/.scratch/frankentorch-ivorydeer-clean-20260615T214904Z/crates/ft-optim/src/lib.rs:6182:
-        trial!("sgd_maximize", |x| SGD::new(vec![x], 0.1).maximize(true), [
-            [1.2, 2.4],
-            [1.44, 2.88],
-            [1.728, 3.456],
-        ]);
-        trial!("sgd_maximize_wd", |x| SGD::new(vec![x], 0.1).weight_decay(0.1).maximize(true), [
-            [1.19, 2.38],
-            [1.4161, 2.8322],
-            [1.685159, 3.370318],
-        ]);
-        trial!("adam_maximize", |x| Adam::new(vec![x], 0.1).maximize(true), [
-            [1.0999999995, 2.09999999975],
-            [1.200134775759, 2.200097379532],
-            [1.300490053753, 2.300352395302],
-        ]);
-        trial!("adamw_maximize", |x| AdamW::new(vec![x], 0.1).maximize(true), [
-            [1.0989999995, 2.09799999975],
-            [1.19803556141, 2.195998048517],
-            [1.297192014321, 2.294053534985],
-        ]);
-        trial!("rmsprop_maximize", |x| RMSprop::new(vec![x], 0.1).maximize(true), [
-            [1.99999995, 2.999999975],
-            [2.895322887591, 3.833333294637],
-            [3.688547305051, 4.563991295037],
-        ]);
-        trial!("adagrad_maximize", |x| Adagrad::new(vec![x], 0.1).maximize(true), [
-            [1.099999999995, 2.099999999997],
-            [1.173994007332, 2.1724137931],
-            [1.235970045636, 2.232368103843],
-        ]);
-        trial!("radam_maximize", |x| RAdam::new(vec![x], 0.1).maximize(true), [
-            [1.2, 2.4],
-            [1.421052631579, 2.842105263158],
-            [1.665410759371, 3.330821518742],
-        ]);
-        trial!("nadam_maximize", |x| NAdam::new(vec![x], 0.1).maximize(true), [
-            [1.105645178605, 2.105645178869],
-            [1.187393263063, 2.18577315422],
-            [1.265440564321, 2.261539028167],
-        ]);
-        trial!("adamax_maximize", |x| Adamax::new(vec![x], 0.1).maximize(true), [
-            [1.0999999995, 2.09999999975],
-            [1.195693778989, 2.197744360425],
-            [1.288144042869, 2.293578014413],
-        ]);
-        trial!("adadelta_maximize", |x| Adadelta::new(vec![x], 1.0).maximize(true), [
-            [1.003162273707, 2.003162276672],
-            [1.006411545748, 2.006409130971],
-            [1.009723954281, 2.009715747525],
-        ]);
-        trial!("asgd_maximize", |x| ASGD::new(vec![x], 0.1).maximize(true), [
-            [1.19999000298, 2.39998000596],
-            [1.439974201337, 2.879948402673],
-            [1.727950311998, 3.455900623996],
-        ]);
-        trial!("rprop_maximize", |x| Rprop::new(vec![x], 0.1).maximize(true), [
-            [1.1, 2.1],
-            [1.22, 2.22],
-            [1.364, 2.364],
-        ]);
+        trial!(
+            "sgd_maximize",
+            |x| SGD::new(vec![x], 0.1).maximize(true),
+            [[1.2, 2.4], [1.44, 2.88], [1.728, 3.456],]
+        );
+        trial!(
+            "sgd_maximize_wd",
+            |x| SGD::new(vec![x], 0.1).weight_decay(0.1).maximize(true),
+            [[1.19, 2.38], [1.4161, 2.8322], [1.685159, 3.370318],]
+        );
+        trial!(
+            "adam_maximize",
+            |x| Adam::new(vec![x], 0.1).maximize(true),
+            [
+                [1.0999999995, 2.09999999975],
+                [1.200134775759, 2.200097379532],
+                [1.300490053753, 2.300352395302],
+            ]
+        );
+        trial!(
+            "adamw_maximize",
+            |x| AdamW::new(vec![x], 0.1).maximize(true),
+            [
+                [1.0989999995, 2.09799999975],
+                [1.19803556141, 2.195998048517],
+                [1.297192014321, 2.294053534985],
+            ]
+        );
+        trial!(
+            "rmsprop_maximize",
+            |x| RMSprop::new(vec![x], 0.1).maximize(true),
+            [
+                [1.99999995, 2.999999975],
+                [2.895322887591, 3.833333294637],
+                [3.688547305051, 4.563991295037],
+            ]
+        );
+        trial!(
+            "adagrad_maximize",
+            |x| Adagrad::new(vec![x], 0.1).maximize(true),
+            [
+                [1.099999999995, 2.099999999997],
+                [1.173994007332, 2.1724137931],
+                [1.235970045636, 2.232368103843],
+            ]
+        );
+        trial!(
+            "radam_maximize",
+            |x| RAdam::new(vec![x], 0.1).maximize(true),
+            [
+                [1.2, 2.4],
+                [1.421052631579, 2.842105263158],
+                [1.665410759371, 3.330821518742],
+            ]
+        );
+        trial!(
+            "nadam_maximize",
+            |x| NAdam::new(vec![x], 0.1).maximize(true),
+            [
+                [1.105645178605, 2.105645178869],
+                [1.187393263063, 2.18577315422],
+                [1.265440564321, 2.261539028167],
+            ]
+        );
+        trial!(
+            "adamax_maximize",
+            |x| Adamax::new(vec![x], 0.1).maximize(true),
+            [
+                [1.0999999995, 2.09999999975],
+                [1.195693778989, 2.197744360425],
+                [1.288144042869, 2.293578014413],
+            ]
+        );
+        trial!(
+            "adadelta_maximize",
+            |x| Adadelta::new(vec![x], 1.0).maximize(true),
+            [
+                [1.003162273707, 2.003162276672],
+                [1.006411545748, 2.006409130971],
+                [1.009723954281, 2.009715747525],
+            ]
+        );
+        trial!(
+            "asgd_maximize",
+            |x| ASGD::new(vec![x], 0.1).maximize(true),
+            [
+                [1.19999000298, 2.39998000596],
+                [1.439974201337, 2.879948402673],
+                [1.727950311998, 3.455900623996],
+            ]
+        );
+        trial!(
+            "rprop_maximize",
+            |x| Rprop::new(vec![x], 0.1).maximize(true),
+            [[1.1, 2.1], [1.22, 2.22], [1.364, 2.364],]
+        );

         // decoupled_weight_decay= (torch 2.1+). With wd=0.1: dwd=False is L2
         // (grad += wd*param), dwd=True scales the param (param *= 1 - lr*wd).
Diff in /data/projects/.scratch/frankentorch-ivorydeer-clean-20260615T214904Z/crates/ft-optim/src/lib.rs:6245:
         // Goldens from torch 2.12 (loss=sum(x^2), grad=2x, x0=[1,2], lr=0.1).
-        trial!("nadam_wd_l2", |x| NAdam::new(vec![x], 0.1).weight_decay(0.1), [
-            [0.89435482137, 1.894354821118],
-            [0.819973069097, 1.817897529255],
-            [0.752729265083, 1.747508499949],
-        ]);
-        trial!("nadam_wd_decoupled", |x| NAdam::new(vec![x], 0.1).weight_decay(0.1).decoupled_weight_decay(true), [
-            [0.884354821395, 1.874354821131],
-            [0.801542038243, 1.779533894298],
-            [0.727008098102, 1.69201969524],
-        ]);
-        trial!("radam_wd_l2", |x| RAdam::new(vec![x], 0.1).weight_decay(0.1), [
-            [0.79, 1.58],
-            [0.603210526316, 1.206421052632],
-            [0.438603806564, 0.877207613129],
-        ]);
-        trial!("radam_wd_decoupled", |x| RAdam::new(vec![x], 0.1).weight_decay(0.1).decoupled_weight_decay(true), [
-            [0.79, 1.58],
-            [0.604205263158, 1.208410526316],
-            [0.441321493688, 0.882642987376],
-        ]);
+        trial!(
+            "nadam_wd_l2",
+            |x| NAdam::new(vec![x], 0.1).weight_decay(0.1),
+            [
+                [0.89435482137, 1.894354821118],
+                [0.819973069097, 1.817897529255],
+                [0.752729265083, 1.747508499949],
+            ]
+        );
+        trial!(
+            "nadam_wd_decoupled",
+            |x| NAdam::new(vec![x], 0.1)
+                .weight_decay(0.1)
+                .decoupled_weight_decay(true),
+            [
+                [0.884354821395, 1.874354821131],
+                [0.801542038243, 1.779533894298],
+                [0.727008098102, 1.69201969524],
+            ]
+        );
+        trial!(
+            "radam_wd_l2",
+            |x| RAdam::new(vec![x], 0.1).weight_decay(0.1),
+            [
+                [0.79, 1.58],
+                [0.603210526316, 1.206421052632],
+                [0.438603806564, 0.877207613129],
+            ]
+        );
+        trial!(
+            "radam_wd_decoupled",
+            |x| RAdam::new(vec![x], 0.1)
+                .weight_decay(0.1)
+                .decoupled_weight_decay(true),
+            [
+                [0.79, 1.58],
+                [0.604205263158, 1.208410526316],
+                [0.441321493688, 0.882642987376],
+            ]
+        );

         let f = fails.borrow();
-        assert!(f.is_empty(), "optimizer divergences ({}): {:?}", f.len(), *f);
+        assert!(
+            f.is_empty(),
+            "optimizer divergences ({}): {:?}",
+            f.len(),
+            *f
+        );
     }

     #[test]
Diff in /data/projects/.scratch/frankentorch-ivorydeer-clean-20260615T214904Z/crates/ft-optim/src/lib.rs:6310:
             );
         }
         // amsgrad must actually diverge from plain Adam here.
-        assert!((adam[2] - ams[2]).abs() > 1e-6, "amsgrad did not change the trajectory");
+        assert!(
+            (adam[2] - ams[2]).abs() > 1e-6,
+            "amsgrad did not change the trajectory"
+        );

         // Same discriminator for AdamW (decoupled weight decay).
         let run_w = |amsgrad: bool| -> Vec<f64> {
Diff in /data/projects/.scratch/frankentorch-ivorydeer-clean-20260615T214904Z/crates/ft-optim/src/lib.rs:6955:
         // bit-for-bit identical to the serial Adam update. frankentorch-optpar.
         let n = super::OPTIM_PARALLEL_THRESHOLD + 7;
         let mut session = FrankenTorchSession::new(ExecutionMode::Strict);
-        let initial: Vec<f64> = (0..n).map(|i| ((i as f64) * 0.001).sin() * 2.0 - 0.3).collect();
+        let initial: Vec<f64> = (0..n)
+            .map(|i| ((i as f64) * 0.001).sin() * 2.0 - 0.3)
+            .collect();
         let x = session
             .tensor_variable(initial.clone(), vec![n], true)
             .expect("variable should succeed");
Diff in /data/projects/.scratch/frankentorch-ivorydeer-clean-20260615T214904Z/crates/ft-optim/src/lib.rs:6962:
         let (lr, b1, b2, eps, wd) = (0.125, 0.8, 0.9, 1e-6, 0.01);
-        let mut optimizer = Adam::new(vec![x], lr).betas(b1, b2).eps(eps).weight_decay(wd);
+        let mut optimizer = Adam::new(vec![x], lr)
+            .betas(b1, b2)
+            .eps(eps)
+            .weight_decay(wd);

         let loss_sum = session.tensor_sum(x).expect("sum should succeed");
-        let report = session.tensor_backward(loss_sum).expect("backward should succeed");
-        optimizer.step(&mut session, &report).expect("step should succeed");
+        let report = session
+            .tensor_backward(loss_sum)
+            .expect("backward should succeed");
+        optimizer
+            .step(&mut session, &report)
+            .expect("step should succeed");

         // Manual serial reference (grad = 1 everywhere from sum()).
         let bc1 = 1.0 - b1.powf(1.0);
Diff in /data/projects/.scratch/frankentorch-ivorydeer-clean-20260615T214904Z/crates/ft-optim/src/lib.rs:7648:
         // frankentorch-optpar.
         let n = super::OPTIM_PARALLEL_THRESHOLD + 5;
         let mut session = FrankenTorchSession::new(ExecutionMode::Strict);
-        let initial: Vec<f64> = (0..n).map(|i| ((i as f64) * 0.0007).cos() * 1.5 + 0.2).collect();
+        let initial: Vec<f64> = (0..n)
+            .map(|i| ((i as f64) * 0.0007).cos() * 1.5 + 0.2)
+            .collect();
         let x = session
             .tensor_variable(initial.clone(), vec![n], true)
             .expect("variable should succeed");
Diff in /data/projects/.scratch/frankentorch-ivorydeer-clean-20260615T214904Z/crates/ft-optim/src/lib.rs:7655:
         let (lr, b1, b2, eps, wd) = (0.1, 0.9, 0.999, 1e-8, 0.05);
-        let mut optimizer = AdamW::new(vec![x], lr).betas(b1, b2).eps(eps).weight_decay(wd);
+        let mut optimizer = AdamW::new(vec![x], lr)
+            .betas(b1, b2)
+            .eps(eps)
+            .weight_decay(wd);

         let loss_sum = session.tensor_sum(x).expect("sum should succeed");
-        let report = session.tensor_backward(loss_sum).expect("backward should succeed");
-        optimizer.step(&mut session, &report).expect("step should succeed");
+        let report = session
+            .tensor_backward(loss_sum)
+            .expect("backward should succeed");
+        optimizer
+            .step(&mut session, &report)
+            .expect("step should succeed");

         // Manual serial reference (grad = 1 from sum(); decoupled weight decay).
         let bc1 = 1.0 - b1.powf(1.0);
