  [2m2026-06-15T22:55:42.890648Z[0m [32m INFO[0m [1;32mrch::hook[0m[32m: [32mSelected worker: vmi1227854 at root@109.123.245.77 (2 slots remaining after reservation, speed 50.0)[0m
    [2;3mat[0m rch/src/hook.rs:514 [2;3mon[0m ThreadId(1)

  [2m2026-06-15T22:55:43.207843Z[0m [32m INFO[0m [1;32mrch::hook[0m[32m: [32mStarting remote compilation pipeline for frankentorch-ivorydeer-clean-20260615T214904Z (hash: b58f860600e5d1c4)[0m
    [2;3mat[0m rch/src/hook.rs:5994 [2;3mon[0m ThreadId(1)

  [2m2026-06-15T22:55:43.207893Z[0m [32m INFO[0m [1;32mrch::hook[0m[32m: [32mPrepared dependency sync manifest for 13 roots[0m
    [2;3mat[0m rch/src/hook.rs:6016 [2;3mon[0m ThreadId(1)

  [2m2026-06-15T22:55:44.762355Z[0m [32m INFO[0m [1;32mrch::hook[0m[32m: [32mSyncing project to worker vmi1227854...[0m
    [2;3mat[0m rch/src/hook.rs:6046 [2;3mon[0m ThreadId(1)

  [2m2026-06-15T22:55:44.762472Z[0m [32m INFO[0m [1;32mrch::transfer[0m[32m: [32mSyncing /data/projects/.scratch/frankentorch-ivorydeer-clean-20260615T214904Z -> /data/projects/.scratch/frankentorch-ivorydeer-clean-20260615T214904Z on vmi1227854[0m
    [2;3mat[0m rch/src/transfer.rs:1434 [2;3mon[0m ThreadId(1)

  [2m2026-06-15T22:55:47.151342Z[0m [32m INFO[0m [1;32mrch::transfer[0m[32m: [32mSync completed in 2388ms[0m
    [2;3mat[0m rch/src/transfer.rs:1503 [2;3mon[0m ThreadId(1)

  [2m2026-06-15T22:55:47.151509Z[0m [32m INFO[0m [1;32mrch::transfer[0m[32m: [32mSyncing /data/projects/.scratch/frankentorch-ivorydeer-clean-20260615T214904Z/crates/ft-api -> /data/projects/.scratch/frankentorch-ivorydeer-clean-20260615T214904Z/crates/ft-api on vmi1227854[0m
    [2;3mat[0m rch/src/transfer.rs:1434 [2;3mon[0m ThreadId(1)

  [2m2026-06-15T22:55:48.942829Z[0m [32m INFO[0m [1;32mrch::transfer[0m[32m: [32mSync completed in 1791ms[0m
    [2;3mat[0m rch/src/transfer.rs:1503 [2;3mon[0m ThreadId(1)

  [2m2026-06-15T22:55:48.942986Z[0m [32m INFO[0m [1;32mrch::transfer[0m[32m: [32mSyncing /data/projects/.scratch/frankentorch-ivorydeer-clean-20260615T214904Z/crates/ft-autograd -> /data/projects/.scratch/frankentorch-ivorydeer-clean-20260615T214904Z/crates/ft-autograd on vmi1227854[0m
    [2;3mat[0m rch/src/transfer.rs:1434 [2;3mon[0m ThreadId(1)

  [2m2026-06-15T22:55:50.734005Z[0m [32m INFO[0m [1;32mrch::transfer[0m[32m: [32mSync completed in 1791ms[0m
    [2;3mat[0m rch/src/transfer.rs:1503 [2;3mon[0m ThreadId(1)

  [2m2026-06-15T22:55:50.734189Z[0m [32m INFO[0m [1;32mrch::transfer[0m[32m: [32mSyncing /data/projects/.scratch/frankentorch-ivorydeer-clean-20260615T214904Z/crates/ft-conformance -> /data/projects/.scratch/frankentorch-ivorydeer-clean-20260615T214904Z/crates/ft-conformance on vmi1227854[0m
    [2;3mat[0m rch/src/transfer.rs:1434 [2;3mon[0m ThreadId(1)

  [2m2026-06-15T22:55:52.636895Z[0m [32m INFO[0m [1;32mrch::transfer[0m[32m: [32mSync completed in 1902ms[0m
    [2;3mat[0m rch/src/transfer.rs:1503 [2;3mon[0m ThreadId(1)

  [2m2026-06-15T22:55:52.637046Z[0m [32m INFO[0m [1;32mrch::transfer[0m[32m: [32mSyncing /data/projects/.scratch/frankentorch-ivorydeer-clean-20260615T214904Z/crates/ft-core -> /data/projects/.scratch/frankentorch-ivorydeer-clean-20260615T214904Z/crates/ft-core on vmi1227854[0m
    [2;3mat[0m rch/src/transfer.rs:1434 [2;3mon[0m ThreadId(1)

  [2m2026-06-15T22:55:54.533774Z[0m [32m INFO[0m [1;32mrch::transfer[0m[32m: [32mSync completed in 1896ms[0m
    [2;3mat[0m rch/src/transfer.rs:1503 [2;3mon[0m ThreadId(1)

  [2m2026-06-15T22:55:54.533925Z[0m [32m INFO[0m [1;32mrch::transfer[0m[32m: [32mSyncing /data/projects/.scratch/frankentorch-ivorydeer-clean-20260615T214904Z/crates/ft-data -> /data/projects/.scratch/frankentorch-ivorydeer-clean-20260615T214904Z/crates/ft-data on vmi1227854[0m
    [2;3mat[0m rch/src/transfer.rs:1434 [2;3mon[0m ThreadId(1)

  [2m2026-06-15T22:55:56.415928Z[0m [32m INFO[0m [1;32mrch::transfer[0m[32m: [32mSync completed in 1881ms[0m
    [2;3mat[0m rch/src/transfer.rs:1503 [2;3mon[0m ThreadId(1)

  [2m2026-06-15T22:55:56.416135Z[0m [32m INFO[0m [1;32mrch::transfer[0m[32m: [32mSyncing /data/projects/.scratch/frankentorch-ivorydeer-clean-20260615T214904Z/crates/ft-device -> /data/projects/.scratch/frankentorch-ivorydeer-clean-20260615T214904Z/crates/ft-device on vmi1227854[0m
    [2;3mat[0m rch/src/transfer.rs:1434 [2;3mon[0m ThreadId(1)

  [2m2026-06-15T22:55:58.210296Z[0m [32m INFO[0m [1;32mrch::transfer[0m[32m: [32mSync completed in 1794ms[0m
    [2;3mat[0m rch/src/transfer.rs:1503 [2;3mon[0m ThreadId(1)

  [2m2026-06-15T22:55:58.210478Z[0m [32m INFO[0m [1;32mrch::transfer[0m[32m: [32mSyncing /data/projects/.scratch/frankentorch-ivorydeer-clean-20260615T214904Z/crates/ft-dispatch -> /data/projects/.scratch/frankentorch-ivorydeer-clean-20260615T214904Z/crates/ft-dispatch on vmi1227854[0m
    [2;3mat[0m rch/src/transfer.rs:1434 [2;3mon[0m ThreadId(1)

  [2m2026-06-15T22:56:00.060632Z[0m [32m INFO[0m [1;32mrch::transfer[0m[32m: [32mSync completed in 1850ms[0m
    [2;3mat[0m rch/src/transfer.rs:1503 [2;3mon[0m ThreadId(1)

  [2m2026-06-15T22:56:00.060798Z[0m [32m INFO[0m [1;32mrch::transfer[0m[32m: [32mSyncing /data/projects/.scratch/frankentorch-ivorydeer-clean-20260615T214904Z/crates/ft-kernel-cpu -> /data/projects/.scratch/frankentorch-ivorydeer-clean-20260615T214904Z/crates/ft-kernel-cpu on vmi1227854[0m
    [2;3mat[0m rch/src/transfer.rs:1434 [2;3mon[0m ThreadId(1)

  [2m2026-06-15T22:56:01.881372Z[0m [32m INFO[0m [1;32mrch::transfer[0m[32m: [32mSync completed in 1820ms[0m
    [2;3mat[0m rch/src/transfer.rs:1503 [2;3mon[0m ThreadId(1)

  [2m2026-06-15T22:56:01.881547Z[0m [32m INFO[0m [1;32mrch::transfer[0m[32m: [32mSyncing /data/projects/.scratch/frankentorch-ivorydeer-clean-20260615T214904Z/crates/ft-nn -> /data/projects/.scratch/frankentorch-ivorydeer-clean-20260615T214904Z/crates/ft-nn on vmi1227854[0m
    [2;3mat[0m rch/src/transfer.rs:1434 [2;3mon[0m ThreadId(1)

  [2m2026-06-15T22:56:03.781836Z[0m [32m INFO[0m [1;32mrch::transfer[0m[32m: [32mSync completed in 1900ms[0m
    [2;3mat[0m rch/src/transfer.rs:1503 [2;3mon[0m ThreadId(1)

  [2m2026-06-15T22:56:03.782007Z[0m [32m INFO[0m [1;32mrch::transfer[0m[32m: [32mSyncing /data/projects/.scratch/frankentorch-ivorydeer-clean-20260615T214904Z/crates/ft-optim -> /data/projects/.scratch/frankentorch-ivorydeer-clean-20260615T214904Z/crates/ft-optim on vmi1227854[0m
    [2;3mat[0m rch/src/transfer.rs:1434 [2;3mon[0m ThreadId(1)

  [2m2026-06-15T22:56:05.635118Z[0m [32m INFO[0m [1;32mrch::transfer[0m[32m: [32mSync completed in 1853ms[0m
    [2;3mat[0m rch/src/transfer.rs:1503 [2;3mon[0m ThreadId(1)

  [2m2026-06-15T22:56:05.635262Z[0m [32m INFO[0m [1;32mrch::transfer[0m[32m: [32mSyncing /data/projects/.scratch/frankentorch-ivorydeer-clean-20260615T214904Z/crates/ft-runtime -> /data/projects/.scratch/frankentorch-ivorydeer-clean-20260615T214904Z/crates/ft-runtime on vmi1227854[0m
    [2;3mat[0m rch/src/transfer.rs:1434 [2;3mon[0m ThreadId(1)

  [2m2026-06-15T22:56:07.534225Z[0m [32m INFO[0m [1;32mrch::transfer[0m[32m: [32mSync completed in 1898ms[0m
    [2;3mat[0m rch/src/transfer.rs:1503 [2;3mon[0m ThreadId(1)

  [2m2026-06-15T22:56:07.534363Z[0m [32m INFO[0m [1;32mrch::transfer[0m[32m: [32mSyncing /data/projects/.scratch/frankentorch-ivorydeer-clean-20260615T214904Z/crates/ft-serialize -> /data/projects/.scratch/frankentorch-ivorydeer-clean-20260615T214904Z/crates/ft-serialize on vmi1227854[0m
    [2;3mat[0m rch/src/transfer.rs:1434 [2;3mon[0m ThreadId(1)

  [2m2026-06-15T22:56:09.416271Z[0m [32m INFO[0m [1;32mrch::transfer[0m[32m: [32mSync completed in 1881ms[0m
    [2;3mat[0m rch/src/transfer.rs:1503 [2;3mon[0m ThreadId(1)

  [2m2026-06-15T22:56:09.416326Z[0m [32m INFO[0m [1;32mrch::hook[0m[32m: [32mSync complete: 3009 files, 129137 bytes in 24645ms[0m
    [2;3mat[0m rch/src/hook.rs:6209 [2;3mon[0m ThreadId(1)

  [2m2026-06-15T22:56:14.948869Z[0m [32m INFO[0m [1;32mrch::hook[0m[32m: [32mExecuting command remotely: cargo clippy -j 1 -p ft-optim --all-targets --no-deps -- -D warnings[0m
    [2;3mat[0m rch/src/hook.rs:6252 [2;3mon[0m ThreadId(1)

  [2m2026-06-15T22:56:14.948960Z[0m [32m INFO[0m [1;32mrch::transfer[0m[32m: [32mRewriting CARGO_TARGET_DIR for remote execution (worker-scoped path): /data/tmp/cargo-target -> /data/projects/.scratch/frankentorch-ivorydeer-clean-20260615T214904Z/.rch-target-vmi1227854-job-29884606035534007-1781564144762347712-0[0m
    [2;3mat[0m rch/src/transfer.rs:712 [2;3mon[0m ThreadId(1)

    Updating crates.io index
 Downloading crates ...
  Downloaded autocfg v1.5.0
  Downloaded anes v0.1.6
  Downloaded bytemuck v1.25.0
  Downloaded anstyle v1.0.14
  Downloaded bytemuck_derive v1.10.2
  Downloaded aho-corasick v1.1.4
  Downloaded cfg-if v1.0.4
  Downloaded itertools v0.10.5
  Downloaded same-file v1.0.6
  Downloaded cast v0.3.0
  Downloaded criterion-plot v0.5.0
  Downloaded itoa v1.0.18
  Downloaded crossbeam-deque v0.8.6
  Downloaded is-terminal v0.4.17
  Downloaded tinytemplate v1.2.1
  Downloaded crossbeam-utils v0.8.21
  Downloaded zmij v1.0.21
  Downloaded plotters-backend v0.3.7
  Downloaded crossbeam-epoch v0.9.18
  Downloaded ciborium v0.2.2
  Downloaded ciborium-io v0.2.2
  Downloaded plotters-svg v0.3.7
  Downloaded rawpointer v0.2.1
  Downloaded ciborium-ll v0.2.2
  Downloaded quote v1.0.45
  Downloaded walkdir v2.5.0
  Downloaded clap_lex v1.1.0
  Downloaded num-complex v0.4.6
  Downloaded num-traits v0.2.19
  Downloaded once_cell v1.21.4
  Downloaded oorandom v11.1.5
  Downloaded either v1.15.0
  Downloaded serde v1.0.228
  Downloaded serde_derive v1.0.228
  Downloaded unicode-ident v1.0.24
  Downloaded clap v4.6.1
  Downloaded proc-macro2 v1.0.106
  Downloaded safe_arch v0.7.4
  Downloaded zerocopy-derive v0.8.48
  Downloaded half v2.7.1
  Downloaded rayon v1.12.0
  Downloaded serde_core v1.0.228
  Downloaded matrixmultiply v0.3.10
  Downloaded rayon-core v1.13.0
  Downloaded memchr v2.8.0
  Downloaded wide v0.7.33
  Downloaded criterion v0.5.1
  Downloaded clap_builder v4.6.0
  Downloaded libm v0.2.16
  Downloaded plotters v0.3.7
  Downloaded serde_json v1.0.149
  Downloaded regex v1.12.3
  Downloaded syn v2.0.117
  Downloaded zerocopy v0.8.48
  Downloaded regex-syntax v0.8.10
  Downloaded regex-automata v0.4.14
  Downloaded libc v0.2.185
   Compiling proc-macro2 v1.0.106
   Compiling quote v1.0.45
   Compiling unicode-ident v1.0.24
   Compiling syn v2.0.117
   Compiling autocfg v1.5.0
   Compiling bytemuck_derive v1.10.2
    Checking bytemuck v1.25.0
   Compiling zerocopy v0.8.48
   Compiling num-traits v0.2.19
   Compiling zerocopy-derive v0.8.48
   Compiling crossbeam-utils v0.8.21
    Checking cfg-if v1.0.4
    Checking half v2.7.1
    Checking crossbeam-epoch v0.9.18
   Compiling rayon-core v1.13.0
    Checking either v1.15.0
    Checking crossbeam-deque v0.8.6
    Checking num-complex v0.4.6
   Compiling matrixmultiply v0.3.10
   Compiling libm v0.2.16
    Checking ft-core v0.1.0 (/data/projects/.scratch/frankentorch-ivorydeer-clean-20260615T214904Z/crates/ft-core)
    Checking rayon v1.12.0
    Checking safe_arch v0.7.4
    Checking rawpointer v0.2.1
   Compiling serde_core v1.0.228
    Checking wide v0.7.33
    Checking ft-kernel-cpu v0.1.0 (/data/projects/.scratch/frankentorch-ivorydeer-clean-20260615T214904Z/crates/ft-kernel-cpu)
   Compiling zmij v1.0.21
   Compiling serde v1.0.228
    Checking ft-dispatch v0.1.0 (/data/projects/.scratch/frankentorch-ivorydeer-clean-20260615T214904Z/crates/ft-dispatch)
   Compiling serde_derive v1.0.228
   Compiling libc v0.2.185
   Compiling serde_json v1.0.149
    Checking ft-autograd v0.1.0 (/data/projects/.scratch/frankentorch-ivorydeer-clean-20260615T214904Z/crates/ft-autograd)
    Checking ft-runtime v0.1.0 (/data/projects/.scratch/frankentorch-ivorydeer-clean-20260615T214904Z/crates/ft-runtime)
    Checking memchr v2.8.0
    Checking plotters-backend v0.3.7
    Checking anstyle v1.0.14
    Checking regex-syntax v0.8.10
    Checking ciborium-io v0.2.2
    Checking itoa v1.0.18
    Checking clap_lex v1.1.0
    Checking clap_builder v4.6.0
    Checking ciborium-ll v0.2.2
    Checking regex-automata v0.4.14
    Checking plotters-svg v0.3.7
    Checking ft-api v0.1.0 (/data/projects/.scratch/frankentorch-ivorydeer-clean-20260615T214904Z/crates/ft-api)
    Checking itertools v0.10.5
    Checking same-file v1.0.6
    Checking cast v0.3.0
    Checking criterion-plot v0.5.0
    Checking walkdir v2.5.0
    Checking is-terminal v0.4.17
    Checking plotters v0.3.7
    Checking regex v1.12.3
    Checking ciborium v0.2.2
    Checking tinytemplate v1.2.1
    Checking clap v4.6.1
    Checking anes v0.1.6
    Checking oorandom v11.1.5
    Checking once_cell v1.21.4
    Checking criterion v0.5.1
    Checking ft-nn v0.1.0 (/data/projects/.scratch/frankentorch-ivorydeer-clean-20260615T214904Z/crates/ft-nn)
warning: variable does not need to be mutable
    --> crates/ft-nn/src/lib.rs:4776:18
     |
4776 |         let Some(mut q_heads) = Self::no_grad_f64_projection_values(
     |                  ----^^^^^^^
     |                  |
     |                  help: remove this `mut`
     |
     = note: `#[warn(unused_mut)]` (part of `#[warn(unused)]`) on by default

warning: `ft-nn` (lib) generated 1 warning (run `cargo clippy --fix --lib -p ft-nn -- --no-deps -D warnings` to apply 1 suggestion)
    Checking ft-optim v0.1.0 (/data/projects/.scratch/frankentorch-ivorydeer-clean-20260615T214904Z/crates/ft-optim)
error: the loop variable `i` is used to index `want_lr_lin`
     --> crates/ft-optim/src/lib.rs:10423:18
      |
10423 |         for i in 0..10 {
      |                  ^^^^^
      |
      = help: for further information visit https://rust-lang.github.io/rust-clippy/master/index.html#needless_range_loop
      = note: `-D clippy::needless-range-loop` implied by `-D warnings`
      = help: to override `-D warnings` add `#[allow(clippy::needless_range_loop)]`
help: consider using an iterator and enumerate()
      |
10423 -         for i in 0..10 {
10423 +         for (i, <item>) in want_lr_lin.iter().enumerate() {
      |

error: could not compile `ft-optim` (lib test) due to 1 previous error
  [2m2026-06-15T22:57:01.194423Z[0m [32m INFO[0m [1;32mrch::hook[0m[32m: [32mRemote command finished: exit=101 in 46245ms[0m
    [2;3mat[0m rch/src/hook.rs:6376 [2;3mon[0m ThreadId(1)

[RCH] remote vmi1227854 failed (exit 101)
