  [2m2026-06-08T09:37:44.543154Z[0m [32m INFO[0m [1;32mrch::hook[0m[32m: [32mSelected worker: vmi1167313 at ubuntu@154.12.232.219 (2 slots remaining after reservation, speed 50.0)[0m
    [2;3mat[0m rch/src/hook.rs:514 [2;3mon[0m ThreadId(1)

  [2m2026-06-08T09:37:44.887504Z[0m [32m INFO[0m [1;32mrch::hook[0m[32m: [32mStarting remote compilation pipeline for frankentorch (hash: 78ab156102a58c4c)[0m
    [2;3mat[0m rch/src/hook.rs:5994 [2;3mon[0m ThreadId(1)

  [2m2026-06-08T09:37:44.887541Z[0m [32m INFO[0m [1;32mrch::hook[0m[32m: [32mPrepared dependency sync manifest for 13 roots[0m
    [2;3mat[0m rch/src/hook.rs:6016 [2;3mon[0m ThreadId(1)

  [2m2026-06-08T09:37:45.551403Z[0m [32m INFO[0m [1;32mrch::hook[0m[32m: [32mSyncing project to worker vmi1167313...[0m
    [2;3mat[0m rch/src/hook.rs:6046 [2;3mon[0m ThreadId(1)

  [2m2026-06-08T09:37:45.551461Z[0m [32m INFO[0m [1;32mrch::transfer[0m[32m: [32mSyncing /data/projects/frankentorch -> /data/projects/frankentorch on vmi1167313[0m
    [2;3mat[0m rch/src/transfer.rs:1400 [2;3mon[0m ThreadId(1)

  [2m2026-06-08T09:37:48.582882Z[0m [32m INFO[0m [1;32mrch::transfer[0m[32m: [32mSync completed in 3031ms[0m
    [2;3mat[0m rch/src/transfer.rs:1469 [2;3mon[0m ThreadId(1)

  [2m2026-06-08T09:37:48.582942Z[0m [32m INFO[0m [1;32mrch::transfer[0m[32m: [32mSyncing /data/projects/frankentorch/crates/ft-api -> /data/projects/frankentorch/crates/ft-api on vmi1167313[0m
    [2;3mat[0m rch/src/transfer.rs:1400 [2;3mon[0m ThreadId(1)

  [2m2026-06-08T09:37:49.106709Z[0m [32m INFO[0m [1;32mrch::transfer[0m[32m: [32mSync completed in 523ms[0m
    [2;3mat[0m rch/src/transfer.rs:1469 [2;3mon[0m ThreadId(1)

  [2m2026-06-08T09:37:49.106788Z[0m [32m INFO[0m [1;32mrch::transfer[0m[32m: [32mSyncing /data/projects/frankentorch/crates/ft-autograd -> /data/projects/frankentorch/crates/ft-autograd on vmi1167313[0m
    [2;3mat[0m rch/src/transfer.rs:1400 [2;3mon[0m ThreadId(1)

  [2m2026-06-08T09:37:49.636934Z[0m [32m INFO[0m [1;32mrch::transfer[0m[32m: [32mSync completed in 530ms[0m
    [2;3mat[0m rch/src/transfer.rs:1469 [2;3mon[0m ThreadId(1)

  [2m2026-06-08T09:37:49.637008Z[0m [32m INFO[0m [1;32mrch::transfer[0m[32m: [32mSyncing /data/projects/frankentorch/crates/ft-conformance -> /data/projects/frankentorch/crates/ft-conformance on vmi1167313[0m
    [2;3mat[0m rch/src/transfer.rs:1400 [2;3mon[0m ThreadId(1)

  [2m2026-06-08T09:37:50.151287Z[0m [32m INFO[0m [1;32mrch::transfer[0m[32m: [32mSync completed in 514ms[0m
    [2;3mat[0m rch/src/transfer.rs:1469 [2;3mon[0m ThreadId(1)

  [2m2026-06-08T09:37:50.151353Z[0m [32m INFO[0m [1;32mrch::transfer[0m[32m: [32mSyncing /data/projects/frankentorch/crates/ft-core -> /data/projects/frankentorch/crates/ft-core on vmi1167313[0m
    [2;3mat[0m rch/src/transfer.rs:1400 [2;3mon[0m ThreadId(1)

  [2m2026-06-08T09:37:50.819588Z[0m [32m INFO[0m [1;32mrch::transfer[0m[32m: [32mSync completed in 668ms[0m
    [2;3mat[0m rch/src/transfer.rs:1469 [2;3mon[0m ThreadId(1)

  [2m2026-06-08T09:37:50.819675Z[0m [32m INFO[0m [1;32mrch::transfer[0m[32m: [32mSyncing /data/projects/frankentorch/crates/ft-data -> /data/projects/frankentorch/crates/ft-data on vmi1167313[0m
    [2;3mat[0m rch/src/transfer.rs:1400 [2;3mon[0m ThreadId(1)

  [2m2026-06-08T09:37:51.384936Z[0m [32m INFO[0m [1;32mrch::transfer[0m[32m: [32mSync completed in 565ms[0m
    [2;3mat[0m rch/src/transfer.rs:1469 [2;3mon[0m ThreadId(1)

  [2m2026-06-08T09:37:51.385002Z[0m [32m INFO[0m [1;32mrch::transfer[0m[32m: [32mSyncing /data/projects/frankentorch/crates/ft-device -> /data/projects/frankentorch/crates/ft-device on vmi1167313[0m
    [2;3mat[0m rch/src/transfer.rs:1400 [2;3mon[0m ThreadId(1)

  [2m2026-06-08T09:37:51.907163Z[0m [32m INFO[0m [1;32mrch::transfer[0m[32m: [32mSync completed in 522ms[0m
    [2;3mat[0m rch/src/transfer.rs:1469 [2;3mon[0m ThreadId(1)

  [2m2026-06-08T09:37:51.907235Z[0m [32m INFO[0m [1;32mrch::transfer[0m[32m: [32mSyncing /data/projects/frankentorch/crates/ft-dispatch -> /data/projects/frankentorch/crates/ft-dispatch on vmi1167313[0m
    [2;3mat[0m rch/src/transfer.rs:1400 [2;3mon[0m ThreadId(1)

  [2m2026-06-08T09:37:52.407868Z[0m [32m INFO[0m [1;32mrch::transfer[0m[32m: [32mSync completed in 500ms[0m
    [2;3mat[0m rch/src/transfer.rs:1469 [2;3mon[0m ThreadId(1)

  [2m2026-06-08T09:37:52.407988Z[0m [32m INFO[0m [1;32mrch::transfer[0m[32m: [32mSyncing /data/projects/frankentorch/crates/ft-kernel-cpu -> /data/projects/frankentorch/crates/ft-kernel-cpu on vmi1167313[0m
    [2;3mat[0m rch/src/transfer.rs:1400 [2;3mon[0m ThreadId(1)

  [2m2026-06-08T09:37:52.907050Z[0m [32m INFO[0m [1;32mrch::transfer[0m[32m: [32mSync completed in 499ms[0m
    [2;3mat[0m rch/src/transfer.rs:1469 [2;3mon[0m ThreadId(1)

  [2m2026-06-08T09:37:52.907110Z[0m [32m INFO[0m [1;32mrch::transfer[0m[32m: [32mSyncing /data/projects/frankentorch/crates/ft-nn -> /data/projects/frankentorch/crates/ft-nn on vmi1167313[0m
    [2;3mat[0m rch/src/transfer.rs:1400 [2;3mon[0m ThreadId(1)

  [2m2026-06-08T09:37:53.581606Z[0m [32m INFO[0m [1;32mrch::transfer[0m[32m: [32mSync completed in 674ms[0m
    [2;3mat[0m rch/src/transfer.rs:1469 [2;3mon[0m ThreadId(1)

  [2m2026-06-08T09:37:53.581672Z[0m [32m INFO[0m [1;32mrch::transfer[0m[32m: [32mSyncing /data/projects/frankentorch/crates/ft-optim -> /data/projects/frankentorch/crates/ft-optim on vmi1167313[0m
    [2;3mat[0m rch/src/transfer.rs:1400 [2;3mon[0m ThreadId(1)

  [2m2026-06-08T09:37:54.153359Z[0m [32m INFO[0m [1;32mrch::transfer[0m[32m: [32mSync completed in 571ms[0m
    [2;3mat[0m rch/src/transfer.rs:1469 [2;3mon[0m ThreadId(1)

  [2m2026-06-08T09:37:54.153437Z[0m [32m INFO[0m [1;32mrch::transfer[0m[32m: [32mSyncing /data/projects/frankentorch/crates/ft-runtime -> /data/projects/frankentorch/crates/ft-runtime on vmi1167313[0m
    [2;3mat[0m rch/src/transfer.rs:1400 [2;3mon[0m ThreadId(1)

  [2m2026-06-08T09:37:54.696086Z[0m [32m INFO[0m [1;32mrch::transfer[0m[32m: [32mSync completed in 542ms[0m
    [2;3mat[0m rch/src/transfer.rs:1469 [2;3mon[0m ThreadId(1)

  [2m2026-06-08T09:37:54.696152Z[0m [32m INFO[0m [1;32mrch::transfer[0m[32m: [32mSyncing /data/projects/frankentorch/crates/ft-serialize -> /data/projects/frankentorch/crates/ft-serialize on vmi1167313[0m
    [2;3mat[0m rch/src/transfer.rs:1400 [2;3mon[0m ThreadId(1)

  [2m2026-06-08T09:37:55.174248Z[0m [32m INFO[0m [1;32mrch::transfer[0m[32m: [32mSync completed in 478ms[0m
    [2;3mat[0m rch/src/transfer.rs:1469 [2;3mon[0m ThreadId(1)

  [2m2026-06-08T09:37:55.174283Z[0m [32m INFO[0m [1;32mrch::hook[0m[32m: [32mSync complete: 50976 files, 1820352 bytes in 9617ms[0m
    [2;3mat[0m rch/src/hook.rs:6209 [2;3mon[0m ThreadId(1)

  [2m2026-06-08T09:37:56.737607Z[0m [32m INFO[0m [1;32mrch::hook[0m[32m: [32mExecuting command remotely: cargo bench -p ft-api --bench ops_bench -- knn_search/8192x512_k8 --warm-up-time 1 --measurement-time 5 --sample-size 20[0m
    [2;3mat[0m rch/src/hook.rs:6257 [2;3mon[0m ThreadId(1)

  [2m2026-06-08T09:37:56.737653Z[0m [32m INFO[0m [1;32mrch::transfer[0m[32m: [32mRewriting CARGO_TARGET_DIR for remote execution (worker-scoped path): /data/tmp/cargo-target -> /data/projects/frankentorch/.rch-target-vmi1167313-job-29878602124230889-1780911465551394819-0[0m
    [2;3mat[0m rch/src/transfer.rs:712 [2;3mon[0m ThreadId(1)

    Updating crates.io index
 Downloading crates ...
  Downloaded ciborium-io v0.2.2
  Downloaded ciborium-ll v0.2.2
  Downloaded clap_lex v1.1.0
  Downloaded is-terminal v0.4.17
  Downloaded either v1.15.0
  Downloaded rawpointer v0.2.1
  Downloaded anes v0.1.6
  Downloaded crossbeam-epoch v0.9.18
  Downloaded plotters-svg v0.3.7
  Downloaded same-file v1.0.6
  Downloaded crossbeam-utils v0.8.21
  Downloaded tinytemplate v1.2.1
  Downloaded half v2.7.1
  Downloaded zmij v1.0.21
  Downloaded plotters-backend v0.3.7
  Downloaded clap v4.6.1
  Downloaded serde_core v1.0.228
  Downloaded walkdir v2.5.0
  Downloaded serde v1.0.228
  Downloaded rayon-core v1.13.0
  Downloaded zerocopy-derive v0.8.48
  Downloaded wide v0.7.33
  Downloaded serde_json v1.0.149
  Downloaded regex v1.12.3
  Downloaded rayon v1.12.0
  Downloaded libm v0.2.16
  Downloaded plotters v0.3.7
  Downloaded clap_builder v4.6.0
  Downloaded itertools v0.10.5
  Downloaded aho-corasick v1.1.4
  Downloaded criterion v0.5.1
  Downloaded zerocopy v0.8.48
  Downloaded syn v2.0.117
  Downloaded proc-macro2 v1.0.106
  Downloaded regex-syntax v0.8.10
  Downloaded memchr v2.8.0
  Downloaded unicode-ident v1.0.24
  Downloaded serde_derive v1.0.228
  Downloaded safe_arch v0.7.4
  Downloaded num-traits v0.2.19
  Downloaded matrixmultiply v0.3.10
  Downloaded num-complex v0.4.6
  Downloaded quote v1.0.45
  Downloaded once_cell v1.21.4
  Downloaded bytemuck v1.25.0
  Downloaded oorandom v11.1.5
  Downloaded crossbeam-deque v0.8.6
  Downloaded criterion-plot v0.5.0
  Downloaded regex-automata v0.4.14
  Downloaded ciborium v0.2.2
  Downloaded itoa v1.0.18
  Downloaded bytemuck_derive v1.10.2
  Downloaded anstyle v1.0.14
  Downloaded autocfg v1.5.0
  Downloaded cast v0.3.0
  Downloaded cfg-if v1.0.4
  Downloaded libc v0.2.185
   Compiling proc-macro2 v1.0.106
   Compiling quote v1.0.45
   Compiling unicode-ident v1.0.24
   Compiling autocfg v1.5.0
   Compiling zerocopy v0.8.48
   Compiling crossbeam-utils v0.8.21
   Compiling cfg-if v1.0.4
   Compiling rayon-core v1.13.0
   Compiling either v1.15.0
   Compiling serde_core v1.0.228
   Compiling libm v0.2.16
   Compiling serde v1.0.228
   Compiling num-traits v0.2.19
   Compiling matrixmultiply v0.3.10
   Compiling crossbeam-epoch v0.9.18
   Compiling rawpointer v0.2.1
   Compiling syn v2.0.117
   Compiling crossbeam-deque v0.8.6
   Compiling zmij v1.0.21
   Compiling num-complex v0.4.6
   Compiling rayon v1.12.0
   Compiling libc v0.2.185
   Compiling serde_json v1.0.149
   Compiling plotters-backend v0.3.7
   Compiling ciborium-io v0.2.2
   Compiling anstyle v1.0.14
   Compiling clap_lex v1.1.0
   Compiling memchr v2.8.0
   Compiling regex-syntax v0.8.10
   Compiling itoa v1.0.18
   Compiling clap_builder v4.6.0
   Compiling plotters-svg v0.3.7
   Compiling bytemuck_derive v1.10.2
   Compiling zerocopy-derive v0.8.48
   Compiling serde_derive v1.0.228
   Compiling bytemuck v1.25.0
   Compiling safe_arch v0.7.4
   Compiling wide v0.7.33
   Compiling regex-automata v0.4.14
   Compiling itertools v0.10.5
   Compiling same-file v1.0.6
   Compiling cast v0.3.0
   Compiling walkdir v2.5.0
   Compiling half v2.7.1
   Compiling ft-core v0.1.0 (/data/projects/frankentorch/crates/ft-core)
   Compiling ciborium-ll v0.2.2
   Compiling criterion-plot v0.5.0
   Compiling ciborium v0.2.2
   Compiling ft-kernel-cpu v0.1.0 (/data/projects/frankentorch/crates/ft-kernel-cpu)
   Compiling ft-runtime v0.1.0 (/data/projects/frankentorch/crates/ft-runtime)
   Compiling tinytemplate v1.2.1
   Compiling regex v1.12.3
   Compiling clap v4.6.1
   Compiling is-terminal v0.4.17
   Compiling plotters v0.3.7
   Compiling anes v0.1.6
   Compiling oorandom v11.1.5
   Compiling once_cell v1.21.4
   Compiling criterion v0.5.1
   Compiling ft-dispatch v0.1.0 (/data/projects/frankentorch/crates/ft-dispatch)
   Compiling ft-autograd v0.1.0 (/data/projects/frankentorch/crates/ft-autograd)
   Compiling ft-api v0.1.0 (/data/projects/frankentorch/crates/ft-api)
    Finished `bench` profile [optimized + debuginfo] target(s) in 3m 01s
     Running benches/ops_bench.rs (.rch-target-vmi1167313-job-29878602124230889-1780911465551394819-0/release/deps/ops_bench-f1f85e4b56fe7759)
Gnuplot not found, using plotters backend
Benchmarking knn_search/8192x512_k8
Benchmarking knn_search/8192x512_k8: Warming up for 1.0000 s
Benchmarking knn_search/8192x512_k8: Collecting 20 samples in estimated 6.6521 s (840 iterations)
Benchmarking knn_search/8192x512_k8: Analyzing
knn_search/8192x512_k8  time:   [8.0757 ms 8.4273 ms 8.7614 ms]
                        thrpt:  [478.73 Melem/s 497.71 Melem/s 519.37 Melem/s]

  [2m2026-06-08T09:41:08.929093Z[0m [32m INFO[0m [1;32mrch::hook[0m[32m: [32mRemote command finished: exit=0 in 192191ms[0m
    [2;3mat[0m rch/src/hook.rs:6381 [2;3mon[0m ThreadId(1)

  [2m2026-06-08T09:41:08.929435Z[0m [32m INFO[0m [1;32mrch::hook[0m[32m: [32mRetrieving build artifacts...[0m
    [2;3mat[0m rch/src/hook.rs:6430 [2;3mon[0m ThreadId(1)

  [2m2026-06-08T09:41:08.929467Z[0m [32m INFO[0m [1;32mrch::transfer[0m[32m: [32mRetrieving artifacts from /data/projects/frankentorch on vmi1167313[0m
    [2;3mat[0m rch/src/transfer.rs:2072 [2;3mon[0m ThreadId(1)

  [2m2026-06-08T09:41:09.404879Z[0m [32m INFO[0m [1;32mrch::transfer[0m[32m: [32mArtifacts retrieved in 475ms (1 files, 3319 bytes)[0m
    [2;3mat[0m rch/src/transfer.rs:2111 [2;3mon[0m ThreadId(1)

  [2m2026-06-08T09:41:09.404903Z[0m [32m INFO[0m [1;32mrch::hook[0m[32m: [32mArtifacts retrieved: 1 files, 3319 bytes in 475ms[0m
    [2;3mat[0m rch/src/hook.rs:6463 [2;3mon[0m ThreadId(1)

  [2m2026-06-08T09:41:09.404991Z[0m [32m INFO[0m [1;32mrch::transfer[0m[32m: [32mRetrieving artifacts from /data/projects/frankentorch/.rch-target-vmi1167313-job-29878602124230889-1780911465551394819-0 on vmi1167313[0m
    [2;3mat[0m rch/src/transfer.rs:2072 [2;3mon[0m ThreadId(1)

  [2m2026-06-08T09:41:09.915791Z[0m [32m INFO[0m [1;32mrch::transfer[0m[32m: [32mArtifacts retrieved in 510ms (28 files, 2329 bytes)[0m
    [2;3mat[0m rch/src/transfer.rs:2111 [2;3mon[0m ThreadId(1)

  [2m2026-06-08T09:41:09.915820Z[0m [32m INFO[0m [1;32mrch::hook[0m[32m: [32mCustom CARGO_TARGET_DIR artifacts retrieved: 28 files, 2329 bytes in 510ms[0m
    [2;3mat[0m rch/src/hook.rs:6587 [2;3mon[0m ThreadId(1)

[RCH] remote vmi1167313 (205.4s)
