  [2m2026-06-15T21:26:29.141282Z[0m [32m INFO[0m [1;32mrch::hook[0m[32m: [32mSelected worker: ovh-a at ubuntu@51.222.245.56 (4 slots remaining after reservation, speed 50.0)[0m
    [2;3mat[0m rch/src/hook.rs:514 [2;3mon[0m ThreadId(1)

  [2m2026-06-15T21:26:29.470027Z[0m [32m INFO[0m [1;32mrch::hook[0m[32m: [32mStarting remote compilation pipeline for frankentorch (hash: 0ec0772f2c4d842e)[0m
    [2;3mat[0m rch/src/hook.rs:5994 [2;3mon[0m ThreadId(1)

  [2m2026-06-15T21:26:29.470061Z[0m [32m INFO[0m [1;32mrch::hook[0m[32m: [32mPrepared dependency sync manifest for 13 roots[0m
    [2;3mat[0m rch/src/hook.rs:6016 [2;3mon[0m ThreadId(1)

  [2m2026-06-15T21:26:30.206176Z[0m [32m INFO[0m [1;32mrch::hook[0m[32m: [32mSyncing project to worker ovh-a...[0m
    [2;3mat[0m rch/src/hook.rs:6046 [2;3mon[0m ThreadId(1)

  [2m2026-06-15T21:26:30.206240Z[0m [32m INFO[0m [1;32mrch::transfer[0m[32m: [32mSyncing /data/projects/frankentorch -> /data/projects/frankentorch on ovh-a[0m
    [2;3mat[0m rch/src/transfer.rs:1434 [2;3mon[0m ThreadId(1)

  [2m2026-06-15T21:26:32.149633Z[0m [32m INFO[0m [1;32mrch::transfer[0m[32m: [32mSync completed in 1943ms[0m
    [2;3mat[0m rch/src/transfer.rs:1503 [2;3mon[0m ThreadId(1)

  [2m2026-06-15T21:26:32.149714Z[0m [32m INFO[0m [1;32mrch::transfer[0m[32m: [32mSyncing /data/projects/frankentorch/crates/ft-api -> /data/projects/frankentorch/crates/ft-api on ovh-a[0m
    [2;3mat[0m rch/src/transfer.rs:1434 [2;3mon[0m ThreadId(1)

  [2m2026-06-15T21:26:32.604347Z[0m [32m INFO[0m [1;32mrch::transfer[0m[32m: [32mSync completed in 454ms[0m
    [2;3mat[0m rch/src/transfer.rs:1503 [2;3mon[0m ThreadId(1)

  [2m2026-06-15T21:26:32.604436Z[0m [32m INFO[0m [1;32mrch::transfer[0m[32m: [32mSyncing /data/projects/frankentorch/crates/ft-autograd -> /data/projects/frankentorch/crates/ft-autograd on ovh-a[0m
    [2;3mat[0m rch/src/transfer.rs:1434 [2;3mon[0m ThreadId(1)

  [2m2026-06-15T21:26:33.130468Z[0m [32m INFO[0m [1;32mrch::transfer[0m[32m: [32mSync completed in 526ms[0m
    [2;3mat[0m rch/src/transfer.rs:1503 [2;3mon[0m ThreadId(1)

  [2m2026-06-15T21:26:33.130532Z[0m [32m INFO[0m [1;32mrch::transfer[0m[32m: [32mSyncing /data/projects/frankentorch/crates/ft-conformance -> /data/projects/frankentorch/crates/ft-conformance on ovh-a[0m
    [2;3mat[0m rch/src/transfer.rs:1434 [2;3mon[0m ThreadId(1)

  [2m2026-06-15T21:26:33.677901Z[0m [32m INFO[0m [1;32mrch::transfer[0m[32m: [32mSync completed in 547ms[0m
    [2;3mat[0m rch/src/transfer.rs:1503 [2;3mon[0m ThreadId(1)

  [2m2026-06-15T21:26:33.677994Z[0m [32m INFO[0m [1;32mrch::transfer[0m[32m: [32mSyncing /data/projects/frankentorch/crates/ft-core -> /data/projects/frankentorch/crates/ft-core on ovh-a[0m
    [2;3mat[0m rch/src/transfer.rs:1434 [2;3mon[0m ThreadId(1)

  [2m2026-06-15T21:26:34.289806Z[0m [32m INFO[0m [1;32mrch::transfer[0m[32m: [32mSync completed in 611ms[0m
    [2;3mat[0m rch/src/transfer.rs:1503 [2;3mon[0m ThreadId(1)

  [2m2026-06-15T21:26:34.289871Z[0m [32m INFO[0m [1;32mrch::transfer[0m[32m: [32mSyncing /data/projects/frankentorch/crates/ft-data -> /data/projects/frankentorch/crates/ft-data on ovh-a[0m
    [2;3mat[0m rch/src/transfer.rs:1434 [2;3mon[0m ThreadId(1)

  [2m2026-06-15T21:26:34.868749Z[0m [32m INFO[0m [1;32mrch::transfer[0m[32m: [32mSync completed in 578ms[0m
    [2;3mat[0m rch/src/transfer.rs:1503 [2;3mon[0m ThreadId(1)

  [2m2026-06-15T21:26:34.868834Z[0m [32m INFO[0m [1;32mrch::transfer[0m[32m: [32mSyncing /data/projects/frankentorch/crates/ft-device -> /data/projects/frankentorch/crates/ft-device on ovh-a[0m
    [2;3mat[0m rch/src/transfer.rs:1434 [2;3mon[0m ThreadId(1)

  [2m2026-06-15T21:26:35.461531Z[0m [32m INFO[0m [1;32mrch::transfer[0m[32m: [32mSync completed in 592ms[0m
    [2;3mat[0m rch/src/transfer.rs:1503 [2;3mon[0m ThreadId(1)

  [2m2026-06-15T21:26:35.461602Z[0m [32m INFO[0m [1;32mrch::transfer[0m[32m: [32mSyncing /data/projects/frankentorch/crates/ft-dispatch -> /data/projects/frankentorch/crates/ft-dispatch on ovh-a[0m
    [2;3mat[0m rch/src/transfer.rs:1434 [2;3mon[0m ThreadId(1)

  [2m2026-06-15T21:26:36.004459Z[0m [32m INFO[0m [1;32mrch::transfer[0m[32m: [32mSync completed in 542ms[0m
    [2;3mat[0m rch/src/transfer.rs:1503 [2;3mon[0m ThreadId(1)

  [2m2026-06-15T21:26:36.004557Z[0m [32m INFO[0m [1;32mrch::transfer[0m[32m: [32mSyncing /data/projects/frankentorch/crates/ft-kernel-cpu -> /data/projects/frankentorch/crates/ft-kernel-cpu on ovh-a[0m
    [2;3mat[0m rch/src/transfer.rs:1434 [2;3mon[0m ThreadId(1)

  [2m2026-06-15T21:26:36.599020Z[0m [32m INFO[0m [1;32mrch::transfer[0m[32m: [32mSync completed in 594ms[0m
    [2;3mat[0m rch/src/transfer.rs:1503 [2;3mon[0m ThreadId(1)

  [2m2026-06-15T21:26:36.599113Z[0m [32m INFO[0m [1;32mrch::transfer[0m[32m: [32mSyncing /data/projects/frankentorch/crates/ft-nn -> /data/projects/frankentorch/crates/ft-nn on ovh-a[0m
    [2;3mat[0m rch/src/transfer.rs:1434 [2;3mon[0m ThreadId(1)

  [2m2026-06-15T21:26:37.122814Z[0m [32m INFO[0m [1;32mrch::transfer[0m[32m: [32mSync completed in 523ms[0m
    [2;3mat[0m rch/src/transfer.rs:1503 [2;3mon[0m ThreadId(1)

  [2m2026-06-15T21:26:37.122886Z[0m [32m INFO[0m [1;32mrch::transfer[0m[32m: [32mSyncing /data/projects/frankentorch/crates/ft-optim -> /data/projects/frankentorch/crates/ft-optim on ovh-a[0m
    [2;3mat[0m rch/src/transfer.rs:1434 [2;3mon[0m ThreadId(1)

  [2m2026-06-15T21:26:37.643061Z[0m [32m INFO[0m [1;32mrch::transfer[0m[32m: [32mSync completed in 520ms[0m
    [2;3mat[0m rch/src/transfer.rs:1503 [2;3mon[0m ThreadId(1)

  [2m2026-06-15T21:26:37.643126Z[0m [32m INFO[0m [1;32mrch::transfer[0m[32m: [32mSyncing /data/projects/frankentorch/crates/ft-runtime -> /data/projects/frankentorch/crates/ft-runtime on ovh-a[0m
    [2;3mat[0m rch/src/transfer.rs:1434 [2;3mon[0m ThreadId(1)

  [2m2026-06-15T21:26:38.144833Z[0m [32m INFO[0m [1;32mrch::transfer[0m[32m: [32mSync completed in 501ms[0m
    [2;3mat[0m rch/src/transfer.rs:1503 [2;3mon[0m ThreadId(1)

  [2m2026-06-15T21:26:38.144900Z[0m [32m INFO[0m [1;32mrch::transfer[0m[32m: [32mSyncing /data/projects/frankentorch/crates/ft-serialize -> /data/projects/frankentorch/crates/ft-serialize on ovh-a[0m
    [2;3mat[0m rch/src/transfer.rs:1434 [2;3mon[0m ThreadId(1)

  [2m2026-06-15T21:26:38.632677Z[0m [32m INFO[0m [1;32mrch::transfer[0m[32m: [32mSync completed in 487ms[0m
    [2;3mat[0m rch/src/transfer.rs:1503 [2;3mon[0m ThreadId(1)

  [2m2026-06-15T21:26:38.632708Z[0m [32m INFO[0m [1;32mrch::hook[0m[32m: [32mSync complete: 52250 files, 1872360 bytes in 8418ms[0m
    [2;3mat[0m rch/src/hook.rs:6209 [2;3mon[0m ThreadId(1)

  [2m2026-06-15T21:26:40.923270Z[0m [32m INFO[0m [1;32mrch::hook[0m[32m: [32mExecuting command remotely: cargo bench -j 1 -p ft-api --bench ops_bench -- 'avg_pool2d/(nograd|nograd_f32)|max_pool2d/(nograd|nograd_f32)' --warm-up-time 1 --measurement-time 5 --sample-size 20 --noplot[0m
    [2;3mat[0m rch/src/hook.rs:6252 [2;3mon[0m ThreadId(1)

  [2m2026-06-15T21:26:40.923308Z[0m [32m INFO[0m [1;32mrch::transfer[0m[32m: [32mRewriting CARGO_TARGET_DIR for remote execution (worker-scoped path): /data/tmp/cargo-target -> /data/projects/frankentorch/.rch-target-ovh-a-job-29884606035533623-1781558790206169338-0[0m
    [2;3mat[0m rch/src/transfer.rs:712 [2;3mon[0m ThreadId(1)

    Updating crates.io index
 Downloading crates ...
  Downloaded bytemuck_derive v1.10.2
  Downloaded anes v0.1.6
  Downloaded anstyle v1.0.14
  Downloaded cfg-if v1.0.4
  Downloaded cast v0.3.0
  Downloaded aho-corasick v1.1.4
  Downloaded bytemuck v1.25.0
  Downloaded autocfg v1.5.0
  Downloaded ciborium v0.2.2
  Downloaded clap v4.6.1
  Downloaded ciborium-io v0.2.2
  Downloaded criterion-plot v0.5.0
  Downloaded clap_builder v4.6.0
  Downloaded half v2.7.1
  Downloaded oorandom v11.1.5
  Downloaded same-file v1.0.6
  Downloaded clap_lex v1.1.0
  Downloaded crossbeam-deque v0.8.6
  Downloaded crossbeam-utils v0.8.21
  Downloaded unicode-ident v1.0.24
  Downloaded criterion v0.5.1
  Downloaded is-terminal v0.4.17
  Downloaded rawpointer v0.2.1
  Downloaded walkdir v2.5.0
  Downloaded either v1.15.0
  Downloaded regex v1.12.3
  Downloaded plotters-svg v0.3.7
  Downloaded ciborium-ll v0.2.2
  Downloaded itoa v1.0.18
  Downloaded plotters-backend v0.3.7
  Downloaded crossbeam-epoch v0.9.18
  Downloaded quote v1.0.45
  Downloaded zmij v1.0.21
  Downloaded num-complex v0.4.6
  Downloaded tinytemplate v1.2.1
  Downloaded once_cell v1.21.4
  Downloaded num-traits v0.2.19
  Downloaded proc-macro2 v1.0.106
  Downloaded itertools v0.10.5
  Downloaded matrixmultiply v0.3.10
  Downloaded serde_derive v1.0.228
  Downloaded zerocopy-derive v0.8.48
  Downloaded serde_core v1.0.228
  Downloaded serde v1.0.228
  Downloaded safe_arch v0.7.4
  Downloaded rayon-core v1.13.0
  Downloaded memchr v2.8.0
  Downloaded wide v0.7.33
  Downloaded rayon v1.12.0
  Downloaded serde_json v1.0.149
  Downloaded plotters v0.3.7
  Downloaded libm v0.2.16
  Downloaded zerocopy v0.8.48
  Downloaded syn v2.0.117
  Downloaded regex-syntax v0.8.10
  Downloaded regex-automata v0.4.14
  Downloaded libc v0.2.185
   Compiling proc-macro2 v1.0.106
   Compiling quote v1.0.45
   Compiling unicode-ident v1.0.24
   Compiling syn v2.0.117
   Compiling autocfg v1.5.0
   Compiling bytemuck_derive v1.10.2
   Compiling bytemuck v1.25.0
   Compiling zerocopy v0.8.48
   Compiling num-traits v0.2.19
   Compiling zerocopy-derive v0.8.48
   Compiling crossbeam-utils v0.8.21
   Compiling cfg-if v1.0.4
   Compiling half v2.7.1
   Compiling crossbeam-epoch v0.9.18
   Compiling either v1.15.0
   Compiling rayon-core v1.13.0
   Compiling crossbeam-deque v0.8.6
   Compiling serde_core v1.0.228
   Compiling num-complex v0.4.6
   Compiling matrixmultiply v0.3.10
   Compiling libm v0.2.16
   Compiling ft-core v0.1.0 (/data/projects/frankentorch/crates/ft-core)
   Compiling rayon v1.12.0
   Compiling safe_arch v0.7.4
   Compiling rawpointer v0.2.1
   Compiling zmij v1.0.21
   Compiling serde v1.0.228
   Compiling wide v0.7.33
   Compiling serde_derive v1.0.228
   Compiling libc v0.2.185
   Compiling serde_json v1.0.149
   Compiling ft-kernel-cpu v0.1.0 (/data/projects/frankentorch/crates/ft-kernel-cpu)
   Compiling itoa v1.0.18
   Compiling plotters-backend v0.3.7
   Compiling ciborium-io v0.2.2
   Compiling clap_lex v1.1.0
   Compiling memchr v2.8.0
   Compiling regex-syntax v0.8.10
   Compiling anstyle v1.0.14
   Compiling clap_builder v4.6.0
   Compiling regex-automata v0.4.14
   Compiling ciborium-ll v0.2.2
   Compiling plotters-svg v0.3.7
   Compiling ft-dispatch v0.1.0 (/data/projects/frankentorch/crates/ft-dispatch)
   Compiling itertools v0.10.5
   Compiling cast v0.3.0
   Compiling same-file v1.0.6
   Compiling walkdir v2.5.0
   Compiling criterion-plot v0.5.0
   Compiling is-terminal v0.4.17
   Compiling ft-autograd v0.1.0 (/data/projects/frankentorch/crates/ft-autograd)
   Compiling plotters v0.3.7
   Compiling ciborium v0.2.2
   Compiling tinytemplate v1.2.1
   Compiling regex v1.12.3
   Compiling clap v4.6.1
   Compiling ft-runtime v0.1.0 (/data/projects/frankentorch/crates/ft-runtime)
   Compiling anes v0.1.6
   Compiling once_cell v1.21.4
   Compiling oorandom v11.1.5
   Compiling criterion v0.5.1
   Compiling ft-api v0.1.0 (/data/projects/frankentorch/crates/ft-api)
    Finished `bench` profile [optimized + debuginfo] target(s) in 4m 41s
     Running benches/ops_bench.rs (.rch-target-ovh-a-job-29884606035533623-1781558790206169338-0/release/deps/ops_bench-8824b9e24f0b8087)
Gnuplot not found, using plotters backend
Benchmarking max_pool2d/nograd
Benchmarking max_pool2d/nograd: Warming up for 1.0000 s
Benchmarking max_pool2d/nograd: Collecting 20 samples in estimated 5.2540 s (2520 iterations)
Benchmarking max_pool2d/nograd: Analyzing
max_pool2d/nograd       time:   [1.6369 ms 1.6584 ms 1.6752 ms]
Found 4 outliers among 20 measurements (20.00%)
  2 (10.00%) high mild
  2 (10.00%) high severe
Benchmarking max_pool2d/nograd_f32
Benchmarking max_pool2d/nograd_f32: Warming up for 1.0000 s
Benchmarking max_pool2d/nograd_f32: Collecting 20 samples in estimated 5.0796 s (5670 iterations)
Benchmarking max_pool2d/nograd_f32: Analyzing
max_pool2d/nograd_f32   time:   [845.02 µs 879.12 µs 912.59 µs]

Benchmarking avg_pool2d/nograd
Benchmarking avg_pool2d/nograd: Warming up for 1.0000 s
Benchmarking avg_pool2d/nograd: Collecting 20 samples in estimated 5.2056 s (3570 iterations)
Benchmarking avg_pool2d/nograd: Analyzing
avg_pool2d/nograd       time:   [1.3639 ms 1.4213 ms 1.4939 ms]
Found 2 outliers among 20 measurements (10.00%)
  2 (10.00%) high mild
Benchmarking avg_pool2d/nograd_f32
Benchmarking avg_pool2d/nograd_f32: Warming up for 1.0000 s
Benchmarking avg_pool2d/nograd_f32: Collecting 20 samples in estimated 5.1559 s (2940 iterations)
Benchmarking avg_pool2d/nograd_f32: Analyzing
avg_pool2d/nograd_f32   time:   [1.0844 ms 1.3524 ms 1.7182 ms]

  [2m2026-06-15T21:31:57.470792Z[0m [32m INFO[0m [1;32mrch::hook[0m[32m: [32mRemote command finished: exit=0 in 316547ms[0m
    [2;3mat[0m rch/src/hook.rs:6376 [2;3mon[0m ThreadId(1)

  [2m2026-06-15T21:31:57.471138Z[0m [32m INFO[0m [1;32mrch::hook[0m[32m: [32mRetrieving build artifacts...[0m
    [2;3mat[0m rch/src/hook.rs:6425 [2;3mon[0m ThreadId(1)

  [2m2026-06-15T21:31:57.471153Z[0m [32m INFO[0m [1;32mrch::transfer[0m[32m: [32mRetrieving artifacts from /data/projects/frankentorch on ovh-a[0m
    [2;3mat[0m rch/src/transfer.rs:2106 [2;3mon[0m ThreadId(1)

  [2m2026-06-15T21:31:57.916102Z[0m [32m INFO[0m [1;32mrch::transfer[0m[32m: [32mArtifacts retrieved in 444ms (1 files, 1824 bytes)[0m
    [2;3mat[0m rch/src/transfer.rs:2145 [2;3mon[0m ThreadId(1)

  [2m2026-06-15T21:31:57.916127Z[0m [32m INFO[0m [1;32mrch::hook[0m[32m: [32mArtifacts retrieved: 1 files, 1824 bytes in 444ms[0m
    [2;3mat[0m rch/src/hook.rs:6458 [2;3mon[0m ThreadId(1)

  [2m2026-06-15T21:31:57.916237Z[0m [32m INFO[0m [1;32mrch::transfer[0m[32m: [32mRetrieving artifacts from /data/projects/frankentorch/.rch-target-ovh-a-job-29884606035533623-1781558790206169338-0 on ovh-a[0m
    [2;3mat[0m rch/src/transfer.rs:2106 [2;3mon[0m ThreadId(1)

  [2m2026-06-15T21:31:58.530020Z[0m [32m INFO[0m [1;32mrch::transfer[0m[32m: [32mArtifacts retrieved in 613ms (48 files, 1391 bytes)[0m
    [2;3mat[0m rch/src/transfer.rs:2145 [2;3mon[0m ThreadId(1)

  [2m2026-06-15T21:31:58.530044Z[0m [32m INFO[0m [1;32mrch::hook[0m[32m: [32mCustom CARGO_TARGET_DIR artifacts retrieved: 48 files, 1391 bytes in 613ms[0m
    [2;3mat[0m rch/src/hook.rs:6582 [2;3mon[0m ThreadId(1)

[RCH] remote ovh-a (329.4s)
