  [2m2026-06-15T19:05:48.677883Z[0m [32m INFO[0m [1;32mrch::hook[0m[32m: [32mSelected worker: vmi1149989 at root@212.90.121.76 (5 slots remaining after reservation, speed 50.0)[0m
    [2;3mat[0m rch/src/hook.rs:514 [2;3mon[0m ThreadId(1)

  [2m2026-06-15T19:05:48.947576Z[0m [32m INFO[0m [1;32mrch::hook[0m[32m: [32mStarting remote compilation pipeline for frankentorch (hash: 0ec0772f2c4d842e)[0m
    [2;3mat[0m rch/src/hook.rs:5994 [2;3mon[0m ThreadId(1)

  [2m2026-06-15T19:05:48.947611Z[0m [32m INFO[0m [1;32mrch::hook[0m[32m: [32mPrepared dependency sync manifest for 13 roots[0m
    [2;3mat[0m rch/src/hook.rs:6016 [2;3mon[0m ThreadId(1)

  [2m2026-06-15T19:05:50.495707Z[0m [32m INFO[0m [1;32mrch::hook[0m[32m: [32mSyncing project to worker vmi1149989...[0m
    [2;3mat[0m rch/src/hook.rs:6046 [2;3mon[0m ThreadId(1)

  [2m2026-06-15T19:05:50.495772Z[0m [32m INFO[0m [1;32mrch::transfer[0m[32m: [32mSyncing /data/projects/frankentorch -> /data/projects/frankentorch on vmi1149989[0m
    [2;3mat[0m rch/src/transfer.rs:1434 [2;3mon[0m ThreadId(1)

  [2m2026-06-15T19:05:58.144719Z[0m [32m INFO[0m [1;32mrch::transfer[0m[32m: [32mSync completed in 7648ms[0m
    [2;3mat[0m rch/src/transfer.rs:1503 [2;3mon[0m ThreadId(1)

  [2m2026-06-15T19:05:58.144794Z[0m [32m INFO[0m [1;32mrch::transfer[0m[32m: [32mSyncing /data/projects/frankentorch/crates/ft-api -> /data/projects/frankentorch/crates/ft-api on vmi1149989[0m
    [2;3mat[0m rch/src/transfer.rs:1434 [2;3mon[0m ThreadId(1)

  [2m2026-06-15T19:05:59.971621Z[0m [32m INFO[0m [1;32mrch::transfer[0m[32m: [32mSync completed in 1826ms[0m
    [2;3mat[0m rch/src/transfer.rs:1503 [2;3mon[0m ThreadId(1)

  [2m2026-06-15T19:05:59.971701Z[0m [32m INFO[0m [1;32mrch::transfer[0m[32m: [32mSyncing /data/projects/frankentorch/crates/ft-autograd -> /data/projects/frankentorch/crates/ft-autograd on vmi1149989[0m
    [2;3mat[0m rch/src/transfer.rs:1434 [2;3mon[0m ThreadId(1)

  [2m2026-06-15T19:06:01.906906Z[0m [32m INFO[0m [1;32mrch::transfer[0m[32m: [32mSync completed in 1935ms[0m
    [2;3mat[0m rch/src/transfer.rs:1503 [2;3mon[0m ThreadId(1)

  [2m2026-06-15T19:06:01.906985Z[0m [32m INFO[0m [1;32mrch::transfer[0m[32m: [32mSyncing /data/projects/frankentorch/crates/ft-conformance -> /data/projects/frankentorch/crates/ft-conformance on vmi1149989[0m
    [2;3mat[0m rch/src/transfer.rs:1434 [2;3mon[0m ThreadId(1)

  [2m2026-06-15T19:06:03.806029Z[0m [32m INFO[0m [1;32mrch::transfer[0m[32m: [32mSync completed in 1899ms[0m
    [2;3mat[0m rch/src/transfer.rs:1503 [2;3mon[0m ThreadId(1)

  [2m2026-06-15T19:06:03.806103Z[0m [32m INFO[0m [1;32mrch::transfer[0m[32m: [32mSyncing /data/projects/frankentorch/crates/ft-core -> /data/projects/frankentorch/crates/ft-core on vmi1149989[0m
    [2;3mat[0m rch/src/transfer.rs:1434 [2;3mon[0m ThreadId(1)

  [2m2026-06-15T19:06:05.609631Z[0m [32m INFO[0m [1;32mrch::transfer[0m[32m: [32mSync completed in 1803ms[0m
    [2;3mat[0m rch/src/transfer.rs:1503 [2;3mon[0m ThreadId(1)

  [2m2026-06-15T19:06:05.609714Z[0m [32m INFO[0m [1;32mrch::transfer[0m[32m: [32mSyncing /data/projects/frankentorch/crates/ft-data -> /data/projects/frankentorch/crates/ft-data on vmi1149989[0m
    [2;3mat[0m rch/src/transfer.rs:1434 [2;3mon[0m ThreadId(1)

  [2m2026-06-15T19:06:07.458323Z[0m [32m INFO[0m [1;32mrch::transfer[0m[32m: [32mSync completed in 1848ms[0m
    [2;3mat[0m rch/src/transfer.rs:1503 [2;3mon[0m ThreadId(1)

  [2m2026-06-15T19:06:07.458397Z[0m [32m INFO[0m [1;32mrch::transfer[0m[32m: [32mSyncing /data/projects/frankentorch/crates/ft-device -> /data/projects/frankentorch/crates/ft-device on vmi1149989[0m
    [2;3mat[0m rch/src/transfer.rs:1434 [2;3mon[0m ThreadId(1)

  [2m2026-06-15T19:06:09.338264Z[0m [32m INFO[0m [1;32mrch::transfer[0m[32m: [32mSync completed in 1879ms[0m
    [2;3mat[0m rch/src/transfer.rs:1503 [2;3mon[0m ThreadId(1)

  [2m2026-06-15T19:06:09.338339Z[0m [32m INFO[0m [1;32mrch::transfer[0m[32m: [32mSyncing /data/projects/frankentorch/crates/ft-dispatch -> /data/projects/frankentorch/crates/ft-dispatch on vmi1149989[0m
    [2;3mat[0m rch/src/transfer.rs:1434 [2;3mon[0m ThreadId(1)

  [2m2026-06-15T19:06:11.143711Z[0m [32m INFO[0m [1;32mrch::transfer[0m[32m: [32mSync completed in 1805ms[0m
    [2;3mat[0m rch/src/transfer.rs:1503 [2;3mon[0m ThreadId(1)

  [2m2026-06-15T19:06:11.143831Z[0m [32m INFO[0m [1;32mrch::transfer[0m[32m: [32mSyncing /data/projects/frankentorch/crates/ft-kernel-cpu -> /data/projects/frankentorch/crates/ft-kernel-cpu on vmi1149989[0m
    [2;3mat[0m rch/src/transfer.rs:1434 [2;3mon[0m ThreadId(1)

  [2m2026-06-15T19:06:13.050730Z[0m [32m INFO[0m [1;32mrch::transfer[0m[32m: [32mSync completed in 1906ms[0m
    [2;3mat[0m rch/src/transfer.rs:1503 [2;3mon[0m ThreadId(1)

  [2m2026-06-15T19:06:13.050822Z[0m [32m INFO[0m [1;32mrch::transfer[0m[32m: [32mSyncing /data/projects/frankentorch/crates/ft-nn -> /data/projects/frankentorch/crates/ft-nn on vmi1149989[0m
    [2;3mat[0m rch/src/transfer.rs:1434 [2;3mon[0m ThreadId(1)

  [2m2026-06-15T19:06:14.885675Z[0m [32m INFO[0m [1;32mrch::transfer[0m[32m: [32mSync completed in 1834ms[0m
    [2;3mat[0m rch/src/transfer.rs:1503 [2;3mon[0m ThreadId(1)

  [2m2026-06-15T19:06:14.885750Z[0m [32m INFO[0m [1;32mrch::transfer[0m[32m: [32mSyncing /data/projects/frankentorch/crates/ft-optim -> /data/projects/frankentorch/crates/ft-optim on vmi1149989[0m
    [2;3mat[0m rch/src/transfer.rs:1434 [2;3mon[0m ThreadId(1)

  [2m2026-06-15T19:06:16.702427Z[0m [32m INFO[0m [1;32mrch::transfer[0m[32m: [32mSync completed in 1816ms[0m
    [2;3mat[0m rch/src/transfer.rs:1503 [2;3mon[0m ThreadId(1)

  [2m2026-06-15T19:06:16.702515Z[0m [32m INFO[0m [1;32mrch::transfer[0m[32m: [32mSyncing /data/projects/frankentorch/crates/ft-runtime -> /data/projects/frankentorch/crates/ft-runtime on vmi1149989[0m
    [2;3mat[0m rch/src/transfer.rs:1434 [2;3mon[0m ThreadId(1)

  [2m2026-06-15T19:06:18.569505Z[0m [32m INFO[0m [1;32mrch::transfer[0m[32m: [32mSync completed in 1866ms[0m
    [2;3mat[0m rch/src/transfer.rs:1503 [2;3mon[0m ThreadId(1)

  [2m2026-06-15T19:06:18.569586Z[0m [32m INFO[0m [1;32mrch::transfer[0m[32m: [32mSyncing /data/projects/frankentorch/crates/ft-serialize -> /data/projects/frankentorch/crates/ft-serialize on vmi1149989[0m
    [2;3mat[0m rch/src/transfer.rs:1434 [2;3mon[0m ThreadId(1)

  [2m2026-06-15T19:06:20.433491Z[0m [32m INFO[0m [1;32mrch::transfer[0m[32m: [32mSync completed in 1863ms[0m
    [2;3mat[0m rch/src/transfer.rs:1503 [2;3mon[0m ThreadId(1)

  [2m2026-06-15T19:06:20.433531Z[0m [32m INFO[0m [1;32mrch::hook[0m[32m: [32mSync complete: 52198 files, 1875167 bytes in 29928ms[0m
    [2;3mat[0m rch/src/hook.rs:6209 [2;3mon[0m ThreadId(1)

  [2m2026-06-15T19:06:25.828568Z[0m [32m INFO[0m [1;32mrch::hook[0m[32m: [32mExecuting command remotely: cargo check -j 1 -p ft-autograd --all-targets[0m
    [2;3mat[0m rch/src/hook.rs:6252 [2;3mon[0m ThreadId(1)

  [2m2026-06-15T19:06:25.828600Z[0m [32m INFO[0m [1;32mrch::transfer[0m[32m: [32mRewriting CARGO_TARGET_DIR for remote execution (worker-scoped path): /data/tmp/cargo-target -> /data/projects/frankentorch/.rch-target-vmi1149989-job-29884606035533021-1781550350495699160-0[0m
    [2;3mat[0m rch/src/transfer.rs:712 [2;3mon[0m ThreadId(1)

    Updating crates.io index
 Downloading crates ...
  Downloaded anstyle v1.0.14
  Downloaded bit-set v0.8.0
  Downloaded bit-vec v0.8.0
  Downloaded aho-corasick v1.1.4
  Downloaded anes v0.1.6
  Downloaded autocfg v1.5.0
  Downloaded wait-timeout v0.2.1
  Downloaded safe_arch v0.7.4
  Downloaded same-file v1.0.6
  Downloaded crossbeam-deque v0.8.6
  Downloaded quick-error v1.2.3
  Downloaded errno v0.3.14
  Downloaded ciborium-ll v0.2.2
  Downloaded clap_lex v1.1.0
  Downloaded rayon-core v1.13.0
  Downloaded cfg-if v1.0.4
  Downloaded ppv-lite86 v0.2.21
  Downloaded walkdir v2.5.0
  Downloaded rand_xorshift v0.4.0
  Downloaded ciborium-io v0.2.2
  Downloaded fnv v1.0.7
  Downloaded tinytemplate v1.2.1
  Downloaded rusty-fork v0.3.1
  Downloaded console v0.16.3
  Downloaded plotters-backend v0.3.7
  Downloaded cast v0.3.0
  Downloaded clap v4.6.1
  Downloaded plotters-svg v0.3.7
  Downloaded fastrand v2.4.1
  Downloaded itoa v1.0.18
  Downloaded is-terminal v0.4.17
  Downloaded rand_core v0.9.5
  Downloaded either v1.15.0
  Downloaded once_cell v1.21.4
  Downloaded serde_core v1.0.228
  Downloaded bytemuck v1.25.0
  Downloaded rand_chacha v0.9.0
  Downloaded quote v1.0.45
  Downloaded bytemuck_derive v1.10.2
  Downloaded criterion-plot v0.5.0
  Downloaded zmij v1.0.21
  Downloaded unarray v0.1.4
  Downloaded bitflags v2.11.1
  Downloaded crossbeam-utils v0.8.21
  Downloaded num-complex v0.4.6
  Downloaded oorandom v11.1.5
  Downloaded ciborium v0.2.2
  Downloaded half v2.7.1
  Downloaded num-traits v0.2.19
  Downloaded serde_derive v1.0.228
  Downloaded tempfile v3.27.0
  Downloaded matrixmultiply v0.3.10
  Downloaded similar v2.7.0
  Downloaded unicode-ident v1.0.24
  Downloaded getrandom v0.3.4
  Downloaded rawpointer v0.2.1
  Downloaded crossbeam-epoch v0.9.18
  Downloaded zerocopy-derive v0.8.48
  Downloaded memchr v2.8.0
  Downloaded serde v1.0.228
  Downloaded proc-macro2 v1.0.106
  Downloaded rand v0.9.4
  Downloaded criterion v0.5.1
  Downloaded wide v0.7.33
  Downloaded itertools v0.10.5
  Downloaded rayon v1.12.0
  Downloaded plotters v0.3.7
  Downloaded insta v1.47.2
  Downloaded serde_json v1.0.149
  Downloaded libm v0.2.16
  Downloaded regex v1.12.3
  Downloaded regex-syntax v0.8.10
  Downloaded proptest v1.11.0
  Downloaded clap_builder v4.6.0
  Downloaded zerocopy v0.8.48
  Downloaded syn v2.0.117
  Downloaded rustix v1.1.4
  Downloaded regex-automata v0.4.14
  Downloaded libc v0.2.185
  Downloaded linux-raw-sys v0.12.1
   Compiling proc-macro2 v1.0.106
   Compiling unicode-ident v1.0.24
   Compiling quote v1.0.45
   Compiling syn v2.0.117
    Checking cfg-if v1.0.4
   Compiling libc v0.2.185
   Compiling autocfg v1.5.0
   Compiling zerocopy v0.8.48
   Compiling zerocopy-derive v0.8.48
   Compiling bytemuck_derive v1.10.2
    Checking bytemuck v1.25.0
   Compiling num-traits v0.2.19
   Compiling getrandom v0.3.4
   Compiling crossbeam-utils v0.8.21
    Checking crossbeam-epoch v0.9.18
    Checking half v2.7.1
   Compiling serde_core v1.0.228
   Compiling rayon-core v1.13.0
    Checking either v1.15.0
    Checking crossbeam-deque v0.8.6
   Compiling rustix v1.1.4
   Compiling matrixmultiply v0.3.10
    Checking linux-raw-sys v0.12.1
   Compiling serde v1.0.228
   Compiling zmij v1.0.21
    Checking bitflags v2.11.1
    Checking once_cell v1.21.4
   Compiling libm v0.2.16
    Checking rayon v1.12.0
    Checking rand_core v0.9.5
    Checking num-complex v0.4.6
    Checking safe_arch v0.7.4
   Compiling serde_derive v1.0.228
    Checking rawpointer v0.2.1
    Checking regex-syntax v0.8.10
    Checking fastrand v2.4.1
   Compiling serde_json v1.0.149
    Checking tempfile v3.27.0
    Checking wide v0.7.33
    Checking ft-core v0.1.0 (/data/projects/frankentorch/crates/ft-core)
    Checking plotters-backend v0.3.7
    Checking memchr v2.8.0
    Checking itoa v1.0.18
    Checking anstyle v1.0.14
    Checking clap_lex v1.1.0
    Checking ciborium-io v0.2.2
    Checking ciborium-ll v0.2.2
    Checking clap_builder v4.6.0
    Checking plotters-svg v0.3.7
    Checking ft-kernel-cpu v0.1.0 (/data/projects/frankentorch/crates/ft-kernel-cpu)
    Checking regex-automata v0.4.14
    Checking itertools v0.10.5
    Checking ppv-lite86 v0.2.21
    Checking wait-timeout v0.2.1
    Checking quick-error v1.2.3
    Checking bit-vec v0.8.0
    Checking same-file v1.0.6
    Checking cast v0.3.0
    Checking fnv v1.0.7
    Checking rusty-fork v0.3.1
    Checking criterion-plot v0.5.0
    Checking walkdir v2.5.0
    Checking bit-set v0.8.0
    Checking rand_chacha v0.9.0
    Checking regex v1.12.3
    Checking ft-dispatch v0.1.0 (/data/projects/frankentorch/crates/ft-dispatch)
    Checking plotters v0.3.7
    Checking tinytemplate v1.2.1
    Checking clap v4.6.1
    Checking ciborium v0.2.2
    Checking rand v0.9.4
    Checking rand_xorshift v0.4.0
    Checking console v0.16.3
    Checking is-terminal v0.4.17
    Checking anes v0.1.6
    Checking unarray v0.1.4
    Checking similar v2.7.0
    Checking oorandom v11.1.5
    Checking criterion v0.5.1
    Checking insta v1.47.2
    Checking proptest v1.11.0
    Checking ft-autograd v0.1.0 (/data/projects/frankentorch/crates/ft-autograd)
    Finished `dev` profile [unoptimized + debuginfo] target(s) in 51.22s
  [2m2026-06-15T19:07:18.628834Z[0m [32m INFO[0m [1;32mrch::hook[0m[32m: [32mRemote command finished: exit=0 in 52800ms[0m
    [2;3mat[0m rch/src/hook.rs:6376 [2;3mon[0m ThreadId(1)

  [2m2026-06-15T19:07:18.629099Z[0m [32m INFO[0m [1;32mrch::hook[0m[32m: [32mRetrieving build artifacts...[0m
    [2;3mat[0m rch/src/hook.rs:6425 [2;3mon[0m ThreadId(1)

  [2m2026-06-15T19:07:18.629122Z[0m [32m INFO[0m [1;32mrch::transfer[0m[32m: [32mRetrieving artifacts from /data/projects/frankentorch on vmi1149989[0m
    [2;3mat[0m rch/src/transfer.rs:2106 [2;3mon[0m ThreadId(1)

  [2m2026-06-15T19:07:20.575222Z[0m [32m INFO[0m [1;32mrch::transfer[0m[32m: [32mArtifacts retrieved in 1946ms (1 files, 1724 bytes)[0m
    [2;3mat[0m rch/src/transfer.rs:2145 [2;3mon[0m ThreadId(1)

  [2m2026-06-15T19:07:20.575248Z[0m [32m INFO[0m [1;32mrch::hook[0m[32m: [32mArtifacts retrieved: 1 files, 1724 bytes in 1946ms[0m
    [2;3mat[0m rch/src/hook.rs:6458 [2;3mon[0m ThreadId(1)

  [2m2026-06-15T19:07:20.575355Z[0m [32m INFO[0m [1;32mrch::transfer[0m[32m: [32mRetrieving artifacts from /data/projects/frankentorch/.rch-target-vmi1149989-job-29884606035533021-1781550350495699160-0 on vmi1149989[0m
    [2;3mat[0m rch/src/transfer.rs:2106 [2;3mon[0m ThreadId(1)

  [2m2026-06-15T19:07:26.520846Z[0m [32m INFO[0m [1;32mrch::transfer[0m[32m: [32mArtifacts retrieved in 5945ms (917 files, 779494 bytes)[0m
    [2;3mat[0m rch/src/transfer.rs:2145 [2;3mon[0m ThreadId(1)

  [2m2026-06-15T19:07:26.520873Z[0m [32m INFO[0m [1;32mrch::hook[0m[32m: [32mCustom CARGO_TARGET_DIR artifacts retrieved: 917 files, 779494 bytes in 5945ms[0m
    [2;3mat[0m rch/src/hook.rs:6582 [2;3mon[0m ThreadId(1)

[RCH] remote vmi1149989 (97.8s)
