  [2m2026-06-22T19:12:37.026336Z[0m [32m INFO[0m [1;32mrch::hook[0m[32m: [32mSelected worker: vmi1149989 at root@212.90.121.76 (4 slots remaining after reservation, speed 50.0)[0m
    [2;3mat[0m rch/src/hook.rs:921 [2;3mon[0m ThreadId(1)

  [2m2026-06-22T19:12:39.753117Z[0m [32m INFO[0m [1;32mrch::hook::transfer_orchestration[0m[32m: [32mStarting remote compilation pipeline for frankentorch-bold-cod-a-20260622185548 (hash: 5e1bb19dcbb068f1)[0m
    [2;3mat[0m rch/src/hook/transfer_orchestration.rs:241 [2;3mon[0m ThreadId(1)

  [2m2026-06-22T19:12:39.753161Z[0m [32m INFO[0m [1;32mrch::hook::transfer_orchestration[0m[32m: [32mPrepared dependency sync manifest for 13 roots[0m
    [2;3mat[0m rch/src/hook/transfer_orchestration.rs:263 [2;3mon[0m ThreadId(1)

  [2m2026-06-22T19:12:41.535909Z[0m [32m INFO[0m [1;32mrch::hook::transfer_orchestration[0m[32m: [32mSyncing project to worker vmi1149989...[0m
    [2;3mat[0m rch/src/hook/transfer_orchestration.rs:323 [2;3mon[0m ThreadId(1)

  [2m2026-06-22T19:12:41.535973Z[0m [32m INFO[0m [1;32mrch::transfer[0m[32m: [32mSyncing /data/projects/.scratch/frankentorch-bold-cod-a-20260622185548 -> /data/projects/.scratch/frankentorch-bold-cod-a-20260622185548 on vmi1149989[0m
    [2;3mat[0m rch/src/transfer.rs:1528 [2;3mon[0m ThreadId(1)

  [2m2026-06-22T19:12:44.645339Z[0m [32m INFO[0m [1;32mrch::transfer[0m[32m: [32mSync completed in 3109ms[0m
    [2;3mat[0m rch/src/transfer.rs:1592 [2;3mon[0m ThreadId(1)

  [2m2026-06-22T19:12:44.645411Z[0m [32m INFO[0m [1;32mrch::transfer[0m[32m: [32mSyncing /data/projects/.scratch/frankentorch-bold-cod-a-20260622185548/crates/ft-api -> /data/projects/.scratch/frankentorch-bold-cod-a-20260622185548/crates/ft-api on vmi1149989[0m
    [2;3mat[0m rch/src/transfer.rs:1528 [2;3mon[0m ThreadId(1)

  [2m2026-06-22T19:12:46.801219Z[0m [32m INFO[0m [1;32mrch::transfer[0m[32m: [32mSync completed in 2155ms[0m
    [2;3mat[0m rch/src/transfer.rs:1592 [2;3mon[0m ThreadId(1)

  [2m2026-06-22T19:12:46.801288Z[0m [32m INFO[0m [1;32mrch::transfer[0m[32m: [32mSyncing /data/projects/.scratch/frankentorch-bold-cod-a-20260622185548/crates/ft-autograd -> /data/projects/.scratch/frankentorch-bold-cod-a-20260622185548/crates/ft-autograd on vmi1149989[0m
    [2;3mat[0m rch/src/transfer.rs:1528 [2;3mon[0m ThreadId(1)

  [2m2026-06-22T19:12:48.839803Z[0m [32m INFO[0m [1;32mrch::transfer[0m[32m: [32mSync completed in 2038ms[0m
    [2;3mat[0m rch/src/transfer.rs:1592 [2;3mon[0m ThreadId(1)

  [2m2026-06-22T19:12:48.839897Z[0m [32m INFO[0m [1;32mrch::transfer[0m[32m: [32mSyncing /data/projects/.scratch/frankentorch-bold-cod-a-20260622185548/crates/ft-conformance -> /data/projects/.scratch/frankentorch-bold-cod-a-20260622185548/crates/ft-conformance on vmi1149989[0m
    [2;3mat[0m rch/src/transfer.rs:1528 [2;3mon[0m ThreadId(1)

  [2m2026-06-22T19:12:51.317208Z[0m [32m INFO[0m [1;32mrch::transfer[0m[32m: [32mSync completed in 2477ms[0m
    [2;3mat[0m rch/src/transfer.rs:1592 [2;3mon[0m ThreadId(1)

  [2m2026-06-22T19:12:51.317286Z[0m [32m INFO[0m [1;32mrch::transfer[0m[32m: [32mSyncing /data/projects/.scratch/frankentorch-bold-cod-a-20260622185548/crates/ft-core -> /data/projects/.scratch/frankentorch-bold-cod-a-20260622185548/crates/ft-core on vmi1149989[0m
    [2;3mat[0m rch/src/transfer.rs:1528 [2;3mon[0m ThreadId(1)

  [2m2026-06-22T19:12:53.644071Z[0m [32m INFO[0m [1;32mrch::transfer[0m[32m: [32mSync completed in 2326ms[0m
    [2;3mat[0m rch/src/transfer.rs:1592 [2;3mon[0m ThreadId(1)

  [2m2026-06-22T19:12:53.644143Z[0m [32m INFO[0m [1;32mrch::transfer[0m[32m: [32mSyncing /data/projects/.scratch/frankentorch-bold-cod-a-20260622185548/crates/ft-data -> /data/projects/.scratch/frankentorch-bold-cod-a-20260622185548/crates/ft-data on vmi1149989[0m
    [2;3mat[0m rch/src/transfer.rs:1528 [2;3mon[0m ThreadId(1)

  [2m2026-06-22T19:12:56.444928Z[0m [32m INFO[0m [1;32mrch::transfer[0m[32m: [32mSync completed in 2800ms[0m
    [2;3mat[0m rch/src/transfer.rs:1592 [2;3mon[0m ThreadId(1)

  [2m2026-06-22T19:12:56.445018Z[0m [32m INFO[0m [1;32mrch::transfer[0m[32m: [32mSyncing /data/projects/.scratch/frankentorch-bold-cod-a-20260622185548/crates/ft-device -> /data/projects/.scratch/frankentorch-bold-cod-a-20260622185548/crates/ft-device on vmi1149989[0m
    [2;3mat[0m rch/src/transfer.rs:1528 [2;3mon[0m ThreadId(1)

  [2m2026-06-22T19:12:59.323809Z[0m [32m INFO[0m [1;32mrch::transfer[0m[32m: [32mSync completed in 2878ms[0m
    [2;3mat[0m rch/src/transfer.rs:1592 [2;3mon[0m ThreadId(1)

  [2m2026-06-22T19:12:59.323946Z[0m [32m INFO[0m [1;32mrch::transfer[0m[32m: [32mSyncing /data/projects/.scratch/frankentorch-bold-cod-a-20260622185548/crates/ft-dispatch -> /data/projects/.scratch/frankentorch-bold-cod-a-20260622185548/crates/ft-dispatch on vmi1149989[0m
    [2;3mat[0m rch/src/transfer.rs:1528 [2;3mon[0m ThreadId(1)

  [2m2026-06-22T19:13:01.824334Z[0m [32m INFO[0m [1;32mrch::transfer[0m[32m: [32mSync completed in 2500ms[0m
    [2;3mat[0m rch/src/transfer.rs:1592 [2;3mon[0m ThreadId(1)

  [2m2026-06-22T19:13:01.824407Z[0m [32m INFO[0m [1;32mrch::transfer[0m[32m: [32mSyncing /data/projects/.scratch/frankentorch-bold-cod-a-20260622185548/crates/ft-kernel-cpu -> /data/projects/.scratch/frankentorch-bold-cod-a-20260622185548/crates/ft-kernel-cpu on vmi1149989[0m
    [2;3mat[0m rch/src/transfer.rs:1528 [2;3mon[0m ThreadId(1)

  [2m2026-06-22T19:13:04.339094Z[0m [32m INFO[0m [1;32mrch::transfer[0m[32m: [32mSync completed in 2514ms[0m
    [2;3mat[0m rch/src/transfer.rs:1592 [2;3mon[0m ThreadId(1)

  [2m2026-06-22T19:13:04.339166Z[0m [32m INFO[0m [1;32mrch::transfer[0m[32m: [32mSyncing /data/projects/.scratch/frankentorch-bold-cod-a-20260622185548/crates/ft-nn -> /data/projects/.scratch/frankentorch-bold-cod-a-20260622185548/crates/ft-nn on vmi1149989[0m
    [2;3mat[0m rch/src/transfer.rs:1528 [2;3mon[0m ThreadId(1)

  [2m2026-06-22T19:13:07.356119Z[0m [32m INFO[0m [1;32mrch::transfer[0m[32m: [32mSync completed in 3016ms[0m
    [2;3mat[0m rch/src/transfer.rs:1592 [2;3mon[0m ThreadId(1)

  [2m2026-06-22T19:13:07.356194Z[0m [32m INFO[0m [1;32mrch::transfer[0m[32m: [32mSyncing /data/projects/.scratch/frankentorch-bold-cod-a-20260622185548/crates/ft-optim -> /data/projects/.scratch/frankentorch-bold-cod-a-20260622185548/crates/ft-optim on vmi1149989[0m
    [2;3mat[0m rch/src/transfer.rs:1528 [2;3mon[0m ThreadId(1)

  [2m2026-06-22T19:13:09.788071Z[0m [32m INFO[0m [1;32mrch::transfer[0m[32m: [32mSync completed in 2431ms[0m
    [2;3mat[0m rch/src/transfer.rs:1592 [2;3mon[0m ThreadId(1)

  [2m2026-06-22T19:13:09.788142Z[0m [32m INFO[0m [1;32mrch::transfer[0m[32m: [32mSyncing /data/projects/.scratch/frankentorch-bold-cod-a-20260622185548/crates/ft-runtime -> /data/projects/.scratch/frankentorch-bold-cod-a-20260622185548/crates/ft-runtime on vmi1149989[0m
    [2;3mat[0m rch/src/transfer.rs:1528 [2;3mon[0m ThreadId(1)

  [2m2026-06-22T19:13:12.252018Z[0m [32m INFO[0m [1;32mrch::transfer[0m[32m: [32mSync completed in 2463ms[0m
    [2;3mat[0m rch/src/transfer.rs:1592 [2;3mon[0m ThreadId(1)

  [2m2026-06-22T19:13:12.252091Z[0m [32m INFO[0m [1;32mrch::transfer[0m[32m: [32mSyncing /data/projects/.scratch/frankentorch-bold-cod-a-20260622185548/crates/ft-serialize -> /data/projects/.scratch/frankentorch-bold-cod-a-20260622185548/crates/ft-serialize on vmi1149989[0m
    [2;3mat[0m rch/src/transfer.rs:1528 [2;3mon[0m ThreadId(1)

  [2m2026-06-22T19:13:14.534065Z[0m [32m INFO[0m [1;32mrch::transfer[0m[32m: [32mSync completed in 2281ms[0m
    [2;3mat[0m rch/src/transfer.rs:1592 [2;3mon[0m ThreadId(1)

  [2m2026-06-22T19:13:14.534103Z[0m [32m INFO[0m [1;32mrch::hook::transfer_orchestration[0m[32m: [32mSync complete: 4856 files, 209829 bytes in 32988ms[0m
    [2;3mat[0m rch/src/hook/transfer_orchestration.rs:486 [2;3mon[0m ThreadId(1)

  [2m2026-06-22T19:13:25.062695Z[0m [32m INFO[0m [1;32mrch::hook::transfer_orchestration[0m[32m: [32mExecuting command remotely: cargo run --release -p ft-api --example cdist_grad_h2h[0m
    [2;3mat[0m rch/src/hook/transfer_orchestration.rs:529 [2;3mon[0m ThreadId(1)

  [2m2026-06-22T19:13:25.062741Z[0m [32m INFO[0m [1;32mrch::transfer[0m[32m: [32mRewriting CARGO_TARGET_DIR for remote execution (worker-scoped path): /data/projects/.rch-targets/frankentorch-cod-a -> /data/projects/.scratch/frankentorch-bold-cod-a-20260622185548/.rch-target-vmi1149989-pool-b117935be9d3992bfa5311b12bbb2643[0m
    [2;3mat[0m rch/src/transfer.rs:799 [2;3mon[0m ThreadId(1)

    Updating crates.io index
 Downloading crates ...
  Downloaded anstyle v1.0.14
  Downloaded autocfg v1.5.0
  Downloaded rawpointer v0.2.1
  Downloaded plotters-backend v0.3.7
  Downloaded same-file v1.0.6
  Downloaded cast v0.3.0
  Downloaded ciborium-ll v0.2.2
  Downloaded itoa v1.0.18
  Downloaded ciborium-io v0.2.2
  Downloaded clap_lex v1.1.0
  Downloaded plotters-svg v0.3.7
  Downloaded tinytemplate v1.2.1
  Downloaded bytemuck_derive v1.10.2
  Downloaded criterion-plot v0.5.0
  Downloaded is-terminal v0.4.17
  Downloaded cfg-if v1.0.4
  Downloaded walkdir v2.5.0
  Downloaded anes v0.1.6
  Downloaded aho-corasick v1.1.4
  Downloaded zmij v1.0.21
  Downloaded num-complex v0.4.6
  Downloaded crossbeam-deque v0.8.6
  Downloaded crossbeam-epoch v0.9.18
  Downloaded either v1.15.0
  Downloaded quote v1.0.45
  Downloaded once_cell v1.21.4
  Downloaded oorandom v11.1.5
  Downloaded bytemuck v1.25.0
  Downloaded crossbeam-utils v0.8.21
  Downloaded serde_core v1.0.228
  Downloaded ciborium v0.2.2
  Downloaded unicode-ident v1.0.24
  Downloaded num-traits v0.2.19
  Downloaded proc-macro2 v1.0.106
  Downloaded serde_derive v1.0.228
  Downloaded clap v4.6.1
  Downloaded rayon-core v1.13.0
  Downloaded half v2.7.1
  Downloaded matrixmultiply v0.3.10
  Downloaded safe_arch v0.7.4
  Downloaded serde v1.0.228
  Downloaded zerocopy-derive v0.8.48
  Downloaded memchr v2.8.0
  Downloaded criterion v0.5.1
  Downloaded itertools v0.10.5
  Downloaded wide v0.7.33
  Downloaded plotters v0.3.7
  Downloaded libm v0.2.16
  Downloaded regex v1.12.3
  Downloaded serde_json v1.0.149
  Downloaded clap_builder v4.6.0
  Downloaded rayon v1.12.0
  Downloaded syn v2.0.117
  Downloaded zerocopy v0.8.48
  Downloaded regex-syntax v0.8.10
  Downloaded regex-automata v0.4.14
  Downloaded libc v0.2.185
   Compiling proc-macro2 v1.0.106
   Compiling quote v1.0.45
   Compiling unicode-ident v1.0.24
   Compiling autocfg v1.5.0
   Compiling zerocopy v0.8.48
   Compiling crossbeam-utils v0.8.21
   Compiling cfg-if v1.0.4
   Compiling rayon-core v1.13.0
   Compiling either v1.15.0
   Compiling serde_core v1.0.228
   Compiling libm v0.2.16
   Compiling zmij v1.0.21
   Compiling rawpointer v0.2.1
   Compiling serde v1.0.228
   Compiling libc v0.2.185
   Compiling serde_json v1.0.149
   Compiling num-traits v0.2.19
   Compiling matrixmultiply v0.3.10
   Compiling itoa v1.0.18
   Compiling anstyle v1.0.14
   Compiling plotters-backend v0.3.7
   Compiling crossbeam-epoch v0.9.18
   Compiling memchr v2.8.0
   Compiling ciborium-io v0.2.2
   Compiling regex-syntax v0.8.10
   Compiling clap_lex v1.1.0
   Compiling syn v2.0.117
   Compiling plotters-svg v0.3.7
   Compiling crossbeam-deque v0.8.6
   Compiling clap_builder v4.6.0
   Compiling num-complex v0.4.6
   Compiling itertools v0.10.5
   Compiling rayon v1.12.0
   Compiling cast v0.3.0
   Compiling same-file v1.0.6
   Compiling regex-automata v0.4.14
   Compiling walkdir v2.5.0
   Compiling is-terminal v0.4.17
   Compiling plotters v0.3.7
   Compiling anes v0.1.6
   Compiling once_cell v1.21.4
   Compiling clap v4.6.1
   Compiling oorandom v11.1.5
   Compiling criterion-plot v0.5.0
   Compiling regex v1.12.3
   Compiling bytemuck_derive v1.10.2
   Compiling zerocopy-derive v0.8.48
   Compiling serde_derive v1.0.228
   Compiling bytemuck v1.25.0
   Compiling safe_arch v0.7.4
   Compiling wide v0.7.33
   Compiling tinytemplate v1.2.1
   Compiling half v2.7.1
   Compiling ft-core v0.1.0 (/data/projects/.scratch/frankentorch-bold-cod-a-20260622185548/crates/ft-core)
   Compiling ciborium-ll v0.2.2
   Compiling ciborium v0.2.2
   Compiling ft-kernel-cpu v0.1.0 (/data/projects/.scratch/frankentorch-bold-cod-a-20260622185548/crates/ft-kernel-cpu)
   Compiling ft-runtime v0.1.0 (/data/projects/.scratch/frankentorch-bold-cod-a-20260622185548/crates/ft-runtime)
   Compiling criterion v0.5.1
   Compiling ft-dispatch v0.1.0 (/data/projects/.scratch/frankentorch-bold-cod-a-20260622185548/crates/ft-dispatch)
   Compiling ft-autograd v0.1.0 (/data/projects/.scratch/frankentorch-bold-cod-a-20260622185548/crates/ft-autograd)
   Compiling ft-api v0.1.0 (/data/projects/.scratch/frankentorch-bold-cod-a-20260622185548/crates/ft-api)
    Finished `release` profile [optimized] target(s) in 1m 38s
     Running `.rch-target-vmi1149989-pool-b117935be9d3992bfa5311b12bbb2643/release/examples/cdist_grad_h2h`
p=1 P=1500 R=1500 D=8: FT 12.392 ms gradsum 1.800000e5 | PyTorch unavailable
Traceback (most recent call last):
  File "<stdin>", line 2, in <module>
ModuleNotFoundError: No module named 'torch'

p=1 P=1000 R=1000 D=16: FT 19.387 ms gradsum 1.600000e5 | PyTorch unavailable
Traceback (most recent call last):
  File "<stdin>", line 2, in <module>
ModuleNotFoundError: No module named 'torch'

p=2 P=1500 R=1500 D=8: FT 18.778 ms gradsum 5.913865e4 | PyTorch unavailable
Traceback (most recent call last):
  File "<stdin>", line 2, in <module>
ModuleNotFoundError: No module named 'torch'

p=2 P=1000 R=1000 D=16: FT 13.220 ms gradsum 3.672637e4 | PyTorch unavailable
Traceback (most recent call last):
  File "<stdin>", line 2, in <module>
ModuleNotFoundError: No module named 'torch'

  [2m2026-06-22T19:15:06.545372Z[0m [32m INFO[0m [1;32mrch::hook::transfer_orchestration[0m[32m: [32mRemote command finished: exit=0 in 101482ms[0m
    [2;3mat[0m rch/src/hook/transfer_orchestration.rs:653 [2;3mon[0m ThreadId(1)

  [2m2026-06-22T19:15:06.545725Z[0m [32m INFO[0m [1;32mrch::hook::transfer_orchestration[0m[32m: [32mRetrieving build artifacts...[0m
    [2;3mat[0m rch/src/hook/transfer_orchestration.rs:702 [2;3mon[0m ThreadId(1)

  [2m2026-06-22T19:15:06.545757Z[0m [32m INFO[0m [1;32mrch::transfer[0m[32m: [32mRetrieving artifacts from /data/projects/.scratch/frankentorch-bold-cod-a-20260622185548 on vmi1149989[0m
    [2;3mat[0m rch/src/transfer.rs:2246 [2;3mon[0m ThreadId(1)

  [2m2026-06-22T19:15:08.784278Z[0m [32m INFO[0m [1;32mrch::transfer[0m[32m: [32mArtifacts retrieved in 2238ms (1 files, 1080 bytes)[0m
    [2;3mat[0m rch/src/transfer.rs:2301 [2;3mon[0m ThreadId(1)

  [2m2026-06-22T19:15:08.784354Z[0m [32m INFO[0m [1;32mrch::hook::transfer_orchestration[0m[32m: [32mArtifacts retrieved: 1 files, 1080 bytes in 2238ms[0m
    [2;3mat[0m rch/src/hook/transfer_orchestration.rs:735 [2;3mon[0m ThreadId(1)

  [2m2026-06-22T19:15:08.784459Z[0m [32m INFO[0m [1;32mrch::transfer[0m[32m: [32mRetrieving artifacts from /data/projects/.scratch/frankentorch-bold-cod-a-20260622185548/.rch-target-vmi1149989-pool-b117935be9d3992bfa5311b12bbb2643 on vmi1149989[0m
    [2;3mat[0m rch/src/transfer.rs:2246 [2;3mon[0m ThreadId(1)

  [2m2026-06-22T19:15:15.522072Z[0m [32m INFO[0m [1;32mrch::transfer[0m[32m: [32mArtifacts retrieved in 6737ms (131 files, 781039 bytes)[0m
    [2;3mat[0m rch/src/transfer.rs:2301 [2;3mon[0m ThreadId(1)

  [2m2026-06-22T19:15:15.522098Z[0m [32m INFO[0m [1;32mrch::hook::transfer_orchestration[0m[32m: [32mCustom CARGO_TARGET_DIR artifacts retrieved: 131 files, 781039 bytes in 6737ms[0m
    [2;3mat[0m rch/src/hook/transfer_orchestration.rs:859 [2;3mon[0m ThreadId(1)

[RCH] remote vmi1149989 (158.5s)
