  [2m2026-06-22T18:59:27.089000Z[0m [32m INFO[0m [1;32mrch::hook[0m[32m: [32mSelected worker: vmi1149989 at root@212.90.121.76 (2 slots remaining after reservation, speed 50.0)[0m
    [2;3mat[0m rch/src/hook.rs:921 [2;3mon[0m ThreadId(1)

  [2m2026-06-22T18:59:31.428186Z[0m [32m INFO[0m [1;32mrch::hook::transfer_orchestration[0m[32m: [32mStarting remote compilation pipeline for frankentorch-bold-cod-a-20260622185548 (hash: 5e1bb19dcbb068f1)[0m
    [2;3mat[0m rch/src/hook/transfer_orchestration.rs:241 [2;3mon[0m ThreadId(1)

  [2m2026-06-22T18:59:31.428234Z[0m [32m INFO[0m [1;32mrch::hook::transfer_orchestration[0m[32m: [32mPrepared dependency sync manifest for 13 roots[0m
    [2;3mat[0m rch/src/hook/transfer_orchestration.rs:263 [2;3mon[0m ThreadId(1)

  [2m2026-06-22T18:59:33.194761Z[0m [32m INFO[0m [1;32mrch::hook::transfer_orchestration[0m[32m: [32mSyncing project to worker vmi1149989...[0m
    [2;3mat[0m rch/src/hook/transfer_orchestration.rs:323 [2;3mon[0m ThreadId(1)

  [2m2026-06-22T18:59:33.194821Z[0m [32m INFO[0m [1;32mrch::transfer[0m[32m: [32mSyncing /data/projects/.scratch/frankentorch-bold-cod-a-20260622185548 -> /data/projects/.scratch/frankentorch-bold-cod-a-20260622185548 on vmi1149989[0m
    [2;3mat[0m rch/src/transfer.rs:1528 [2;3mon[0m ThreadId(1)

  [2m2026-06-22T18:59:39.897379Z[0m [32m INFO[0m [1;32mrch::transfer[0m[32m: [32mSync completed in 6702ms[0m
    [2;3mat[0m rch/src/transfer.rs:1592 [2;3mon[0m ThreadId(1)

  [2m2026-06-22T18:59:39.897460Z[0m [32m INFO[0m [1;32mrch::transfer[0m[32m: [32mSyncing /data/projects/.scratch/frankentorch-bold-cod-a-20260622185548/crates/ft-api -> /data/projects/.scratch/frankentorch-bold-cod-a-20260622185548/crates/ft-api on vmi1149989[0m
    [2;3mat[0m rch/src/transfer.rs:1528 [2;3mon[0m ThreadId(1)

  [2m2026-06-22T18:59:42.947664Z[0m [32m INFO[0m [1;32mrch::transfer[0m[32m: [32mSync completed in 3050ms[0m
    [2;3mat[0m rch/src/transfer.rs:1592 [2;3mon[0m ThreadId(1)

  [2m2026-06-22T18:59:42.947749Z[0m [32m INFO[0m [1;32mrch::transfer[0m[32m: [32mSyncing /data/projects/.scratch/frankentorch-bold-cod-a-20260622185548/crates/ft-autograd -> /data/projects/.scratch/frankentorch-bold-cod-a-20260622185548/crates/ft-autograd on vmi1149989[0m
    [2;3mat[0m rch/src/transfer.rs:1528 [2;3mon[0m ThreadId(1)

  [2m2026-06-22T18:59:45.111243Z[0m [32m INFO[0m [1;32mrch::transfer[0m[32m: [32mSync completed in 2163ms[0m
    [2;3mat[0m rch/src/transfer.rs:1592 [2;3mon[0m ThreadId(1)

  [2m2026-06-22T18:59:45.111323Z[0m [32m INFO[0m [1;32mrch::transfer[0m[32m: [32mSyncing /data/projects/.scratch/frankentorch-bold-cod-a-20260622185548/crates/ft-conformance -> /data/projects/.scratch/frankentorch-bold-cod-a-20260622185548/crates/ft-conformance on vmi1149989[0m
    [2;3mat[0m rch/src/transfer.rs:1528 [2;3mon[0m ThreadId(1)

  [2m2026-06-22T18:59:47.407474Z[0m [32m INFO[0m [1;32mrch::transfer[0m[32m: [32mSync completed in 2296ms[0m
    [2;3mat[0m rch/src/transfer.rs:1592 [2;3mon[0m ThreadId(1)

  [2m2026-06-22T18:59:47.407616Z[0m [32m INFO[0m [1;32mrch::transfer[0m[32m: [32mSyncing /data/projects/.scratch/frankentorch-bold-cod-a-20260622185548/crates/ft-core -> /data/projects/.scratch/frankentorch-bold-cod-a-20260622185548/crates/ft-core on vmi1149989[0m
    [2;3mat[0m rch/src/transfer.rs:1528 [2;3mon[0m ThreadId(1)

  [2m2026-06-22T18:59:50.765428Z[0m [32m INFO[0m [1;32mrch::transfer[0m[32m: [32mSync completed in 3357ms[0m
    [2;3mat[0m rch/src/transfer.rs:1592 [2;3mon[0m ThreadId(1)

  [2m2026-06-22T18:59:50.765561Z[0m [32m INFO[0m [1;32mrch::transfer[0m[32m: [32mSyncing /data/projects/.scratch/frankentorch-bold-cod-a-20260622185548/crates/ft-data -> /data/projects/.scratch/frankentorch-bold-cod-a-20260622185548/crates/ft-data on vmi1149989[0m
    [2;3mat[0m rch/src/transfer.rs:1528 [2;3mon[0m ThreadId(1)

  [2m2026-06-22T18:59:53.362386Z[0m [32m INFO[0m [1;32mrch::transfer[0m[32m: [32mSync completed in 2596ms[0m
    [2;3mat[0m rch/src/transfer.rs:1592 [2;3mon[0m ThreadId(1)

  [2m2026-06-22T18:59:53.362540Z[0m [32m INFO[0m [1;32mrch::transfer[0m[32m: [32mSyncing /data/projects/.scratch/frankentorch-bold-cod-a-20260622185548/crates/ft-device -> /data/projects/.scratch/frankentorch-bold-cod-a-20260622185548/crates/ft-device on vmi1149989[0m
    [2;3mat[0m rch/src/transfer.rs:1528 [2;3mon[0m ThreadId(1)

  [2m2026-06-22T18:59:56.719864Z[0m [32m INFO[0m [1;32mrch::transfer[0m[32m: [32mSync completed in 3357ms[0m
    [2;3mat[0m rch/src/transfer.rs:1592 [2;3mon[0m ThreadId(1)

  [2m2026-06-22T18:59:56.720013Z[0m [32m INFO[0m [1;32mrch::transfer[0m[32m: [32mSyncing /data/projects/.scratch/frankentorch-bold-cod-a-20260622185548/crates/ft-dispatch -> /data/projects/.scratch/frankentorch-bold-cod-a-20260622185548/crates/ft-dispatch on vmi1149989[0m
    [2;3mat[0m rch/src/transfer.rs:1528 [2;3mon[0m ThreadId(1)

  [2m2026-06-22T18:59:59.282190Z[0m [32m INFO[0m [1;32mrch::transfer[0m[32m: [32mSync completed in 2562ms[0m
    [2;3mat[0m rch/src/transfer.rs:1592 [2;3mon[0m ThreadId(1)

  [2m2026-06-22T18:59:59.282329Z[0m [32m INFO[0m [1;32mrch::transfer[0m[32m: [32mSyncing /data/projects/.scratch/frankentorch-bold-cod-a-20260622185548/crates/ft-kernel-cpu -> /data/projects/.scratch/frankentorch-bold-cod-a-20260622185548/crates/ft-kernel-cpu on vmi1149989[0m
    [2;3mat[0m rch/src/transfer.rs:1528 [2;3mon[0m ThreadId(1)

  [2m2026-06-22T19:00:01.697175Z[0m [32m INFO[0m [1;32mrch::transfer[0m[32m: [32mSync completed in 2414ms[0m
    [2;3mat[0m rch/src/transfer.rs:1592 [2;3mon[0m ThreadId(1)

  [2m2026-06-22T19:00:01.697262Z[0m [32m INFO[0m [1;32mrch::transfer[0m[32m: [32mSyncing /data/projects/.scratch/frankentorch-bold-cod-a-20260622185548/crates/ft-nn -> /data/projects/.scratch/frankentorch-bold-cod-a-20260622185548/crates/ft-nn on vmi1149989[0m
    [2;3mat[0m rch/src/transfer.rs:1528 [2;3mon[0m ThreadId(1)

  [2m2026-06-22T19:00:04.972290Z[0m [32m INFO[0m [1;32mrch::transfer[0m[32m: [32mSync completed in 3275ms[0m
    [2;3mat[0m rch/src/transfer.rs:1592 [2;3mon[0m ThreadId(1)

  [2m2026-06-22T19:00:04.972379Z[0m [32m INFO[0m [1;32mrch::transfer[0m[32m: [32mSyncing /data/projects/.scratch/frankentorch-bold-cod-a-20260622185548/crates/ft-optim -> /data/projects/.scratch/frankentorch-bold-cod-a-20260622185548/crates/ft-optim on vmi1149989[0m
    [2;3mat[0m rch/src/transfer.rs:1528 [2;3mon[0m ThreadId(1)

  [2m2026-06-22T19:00:08.034773Z[0m [32m INFO[0m [1;32mrch::transfer[0m[32m: [32mSync completed in 3062ms[0m
    [2;3mat[0m rch/src/transfer.rs:1592 [2;3mon[0m ThreadId(1)

  [2m2026-06-22T19:00:08.034864Z[0m [32m INFO[0m [1;32mrch::transfer[0m[32m: [32mSyncing /data/projects/.scratch/frankentorch-bold-cod-a-20260622185548/crates/ft-runtime -> /data/projects/.scratch/frankentorch-bold-cod-a-20260622185548/crates/ft-runtime on vmi1149989[0m
    [2;3mat[0m rch/src/transfer.rs:1528 [2;3mon[0m ThreadId(1)

  [2m2026-06-22T19:00:12.187599Z[0m [32m INFO[0m [1;32mrch::transfer[0m[32m: [32mSync completed in 4152ms[0m
    [2;3mat[0m rch/src/transfer.rs:1592 [2;3mon[0m ThreadId(1)

  [2m2026-06-22T19:00:12.187688Z[0m [32m INFO[0m [1;32mrch::transfer[0m[32m: [32mSyncing /data/projects/.scratch/frankentorch-bold-cod-a-20260622185548/crates/ft-serialize -> /data/projects/.scratch/frankentorch-bold-cod-a-20260622185548/crates/ft-serialize on vmi1149989[0m
    [2;3mat[0m rch/src/transfer.rs:1528 [2;3mon[0m ThreadId(1)

  [2m2026-06-22T19:00:15.361977Z[0m [32m INFO[0m [1;32mrch::transfer[0m[32m: [32mSync completed in 3174ms[0m
    [2;3mat[0m rch/src/transfer.rs:1592 [2;3mon[0m ThreadId(1)

  [2m2026-06-22T19:00:15.362017Z[0m [32m INFO[0m [1;32mrch::hook::transfer_orchestration[0m[32m: [32mSync complete: 4853 files, 9136732 bytes in 42160ms[0m
    [2;3mat[0m rch/src/hook/transfer_orchestration.rs:486 [2;3mon[0m ThreadId(1)

  [2m2026-06-22T19:00:25.904723Z[0m [32m INFO[0m [1;32mrch::hook::transfer_orchestration[0m[32m: [32mExecuting command remotely: cargo run --release -p ft-api --example cdist_grad_h2h[0m
    [2;3mat[0m rch/src/hook/transfer_orchestration.rs:529 [2;3mon[0m ThreadId(1)

  [2m2026-06-22T19:00:25.904826Z[0m [32m INFO[0m [1;32mrch::transfer[0m[32m: [32mRewriting CARGO_TARGET_DIR for remote execution (worker-scoped path): /data/projects/.rch-targets/frankentorch-cod-a -> /data/projects/.scratch/frankentorch-bold-cod-a-20260622185548/.rch-target-vmi1149989-pool-b117935be9d3992bfa5311b12bbb2643[0m
    [2;3mat[0m rch/src/transfer.rs:799 [2;3mon[0m ThreadId(1)

    Updating crates.io index
 Downloading crates ...
  Downloaded autocfg v1.5.0
  Downloaded anstyle v1.0.14
  Downloaded bytemuck_derive v1.10.2
  Downloaded bytemuck v1.25.0
  Downloaded anes v0.1.6
  Downloaded aho-corasick v1.1.4
  Downloaded criterion-plot v0.5.0
  Downloaded plotters-backend v0.3.7
  Downloaded plotters-svg v0.3.7
  Downloaded walkdir v2.5.0
  Downloaded memchr v2.8.0
  Downloaded ciborium-ll v0.2.2
  Downloaded cfg-if v1.0.4
  Downloaded serde_core v1.0.228
  Downloaded plotters v0.3.7
  Downloaded zerocopy v0.8.48
  Downloaded regex v1.12.3
  Downloaded safe_arch v0.7.4
  Downloaded tinytemplate v1.2.1
  Downloaded crossbeam-epoch v0.9.18
  Downloaded oorandom v11.1.5
  Downloaded cast v0.3.0
  Downloaded either v1.15.0
  Downloaded itoa v1.0.18
  Downloaded num-complex v0.4.6
  Downloaded rayon v1.12.0
  Downloaded unicode-ident v1.0.24
  Downloaded zerocopy-derive v0.8.48
  Downloaded ciborium-io v0.2.2
  Downloaded crossbeam-utils v0.8.21
  Downloaded rayon-core v1.13.0
  Downloaded rawpointer v0.2.1
  Downloaded libm v0.2.16
  Downloaded serde_derive v1.0.228
  Downloaded is-terminal v0.4.17
  Downloaded regex-syntax v0.8.10
  Downloaded same-file v1.0.6
  Downloaded zmij v1.0.21
  Downloaded quote v1.0.45
  Downloaded clap_lex v1.1.0
  Downloaded crossbeam-deque v0.8.6
  Downloaded ciborium v0.2.2
  Downloaded once_cell v1.21.4
  Downloaded half v2.7.1
  Downloaded clap v4.6.1
  Downloaded num-traits v0.2.19
  Downloaded criterion v0.5.1
  Downloaded matrixmultiply v0.3.10
  Downloaded serde v1.0.228
  Downloaded proc-macro2 v1.0.106
  Downloaded wide v0.7.33
  Downloaded itertools v0.10.5
  Downloaded clap_builder v4.6.0
  Downloaded syn v2.0.117
  Downloaded serde_json v1.0.149
  Downloaded regex-automata v0.4.14
  Downloaded libc v0.2.185
   Compiling proc-macro2 v1.0.106
   Compiling quote v1.0.45
   Compiling unicode-ident v1.0.24
   Compiling autocfg v1.5.0
   Compiling zerocopy v0.8.48
   Compiling crossbeam-utils v0.8.21
   Compiling cfg-if v1.0.4
   Compiling rayon-core v1.13.0
   Compiling either v1.15.0
   Compiling serde_core v1.0.228
   Compiling libm v0.2.16
   Compiling zmij v1.0.21
   Compiling rawpointer v0.2.1
   Compiling serde v1.0.228
   Compiling serde_json v1.0.149
   Compiling libc v0.2.185
   Compiling plotters-backend v0.3.7
   Compiling num-traits v0.2.19
   Compiling matrixmultiply v0.3.10
   Compiling ciborium-io v0.2.2
   Compiling regex-syntax v0.8.10
   Compiling itoa v1.0.18
   Compiling clap_lex v1.1.0
   Compiling memchr v2.8.0
   Compiling crossbeam-epoch v0.9.18
   Compiling anstyle v1.0.14
   Compiling syn v2.0.117
   Compiling crossbeam-deque v0.8.6
   Compiling num-complex v0.4.6
   Compiling clap_builder v4.6.0
   Compiling plotters-svg v0.3.7
   Compiling itertools v0.10.5
   Compiling cast v0.3.0
   Compiling rayon v1.12.0
   Compiling regex-automata v0.4.14
   Compiling same-file v1.0.6
   Compiling walkdir v2.5.0
   Compiling plotters v0.3.7
   Compiling is-terminal v0.4.17
   Compiling criterion-plot v0.5.0
   Compiling oorandom v11.1.5
   Compiling anes v0.1.6
   Compiling once_cell v1.21.4
   Compiling clap v4.6.1
   Compiling regex v1.12.3
   Compiling bytemuck_derive v1.10.2
   Compiling zerocopy-derive v0.8.48
   Compiling serde_derive v1.0.228
   Compiling bytemuck v1.25.0
   Compiling safe_arch v0.7.4
   Compiling wide v0.7.33
   Compiling tinytemplate v1.2.1
   Compiling half v2.7.1
   Compiling ft-core v0.1.0 (/data/projects/.scratch/frankentorch-bold-cod-a-20260622185548/crates/ft-core)
   Compiling ciborium-ll v0.2.2
   Compiling ciborium v0.2.2
   Compiling ft-kernel-cpu v0.1.0 (/data/projects/.scratch/frankentorch-bold-cod-a-20260622185548/crates/ft-kernel-cpu)
   Compiling ft-runtime v0.1.0 (/data/projects/.scratch/frankentorch-bold-cod-a-20260622185548/crates/ft-runtime)
   Compiling criterion v0.5.1
   Compiling ft-dispatch v0.1.0 (/data/projects/.scratch/frankentorch-bold-cod-a-20260622185548/crates/ft-dispatch)
   Compiling ft-autograd v0.1.0 (/data/projects/.scratch/frankentorch-bold-cod-a-20260622185548/crates/ft-autograd)
   Compiling ft-api v0.1.0 (/data/projects/.scratch/frankentorch-bold-cod-a-20260622185548/crates/ft-api)
    Finished `release` profile [optimized] target(s) in 1m 31s
     Running `.rch-target-vmi1149989-pool-b117935be9d3992bfa5311b12bbb2643/release/examples/cdist_grad_h2h`
p=1 P=1500 R=1500 D=8: FT 7.013 ms gradsum 1.800000e5 | PyTorch unavailable
Traceback (most recent call last):
  File "<stdin>", line 2, in <module>
ModuleNotFoundError: No module named 'torch'

p=1 P=1000 R=1000 D=16: FT 4.440 ms gradsum 1.600000e5 | PyTorch unavailable
Traceback (most recent call last):
  File "<stdin>", line 2, in <module>
ModuleNotFoundError: No module named 'torch'

p=2 P=1500 R=1500 D=8: FT 11.597 ms gradsum 5.913865e4 | PyTorch unavailable
Traceback (most recent call last):
  File "<stdin>", line 2, in <module>
ModuleNotFoundError: No module named 'torch'

p=2 P=1000 R=1000 D=16: FT 9.221 ms gradsum 3.672637e4 | PyTorch unavailable
Traceback (most recent call last):
  File "<stdin>", line 2, in <module>
ModuleNotFoundError: No module named 'torch'

  [2m2026-06-22T19:01:59.953495Z[0m [32m INFO[0m [1;32mrch::hook::transfer_orchestration[0m[32m: [32mRemote command finished: exit=0 in 94048ms[0m
    [2;3mat[0m rch/src/hook/transfer_orchestration.rs:653 [2;3mon[0m ThreadId(1)

  [2m2026-06-22T19:01:59.955966Z[0m [32m INFO[0m [1;32mrch::hook::transfer_orchestration[0m[32m: [32mRetrieving build artifacts...[0m
    [2;3mat[0m rch/src/hook/transfer_orchestration.rs:702 [2;3mon[0m ThreadId(1)

  [2m2026-06-22T19:01:59.956014Z[0m [32m INFO[0m [1;32mrch::transfer[0m[32m: [32mRetrieving artifacts from /data/projects/.scratch/frankentorch-bold-cod-a-20260622185548 on vmi1149989[0m
    [2;3mat[0m rch/src/transfer.rs:2246 [2;3mon[0m ThreadId(1)

  [2m2026-06-22T19:02:04.866556Z[0m [32m INFO[0m [1;32mrch::transfer[0m[32m: [32mArtifacts retrieved in 4910ms (1 files, 1080 bytes)[0m
    [2;3mat[0m rch/src/transfer.rs:2301 [2;3mon[0m ThreadId(1)

  [2m2026-06-22T19:02:04.866577Z[0m [32m INFO[0m [1;32mrch::hook::transfer_orchestration[0m[32m: [32mArtifacts retrieved: 1 files, 1080 bytes in 4910ms[0m
    [2;3mat[0m rch/src/hook/transfer_orchestration.rs:735 [2;3mon[0m ThreadId(1)

  [2m2026-06-22T19:02:04.866698Z[0m [32m INFO[0m [1;32mrch::transfer[0m[32m: [32mRetrieving artifacts from /data/projects/.scratch/frankentorch-bold-cod-a-20260622185548/.rch-target-vmi1149989-pool-b117935be9d3992bfa5311b12bbb2643 on vmi1149989[0m
    [2;3mat[0m rch/src/transfer.rs:2246 [2;3mon[0m ThreadId(1)

  [2m2026-06-22T19:02:26.383750Z[0m [32m INFO[0m [1;32mrch::transfer[0m[32m: [32mArtifacts retrieved in 21517ms (131 files, 780739 bytes)[0m
    [2;3mat[0m rch/src/transfer.rs:2301 [2;3mon[0m ThreadId(1)

  [2m2026-06-22T19:02:26.383772Z[0m [32m INFO[0m [1;32mrch::hook::transfer_orchestration[0m[32m: [32mCustom CARGO_TARGET_DIR artifacts retrieved: 131 files, 780739 bytes in 21517ms[0m
    [2;3mat[0m rch/src/hook/transfer_orchestration.rs:859 [2;3mon[0m ThreadId(1)

[RCH] remote vmi1149989 (179.3s)
