  [2m2026-06-15T04:53:49.441716Z[0m [32m INFO[0m [1;32mrch::hook[0m[32m: [32mSelected worker: ovh-a at ubuntu@51.222.245.56 (3 slots remaining after reservation, speed 50.0)[0m
    [2;3mat[0m rch/src/hook.rs:514 [2;3mon[0m ThreadId(1)

  [2m2026-06-15T04:53:49.706366Z[0m [32m INFO[0m [1;32mrch::hook[0m[32m: [32mStarting remote compilation pipeline for frankentorch-next-20260615T045108Z (hash: eccedb14f1dfd6c2)[0m
    [2;3mat[0m rch/src/hook.rs:5994 [2;3mon[0m ThreadId(1)

  [2m2026-06-15T04:53:49.706419Z[0m [32m INFO[0m [1;32mrch::hook[0m[32m: [32mPrepared dependency sync manifest for 13 roots[0m
    [2;3mat[0m rch/src/hook.rs:6016 [2;3mon[0m ThreadId(1)

  [2m2026-06-15T04:53:50.785797Z[0m [32m INFO[0m [1;32mrch::hook[0m[32m: [32mSyncing project to worker ovh-a...[0m
    [2;3mat[0m rch/src/hook.rs:6046 [2;3mon[0m ThreadId(1)

  [2m2026-06-15T04:53:50.785953Z[0m [32m INFO[0m [1;32mrch::transfer[0m[32m: [32mSyncing /data/projects/.scratch/frankentorch-next-20260615T045108Z -> /data/projects/.scratch/frankentorch-next-20260615T045108Z on ovh-a[0m
    [2;3mat[0m rch/src/transfer.rs:1434 [2;3mon[0m ThreadId(1)

  [2m2026-06-15T04:53:51.819147Z[0m [32m INFO[0m [1;32mrch::transfer[0m[32m: [32mSync completed in 1033ms[0m
    [2;3mat[0m rch/src/transfer.rs:1503 [2;3mon[0m ThreadId(1)

  [2m2026-06-15T04:53:51.819293Z[0m [32m INFO[0m [1;32mrch::transfer[0m[32m: [32mSyncing /data/projects/.scratch/frankentorch-next-20260615T045108Z/crates/ft-api -> /data/projects/.scratch/frankentorch-next-20260615T045108Z/crates/ft-api on ovh-a[0m
    [2;3mat[0m rch/src/transfer.rs:1434 [2;3mon[0m ThreadId(1)

  [2m2026-06-15T04:53:52.416428Z[0m [32m INFO[0m [1;32mrch::transfer[0m[32m: [32mSync completed in 597ms[0m
    [2;3mat[0m rch/src/transfer.rs:1503 [2;3mon[0m ThreadId(1)

  [2m2026-06-15T04:53:52.416554Z[0m [32m INFO[0m [1;32mrch::transfer[0m[32m: [32mSyncing /data/projects/.scratch/frankentorch-next-20260615T045108Z/crates/ft-autograd -> /data/projects/.scratch/frankentorch-next-20260615T045108Z/crates/ft-autograd on ovh-a[0m
    [2;3mat[0m rch/src/transfer.rs:1434 [2;3mon[0m ThreadId(1)

  [2m2026-06-15T04:53:52.934582Z[0m [32m INFO[0m [1;32mrch::transfer[0m[32m: [32mSync completed in 518ms[0m
    [2;3mat[0m rch/src/transfer.rs:1503 [2;3mon[0m ThreadId(1)

  [2m2026-06-15T04:53:52.934743Z[0m [32m INFO[0m [1;32mrch::transfer[0m[32m: [32mSyncing /data/projects/.scratch/frankentorch-next-20260615T045108Z/crates/ft-conformance -> /data/projects/.scratch/frankentorch-next-20260615T045108Z/crates/ft-conformance on ovh-a[0m
    [2;3mat[0m rch/src/transfer.rs:1434 [2;3mon[0m ThreadId(1)

  [2m2026-06-15T04:53:53.521655Z[0m [32m INFO[0m [1;32mrch::transfer[0m[32m: [32mSync completed in 586ms[0m
    [2;3mat[0m rch/src/transfer.rs:1503 [2;3mon[0m ThreadId(1)

  [2m2026-06-15T04:53:53.521814Z[0m [32m INFO[0m [1;32mrch::transfer[0m[32m: [32mSyncing /data/projects/.scratch/frankentorch-next-20260615T045108Z/crates/ft-core -> /data/projects/.scratch/frankentorch-next-20260615T045108Z/crates/ft-core on ovh-a[0m
    [2;3mat[0m rch/src/transfer.rs:1434 [2;3mon[0m ThreadId(1)

  [2m2026-06-15T04:53:54.131730Z[0m [32m INFO[0m [1;32mrch::transfer[0m[32m: [32mSync completed in 609ms[0m
    [2;3mat[0m rch/src/transfer.rs:1503 [2;3mon[0m ThreadId(1)

  [2m2026-06-15T04:53:54.131964Z[0m [32m INFO[0m [1;32mrch::transfer[0m[32m: [32mSyncing /data/projects/.scratch/frankentorch-next-20260615T045108Z/crates/ft-data -> /data/projects/.scratch/frankentorch-next-20260615T045108Z/crates/ft-data on ovh-a[0m
    [2;3mat[0m rch/src/transfer.rs:1434 [2;3mon[0m ThreadId(1)

  [2m2026-06-15T04:53:54.681172Z[0m [32m INFO[0m [1;32mrch::transfer[0m[32m: [32mSync completed in 549ms[0m
    [2;3mat[0m rch/src/transfer.rs:1503 [2;3mon[0m ThreadId(1)

  [2m2026-06-15T04:53:54.681325Z[0m [32m INFO[0m [1;32mrch::transfer[0m[32m: [32mSyncing /data/projects/.scratch/frankentorch-next-20260615T045108Z/crates/ft-device -> /data/projects/.scratch/frankentorch-next-20260615T045108Z/crates/ft-device on ovh-a[0m
    [2;3mat[0m rch/src/transfer.rs:1434 [2;3mon[0m ThreadId(1)

  [2m2026-06-15T04:53:55.210782Z[0m [32m INFO[0m [1;32mrch::transfer[0m[32m: [32mSync completed in 529ms[0m
    [2;3mat[0m rch/src/transfer.rs:1503 [2;3mon[0m ThreadId(1)

  [2m2026-06-15T04:53:55.210908Z[0m [32m INFO[0m [1;32mrch::transfer[0m[32m: [32mSyncing /data/projects/.scratch/frankentorch-next-20260615T045108Z/crates/ft-dispatch -> /data/projects/.scratch/frankentorch-next-20260615T045108Z/crates/ft-dispatch on ovh-a[0m
    [2;3mat[0m rch/src/transfer.rs:1434 [2;3mon[0m ThreadId(1)

  [2m2026-06-15T04:53:55.712850Z[0m [32m INFO[0m [1;32mrch::transfer[0m[32m: [32mSync completed in 501ms[0m
    [2;3mat[0m rch/src/transfer.rs:1503 [2;3mon[0m ThreadId(1)

  [2m2026-06-15T04:53:55.713014Z[0m [32m INFO[0m [1;32mrch::transfer[0m[32m: [32mSyncing /data/projects/.scratch/frankentorch-next-20260615T045108Z/crates/ft-kernel-cpu -> /data/projects/.scratch/frankentorch-next-20260615T045108Z/crates/ft-kernel-cpu on ovh-a[0m
    [2;3mat[0m rch/src/transfer.rs:1434 [2;3mon[0m ThreadId(1)

  [2m2026-06-15T04:53:56.201777Z[0m [32m INFO[0m [1;32mrch::transfer[0m[32m: [32mSync completed in 488ms[0m
    [2;3mat[0m rch/src/transfer.rs:1503 [2;3mon[0m ThreadId(1)

  [2m2026-06-15T04:53:56.201961Z[0m [32m INFO[0m [1;32mrch::transfer[0m[32m: [32mSyncing /data/projects/.scratch/frankentorch-next-20260615T045108Z/crates/ft-nn -> /data/projects/.scratch/frankentorch-next-20260615T045108Z/crates/ft-nn on ovh-a[0m
    [2;3mat[0m rch/src/transfer.rs:1434 [2;3mon[0m ThreadId(1)

  [2m2026-06-15T04:53:56.733157Z[0m [32m INFO[0m [1;32mrch::transfer[0m[32m: [32mSync completed in 531ms[0m
    [2;3mat[0m rch/src/transfer.rs:1503 [2;3mon[0m ThreadId(1)

  [2m2026-06-15T04:53:56.733283Z[0m [32m INFO[0m [1;32mrch::transfer[0m[32m: [32mSyncing /data/projects/.scratch/frankentorch-next-20260615T045108Z/crates/ft-optim -> /data/projects/.scratch/frankentorch-next-20260615T045108Z/crates/ft-optim on ovh-a[0m
    [2;3mat[0m rch/src/transfer.rs:1434 [2;3mon[0m ThreadId(1)

  [2m2026-06-15T04:53:57.212444Z[0m [32m INFO[0m [1;32mrch::transfer[0m[32m: [32mSync completed in 479ms[0m
    [2;3mat[0m rch/src/transfer.rs:1503 [2;3mon[0m ThreadId(1)

  [2m2026-06-15T04:53:57.212592Z[0m [32m INFO[0m [1;32mrch::transfer[0m[32m: [32mSyncing /data/projects/.scratch/frankentorch-next-20260615T045108Z/crates/ft-runtime -> /data/projects/.scratch/frankentorch-next-20260615T045108Z/crates/ft-runtime on ovh-a[0m
    [2;3mat[0m rch/src/transfer.rs:1434 [2;3mon[0m ThreadId(1)

  [2m2026-06-15T04:53:57.682671Z[0m [32m INFO[0m [1;32mrch::transfer[0m[32m: [32mSync completed in 470ms[0m
    [2;3mat[0m rch/src/transfer.rs:1503 [2;3mon[0m ThreadId(1)

  [2m2026-06-15T04:53:57.682840Z[0m [32m INFO[0m [1;32mrch::transfer[0m[32m: [32mSyncing /data/projects/.scratch/frankentorch-next-20260615T045108Z/crates/ft-serialize -> /data/projects/.scratch/frankentorch-next-20260615T045108Z/crates/ft-serialize on ovh-a[0m
    [2;3mat[0m rch/src/transfer.rs:1434 [2;3mon[0m ThreadId(1)

  [2m2026-06-15T04:53:58.146223Z[0m [32m INFO[0m [1;32mrch::transfer[0m[32m: [32mSync completed in 463ms[0m
    [2;3mat[0m rch/src/transfer.rs:1503 [2;3mon[0m ThreadId(1)

  [2m2026-06-15T04:53:58.146272Z[0m [32m INFO[0m [1;32mrch::hook[0m[32m: [32mSync complete: 2875 files, 5753444 bytes in 7353ms[0m
    [2;3mat[0m rch/src/hook.rs:6209 [2;3mon[0m ThreadId(1)

  [2m2026-06-15T04:54:00.123619Z[0m [32m INFO[0m [1;32mrch::hook[0m[32m: [32mExecuting command remotely: cargo bench -j 1 -p ft-autograd --bench backward_bench -- activation_backward --warm-up-time 1 --measurement-time 3 --sample-size 10 --noplot[0m
    [2;3mat[0m rch/src/hook.rs:6252 [2;3mon[0m ThreadId(1)

  [2m2026-06-15T04:54:00.123690Z[0m [32m INFO[0m [1;32mrch::transfer[0m[32m: [32mRewriting CARGO_TARGET_DIR for remote execution (worker-scoped path): /data/tmp/cargo-target -> /data/projects/.scratch/frankentorch-next-20260615T045108Z/.rch-target-ovh-a-job-29884606035532440-1781499230785788004-0[0m
    [2;3mat[0m rch/src/transfer.rs:712 [2;3mon[0m ThreadId(1)

    Updating crates.io index
 Downloading crates ...
  Downloaded bit-set v0.8.0
  Downloaded cfg-if v1.0.4
  Downloaded clap_lex v1.1.0
  Downloaded cast v0.3.0
  Downloaded ciborium-io v0.2.2
  Downloaded anes v0.1.6
  Downloaded anstyle v1.0.14
  Downloaded autocfg v1.5.0
  Downloaded bytemuck_derive v1.10.2
  Downloaded ciborium-ll v0.2.2
  Downloaded bit-vec v0.8.0
  Downloaded crossbeam-deque v0.8.6
  Downloaded either v1.15.0
  Downloaded criterion-plot v0.5.0
  Downloaded ciborium v0.2.2
  Downloaded bitflags v2.11.1
  Downloaded bytemuck v1.25.0
  Downloaded console v0.16.3
  Downloaded crossbeam-epoch v0.9.18
  Downloaded crossbeam-utils v0.8.21
  Downloaded clap v4.6.1
  Downloaded plotters-backend v0.3.7
  Downloaded plotters-svg v0.3.7
  Downloaded rand_xorshift v0.4.0
  Downloaded same-file v1.0.6
  Downloaded tinytemplate v1.2.1
  Downloaded criterion v0.5.1
  Downloaded fnv v1.0.7
  Downloaded quick-error v1.2.3
  Downloaded rusty-fork v0.3.1
  Downloaded itoa v1.0.18
  Downloaded unarray v0.1.4
  Downloaded rand_core v0.9.5
  Downloaded errno v0.3.14
  Downloaded wait-timeout v0.2.1
  Downloaded rand_chacha v0.9.0
  Downloaded is-terminal v0.4.17
  Downloaded proc-macro2 v1.0.106
  Downloaded fastrand v2.4.1
  Downloaded zmij v1.0.21
  Downloaded rayon-core v1.13.0
  Downloaded once_cell v1.21.4
  Downloaded similar v2.7.0
  Downloaded matrixmultiply v0.3.10
  Downloaded oorandom v11.1.5
  Downloaded tempfile v3.27.0
  Downloaded safe_arch v0.7.4
  Downloaded rawpointer v0.2.1
  Downloaded ppv-lite86 v0.2.21
  Downloaded aho-corasick v1.1.4
  Downloaded num-complex v0.4.6
  Downloaded quote v1.0.45
  Downloaded walkdir v2.5.0
  Downloaded getrandom v0.3.4
  Downloaded clap_builder v4.6.0
  Downloaded rand v0.9.4
  Downloaded serde_core v1.0.228
  Downloaded serde_derive v1.0.228
  Downloaded unicode-ident v1.0.24
  Downloaded memchr v2.8.0
  Downloaded half v2.7.1
  Downloaded num-traits v0.2.19
  Downloaded wide v0.7.33
  Downloaded serde v1.0.228
  Downloaded serde_json v1.0.149
  Downloaded itertools v0.10.5
  Downloaded rayon v1.12.0
  Downloaded insta v1.47.2
  Downloaded zerocopy-derive v0.8.48
  Downloaded libm v0.2.16
  Downloaded proptest v1.11.0
  Downloaded plotters v0.3.7
  Downloaded regex v1.12.3
  Downloaded zerocopy v0.8.48
  Downloaded syn v2.0.117
  Downloaded regex-syntax v0.8.10
  Downloaded rustix v1.1.4
  Downloaded regex-automata v0.4.14
  Downloaded libc v0.2.185
  Downloaded linux-raw-sys v0.12.1
   Compiling proc-macro2 v1.0.106
   Compiling unicode-ident v1.0.24
   Compiling quote v1.0.45
   Compiling syn v2.0.117
   Compiling cfg-if v1.0.4
   Compiling libc v0.2.185
   Compiling autocfg v1.5.0
   Compiling zerocopy v0.8.48
   Compiling zerocopy-derive v0.8.48
   Compiling bytemuck_derive v1.10.2
   Compiling bytemuck v1.25.0
   Compiling num-traits v0.2.19
   Compiling getrandom v0.3.4
   Compiling crossbeam-utils v0.8.21
   Compiling crossbeam-epoch v0.9.18
   Compiling half v2.7.1
   Compiling serde_core v1.0.228
   Compiling either v1.15.0
   Compiling rayon-core v1.13.0
   Compiling crossbeam-deque v0.8.6
   Compiling rustix v1.1.4
   Compiling matrixmultiply v0.3.10
   Compiling once_cell v1.21.4
   Compiling bitflags v2.11.1
   Compiling serde v1.0.228
   Compiling libm v0.2.16
   Compiling linux-raw-sys v0.12.1
   Compiling zmij v1.0.21
   Compiling rayon v1.12.0
   Compiling rand_core v0.9.5
   Compiling num-complex v0.4.6
   Compiling safe_arch v0.7.4
   Compiling serde_derive v1.0.228
   Compiling regex-syntax v0.8.10
   Compiling rawpointer v0.2.1
   Compiling fastrand v2.4.1
   Compiling serde_json v1.0.149
   Compiling tempfile v3.27.0
   Compiling wide v0.7.33
   Compiling ft-core v0.1.0 (/data/projects/.scratch/frankentorch-next-20260615T045108Z/crates/ft-core)
   Compiling itoa v1.0.18
   Compiling clap_lex v1.1.0
   Compiling anstyle v1.0.14
   Compiling memchr v2.8.0
   Compiling ciborium-io v0.2.2
   Compiling plotters-backend v0.3.7
   Compiling plotters-svg v0.3.7
   Compiling ciborium-ll v0.2.2
   Compiling clap_builder v4.6.0
   Compiling ft-kernel-cpu v0.1.0 (/data/projects/.scratch/frankentorch-next-20260615T045108Z/crates/ft-kernel-cpu)
   Compiling regex-automata v0.4.14
   Compiling itertools v0.10.5
   Compiling ppv-lite86 v0.2.21
   Compiling wait-timeout v0.2.1
   Compiling same-file v1.0.6
   Compiling fnv v1.0.7
   Compiling cast v0.3.0
   Compiling quick-error v1.2.3
   Compiling bit-vec v0.8.0
   Compiling bit-set v0.8.0
   Compiling rusty-fork v0.3.1
   Compiling criterion-plot v0.5.0
   Compiling walkdir v2.5.0
   Compiling rand_chacha v0.9.0
   Compiling regex v1.12.3
   Compiling ft-dispatch v0.1.0 (/data/projects/.scratch/frankentorch-next-20260615T045108Z/crates/ft-dispatch)
   Compiling clap v4.6.1
   Compiling tinytemplate v1.2.1
   Compiling ciborium v0.2.2
   Compiling plotters v0.3.7
   Compiling rand v0.9.4
   Compiling rand_xorshift v0.4.0
   Compiling is-terminal v0.4.17
   Compiling console v0.16.3
   Compiling unarray v0.1.4
   Compiling similar v2.7.0
   Compiling anes v0.1.6
   Compiling oorandom v11.1.5
   Compiling criterion v0.5.1
   Compiling insta v1.47.2
   Compiling proptest v1.11.0
   Compiling ft-autograd v0.1.0 (/data/projects/.scratch/frankentorch-next-20260615T045108Z/crates/ft-autograd)
    Finished `bench` profile [optimized + debuginfo] target(s) in 2m 36s
     Running benches/backward_bench.rs (.rch-target-ovh-a-job-29884606035532440-1781499230785788004-0/release/deps/backward_bench-7cfc73f77a6e4eda)
Gnuplot not found, using plotters backend
Benchmarking activation_backward/gelu_chain_16x65536
Benchmarking activation_backward/gelu_chain_16x65536: Warming up for 1.0000 s
Benchmarking activation_backward/gelu_chain_16x65536: Collecting 10 samples in estimated 3.6145 s (110 iterations)
Benchmarking activation_backward/gelu_chain_16x65536: Analyzing
activation_backward/gelu_chain_16x65536
                        time:   [26.263 ms 26.689 ms 27.657 ms]
Benchmarking activation_backward/silu_chain_16x65536
Benchmarking activation_backward/silu_chain_16x65536: Warming up for 1.0000 s
Benchmarking activation_backward/silu_chain_16x65536: Collecting 10 samples in estimated 3.4315 s (165 iterations)
Benchmarking activation_backward/silu_chain_16x65536: Analyzing
activation_backward/silu_chain_16x65536
                        time:   [15.968 ms 16.504 ms 17.714 ms]
Benchmarking activation_backward/elu_chain_16x65536
Benchmarking activation_backward/elu_chain_16x65536: Warming up for 1.0000 s
Benchmarking activation_backward/elu_chain_16x65536: Collecting 10 samples in estimated 3.3184 s (165 iterations)
Benchmarking activation_backward/elu_chain_16x65536: Analyzing
activation_backward/elu_chain_16x65536
                        time:   [15.533 ms 15.950 ms 16.952 ms]
Benchmarking activation_backward/erf_chain_16x65536
Benchmarking activation_backward/erf_chain_16x65536: Warming up for 1.0000 s
Benchmarking activation_backward/erf_chain_16x65536: Collecting 10 samples in estimated 3.4038 s (165 iterations)
Benchmarking activation_backward/erf_chain_16x65536: Analyzing
activation_backward/erf_chain_16x65536
                        time:   [15.790 ms 16.257 ms 17.378 ms]
Benchmarking activation_backward/erfc_chain_16x65536
Benchmarking activation_backward/erfc_chain_16x65536: Warming up for 1.0000 s
Benchmarking activation_backward/erfc_chain_16x65536: Collecting 10 samples in estimated 3.4247 s (165 iterations)
Benchmarking activation_backward/erfc_chain_16x65536: Analyzing
activation_backward/erfc_chain_16x65536
                        time:   [15.383 ms 15.849 ms 16.947 ms]
Benchmarking activation_backward/softplus_chain_16x65536
Benchmarking activation_backward/softplus_chain_16x65536: Warming up for 1.0000 s
Benchmarking activation_backward/softplus_chain_16x65536: Collecting 10 samples in estimated 3.6676 s (165 iterations)
Benchmarking activation_backward/softplus_chain_16x65536: Analyzing
activation_backward/softplus_chain_16x65536
                        time:   [17.029 ms 20.687 ms 23.561 ms]
Found 1 outliers among 10 measurements (10.00%)
  1 (10.00%) high mild
Benchmarking activation_backward/mish_chain_16x65536
Benchmarking activation_backward/mish_chain_16x65536: Warming up for 1.0000 s
Benchmarking activation_backward/mish_chain_16x65536: Collecting 10 samples in estimated 3.0586 s (20 iterations)
Benchmarking activation_backward/mish_chain_16x65536: Analyzing
activation_backward/mish_chain_16x65536
                        time:   [64.088 ms 71.142 ms 78.950 ms]

  [2m2026-06-15T04:57:11.222244Z[0m [32m INFO[0m [1;32mrch::hook[0m[32m: [32mRemote command finished: exit=0 in 191098ms[0m
    [2;3mat[0m rch/src/hook.rs:6376 [2;3mon[0m ThreadId(1)

  [2m2026-06-15T04:57:11.222588Z[0m [32m INFO[0m [1;32mrch::hook[0m[32m: [32mRetrieving build artifacts...[0m
    [2;3mat[0m rch/src/hook.rs:6425 [2;3mon[0m ThreadId(1)

  [2m2026-06-15T04:57:11.222620Z[0m [32m INFO[0m [1;32mrch::transfer[0m[32m: [32mRetrieving artifacts from /data/projects/.scratch/frankentorch-next-20260615T045108Z on ovh-a[0m
    [2;3mat[0m rch/src/transfer.rs:2106 [2;3mon[0m ThreadId(1)

  [2m2026-06-15T04:57:11.800982Z[0m [32m INFO[0m [1;32mrch::transfer[0m[32m: [32mArtifacts retrieved in 578ms (1 files, 1180 bytes)[0m
    [2;3mat[0m rch/src/transfer.rs:2145 [2;3mon[0m ThreadId(1)

  [2m2026-06-15T04:57:11.801014Z[0m [32m INFO[0m [1;32mrch::hook[0m[32m: [32mArtifacts retrieved: 1 files, 1180 bytes in 578ms[0m
    [2;3mat[0m rch/src/hook.rs:6458 [2;3mon[0m ThreadId(1)

  [2m2026-06-15T04:57:11.801106Z[0m [32m INFO[0m [1;32mrch::transfer[0m[32m: [32mRetrieving artifacts from /data/projects/.scratch/frankentorch-next-20260615T045108Z/.rch-target-ovh-a-job-29884606035532440-1781499230785788004-0 on ovh-a[0m
    [2;3mat[0m rch/src/transfer.rs:2106 [2;3mon[0m ThreadId(1)

  [2m2026-06-15T04:57:12.312568Z[0m [32m INFO[0m [1;32mrch::transfer[0m[32m: [32mArtifacts retrieved in 511ms (80 files, 1631 bytes)[0m
    [2;3mat[0m rch/src/transfer.rs:2145 [2;3mon[0m ThreadId(1)

  [2m2026-06-15T04:57:12.312601Z[0m [32m INFO[0m [1;32mrch::hook[0m[32m: [32mCustom CARGO_TARGET_DIR artifacts retrieved: 80 files, 1631 bytes in 511ms[0m
    [2;3mat[0m rch/src/hook.rs:6582 [2;3mon[0m ThreadId(1)

[RCH] remote ovh-a (202.9s)
