  [2m2026-06-15T05:14:55.431617Z[0m [32m INFO[0m [1;32mrch::hook[0m[32m: [32mSelected worker: ovh-a at ubuntu@51.222.245.56 (1 slots remaining after reservation, speed 50.0)[0m
    [2;3mat[0m rch/src/hook.rs:514 [2;3mon[0m ThreadId(1)

  [2m2026-06-15T05:14:55.747707Z[0m [32m INFO[0m [1;32mrch::hook[0m[32m: [32mStarting remote compilation pipeline for frankentorch-next-20260615T045108Z (hash: eccedb14f1dfd6c2)[0m
    [2;3mat[0m rch/src/hook.rs:5994 [2;3mon[0m ThreadId(1)

  [2m2026-06-15T05:14:55.747790Z[0m [32m INFO[0m [1;32mrch::hook[0m[32m: [32mPrepared dependency sync manifest for 13 roots[0m
    [2;3mat[0m rch/src/hook.rs:6016 [2;3mon[0m ThreadId(1)

  [2m2026-06-15T05:14:56.490337Z[0m [32m INFO[0m [1;32mrch::hook[0m[32m: [32mSyncing project to worker ovh-a...[0m
    [2;3mat[0m rch/src/hook.rs:6046 [2;3mon[0m ThreadId(1)

  [2m2026-06-15T05:14:56.490403Z[0m [32m INFO[0m [1;32mrch::transfer[0m[32m: [32mSyncing /data/projects/.scratch/frankentorch-next-20260615T045108Z -> /data/projects/.scratch/frankentorch-next-20260615T045108Z on ovh-a[0m
    [2;3mat[0m rch/src/transfer.rs:1434 [2;3mon[0m ThreadId(1)

  [2m2026-06-15T05:14:57.137131Z[0m [32m INFO[0m [1;32mrch::transfer[0m[32m: [32mSync completed in 646ms[0m
    [2;3mat[0m rch/src/transfer.rs:1503 [2;3mon[0m ThreadId(1)

  [2m2026-06-15T05:14:57.137213Z[0m [32m INFO[0m [1;32mrch::transfer[0m[32m: [32mSyncing /data/projects/.scratch/frankentorch-next-20260615T045108Z/crates/ft-api -> /data/projects/.scratch/frankentorch-next-20260615T045108Z/crates/ft-api on ovh-a[0m
    [2;3mat[0m rch/src/transfer.rs:1434 [2;3mon[0m ThreadId(1)

  [2m2026-06-15T05:14:57.628191Z[0m [32m INFO[0m [1;32mrch::transfer[0m[32m: [32mSync completed in 490ms[0m
    [2;3mat[0m rch/src/transfer.rs:1503 [2;3mon[0m ThreadId(1)

  [2m2026-06-15T05:14:57.628269Z[0m [32m INFO[0m [1;32mrch::transfer[0m[32m: [32mSyncing /data/projects/.scratch/frankentorch-next-20260615T045108Z/crates/ft-autograd -> /data/projects/.scratch/frankentorch-next-20260615T045108Z/crates/ft-autograd on ovh-a[0m
    [2;3mat[0m rch/src/transfer.rs:1434 [2;3mon[0m ThreadId(1)

  [2m2026-06-15T05:14:58.211473Z[0m [32m INFO[0m [1;32mrch::transfer[0m[32m: [32mSync completed in 583ms[0m
    [2;3mat[0m rch/src/transfer.rs:1503 [2;3mon[0m ThreadId(1)

  [2m2026-06-15T05:14:58.211562Z[0m [32m INFO[0m [1;32mrch::transfer[0m[32m: [32mSyncing /data/projects/.scratch/frankentorch-next-20260615T045108Z/crates/ft-conformance -> /data/projects/.scratch/frankentorch-next-20260615T045108Z/crates/ft-conformance on ovh-a[0m
    [2;3mat[0m rch/src/transfer.rs:1434 [2;3mon[0m ThreadId(1)

  [2m2026-06-15T05:14:58.721465Z[0m [32m INFO[0m [1;32mrch::transfer[0m[32m: [32mSync completed in 509ms[0m
    [2;3mat[0m rch/src/transfer.rs:1503 [2;3mon[0m ThreadId(1)

  [2m2026-06-15T05:14:58.721545Z[0m [32m INFO[0m [1;32mrch::transfer[0m[32m: [32mSyncing /data/projects/.scratch/frankentorch-next-20260615T045108Z/crates/ft-core -> /data/projects/.scratch/frankentorch-next-20260615T045108Z/crates/ft-core on ovh-a[0m
    [2;3mat[0m rch/src/transfer.rs:1434 [2;3mon[0m ThreadId(1)

  [2m2026-06-15T05:14:59.209030Z[0m [32m INFO[0m [1;32mrch::transfer[0m[32m: [32mSync completed in 487ms[0m
    [2;3mat[0m rch/src/transfer.rs:1503 [2;3mon[0m ThreadId(1)

  [2m2026-06-15T05:14:59.209110Z[0m [32m INFO[0m [1;32mrch::transfer[0m[32m: [32mSyncing /data/projects/.scratch/frankentorch-next-20260615T045108Z/crates/ft-data -> /data/projects/.scratch/frankentorch-next-20260615T045108Z/crates/ft-data on ovh-a[0m
    [2;3mat[0m rch/src/transfer.rs:1434 [2;3mon[0m ThreadId(1)

  [2m2026-06-15T05:14:59.672247Z[0m [32m INFO[0m [1;32mrch::transfer[0m[32m: [32mSync completed in 463ms[0m
    [2;3mat[0m rch/src/transfer.rs:1503 [2;3mon[0m ThreadId(1)

  [2m2026-06-15T05:14:59.672357Z[0m [32m INFO[0m [1;32mrch::transfer[0m[32m: [32mSyncing /data/projects/.scratch/frankentorch-next-20260615T045108Z/crates/ft-device -> /data/projects/.scratch/frankentorch-next-20260615T045108Z/crates/ft-device on ovh-a[0m
    [2;3mat[0m rch/src/transfer.rs:1434 [2;3mon[0m ThreadId(1)

  [2m2026-06-15T05:15:00.160549Z[0m [32m INFO[0m [1;32mrch::transfer[0m[32m: [32mSync completed in 488ms[0m
    [2;3mat[0m rch/src/transfer.rs:1503 [2;3mon[0m ThreadId(1)

  [2m2026-06-15T05:15:00.160643Z[0m [32m INFO[0m [1;32mrch::transfer[0m[32m: [32mSyncing /data/projects/.scratch/frankentorch-next-20260615T045108Z/crates/ft-dispatch -> /data/projects/.scratch/frankentorch-next-20260615T045108Z/crates/ft-dispatch on ovh-a[0m
    [2;3mat[0m rch/src/transfer.rs:1434 [2;3mon[0m ThreadId(1)

  [2m2026-06-15T05:15:00.645388Z[0m [32m INFO[0m [1;32mrch::transfer[0m[32m: [32mSync completed in 484ms[0m
    [2;3mat[0m rch/src/transfer.rs:1503 [2;3mon[0m ThreadId(1)

  [2m2026-06-15T05:15:00.645487Z[0m [32m INFO[0m [1;32mrch::transfer[0m[32m: [32mSyncing /data/projects/.scratch/frankentorch-next-20260615T045108Z/crates/ft-kernel-cpu -> /data/projects/.scratch/frankentorch-next-20260615T045108Z/crates/ft-kernel-cpu on ovh-a[0m
    [2;3mat[0m rch/src/transfer.rs:1434 [2;3mon[0m ThreadId(1)

  [2m2026-06-15T05:15:01.129631Z[0m [32m INFO[0m [1;32mrch::transfer[0m[32m: [32mSync completed in 484ms[0m
    [2;3mat[0m rch/src/transfer.rs:1503 [2;3mon[0m ThreadId(1)

  [2m2026-06-15T05:15:01.129722Z[0m [32m INFO[0m [1;32mrch::transfer[0m[32m: [32mSyncing /data/projects/.scratch/frankentorch-next-20260615T045108Z/crates/ft-nn -> /data/projects/.scratch/frankentorch-next-20260615T045108Z/crates/ft-nn on ovh-a[0m
    [2;3mat[0m rch/src/transfer.rs:1434 [2;3mon[0m ThreadId(1)

  [2m2026-06-15T05:15:01.614037Z[0m [32m INFO[0m [1;32mrch::transfer[0m[32m: [32mSync completed in 484ms[0m
    [2;3mat[0m rch/src/transfer.rs:1503 [2;3mon[0m ThreadId(1)

  [2m2026-06-15T05:15:01.614112Z[0m [32m INFO[0m [1;32mrch::transfer[0m[32m: [32mSyncing /data/projects/.scratch/frankentorch-next-20260615T045108Z/crates/ft-optim -> /data/projects/.scratch/frankentorch-next-20260615T045108Z/crates/ft-optim on ovh-a[0m
    [2;3mat[0m rch/src/transfer.rs:1434 [2;3mon[0m ThreadId(1)

  [2m2026-06-15T05:15:02.119417Z[0m [32m INFO[0m [1;32mrch::transfer[0m[32m: [32mSync completed in 505ms[0m
    [2;3mat[0m rch/src/transfer.rs:1503 [2;3mon[0m ThreadId(1)

  [2m2026-06-15T05:15:02.119496Z[0m [32m INFO[0m [1;32mrch::transfer[0m[32m: [32mSyncing /data/projects/.scratch/frankentorch-next-20260615T045108Z/crates/ft-runtime -> /data/projects/.scratch/frankentorch-next-20260615T045108Z/crates/ft-runtime on ovh-a[0m
    [2;3mat[0m rch/src/transfer.rs:1434 [2;3mon[0m ThreadId(1)

  [2m2026-06-15T05:15:02.656813Z[0m [32m INFO[0m [1;32mrch::transfer[0m[32m: [32mSync completed in 537ms[0m
    [2;3mat[0m rch/src/transfer.rs:1503 [2;3mon[0m ThreadId(1)

  [2m2026-06-15T05:15:02.656900Z[0m [32m INFO[0m [1;32mrch::transfer[0m[32m: [32mSyncing /data/projects/.scratch/frankentorch-next-20260615T045108Z/crates/ft-serialize -> /data/projects/.scratch/frankentorch-next-20260615T045108Z/crates/ft-serialize on ovh-a[0m
    [2;3mat[0m rch/src/transfer.rs:1434 [2;3mon[0m ThreadId(1)

  [2m2026-06-15T05:15:03.137283Z[0m [32m INFO[0m [1;32mrch::transfer[0m[32m: [32mSync completed in 480ms[0m
    [2;3mat[0m rch/src/transfer.rs:1503 [2;3mon[0m ThreadId(1)

  [2m2026-06-15T05:15:03.137332Z[0m [32m INFO[0m [1;32mrch::hook[0m[32m: [32mSync complete: 2880 files, 124296 bytes in 6640ms[0m
    [2;3mat[0m rch/src/hook.rs:6209 [2;3mon[0m ThreadId(1)

  [2m2026-06-15T05:15:05.141009Z[0m [32m INFO[0m [1;32mrch::hook[0m[32m: [32mExecuting command remotely: cargo check -j 1 -p ft-autograd --all-targets[0m
    [2;3mat[0m rch/src/hook.rs:6252 [2;3mon[0m ThreadId(1)

  [2m2026-06-15T05:15:05.141050Z[0m [32m INFO[0m [1;32mrch::transfer[0m[32m: [32mRewriting CARGO_TARGET_DIR for remote execution (worker-scoped path): /data/tmp/cargo-target -> /data/projects/.scratch/frankentorch-next-20260615T045108Z/.rch-target-ovh-a-job-29884606035532550-1781500496490329497-0[0m
    [2;3mat[0m rch/src/transfer.rs:712 [2;3mon[0m ThreadId(1)

    Updating crates.io index
 Downloading crates ...
  Downloaded bit-set v0.8.0
  Downloaded anstyle v1.0.14
  Downloaded autocfg v1.5.0
  Downloaded bit-vec v0.8.0
  Downloaded anes v0.1.6
  Downloaded bitflags v2.11.1
  Downloaded aho-corasick v1.1.4
  Downloaded fnv v1.0.7
  Downloaded itoa v1.0.18
  Downloaded oorandom v11.1.5
  Downloaded getrandom v0.3.4
  Downloaded num-complex v0.4.6
  Downloaded is-terminal v0.4.17
  Downloaded clap_lex v1.1.0
  Downloaded ppv-lite86 v0.2.21
  Downloaded cfg-if v1.0.4
  Downloaded plotters-svg v0.3.7
  Downloaded wait-timeout v0.2.1
  Downloaded either v1.15.0
  Downloaded errno v0.3.14
  Downloaded ciborium-ll v0.2.2
  Downloaded unarray v0.1.4
  Downloaded quote v1.0.45
  Downloaded plotters-backend v0.3.7
  Downloaded ciborium-io v0.2.2
  Downloaded rawpointer v0.2.1
  Downloaded same-file v1.0.6
  Downloaded cast v0.3.0
  Downloaded proc-macro2 v1.0.106
  Downloaded ciborium v0.2.2
  Downloaded console v0.16.3
  Downloaded num-traits v0.2.19
  Downloaded rand_xorshift v0.4.0
  Downloaded rand_chacha v0.9.0
  Downloaded tinytemplate v1.2.1
  Downloaded crossbeam-epoch v0.9.18
  Downloaded once_cell v1.21.4
  Downloaded quick-error v1.2.3
  Downloaded criterion-plot v0.5.0
  Downloaded zmij v1.0.21
  Downloaded crossbeam-utils v0.8.21
  Downloaded rusty-fork v0.3.1
  Downloaded half v2.7.1
  Downloaded bytemuck_derive v1.10.2
  Downloaded fastrand v2.4.1
  Downloaded rand_core v0.9.5
  Downloaded walkdir v2.5.0
  Downloaded crossbeam-deque v0.8.6
  Downloaded clap v4.6.1
  Downloaded tempfile v3.27.0
  Downloaded unicode-ident v1.0.24
  Downloaded serde_derive v1.0.228
  Downloaded serde_core v1.0.228
  Downloaded bytemuck v1.25.0
  Downloaded similar v2.7.0
  Downloaded matrixmultiply v0.3.10
  Downloaded rayon-core v1.13.0
  Downloaded serde v1.0.228
  Downloaded safe_arch v0.7.4
  Downloaded libm v0.2.16
  Downloaded memchr v2.8.0
  Downloaded rand v0.9.4
  Downloaded zerocopy-derive v0.8.48
  Downloaded criterion v0.5.1
  Downloaded wide v0.7.33
  Downloaded insta v1.47.2
  Downloaded itertools v0.10.5
  Downloaded plotters v0.3.7
  Downloaded regex v1.12.3
  Downloaded rayon v1.12.0
  Downloaded serde_json v1.0.149
  Downloaded clap_builder v4.6.0
  Downloaded proptest v1.11.0
  Downloaded zerocopy v0.8.48
  Downloaded syn v2.0.117
  Downloaded regex-syntax v0.8.10
  Downloaded rustix v1.1.4
  Downloaded regex-automata v0.4.14
  Downloaded libc v0.2.185
  Downloaded linux-raw-sys v0.12.1
   Compiling proc-macro2 v1.0.106
   Compiling quote v1.0.45
   Compiling unicode-ident v1.0.24
   Compiling syn v2.0.117
    Checking cfg-if v1.0.4
   Compiling libc v0.2.185
   Compiling autocfg v1.5.0
   Compiling zerocopy v0.8.48
   Compiling zerocopy-derive v0.8.48
   Compiling bytemuck_derive v1.10.2
    Checking bytemuck v1.25.0
   Compiling num-traits v0.2.19
   Compiling crossbeam-utils v0.8.21
   Compiling getrandom v0.3.4
    Checking crossbeam-epoch v0.9.18
    Checking half v2.7.1
    Checking either v1.15.0
   Compiling serde_core v1.0.228
   Compiling rayon-core v1.13.0
    Checking crossbeam-deque v0.8.6
   Compiling rustix v1.1.4
   Compiling matrixmultiply v0.3.10
    Checking linux-raw-sys v0.12.1
   Compiling zmij v1.0.21
   Compiling libm v0.2.16
    Checking once_cell v1.21.4
   Compiling serde v1.0.228
    Checking bitflags v2.11.1
    Checking rayon v1.12.0
    Checking rand_core v0.9.5
    Checking num-complex v0.4.6
    Checking safe_arch v0.7.4
   Compiling serde_derive v1.0.228
   Compiling serde_json v1.0.149
    Checking rawpointer v0.2.1
    Checking regex-syntax v0.8.10
    Checking fastrand v2.4.1
    Checking tempfile v3.27.0
    Checking wide v0.7.33
    Checking ft-core v0.1.0 (/data/projects/.scratch/frankentorch-next-20260615T045108Z/crates/ft-core)
    Checking memchr v2.8.0
    Checking clap_lex v1.1.0
    Checking itoa v1.0.18
    Checking ciborium-io v0.2.2
    Checking anstyle v1.0.14
    Checking plotters-backend v0.3.7
    Checking plotters-svg v0.3.7
    Checking clap_builder v4.6.0
    Checking ciborium-ll v0.2.2
    Checking ft-kernel-cpu v0.1.0 (/data/projects/.scratch/frankentorch-next-20260615T045108Z/crates/ft-kernel-cpu)
    Checking regex-automata v0.4.14
    Checking itertools v0.10.5
    Checking ppv-lite86 v0.2.21
    Checking wait-timeout v0.2.1
    Checking quick-error v1.2.3
    Checking same-file v1.0.6
    Checking fnv v1.0.7
    Checking bit-vec v0.8.0
    Checking cast v0.3.0
    Checking criterion-plot v0.5.0
    Checking bit-set v0.8.0
    Checking rusty-fork v0.3.1
    Checking walkdir v2.5.0
    Checking rand_chacha v0.9.0
    Checking regex v1.12.3
    Checking ft-dispatch v0.1.0 (/data/projects/.scratch/frankentorch-next-20260615T045108Z/crates/ft-dispatch)
    Checking tinytemplate v1.2.1
    Checking ciborium v0.2.2
    Checking clap v4.6.1
    Checking plotters v0.3.7
    Checking rand_xorshift v0.4.0
    Checking rand v0.9.4
    Checking console v0.16.3
    Checking is-terminal v0.4.17
    Checking anes v0.1.6
    Checking oorandom v11.1.5
    Checking similar v2.7.0
    Checking unarray v0.1.4
    Checking proptest v1.11.0
    Checking insta v1.47.2
    Checking criterion v0.5.1
    Checking ft-autograd v0.1.0 (/data/projects/.scratch/frankentorch-next-20260615T045108Z/crates/ft-autograd)
    Finished `dev` profile [unoptimized + debuginfo] target(s) in 32.15s
  [2m2026-06-15T05:15:38.001350Z[0m [32m INFO[0m [1;32mrch::hook[0m[32m: [32mRemote command finished: exit=0 in 32860ms[0m
    [2;3mat[0m rch/src/hook.rs:6376 [2;3mon[0m ThreadId(1)

  [2m2026-06-15T05:15:38.001696Z[0m [32m INFO[0m [1;32mrch::hook[0m[32m: [32mRetrieving build artifacts...[0m
    [2;3mat[0m rch/src/hook.rs:6425 [2;3mon[0m ThreadId(1)

  [2m2026-06-15T05:15:38.001737Z[0m [32m INFO[0m [1;32mrch::transfer[0m[32m: [32mRetrieving artifacts from /data/projects/.scratch/frankentorch-next-20260615T045108Z on ovh-a[0m
    [2;3mat[0m rch/src/transfer.rs:2106 [2;3mon[0m ThreadId(1)

  [2m2026-06-15T05:15:38.542223Z[0m [32m INFO[0m [1;32mrch::transfer[0m[32m: [32mArtifacts retrieved in 540ms (1 files, 1080 bytes)[0m
    [2;3mat[0m rch/src/transfer.rs:2145 [2;3mon[0m ThreadId(1)

  [2m2026-06-15T05:15:38.542255Z[0m [32m INFO[0m [1;32mrch::hook[0m[32m: [32mArtifacts retrieved: 1 files, 1080 bytes in 540ms[0m
    [2;3mat[0m rch/src/hook.rs:6458 [2;3mon[0m ThreadId(1)

  [2m2026-06-15T05:15:38.542338Z[0m [32m INFO[0m [1;32mrch::transfer[0m[32m: [32mRetrieving artifacts from /data/projects/.scratch/frankentorch-next-20260615T045108Z/.rch-target-ovh-a-job-29884606035532550-1781500496490329497-0 on ovh-a[0m
    [2;3mat[0m rch/src/transfer.rs:2106 [2;3mon[0m ThreadId(1)

  [2m2026-06-15T05:15:39.866582Z[0m [32m INFO[0m [1;32mrch::transfer[0m[32m: [32mArtifacts retrieved in 1324ms (917 files, 776524 bytes)[0m
    [2;3mat[0m rch/src/transfer.rs:2145 [2;3mon[0m ThreadId(1)

  [2m2026-06-15T05:15:39.866609Z[0m [32m INFO[0m [1;32mrch::hook[0m[32m: [32mCustom CARGO_TARGET_DIR artifacts retrieved: 917 files, 776524 bytes in 1324ms[0m
    [2;3mat[0m rch/src/hook.rs:6582 [2;3mon[0m ThreadId(1)

[RCH] remote ovh-a (44.4s)
