  [2m2026-06-20T06:24:46.378357Z[0m [32m INFO[0m [1;32mrch::hook[0m[32m: [32mSelected worker: vmi1293453 at root@149.102.137.103 (0 slots remaining after reservation, speed 50.0)[0m
    [2;3mat[0m rch/src/hook.rs:921 [2;3mon[0m ThreadId(1)

  [2m2026-06-20T06:24:46.695259Z[0m [32m INFO[0m [1;32mrch::hook::transfer_orchestration[0m[32m: [32mStarting remote compilation pipeline for frankentorch (hash: dbca29276fa80333)[0m
    [2;3mat[0m rch/src/hook/transfer_orchestration.rs:241 [2;3mon[0m ThreadId(1)

  [2m2026-06-20T06:24:46.695310Z[0m [32m INFO[0m [1;32mrch::hook::transfer_orchestration[0m[32m: [32mPrepared dependency sync manifest for 13 roots[0m
    [2;3mat[0m rch/src/hook/transfer_orchestration.rs:263 [2;3mon[0m ThreadId(1)

  [2m2026-06-20T06:24:48.532227Z[0m [32m INFO[0m [1;32mrch::hook::transfer_orchestration[0m[32m: [32mSyncing project to worker vmi1293453...[0m
    [2;3mat[0m rch/src/hook/transfer_orchestration.rs:323 [2;3mon[0m ThreadId(1)

  [2m2026-06-20T06:24:48.532287Z[0m [32m INFO[0m [1;32mrch::transfer[0m[32m: [32mSyncing /data/projects/frankentorch -> /data/projects/frankentorch on vmi1293453[0m
    [2;3mat[0m rch/src/transfer.rs:1528 [2;3mon[0m ThreadId(1)

  [2m2026-06-20T06:25:04.540649Z[0m [32m INFO[0m [1;32mrch::transfer[0m[32m: [32mSync completed in 16008ms[0m
    [2;3mat[0m rch/src/transfer.rs:1592 [2;3mon[0m ThreadId(1)

  [2m2026-06-20T06:25:04.540715Z[0m [32m INFO[0m [1;32mrch::transfer[0m[32m: [32mSyncing /data/projects/frankentorch/crates/ft-api -> /data/projects/frankentorch/crates/ft-api on vmi1293453[0m
    [2;3mat[0m rch/src/transfer.rs:1528 [2;3mon[0m ThreadId(1)

  [2m2026-06-20T06:25:06.626771Z[0m [32m INFO[0m [1;32mrch::transfer[0m[32m: [32mSync completed in 2086ms[0m
    [2;3mat[0m rch/src/transfer.rs:1592 [2;3mon[0m ThreadId(1)

  [2m2026-06-20T06:25:06.626843Z[0m [32m INFO[0m [1;32mrch::transfer[0m[32m: [32mSyncing /data/projects/frankentorch/crates/ft-autograd -> /data/projects/frankentorch/crates/ft-autograd on vmi1293453[0m
    [2;3mat[0m rch/src/transfer.rs:1528 [2;3mon[0m ThreadId(1)

  [2m2026-06-20T06:25:09.094600Z[0m [32m INFO[0m [1;32mrch::transfer[0m[32m: [32mSync completed in 2467ms[0m
    [2;3mat[0m rch/src/transfer.rs:1592 [2;3mon[0m ThreadId(1)

  [2m2026-06-20T06:25:09.094664Z[0m [32m INFO[0m [1;32mrch::transfer[0m[32m: [32mSyncing /data/projects/frankentorch/crates/ft-conformance -> /data/projects/frankentorch/crates/ft-conformance on vmi1293453[0m
    [2;3mat[0m rch/src/transfer.rs:1528 [2;3mon[0m ThreadId(1)

  [2m2026-06-20T06:25:11.148303Z[0m [32m INFO[0m [1;32mrch::transfer[0m[32m: [32mSync completed in 2053ms[0m
    [2;3mat[0m rch/src/transfer.rs:1592 [2;3mon[0m ThreadId(1)

  [2m2026-06-20T06:25:11.148378Z[0m [32m INFO[0m [1;32mrch::transfer[0m[32m: [32mSyncing /data/projects/frankentorch/crates/ft-core -> /data/projects/frankentorch/crates/ft-core on vmi1293453[0m
    [2;3mat[0m rch/src/transfer.rs:1528 [2;3mon[0m ThreadId(1)

  [2m2026-06-20T06:25:13.104761Z[0m [32m INFO[0m [1;32mrch::transfer[0m[32m: [32mSync completed in 1956ms[0m
    [2;3mat[0m rch/src/transfer.rs:1592 [2;3mon[0m ThreadId(1)

  [2m2026-06-20T06:25:13.104839Z[0m [32m INFO[0m [1;32mrch::transfer[0m[32m: [32mSyncing /data/projects/frankentorch/crates/ft-data -> /data/projects/frankentorch/crates/ft-data on vmi1293453[0m
    [2;3mat[0m rch/src/transfer.rs:1528 [2;3mon[0m ThreadId(1)

  [2m2026-06-20T06:25:15.226483Z[0m [32m INFO[0m [1;32mrch::transfer[0m[32m: [32mSync completed in 2121ms[0m
    [2;3mat[0m rch/src/transfer.rs:1592 [2;3mon[0m ThreadId(1)

  [2m2026-06-20T06:25:15.226553Z[0m [32m INFO[0m [1;32mrch::transfer[0m[32m: [32mSyncing /data/projects/frankentorch/crates/ft-device -> /data/projects/frankentorch/crates/ft-device on vmi1293453[0m
    [2;3mat[0m rch/src/transfer.rs:1528 [2;3mon[0m ThreadId(1)

  [2m2026-06-20T06:25:17.275382Z[0m [32m INFO[0m [1;32mrch::transfer[0m[32m: [32mSync completed in 2048ms[0m
    [2;3mat[0m rch/src/transfer.rs:1592 [2;3mon[0m ThreadId(1)

  [2m2026-06-20T06:25:17.275468Z[0m [32m INFO[0m [1;32mrch::transfer[0m[32m: [32mSyncing /data/projects/frankentorch/crates/ft-dispatch -> /data/projects/frankentorch/crates/ft-dispatch on vmi1293453[0m
    [2;3mat[0m rch/src/transfer.rs:1528 [2;3mon[0m ThreadId(1)

  [2m2026-06-20T06:25:19.350288Z[0m [32m INFO[0m [1;32mrch::transfer[0m[32m: [32mSync completed in 2074ms[0m
    [2;3mat[0m rch/src/transfer.rs:1592 [2;3mon[0m ThreadId(1)

  [2m2026-06-20T06:25:19.350366Z[0m [32m INFO[0m [1;32mrch::transfer[0m[32m: [32mSyncing /data/projects/frankentorch/crates/ft-kernel-cpu -> /data/projects/frankentorch/crates/ft-kernel-cpu on vmi1293453[0m
    [2;3mat[0m rch/src/transfer.rs:1528 [2;3mon[0m ThreadId(1)

  [2m2026-06-20T06:25:21.740802Z[0m [32m INFO[0m [1;32mrch::transfer[0m[32m: [32mSync completed in 2390ms[0m
    [2;3mat[0m rch/src/transfer.rs:1592 [2;3mon[0m ThreadId(1)

  [2m2026-06-20T06:25:21.740892Z[0m [32m INFO[0m [1;32mrch::transfer[0m[32m: [32mSyncing /data/projects/frankentorch/crates/ft-nn -> /data/projects/frankentorch/crates/ft-nn on vmi1293453[0m
    [2;3mat[0m rch/src/transfer.rs:1528 [2;3mon[0m ThreadId(1)

  [2m2026-06-20T06:25:23.934598Z[0m [32m INFO[0m [1;32mrch::transfer[0m[32m: [32mSync completed in 2193ms[0m
    [2;3mat[0m rch/src/transfer.rs:1592 [2;3mon[0m ThreadId(1)

  [2m2026-06-20T06:25:23.934677Z[0m [32m INFO[0m [1;32mrch::transfer[0m[32m: [32mSyncing /data/projects/frankentorch/crates/ft-optim -> /data/projects/frankentorch/crates/ft-optim on vmi1293453[0m
    [2;3mat[0m rch/src/transfer.rs:1528 [2;3mon[0m ThreadId(1)

  [2m2026-06-20T06:25:26.168628Z[0m [32m INFO[0m [1;32mrch::transfer[0m[32m: [32mSync completed in 2233ms[0m
    [2;3mat[0m rch/src/transfer.rs:1592 [2;3mon[0m ThreadId(1)

  [2m2026-06-20T06:25:26.168700Z[0m [32m INFO[0m [1;32mrch::transfer[0m[32m: [32mSyncing /data/projects/frankentorch/crates/ft-runtime -> /data/projects/frankentorch/crates/ft-runtime on vmi1293453[0m
    [2;3mat[0m rch/src/transfer.rs:1528 [2;3mon[0m ThreadId(1)

  [2m2026-06-20T06:25:28.352007Z[0m [32m INFO[0m [1;32mrch::transfer[0m[32m: [32mSync completed in 2183ms[0m
    [2;3mat[0m rch/src/transfer.rs:1592 [2;3mon[0m ThreadId(1)

  [2m2026-06-20T06:25:28.352083Z[0m [32m INFO[0m [1;32mrch::transfer[0m[32m: [32mSyncing /data/projects/frankentorch/crates/ft-serialize -> /data/projects/frankentorch/crates/ft-serialize on vmi1293453[0m
    [2;3mat[0m rch/src/transfer.rs:1528 [2;3mon[0m ThreadId(1)

  [2m2026-06-20T06:25:30.638877Z[0m [32m INFO[0m [1;32mrch::transfer[0m[32m: [32mSync completed in 2286ms[0m
    [2;3mat[0m rch/src/transfer.rs:1592 [2;3mon[0m ThreadId(1)

  [2m2026-06-20T06:25:30.638923Z[0m [32m INFO[0m [1;32mrch::hook::transfer_orchestration[0m[32m: [32mSync complete: 53490 files, 2016836 bytes in 42098ms[0m
    [2;3mat[0m rch/src/hook/transfer_orchestration.rs:486 [2;3mon[0m ThreadId(1)

  [2m2026-06-20T06:25:39.942754Z[0m [32m INFO[0m [1;32mrch::hook::transfer_orchestration[0m[32m: [32mExecuting command remotely: cargo clippy -p ft-kernel-cpu --lib -- -D warnings[0m
    [2;3mat[0m rch/src/hook/transfer_orchestration.rs:529 [2;3mon[0m ThreadId(1)

  [2m2026-06-20T06:25:39.942811Z[0m [32m INFO[0m [1;32mrch::transfer[0m[32m: [32mRewriting CARGO_TARGET_DIR for remote execution (worker-scoped path): /data/projects/.rch-targets/frankentorch-cod-a -> /data/projects/frankentorch/.rch-target-vmi1293453-pool-a7b1c8c357b0059b1f61676dcab2f583[0m
    [2;3mat[0m rch/src/transfer.rs:799 [2;3mon[0m ThreadId(1)

    Updating crates.io index
 Downloading crates ...
  Downloaded matrixmultiply v0.3.10
  Downloaded bytemuck_derive v1.10.2
  Downloaded cfg-if v1.0.4
  Downloaded rawpointer v0.2.1
  Downloaded crossbeam-deque v0.8.6
  Downloaded either v1.15.0
  Downloaded num-complex v0.4.6
  Downloaded autocfg v1.5.0
  Downloaded quote v1.0.45
  Downloaded crossbeam-utils v0.8.21
  Downloaded proc-macro2 v1.0.106
  Downloaded unicode-ident v1.0.24
  Downloaded bytemuck v1.25.0
  Downloaded crossbeam-epoch v0.9.18
  Downloaded half v2.7.1
  Downloaded num-traits v0.2.19
  Downloaded rayon-core v1.13.0
  Downloaded safe_arch v0.7.4
  Downloaded wide v0.7.33
  Downloaded zerocopy-derive v0.8.48
  Downloaded libm v0.2.16
  Downloaded rayon v1.12.0
  Downloaded syn v2.0.117
  Downloaded zerocopy v0.8.48
   Compiling proc-macro2 v1.0.106
   Compiling quote v1.0.45
   Compiling unicode-ident v1.0.24
   Compiling autocfg v1.5.0
   Compiling crossbeam-utils v0.8.21
   Compiling zerocopy v0.8.48
   Compiling rayon-core v1.13.0
    Checking cfg-if v1.0.4
   Compiling libm v0.2.16
    Checking either v1.15.0
    Checking rawpointer v0.2.1
   Compiling num-traits v0.2.19
   Compiling matrixmultiply v0.3.10
    Checking crossbeam-epoch v0.9.18
   Compiling syn v2.0.117
    Checking crossbeam-deque v0.8.6
    Checking num-complex v0.4.6
    Checking rayon v1.12.0
   Compiling bytemuck_derive v1.10.2
   Compiling zerocopy-derive v0.8.48
    Checking bytemuck v1.25.0
    Checking safe_arch v0.7.4
    Checking wide v0.7.33
    Checking half v2.7.1
    Checking ft-core v0.1.0 (/data/projects/frankentorch/crates/ft-core)
    Checking ft-kernel-cpu v0.1.0 (/data/projects/frankentorch/crates/ft-kernel-cpu)
    Finished `dev` profile [unoptimized + debuginfo] target(s) in 25.67s
  [2m2026-06-20T06:26:07.577643Z[0m [32m INFO[0m [1;32mrch::hook::transfer_orchestration[0m[32m: [32mRemote command finished: exit=0 in 27634ms[0m
    [2;3mat[0m rch/src/hook/transfer_orchestration.rs:653 [2;3mon[0m ThreadId(1)

  [2m2026-06-20T06:26:07.577922Z[0m [32m INFO[0m [1;32mrch::hook::transfer_orchestration[0m[32m: [32mRetrieving build artifacts...[0m
    [2;3mat[0m rch/src/hook/transfer_orchestration.rs:702 [2;3mon[0m ThreadId(1)

  [2m2026-06-20T06:26:07.577958Z[0m [32m INFO[0m [1;32mrch::transfer[0m[32m: [32mRetrieving artifacts from /data/projects/frankentorch on vmi1293453[0m
    [2;3mat[0m rch/src/transfer.rs:2246 [2;3mon[0m ThreadId(1)

  [2m2026-06-20T06:26:09.679362Z[0m [32m INFO[0m [1;32mrch::transfer[0m[32m: [32mArtifacts retrieved in 2101ms (1 files, 1859 bytes)[0m
    [2;3mat[0m rch/src/transfer.rs:2301 [2;3mon[0m ThreadId(1)

  [2m2026-06-20T06:26:09.679394Z[0m [32m INFO[0m [1;32mrch::hook::transfer_orchestration[0m[32m: [32mArtifacts retrieved: 1 files, 1859 bytes in 2101ms[0m
    [2;3mat[0m rch/src/hook/transfer_orchestration.rs:735 [2;3mon[0m ThreadId(1)

[RCH] remote vmi1293453 (83.3s)
