  [2m2026-06-20T19:27:03.486576Z[0m [32m INFO[0m [1;32mrch::hook[0m[32m: [32mSelected worker: vmi1152480 at root@109.205.181.92 (0 slots remaining after reservation, speed 50.0)[0m
    [2;3mat[0m rch/src/hook.rs:921 [2;3mon[0m ThreadId(1)

  [2m2026-06-20T19:27:03.750895Z[0m [32m INFO[0m [1;32mrch::hook::transfer_orchestration[0m[32m: [32mStarting remote compilation pipeline for frankentorch-cod-a-push-kgs4-125 (hash: be971c854ccf6c66)[0m
    [2;3mat[0m rch/src/hook/transfer_orchestration.rs:241 [2;3mon[0m ThreadId(1)

  [2m2026-06-20T19:27:03.750947Z[0m [32m INFO[0m [1;32mrch::hook::transfer_orchestration[0m[32m: [32mPrepared dependency sync manifest for 13 roots[0m
    [2;3mat[0m rch/src/hook/transfer_orchestration.rs:263 [2;3mon[0m ThreadId(1)

  [2m2026-06-20T19:27:05.445845Z[0m [32m INFO[0m [1;32mrch::hook::transfer_orchestration[0m[32m: [32mSyncing project to worker vmi1152480...[0m
    [2;3mat[0m rch/src/hook/transfer_orchestration.rs:323 [2;3mon[0m ThreadId(1)

  [2m2026-06-20T19:27:05.445903Z[0m [32m INFO[0m [1;32mrch::transfer[0m[32m: [32mSyncing /data/projects/frankentorch-cod-a-push-kgs4-125 -> /data/projects/frankentorch-cod-a-push-kgs4-125 on vmi1152480[0m
    [2;3mat[0m rch/src/transfer.rs:1528 [2;3mon[0m ThreadId(1)

  [2m2026-06-20T19:27:08.172989Z[0m [32m INFO[0m [1;32mrch::transfer[0m[32m: [32mSync completed in 2727ms[0m
    [2;3mat[0m rch/src/transfer.rs:1592 [2;3mon[0m ThreadId(1)

  [2m2026-06-20T19:27:08.173071Z[0m [32m INFO[0m [1;32mrch::transfer[0m[32m: [32mSyncing /data/projects/frankentorch-cod-a-push-kgs4-125/crates/ft-api -> /data/projects/frankentorch-cod-a-push-kgs4-125/crates/ft-api on vmi1152480[0m
    [2;3mat[0m rch/src/transfer.rs:1528 [2;3mon[0m ThreadId(1)

  [2m2026-06-20T19:27:10.134850Z[0m [32m INFO[0m [1;32mrch::transfer[0m[32m: [32mSync completed in 1961ms[0m
    [2;3mat[0m rch/src/transfer.rs:1592 [2;3mon[0m ThreadId(1)

  [2m2026-06-20T19:27:10.134924Z[0m [32m INFO[0m [1;32mrch::transfer[0m[32m: [32mSyncing /data/projects/frankentorch-cod-a-push-kgs4-125/crates/ft-autograd -> /data/projects/frankentorch-cod-a-push-kgs4-125/crates/ft-autograd on vmi1152480[0m
    [2;3mat[0m rch/src/transfer.rs:1528 [2;3mon[0m ThreadId(1)

  [2m2026-06-20T19:27:12.091110Z[0m [32m INFO[0m [1;32mrch::transfer[0m[32m: [32mSync completed in 1956ms[0m
    [2;3mat[0m rch/src/transfer.rs:1592 [2;3mon[0m ThreadId(1)

  [2m2026-06-20T19:27:12.091185Z[0m [32m INFO[0m [1;32mrch::transfer[0m[32m: [32mSyncing /data/projects/frankentorch-cod-a-push-kgs4-125/crates/ft-conformance -> /data/projects/frankentorch-cod-a-push-kgs4-125/crates/ft-conformance on vmi1152480[0m
    [2;3mat[0m rch/src/transfer.rs:1528 [2;3mon[0m ThreadId(1)

  [2m2026-06-20T19:27:13.982893Z[0m [32m INFO[0m [1;32mrch::transfer[0m[32m: [32mSync completed in 1891ms[0m
    [2;3mat[0m rch/src/transfer.rs:1592 [2;3mon[0m ThreadId(1)

  [2m2026-06-20T19:27:13.983002Z[0m [32m INFO[0m [1;32mrch::transfer[0m[32m: [32mSyncing /data/projects/frankentorch-cod-a-push-kgs4-125/crates/ft-core -> /data/projects/frankentorch-cod-a-push-kgs4-125/crates/ft-core on vmi1152480[0m
    [2;3mat[0m rch/src/transfer.rs:1528 [2;3mon[0m ThreadId(1)

  [2m2026-06-20T19:27:15.906749Z[0m [32m INFO[0m [1;32mrch::transfer[0m[32m: [32mSync completed in 1923ms[0m
    [2;3mat[0m rch/src/transfer.rs:1592 [2;3mon[0m ThreadId(1)

  [2m2026-06-20T19:27:15.906845Z[0m [32m INFO[0m [1;32mrch::transfer[0m[32m: [32mSyncing /data/projects/frankentorch-cod-a-push-kgs4-125/crates/ft-data -> /data/projects/frankentorch-cod-a-push-kgs4-125/crates/ft-data on vmi1152480[0m
    [2;3mat[0m rch/src/transfer.rs:1528 [2;3mon[0m ThreadId(1)

  [2m2026-06-20T19:27:17.785724Z[0m [32m INFO[0m [1;32mrch::transfer[0m[32m: [32mSync completed in 1878ms[0m
    [2;3mat[0m rch/src/transfer.rs:1592 [2;3mon[0m ThreadId(1)

  [2m2026-06-20T19:27:17.785801Z[0m [32m INFO[0m [1;32mrch::transfer[0m[32m: [32mSyncing /data/projects/frankentorch-cod-a-push-kgs4-125/crates/ft-device -> /data/projects/frankentorch-cod-a-push-kgs4-125/crates/ft-device on vmi1152480[0m
    [2;3mat[0m rch/src/transfer.rs:1528 [2;3mon[0m ThreadId(1)

  [2m2026-06-20T19:27:19.721776Z[0m [32m INFO[0m [1;32mrch::transfer[0m[32m: [32mSync completed in 1935ms[0m
    [2;3mat[0m rch/src/transfer.rs:1592 [2;3mon[0m ThreadId(1)

  [2m2026-06-20T19:27:19.721870Z[0m [32m INFO[0m [1;32mrch::transfer[0m[32m: [32mSyncing /data/projects/frankentorch-cod-a-push-kgs4-125/crates/ft-dispatch -> /data/projects/frankentorch-cod-a-push-kgs4-125/crates/ft-dispatch on vmi1152480[0m
    [2;3mat[0m rch/src/transfer.rs:1528 [2;3mon[0m ThreadId(1)

  [2m2026-06-20T19:27:21.691730Z[0m [32m INFO[0m [1;32mrch::transfer[0m[32m: [32mSync completed in 1969ms[0m
    [2;3mat[0m rch/src/transfer.rs:1592 [2;3mon[0m ThreadId(1)

  [2m2026-06-20T19:27:21.691821Z[0m [32m INFO[0m [1;32mrch::transfer[0m[32m: [32mSyncing /data/projects/frankentorch-cod-a-push-kgs4-125/crates/ft-kernel-cpu -> /data/projects/frankentorch-cod-a-push-kgs4-125/crates/ft-kernel-cpu on vmi1152480[0m
    [2;3mat[0m rch/src/transfer.rs:1528 [2;3mon[0m ThreadId(1)

  [2m2026-06-20T19:27:23.652110Z[0m [32m INFO[0m [1;32mrch::transfer[0m[32m: [32mSync completed in 1960ms[0m
    [2;3mat[0m rch/src/transfer.rs:1592 [2;3mon[0m ThreadId(1)

  [2m2026-06-20T19:27:23.652199Z[0m [32m INFO[0m [1;32mrch::transfer[0m[32m: [32mSyncing /data/projects/frankentorch-cod-a-push-kgs4-125/crates/ft-nn -> /data/projects/frankentorch-cod-a-push-kgs4-125/crates/ft-nn on vmi1152480[0m
    [2;3mat[0m rch/src/transfer.rs:1528 [2;3mon[0m ThreadId(1)

  [2m2026-06-20T19:27:25.510852Z[0m [32m INFO[0m [1;32mrch::transfer[0m[32m: [32mSync completed in 1858ms[0m
    [2;3mat[0m rch/src/transfer.rs:1592 [2;3mon[0m ThreadId(1)

  [2m2026-06-20T19:27:25.510946Z[0m [32m INFO[0m [1;32mrch::transfer[0m[32m: [32mSyncing /data/projects/frankentorch-cod-a-push-kgs4-125/crates/ft-optim -> /data/projects/frankentorch-cod-a-push-kgs4-125/crates/ft-optim on vmi1152480[0m
    [2;3mat[0m rch/src/transfer.rs:1528 [2;3mon[0m ThreadId(1)

  [2m2026-06-20T19:27:27.426891Z[0m [32m INFO[0m [1;32mrch::transfer[0m[32m: [32mSync completed in 1915ms[0m
    [2;3mat[0m rch/src/transfer.rs:1592 [2;3mon[0m ThreadId(1)

  [2m2026-06-20T19:27:27.427000Z[0m [32m INFO[0m [1;32mrch::transfer[0m[32m: [32mSyncing /data/projects/frankentorch-cod-a-push-kgs4-125/crates/ft-runtime -> /data/projects/frankentorch-cod-a-push-kgs4-125/crates/ft-runtime on vmi1152480[0m
    [2;3mat[0m rch/src/transfer.rs:1528 [2;3mon[0m ThreadId(1)

  [2m2026-06-20T19:27:29.367866Z[0m [32m INFO[0m [1;32mrch::transfer[0m[32m: [32mSync completed in 1940ms[0m
    [2;3mat[0m rch/src/transfer.rs:1592 [2;3mon[0m ThreadId(1)

  [2m2026-06-20T19:27:29.367960Z[0m [32m INFO[0m [1;32mrch::transfer[0m[32m: [32mSyncing /data/projects/frankentorch-cod-a-push-kgs4-125/crates/ft-serialize -> /data/projects/frankentorch-cod-a-push-kgs4-125/crates/ft-serialize on vmi1152480[0m
    [2;3mat[0m rch/src/transfer.rs:1528 [2;3mon[0m ThreadId(1)

  [2m2026-06-20T19:27:31.334744Z[0m [32m INFO[0m [1;32mrch::transfer[0m[32m: [32mSync completed in 1966ms[0m
    [2;3mat[0m rch/src/transfer.rs:1592 [2;3mon[0m ThreadId(1)

  [2m2026-06-20T19:27:31.334793Z[0m [32m INFO[0m [1;32mrch::hook::transfer_orchestration[0m[32m: [32mSync complete: 4433 files, 192360 bytes in 25879ms[0m
    [2;3mat[0m rch/src/hook/transfer_orchestration.rs:486 [2;3mon[0m ThreadId(1)

  [2m2026-06-20T19:27:38.964581Z[0m [32m INFO[0m [1;32mrch::hook::transfer_orchestration[0m[32m: [32mExecuting command remotely: cargo bench -p ft-api --bench ops_bench --profile release -- batch_norm/grad_1d_ncl_16x128x256 --warm-up-time 1 --measurement-time 3 --sample-size 10 --noplot[0m
    [2;3mat[0m rch/src/hook/transfer_orchestration.rs:529 [2;3mon[0m ThreadId(1)

  [2m2026-06-20T19:27:38.964657Z[0m [32m INFO[0m [1;32mrch::transfer[0m[32m: [32mRewriting CARGO_TARGET_DIR for remote execution (worker-scoped path): /data/projects/.rch-targets/frankentorch-cod-a -> /data/projects/frankentorch-cod-a-push-kgs4-125/.rch-target-vmi1152480-pool-5f7cd35b5395be4e548ea2e6404a3691[0m
    [2;3mat[0m rch/src/transfer.rs:799 [2;3mon[0m ThreadId(1)

    Updating crates.io index
 Downloading crates ...
  Downloaded anes v0.1.6
  Downloaded aho-corasick v1.1.4
  Downloaded anstyle v1.0.14
  Downloaded ciborium-ll v0.2.2
  Downloaded zerocopy-derive v0.8.48
  Downloaded cfg-if v1.0.4
  Downloaded plotters v0.3.7
  Downloaded crossbeam-epoch v0.9.18
  Downloaded half v2.7.1
  Downloaded matrixmultiply v0.3.10
  Downloaded same-file v1.0.6
  Downloaded serde v1.0.228
  Downloaded autocfg v1.5.0
  Downloaded bytemuck_derive v1.10.2
  Downloaded crossbeam-deque v0.8.6
  Downloaded zmij v1.0.21
  Downloaded itoa v1.0.18
  Downloaded rayon v1.12.0
  Downloaded criterion-plot v0.5.0
  Downloaded plotters-svg v0.3.7
  Downloaded clap_builder v4.6.0
  Downloaded serde_derive v1.0.228
  Downloaded tinytemplate v1.2.1
  Downloaded ciborium-io v0.2.2
  Downloaded once_cell v1.21.4
  Downloaded num-complex v0.4.6
  Downloaded quote v1.0.45
  Downloaded walkdir v2.5.0
  Downloaded ciborium v0.2.2
  Downloaded wide v0.7.33
  Downloaded crossbeam-utils v0.8.21
  Downloaded num-traits v0.2.19
  Downloaded proc-macro2 v1.0.106
  Downloaded bytemuck v1.25.0
  Downloaded is-terminal v0.4.17
  Downloaded plotters-backend v0.3.7
  Downloaded rawpointer v0.2.1
  Downloaded itertools v0.10.5
  Downloaded clap v4.6.1
  Downloaded cast v0.3.0
  Downloaded either v1.15.0
  Downloaded clap_lex v1.1.0
  Downloaded oorandom v11.1.5
  Downloaded serde_core v1.0.228
  Downloaded criterion v0.5.1
  Downloaded rayon-core v1.13.0
  Downloaded unicode-ident v1.0.24
  Downloaded safe_arch v0.7.4
  Downloaded memchr v2.8.0
  Downloaded libm v0.2.16
  Downloaded regex v1.12.3
  Downloaded syn v2.0.117
  Downloaded regex-syntax v0.8.10
  Downloaded serde_json v1.0.149
  Downloaded zerocopy v0.8.48
  Downloaded regex-automata v0.4.14
  Downloaded libc v0.2.185
   Compiling proc-macro2 v1.0.106
   Compiling unicode-ident v1.0.24
   Compiling quote v1.0.45
   Compiling autocfg v1.5.0
   Compiling zerocopy v0.8.48
   Compiling crossbeam-utils v0.8.21
   Compiling cfg-if v1.0.4
   Compiling either v1.15.0
   Compiling rayon-core v1.13.0
   Compiling serde_core v1.0.228
   Compiling libm v0.2.16
   Compiling serde v1.0.228
   Compiling zmij v1.0.21
   Compiling rawpointer v0.2.1
   Compiling serde_json v1.0.149
   Compiling num-traits v0.2.19
   Compiling matrixmultiply v0.3.10
   Compiling libc v0.2.185
   Compiling anstyle v1.0.14
   Compiling plotters-backend v0.3.7
   Compiling regex-syntax v0.8.10
   Compiling crossbeam-epoch v0.9.18
   Compiling itoa v1.0.18
   Compiling ciborium-io v0.2.2
   Compiling syn v2.0.117
   Compiling crossbeam-deque v0.8.6
   Compiling memchr v2.8.0
   Compiling clap_lex v1.1.0
   Compiling num-complex v0.4.6
   Compiling clap_builder v4.6.0
   Compiling plotters-svg v0.3.7
   Compiling rayon v1.12.0
   Compiling regex-automata v0.4.14
   Compiling itertools v0.10.5
   Compiling same-file v1.0.6
   Compiling cast v0.3.0
   Compiling walkdir v2.5.0
   Compiling is-terminal v0.4.17
   Compiling plotters v0.3.7
   Compiling oorandom v11.1.5
   Compiling once_cell v1.21.4
   Compiling anes v0.1.6
   Compiling clap v4.6.1
   Compiling criterion-plot v0.5.0
   Compiling regex v1.12.3
   Compiling bytemuck_derive v1.10.2
   Compiling zerocopy-derive v0.8.48
   Compiling serde_derive v1.0.228
   Compiling bytemuck v1.25.0
   Compiling safe_arch v0.7.4
   Compiling wide v0.7.33
   Compiling tinytemplate v1.2.1
   Compiling half v2.7.1
   Compiling ft-core v0.1.0 (/data/projects/frankentorch-cod-a-push-kgs4-125/crates/ft-core)
   Compiling ciborium-ll v0.2.2
   Compiling ciborium v0.2.2
   Compiling ft-kernel-cpu v0.1.0 (/data/projects/frankentorch-cod-a-push-kgs4-125/crates/ft-kernel-cpu)
   Compiling ft-runtime v0.1.0 (/data/projects/frankentorch-cod-a-push-kgs4-125/crates/ft-runtime)
   Compiling criterion v0.5.1
   Compiling ft-dispatch v0.1.0 (/data/projects/frankentorch-cod-a-push-kgs4-125/crates/ft-dispatch)
   Compiling ft-autograd v0.1.0 (/data/projects/frankentorch-cod-a-push-kgs4-125/crates/ft-autograd)
   Compiling ft-api v0.1.0 (/data/projects/frankentorch-cod-a-push-kgs4-125/crates/ft-api)
    Finished `release` profile [optimized] target(s) in 1m 43s
     Running benches/ops_bench.rs (.rch-target-vmi1152480-pool-5f7cd35b5395be4e548ea2e6404a3691/release/deps/ops_bench-f346db443111867a)
Gnuplot not found, using plotters backend
Benchmarking batch_norm/grad_1d_ncl_16x128x256_native
Benchmarking batch_norm/grad_1d_ncl_16x128x256_native: Warming up for 1.0000 s
Benchmarking batch_norm/grad_1d_ncl_16x128x256_native: Collecting 10 samples in estimated 3.1354 s (605 iterations)
Benchmarking batch_norm/grad_1d_ncl_16x128x256_native: Analyzing
batch_norm/grad_1d_ncl_16x128x256_native
                        time:   [4.5196 ms 4.7142 ms 5.0516 ms]
                        change: [-21.041% -10.011% +3.4327%] (p = 0.17 > 0.05)
                        No change in performance detected.
Found 1 outliers among 10 measurements (10.00%)
  1 (10.00%) high mild
Benchmarking batch_norm/grad_1d_ncl_16x128x256_scalar_sum
Benchmarking batch_norm/grad_1d_ncl_16x128x256_scalar_sum: Warming up for 1.0000 s
Benchmarking batch_norm/grad_1d_ncl_16x128x256_scalar_sum: Collecting 10 samples in estimated 3.2288 s (770 iterations)
Benchmarking batch_norm/grad_1d_ncl_16x128x256_scalar_sum: Analyzing
batch_norm/grad_1d_ncl_16x128x256_scalar_sum
                        time:   [3.2242 ms 3.5559 ms 3.8328 ms]
                        change: [-47.043% -36.905% -21.209%] (p = 0.00 < 0.05)
                        Performance has improved.
Benchmarking batch_norm/grad_1d_ncl_16x128x256_fold_reference
Benchmarking batch_norm/grad_1d_ncl_16x128x256_fold_reference: Warming up for 1.0000 s
Benchmarking batch_norm/grad_1d_ncl_16x128x256_fold_reference: Collecting 10 samples in estimated 4.2649 s (110 iterations)
Benchmarking batch_norm/grad_1d_ncl_16x128x256_fold_reference: Analyzing
batch_norm/grad_1d_ncl_16x128x256_fold_reference
                        time:   [37.358 ms 41.846 ms 44.445 ms]
                        change: [-40.268% -32.928% -23.904%] (p = 0.00 < 0.05)
                        Performance has improved.

  [2m2026-06-20T19:29:38.040413Z[0m [32m INFO[0m [1;32mrch::hook::transfer_orchestration[0m[32m: [32mRemote command finished: exit=0 in 119075ms[0m
    [2;3mat[0m rch/src/hook/transfer_orchestration.rs:653 [2;3mon[0m ThreadId(1)

  [2m2026-06-20T19:29:38.040697Z[0m [32m INFO[0m [1;32mrch::hook::transfer_orchestration[0m[32m: [32mRetrieving build artifacts...[0m
    [2;3mat[0m rch/src/hook/transfer_orchestration.rs:702 [2;3mon[0m ThreadId(1)

  [2m2026-06-20T19:29:38.040717Z[0m [32m INFO[0m [1;32mrch::transfer[0m[32m: [32mRetrieving artifacts from /data/projects/frankentorch-cod-a-push-kgs4-125 on vmi1152480[0m
    [2;3mat[0m rch/src/transfer.rs:2246 [2;3mon[0m ThreadId(1)

  [2m2026-06-20T19:29:40.039253Z[0m [32m INFO[0m [1;32mrch::transfer[0m[32m: [32mArtifacts retrieved in 1998ms (1 files, 1180 bytes)[0m
    [2;3mat[0m rch/src/transfer.rs:2301 [2;3mon[0m ThreadId(1)

  [2m2026-06-20T19:29:40.039285Z[0m [32m INFO[0m [1;32mrch::hook::transfer_orchestration[0m[32m: [32mArtifacts retrieved: 1 files, 1180 bytes in 1998ms[0m
    [2;3mat[0m rch/src/hook/transfer_orchestration.rs:735 [2;3mon[0m ThreadId(1)

  [2m2026-06-20T19:29:40.039365Z[0m [32m INFO[0m [1;32mrch::transfer[0m[32m: [32mRetrieving artifacts from /data/projects/frankentorch-cod-a-push-kgs4-125/.rch-target-vmi1152480-pool-5f7cd35b5395be4e548ea2e6404a3691 on vmi1152480[0m
    [2;3mat[0m rch/src/transfer.rs:2246 [2;3mon[0m ThreadId(1)

  [2m2026-06-20T19:29:42.014161Z[0m [32m INFO[0m [1;32mrch::transfer[0m[32m: [32mArtifacts retrieved in 1974ms (42 files, 1091 bytes)[0m
    [2;3mat[0m rch/src/transfer.rs:2301 [2;3mon[0m ThreadId(1)

  [2m2026-06-20T19:29:42.014210Z[0m [32m INFO[0m [1;32mrch::hook::transfer_orchestration[0m[32m: [32mCustom CARGO_TARGET_DIR artifacts retrieved: 42 files, 1091 bytes in 1974ms[0m
    [2;3mat[0m rch/src/hook/transfer_orchestration.rs:859 [2;3mon[0m ThreadId(1)

[RCH] remote vmi1152480 (158.5s)
