  [2m2026-06-09T22:06:32.125305Z[0m [32m INFO[0m [1;32mrch::hook[0m[32m: [32mSelected worker: vmi1227854 at root@109.123.245.77 (0 slots remaining after reservation, speed 50.0)[0m
    [2;3mat[0m rch/src/hook.rs:514 [2;3mon[0m ThreadId(1)

  [2m2026-06-09T22:06:32.445638Z[0m [32m INFO[0m [1;32mrch::hook[0m[32m: [32mStarting remote compilation pipeline for frankentorch-34hx9-boldfalcon-20260609T2100 (hash: e9d8e489b84815ad)[0m
    [2;3mat[0m rch/src/hook.rs:5994 [2;3mon[0m ThreadId(1)

  [2m2026-06-09T22:06:32.445691Z[0m [32m INFO[0m [1;32mrch::hook[0m[32m: [32mPrepared dependency sync manifest for 13 roots[0m
    [2;3mat[0m rch/src/hook.rs:6016 [2;3mon[0m ThreadId(1)

  [2m2026-06-09T22:06:33.938392Z[0m [32m INFO[0m [1;32mrch::hook[0m[32m: [32mSyncing project to worker vmi1227854...[0m
    [2;3mat[0m rch/src/hook.rs:6046 [2;3mon[0m ThreadId(1)

  [2m2026-06-09T22:06:33.938469Z[0m [32m INFO[0m [1;32mrch::transfer[0m[32m: [32mSyncing /data/projects/.scratch/frankentorch-34hx9-boldfalcon-20260609T2100 -> /data/projects/.scratch/frankentorch-34hx9-boldfalcon-20260609T2100 on vmi1227854[0m
    [2;3mat[0m rch/src/transfer.rs:1434 [2;3mon[0m ThreadId(1)

  [2m2026-06-09T22:06:36.156067Z[0m [32m INFO[0m [1;32mrch::transfer[0m[32m: [32mSync completed in 2217ms[0m
    [2;3mat[0m rch/src/transfer.rs:1503 [2;3mon[0m ThreadId(1)

  [2m2026-06-09T22:06:36.156154Z[0m [32m INFO[0m [1;32mrch::transfer[0m[32m: [32mSyncing /data/projects/.scratch/frankentorch-34hx9-boldfalcon-20260609T2100/crates/ft-api -> /data/projects/.scratch/frankentorch-34hx9-boldfalcon-20260609T2100/crates/ft-api on vmi1227854[0m
    [2;3mat[0m rch/src/transfer.rs:1434 [2;3mon[0m ThreadId(1)

  [2m2026-06-09T22:06:38.069725Z[0m [32m INFO[0m [1;32mrch::transfer[0m[32m: [32mSync completed in 1913ms[0m
    [2;3mat[0m rch/src/transfer.rs:1503 [2;3mon[0m ThreadId(1)

  [2m2026-06-09T22:06:38.069853Z[0m [32m INFO[0m [1;32mrch::transfer[0m[32m: [32mSyncing /data/projects/.scratch/frankentorch-34hx9-boldfalcon-20260609T2100/crates/ft-autograd -> /data/projects/.scratch/frankentorch-34hx9-boldfalcon-20260609T2100/crates/ft-autograd on vmi1227854[0m
    [2;3mat[0m rch/src/transfer.rs:1434 [2;3mon[0m ThreadId(1)

  [2m2026-06-09T22:06:39.934266Z[0m [32m INFO[0m [1;32mrch::transfer[0m[32m: [32mSync completed in 1864ms[0m
    [2;3mat[0m rch/src/transfer.rs:1503 [2;3mon[0m ThreadId(1)

  [2m2026-06-09T22:06:39.934362Z[0m [32m INFO[0m [1;32mrch::transfer[0m[32m: [32mSyncing /data/projects/.scratch/frankentorch-34hx9-boldfalcon-20260609T2100/crates/ft-conformance -> /data/projects/.scratch/frankentorch-34hx9-boldfalcon-20260609T2100/crates/ft-conformance on vmi1227854[0m
    [2;3mat[0m rch/src/transfer.rs:1434 [2;3mon[0m ThreadId(1)

  [2m2026-06-09T22:06:41.814746Z[0m [32m INFO[0m [1;32mrch::transfer[0m[32m: [32mSync completed in 1880ms[0m
    [2;3mat[0m rch/src/transfer.rs:1503 [2;3mon[0m ThreadId(1)

  [2m2026-06-09T22:06:41.814933Z[0m [32m INFO[0m [1;32mrch::transfer[0m[32m: [32mSyncing /data/projects/.scratch/frankentorch-34hx9-boldfalcon-20260609T2100/crates/ft-core -> /data/projects/.scratch/frankentorch-34hx9-boldfalcon-20260609T2100/crates/ft-core on vmi1227854[0m
    [2;3mat[0m rch/src/transfer.rs:1434 [2;3mon[0m ThreadId(1)

  [2m2026-06-09T22:06:43.675003Z[0m [32m INFO[0m [1;32mrch::transfer[0m[32m: [32mSync completed in 1860ms[0m
    [2;3mat[0m rch/src/transfer.rs:1503 [2;3mon[0m ThreadId(1)

  [2m2026-06-09T22:06:43.675137Z[0m [32m INFO[0m [1;32mrch::transfer[0m[32m: [32mSyncing /data/projects/.scratch/frankentorch-34hx9-boldfalcon-20260609T2100/crates/ft-data -> /data/projects/.scratch/frankentorch-34hx9-boldfalcon-20260609T2100/crates/ft-data on vmi1227854[0m
    [2;3mat[0m rch/src/transfer.rs:1434 [2;3mon[0m ThreadId(1)

  [2m2026-06-09T22:06:45.553262Z[0m [32m INFO[0m [1;32mrch::transfer[0m[32m: [32mSync completed in 1878ms[0m
    [2;3mat[0m rch/src/transfer.rs:1503 [2;3mon[0m ThreadId(1)

  [2m2026-06-09T22:06:45.553393Z[0m [32m INFO[0m [1;32mrch::transfer[0m[32m: [32mSyncing /data/projects/.scratch/frankentorch-34hx9-boldfalcon-20260609T2100/crates/ft-device -> /data/projects/.scratch/frankentorch-34hx9-boldfalcon-20260609T2100/crates/ft-device on vmi1227854[0m
    [2;3mat[0m rch/src/transfer.rs:1434 [2;3mon[0m ThreadId(1)

  [2m2026-06-09T22:06:47.469416Z[0m [32m INFO[0m [1;32mrch::transfer[0m[32m: [32mSync completed in 1916ms[0m
    [2;3mat[0m rch/src/transfer.rs:1503 [2;3mon[0m ThreadId(1)

  [2m2026-06-09T22:06:47.469525Z[0m [32m INFO[0m [1;32mrch::transfer[0m[32m: [32mSyncing /data/projects/.scratch/frankentorch-34hx9-boldfalcon-20260609T2100/crates/ft-dispatch -> /data/projects/.scratch/frankentorch-34hx9-boldfalcon-20260609T2100/crates/ft-dispatch on vmi1227854[0m
    [2;3mat[0m rch/src/transfer.rs:1434 [2;3mon[0m ThreadId(1)

  [2m2026-06-09T22:06:49.357704Z[0m [32m INFO[0m [1;32mrch::transfer[0m[32m: [32mSync completed in 1888ms[0m
    [2;3mat[0m rch/src/transfer.rs:1503 [2;3mon[0m ThreadId(1)

  [2m2026-06-09T22:06:49.357841Z[0m [32m INFO[0m [1;32mrch::transfer[0m[32m: [32mSyncing /data/projects/.scratch/frankentorch-34hx9-boldfalcon-20260609T2100/crates/ft-kernel-cpu -> /data/projects/.scratch/frankentorch-34hx9-boldfalcon-20260609T2100/crates/ft-kernel-cpu on vmi1227854[0m
    [2;3mat[0m rch/src/transfer.rs:1434 [2;3mon[0m ThreadId(1)

  [2m2026-06-09T22:06:51.260878Z[0m [32m INFO[0m [1;32mrch::transfer[0m[32m: [32mSync completed in 1903ms[0m
    [2;3mat[0m rch/src/transfer.rs:1503 [2;3mon[0m ThreadId(1)

  [2m2026-06-09T22:06:51.261011Z[0m [32m INFO[0m [1;32mrch::transfer[0m[32m: [32mSyncing /data/projects/.scratch/frankentorch-34hx9-boldfalcon-20260609T2100/crates/ft-nn -> /data/projects/.scratch/frankentorch-34hx9-boldfalcon-20260609T2100/crates/ft-nn on vmi1227854[0m
    [2;3mat[0m rch/src/transfer.rs:1434 [2;3mon[0m ThreadId(1)

  [2m2026-06-09T22:06:53.055466Z[0m [32m INFO[0m [1;32mrch::transfer[0m[32m: [32mSync completed in 1794ms[0m
    [2;3mat[0m rch/src/transfer.rs:1503 [2;3mon[0m ThreadId(1)

  [2m2026-06-09T22:06:53.055543Z[0m [32m INFO[0m [1;32mrch::transfer[0m[32m: [32mSyncing /data/projects/.scratch/frankentorch-34hx9-boldfalcon-20260609T2100/crates/ft-optim -> /data/projects/.scratch/frankentorch-34hx9-boldfalcon-20260609T2100/crates/ft-optim on vmi1227854[0m
    [2;3mat[0m rch/src/transfer.rs:1434 [2;3mon[0m ThreadId(1)

  [2m2026-06-09T22:06:54.918384Z[0m [32m INFO[0m [1;32mrch::transfer[0m[32m: [32mSync completed in 1862ms[0m
    [2;3mat[0m rch/src/transfer.rs:1503 [2;3mon[0m ThreadId(1)

  [2m2026-06-09T22:06:54.918476Z[0m [32m INFO[0m [1;32mrch::transfer[0m[32m: [32mSyncing /data/projects/.scratch/frankentorch-34hx9-boldfalcon-20260609T2100/crates/ft-runtime -> /data/projects/.scratch/frankentorch-34hx9-boldfalcon-20260609T2100/crates/ft-runtime on vmi1227854[0m
    [2;3mat[0m rch/src/transfer.rs:1434 [2;3mon[0m ThreadId(1)

  [2m2026-06-09T22:06:56.791270Z[0m [32m INFO[0m [1;32mrch::transfer[0m[32m: [32mSync completed in 1872ms[0m
    [2;3mat[0m rch/src/transfer.rs:1503 [2;3mon[0m ThreadId(1)

  [2m2026-06-09T22:06:56.791355Z[0m [32m INFO[0m [1;32mrch::transfer[0m[32m: [32mSyncing /data/projects/.scratch/frankentorch-34hx9-boldfalcon-20260609T2100/crates/ft-serialize -> /data/projects/.scratch/frankentorch-34hx9-boldfalcon-20260609T2100/crates/ft-serialize on vmi1227854[0m
    [2;3mat[0m rch/src/transfer.rs:1434 [2;3mon[0m ThreadId(1)

  [2m2026-06-09T22:06:58.720445Z[0m [32m INFO[0m [1;32mrch::transfer[0m[32m: [32mSync completed in 1929ms[0m
    [2;3mat[0m rch/src/transfer.rs:1503 [2;3mon[0m ThreadId(1)

  [2m2026-06-09T22:06:58.720491Z[0m [32m INFO[0m [1;32mrch::hook[0m[32m: [32mSync complete: 1920 files, 85984 bytes in 24776ms[0m
    [2;3mat[0m rch/src/hook.rs:6209 [2;3mon[0m ThreadId(1)

  [2m2026-06-09T22:07:02.867350Z[0m [32m INFO[0m [1;32mrch::hook[0m[32m: [32mExecuting command remotely: cargo run -p ft-kernel-cpu --example eigh_golden[0m
    [2;3mat[0m rch/src/hook.rs:6252 [2;3mon[0m ThreadId(1)

  [2m2026-06-09T22:07:02.867391Z[0m [32m INFO[0m [1;32mrch::transfer[0m[32m: [32mRewriting CARGO_TARGET_DIR for remote execution (worker-scoped path): /data/tmp/cargo-target -> /data/projects/.scratch/frankentorch-34hx9-boldfalcon-20260609T2100/.rch-target-vmi1227854-job-29879662679164706-1781042793938383184-0[0m
    [2;3mat[0m rch/src/transfer.rs:712 [2;3mon[0m ThreadId(1)

    Updating crates.io index
 Downloading crates ...
  Downloaded bit-set v0.8.0
  Downloaded ciborium-io v0.2.2
  Downloaded fnv v1.0.7
  Downloaded cast v0.3.0
  Downloaded itoa v1.0.18
  Downloaded bytemuck_derive v1.10.2
  Downloaded bit-vec v0.8.0
  Downloaded anstyle v1.0.14
  Downloaded wait-timeout v0.2.1
  Downloaded either v1.15.0
  Downloaded autocfg v1.5.0
  Downloaded tinytemplate v1.2.1
  Downloaded zmij v1.0.21
  Downloaded console v0.16.3
  Downloaded quote v1.0.45
  Downloaded serde_core v1.0.228
  Downloaded safe_arch v0.7.4
  Downloaded unicode-ident v1.0.24
  Downloaded wide v0.7.33
  Downloaded rand_xorshift v0.4.0
  Downloaded tempfile v3.27.0
  Downloaded serde_derive v1.0.228
  Downloaded criterion-plot v0.5.0
  Downloaded ciborium-ll v0.2.2
  Downloaded memchr v2.8.0
  Downloaded errno v0.3.14
  Downloaded same-file v1.0.6
  Downloaded aho-corasick v1.1.4
  Downloaded walkdir v2.5.0
  Downloaded rusty-fork v0.3.1
  Downloaded itertools v0.10.5
  Downloaded zerocopy-derive v0.8.48
  Downloaded rayon-core v1.13.0
  Downloaded regex v1.12.3
  Downloaded rand v0.9.4
  Downloaded plotters v0.3.7
  Downloaded serde_json v1.0.149
  Downloaded regex-syntax v0.8.10
  Downloaded libm v0.2.16
  Downloaded serde v1.0.228
  Downloaded zerocopy v0.8.48
  Downloaded syn v2.0.117
  Downloaded proptest v1.11.0
  Downloaded criterion v0.5.1
  Downloaded cfg-if v1.0.4
  Downloaded num-traits v0.2.19
  Downloaded once_cell v1.21.4
  Downloaded fastrand v2.4.1
  Downloaded half v2.7.1
  Downloaded crossbeam-utils v0.8.21
  Downloaded crossbeam-epoch v0.9.18
  Downloaded rustix v1.1.4
  Downloaded ciborium v0.2.2
  Downloaded quick-error v1.2.3
  Downloaded plotters-svg v0.3.7
  Downloaded oorandom v11.1.5
  Downloaded num-complex v0.4.6
  Downloaded getrandom v0.3.4
  Downloaded unarray v0.1.4
  Downloaded rand_chacha v0.9.0
  Downloaded regex-automata v0.4.14
  Downloaded is-terminal v0.4.17
  Downloaded rayon v1.12.0
  Downloaded rawpointer v0.2.1
  Downloaded ppv-lite86 v0.2.21
  Downloaded matrixmultiply v0.3.10
  Downloaded clap_builder v4.6.0
  Downloaded insta v1.47.2
  Downloaded clap v4.6.1
  Downloaded libc v0.2.185
  Downloaded clap_lex v1.1.0
  Downloaded similar v2.7.0
  Downloaded proc-macro2 v1.0.106
  Downloaded crossbeam-deque v0.8.6
  Downloaded bytemuck v1.25.0
  Downloaded rand_core v0.9.5
  Downloaded bitflags v2.11.1
  Downloaded plotters-backend v0.3.7
  Downloaded anes v0.1.6
  Downloaded linux-raw-sys v0.12.1
   Compiling proc-macro2 v1.0.106
   Compiling quote v1.0.45
   Compiling unicode-ident v1.0.24
   Compiling cfg-if v1.0.4
   Compiling libc v0.2.185
   Compiling autocfg v1.5.0
   Compiling zerocopy v0.8.48
   Compiling getrandom v0.3.4
   Compiling crossbeam-utils v0.8.21
   Compiling serde_core v1.0.228
   Compiling rustix v1.1.4
   Compiling zmij v1.0.21
   Compiling either v1.15.0
   Compiling bitflags v2.11.1
   Compiling linux-raw-sys v0.12.1
   Compiling num-traits v0.2.19
   Compiling serde v1.0.228
   Compiling once_cell v1.21.4
   Compiling rayon-core v1.13.0
   Compiling crossbeam-epoch v0.9.18
   Compiling fastrand v2.4.1
   Compiling serde_json v1.0.149
   Compiling regex-syntax v0.8.10
   Compiling syn v2.0.117
   Compiling matrixmultiply v0.3.10
   Compiling crossbeam-deque v0.8.6
   Compiling plotters-backend v0.3.7
   Compiling clap_lex v1.1.0
   Compiling ciborium-io v0.2.2
   Compiling anstyle v1.0.14
   Compiling itoa v1.0.18
   Compiling memchr v2.8.0
   Compiling libm v0.2.16
   Compiling clap_builder v4.6.0
   Compiling wait-timeout v0.2.1
   Compiling rayon v1.12.0
   Compiling rand_core v0.9.5
   Compiling plotters-svg v0.3.7
   Compiling num-complex v0.4.6
   Compiling itertools v0.10.5
   Compiling cast v0.3.0
   Compiling fnv v1.0.7
   Compiling bit-vec v0.8.0
   Compiling quick-error v1.2.3
   Compiling tempfile v3.27.0
   Compiling rawpointer v0.2.1
   Compiling regex-automata v0.4.14
   Compiling same-file v1.0.6
   Compiling walkdir v2.5.0
   Compiling clap v4.6.1
   Compiling rusty-fork v0.3.1
   Compiling criterion-plot v0.5.0
   Compiling bit-set v0.8.0
   Compiling plotters v0.3.7
   Compiling rand v0.9.4
   Compiling rand_xorshift v0.4.0
   Compiling console v0.16.3
   Compiling is-terminal v0.4.17
   Compiling similar v2.7.0
   Compiling unarray v0.1.4
   Compiling oorandom v11.1.5
   Compiling anes v0.1.6
   Compiling zerocopy-derive v0.8.48
   Compiling bytemuck_derive v1.10.2
   Compiling serde_derive v1.0.228
   Compiling insta v1.47.2
   Compiling regex v1.12.3
   Compiling bytemuck v1.25.0
   Compiling safe_arch v0.7.4
   Compiling wide v0.7.33
   Compiling tinytemplate v1.2.1
   Compiling half v2.7.1
   Compiling ppv-lite86 v0.2.21
   Compiling ciborium-ll v0.2.2
   Compiling ft-core v0.1.0 (/data/projects/.scratch/frankentorch-34hx9-boldfalcon-20260609T2100/crates/ft-core)
   Compiling rand_chacha v0.9.0
   Compiling ciborium v0.2.2
   Compiling proptest v1.11.0
   Compiling ft-kernel-cpu v0.1.0 (/data/projects/.scratch/frankentorch-34hx9-boldfalcon-20260609T2100/crates/ft-kernel-cpu)
   Compiling criterion v0.5.1
    Finished `dev` profile [unoptimized + debuginfo] target(s) in 19.07s
     Running `.rch-target-vmi1227854-job-29879662679164706-1781042793938383184-0/debug/examples/eigh_golden`
frankentorch-ncwz eigh_full_golden
n=8
eigenvalue_bits:
0: 0x4018781f83ba51d9
1: 0x401c2c4bccf5b598
2: 0x401dcdcc1fdd4c70
3: 0x401ffe4ba7799673
4: 0x4020457906880639
5: 0x4021fa9838ba11d7
6: 0x402288571a06bba8
7: 0x4022986ca1deb92d
eigenvector_bits:
0: 0x3fd01e23b1938fc6
1: 0xbfe8172c2c227153
2: 0x3fcd6c0d7ac9f91f
3: 0x3fdfb6c20c012969
4: 0xbfbcac2b20996910
5: 0x3fa919125cb7078d
6: 0x3fca5ee4ddf979c4
7: 0x3fbe57c1eb22754e
8: 0x3fc468cfd99c62bc
9: 0xbfc50ca9956f23b2
10: 0xbfe34c3fcd2a14c4
11: 0x3f8688d321601367
12: 0x3fc8c4ac7f4e94cb
13: 0x3fe230206b8951f5
14: 0xbfd6de8c61a3e15f
15: 0x3fd3c88fdb024614
16: 0xbfe15b29fe0d39f7
17: 0xbfbb72f835badc5e
18: 0xbfd781fdaa7ff495
19: 0xbf8a681fe3a9cb05
20: 0xbfe3b6799acbb0d9
21: 0xbfbf19af0452d787
22: 0x3fca19b6341ab377
23: 0x3fd67bf21101820e
24: 0xbf9b537eaf43c34d
25: 0xbfc0a12c21a30434
26: 0xbfd20afb11c4acc1
27: 0x3f9999a68db975fe
28: 0x3fe250d2d649cf20
29: 0xbfe553aaaa88b926
30: 0x3fb448c01e602e00
31: 0x3fd68f3a6e133f5f
32: 0x3fd0458384d38bef
33: 0x3fe363fff0728810
34: 0x3fa03650fb11facb
35: 0x3fe0d39b5c99128e
36: 0xbfa2245232ed8042
37: 0x3fbbbb5d2f403ebe
38: 0x3fd431da9a01b723
39: 0x3fdb02b66681cde6
40: 0x3fb91cc23cb49175
41: 0xbfb7c6f92b56b55e
42: 0xbfaf10e1df80a566
43: 0xbfdee0be320086a0
44: 0x3fc8fe71421cea9b
45: 0x3fd33219d8346247
46: 0x3fe91e57aa713759
47: 0x3fa09ec01ae33254
48: 0x3fda1f6a0da0d3eb
49: 0xbf9da517f0df27cd
50: 0x3fd5782a9c0b42ca
51: 0xbfdf936795c55529
52: 0xbfd14f28076dcae4
53: 0xbfc065345a5f2836
54: 0xbfcea0b2062889aa
55: 0x3fe2608da7423d9e
56: 0xbfe39b416b9594db
57: 0xbfa198d88bfda154
58: 0x3fe00f51f107c563
59: 0x3f9dd8461c2187f6
60: 0x3fd71c3e79e999a6
61: 0x3fd3fc4404bf4f3a
62: 0xbfb855e915c7b696
63: 0x3fd767e8b7cb5e24
  [2m2026-06-09T22:07:23.534001Z[0m [32m INFO[0m [1;32mrch::hook[0m[32m: [32mRemote command finished: exit=0 in 20666ms[0m
    [2;3mat[0m rch/src/hook.rs:6376 [2;3mon[0m ThreadId(1)

  [2m2026-06-09T22:07:23.534347Z[0m [32m INFO[0m [1;32mrch::hook[0m[32m: [32mRetrieving build artifacts...[0m
    [2;3mat[0m rch/src/hook.rs:6425 [2;3mon[0m ThreadId(1)

  [2m2026-06-09T22:07:23.534365Z[0m [32m INFO[0m [1;32mrch::transfer[0m[32m: [32mRetrieving artifacts from /data/projects/.scratch/frankentorch-34hx9-boldfalcon-20260609T2100 on vmi1227854[0m
    [2;3mat[0m rch/src/transfer.rs:2106 [2;3mon[0m ThreadId(1)

  [2m2026-06-09T22:07:25.486665Z[0m [32m INFO[0m [1;32mrch::transfer[0m[32m: [32mArtifacts retrieved in 1952ms (1 files, 1080 bytes)[0m
    [2;3mat[0m rch/src/transfer.rs:2145 [2;3mon[0m ThreadId(1)

  [2m2026-06-09T22:07:25.486688Z[0m [32m INFO[0m [1;32mrch::hook[0m[32m: [32mArtifacts retrieved: 1 files, 1080 bytes in 1952ms[0m
    [2;3mat[0m rch/src/hook.rs:6458 [2;3mon[0m ThreadId(1)

  [2m2026-06-09T22:07:25.486804Z[0m [32m INFO[0m [1;32mrch::transfer[0m[32m: [32mRetrieving artifacts from /data/projects/.scratch/frankentorch-34hx9-boldfalcon-20260609T2100/.rch-target-vmi1227854-job-29879662679164706-1781042793938383184-0 on vmi1227854[0m
    [2;3mat[0m rch/src/transfer.rs:2106 [2;3mon[0m ThreadId(1)

  [2m2026-06-09T22:07:38.834921Z[0m [32m INFO[0m [1;32mrch::transfer[0m[32m: [32mArtifacts retrieved in 13348ms (1162 files, 1570143 bytes)[0m
    [2;3mat[0m rch/src/transfer.rs:2145 [2;3mon[0m ThreadId(1)

  [2m2026-06-09T22:07:38.834951Z[0m [32m INFO[0m [1;32mrch::hook[0m[32m: [32mCustom CARGO_TARGET_DIR artifacts retrieved: 1162 files, 1570143 bytes in 13348ms[0m
    [2;3mat[0m rch/src/hook.rs:6582 [2;3mon[0m ThreadId(1)

[RCH] remote vmi1227854 (66.7s)
