  [2m2026-06-09T21:20:07.335025Z[0m [32m INFO[0m [1;32mrch::hook[0m[32m: [32mSelected worker: ovh-a at ubuntu@51.222.245.56 (0 slots remaining after reservation, speed 50.0)[0m
    [2;3mat[0m rch/src/hook.rs:514 [2;3mon[0m ThreadId(1)

  [2m2026-06-09T21:20:07.653311Z[0m [32m INFO[0m [1;32mrch::hook[0m[32m: [32mStarting remote compilation pipeline for frankentorch-34hx9-boldfalcon-20260609T2100 (hash: e9d8e489b84815ad)[0m
    [2;3mat[0m rch/src/hook.rs:5994 [2;3mon[0m ThreadId(1)

  [2m2026-06-09T21:20:07.653378Z[0m [32m INFO[0m [1;32mrch::hook[0m[32m: [32mPrepared dependency sync manifest for 13 roots[0m
    [2;3mat[0m rch/src/hook.rs:6016 [2;3mon[0m ThreadId(1)

  [2m2026-06-09T21:20:08.410459Z[0m [32m INFO[0m [1;32mrch::hook[0m[32m: [32mSyncing project to worker ovh-a...[0m
    [2;3mat[0m rch/src/hook.rs:6046 [2;3mon[0m ThreadId(1)

  [2m2026-06-09T21:20:08.410566Z[0m [32m INFO[0m [1;32mrch::transfer[0m[32m: [32mSyncing /data/projects/.scratch/frankentorch-34hx9-boldfalcon-20260609T2100 -> /data/projects/.scratch/frankentorch-34hx9-boldfalcon-20260609T2100 on ovh-a[0m
    [2;3mat[0m rch/src/transfer.rs:1434 [2;3mon[0m ThreadId(1)

  [2m2026-06-09T21:20:08.970747Z[0m [32m INFO[0m [1;32mrch::transfer[0m[32m: [32mSync completed in 560ms[0m
    [2;3mat[0m rch/src/transfer.rs:1503 [2;3mon[0m ThreadId(1)

  [2m2026-06-09T21:20:08.970914Z[0m [32m INFO[0m [1;32mrch::transfer[0m[32m: [32mSyncing /data/projects/.scratch/frankentorch-34hx9-boldfalcon-20260609T2100/crates/ft-api -> /data/projects/.scratch/frankentorch-34hx9-boldfalcon-20260609T2100/crates/ft-api on ovh-a[0m
    [2;3mat[0m rch/src/transfer.rs:1434 [2;3mon[0m ThreadId(1)

  [2m2026-06-09T21:20:09.637773Z[0m [32m INFO[0m [1;32mrch::transfer[0m[32m: [32mSync completed in 666ms[0m
    [2;3mat[0m rch/src/transfer.rs:1503 [2;3mon[0m ThreadId(1)

  [2m2026-06-09T21:20:09.637913Z[0m [32m INFO[0m [1;32mrch::transfer[0m[32m: [32mSyncing /data/projects/.scratch/frankentorch-34hx9-boldfalcon-20260609T2100/crates/ft-autograd -> /data/projects/.scratch/frankentorch-34hx9-boldfalcon-20260609T2100/crates/ft-autograd on ovh-a[0m
    [2;3mat[0m rch/src/transfer.rs:1434 [2;3mon[0m ThreadId(1)

  [2m2026-06-09T21:20:10.248656Z[0m [32m INFO[0m [1;32mrch::transfer[0m[32m: [32mSync completed in 610ms[0m
    [2;3mat[0m rch/src/transfer.rs:1503 [2;3mon[0m ThreadId(1)

  [2m2026-06-09T21:20:10.248839Z[0m [32m INFO[0m [1;32mrch::transfer[0m[32m: [32mSyncing /data/projects/.scratch/frankentorch-34hx9-boldfalcon-20260609T2100/crates/ft-conformance -> /data/projects/.scratch/frankentorch-34hx9-boldfalcon-20260609T2100/crates/ft-conformance on ovh-a[0m
    [2;3mat[0m rch/src/transfer.rs:1434 [2;3mon[0m ThreadId(1)

  [2m2026-06-09T21:20:10.831200Z[0m [32m INFO[0m [1;32mrch::transfer[0m[32m: [32mSync completed in 582ms[0m
    [2;3mat[0m rch/src/transfer.rs:1503 [2;3mon[0m ThreadId(1)

  [2m2026-06-09T21:20:10.831346Z[0m [32m INFO[0m [1;32mrch::transfer[0m[32m: [32mSyncing /data/projects/.scratch/frankentorch-34hx9-boldfalcon-20260609T2100/crates/ft-core -> /data/projects/.scratch/frankentorch-34hx9-boldfalcon-20260609T2100/crates/ft-core on ovh-a[0m
    [2;3mat[0m rch/src/transfer.rs:1434 [2;3mon[0m ThreadId(1)

  [2m2026-06-09T21:20:11.379460Z[0m [32m INFO[0m [1;32mrch::transfer[0m[32m: [32mSync completed in 548ms[0m
    [2;3mat[0m rch/src/transfer.rs:1503 [2;3mon[0m ThreadId(1)

  [2m2026-06-09T21:20:11.379657Z[0m [32m INFO[0m [1;32mrch::transfer[0m[32m: [32mSyncing /data/projects/.scratch/frankentorch-34hx9-boldfalcon-20260609T2100/crates/ft-data -> /data/projects/.scratch/frankentorch-34hx9-boldfalcon-20260609T2100/crates/ft-data on ovh-a[0m
    [2;3mat[0m rch/src/transfer.rs:1434 [2;3mon[0m ThreadId(1)

  [2m2026-06-09T21:20:11.892648Z[0m [32m INFO[0m [1;32mrch::transfer[0m[32m: [32mSync completed in 512ms[0m
    [2;3mat[0m rch/src/transfer.rs:1503 [2;3mon[0m ThreadId(1)

  [2m2026-06-09T21:20:11.892845Z[0m [32m INFO[0m [1;32mrch::transfer[0m[32m: [32mSyncing /data/projects/.scratch/frankentorch-34hx9-boldfalcon-20260609T2100/crates/ft-device -> /data/projects/.scratch/frankentorch-34hx9-boldfalcon-20260609T2100/crates/ft-device on ovh-a[0m
    [2;3mat[0m rch/src/transfer.rs:1434 [2;3mon[0m ThreadId(1)

  [2m2026-06-09T21:20:12.414281Z[0m [32m INFO[0m [1;32mrch::transfer[0m[32m: [32mSync completed in 521ms[0m
    [2;3mat[0m rch/src/transfer.rs:1503 [2;3mon[0m ThreadId(1)

  [2m2026-06-09T21:20:12.414461Z[0m [32m INFO[0m [1;32mrch::transfer[0m[32m: [32mSyncing /data/projects/.scratch/frankentorch-34hx9-boldfalcon-20260609T2100/crates/ft-dispatch -> /data/projects/.scratch/frankentorch-34hx9-boldfalcon-20260609T2100/crates/ft-dispatch on ovh-a[0m
    [2;3mat[0m rch/src/transfer.rs:1434 [2;3mon[0m ThreadId(1)

  [2m2026-06-09T21:20:12.892313Z[0m [32m INFO[0m [1;32mrch::transfer[0m[32m: [32mSync completed in 477ms[0m
    [2;3mat[0m rch/src/transfer.rs:1503 [2;3mon[0m ThreadId(1)

  [2m2026-06-09T21:20:12.892440Z[0m [32m INFO[0m [1;32mrch::transfer[0m[32m: [32mSyncing /data/projects/.scratch/frankentorch-34hx9-boldfalcon-20260609T2100/crates/ft-kernel-cpu -> /data/projects/.scratch/frankentorch-34hx9-boldfalcon-20260609T2100/crates/ft-kernel-cpu on ovh-a[0m
    [2;3mat[0m rch/src/transfer.rs:1434 [2;3mon[0m ThreadId(1)

  [2m2026-06-09T21:20:13.361289Z[0m [32m INFO[0m [1;32mrch::transfer[0m[32m: [32mSync completed in 468ms[0m
    [2;3mat[0m rch/src/transfer.rs:1503 [2;3mon[0m ThreadId(1)

  [2m2026-06-09T21:20:13.361449Z[0m [32m INFO[0m [1;32mrch::transfer[0m[32m: [32mSyncing /data/projects/.scratch/frankentorch-34hx9-boldfalcon-20260609T2100/crates/ft-nn -> /data/projects/.scratch/frankentorch-34hx9-boldfalcon-20260609T2100/crates/ft-nn on ovh-a[0m
    [2;3mat[0m rch/src/transfer.rs:1434 [2;3mon[0m ThreadId(1)

  [2m2026-06-09T21:20:13.859695Z[0m [32m INFO[0m [1;32mrch::transfer[0m[32m: [32mSync completed in 498ms[0m
    [2;3mat[0m rch/src/transfer.rs:1503 [2;3mon[0m ThreadId(1)

  [2m2026-06-09T21:20:13.859883Z[0m [32m INFO[0m [1;32mrch::transfer[0m[32m: [32mSyncing /data/projects/.scratch/frankentorch-34hx9-boldfalcon-20260609T2100/crates/ft-optim -> /data/projects/.scratch/frankentorch-34hx9-boldfalcon-20260609T2100/crates/ft-optim on ovh-a[0m
    [2;3mat[0m rch/src/transfer.rs:1434 [2;3mon[0m ThreadId(1)

  [2m2026-06-09T21:20:14.381074Z[0m [32m INFO[0m [1;32mrch::transfer[0m[32m: [32mSync completed in 521ms[0m
    [2;3mat[0m rch/src/transfer.rs:1503 [2;3mon[0m ThreadId(1)

  [2m2026-06-09T21:20:14.381216Z[0m [32m INFO[0m [1;32mrch::transfer[0m[32m: [32mSyncing /data/projects/.scratch/frankentorch-34hx9-boldfalcon-20260609T2100/crates/ft-runtime -> /data/projects/.scratch/frankentorch-34hx9-boldfalcon-20260609T2100/crates/ft-runtime on ovh-a[0m
    [2;3mat[0m rch/src/transfer.rs:1434 [2;3mon[0m ThreadId(1)

  [2m2026-06-09T21:20:14.847083Z[0m [32m INFO[0m [1;32mrch::transfer[0m[32m: [32mSync completed in 465ms[0m
    [2;3mat[0m rch/src/transfer.rs:1503 [2;3mon[0m ThreadId(1)

  [2m2026-06-09T21:20:14.847242Z[0m [32m INFO[0m [1;32mrch::transfer[0m[32m: [32mSyncing /data/projects/.scratch/frankentorch-34hx9-boldfalcon-20260609T2100/crates/ft-serialize -> /data/projects/.scratch/frankentorch-34hx9-boldfalcon-20260609T2100/crates/ft-serialize on ovh-a[0m
    [2;3mat[0m rch/src/transfer.rs:1434 [2;3mon[0m ThreadId(1)

  [2m2026-06-09T21:20:15.562421Z[0m [32m INFO[0m [1;32mrch::transfer[0m[32m: [32mSync completed in 715ms[0m
    [2;3mat[0m rch/src/transfer.rs:1503 [2;3mon[0m ThreadId(1)

  [2m2026-06-09T21:20:15.562475Z[0m [32m INFO[0m [1;32mrch::hook[0m[32m: [32mSync complete: 1910 files, 85356 bytes in 7143ms[0m
    [2;3mat[0m rch/src/hook.rs:6209 [2;3mon[0m ThreadId(1)

  [2m2026-06-09T21:20:17.104835Z[0m [32m INFO[0m [1;32mrch::hook[0m[32m: [32mExecuting command remotely: cargo bench -p ft-kernel-cpu --bench linalg_bench -- eigvalsh_f64_128x128 --sample-size 10 --warm-up-time 1 --measurement-time 3[0m
    [2;3mat[0m rch/src/hook.rs:6252 [2;3mon[0m ThreadId(1)

  [2m2026-06-09T21:20:17.104911Z[0m [32m INFO[0m [1;32mrch::transfer[0m[32m: [32mRewriting CARGO_TARGET_DIR for remote execution (worker-scoped path): /data/tmp/cargo-target -> /data/projects/.scratch/frankentorch-34hx9-boldfalcon-20260609T2100/.rch-target-ovh-a-job-29879662679164563-1781040008410451990-0[0m
    [2;3mat[0m rch/src/transfer.rs:712 [2;3mon[0m ThreadId(1)

    Updating crates.io index
 Downloading crates ...
  Downloaded bit-set v0.8.0
  Downloaded anes v0.1.6
  Downloaded anstyle v1.0.14
  Downloaded autocfg v1.5.0
  Downloaded bit-vec v0.8.0
  Downloaded cast v0.3.0
  Downloaded rand_xorshift v0.4.0
  Downloaded ciborium v0.2.2
  Downloaded bitflags v2.11.1
  Downloaded safe_arch v0.7.4
  Downloaded aho-corasick v1.1.4
  Downloaded walkdir v2.5.0
  Downloaded regex-syntax v0.8.10
  Downloaded clap_lex v1.1.0
  Downloaded errno v0.3.14
  Downloaded clap v4.6.1
  Downloaded either v1.15.0
  Downloaded libc v0.2.185
  Downloaded plotters-svg v0.3.7
  Downloaded once_cell v1.21.4
  Downloaded criterion-plot v0.5.0
  Downloaded num-traits v0.2.19
  Downloaded fnv v1.0.7
  Downloaded console v0.16.3
  Downloaded fastrand v2.4.1
  Downloaded rusty-fork v0.3.1
  Downloaded crossbeam-utils v0.8.21
  Downloaded insta v1.47.2
  Downloaded half v2.7.1
  Downloaded itoa v1.0.18
  Downloaded itertools v0.10.5
  Downloaded memchr v2.8.0
  Downloaded cfg-if v1.0.4
  Downloaded num-complex v0.4.6
  Downloaded quick-error v1.2.3
  Downloaded oorandom v11.1.5
  Downloaded unarray v0.1.4
  Downloaded rawpointer v0.2.1
  Downloaded same-file v1.0.6
  Downloaded crossbeam-deque v0.8.6
  Downloaded rand_chacha v0.9.0
  Downloaded ciborium-ll v0.2.2
  Downloaded is-terminal v0.4.17
  Downloaded ciborium-io v0.2.2
  Downloaded tinytemplate v1.2.1
  Downloaded plotters-backend v0.3.7
  Downloaded wait-timeout v0.2.1
  Downloaded quote v1.0.45
  Downloaded rand_core v0.9.5
  Downloaded ppv-lite86 v0.2.21
  Downloaded bytemuck_derive v1.10.2
  Downloaded zmij v1.0.21
  Downloaded rayon v1.12.0
  Downloaded matrixmultiply v0.3.10
  Downloaded clap_builder v4.6.0
  Downloaded crossbeam-epoch v0.9.18
  Downloaded getrandom v0.3.4
  Downloaded proc-macro2 v1.0.106
  Downloaded serde_derive v1.0.228
  Downloaded serde_core v1.0.228
  Downloaded bytemuck v1.25.0
  Downloaded similar v2.7.0
  Downloaded unicode-ident v1.0.24
  Downloaded rayon-core v1.13.0
  Downloaded tempfile v3.27.0
  Downloaded zerocopy-derive v0.8.48
  Downloaded rand v0.9.4
  Downloaded serde v1.0.228
  Downloaded wide v0.7.33
  Downloaded libm v0.2.16
  Downloaded regex v1.12.3
  Downloaded criterion v0.5.1
  Downloaded plotters v0.3.7
  Downloaded serde_json v1.0.149
  Downloaded proptest v1.11.0
  Downloaded zerocopy v0.8.48
  Downloaded syn v2.0.117
  Downloaded rustix v1.1.4
  Downloaded regex-automata v0.4.14
  Downloaded linux-raw-sys v0.12.1
   Compiling proc-macro2 v1.0.106
   Compiling quote v1.0.45
   Compiling unicode-ident v1.0.24
   Compiling libc v0.2.185
   Compiling cfg-if v1.0.4
   Compiling autocfg v1.5.0
   Compiling zerocopy v0.8.48
   Compiling getrandom v0.3.4
   Compiling crossbeam-utils v0.8.21
   Compiling serde_core v1.0.228
   Compiling rustix v1.1.4
   Compiling bitflags v2.11.1
   Compiling zmij v1.0.21
   Compiling rayon-core v1.13.0
   Compiling either v1.15.0
   Compiling serde v1.0.228
   Compiling linux-raw-sys v0.12.1
   Compiling once_cell v1.21.4
   Compiling fastrand v2.4.1
   Compiling regex-syntax v0.8.10
   Compiling serde_json v1.0.149
   Compiling memchr v2.8.0
   Compiling plotters-backend v0.3.7
   Compiling itoa v1.0.18
   Compiling clap_lex v1.1.0
   Compiling num-traits v0.2.19
   Compiling matrixmultiply v0.3.10
   Compiling anstyle v1.0.14
   Compiling ciborium-io v0.2.2
   Compiling libm v0.2.16
   Compiling plotters-svg v0.3.7
   Compiling itertools v0.10.5
   Compiling same-file v1.0.6
   Compiling clap_builder v4.6.0
   Compiling rawpointer v0.2.1
   Compiling bit-vec v0.8.0
   Compiling crossbeam-epoch v0.9.18
   Compiling cast v0.3.0
   Compiling fnv v1.0.7
   Compiling quick-error v1.2.3
   Compiling bit-set v0.8.0
   Compiling walkdir v2.5.0
   Compiling syn v2.0.117
   Compiling similar v2.7.0
   Compiling unarray v0.1.4
   Compiling oorandom v11.1.5
   Compiling crossbeam-deque v0.8.6
   Compiling anes v0.1.6
   Compiling num-complex v0.4.6
   Compiling wait-timeout v0.2.1
   Compiling rand_core v0.9.5
   Compiling plotters v0.3.7
   Compiling rand v0.9.4
   Compiling rand_xorshift v0.4.0
   Compiling console v0.16.3
   Compiling is-terminal v0.4.17
   Compiling criterion-plot v0.5.0
   Compiling tempfile v3.27.0
   Compiling rayon v1.12.0
   Compiling rusty-fork v0.3.1
   Compiling regex-automata v0.4.14
   Compiling insta v1.47.2
   Compiling clap v4.6.1
   Compiling zerocopy-derive v0.8.48
   Compiling bytemuck_derive v1.10.2
   Compiling serde_derive v1.0.228
   Compiling regex v1.12.3
   Compiling bytemuck v1.25.0
   Compiling safe_arch v0.7.4
   Compiling wide v0.7.33
   Compiling tinytemplate v1.2.1
   Compiling half v2.7.1
   Compiling ppv-lite86 v0.2.21
   Compiling rand_chacha v0.9.0
   Compiling ciborium-ll v0.2.2
   Compiling ft-core v0.1.0 (/data/projects/.scratch/frankentorch-34hx9-boldfalcon-20260609T2100/crates/ft-core)
   Compiling ciborium v0.2.2
   Compiling proptest v1.11.0
   Compiling ft-kernel-cpu v0.1.0 (/data/projects/.scratch/frankentorch-34hx9-boldfalcon-20260609T2100/crates/ft-kernel-cpu)
   Compiling criterion v0.5.1
    Finished `bench` profile [optimized + debuginfo] target(s) in 34.53s
     Running benches/linalg_bench.rs (.rch-target-ovh-a-job-29879662679164563-1781040008410451990-0/release/deps/linalg_bench-a1fa7e7590f4a8db)
Gnuplot not found, using plotters backend
Benchmarking eigvalsh_f64_128x128
Benchmarking eigvalsh_f64_128x128: Warming up for 1.0000 s
Benchmarking eigvalsh_f64_128x128: Collecting 10 samples in estimated 3.0153 s (3080 iterations)
Benchmarking eigvalsh_f64_128x128: Analyzing
eigvalsh_f64_128x128    time:   [882.31 µs 1.0967 ms 1.2208 ms]

  [2m2026-06-09T21:21:21.392729Z[0m [32m INFO[0m [1;32mrch::hook[0m[32m: [32mRemote command finished: exit=0 in 64287ms[0m
    [2;3mat[0m rch/src/hook.rs:6376 [2;3mon[0m ThreadId(1)

  [2m2026-06-09T21:21:21.393137Z[0m [32m INFO[0m [1;32mrch::hook[0m[32m: [32mRetrieving build artifacts...[0m
    [2;3mat[0m rch/src/hook.rs:6425 [2;3mon[0m ThreadId(1)

  [2m2026-06-09T21:21:21.393178Z[0m [32m INFO[0m [1;32mrch::transfer[0m[32m: [32mRetrieving artifacts from /data/projects/.scratch/frankentorch-34hx9-boldfalcon-20260609T2100 on ovh-a[0m
    [2;3mat[0m rch/src/transfer.rs:2106 [2;3mon[0m ThreadId(1)

  [2m2026-06-09T21:21:21.831304Z[0m [32m INFO[0m [1;32mrch::transfer[0m[32m: [32mArtifacts retrieved in 438ms (1 files, 1180 bytes)[0m
    [2;3mat[0m rch/src/transfer.rs:2145 [2;3mon[0m ThreadId(1)

  [2m2026-06-09T21:21:21.831339Z[0m [32m INFO[0m [1;32mrch::hook[0m[32m: [32mArtifacts retrieved: 1 files, 1180 bytes in 438ms[0m
    [2;3mat[0m rch/src/hook.rs:6458 [2;3mon[0m ThreadId(1)

  [2m2026-06-09T21:21:21.831432Z[0m [32m INFO[0m [1;32mrch::transfer[0m[32m: [32mRetrieving artifacts from /data/projects/.scratch/frankentorch-34hx9-boldfalcon-20260609T2100/.rch-target-ovh-a-job-29879662679164563-1781040008410451990-0 on ovh-a[0m
    [2;3mat[0m rch/src/transfer.rs:2106 [2;3mon[0m ThreadId(1)

  [2m2026-06-09T21:21:22.381635Z[0m [32m INFO[0m [1;32mrch::transfer[0m[32m: [32mArtifacts retrieved in 550ms (27 files, 903 bytes)[0m
    [2;3mat[0m rch/src/transfer.rs:2145 [2;3mon[0m ThreadId(1)

  [2m2026-06-09T21:21:22.381670Z[0m [32m INFO[0m [1;32mrch::hook[0m[32m: [32mCustom CARGO_TARGET_DIR artifacts retrieved: 27 files, 903 bytes in 550ms[0m
    [2;3mat[0m rch/src/hook.rs:6582 [2;3mon[0m ThreadId(1)

[RCH] remote ovh-a (75.0s)
