  [2m2026-06-09T21:11:04.002120Z[0m [32m INFO[0m [1;32mrch::hook[0m[32m: [32mSelected worker: vmi1227854 at root@109.123.245.77 (0 slots remaining after reservation, speed 50.0)[0m
    [2;3mat[0m rch/src/hook.rs:514 [2;3mon[0m ThreadId(1)

  [2m2026-06-09T21:11:04.271154Z[0m [32m INFO[0m [1;32mrch::hook[0m[32m: [32mStarting remote compilation pipeline for frankentorch-34hx9-boldfalcon-20260609T2100 (hash: e9d8e489b84815ad)[0m
    [2;3mat[0m rch/src/hook.rs:5994 [2;3mon[0m ThreadId(1)

  [2m2026-06-09T21:11:04.271209Z[0m [32m INFO[0m [1;32mrch::hook[0m[32m: [32mPrepared dependency sync manifest for 13 roots[0m
    [2;3mat[0m rch/src/hook.rs:6016 [2;3mon[0m ThreadId(1)

  [2m2026-06-09T21:11:05.808184Z[0m [32m INFO[0m [1;32mrch::hook[0m[32m: [32mSyncing project to worker vmi1227854...[0m
    [2;3mat[0m rch/src/hook.rs:6046 [2;3mon[0m ThreadId(1)

  [2m2026-06-09T21:11:05.808288Z[0m [32m INFO[0m [1;32mrch::transfer[0m[32m: [32mSyncing /data/projects/.scratch/frankentorch-34hx9-boldfalcon-20260609T2100 -> /data/projects/.scratch/frankentorch-34hx9-boldfalcon-20260609T2100 on vmi1227854[0m
    [2;3mat[0m rch/src/transfer.rs:1434 [2;3mon[0m ThreadId(1)

  [2m2026-06-09T21:11:08.830961Z[0m [32m INFO[0m [1;32mrch::transfer[0m[32m: [32mSync completed in 3022ms[0m
    [2;3mat[0m rch/src/transfer.rs:1503 [2;3mon[0m ThreadId(1)

  [2m2026-06-09T21:11:08.831081Z[0m [32m INFO[0m [1;32mrch::transfer[0m[32m: [32mSyncing /data/projects/.scratch/frankentorch-34hx9-boldfalcon-20260609T2100/crates/ft-api -> /data/projects/.scratch/frankentorch-34hx9-boldfalcon-20260609T2100/crates/ft-api on vmi1227854[0m
    [2;3mat[0m rch/src/transfer.rs:1434 [2;3mon[0m ThreadId(1)

  [2m2026-06-09T21:11:10.678111Z[0m [32m INFO[0m [1;32mrch::transfer[0m[32m: [32mSync completed in 1847ms[0m
    [2;3mat[0m rch/src/transfer.rs:1503 [2;3mon[0m ThreadId(1)

  [2m2026-06-09T21:11:10.678335Z[0m [32m INFO[0m [1;32mrch::transfer[0m[32m: [32mSyncing /data/projects/.scratch/frankentorch-34hx9-boldfalcon-20260609T2100/crates/ft-autograd -> /data/projects/.scratch/frankentorch-34hx9-boldfalcon-20260609T2100/crates/ft-autograd on vmi1227854[0m
    [2;3mat[0m rch/src/transfer.rs:1434 [2;3mon[0m ThreadId(1)

  [2m2026-06-09T21:11:12.590380Z[0m [32m INFO[0m [1;32mrch::transfer[0m[32m: [32mSync completed in 1912ms[0m
    [2;3mat[0m rch/src/transfer.rs:1503 [2;3mon[0m ThreadId(1)

  [2m2026-06-09T21:11:12.590557Z[0m [32m INFO[0m [1;32mrch::transfer[0m[32m: [32mSyncing /data/projects/.scratch/frankentorch-34hx9-boldfalcon-20260609T2100/crates/ft-conformance -> /data/projects/.scratch/frankentorch-34hx9-boldfalcon-20260609T2100/crates/ft-conformance on vmi1227854[0m
    [2;3mat[0m rch/src/transfer.rs:1434 [2;3mon[0m ThreadId(1)

  [2m2026-06-09T21:11:14.788259Z[0m [32m INFO[0m [1;32mrch::transfer[0m[32m: [32mSync completed in 2197ms[0m
    [2;3mat[0m rch/src/transfer.rs:1503 [2;3mon[0m ThreadId(1)

  [2m2026-06-09T21:11:14.788413Z[0m [32m INFO[0m [1;32mrch::transfer[0m[32m: [32mSyncing /data/projects/.scratch/frankentorch-34hx9-boldfalcon-20260609T2100/crates/ft-core -> /data/projects/.scratch/frankentorch-34hx9-boldfalcon-20260609T2100/crates/ft-core on vmi1227854[0m
    [2;3mat[0m rch/src/transfer.rs:1434 [2;3mon[0m ThreadId(1)

  [2m2026-06-09T21:11:16.635212Z[0m [32m INFO[0m [1;32mrch::transfer[0m[32m: [32mSync completed in 1846ms[0m
    [2;3mat[0m rch/src/transfer.rs:1503 [2;3mon[0m ThreadId(1)

  [2m2026-06-09T21:11:16.635344Z[0m [32m INFO[0m [1;32mrch::transfer[0m[32m: [32mSyncing /data/projects/.scratch/frankentorch-34hx9-boldfalcon-20260609T2100/crates/ft-data -> /data/projects/.scratch/frankentorch-34hx9-boldfalcon-20260609T2100/crates/ft-data on vmi1227854[0m
    [2;3mat[0m rch/src/transfer.rs:1434 [2;3mon[0m ThreadId(1)

  [2m2026-06-09T21:11:18.497850Z[0m [32m INFO[0m [1;32mrch::transfer[0m[32m: [32mSync completed in 1862ms[0m
    [2;3mat[0m rch/src/transfer.rs:1503 [2;3mon[0m ThreadId(1)

  [2m2026-06-09T21:11:18.498026Z[0m [32m INFO[0m [1;32mrch::transfer[0m[32m: [32mSyncing /data/projects/.scratch/frankentorch-34hx9-boldfalcon-20260609T2100/crates/ft-device -> /data/projects/.scratch/frankentorch-34hx9-boldfalcon-20260609T2100/crates/ft-device on vmi1227854[0m
    [2;3mat[0m rch/src/transfer.rs:1434 [2;3mon[0m ThreadId(1)

  [2m2026-06-09T21:11:20.359559Z[0m [32m INFO[0m [1;32mrch::transfer[0m[32m: [32mSync completed in 1861ms[0m
    [2;3mat[0m rch/src/transfer.rs:1503 [2;3mon[0m ThreadId(1)

  [2m2026-06-09T21:11:20.359696Z[0m [32m INFO[0m [1;32mrch::transfer[0m[32m: [32mSyncing /data/projects/.scratch/frankentorch-34hx9-boldfalcon-20260609T2100/crates/ft-dispatch -> /data/projects/.scratch/frankentorch-34hx9-boldfalcon-20260609T2100/crates/ft-dispatch on vmi1227854[0m
    [2;3mat[0m rch/src/transfer.rs:1434 [2;3mon[0m ThreadId(1)

  [2m2026-06-09T21:11:22.236526Z[0m [32m INFO[0m [1;32mrch::transfer[0m[32m: [32mSync completed in 1876ms[0m
    [2;3mat[0m rch/src/transfer.rs:1503 [2;3mon[0m ThreadId(1)

  [2m2026-06-09T21:11:22.236666Z[0m [32m INFO[0m [1;32mrch::transfer[0m[32m: [32mSyncing /data/projects/.scratch/frankentorch-34hx9-boldfalcon-20260609T2100/crates/ft-kernel-cpu -> /data/projects/.scratch/frankentorch-34hx9-boldfalcon-20260609T2100/crates/ft-kernel-cpu on vmi1227854[0m
    [2;3mat[0m rch/src/transfer.rs:1434 [2;3mon[0m ThreadId(1)

  [2m2026-06-09T21:11:24.130115Z[0m [32m INFO[0m [1;32mrch::transfer[0m[32m: [32mSync completed in 1893ms[0m
    [2;3mat[0m rch/src/transfer.rs:1503 [2;3mon[0m ThreadId(1)

  [2m2026-06-09T21:11:24.130278Z[0m [32m INFO[0m [1;32mrch::transfer[0m[32m: [32mSyncing /data/projects/.scratch/frankentorch-34hx9-boldfalcon-20260609T2100/crates/ft-nn -> /data/projects/.scratch/frankentorch-34hx9-boldfalcon-20260609T2100/crates/ft-nn on vmi1227854[0m
    [2;3mat[0m rch/src/transfer.rs:1434 [2;3mon[0m ThreadId(1)

  [2m2026-06-09T21:11:25.921379Z[0m [32m INFO[0m [1;32mrch::transfer[0m[32m: [32mSync completed in 1791ms[0m
    [2;3mat[0m rch/src/transfer.rs:1503 [2;3mon[0m ThreadId(1)

  [2m2026-06-09T21:11:25.921572Z[0m [32m INFO[0m [1;32mrch::transfer[0m[32m: [32mSyncing /data/projects/.scratch/frankentorch-34hx9-boldfalcon-20260609T2100/crates/ft-optim -> /data/projects/.scratch/frankentorch-34hx9-boldfalcon-20260609T2100/crates/ft-optim on vmi1227854[0m
    [2;3mat[0m rch/src/transfer.rs:1434 [2;3mon[0m ThreadId(1)

  [2m2026-06-09T21:11:27.779007Z[0m [32m INFO[0m [1;32mrch::transfer[0m[32m: [32mSync completed in 1857ms[0m
    [2;3mat[0m rch/src/transfer.rs:1503 [2;3mon[0m ThreadId(1)

  [2m2026-06-09T21:11:27.779145Z[0m [32m INFO[0m [1;32mrch::transfer[0m[32m: [32mSyncing /data/projects/.scratch/frankentorch-34hx9-boldfalcon-20260609T2100/crates/ft-runtime -> /data/projects/.scratch/frankentorch-34hx9-boldfalcon-20260609T2100/crates/ft-runtime on vmi1227854[0m
    [2;3mat[0m rch/src/transfer.rs:1434 [2;3mon[0m ThreadId(1)

  [2m2026-06-09T21:11:29.661327Z[0m [32m INFO[0m [1;32mrch::transfer[0m[32m: [32mSync completed in 1882ms[0m
    [2;3mat[0m rch/src/transfer.rs:1503 [2;3mon[0m ThreadId(1)

  [2m2026-06-09T21:11:29.661465Z[0m [32m INFO[0m [1;32mrch::transfer[0m[32m: [32mSyncing /data/projects/.scratch/frankentorch-34hx9-boldfalcon-20260609T2100/crates/ft-serialize -> /data/projects/.scratch/frankentorch-34hx9-boldfalcon-20260609T2100/crates/ft-serialize on vmi1227854[0m
    [2;3mat[0m rch/src/transfer.rs:1434 [2;3mon[0m ThreadId(1)

  [2m2026-06-09T21:11:31.526832Z[0m [32m INFO[0m [1;32mrch::transfer[0m[32m: [32mSync completed in 1865ms[0m
    [2;3mat[0m rch/src/transfer.rs:1503 [2;3mon[0m ThreadId(1)

  [2m2026-06-09T21:11:31.526892Z[0m [32m INFO[0m [1;32mrch::hook[0m[32m: [32mSync complete: 1907 files, 4644165 bytes in 25711ms[0m
    [2;3mat[0m rch/src/hook.rs:6209 [2;3mon[0m ThreadId(1)

  [2m2026-06-09T21:11:35.648709Z[0m [32m INFO[0m [1;32mrch::hook[0m[32m: [32mExecuting command remotely: cargo bench -p ft-kernel-cpu --bench linalg_bench -- eigvalsh_f64_256x256 --sample-size 10 --warm-up-time 1 --measurement-time 3[0m
    [2;3mat[0m rch/src/hook.rs:6252 [2;3mon[0m ThreadId(1)

  [2m2026-06-09T21:11:35.648780Z[0m [32m INFO[0m [1;32mrch::transfer[0m[32m: [32mRewriting CARGO_TARGET_DIR for remote execution (worker-scoped path): /data/tmp/cargo-target -> /data/projects/.scratch/frankentorch-34hx9-boldfalcon-20260609T2100/.rch-target-vmi1227854-job-29879662679164530-1781039465808176703-0[0m
    [2;3mat[0m rch/src/transfer.rs:712 [2;3mon[0m ThreadId(1)

    Updating crates.io index
 Downloading crates ...
  Downloaded anstyle v1.0.14
  Downloaded cast v0.3.0
  Downloaded crossbeam-utils v0.8.21
  Downloaded bytemuck_derive v1.10.2
  Downloaded bit-set v0.8.0
  Downloaded cfg-if v1.0.4
  Downloaded autocfg v1.5.0
  Downloaded bytemuck v1.25.0
  Downloaded bitflags v2.11.1
  Downloaded rand_chacha v0.9.0
  Downloaded bit-vec v0.8.0
  Downloaded getrandom v0.3.4
  Downloaded plotters-svg v0.3.7
  Downloaded similar v2.7.0
  Downloaded anes v0.1.6
  Downloaded oorandom v11.1.5
  Downloaded matrixmultiply v0.3.10
  Downloaded regex v1.12.3
  Downloaded rawpointer v0.2.1
  Downloaded fnv v1.0.7
  Downloaded clap_lex v1.1.0
  Downloaded tinytemplate v1.2.1
  Downloaded ppv-lite86 v0.2.21
  Downloaded fastrand v2.4.1
  Downloaded aho-corasick v1.1.4
  Downloaded serde_core v1.0.228
  Downloaded plotters v0.3.7
  Downloaded wait-timeout v0.2.1
  Downloaded crossbeam-epoch v0.9.18
  Downloaded plotters-backend v0.3.7
  Downloaded half v2.7.1
  Downloaded rusty-fork v0.3.1
  Downloaded quote v1.0.45
  Downloaded ciborium-io v0.2.2
  Downloaded quick-error v1.2.3
  Downloaded unicode-ident v1.0.24
  Downloaded ciborium v0.2.2
  Downloaded unarray v0.1.4
  Downloaded rayon-core v1.13.0
  Downloaded once_cell v1.21.4
  Downloaded ciborium-ll v0.2.2
  Downloaded num-complex v0.4.6
  Downloaded walkdir v2.5.0
  Downloaded crossbeam-deque v0.8.6
  Downloaded itoa v1.0.18
  Downloaded either v1.15.0
  Downloaded libm v0.2.16
  Downloaded zmij v1.0.21
  Downloaded is-terminal v0.4.17
  Downloaded tempfile v3.27.0
  Downloaded rand_core v0.9.5
  Downloaded itertools v0.10.5
  Downloaded serde_derive v1.0.228
  Downloaded num-traits v0.2.19
  Downloaded safe_arch v0.7.4
  Downloaded zerocopy-derive v0.8.48
  Downloaded rand v0.9.4
  Downloaded memchr v2.8.0
  Downloaded wide v0.7.33
  Downloaded rustix v1.1.4
  Downloaded serde_json v1.0.149
  Downloaded syn v2.0.117
  Downloaded clap_builder v4.6.0
  Downloaded rayon v1.12.0
  Downloaded insta v1.47.2
  Downloaded clap v4.6.1
  Downloaded serde v1.0.228
  Downloaded criterion v0.5.1
  Downloaded zerocopy v0.8.48
  Downloaded same-file v1.0.6
  Downloaded rand_xorshift v0.4.0
  Downloaded regex-syntax v0.8.10
  Downloaded proptest v1.11.0
  Downloaded errno v0.3.14
  Downloaded console v0.16.3
  Downloaded proc-macro2 v1.0.106
  Downloaded criterion-plot v0.5.0
  Downloaded regex-automata v0.4.14
  Downloaded libc v0.2.185
  Downloaded linux-raw-sys v0.12.1
   Compiling proc-macro2 v1.0.106
   Compiling unicode-ident v1.0.24
   Compiling quote v1.0.45
   Compiling libc v0.2.185
   Compiling cfg-if v1.0.4
   Compiling autocfg v1.5.0
   Compiling zerocopy v0.8.48
   Compiling getrandom v0.3.4
   Compiling crossbeam-utils v0.8.21
   Compiling serde_core v1.0.228
   Compiling rustix v1.1.4
   Compiling once_cell v1.21.4
   Compiling rayon-core v1.13.0
   Compiling zmij v1.0.21
   Compiling num-traits v0.2.19
   Compiling bitflags v2.11.1
   Compiling serde v1.0.228
   Compiling either v1.15.0
   Compiling linux-raw-sys v0.12.1
   Compiling serde_json v1.0.149
   Compiling fastrand v2.4.1
   Compiling crossbeam-epoch v0.9.18
   Compiling regex-syntax v0.8.10
   Compiling syn v2.0.117
   Compiling matrixmultiply v0.3.10
   Compiling plotters-backend v0.3.7
   Compiling crossbeam-deque v0.8.6
   Compiling rand_core v0.9.5
   Compiling memchr v2.8.0
   Compiling clap_lex v1.1.0
   Compiling anstyle v1.0.14
   Compiling libm v0.2.16
   Compiling itoa v1.0.18
   Compiling ciborium-io v0.2.2
   Compiling clap_builder v4.6.0
   Compiling plotters-svg v0.3.7
   Compiling num-complex v0.4.6
   Compiling wait-timeout v0.2.1
   Compiling rayon v1.12.0
   Compiling itertools v0.10.5
   Compiling tempfile v3.27.0
   Compiling regex-automata v0.4.14
   Compiling quick-error v1.2.3
   Compiling fnv v1.0.7
   Compiling cast v0.3.0
   Compiling same-file v1.0.6
   Compiling rawpointer v0.2.1
   Compiling bit-vec v0.8.0
   Compiling criterion-plot v0.5.0
   Compiling bit-set v0.8.0
   Compiling clap v4.6.1
   Compiling walkdir v2.5.0
   Compiling rusty-fork v0.3.1
   Compiling zerocopy-derive v0.8.48
   Compiling bytemuck_derive v1.10.2
   Compiling serde_derive v1.0.228
   Compiling regex v1.12.3
   Compiling plotters v0.3.7
   Compiling bytemuck v1.25.0
   Compiling rand v0.9.4
   Compiling safe_arch v0.7.4
   Compiling wide v0.7.33
   Compiling rand_xorshift v0.4.0
   Compiling console v0.16.3
   Compiling is-terminal v0.4.17
   Compiling unarray v0.1.4
   Compiling anes v0.1.6
   Compiling oorandom v11.1.5
   Compiling similar v2.7.0
   Compiling insta v1.47.2
   Compiling tinytemplate v1.2.1
   Compiling half v2.7.1
   Compiling ppv-lite86 v0.2.21
   Compiling ciborium-ll v0.2.2
   Compiling rand_chacha v0.9.0
   Compiling ft-core v0.1.0 (/data/projects/.scratch/frankentorch-34hx9-boldfalcon-20260609T2100/crates/ft-core)
   Compiling ciborium v0.2.2
   Compiling proptest v1.11.0
   Compiling ft-kernel-cpu v0.1.0 (/data/projects/.scratch/frankentorch-34hx9-boldfalcon-20260609T2100/crates/ft-kernel-cpu)
   Compiling criterion v0.5.1
    Finished `bench` profile [optimized + debuginfo] target(s) in 32.99s
     Running benches/linalg_bench.rs (.rch-target-vmi1227854-job-29879662679164530-1781039465808176703-0/release/deps/linalg_bench-a1fa7e7590f4a8db)
Gnuplot not found, using plotters backend
Benchmarking eigvalsh_f64_256x256
Benchmarking eigvalsh_f64_256x256: Warming up for 1.0000 s
Benchmarking eigvalsh_f64_256x256: Collecting 10 samples in estimated 3.0903 s (385 iterations)
Benchmarking eigvalsh_f64_256x256: Analyzing
eigvalsh_f64_256x256    time:   [5.7672 ms 6.0462 ms 6.4686 ms]

  [2m2026-06-09T21:12:44.649614Z[0m [32m INFO[0m [1;32mrch::hook[0m[32m: [32mRemote command finished: exit=0 in 69000ms[0m
    [2;3mat[0m rch/src/hook.rs:6376 [2;3mon[0m ThreadId(1)

  [2m2026-06-09T21:12:44.650096Z[0m [32m INFO[0m [1;32mrch::hook[0m[32m: [32mRetrieving build artifacts...[0m
    [2;3mat[0m rch/src/hook.rs:6425 [2;3mon[0m ThreadId(1)

  [2m2026-06-09T21:12:44.650144Z[0m [32m INFO[0m [1;32mrch::transfer[0m[32m: [32mRetrieving artifacts from /data/projects/.scratch/frankentorch-34hx9-boldfalcon-20260609T2100 on vmi1227854[0m
    [2;3mat[0m rch/src/transfer.rs:2106 [2;3mon[0m ThreadId(1)

  [2m2026-06-09T21:12:46.486919Z[0m [32m INFO[0m [1;32mrch::transfer[0m[32m: [32mArtifacts retrieved in 1836ms (1 files, 1180 bytes)[0m
    [2;3mat[0m rch/src/transfer.rs:2145 [2;3mon[0m ThreadId(1)

  [2m2026-06-09T21:12:46.486961Z[0m [32m INFO[0m [1;32mrch::hook[0m[32m: [32mArtifacts retrieved: 1 files, 1180 bytes in 1836ms[0m
    [2;3mat[0m rch/src/hook.rs:6458 [2;3mon[0m ThreadId(1)

  [2m2026-06-09T21:12:46.487072Z[0m [32m INFO[0m [1;32mrch::transfer[0m[32m: [32mRetrieving artifacts from /data/projects/.scratch/frankentorch-34hx9-boldfalcon-20260609T2100/.rch-target-vmi1227854-job-29879662679164530-1781039465808176703-0 on vmi1227854[0m
    [2;3mat[0m rch/src/transfer.rs:2106 [2;3mon[0m ThreadId(1)

  [2m2026-06-09T21:12:48.492130Z[0m [32m INFO[0m [1;32mrch::transfer[0m[32m: [32mArtifacts retrieved in 2005ms (27 files, 2007 bytes)[0m
    [2;3mat[0m rch/src/transfer.rs:2145 [2;3mon[0m ThreadId(1)

  [2m2026-06-09T21:12:48.492180Z[0m [32m INFO[0m [1;32mrch::hook[0m[32m: [32mCustom CARGO_TARGET_DIR artifacts retrieved: 27 files, 2007 bytes in 2005ms[0m
    [2;3mat[0m rch/src/hook.rs:6582 [2;3mon[0m ThreadId(1)

[RCH] remote vmi1227854 (104.5s)
