  [2m2026-06-09T21:33:40.491898Z[0m [32m INFO[0m [1;32mrch::hook[0m[32m: [32mSelected worker: ovh-a at ubuntu@51.222.245.56 (2 slots remaining after reservation, speed 50.0)[0m
    [2;3mat[0m rch/src/hook.rs:514 [2;3mon[0m ThreadId(1)

  [2m2026-06-09T21:33:40.986856Z[0m [32m INFO[0m [1;32mrch::hook[0m[32m: [32mStarting remote compilation pipeline for frankentorch (hash: 84c7ef4c558276dd)[0m
    [2;3mat[0m rch/src/hook.rs:5994 [2;3mon[0m ThreadId(1)

  [2m2026-06-09T21:33:40.986907Z[0m [32m INFO[0m [1;32mrch::hook[0m[32m: [32mPrepared dependency sync manifest for 13 roots[0m
    [2;3mat[0m rch/src/hook.rs:6016 [2;3mon[0m ThreadId(1)

  [2m2026-06-09T21:33:42.093374Z[0m [32m INFO[0m [1;32mrch::hook[0m[32m: [32mSyncing project to worker ovh-a...[0m
    [2;3mat[0m rch/src/hook.rs:6046 [2;3mon[0m ThreadId(1)

  [2m2026-06-09T21:33:42.093468Z[0m [32m INFO[0m [1;32mrch::transfer[0m[32m: [32mSyncing /data/projects/frankentorch -> /data/projects/frankentorch on ovh-a[0m
    [2;3mat[0m rch/src/transfer.rs:1434 [2;3mon[0m ThreadId(1)

  [2m2026-06-09T21:33:44.594704Z[0m [32m INFO[0m [1;32mrch::transfer[0m[32m: [32mSync completed in 2501ms[0m
    [2;3mat[0m rch/src/transfer.rs:1503 [2;3mon[0m ThreadId(1)

  [2m2026-06-09T21:33:44.594843Z[0m [32m INFO[0m [1;32mrch::transfer[0m[32m: [32mSyncing /data/projects/frankentorch/crates/ft-api -> /data/projects/frankentorch/crates/ft-api on ovh-a[0m
    [2;3mat[0m rch/src/transfer.rs:1434 [2;3mon[0m ThreadId(1)

  [2m2026-06-09T21:33:45.100848Z[0m [32m INFO[0m [1;32mrch::transfer[0m[32m: [32mSync completed in 505ms[0m
    [2;3mat[0m rch/src/transfer.rs:1503 [2;3mon[0m ThreadId(1)

  [2m2026-06-09T21:33:45.100971Z[0m [32m INFO[0m [1;32mrch::transfer[0m[32m: [32mSyncing /data/projects/frankentorch/crates/ft-autograd -> /data/projects/frankentorch/crates/ft-autograd on ovh-a[0m
    [2;3mat[0m rch/src/transfer.rs:1434 [2;3mon[0m ThreadId(1)

  [2m2026-06-09T21:33:45.568795Z[0m [32m INFO[0m [1;32mrch::transfer[0m[32m: [32mSync completed in 467ms[0m
    [2;3mat[0m rch/src/transfer.rs:1503 [2;3mon[0m ThreadId(1)

  [2m2026-06-09T21:33:45.568906Z[0m [32m INFO[0m [1;32mrch::transfer[0m[32m: [32mSyncing /data/projects/frankentorch/crates/ft-conformance -> /data/projects/frankentorch/crates/ft-conformance on ovh-a[0m
    [2;3mat[0m rch/src/transfer.rs:1434 [2;3mon[0m ThreadId(1)

  [2m2026-06-09T21:33:46.078430Z[0m [32m INFO[0m [1;32mrch::transfer[0m[32m: [32mSync completed in 509ms[0m
    [2;3mat[0m rch/src/transfer.rs:1503 [2;3mon[0m ThreadId(1)

  [2m2026-06-09T21:33:46.078591Z[0m [32m INFO[0m [1;32mrch::transfer[0m[32m: [32mSyncing /data/projects/frankentorch/crates/ft-core -> /data/projects/frankentorch/crates/ft-core on ovh-a[0m
    [2;3mat[0m rch/src/transfer.rs:1434 [2;3mon[0m ThreadId(1)

  [2m2026-06-09T21:33:46.550620Z[0m [32m INFO[0m [1;32mrch::transfer[0m[32m: [32mSync completed in 472ms[0m
    [2;3mat[0m rch/src/transfer.rs:1503 [2;3mon[0m ThreadId(1)

  [2m2026-06-09T21:33:46.550742Z[0m [32m INFO[0m [1;32mrch::transfer[0m[32m: [32mSyncing /data/projects/frankentorch/crates/ft-data -> /data/projects/frankentorch/crates/ft-data on ovh-a[0m
    [2;3mat[0m rch/src/transfer.rs:1434 [2;3mon[0m ThreadId(1)

  [2m2026-06-09T21:33:47.222776Z[0m [32m INFO[0m [1;32mrch::transfer[0m[32m: [32mSync completed in 672ms[0m
    [2;3mat[0m rch/src/transfer.rs:1503 [2;3mon[0m ThreadId(1)

  [2m2026-06-09T21:33:47.222891Z[0m [32m INFO[0m [1;32mrch::transfer[0m[32m: [32mSyncing /data/projects/frankentorch/crates/ft-device -> /data/projects/frankentorch/crates/ft-device on ovh-a[0m
    [2;3mat[0m rch/src/transfer.rs:1434 [2;3mon[0m ThreadId(1)

  [2m2026-06-09T21:33:47.886767Z[0m [32m INFO[0m [1;32mrch::transfer[0m[32m: [32mSync completed in 663ms[0m
    [2;3mat[0m rch/src/transfer.rs:1503 [2;3mon[0m ThreadId(1)

  [2m2026-06-09T21:33:47.886876Z[0m [32m INFO[0m [1;32mrch::transfer[0m[32m: [32mSyncing /data/projects/frankentorch/crates/ft-dispatch -> /data/projects/frankentorch/crates/ft-dispatch on ovh-a[0m
    [2;3mat[0m rch/src/transfer.rs:1434 [2;3mon[0m ThreadId(1)

  [2m2026-06-09T21:33:48.375818Z[0m [32m INFO[0m [1;32mrch::transfer[0m[32m: [32mSync completed in 488ms[0m
    [2;3mat[0m rch/src/transfer.rs:1503 [2;3mon[0m ThreadId(1)

  [2m2026-06-09T21:33:48.375938Z[0m [32m INFO[0m [1;32mrch::transfer[0m[32m: [32mSyncing /data/projects/frankentorch/crates/ft-kernel-cpu -> /data/projects/frankentorch/crates/ft-kernel-cpu on ovh-a[0m
    [2;3mat[0m rch/src/transfer.rs:1434 [2;3mon[0m ThreadId(1)

  [2m2026-06-09T21:33:48.916425Z[0m [32m INFO[0m [1;32mrch::transfer[0m[32m: [32mSync completed in 540ms[0m
    [2;3mat[0m rch/src/transfer.rs:1503 [2;3mon[0m ThreadId(1)

  [2m2026-06-09T21:33:48.916530Z[0m [32m INFO[0m [1;32mrch::transfer[0m[32m: [32mSyncing /data/projects/frankentorch/crates/ft-nn -> /data/projects/frankentorch/crates/ft-nn on ovh-a[0m
    [2;3mat[0m rch/src/transfer.rs:1434 [2;3mon[0m ThreadId(1)

  [2m2026-06-09T21:33:49.392471Z[0m [32m INFO[0m [1;32mrch::transfer[0m[32m: [32mSync completed in 475ms[0m
    [2;3mat[0m rch/src/transfer.rs:1503 [2;3mon[0m ThreadId(1)

  [2m2026-06-09T21:33:49.392629Z[0m [32m INFO[0m [1;32mrch::transfer[0m[32m: [32mSyncing /data/projects/frankentorch/crates/ft-optim -> /data/projects/frankentorch/crates/ft-optim on ovh-a[0m
    [2;3mat[0m rch/src/transfer.rs:1434 [2;3mon[0m ThreadId(1)

  [2m2026-06-09T21:33:49.865788Z[0m [32m INFO[0m [1;32mrch::transfer[0m[32m: [32mSync completed in 473ms[0m
    [2;3mat[0m rch/src/transfer.rs:1503 [2;3mon[0m ThreadId(1)

  [2m2026-06-09T21:33:49.865904Z[0m [32m INFO[0m [1;32mrch::transfer[0m[32m: [32mSyncing /data/projects/frankentorch/crates/ft-runtime -> /data/projects/frankentorch/crates/ft-runtime on ovh-a[0m
    [2;3mat[0m rch/src/transfer.rs:1434 [2;3mon[0m ThreadId(1)

  [2m2026-06-09T21:33:50.405270Z[0m [32m INFO[0m [1;32mrch::transfer[0m[32m: [32mSync completed in 539ms[0m
    [2;3mat[0m rch/src/transfer.rs:1503 [2;3mon[0m ThreadId(1)

  [2m2026-06-09T21:33:50.405411Z[0m [32m INFO[0m [1;32mrch::transfer[0m[32m: [32mSyncing /data/projects/frankentorch/crates/ft-serialize -> /data/projects/frankentorch/crates/ft-serialize on ovh-a[0m
    [2;3mat[0m rch/src/transfer.rs:1434 [2;3mon[0m ThreadId(1)

  [2m2026-06-09T21:33:50.886248Z[0m [32m INFO[0m [1;32mrch::transfer[0m[32m: [32mSync completed in 480ms[0m
    [2;3mat[0m rch/src/transfer.rs:1503 [2;3mon[0m ThreadId(1)

  [2m2026-06-09T21:33:50.886292Z[0m [32m INFO[0m [1;32mrch::hook[0m[32m: [32mSync complete: 51330 files, 1826024 bytes in 8784ms[0m
    [2;3mat[0m rch/src/hook.rs:6209 [2;3mon[0m ThreadId(1)

  [2m2026-06-09T21:33:52.352681Z[0m [32m INFO[0m [1;32mrch::hook[0m[32m: [32mExecuting command remotely: cargo bench -j 1 -p ft-kernel-cpu --bench linalg_bench -- 'eigh_f64_256x256|eigvalsh_f64_256x256' --warm-up-time 1 --measurement-time 5 --sample-size 20[0m
    [2;3mat[0m rch/src/hook.rs:6252 [2;3mon[0m ThreadId(1)

  [2m2026-06-09T21:33:52.352745Z[0m [32m INFO[0m [1;32mrch::transfer[0m[32m: [32mRewriting CARGO_TARGET_DIR for remote execution (worker-scoped path): /data/tmp/cargo-target -> /data/projects/frankentorch/.rch-target-ovh-a-job-29879662679164616-1781040822093366768-0[0m
    [2;3mat[0m rch/src/transfer.rs:712 [2;3mon[0m ThreadId(1)

    Updating crates.io index
 Downloading crates ...
  Downloaded rawpointer v0.2.1
  Downloaded wide v0.7.33
  Downloaded serde v1.0.228
  Downloaded bit-vec v0.8.0
  Downloaded regex v1.12.3
  Downloaded cfg-if v1.0.4
  Downloaded bitflags v2.11.1
  Downloaded ciborium v0.2.2
  Downloaded anes v0.1.6
  Downloaded quick-error v1.2.3
  Downloaded serde_core v1.0.228
  Downloaded rusty-fork v0.3.1
  Downloaded quote v1.0.45
  Downloaded aho-corasick v1.1.4
  Downloaded tempfile v3.27.0
  Downloaded bit-set v0.8.0
  Downloaded ciborium-ll v0.2.2
  Downloaded zerocopy-derive v0.8.48
  Downloaded proc-macro2 v1.0.106
  Downloaded getrandom v0.3.4
  Downloaded rand_core v0.9.5
  Downloaded wait-timeout v0.2.1
  Downloaded plotters v0.3.7
  Downloaded either v1.15.0
  Downloaded crossbeam-deque v0.8.6
  Downloaded rayon v1.12.0
  Downloaded crossbeam-utils v0.8.21
  Downloaded memchr v2.8.0
  Downloaded regex-automata v0.4.14
  Downloaded is-terminal v0.4.17
  Downloaded clap v4.6.1
  Downloaded syn v2.0.117
  Downloaded rustix v1.1.4
  Downloaded proptest v1.11.0
  Downloaded same-file v1.0.6
  Downloaded tinytemplate v1.2.1
  Downloaded cast v0.3.0
  Downloaded fastrand v2.4.1
  Downloaded bytemuck v1.25.0
  Downloaded serde_derive v1.0.228
  Downloaded walkdir v2.5.0
  Downloaded autocfg v1.5.0
  Downloaded errno v0.3.14
  Downloaded oorandom v11.1.5
  Downloaded ppv-lite86 v0.2.21
  Downloaded insta v1.47.2
  Downloaded itertools v0.10.5
  Downloaded anstyle v1.0.14
  Downloaded matrixmultiply v0.3.10
  Downloaded criterion-plot v0.5.0
  Downloaded itoa v1.0.18
  Downloaded console v0.16.3
  Downloaded rand_chacha v0.9.0
  Downloaded once_cell v1.21.4
  Downloaded num-traits v0.2.19
  Downloaded num-complex v0.4.6
  Downloaded safe_arch v0.7.4
  Downloaded rand v0.9.4
  Downloaded libc v0.2.185
  Downloaded bytemuck_derive v1.10.2
  Downloaded ciborium-io v0.2.2
  Downloaded unarray v0.1.4
  Downloaded plotters-backend v0.3.7
  Downloaded plotters-svg v0.3.7
  Downloaded unicode-ident v1.0.24
  Downloaded similar v2.7.0
  Downloaded rand_xorshift v0.4.0
  Downloaded fnv v1.0.7
  Downloaded crossbeam-epoch v0.9.18
  Downloaded zmij v1.0.21
  Downloaded rayon-core v1.13.0
  Downloaded clap_lex v1.1.0
  Downloaded clap_builder v4.6.0
  Downloaded half v2.7.1
  Downloaded serde_json v1.0.149
  Downloaded zerocopy v0.8.48
  Downloaded regex-syntax v0.8.10
  Downloaded linux-raw-sys v0.12.1
  Downloaded libm v0.2.16
  Downloaded criterion v0.5.1
   Compiling proc-macro2 v1.0.106
   Compiling quote v1.0.45
   Compiling unicode-ident v1.0.24
   Compiling syn v2.0.117
   Compiling cfg-if v1.0.4
   Compiling libc v0.2.185
   Compiling autocfg v1.5.0
   Compiling zerocopy v0.8.48
   Compiling zerocopy-derive v0.8.48
   Compiling getrandom v0.3.4
   Compiling bytemuck_derive v1.10.2
   Compiling bytemuck v1.25.0
   Compiling num-traits v0.2.19
   Compiling crossbeam-utils v0.8.21
   Compiling serde_core v1.0.228
   Compiling rustix v1.1.4
   Compiling crossbeam-epoch v0.9.18
   Compiling half v2.7.1
   Compiling rayon-core v1.13.0
   Compiling linux-raw-sys v0.12.1
   Compiling zmij v1.0.21
   Compiling either v1.15.0
   Compiling bitflags v2.11.1
   Compiling serde v1.0.228
   Compiling once_cell v1.21.4
   Compiling crossbeam-deque v0.8.6
   Compiling rand_core v0.9.5
   Compiling serde_derive v1.0.228
   Compiling regex-syntax v0.8.10
   Compiling serde_json v1.0.149
   Compiling fastrand v2.4.1
   Compiling tempfile v3.27.0
   Compiling matrixmultiply v0.3.10
   Compiling ciborium-io v0.2.2
   Compiling libm v0.2.16
   Compiling itoa v1.0.18
   Compiling memchr v2.8.0
   Compiling clap_lex v1.1.0
   Compiling anstyle v1.0.14
   Compiling plotters-backend v0.3.7
   Compiling plotters-svg v0.3.7
   Compiling clap_builder v4.6.0
   Compiling ciborium-ll v0.2.2
   Compiling rayon v1.12.0
   Compiling regex-automata v0.4.14
   Compiling itertools v0.10.5
   Compiling num-complex v0.4.6
   Compiling safe_arch v0.7.4
   Compiling ppv-lite86 v0.2.21
   Compiling wait-timeout v0.2.1
   Compiling same-file v1.0.6
   Compiling rawpointer v0.2.1
   Compiling cast v0.3.0
   Compiling fnv v1.0.7
   Compiling bit-vec v0.8.0
   Compiling quick-error v1.2.3
   Compiling rusty-fork v0.3.1
   Compiling bit-set v0.8.0
   Compiling criterion-plot v0.5.0
   Compiling walkdir v2.5.0
   Compiling rand_chacha v0.9.0
   Compiling wide v0.7.33
   Compiling ft-core v0.1.0 (/data/projects/frankentorch/crates/ft-core)
   Compiling regex v1.12.3
   Compiling ciborium v0.2.2
   Compiling tinytemplate v1.2.1
   Compiling clap v4.6.1
   Compiling plotters v0.3.7
   Compiling rand v0.9.4
   Compiling rand_xorshift v0.4.0
   Compiling console v0.16.3
   Compiling is-terminal v0.4.17
   Compiling anes v0.1.6
   Compiling oorandom v11.1.5
   Compiling similar v2.7.0
   Compiling unarray v0.1.4
   Compiling proptest v1.11.0
   Compiling insta v1.47.2
   Compiling criterion v0.5.1
   Compiling ft-kernel-cpu v0.1.0 (/data/projects/frankentorch/crates/ft-kernel-cpu)
    Finished `bench` profile [optimized + debuginfo] target(s) in 2m 03s
     Running benches/linalg_bench.rs (.rch-target-ovh-a-job-29879662679164616-1781040822093366768-0/release/deps/linalg_bench-a1fa7e7590f4a8db)
Gnuplot not found, using plotters backend
Benchmarking eigh_f64_256x256
Benchmarking eigh_f64_256x256: Warming up for 1.0000 s
Benchmarking eigh_f64_256x256: Collecting 20 samples in estimated 6.3931 s (420 iterations)
Benchmarking eigh_f64_256x256: Analyzing
eigh_f64_256x256        time:   [15.042 ms 15.286 ms 15.534 ms]
Found 1 outliers among 20 measurements (5.00%)
  1 (5.00%) high mild

Benchmarking eigvalsh_f64_256x256
Benchmarking eigvalsh_f64_256x256: Warming up for 1.0000 s
Benchmarking eigvalsh_f64_256x256: Collecting 20 samples in estimated 5.2904 s (630 iterations)
Benchmarking eigvalsh_f64_256x256: Analyzing
eigvalsh_f64_256x256    time:   [6.2658 ms 6.7114 ms 7.3767 ms]

  [2m2026-06-09T21:36:35.922539Z[0m [32m INFO[0m [1;32mrch::hook[0m[32m: [32mRemote command finished: exit=0 in 163569ms[0m
    [2;3mat[0m rch/src/hook.rs:6376 [2;3mon[0m ThreadId(1)

  [2m2026-06-09T21:36:35.923146Z[0m [32m INFO[0m [1;32mrch::hook[0m[32m: [32mRetrieving build artifacts...[0m
    [2;3mat[0m rch/src/hook.rs:6425 [2;3mon[0m ThreadId(1)

  [2m2026-06-09T21:36:35.923175Z[0m [32m INFO[0m [1;32mrch::transfer[0m[32m: [32mRetrieving artifacts from /data/projects/frankentorch on ovh-a[0m
    [2;3mat[0m rch/src/transfer.rs:2106 [2;3mon[0m ThreadId(1)

  [2m2026-06-09T21:36:36.423039Z[0m [32m INFO[0m [1;32mrch::transfer[0m[32m: [32mArtifacts retrieved in 499ms (1 files, 1809 bytes)[0m
    [2;3mat[0m rch/src/transfer.rs:2145 [2;3mon[0m ThreadId(1)

  [2m2026-06-09T21:36:36.423062Z[0m [32m INFO[0m [1;32mrch::hook[0m[32m: [32mArtifacts retrieved: 1 files, 1809 bytes in 499ms[0m
    [2;3mat[0m rch/src/hook.rs:6458 [2;3mon[0m ThreadId(1)

  [2m2026-06-09T21:36:36.423156Z[0m [32m INFO[0m [1;32mrch::transfer[0m[32m: [32mRetrieving artifacts from /data/projects/frankentorch/.rch-target-ovh-a-job-29879662679164616-1781040822093366768-0 on ovh-a[0m
    [2;3mat[0m rch/src/transfer.rs:2106 [2;3mon[0m ThreadId(1)

  [2m2026-06-09T21:36:36.907889Z[0m [32m INFO[0m [1;32mrch::transfer[0m[32m: [32mArtifacts retrieved in 484ms (50 files, 4420 bytes)[0m
    [2;3mat[0m rch/src/transfer.rs:2145 [2;3mon[0m ThreadId(1)

  [2m2026-06-09T21:36:36.907923Z[0m [32m INFO[0m [1;32mrch::hook[0m[32m: [32mCustom CARGO_TARGET_DIR artifacts retrieved: 50 files, 4420 bytes in 484ms[0m
    [2;3mat[0m rch/src/hook.rs:6582 [2;3mon[0m ThreadId(1)

[RCH] remote ovh-a (176.4s)
