  [2m2026-06-09T21:04:42.116069Z[0m [32m INFO[0m [1;32mrch::hook[0m[32m: [32mSelected worker: ovh-a at ubuntu@51.222.245.56 (0 slots remaining after reservation, speed 50.0)[0m
    [2;3mat[0m rch/src/hook.rs:514 [2;3mon[0m ThreadId(1)

  [2m2026-06-09T21:04:42.389447Z[0m [32m INFO[0m [1;32mrch::hook[0m[32m: [32mStarting remote compilation pipeline for frankentorch (hash: 84c7ef4c558276dd)[0m
    [2;3mat[0m rch/src/hook.rs:5994 [2;3mon[0m ThreadId(1)

  [2m2026-06-09T21:04:42.389508Z[0m [32m INFO[0m [1;32mrch::hook[0m[32m: [32mPrepared dependency sync manifest for 13 roots[0m
    [2;3mat[0m rch/src/hook.rs:6016 [2;3mon[0m ThreadId(1)

  [2m2026-06-09T21:04:43.296589Z[0m [32m INFO[0m [1;32mrch::hook[0m[32m: [32mSyncing project to worker ovh-a...[0m
    [2;3mat[0m rch/src/hook.rs:6046 [2;3mon[0m ThreadId(1)

  [2m2026-06-09T21:04:43.296684Z[0m [32m INFO[0m [1;32mrch::transfer[0m[32m: [32mSyncing /data/projects/frankentorch -> /data/projects/frankentorch on ovh-a[0m
    [2;3mat[0m rch/src/transfer.rs:1434 [2;3mon[0m ThreadId(1)

  [2m2026-06-09T21:04:45.643087Z[0m [32m INFO[0m [1;32mrch::transfer[0m[32m: [32mSync completed in 2346ms[0m
    [2;3mat[0m rch/src/transfer.rs:1503 [2;3mon[0m ThreadId(1)

  [2m2026-06-09T21:04:45.643201Z[0m [32m INFO[0m [1;32mrch::transfer[0m[32m: [32mSyncing /data/projects/frankentorch/crates/ft-api -> /data/projects/frankentorch/crates/ft-api on ovh-a[0m
    [2;3mat[0m rch/src/transfer.rs:1434 [2;3mon[0m ThreadId(1)

  [2m2026-06-09T21:04:46.093912Z[0m [32m INFO[0m [1;32mrch::transfer[0m[32m: [32mSync completed in 450ms[0m
    [2;3mat[0m rch/src/transfer.rs:1503 [2;3mon[0m ThreadId(1)

  [2m2026-06-09T21:04:46.094024Z[0m [32m INFO[0m [1;32mrch::transfer[0m[32m: [32mSyncing /data/projects/frankentorch/crates/ft-autograd -> /data/projects/frankentorch/crates/ft-autograd on ovh-a[0m
    [2;3mat[0m rch/src/transfer.rs:1434 [2;3mon[0m ThreadId(1)

  [2m2026-06-09T21:04:46.641976Z[0m [32m INFO[0m [1;32mrch::transfer[0m[32m: [32mSync completed in 547ms[0m
    [2;3mat[0m rch/src/transfer.rs:1503 [2;3mon[0m ThreadId(1)

  [2m2026-06-09T21:04:46.642090Z[0m [32m INFO[0m [1;32mrch::transfer[0m[32m: [32mSyncing /data/projects/frankentorch/crates/ft-conformance -> /data/projects/frankentorch/crates/ft-conformance on ovh-a[0m
    [2;3mat[0m rch/src/transfer.rs:1434 [2;3mon[0m ThreadId(1)

  [2m2026-06-09T21:04:47.190719Z[0m [32m INFO[0m [1;32mrch::transfer[0m[32m: [32mSync completed in 548ms[0m
    [2;3mat[0m rch/src/transfer.rs:1503 [2;3mon[0m ThreadId(1)

  [2m2026-06-09T21:04:47.190848Z[0m [32m INFO[0m [1;32mrch::transfer[0m[32m: [32mSyncing /data/projects/frankentorch/crates/ft-core -> /data/projects/frankentorch/crates/ft-core on ovh-a[0m
    [2;3mat[0m rch/src/transfer.rs:1434 [2;3mon[0m ThreadId(1)

  [2m2026-06-09T21:04:47.692287Z[0m [32m INFO[0m [1;32mrch::transfer[0m[32m: [32mSync completed in 501ms[0m
    [2;3mat[0m rch/src/transfer.rs:1503 [2;3mon[0m ThreadId(1)

  [2m2026-06-09T21:04:47.692401Z[0m [32m INFO[0m [1;32mrch::transfer[0m[32m: [32mSyncing /data/projects/frankentorch/crates/ft-data -> /data/projects/frankentorch/crates/ft-data on ovh-a[0m
    [2;3mat[0m rch/src/transfer.rs:1434 [2;3mon[0m ThreadId(1)

  [2m2026-06-09T21:04:48.414567Z[0m [32m INFO[0m [1;32mrch::transfer[0m[32m: [32mSync completed in 722ms[0m
    [2;3mat[0m rch/src/transfer.rs:1503 [2;3mon[0m ThreadId(1)

  [2m2026-06-09T21:04:48.414686Z[0m [32m INFO[0m [1;32mrch::transfer[0m[32m: [32mSyncing /data/projects/frankentorch/crates/ft-device -> /data/projects/frankentorch/crates/ft-device on ovh-a[0m
    [2;3mat[0m rch/src/transfer.rs:1434 [2;3mon[0m ThreadId(1)

  [2m2026-06-09T21:04:48.990609Z[0m [32m INFO[0m [1;32mrch::transfer[0m[32m: [32mSync completed in 575ms[0m
    [2;3mat[0m rch/src/transfer.rs:1503 [2;3mon[0m ThreadId(1)

  [2m2026-06-09T21:04:48.990704Z[0m [32m INFO[0m [1;32mrch::transfer[0m[32m: [32mSyncing /data/projects/frankentorch/crates/ft-dispatch -> /data/projects/frankentorch/crates/ft-dispatch on ovh-a[0m
    [2;3mat[0m rch/src/transfer.rs:1434 [2;3mon[0m ThreadId(1)

  [2m2026-06-09T21:04:49.909073Z[0m [32m INFO[0m [1;32mrch::transfer[0m[32m: [32mSync completed in 918ms[0m
    [2;3mat[0m rch/src/transfer.rs:1503 [2;3mon[0m ThreadId(1)

  [2m2026-06-09T21:04:49.909232Z[0m [32m INFO[0m [1;32mrch::transfer[0m[32m: [32mSyncing /data/projects/frankentorch/crates/ft-kernel-cpu -> /data/projects/frankentorch/crates/ft-kernel-cpu on ovh-a[0m
    [2;3mat[0m rch/src/transfer.rs:1434 [2;3mon[0m ThreadId(1)

  [2m2026-06-09T21:04:50.450065Z[0m [32m INFO[0m [1;32mrch::transfer[0m[32m: [32mSync completed in 540ms[0m
    [2;3mat[0m rch/src/transfer.rs:1503 [2;3mon[0m ThreadId(1)

  [2m2026-06-09T21:04:50.450208Z[0m [32m INFO[0m [1;32mrch::transfer[0m[32m: [32mSyncing /data/projects/frankentorch/crates/ft-nn -> /data/projects/frankentorch/crates/ft-nn on ovh-a[0m
    [2;3mat[0m rch/src/transfer.rs:1434 [2;3mon[0m ThreadId(1)

  [2m2026-06-09T21:04:51.105523Z[0m [32m INFO[0m [1;32mrch::transfer[0m[32m: [32mSync completed in 655ms[0m
    [2;3mat[0m rch/src/transfer.rs:1503 [2;3mon[0m ThreadId(1)

  [2m2026-06-09T21:04:51.105668Z[0m [32m INFO[0m [1;32mrch::transfer[0m[32m: [32mSyncing /data/projects/frankentorch/crates/ft-optim -> /data/projects/frankentorch/crates/ft-optim on ovh-a[0m
    [2;3mat[0m rch/src/transfer.rs:1434 [2;3mon[0m ThreadId(1)

  [2m2026-06-09T21:04:51.724815Z[0m [32m INFO[0m [1;32mrch::transfer[0m[32m: [32mSync completed in 619ms[0m
    [2;3mat[0m rch/src/transfer.rs:1503 [2;3mon[0m ThreadId(1)

  [2m2026-06-09T21:04:51.724951Z[0m [32m INFO[0m [1;32mrch::transfer[0m[32m: [32mSyncing /data/projects/frankentorch/crates/ft-runtime -> /data/projects/frankentorch/crates/ft-runtime on ovh-a[0m
    [2;3mat[0m rch/src/transfer.rs:1434 [2;3mon[0m ThreadId(1)

  [2m2026-06-09T21:04:52.367868Z[0m [32m INFO[0m [1;32mrch::transfer[0m[32m: [32mSync completed in 642ms[0m
    [2;3mat[0m rch/src/transfer.rs:1503 [2;3mon[0m ThreadId(1)

  [2m2026-06-09T21:04:52.367987Z[0m [32m INFO[0m [1;32mrch::transfer[0m[32m: [32mSyncing /data/projects/frankentorch/crates/ft-serialize -> /data/projects/frankentorch/crates/ft-serialize on ovh-a[0m
    [2;3mat[0m rch/src/transfer.rs:1434 [2;3mon[0m ThreadId(1)

  [2m2026-06-09T21:04:52.904338Z[0m [32m INFO[0m [1;32mrch::transfer[0m[32m: [32mSync completed in 536ms[0m
    [2;3mat[0m rch/src/transfer.rs:1503 [2;3mon[0m ThreadId(1)

  [2m2026-06-09T21:04:52.904383Z[0m [32m INFO[0m [1;32mrch::hook[0m[32m: [32mSync complete: 51323 files, 1829541 bytes in 9599ms[0m
    [2;3mat[0m rch/src/hook.rs:6209 [2;3mon[0m ThreadId(1)

  [2m2026-06-09T21:04:54.886713Z[0m [32m INFO[0m [1;32mrch::hook[0m[32m: [32mExecuting command remotely: cargo bench -j 1 -p ft-kernel-cpu --bench linalg_bench -- 'eigh_f64_256x256|eigvalsh_f64_256x256' --warm-up-time 1 --measurement-time 5 --sample-size 20[0m
    [2;3mat[0m rch/src/hook.rs:6252 [2;3mon[0m ThreadId(1)

  [2m2026-06-09T21:04:54.886816Z[0m [32m INFO[0m [1;32mrch::transfer[0m[32m: [32mRewriting CARGO_TARGET_DIR for remote execution (worker-scoped path): /data/tmp/cargo-target -> /data/projects/frankentorch/.rch-target-ovh-a-job-29879662679164515-1781039083296581906-0[0m
    [2;3mat[0m rch/src/transfer.rs:712 [2;3mon[0m ThreadId(1)

    Updating crates.io index
 Downloading crates ...
  Downloaded ciborium-io v0.2.2
  Downloaded bit-set v0.8.0
  Downloaded clap_lex v1.1.0
  Downloaded cast v0.3.0
  Downloaded wait-timeout v0.2.1
  Downloaded anes v0.1.6
  Downloaded anstyle v1.0.14
  Downloaded autocfg v1.5.0
  Downloaded itoa v1.0.18
  Downloaded tinytemplate v1.2.1
  Downloaded plotters-svg v0.3.7
  Downloaded rand_core v0.9.5
  Downloaded num-complex v0.4.6
  Downloaded quote v1.0.45
  Downloaded crossbeam-epoch v0.9.18
  Downloaded clap v4.6.1
  Downloaded getrandom v0.3.4
  Downloaded bytemuck v1.25.0
  Downloaded rand_xorshift v0.4.0
  Downloaded similar v2.7.0
  Downloaded plotters-backend v0.3.7
  Downloaded fnv v1.0.7
  Downloaded quick-error v1.2.3
  Downloaded unarray v0.1.4
  Downloaded same-file v1.0.6
  Downloaded either v1.15.0
  Downloaded is-terminal v0.4.17
  Downloaded tempfile v3.27.0
  Downloaded console v0.16.3
  Downloaded zmij v1.0.21
  Downloaded criterion-plot v0.5.0
  Downloaded cfg-if v1.0.4
  Downloaded rawpointer v0.2.1
  Downloaded criterion v0.5.1
  Downloaded ppv-lite86 v0.2.21
  Downloaded ciborium-ll v0.2.2
  Downloaded rand_chacha v0.9.0
  Downloaded matrixmultiply v0.3.10
  Downloaded insta v1.47.2
  Downloaded bytemuck_derive v1.10.2
  Downloaded bit-vec v0.8.0
  Downloaded crossbeam-deque v0.8.6
  Downloaded once_cell v1.21.4
  Downloaded rusty-fork v0.3.1
  Downloaded walkdir v2.5.0
  Downloaded ciborium v0.2.2
  Downloaded fastrand v2.4.1
  Downloaded oorandom v11.1.5
  Downloaded proc-macro2 v1.0.106
  Downloaded crossbeam-utils v0.8.21
  Downloaded bitflags v2.11.1
  Downloaded half v2.7.1
  Downloaded num-traits v0.2.19
  Downloaded serde_derive v1.0.228
  Downloaded serde_core v1.0.228
  Downloaded clap_builder v4.6.0
  Downloaded aho-corasick v1.1.4
  Downloaded unicode-ident v1.0.24
  Downloaded safe_arch v0.7.4
  Downloaded serde v1.0.228
  Downloaded regex v1.12.3
  Downloaded zerocopy-derive v0.8.48
  Downloaded rayon-core v1.13.0
  Downloaded memchr v2.8.0
  Downloaded wide v0.7.33
  Downloaded rand v0.9.4
  Downloaded itertools v0.10.5
  Downloaded plotters v0.3.7
  Downloaded proptest v1.11.0
  Downloaded serde_json v1.0.149
  Downloaded libm v0.2.16
  Downloaded rayon v1.12.0
  Downloaded zerocopy v0.8.48
  Downloaded syn v2.0.117
  Downloaded rustix v1.1.4
  Downloaded regex-syntax v0.8.10
  Downloaded regex-automata v0.4.14
  Downloaded libc v0.2.185
  Downloaded linux-raw-sys v0.12.1
  Downloaded errno v0.3.14
   Compiling proc-macro2 v1.0.106
   Compiling quote v1.0.45
   Compiling unicode-ident v1.0.24
   Compiling syn v2.0.117
   Compiling libc v0.2.185
   Compiling cfg-if v1.0.4
   Compiling autocfg v1.5.0
   Compiling zerocopy v0.8.48
   Compiling zerocopy-derive v0.8.48
   Compiling getrandom v0.3.4
   Compiling bytemuck_derive v1.10.2
   Compiling bytemuck v1.25.0
   Compiling num-traits v0.2.19
   Compiling crossbeam-utils v0.8.21
   Compiling serde_core v1.0.228
   Compiling rustix v1.1.4
   Compiling crossbeam-epoch v0.9.18
   Compiling half v2.7.1
   Compiling bitflags v2.11.1
   Compiling once_cell v1.21.4
   Compiling serde v1.0.228
   Compiling rayon-core v1.13.0
   Compiling linux-raw-sys v0.12.1
   Compiling either v1.15.0
   Compiling zmij v1.0.21
   Compiling crossbeam-deque v0.8.6
   Compiling rand_core v0.9.5
   Compiling serde_derive v1.0.228
   Compiling regex-syntax v0.8.10
   Compiling fastrand v2.4.1
   Compiling serde_json v1.0.149
   Compiling tempfile v3.27.0
   Compiling matrixmultiply v0.3.10
   Compiling ciborium-io v0.2.2
   Compiling clap_lex v1.1.0
   Compiling anstyle v1.0.14
   Compiling itoa v1.0.18
   Compiling plotters-backend v0.3.7
   Compiling libm v0.2.16
   Compiling memchr v2.8.0
   Compiling plotters-svg v0.3.7
   Compiling clap_builder v4.6.0
   Compiling ciborium-ll v0.2.2
   Compiling rayon v1.12.0
   Compiling regex-automata v0.4.14
   Compiling itertools v0.10.5
   Compiling num-complex v0.4.6
   Compiling safe_arch v0.7.4
   Compiling ppv-lite86 v0.2.21
   Compiling wait-timeout v0.2.1
   Compiling same-file v1.0.6
   Compiling cast v0.3.0
   Compiling bit-vec v0.8.0
   Compiling rawpointer v0.2.1
   Compiling quick-error v1.2.3
   Compiling fnv v1.0.7
   Compiling rusty-fork v0.3.1
   Compiling bit-set v0.8.0
   Compiling criterion-plot v0.5.0
   Compiling walkdir v2.5.0
   Compiling rand_chacha v0.9.0
   Compiling wide v0.7.33
   Compiling ft-core v0.1.0 (/data/projects/frankentorch/crates/ft-core)
   Compiling regex v1.12.3
   Compiling ciborium v0.2.2
   Compiling clap v4.6.1
   Compiling plotters v0.3.7
   Compiling tinytemplate v1.2.1
   Compiling rand v0.9.4
   Compiling rand_xorshift v0.4.0
   Compiling console v0.16.3
   Compiling is-terminal v0.4.17
   Compiling anes v0.1.6
   Compiling similar v2.7.0
   Compiling unarray v0.1.4
   Compiling oorandom v11.1.5
   Compiling criterion v0.5.1
   Compiling proptest v1.11.0
   Compiling insta v1.47.2
   Compiling ft-kernel-cpu v0.1.0 (/data/projects/frankentorch/crates/ft-kernel-cpu)
    Finished `bench` profile [optimized + debuginfo] target(s) in 2m 07s
     Running benches/linalg_bench.rs (.rch-target-ovh-a-job-29879662679164515-1781039083296581906-0/release/deps/linalg_bench-a1fa7e7590f4a8db)
Gnuplot not found, using plotters backend
Benchmarking eigh_f64_256x256
Benchmarking eigh_f64_256x256: Warming up for 1.0000 s
Benchmarking eigh_f64_256x256: Collecting 20 samples in estimated 5.4609 s (420 iterations)
Benchmarking eigh_f64_256x256: Analyzing
eigh_f64_256x256        time:   [8.9996 ms 9.0613 ms 9.1502 ms]
Found 3 outliers among 20 measurements (15.00%)
  2 (10.00%) high mild
  1 (5.00%) high severe

Benchmarking eigvalsh_f64_256x256
Benchmarking eigvalsh_f64_256x256: Warming up for 1.0000 s
Benchmarking eigvalsh_f64_256x256: Collecting 20 samples in estimated 5.8755 s (630 iterations)
Benchmarking eigvalsh_f64_256x256: Analyzing
eigvalsh_f64_256x256    time:   [5.6935 ms 5.7728 ms 5.8773 ms]
Found 6 outliers among 20 measurements (30.00%)
  3 (15.00%) low mild
  2 (10.00%) high mild
  1 (5.00%) high severe

  [2m2026-06-09T21:07:39.588440Z[0m [32m INFO[0m [1;32mrch::hook[0m[32m: [32mRemote command finished: exit=0 in 164701ms[0m
    [2;3mat[0m rch/src/hook.rs:6376 [2;3mon[0m ThreadId(1)

  [2m2026-06-09T21:07:39.588883Z[0m [32m INFO[0m [1;32mrch::hook[0m[32m: [32mRetrieving build artifacts...[0m
    [2;3mat[0m rch/src/hook.rs:6425 [2;3mon[0m ThreadId(1)

  [2m2026-06-09T21:07:39.588907Z[0m [32m INFO[0m [1;32mrch::transfer[0m[32m: [32mRetrieving artifacts from /data/projects/frankentorch on ovh-a[0m
    [2;3mat[0m rch/src/transfer.rs:2106 [2;3mon[0m ThreadId(1)

  [2m2026-06-09T21:07:40.032623Z[0m [32m INFO[0m [1;32mrch::transfer[0m[32m: [32mArtifacts retrieved in 443ms (1 files, 1809 bytes)[0m
    [2;3mat[0m rch/src/transfer.rs:2145 [2;3mon[0m ThreadId(1)

  [2m2026-06-09T21:07:40.032647Z[0m [32m INFO[0m [1;32mrch::hook[0m[32m: [32mArtifacts retrieved: 1 files, 1809 bytes in 443ms[0m
    [2;3mat[0m rch/src/hook.rs:6458 [2;3mon[0m ThreadId(1)

  [2m2026-06-09T21:07:40.032735Z[0m [32m INFO[0m [1;32mrch::transfer[0m[32m: [32mRetrieving artifacts from /data/projects/frankentorch/.rch-target-ovh-a-job-29879662679164515-1781039083296581906-0 on ovh-a[0m
    [2;3mat[0m rch/src/transfer.rs:2106 [2;3mon[0m ThreadId(1)

  [2m2026-06-09T21:07:40.554017Z[0m [32m INFO[0m [1;32mrch::transfer[0m[32m: [32mArtifacts retrieved in 521ms (50 files, 2410 bytes)[0m
    [2;3mat[0m rch/src/transfer.rs:2145 [2;3mon[0m ThreadId(1)

  [2m2026-06-09T21:07:40.554043Z[0m [32m INFO[0m [1;32mrch::hook[0m[32m: [32mCustom CARGO_TARGET_DIR artifacts retrieved: 50 files, 2410 bytes in 521ms[0m
    [2;3mat[0m rch/src/hook.rs:6582 [2;3mon[0m ThreadId(1)

[RCH] remote ovh-a (178.4s)
