   Compiling ft-api v0.1.0 (/data/projects/frankentorch/crates/ft-api)
    Finished `bench` profile [optimized + debuginfo] target(s) in 36.51s
     Running benches/pytorch_gauntlet_bench.rs (/data/projects/.rch-targets/frankentorch-cod-b/release/deps/pytorch_gauntlet_bench-5f2ebc2fd9ddf042)
Gnuplot not found, using plotters backend
Benchmarking gauntlet_max_pool3d_grad/frankentorch_kgs4_117
Benchmarking gauntlet_max_pool3d_grad/frankentorch_kgs4_117: Warming up for 1.0000 s
Benchmarking gauntlet_max_pool3d_grad/frankentorch_kgs4_117: Collecting 10 samples in estimated 3.4966 s (165 iterations)
Benchmarking gauntlet_max_pool3d_grad/frankentorch_kgs4_117: Analyzing
gauntlet_max_pool3d_grad/frankentorch_kgs4_117
                        time:   [21.744 ms 22.465 ms 23.977 ms]
                        change: [+40.618% +47.255% +54.118%] (p = 0.00 < 0.05)
                        Performance has regressed.
Benchmarking gauntlet_max_pool3d_grad/pytorch_2_12_cpu
Benchmarking gauntlet_max_pool3d_grad/pytorch_2_12_cpu: Warming up for 1.0000 s

Warning: Unable to complete 10 samples in 3.0s. You may wish to increase target time to 12.9s.
Benchmarking gauntlet_max_pool3d_grad/pytorch_2_12_cpu: Collecting 10 samples in estimated 12.880 s (10 iterations)
Benchmarking gauntlet_max_pool3d_grad/pytorch_2_12_cpu: Analyzing
gauntlet_max_pool3d_grad/pytorch_2_12_cpu
                        time:   [1.7024 ms 6.3071 ms 14.081 ms]
                        change: [+3.7852% +281.24% +822.29%] (p = 0.20 > 0.05)
                        No change in performance detected.
Found 2 outliers among 10 measurements (20.00%)
  2 (20.00%) high severe
