  [2m2026-06-12T22:36:32.316626Z[0m [32m INFO[0m [1;32mrch::hook[0m[32m: [32mSelected worker: vmi1227854 at root@109.123.245.77 (4 slots remaining after reservation, speed 50.0)[0m
    [2;3mat[0m rch/src/hook.rs:514 [2;3mon[0m ThreadId(1)

  [2m2026-06-12T22:36:32.581546Z[0m [32m INFO[0m [1;32mrch::hook[0m[32m: [32mStarting remote compilation pipeline for frankentorch (hash: 3d6dc0f5ca5d2899)[0m
    [2;3mat[0m rch/src/hook.rs:5994 [2;3mon[0m ThreadId(1)

  [2m2026-06-12T22:36:32.581591Z[0m [32m INFO[0m [1;32mrch::hook[0m[32m: [32mPrepared dependency sync manifest for 13 roots[0m
    [2;3mat[0m rch/src/hook.rs:6016 [2;3mon[0m ThreadId(1)

  [2m2026-06-12T22:36:34.111411Z[0m [32m INFO[0m [1;32mrch::hook[0m[32m: [32mSyncing project to worker vmi1227854...[0m
    [2;3mat[0m rch/src/hook.rs:6046 [2;3mon[0m ThreadId(1)

  [2m2026-06-12T22:36:34.111474Z[0m [32m INFO[0m [1;32mrch::transfer[0m[32m: [32mSyncing /data/projects/frankentorch -> /data/projects/frankentorch on vmi1227854[0m
    [2;3mat[0m rch/src/transfer.rs:1434 [2;3mon[0m ThreadId(1)

  [2m2026-06-12T22:36:41.477401Z[0m [32m INFO[0m [1;32mrch::transfer[0m[32m: [32mSync completed in 7365ms[0m
    [2;3mat[0m rch/src/transfer.rs:1503 [2;3mon[0m ThreadId(1)

  [2m2026-06-12T22:36:41.477493Z[0m [32m INFO[0m [1;32mrch::transfer[0m[32m: [32mSyncing /data/projects/frankentorch/crates/ft-api -> /data/projects/frankentorch/crates/ft-api on vmi1227854[0m
    [2;3mat[0m rch/src/transfer.rs:1434 [2;3mon[0m ThreadId(1)

  [2m2026-06-12T22:36:43.320431Z[0m [32m INFO[0m [1;32mrch::transfer[0m[32m: [32mSync completed in 1842ms[0m
    [2;3mat[0m rch/src/transfer.rs:1503 [2;3mon[0m ThreadId(1)

  [2m2026-06-12T22:36:43.320555Z[0m [32m INFO[0m [1;32mrch::transfer[0m[32m: [32mSyncing /data/projects/frankentorch/crates/ft-autograd -> /data/projects/frankentorch/crates/ft-autograd on vmi1227854[0m
    [2;3mat[0m rch/src/transfer.rs:1434 [2;3mon[0m ThreadId(1)

  [2m2026-06-12T22:36:45.289844Z[0m [32m INFO[0m [1;32mrch::transfer[0m[32m: [32mSync completed in 1969ms[0m
    [2;3mat[0m rch/src/transfer.rs:1503 [2;3mon[0m ThreadId(1)

  [2m2026-06-12T22:36:45.289926Z[0m [32m INFO[0m [1;32mrch::transfer[0m[32m: [32mSyncing /data/projects/frankentorch/crates/ft-conformance -> /data/projects/frankentorch/crates/ft-conformance on vmi1227854[0m
    [2;3mat[0m rch/src/transfer.rs:1434 [2;3mon[0m ThreadId(1)

  [2m2026-06-12T22:36:47.269236Z[0m [32m INFO[0m [1;32mrch::transfer[0m[32m: [32mSync completed in 1979ms[0m
    [2;3mat[0m rch/src/transfer.rs:1503 [2;3mon[0m ThreadId(1)

  [2m2026-06-12T22:36:47.269308Z[0m [32m INFO[0m [1;32mrch::transfer[0m[32m: [32mSyncing /data/projects/frankentorch/crates/ft-core -> /data/projects/frankentorch/crates/ft-core on vmi1227854[0m
    [2;3mat[0m rch/src/transfer.rs:1434 [2;3mon[0m ThreadId(1)

  [2m2026-06-12T22:36:49.087078Z[0m [32m INFO[0m [1;32mrch::transfer[0m[32m: [32mSync completed in 1817ms[0m
    [2;3mat[0m rch/src/transfer.rs:1503 [2;3mon[0m ThreadId(1)

  [2m2026-06-12T22:36:49.087144Z[0m [32m INFO[0m [1;32mrch::transfer[0m[32m: [32mSyncing /data/projects/frankentorch/crates/ft-data -> /data/projects/frankentorch/crates/ft-data on vmi1227854[0m
    [2;3mat[0m rch/src/transfer.rs:1434 [2;3mon[0m ThreadId(1)

  [2m2026-06-12T22:36:50.949479Z[0m [32m INFO[0m [1;32mrch::transfer[0m[32m: [32mSync completed in 1862ms[0m
    [2;3mat[0m rch/src/transfer.rs:1503 [2;3mon[0m ThreadId(1)

  [2m2026-06-12T22:36:50.949544Z[0m [32m INFO[0m [1;32mrch::transfer[0m[32m: [32mSyncing /data/projects/frankentorch/crates/ft-device -> /data/projects/frankentorch/crates/ft-device on vmi1227854[0m
    [2;3mat[0m rch/src/transfer.rs:1434 [2;3mon[0m ThreadId(1)

  [2m2026-06-12T22:36:53.119444Z[0m [32m INFO[0m [1;32mrch::transfer[0m[32m: [32mSync completed in 2169ms[0m
    [2;3mat[0m rch/src/transfer.rs:1503 [2;3mon[0m ThreadId(1)

  [2m2026-06-12T22:36:53.119508Z[0m [32m INFO[0m [1;32mrch::transfer[0m[32m: [32mSyncing /data/projects/frankentorch/crates/ft-dispatch -> /data/projects/frankentorch/crates/ft-dispatch on vmi1227854[0m
    [2;3mat[0m rch/src/transfer.rs:1434 [2;3mon[0m ThreadId(1)

  [2m2026-06-12T22:36:55.055572Z[0m [32m INFO[0m [1;32mrch::transfer[0m[32m: [32mSync completed in 1936ms[0m
    [2;3mat[0m rch/src/transfer.rs:1503 [2;3mon[0m ThreadId(1)

  [2m2026-06-12T22:36:55.055665Z[0m [32m INFO[0m [1;32mrch::transfer[0m[32m: [32mSyncing /data/projects/frankentorch/crates/ft-kernel-cpu -> /data/projects/frankentorch/crates/ft-kernel-cpu on vmi1227854[0m
    [2;3mat[0m rch/src/transfer.rs:1434 [2;3mon[0m ThreadId(1)

  [2m2026-06-12T22:36:56.938120Z[0m [32m INFO[0m [1;32mrch::transfer[0m[32m: [32mSync completed in 1882ms[0m
    [2;3mat[0m rch/src/transfer.rs:1503 [2;3mon[0m ThreadId(1)

  [2m2026-06-12T22:36:56.938233Z[0m [32m INFO[0m [1;32mrch::transfer[0m[32m: [32mSyncing /data/projects/frankentorch/crates/ft-nn -> /data/projects/frankentorch/crates/ft-nn on vmi1227854[0m
    [2;3mat[0m rch/src/transfer.rs:1434 [2;3mon[0m ThreadId(1)

  [2m2026-06-12T22:36:58.894291Z[0m [32m INFO[0m [1;32mrch::transfer[0m[32m: [32mSync completed in 1956ms[0m
    [2;3mat[0m rch/src/transfer.rs:1503 [2;3mon[0m ThreadId(1)

  [2m2026-06-12T22:36:58.894743Z[0m [32m INFO[0m [1;32mrch::transfer[0m[32m: [32mSyncing /data/projects/frankentorch/crates/ft-optim -> /data/projects/frankentorch/crates/ft-optim on vmi1227854[0m
    [2;3mat[0m rch/src/transfer.rs:1434 [2;3mon[0m ThreadId(1)

  [2m2026-06-12T22:37:00.796616Z[0m [32m INFO[0m [1;32mrch::transfer[0m[32m: [32mSync completed in 1901ms[0m
    [2;3mat[0m rch/src/transfer.rs:1503 [2;3mon[0m ThreadId(1)

  [2m2026-06-12T22:37:00.796681Z[0m [32m INFO[0m [1;32mrch::transfer[0m[32m: [32mSyncing /data/projects/frankentorch/crates/ft-runtime -> /data/projects/frankentorch/crates/ft-runtime on vmi1227854[0m
    [2;3mat[0m rch/src/transfer.rs:1434 [2;3mon[0m ThreadId(1)

  [2m2026-06-12T22:37:02.691828Z[0m [32m INFO[0m [1;32mrch::transfer[0m[32m: [32mSync completed in 1895ms[0m
    [2;3mat[0m rch/src/transfer.rs:1503 [2;3mon[0m ThreadId(1)

  [2m2026-06-12T22:37:02.691896Z[0m [32m INFO[0m [1;32mrch::transfer[0m[32m: [32mSyncing /data/projects/frankentorch/crates/ft-serialize -> /data/projects/frankentorch/crates/ft-serialize on vmi1227854[0m
    [2;3mat[0m rch/src/transfer.rs:1434 [2;3mon[0m ThreadId(1)

  [2m2026-06-12T22:37:04.639108Z[0m [32m INFO[0m [1;32mrch::transfer[0m[32m: [32mSync completed in 1947ms[0m
    [2;3mat[0m rch/src/transfer.rs:1503 [2;3mon[0m ThreadId(1)

  [2m2026-06-12T22:37:04.639153Z[0m [32m INFO[0m [1;32mrch::hook[0m[32m: [32mSync complete: 51825 files, 1863067 bytes in 30520ms[0m
    [2;3mat[0m rch/src/hook.rs:6209 [2;3mon[0m ThreadId(1)

  [2m2026-06-12T22:37:08.820465Z[0m [32m INFO[0m [1;32mrch::hook[0m[32m: [32mExecuting command remotely: cargo bench -p ft-kernel-cpu --bench linalg_bench -- eigvals_f64_256x256[0m
    [2;3mat[0m rch/src/hook.rs:6252 [2;3mon[0m ThreadId(1)

  [2m2026-06-12T22:37:08.820501Z[0m [32m INFO[0m [1;32mrch::transfer[0m[32m: [32mRewriting CARGO_TARGET_DIR for remote execution (worker-scoped path): /data/tmp/cargo-target -> /data/projects/frankentorch/.rch-target-vmi1227854-job-29884606035525924-1781303794111404140-0[0m
    [2;3mat[0m rch/src/transfer.rs:712 [2;3mon[0m ThreadId(1)

    Updating crates.io index
 Downloading crates ...
  Downloaded ciborium-io v0.2.2
  Downloaded aho-corasick v1.1.4
  Downloaded ciborium v0.2.2
  Downloaded anes v0.1.6
  Downloaded criterion-plot v0.5.0
  Downloaded crossbeam-epoch v0.9.18
  Downloaded autocfg v1.5.0
  Downloaded anstyle v1.0.14
  Downloaded same-file v1.0.6
  Downloaded proc-macro2 v1.0.106
  Downloaded bit-set v0.8.0
  Downloaded wait-timeout v0.2.1
  Downloaded clap_lex v1.1.0
  Downloaded console v0.16.3
  Downloaded errno v0.3.14
  Downloaded getrandom v0.3.4
  Downloaded rawpointer v0.2.1
  Downloaded cfg-if v1.0.4
  Downloaded ciborium-ll v0.2.2
  Downloaded quick-error v1.2.3
  Downloaded crossbeam-utils v0.8.21
  Downloaded is-terminal v0.4.17
  Downloaded plotters-svg v0.3.7
  Downloaded num-complex v0.4.6
  Downloaded plotters-backend v0.3.7
  Downloaded bit-vec v0.8.0
  Downloaded walkdir v2.5.0
  Downloaded oorandom v11.1.5
  Downloaded tinytemplate v1.2.1
  Downloaded cast v0.3.0
  Downloaded unarray v0.1.4
  Downloaded either v1.15.0
  Downloaded fastrand v2.4.1
  Downloaded rand_chacha v0.9.0
  Downloaded rand_xorshift v0.4.0
  Downloaded fnv v1.0.7
  Downloaded itoa v1.0.18
  Downloaded num-traits v0.2.19
  Downloaded quote v1.0.45
  Downloaded rand_core v0.9.5
  Downloaded rusty-fork v0.3.1
  Downloaded tempfile v3.27.0
  Downloaded zmij v1.0.21
  Downloaded bytemuck_derive v1.10.2
  Downloaded ppv-lite86 v0.2.21
  Downloaded crossbeam-deque v0.8.6
  Downloaded once_cell v1.21.4
  Downloaded bitflags v2.11.1
  Downloaded matrixmultiply v0.3.10
  Downloaded serde_core v1.0.228
  Downloaded bytemuck v1.25.0
  Downloaded serde_derive v1.0.228
  Downloaded similar v2.7.0
  Downloaded rayon-core v1.13.0
  Downloaded clap v4.6.1
  Downloaded safe_arch v0.7.4
  Downloaded unicode-ident v1.0.24
  Downloaded serde v1.0.228
  Downloaded half v2.7.1
  Downloaded memchr v2.8.0
  Downloaded criterion v0.5.1
  Downloaded zerocopy-derive v0.8.48
  Downloaded itertools v0.10.5
  Downloaded rand v0.9.4
  Downloaded wide v0.7.33
  Downloaded insta v1.47.2
  Downloaded plotters v0.3.7
  Downloaded serde_json v1.0.149
  Downloaded rayon v1.12.0
  Downloaded libm v0.2.16
  Downloaded regex v1.12.3
  Downloaded proptest v1.11.0
  Downloaded clap_builder v4.6.0
  Downloaded zerocopy v0.8.48
  Downloaded syn v2.0.117
  Downloaded regex-syntax v0.8.10
  Downloaded rustix v1.1.4
  Downloaded regex-automata v0.4.14
  Downloaded libc v0.2.185
  Downloaded linux-raw-sys v0.12.1
   Compiling proc-macro2 v1.0.106
   Compiling quote v1.0.45
   Compiling unicode-ident v1.0.24
   Compiling cfg-if v1.0.4
   Compiling libc v0.2.185
   Compiling autocfg v1.5.0
   Compiling zerocopy v0.8.48
   Compiling getrandom v0.3.4
   Compiling crossbeam-utils v0.8.21
   Compiling serde_core v1.0.228
   Compiling rustix v1.1.4
   Compiling once_cell v1.21.4
   Compiling either v1.15.0
   Compiling bitflags v2.11.1
   Compiling num-traits v0.2.19
   Compiling rayon-core v1.13.0
   Compiling linux-raw-sys v0.12.1
   Compiling serde v1.0.228
   Compiling zmij v1.0.21
   Compiling fastrand v2.4.1
   Compiling serde_json v1.0.149
   Compiling regex-syntax v0.8.10
   Compiling crossbeam-epoch v0.9.18
   Compiling syn v2.0.117
   Compiling matrixmultiply v0.3.10
   Compiling anstyle v1.0.14
   Compiling crossbeam-deque v0.8.6
   Compiling libm v0.2.16
   Compiling ciborium-io v0.2.2
   Compiling itoa v1.0.18
   Compiling rand_core v0.9.5
   Compiling clap_lex v1.1.0
   Compiling plotters-backend v0.3.7
   Compiling memchr v2.8.0
   Compiling num-complex v0.4.6
   Compiling clap_builder v4.6.0
   Compiling plotters-svg v0.3.7
   Compiling rayon v1.12.0
   Compiling wait-timeout v0.2.1
   Compiling itertools v0.10.5
   Compiling tempfile v3.27.0
   Compiling regex-automata v0.4.14
   Compiling fnv v1.0.7
   Compiling same-file v1.0.6
   Compiling rawpointer v0.2.1
   Compiling cast v0.3.0
   Compiling quick-error v1.2.3
   Compiling bit-vec v0.8.0
   Compiling criterion-plot v0.5.0
   Compiling rusty-fork v0.3.1
   Compiling bit-set v0.8.0
   Compiling clap v4.6.1
   Compiling walkdir v2.5.0
   Compiling zerocopy-derive v0.8.48
   Compiling bytemuck_derive v1.10.2
   Compiling serde_derive v1.0.228
   Compiling plotters v0.3.7
   Compiling regex v1.12.3
   Compiling rand v0.9.4
   Compiling bytemuck v1.25.0
   Compiling rand_xorshift v0.4.0
   Compiling safe_arch v0.7.4
   Compiling wide v0.7.33
   Compiling console v0.16.3
   Compiling is-terminal v0.4.17
   Compiling similar v2.7.0
   Compiling unarray v0.1.4
   Compiling oorandom v11.1.5
   Compiling anes v0.1.6
   Compiling insta v1.47.2
   Compiling half v2.7.1
   Compiling ppv-lite86 v0.2.21
   Compiling tinytemplate v1.2.1
   Compiling ciborium-ll v0.2.2
   Compiling rand_chacha v0.9.0
   Compiling ft-core v0.1.0 (/data/projects/frankentorch/crates/ft-core)
   Compiling ciborium v0.2.2
   Compiling proptest v1.11.0
   Compiling criterion v0.5.1
   Compiling ft-kernel-cpu v0.1.0 (/data/projects/frankentorch/crates/ft-kernel-cpu)
    Finished `bench` profile [optimized + debuginfo] target(s) in 34.74s
     Running benches/linalg_bench.rs (.rch-target-vmi1227854-job-29884606035525924-1781303794111404140-0/release/deps/linalg_bench-aa9fc2ba4861f31f)
Gnuplot not found, using plotters backend
Benchmarking eigvals_f64_256x256
Benchmarking eigvals_f64_256x256: Warming up for 3.0000 s
Benchmarking eigvals_f64_256x256: Collecting 100 samples in estimated 5.2320 s (200 iterations)
Benchmarking eigvals_f64_256x256: Analyzing
eigvals_f64_256x256     time:   [24.909 ms 25.230 ms 25.565 ms]
Found 2 outliers among 100 measurements (2.00%)
  1 (1.00%) high mild
  1 (1.00%) high severe

  [2m2026-06-12T22:38:23.372382Z[0m [32m INFO[0m [1;32mrch::hook[0m[32m: [32mRemote command finished: exit=0 in 74551ms[0m
    [2;3mat[0m rch/src/hook.rs:6376 [2;3mon[0m ThreadId(1)

  [2m2026-06-12T22:38:23.372675Z[0m [32m INFO[0m [1;32mrch::hook[0m[32m: [32mRetrieving build artifacts...[0m
    [2;3mat[0m rch/src/hook.rs:6425 [2;3mon[0m ThreadId(1)

  [2m2026-06-12T22:38:23.372688Z[0m [32m INFO[0m [1;32mrch::transfer[0m[32m: [32mRetrieving artifacts from /data/projects/frankentorch on vmi1227854[0m
    [2;3mat[0m rch/src/transfer.rs:2106 [2;3mon[0m ThreadId(1)

  [2m2026-06-12T22:38:25.323078Z[0m [32m INFO[0m [1;32mrch::transfer[0m[32m: [32mArtifacts retrieved in 1950ms (5 files, 1809 bytes)[0m
    [2;3mat[0m rch/src/transfer.rs:2145 [2;3mon[0m ThreadId(1)

  [2m2026-06-12T22:38:25.323102Z[0m [32m INFO[0m [1;32mrch::hook[0m[32m: [32mArtifacts retrieved: 5 files, 1809 bytes in 1950ms[0m
    [2;3mat[0m rch/src/hook.rs:6458 [2;3mon[0m ThreadId(1)

  [2m2026-06-12T22:38:25.323192Z[0m [32m INFO[0m [1;32mrch::transfer[0m[32m: [32mRetrieving artifacts from /data/projects/frankentorch/.rch-target-vmi1227854-job-29884606035525924-1781303794111404140-0 on vmi1227854[0m
    [2;3mat[0m rch/src/transfer.rs:2106 [2;3mon[0m ThreadId(1)

  [2m2026-06-12T22:38:27.352695Z[0m [32m INFO[0m [1;32mrch::transfer[0m[32m: [32mArtifacts retrieved in 2029ms (26 files, 2002 bytes)[0m
    [2;3mat[0m rch/src/transfer.rs:2145 [2;3mon[0m ThreadId(1)

  [2m2026-06-12T22:38:27.352715Z[0m [32m INFO[0m [1;32mrch::hook[0m[32m: [32mCustom CARGO_TARGET_DIR artifacts retrieved: 26 files, 2002 bytes in 2029ms[0m
    [2;3mat[0m rch/src/hook.rs:6582 [2;3mon[0m ThreadId(1)

[RCH] remote vmi1227854 (115.0s)
