  [2m2026-06-20T14:26:39.669730Z[0m [32m INFO[0m [1;32mrch::hook[0m[32m: [32mSelected worker: vmi1149989 at root@212.90.121.76 (0 slots remaining after reservation, speed 50.0)[0m
    [2;3mat[0m rch/src/hook.rs:921 [2;3mon[0m ThreadId(1)

  [2m2026-06-20T14:26:39.884306Z[0m [32m INFO[0m [1;32mrch::hook::transfer_orchestration[0m[32m: [32mStarting remote compilation pipeline for frankentorch-cod-b-bold-20260620T1416 (hash: 9bbc9a142afd4898)[0m
    [2;3mat[0m rch/src/hook/transfer_orchestration.rs:241 [2;3mon[0m ThreadId(1)

  [2m2026-06-20T14:26:39.884338Z[0m [32m INFO[0m [1;32mrch::hook::transfer_orchestration[0m[32m: [32mPrepared dependency sync manifest for 13 roots[0m
    [2;3mat[0m rch/src/hook/transfer_orchestration.rs:263 [2;3mon[0m ThreadId(1)

  [2m2026-06-20T14:26:41.556518Z[0m [32m INFO[0m [1;32mrch::hook::transfer_orchestration[0m[32m: [32mSyncing project to worker vmi1149989...[0m
    [2;3mat[0m rch/src/hook/transfer_orchestration.rs:323 [2;3mon[0m ThreadId(1)

  [2m2026-06-20T14:26:41.556560Z[0m [32m INFO[0m [1;32mrch::transfer[0m[32m: [32mSyncing /data/projects/frankentorch-cod-b-bold-20260620T1416 -> /data/projects/frankentorch-cod-b-bold-20260620T1416 on vmi1149989[0m
    [2;3mat[0m rch/src/transfer.rs:1528 [2;3mon[0m ThreadId(1)

  [2m2026-06-20T14:26:44.894130Z[0m [32m INFO[0m [1;32mrch::transfer[0m[32m: [32mSync completed in 3337ms[0m
    [2;3mat[0m rch/src/transfer.rs:1592 [2;3mon[0m ThreadId(1)

  [2m2026-06-20T14:26:44.894188Z[0m [32m INFO[0m [1;32mrch::transfer[0m[32m: [32mSyncing /data/projects/frankentorch-cod-b-bold-20260620T1416/crates/ft-api -> /data/projects/frankentorch-cod-b-bold-20260620T1416/crates/ft-api on vmi1149989[0m
    [2;3mat[0m rch/src/transfer.rs:1528 [2;3mon[0m ThreadId(1)

  [2m2026-06-20T14:26:46.812754Z[0m [32m INFO[0m [1;32mrch::transfer[0m[32m: [32mSync completed in 1918ms[0m
    [2;3mat[0m rch/src/transfer.rs:1592 [2;3mon[0m ThreadId(1)

  [2m2026-06-20T14:26:46.812828Z[0m [32m INFO[0m [1;32mrch::transfer[0m[32m: [32mSyncing /data/projects/frankentorch-cod-b-bold-20260620T1416/crates/ft-autograd -> /data/projects/frankentorch-cod-b-bold-20260620T1416/crates/ft-autograd on vmi1149989[0m
    [2;3mat[0m rch/src/transfer.rs:1528 [2;3mon[0m ThreadId(1)

  [2m2026-06-20T14:26:48.669469Z[0m [32m INFO[0m [1;32mrch::transfer[0m[32m: [32mSync completed in 1856ms[0m
    [2;3mat[0m rch/src/transfer.rs:1592 [2;3mon[0m ThreadId(1)

  [2m2026-06-20T14:26:48.669547Z[0m [32m INFO[0m [1;32mrch::transfer[0m[32m: [32mSyncing /data/projects/frankentorch-cod-b-bold-20260620T1416/crates/ft-conformance -> /data/projects/frankentorch-cod-b-bold-20260620T1416/crates/ft-conformance on vmi1149989[0m
    [2;3mat[0m rch/src/transfer.rs:1528 [2;3mon[0m ThreadId(1)

  [2m2026-06-20T14:26:50.594690Z[0m [32m INFO[0m [1;32mrch::transfer[0m[32m: [32mSync completed in 1925ms[0m
    [2;3mat[0m rch/src/transfer.rs:1592 [2;3mon[0m ThreadId(1)

  [2m2026-06-20T14:26:50.594762Z[0m [32m INFO[0m [1;32mrch::transfer[0m[32m: [32mSyncing /data/projects/frankentorch-cod-b-bold-20260620T1416/crates/ft-core -> /data/projects/frankentorch-cod-b-bold-20260620T1416/crates/ft-core on vmi1149989[0m
    [2;3mat[0m rch/src/transfer.rs:1528 [2;3mon[0m ThreadId(1)

  [2m2026-06-20T14:26:52.566696Z[0m [32m INFO[0m [1;32mrch::transfer[0m[32m: [32mSync completed in 1971ms[0m
    [2;3mat[0m rch/src/transfer.rs:1592 [2;3mon[0m ThreadId(1)

  [2m2026-06-20T14:26:52.566769Z[0m [32m INFO[0m [1;32mrch::transfer[0m[32m: [32mSyncing /data/projects/frankentorch-cod-b-bold-20260620T1416/crates/ft-data -> /data/projects/frankentorch-cod-b-bold-20260620T1416/crates/ft-data on vmi1149989[0m
    [2;3mat[0m rch/src/transfer.rs:1528 [2;3mon[0m ThreadId(1)

  [2m2026-06-20T14:26:54.627180Z[0m [32m INFO[0m [1;32mrch::transfer[0m[32m: [32mSync completed in 2060ms[0m
    [2;3mat[0m rch/src/transfer.rs:1592 [2;3mon[0m ThreadId(1)

  [2m2026-06-20T14:26:54.627239Z[0m [32m INFO[0m [1;32mrch::transfer[0m[32m: [32mSyncing /data/projects/frankentorch-cod-b-bold-20260620T1416/crates/ft-device -> /data/projects/frankentorch-cod-b-bold-20260620T1416/crates/ft-device on vmi1149989[0m
    [2;3mat[0m rch/src/transfer.rs:1528 [2;3mon[0m ThreadId(1)

  [2m2026-06-20T14:26:56.535867Z[0m [32m INFO[0m [1;32mrch::transfer[0m[32m: [32mSync completed in 1908ms[0m
    [2;3mat[0m rch/src/transfer.rs:1592 [2;3mon[0m ThreadId(1)

  [2m2026-06-20T14:26:56.535975Z[0m [32m INFO[0m [1;32mrch::transfer[0m[32m: [32mSyncing /data/projects/frankentorch-cod-b-bold-20260620T1416/crates/ft-dispatch -> /data/projects/frankentorch-cod-b-bold-20260620T1416/crates/ft-dispatch on vmi1149989[0m
    [2;3mat[0m rch/src/transfer.rs:1528 [2;3mon[0m ThreadId(1)

  [2m2026-06-20T14:26:58.433231Z[0m [32m INFO[0m [1;32mrch::transfer[0m[32m: [32mSync completed in 1897ms[0m
    [2;3mat[0m rch/src/transfer.rs:1592 [2;3mon[0m ThreadId(1)

  [2m2026-06-20T14:26:58.433298Z[0m [32m INFO[0m [1;32mrch::transfer[0m[32m: [32mSyncing /data/projects/frankentorch-cod-b-bold-20260620T1416/crates/ft-kernel-cpu -> /data/projects/frankentorch-cod-b-bold-20260620T1416/crates/ft-kernel-cpu on vmi1149989[0m
    [2;3mat[0m rch/src/transfer.rs:1528 [2;3mon[0m ThreadId(1)

  [2m2026-06-20T14:27:00.402849Z[0m [32m INFO[0m [1;32mrch::transfer[0m[32m: [32mSync completed in 1969ms[0m
    [2;3mat[0m rch/src/transfer.rs:1592 [2;3mon[0m ThreadId(1)

  [2m2026-06-20T14:27:00.402922Z[0m [32m INFO[0m [1;32mrch::transfer[0m[32m: [32mSyncing /data/projects/frankentorch-cod-b-bold-20260620T1416/crates/ft-nn -> /data/projects/frankentorch-cod-b-bold-20260620T1416/crates/ft-nn on vmi1149989[0m
    [2;3mat[0m rch/src/transfer.rs:1528 [2;3mon[0m ThreadId(1)

  [2m2026-06-20T14:27:02.367638Z[0m [32m INFO[0m [1;32mrch::transfer[0m[32m: [32mSync completed in 1964ms[0m
    [2;3mat[0m rch/src/transfer.rs:1592 [2;3mon[0m ThreadId(1)

  [2m2026-06-20T14:27:02.367718Z[0m [32m INFO[0m [1;32mrch::transfer[0m[32m: [32mSyncing /data/projects/frankentorch-cod-b-bold-20260620T1416/crates/ft-optim -> /data/projects/frankentorch-cod-b-bold-20260620T1416/crates/ft-optim on vmi1149989[0m
    [2;3mat[0m rch/src/transfer.rs:1528 [2;3mon[0m ThreadId(1)

  [2m2026-06-20T14:27:04.310066Z[0m [32m INFO[0m [1;32mrch::transfer[0m[32m: [32mSync completed in 1942ms[0m
    [2;3mat[0m rch/src/transfer.rs:1592 [2;3mon[0m ThreadId(1)

  [2m2026-06-20T14:27:04.310156Z[0m [32m INFO[0m [1;32mrch::transfer[0m[32m: [32mSyncing /data/projects/frankentorch-cod-b-bold-20260620T1416/crates/ft-runtime -> /data/projects/frankentorch-cod-b-bold-20260620T1416/crates/ft-runtime on vmi1149989[0m
    [2;3mat[0m rch/src/transfer.rs:1528 [2;3mon[0m ThreadId(1)

  [2m2026-06-20T14:27:06.243121Z[0m [32m INFO[0m [1;32mrch::transfer[0m[32m: [32mSync completed in 1932ms[0m
    [2;3mat[0m rch/src/transfer.rs:1592 [2;3mon[0m ThreadId(1)

  [2m2026-06-20T14:27:06.243190Z[0m [32m INFO[0m [1;32mrch::transfer[0m[32m: [32mSyncing /data/projects/frankentorch-cod-b-bold-20260620T1416/crates/ft-serialize -> /data/projects/frankentorch-cod-b-bold-20260620T1416/crates/ft-serialize on vmi1149989[0m
    [2;3mat[0m rch/src/transfer.rs:1528 [2;3mon[0m ThreadId(1)

  [2m2026-06-20T14:27:08.539373Z[0m [32m INFO[0m [1;32mrch::transfer[0m[32m: [32mSync completed in 2296ms[0m
    [2;3mat[0m rch/src/transfer.rs:1592 [2;3mon[0m ThreadId(1)

  [2m2026-06-20T14:27:08.539408Z[0m [32m INFO[0m [1;32mrch::hook::transfer_orchestration[0m[32m: [32mSync complete: 4335 files, 185535 bytes in 26975ms[0m
    [2;3mat[0m rch/src/hook/transfer_orchestration.rs:486 [2;3mon[0m ThreadId(1)

  [2m2026-06-20T14:27:16.819484Z[0m [32m INFO[0m [1;32mrch::hook::transfer_orchestration[0m[32m: [32mExecuting command remotely: cargo bench -p ft-api --bench ops_bench -- rms_norm/grad_f32_2048x1024 --warm-up-time 1 --measurement-time 3 --sample-size 10 --noplot[0m
    [2;3mat[0m rch/src/hook/transfer_orchestration.rs:529 [2;3mon[0m ThreadId(1)

  [2m2026-06-20T14:27:16.819545Z[0m [32m INFO[0m [1;32mrch::transfer[0m[32m: [32mRewriting CARGO_TARGET_DIR for remote execution (worker-scoped path): /data/projects/.rch-targets/frankentorch-cod-b -> /data/projects/frankentorch-cod-b-bold-20260620T1416/.rch-target-vmi1149989-pool-4d95a7fca98d77af7cb99d325ccefd2d[0m
    [2;3mat[0m rch/src/transfer.rs:799 [2;3mon[0m ThreadId(1)

    Updating crates.io index
 Downloading crates ...
  Downloaded bytemuck v1.25.0
  Downloaded aho-corasick v1.1.4
  Downloaded cast v0.3.0
  Downloaded plotters-backend v0.3.7
  Downloaded clap_lex v1.1.0
  Downloaded rawpointer v0.2.1
  Downloaded cfg-if v1.0.4
  Downloaded plotters-svg v0.3.7
  Downloaded ciborium-io v0.2.2
  Downloaded itoa v1.0.18
  Downloaded same-file v1.0.6
  Downloaded is-terminal v0.4.17
  Downloaded autocfg v1.5.0
  Downloaded crossbeam-deque v0.8.6
  Downloaded oorandom v11.1.5
  Downloaded walkdir v2.5.0
  Downloaded bytemuck_derive v1.10.2
  Downloaded ciborium-ll v0.2.2
  Downloaded anes v0.1.6
  Downloaded either v1.15.0
  Downloaded num-complex v0.4.6
  Downloaded zmij v1.0.21
  Downloaded criterion-plot v0.5.0
  Downloaded quote v1.0.45
  Downloaded once_cell v1.21.4
  Downloaded tinytemplate v1.2.1
  Downloaded ciborium v0.2.2
  Downloaded anstyle v1.0.14
  Downloaded crossbeam-utils v0.8.21
  Downloaded crossbeam-epoch v0.9.18
  Downloaded clap v4.6.1
  Downloaded num-traits v0.2.19
  Downloaded serde_core v1.0.228
  Downloaded half v2.7.1
  Downloaded serde_derive v1.0.228
  Downloaded safe_arch v0.7.4
  Downloaded matrixmultiply v0.3.10
  Downloaded rayon-core v1.13.0
  Downloaded proc-macro2 v1.0.106
  Downloaded unicode-ident v1.0.24
  Downloaded serde v1.0.228
  Downloaded zerocopy-derive v0.8.48
  Downloaded memchr v2.8.0
  Downloaded wide v0.7.33
  Downloaded criterion v0.5.1
  Downloaded itertools v0.10.5
  Downloaded plotters v0.3.7
  Downloaded regex v1.12.3
  Downloaded serde_json v1.0.149
  Downloaded clap_builder v4.6.0
  Downloaded rayon v1.12.0
  Downloaded libm v0.2.16
  Downloaded syn v2.0.117
  Downloaded zerocopy v0.8.48
  Downloaded regex-syntax v0.8.10
  Downloaded regex-automata v0.4.14
  Downloaded libc v0.2.185
   Compiling proc-macro2 v1.0.106
   Compiling quote v1.0.45
   Compiling unicode-ident v1.0.24
   Compiling autocfg v1.5.0
   Compiling zerocopy v0.8.48
   Compiling crossbeam-utils v0.8.21
   Compiling cfg-if v1.0.4
   Compiling rayon-core v1.13.0
   Compiling either v1.15.0
   Compiling serde_core v1.0.228
   Compiling libm v0.2.16
   Compiling serde v1.0.228
   Compiling rawpointer v0.2.1
   Compiling zmij v1.0.21
   Compiling serde_json v1.0.149
   Compiling num-traits v0.2.19
   Compiling matrixmultiply v0.3.10
   Compiling libc v0.2.185
   Compiling memchr v2.8.0
   Compiling ciborium-io v0.2.2
   Compiling anstyle v1.0.14
   Compiling syn v2.0.117
   Compiling crossbeam-epoch v0.9.18
   Compiling plotters-backend v0.3.7
   Compiling itoa v1.0.18
   Compiling crossbeam-deque v0.8.6
   Compiling regex-syntax v0.8.10
   Compiling num-complex v0.4.6
   Compiling clap_lex v1.1.0
   Compiling plotters-svg v0.3.7
   Compiling clap_builder v4.6.0
   Compiling rayon v1.12.0
   Compiling itertools v0.10.5
   Compiling cast v0.3.0
   Compiling regex-automata v0.4.14
   Compiling same-file v1.0.6
   Compiling is-terminal v0.4.17
   Compiling plotters v0.3.7
   Compiling walkdir v2.5.0
   Compiling once_cell v1.21.4
   Compiling oorandom v11.1.5
   Compiling anes v0.1.6
   Compiling clap v4.6.1
   Compiling criterion-plot v0.5.0
   Compiling bytemuck_derive v1.10.2
   Compiling zerocopy-derive v0.8.48
   Compiling serde_derive v1.0.228
   Compiling regex v1.12.3
   Compiling bytemuck v1.25.0
   Compiling safe_arch v0.7.4
   Compiling wide v0.7.33
   Compiling tinytemplate v1.2.1
   Compiling half v2.7.1
   Compiling ft-core v0.1.0 (/data/projects/frankentorch-cod-b-bold-20260620T1416/crates/ft-core)
   Compiling ciborium-ll v0.2.2
   Compiling ciborium v0.2.2
   Compiling ft-kernel-cpu v0.1.0 (/data/projects/frankentorch-cod-b-bold-20260620T1416/crates/ft-kernel-cpu)
   Compiling ft-runtime v0.1.0 (/data/projects/frankentorch-cod-b-bold-20260620T1416/crates/ft-runtime)
   Compiling criterion v0.5.1
   Compiling ft-dispatch v0.1.0 (/data/projects/frankentorch-cod-b-bold-20260620T1416/crates/ft-dispatch)
   Compiling ft-autograd v0.1.0 (/data/projects/frankentorch-cod-b-bold-20260620T1416/crates/ft-autograd)
   Compiling ft-api v0.1.0 (/data/projects/frankentorch-cod-b-bold-20260620T1416/crates/ft-api)
    Finished `bench` profile [optimized + debuginfo] target(s) in 3m 53s
     Running benches/ops_bench.rs (.rch-target-vmi1149989-pool-4d95a7fca98d77af7cb99d325ccefd2d/release/deps/ops_bench-8824b9e24f0b8087)
Gnuplot not found, using plotters backend
Benchmarking rms_norm/grad_f32_2048x1024
Benchmarking rms_norm/grad_f32_2048x1024: Warming up for 1.0000 s
Benchmarking rms_norm/grad_f32_2048x1024: Collecting 10 samples in estimated 3.8959 s (220 iterations)
Benchmarking rms_norm/grad_f32_2048x1024: Analyzing
rms_norm/grad_f32_2048x1024
                        time:   [18.942 ms 19.613 ms 20.940 ms]
                        change: [+4.5784% +13.545% +23.806%] (p = 0.01 < 0.05)
                        Performance has regressed.

  [2m2026-06-20T14:31:17.966364Z[0m [32m INFO[0m [1;32mrch::hook::transfer_orchestration[0m[32m: [32mRemote command finished: exit=0 in 241146ms[0m
    [2;3mat[0m rch/src/hook/transfer_orchestration.rs:653 [2;3mon[0m ThreadId(1)

  [2m2026-06-20T14:31:17.966697Z[0m [32m INFO[0m [1;32mrch::hook::transfer_orchestration[0m[32m: [32mRetrieving build artifacts...[0m
    [2;3mat[0m rch/src/hook/transfer_orchestration.rs:702 [2;3mon[0m ThreadId(1)

  [2m2026-06-20T14:31:17.966711Z[0m [32m INFO[0m [1;32mrch::transfer[0m[32m: [32mRetrieving artifacts from /data/projects/frankentorch-cod-b-bold-20260620T1416 on vmi1149989[0m
    [2;3mat[0m rch/src/transfer.rs:2246 [2;3mon[0m ThreadId(1)

  [2m2026-06-20T14:31:19.881349Z[0m [32m INFO[0m [1;32mrch::transfer[0m[32m: [32mArtifacts retrieved in 1914ms (1 files, 1180 bytes)[0m
    [2;3mat[0m rch/src/transfer.rs:2301 [2;3mon[0m ThreadId(1)

  [2m2026-06-20T14:31:19.881367Z[0m [32m INFO[0m [1;32mrch::hook::transfer_orchestration[0m[32m: [32mArtifacts retrieved: 1 files, 1180 bytes in 1914ms[0m
    [2;3mat[0m rch/src/hook/transfer_orchestration.rs:735 [2;3mon[0m ThreadId(1)

  [2m2026-06-20T14:31:19.881452Z[0m [32m INFO[0m [1;32mrch::transfer[0m[32m: [32mRetrieving artifacts from /data/projects/frankentorch-cod-b-bold-20260620T1416/.rch-target-vmi1149989-pool-4d95a7fca98d77af7cb99d325ccefd2d on vmi1149989[0m
    [2;3mat[0m rch/src/transfer.rs:2246 [2;3mon[0m ThreadId(1)

  [2m2026-06-20T14:31:21.886799Z[0m [32m INFO[0m [1;32mrch::transfer[0m[32m: [32mArtifacts retrieved in 2005ms (16 files, 617 bytes)[0m
    [2;3mat[0m rch/src/transfer.rs:2301 [2;3mon[0m ThreadId(1)

  [2m2026-06-20T14:31:21.886826Z[0m [32m INFO[0m [1;32mrch::hook::transfer_orchestration[0m[32m: [32mCustom CARGO_TARGET_DIR artifacts retrieved: 16 files, 617 bytes in 2005ms[0m
    [2;3mat[0m rch/src/hook/transfer_orchestration.rs:859 [2;3mon[0m ThreadId(1)

[RCH] remote vmi1149989 (282.2s)
