  [2m2026-06-10T05:05:28.324806Z[0m [32m INFO[0m [1;32mrch::hook[0m[32m: [32mSelected worker: vmi1227854 at root@109.123.245.77 (4 slots remaining after reservation, speed 50.0)[0m
    [2;3mat[0m rch/src/hook.rs:514 [2;3mon[0m ThreadId(1)

  [2m2026-06-10T05:05:28.648261Z[0m [32m INFO[0m [1;32mrch::hook[0m[32m: [32mStarting remote compilation pipeline for frankentorch-5oqum-boldfalcon (hash: 99d4dfa30d383919)[0m
    [2;3mat[0m rch/src/hook.rs:5994 [2;3mon[0m ThreadId(1)

  [2m2026-06-10T05:05:28.648331Z[0m [32m INFO[0m [1;32mrch::hook[0m[32m: [32mPrepared dependency sync manifest for 13 roots[0m
    [2;3mat[0m rch/src/hook.rs:6016 [2;3mon[0m ThreadId(1)

  [2m2026-06-10T05:05:30.362490Z[0m [32m INFO[0m [1;32mrch::hook[0m[32m: [32mSyncing project to worker vmi1227854...[0m
    [2;3mat[0m rch/src/hook.rs:6046 [2;3mon[0m ThreadId(1)

  [2m2026-06-10T05:05:30.362552Z[0m [32m INFO[0m [1;32mrch::transfer[0m[32m: [32mSyncing /data/projects/frankentorch-5oqum-boldfalcon -> /data/projects/frankentorch-5oqum-boldfalcon on vmi1227854[0m
    [2;3mat[0m rch/src/transfer.rs:1434 [2;3mon[0m ThreadId(1)

  [2m2026-06-10T05:05:32.651531Z[0m [32m INFO[0m [1;32mrch::transfer[0m[32m: [32mSync completed in 2288ms[0m
    [2;3mat[0m rch/src/transfer.rs:1503 [2;3mon[0m ThreadId(1)

  [2m2026-06-10T05:05:32.651596Z[0m [32m INFO[0m [1;32mrch::transfer[0m[32m: [32mSyncing /data/projects/frankentorch-5oqum-boldfalcon/crates/ft-api -> /data/projects/frankentorch-5oqum-boldfalcon/crates/ft-api on vmi1227854[0m
    [2;3mat[0m rch/src/transfer.rs:1434 [2;3mon[0m ThreadId(1)

  [2m2026-06-10T05:05:34.549842Z[0m [32m INFO[0m [1;32mrch::transfer[0m[32m: [32mSync completed in 1898ms[0m
    [2;3mat[0m rch/src/transfer.rs:1503 [2;3mon[0m ThreadId(1)

  [2m2026-06-10T05:05:34.549908Z[0m [32m INFO[0m [1;32mrch::transfer[0m[32m: [32mSyncing /data/projects/frankentorch-5oqum-boldfalcon/crates/ft-autograd -> /data/projects/frankentorch-5oqum-boldfalcon/crates/ft-autograd on vmi1227854[0m
    [2;3mat[0m rch/src/transfer.rs:1434 [2;3mon[0m ThreadId(1)

  [2m2026-06-10T05:05:36.503130Z[0m [32m INFO[0m [1;32mrch::transfer[0m[32m: [32mSync completed in 1953ms[0m
    [2;3mat[0m rch/src/transfer.rs:1503 [2;3mon[0m ThreadId(1)

  [2m2026-06-10T05:05:36.503212Z[0m [32m INFO[0m [1;32mrch::transfer[0m[32m: [32mSyncing /data/projects/frankentorch-5oqum-boldfalcon/crates/ft-conformance -> /data/projects/frankentorch-5oqum-boldfalcon/crates/ft-conformance on vmi1227854[0m
    [2;3mat[0m rch/src/transfer.rs:1434 [2;3mon[0m ThreadId(1)

  [2m2026-06-10T05:05:38.635770Z[0m [32m INFO[0m [1;32mrch::transfer[0m[32m: [32mSync completed in 2132ms[0m
    [2;3mat[0m rch/src/transfer.rs:1503 [2;3mon[0m ThreadId(1)

  [2m2026-06-10T05:05:38.635850Z[0m [32m INFO[0m [1;32mrch::transfer[0m[32m: [32mSyncing /data/projects/frankentorch-5oqum-boldfalcon/crates/ft-core -> /data/projects/frankentorch-5oqum-boldfalcon/crates/ft-core on vmi1227854[0m
    [2;3mat[0m rch/src/transfer.rs:1434 [2;3mon[0m ThreadId(1)

  [2m2026-06-10T05:05:40.664518Z[0m [32m INFO[0m [1;32mrch::transfer[0m[32m: [32mSync completed in 2028ms[0m
    [2;3mat[0m rch/src/transfer.rs:1503 [2;3mon[0m ThreadId(1)

  [2m2026-06-10T05:05:40.664582Z[0m [32m INFO[0m [1;32mrch::transfer[0m[32m: [32mSyncing /data/projects/frankentorch-5oqum-boldfalcon/crates/ft-data -> /data/projects/frankentorch-5oqum-boldfalcon/crates/ft-data on vmi1227854[0m
    [2;3mat[0m rch/src/transfer.rs:1434 [2;3mon[0m ThreadId(1)

  [2m2026-06-10T05:05:42.728049Z[0m [32m INFO[0m [1;32mrch::transfer[0m[32m: [32mSync completed in 2063ms[0m
    [2;3mat[0m rch/src/transfer.rs:1503 [2;3mon[0m ThreadId(1)

  [2m2026-06-10T05:05:42.728129Z[0m [32m INFO[0m [1;32mrch::transfer[0m[32m: [32mSyncing /data/projects/frankentorch-5oqum-boldfalcon/crates/ft-device -> /data/projects/frankentorch-5oqum-boldfalcon/crates/ft-device on vmi1227854[0m
    [2;3mat[0m rch/src/transfer.rs:1434 [2;3mon[0m ThreadId(1)

  [2m2026-06-10T05:05:44.871503Z[0m [32m INFO[0m [1;32mrch::transfer[0m[32m: [32mSync completed in 2143ms[0m
    [2;3mat[0m rch/src/transfer.rs:1503 [2;3mon[0m ThreadId(1)

  [2m2026-06-10T05:05:44.871574Z[0m [32m INFO[0m [1;32mrch::transfer[0m[32m: [32mSyncing /data/projects/frankentorch-5oqum-boldfalcon/crates/ft-dispatch -> /data/projects/frankentorch-5oqum-boldfalcon/crates/ft-dispatch on vmi1227854[0m
    [2;3mat[0m rch/src/transfer.rs:1434 [2;3mon[0m ThreadId(1)

  [2m2026-06-10T05:05:46.775240Z[0m [32m INFO[0m [1;32mrch::transfer[0m[32m: [32mSync completed in 1903ms[0m
    [2;3mat[0m rch/src/transfer.rs:1503 [2;3mon[0m ThreadId(1)

  [2m2026-06-10T05:05:46.775316Z[0m [32m INFO[0m [1;32mrch::transfer[0m[32m: [32mSyncing /data/projects/frankentorch-5oqum-boldfalcon/crates/ft-kernel-cpu -> /data/projects/frankentorch-5oqum-boldfalcon/crates/ft-kernel-cpu on vmi1227854[0m
    [2;3mat[0m rch/src/transfer.rs:1434 [2;3mon[0m ThreadId(1)

  [2m2026-06-10T05:05:48.735445Z[0m [32m INFO[0m [1;32mrch::transfer[0m[32m: [32mSync completed in 1960ms[0m
    [2;3mat[0m rch/src/transfer.rs:1503 [2;3mon[0m ThreadId(1)

  [2m2026-06-10T05:05:48.735526Z[0m [32m INFO[0m [1;32mrch::transfer[0m[32m: [32mSyncing /data/projects/frankentorch-5oqum-boldfalcon/crates/ft-nn -> /data/projects/frankentorch-5oqum-boldfalcon/crates/ft-nn on vmi1227854[0m
    [2;3mat[0m rch/src/transfer.rs:1434 [2;3mon[0m ThreadId(1)

  [2m2026-06-10T05:05:50.622124Z[0m [32m INFO[0m [1;32mrch::transfer[0m[32m: [32mSync completed in 1886ms[0m
    [2;3mat[0m rch/src/transfer.rs:1503 [2;3mon[0m ThreadId(1)

  [2m2026-06-10T05:05:50.622193Z[0m [32m INFO[0m [1;32mrch::transfer[0m[32m: [32mSyncing /data/projects/frankentorch-5oqum-boldfalcon/crates/ft-optim -> /data/projects/frankentorch-5oqum-boldfalcon/crates/ft-optim on vmi1227854[0m
    [2;3mat[0m rch/src/transfer.rs:1434 [2;3mon[0m ThreadId(1)

  [2m2026-06-10T05:05:52.597379Z[0m [32m INFO[0m [1;32mrch::transfer[0m[32m: [32mSync completed in 1975ms[0m
    [2;3mat[0m rch/src/transfer.rs:1503 [2;3mon[0m ThreadId(1)

  [2m2026-06-10T05:05:52.597459Z[0m [32m INFO[0m [1;32mrch::transfer[0m[32m: [32mSyncing /data/projects/frankentorch-5oqum-boldfalcon/crates/ft-runtime -> /data/projects/frankentorch-5oqum-boldfalcon/crates/ft-runtime on vmi1227854[0m
    [2;3mat[0m rch/src/transfer.rs:1434 [2;3mon[0m ThreadId(1)

  [2m2026-06-10T05:05:54.561859Z[0m [32m INFO[0m [1;32mrch::transfer[0m[32m: [32mSync completed in 1964ms[0m
    [2;3mat[0m rch/src/transfer.rs:1503 [2;3mon[0m ThreadId(1)

  [2m2026-06-10T05:05:54.561933Z[0m [32m INFO[0m [1;32mrch::transfer[0m[32m: [32mSyncing /data/projects/frankentorch-5oqum-boldfalcon/crates/ft-serialize -> /data/projects/frankentorch-5oqum-boldfalcon/crates/ft-serialize on vmi1227854[0m
    [2;3mat[0m rch/src/transfer.rs:1434 [2;3mon[0m ThreadId(1)

  [2m2026-06-10T05:05:56.490482Z[0m [32m INFO[0m [1;32mrch::transfer[0m[32m: [32mSync completed in 1928ms[0m
    [2;3mat[0m rch/src/transfer.rs:1503 [2;3mon[0m ThreadId(1)

  [2m2026-06-10T05:05:56.490528Z[0m [32m INFO[0m [1;32mrch::hook[0m[32m: [32mSync complete: 1975 files, 88179 bytes in 26121ms[0m
    [2;3mat[0m rch/src/hook.rs:6209 [2;3mon[0m ThreadId(1)

  [2m2026-06-10T05:06:00.835141Z[0m [32m INFO[0m [1;32mrch::hook[0m[32m: [32mExecuting command remotely: cargo check -j 1 -p ft-kernel-cpu[0m
    [2;3mat[0m rch/src/hook.rs:6252 [2;3mon[0m ThreadId(1)

  [2m2026-06-10T05:06:00.835180Z[0m [32m INFO[0m [1;32mrch::transfer[0m[32m: [32mRewriting CARGO_TARGET_DIR for remote execution (worker-scoped path): /data/tmp/cargo-target -> /data/projects/frankentorch-5oqum-boldfalcon/.rch-target-vmi1227854-job-29879662679165047-1781067930362483221-0[0m
    [2;3mat[0m rch/src/transfer.rs:712 [2;3mon[0m ThreadId(1)

    Updating crates.io index
 Downloading crates ...
  Downloaded autocfg v1.5.0
  Downloaded crossbeam-deque v0.8.6
  Downloaded bytemuck_derive v1.10.2
  Downloaded crossbeam-epoch v0.9.18
  Downloaded crossbeam-utils v0.8.21
  Downloaded rawpointer v0.2.1
  Downloaded bytemuck v1.25.0
  Downloaded either v1.15.0
  Downloaded cfg-if v1.0.4
  Downloaded num-complex v0.4.6
  Downloaded quote v1.0.45
  Downloaded num-traits v0.2.19
  Downloaded unicode-ident v1.0.24
  Downloaded safe_arch v0.7.4
  Downloaded zerocopy-derive v0.8.48
  Downloaded wide v0.7.33
  Downloaded half v2.7.1
  Downloaded rayon-core v1.13.0
  Downloaded proc-macro2 v1.0.106
  Downloaded libm v0.2.16
  Downloaded rayon v1.12.0
  Downloaded matrixmultiply v0.3.10
  Downloaded zerocopy v0.8.48
  Downloaded syn v2.0.117
   Compiling proc-macro2 v1.0.106
   Compiling quote v1.0.45
   Compiling unicode-ident v1.0.24
   Compiling syn v2.0.117
   Compiling autocfg v1.5.0
   Compiling crossbeam-utils v0.8.21
   Compiling bytemuck_derive v1.10.2
    Checking bytemuck v1.25.0
   Compiling num-traits v0.2.19
   Compiling zerocopy v0.8.48
    Checking crossbeam-epoch v0.9.18
   Compiling zerocopy-derive v0.8.48
   Compiling rayon-core v1.13.0
    Checking crossbeam-deque v0.8.6
   Compiling matrixmultiply v0.3.10
   Compiling libm v0.2.16
    Checking cfg-if v1.0.4
    Checking half v2.7.1
    Checking num-complex v0.4.6
    Checking safe_arch v0.7.4
    Checking either v1.15.0
    Checking rawpointer v0.2.1
    Checking rayon v1.12.0
    Checking wide v0.7.33
    Checking ft-core v0.1.0 (/data/projects/frankentorch-5oqum-boldfalcon/crates/ft-core)
    Checking ft-kernel-cpu v0.1.0 (/data/projects/frankentorch-5oqum-boldfalcon/crates/ft-kernel-cpu)
    Finished `dev` profile [unoptimized + debuginfo] target(s) in 20.97s
  [2m2026-06-10T05:06:23.465580Z[0m [32m INFO[0m [1;32mrch::hook[0m[32m: [32mRemote command finished: exit=0 in 22630ms[0m
    [2;3mat[0m rch/src/hook.rs:6376 [2;3mon[0m ThreadId(1)

  [2m2026-06-10T05:06:23.465891Z[0m [32m INFO[0m [1;32mrch::hook[0m[32m: [32mRetrieving build artifacts...[0m
    [2;3mat[0m rch/src/hook.rs:6425 [2;3mon[0m ThreadId(1)

  [2m2026-06-10T05:06:23.465910Z[0m [32m INFO[0m [1;32mrch::transfer[0m[32m: [32mRetrieving artifacts from /data/projects/frankentorch-5oqum-boldfalcon on vmi1227854[0m
    [2;3mat[0m rch/src/transfer.rs:2106 [2;3mon[0m ThreadId(1)

  [2m2026-06-10T05:06:25.423460Z[0m [32m INFO[0m [1;32mrch::transfer[0m[32m: [32mArtifacts retrieved in 1957ms (1 files, 1080 bytes)[0m
    [2;3mat[0m rch/src/transfer.rs:2145 [2;3mon[0m ThreadId(1)

  [2m2026-06-10T05:06:25.423488Z[0m [32m INFO[0m [1;32mrch::hook[0m[32m: [32mArtifacts retrieved: 1 files, 1080 bytes in 1957ms[0m
    [2;3mat[0m rch/src/hook.rs:6458 [2;3mon[0m ThreadId(1)

  [2m2026-06-10T05:06:25.423604Z[0m [32m INFO[0m [1;32mrch::transfer[0m[32m: [32mRetrieving artifacts from /data/projects/frankentorch-5oqum-boldfalcon/.rch-target-vmi1227854-job-29879662679165047-1781067930362483221-0 on vmi1227854[0m
    [2;3mat[0m rch/src/transfer.rs:2106 [2;3mon[0m ThreadId(1)

  [2m2026-06-10T05:06:28.857324Z[0m [32m INFO[0m [1;32mrch::transfer[0m[32m: [32mArtifacts retrieved in 3433ms (354 files, 320474 bytes)[0m
    [2;3mat[0m rch/src/transfer.rs:2145 [2;3mon[0m ThreadId(1)

  [2m2026-06-10T05:06:28.857352Z[0m [32m INFO[0m [1;32mrch::hook[0m[32m: [32mCustom CARGO_TARGET_DIR artifacts retrieved: 354 files, 320474 bytes in 3433ms[0m
    [2;3mat[0m rch/src/hook.rs:6582 [2;3mon[0m ThreadId(1)

[RCH] remote vmi1227854 (60.5s)
