  [2m2026-06-10T05:03:04.607656Z[0m [32m INFO[0m [1;32mrch::hook[0m[32m: [32mSelected worker: vmi1227854 at root@109.123.245.77 (3 slots remaining after reservation, speed 50.0)[0m
    [2;3mat[0m rch/src/hook.rs:514 [2;3mon[0m ThreadId(1)

  [2m2026-06-10T05:03:04.922302Z[0m [32m INFO[0m [1;32mrch::hook[0m[32m: [32mStarting remote compilation pipeline for frankentorch-5oqum-boldfalcon (hash: 99d4dfa30d383919)[0m
    [2;3mat[0m rch/src/hook.rs:5994 [2;3mon[0m ThreadId(1)

  [2m2026-06-10T05:03:04.922344Z[0m [32m INFO[0m [1;32mrch::hook[0m[32m: [32mPrepared dependency sync manifest for 13 roots[0m
    [2;3mat[0m rch/src/hook.rs:6016 [2;3mon[0m ThreadId(1)

  [2m2026-06-10T05:03:06.455978Z[0m [32m INFO[0m [1;32mrch::hook[0m[32m: [32mSyncing project to worker vmi1227854...[0m
    [2;3mat[0m rch/src/hook.rs:6046 [2;3mon[0m ThreadId(1)

  [2m2026-06-10T05:03:06.456113Z[0m [32m INFO[0m [1;32mrch::transfer[0m[32m: [32mSyncing /data/projects/frankentorch-5oqum-boldfalcon -> /data/projects/frankentorch-5oqum-boldfalcon on vmi1227854[0m
    [2;3mat[0m rch/src/transfer.rs:1434 [2;3mon[0m ThreadId(1)

  [2m2026-06-10T05:03:08.712874Z[0m [32m INFO[0m [1;32mrch::transfer[0m[32m: [32mSync completed in 2256ms[0m
    [2;3mat[0m rch/src/transfer.rs:1503 [2;3mon[0m ThreadId(1)

  [2m2026-06-10T05:03:08.712992Z[0m [32m INFO[0m [1;32mrch::transfer[0m[32m: [32mSyncing /data/projects/frankentorch-5oqum-boldfalcon/crates/ft-api -> /data/projects/frankentorch-5oqum-boldfalcon/crates/ft-api on vmi1227854[0m
    [2;3mat[0m rch/src/transfer.rs:1434 [2;3mon[0m ThreadId(1)

  [2m2026-06-10T05:03:10.583538Z[0m [32m INFO[0m [1;32mrch::transfer[0m[32m: [32mSync completed in 1870ms[0m
    [2;3mat[0m rch/src/transfer.rs:1503 [2;3mon[0m ThreadId(1)

  [2m2026-06-10T05:03:10.583671Z[0m [32m INFO[0m [1;32mrch::transfer[0m[32m: [32mSyncing /data/projects/frankentorch-5oqum-boldfalcon/crates/ft-autograd -> /data/projects/frankentorch-5oqum-boldfalcon/crates/ft-autograd on vmi1227854[0m
    [2;3mat[0m rch/src/transfer.rs:1434 [2;3mon[0m ThreadId(1)

  [2m2026-06-10T05:03:12.435320Z[0m [32m INFO[0m [1;32mrch::transfer[0m[32m: [32mSync completed in 1851ms[0m
    [2;3mat[0m rch/src/transfer.rs:1503 [2;3mon[0m ThreadId(1)

  [2m2026-06-10T05:03:12.435477Z[0m [32m INFO[0m [1;32mrch::transfer[0m[32m: [32mSyncing /data/projects/frankentorch-5oqum-boldfalcon/crates/ft-conformance -> /data/projects/frankentorch-5oqum-boldfalcon/crates/ft-conformance on vmi1227854[0m
    [2;3mat[0m rch/src/transfer.rs:1434 [2;3mon[0m ThreadId(1)

  [2m2026-06-10T05:03:14.284798Z[0m [32m INFO[0m [1;32mrch::transfer[0m[32m: [32mSync completed in 1849ms[0m
    [2;3mat[0m rch/src/transfer.rs:1503 [2;3mon[0m ThreadId(1)

  [2m2026-06-10T05:03:14.284909Z[0m [32m INFO[0m [1;32mrch::transfer[0m[32m: [32mSyncing /data/projects/frankentorch-5oqum-boldfalcon/crates/ft-core -> /data/projects/frankentorch-5oqum-boldfalcon/crates/ft-core on vmi1227854[0m
    [2;3mat[0m rch/src/transfer.rs:1434 [2;3mon[0m ThreadId(1)

  [2m2026-06-10T05:03:16.118475Z[0m [32m INFO[0m [1;32mrch::transfer[0m[32m: [32mSync completed in 1833ms[0m
    [2;3mat[0m rch/src/transfer.rs:1503 [2;3mon[0m ThreadId(1)

  [2m2026-06-10T05:03:16.118623Z[0m [32m INFO[0m [1;32mrch::transfer[0m[32m: [32mSyncing /data/projects/frankentorch-5oqum-boldfalcon/crates/ft-data -> /data/projects/frankentorch-5oqum-boldfalcon/crates/ft-data on vmi1227854[0m
    [2;3mat[0m rch/src/transfer.rs:1434 [2;3mon[0m ThreadId(1)

  [2m2026-06-10T05:03:17.985481Z[0m [32m INFO[0m [1;32mrch::transfer[0m[32m: [32mSync completed in 1866ms[0m
    [2;3mat[0m rch/src/transfer.rs:1503 [2;3mon[0m ThreadId(1)

  [2m2026-06-10T05:03:17.985621Z[0m [32m INFO[0m [1;32mrch::transfer[0m[32m: [32mSyncing /data/projects/frankentorch-5oqum-boldfalcon/crates/ft-device -> /data/projects/frankentorch-5oqum-boldfalcon/crates/ft-device on vmi1227854[0m
    [2;3mat[0m rch/src/transfer.rs:1434 [2;3mon[0m ThreadId(1)

  [2m2026-06-10T05:03:19.832833Z[0m [32m INFO[0m [1;32mrch::transfer[0m[32m: [32mSync completed in 1847ms[0m
    [2;3mat[0m rch/src/transfer.rs:1503 [2;3mon[0m ThreadId(1)

  [2m2026-06-10T05:03:19.832940Z[0m [32m INFO[0m [1;32mrch::transfer[0m[32m: [32mSyncing /data/projects/frankentorch-5oqum-boldfalcon/crates/ft-dispatch -> /data/projects/frankentorch-5oqum-boldfalcon/crates/ft-dispatch on vmi1227854[0m
    [2;3mat[0m rch/src/transfer.rs:1434 [2;3mon[0m ThreadId(1)

  [2m2026-06-10T05:03:21.696690Z[0m [32m INFO[0m [1;32mrch::transfer[0m[32m: [32mSync completed in 1863ms[0m
    [2;3mat[0m rch/src/transfer.rs:1503 [2;3mon[0m ThreadId(1)

  [2m2026-06-10T05:03:21.696818Z[0m [32m INFO[0m [1;32mrch::transfer[0m[32m: [32mSyncing /data/projects/frankentorch-5oqum-boldfalcon/crates/ft-kernel-cpu -> /data/projects/frankentorch-5oqum-boldfalcon/crates/ft-kernel-cpu on vmi1227854[0m
    [2;3mat[0m rch/src/transfer.rs:1434 [2;3mon[0m ThreadId(1)

  [2m2026-06-10T05:03:23.515032Z[0m [32m INFO[0m [1;32mrch::transfer[0m[32m: [32mSync completed in 1818ms[0m
    [2;3mat[0m rch/src/transfer.rs:1503 [2;3mon[0m ThreadId(1)

  [2m2026-06-10T05:03:23.515147Z[0m [32m INFO[0m [1;32mrch::transfer[0m[32m: [32mSyncing /data/projects/frankentorch-5oqum-boldfalcon/crates/ft-nn -> /data/projects/frankentorch-5oqum-boldfalcon/crates/ft-nn on vmi1227854[0m
    [2;3mat[0m rch/src/transfer.rs:1434 [2;3mon[0m ThreadId(1)

  [2m2026-06-10T05:03:25.290689Z[0m [32m INFO[0m [1;32mrch::transfer[0m[32m: [32mSync completed in 1775ms[0m
    [2;3mat[0m rch/src/transfer.rs:1503 [2;3mon[0m ThreadId(1)

  [2m2026-06-10T05:03:25.290828Z[0m [32m INFO[0m [1;32mrch::transfer[0m[32m: [32mSyncing /data/projects/frankentorch-5oqum-boldfalcon/crates/ft-optim -> /data/projects/frankentorch-5oqum-boldfalcon/crates/ft-optim on vmi1227854[0m
    [2;3mat[0m rch/src/transfer.rs:1434 [2;3mon[0m ThreadId(1)

  [2m2026-06-10T05:03:27.105830Z[0m [32m INFO[0m [1;32mrch::transfer[0m[32m: [32mSync completed in 1814ms[0m
    [2;3mat[0m rch/src/transfer.rs:1503 [2;3mon[0m ThreadId(1)

  [2m2026-06-10T05:03:27.105938Z[0m [32m INFO[0m [1;32mrch::transfer[0m[32m: [32mSyncing /data/projects/frankentorch-5oqum-boldfalcon/crates/ft-runtime -> /data/projects/frankentorch-5oqum-boldfalcon/crates/ft-runtime on vmi1227854[0m
    [2;3mat[0m rch/src/transfer.rs:1434 [2;3mon[0m ThreadId(1)

  [2m2026-06-10T05:03:28.950283Z[0m [32m INFO[0m [1;32mrch::transfer[0m[32m: [32mSync completed in 1844ms[0m
    [2;3mat[0m rch/src/transfer.rs:1503 [2;3mon[0m ThreadId(1)

  [2m2026-06-10T05:03:28.950395Z[0m [32m INFO[0m [1;32mrch::transfer[0m[32m: [32mSyncing /data/projects/frankentorch-5oqum-boldfalcon/crates/ft-serialize -> /data/projects/frankentorch-5oqum-boldfalcon/crates/ft-serialize on vmi1227854[0m
    [2;3mat[0m rch/src/transfer.rs:1434 [2;3mon[0m ThreadId(1)

  [2m2026-06-10T05:03:30.807818Z[0m [32m INFO[0m [1;32mrch::transfer[0m[32m: [32mSync completed in 1857ms[0m
    [2;3mat[0m rch/src/transfer.rs:1503 [2;3mon[0m ThreadId(1)

  [2m2026-06-10T05:03:30.807854Z[0m [32m INFO[0m [1;32mrch::hook[0m[32m: [32mSync complete: 1972 files, 88033 bytes in 24343ms[0m
    [2;3mat[0m rch/src/hook.rs:6209 [2;3mon[0m ThreadId(1)

  [2m2026-06-10T05:03:34.861008Z[0m [32m INFO[0m [1;32mrch::hook[0m[32m: [32mExecuting command remotely: env 'FT_EIGVALSH_GOLDEN=1' cargo run -j 1 -p ft-kernel-cpu --example eigh_golden[0m
    [2;3mat[0m rch/src/hook.rs:6252 [2;3mon[0m ThreadId(1)

  [2m2026-06-10T05:03:34.861095Z[0m [32m INFO[0m [1;32mrch::transfer[0m[32m: [32mRewriting CARGO_TARGET_DIR for remote execution (worker-scoped path): /data/tmp/cargo-target -> /data/projects/frankentorch-5oqum-boldfalcon/.rch-target-vmi1227854-job-29879662679165042-1781067786455970164-0[0m
    [2;3mat[0m rch/src/transfer.rs:712 [2;3mon[0m ThreadId(1)

    Updating crates.io index
 Downloading crates ...
  Downloaded bit-set v0.8.0
  Downloaded ciborium-io v0.2.2
  Downloaded cfg-if v1.0.4
  Downloaded clap_lex v1.1.0
  Downloaded itoa v1.0.18
  Downloaded anstyle v1.0.14
  Downloaded anes v0.1.6
  Downloaded either v1.15.0
  Downloaded bytemuck_derive v1.10.2
  Downloaded bitflags v2.11.1
  Downloaded bit-vec v0.8.0
  Downloaded same-file v1.0.6
  Downloaded bytemuck v1.25.0
  Downloaded crossbeam-deque v0.8.6
  Downloaded crossbeam-utils v0.8.21
  Downloaded ciborium-ll v0.2.2
  Downloaded cast v0.3.0
  Downloaded rusty-fork v0.3.1
  Downloaded clap v4.6.1
  Downloaded rand_chacha v0.9.0
  Downloaded fnv v1.0.7
  Downloaded criterion v0.5.1
  Downloaded console v0.16.3
  Downloaded is-terminal v0.4.17
  Downloaded ciborium v0.2.2
  Downloaded crossbeam-epoch v0.9.18
  Downloaded rand_xorshift v0.4.0
  Downloaded rawpointer v0.2.1
  Downloaded criterion-plot v0.5.0
  Downloaded unarray v0.1.4
  Downloaded autocfg v1.5.0
  Downloaded quick-error v1.2.3
  Downloaded errno v0.3.14
  Downloaded fastrand v2.4.1
  Downloaded plotters-backend v0.3.7
  Downloaded rand_core v0.9.5
  Downloaded oorandom v11.1.5
  Downloaded plotters-svg v0.3.7
  Downloaded wait-timeout v0.2.1
  Downloaded zmij v1.0.21
  Downloaded serde_core v1.0.228
  Downloaded num-complex v0.4.6
  Downloaded quote v1.0.45
  Downloaded walkdir v2.5.0
  Downloaded tinytemplate v1.2.1
  Downloaded unicode-ident v1.0.24
  Downloaded num-traits v0.2.19
  Downloaded proc-macro2 v1.0.106
  Downloaded half v2.7.1
  Downloaded similar v2.7.0
  Downloaded serde v1.0.228
  Downloaded safe_arch v0.7.4
  Downloaded zerocopy-derive v0.8.48
  Downloaded wide v0.7.33
  Downloaded rand v0.9.4
  Downloaded memchr v2.8.0
  Downloaded insta v1.47.2
  Downloaded regex v1.12.3
  Downloaded serde_json v1.0.149
  Downloaded plotters v0.3.7
  Downloaded clap_builder v4.6.0
  Downloaded rayon v1.12.0
  Downloaded proptest v1.11.0
  Downloaded syn v2.0.117
  Downloaded aho-corasick v1.1.4
  Downloaded zerocopy v0.8.48
  Downloaded libm v0.2.16
  Downloaded rayon-core v1.13.0
  Downloaded regex-syntax v0.8.10
  Downloaded rustix v1.1.4
  Downloaded matrixmultiply v0.3.10
  Downloaded getrandom v0.3.4
  Downloaded serde_derive v1.0.228
  Downloaded once_cell v1.21.4
  Downloaded tempfile v3.27.0
  Downloaded ppv-lite86 v0.2.21
  Downloaded regex-automata v0.4.14
  Downloaded libc v0.2.185
  Downloaded linux-raw-sys v0.12.1
  Downloaded itertools v0.10.5
   Compiling proc-macro2 v1.0.106
   Compiling quote v1.0.45
   Compiling unicode-ident v1.0.24
   Compiling syn v2.0.117
   Compiling cfg-if v1.0.4
   Compiling libc v0.2.185
   Compiling autocfg v1.5.0
   Compiling zerocopy v0.8.48
   Compiling zerocopy-derive v0.8.48
   Compiling getrandom v0.3.4
   Compiling bytemuck_derive v1.10.2
   Compiling bytemuck v1.25.0
   Compiling num-traits v0.2.19
   Compiling crossbeam-utils v0.8.21
   Compiling serde_core v1.0.228
   Compiling rustix v1.1.4
   Compiling crossbeam-epoch v0.9.18
   Compiling half v2.7.1
   Compiling once_cell v1.21.4
   Compiling zmij v1.0.21
   Compiling either v1.15.0
   Compiling rayon-core v1.13.0
   Compiling linux-raw-sys v0.12.1
   Compiling bitflags v2.11.1
   Compiling serde v1.0.228
   Compiling crossbeam-deque v0.8.6
   Compiling rand_core v0.9.5
   Compiling serde_derive v1.0.228
   Compiling regex-syntax v0.8.10
   Compiling fastrand v2.4.1
   Compiling serde_json v1.0.149
   Compiling tempfile v3.27.0
   Compiling matrixmultiply v0.3.10
   Compiling clap_lex v1.1.0
   Compiling itoa v1.0.18
   Compiling plotters-backend v0.3.7
   Compiling memchr v2.8.0
   Compiling anstyle v1.0.14
   Compiling libm v0.2.16
   Compiling ciborium-io v0.2.2
   Compiling ciborium-ll v0.2.2
   Compiling clap_builder v4.6.0
   Compiling plotters-svg v0.3.7
   Compiling rayon v1.12.0
   Compiling regex-automata v0.4.14
   Compiling itertools v0.10.5
   Compiling num-complex v0.4.6
   Compiling safe_arch v0.7.4
   Compiling ppv-lite86 v0.2.21
   Compiling wait-timeout v0.2.1
   Compiling rawpointer v0.2.1
   Compiling bit-vec v0.8.0
   Compiling quick-error v1.2.3
   Compiling cast v0.3.0
   Compiling fnv v1.0.7
   Compiling same-file v1.0.6
   Compiling walkdir v2.5.0
   Compiling rusty-fork v0.3.1
   Compiling criterion-plot v0.5.0
   Compiling bit-set v0.8.0
   Compiling rand_chacha v0.9.0
   Compiling wide v0.7.33
   Compiling ft-core v0.1.0 (/data/projects/frankentorch-5oqum-boldfalcon/crates/ft-core)
   Compiling regex v1.12.3
   Compiling plotters v0.3.7
   Compiling tinytemplate v1.2.1
   Compiling clap v4.6.1
   Compiling ciborium v0.2.2
   Compiling rand v0.9.4
   Compiling rand_xorshift v0.4.0
   Compiling is-terminal v0.4.17
   Compiling console v0.16.3
   Compiling anes v0.1.6
   Compiling similar v2.7.0
   Compiling unarray v0.1.4
   Compiling oorandom v11.1.5
   Compiling criterion v0.5.1
   Compiling proptest v1.11.0
   Compiling insta v1.47.2
   Compiling ft-kernel-cpu v0.1.0 (/data/projects/frankentorch-5oqum-boldfalcon/crates/ft-kernel-cpu)
    Finished `dev` profile [unoptimized + debuginfo] target(s) in 1m 12s
     Running `.rch-target-vmi1227854-job-29879662679165042-1781067786455970164-0/debug/examples/eigh_golden`
frankentorch-a9ry eigvalsh_golden
n=8
eigenvalue_bits:
0: 0x4018781f83ba51d9
1: 0x401c2c4bccf5b598
2: 0x401dcdcc1fdd4c70
3: 0x401ffe4ba7799673
4: 0x4020457906880639
5: 0x4021fa9838ba11d7
6: 0x402288571a06bba8
7: 0x4022986ca1deb92d
  [2m2026-06-10T05:04:48.751196Z[0m [32m INFO[0m [1;32mrch::hook[0m[32m: [32mRemote command finished: exit=0 in 73890ms[0m
    [2;3mat[0m rch/src/hook.rs:6376 [2;3mon[0m ThreadId(1)

  [2m2026-06-10T05:04:48.751494Z[0m [32m INFO[0m [1;32mrch::hook[0m[32m: [32mRetrieving build artifacts...[0m
    [2;3mat[0m rch/src/hook.rs:6425 [2;3mon[0m ThreadId(1)

  [2m2026-06-10T05:04:48.751510Z[0m [32m INFO[0m [1;32mrch::transfer[0m[32m: [32mRetrieving artifacts from /data/projects/frankentorch-5oqum-boldfalcon on vmi1227854[0m
    [2;3mat[0m rch/src/transfer.rs:2106 [2;3mon[0m ThreadId(1)

  [2m2026-06-10T05:04:50.710473Z[0m [32m INFO[0m [1;32mrch::transfer[0m[32m: [32mArtifacts retrieved in 1958ms (1 files, 1080 bytes)[0m
    [2;3mat[0m rch/src/transfer.rs:2145 [2;3mon[0m ThreadId(1)

  [2m2026-06-10T05:04:50.710495Z[0m [32m INFO[0m [1;32mrch::hook[0m[32m: [32mArtifacts retrieved: 1 files, 1080 bytes in 1958ms[0m
    [2;3mat[0m rch/src/hook.rs:6458 [2;3mon[0m ThreadId(1)

  [2m2026-06-10T05:04:50.710598Z[0m [32m INFO[0m [1;32mrch::transfer[0m[32m: [32mRetrieving artifacts from /data/projects/frankentorch-5oqum-boldfalcon/.rch-target-vmi1227854-job-29879662679165042-1781067786455970164-0 on vmi1227854[0m
    [2;3mat[0m rch/src/transfer.rs:2106 [2;3mon[0m ThreadId(1)

  [2m2026-06-10T05:05:00.144807Z[0m [32m INFO[0m [1;32mrch::transfer[0m[32m: [32mArtifacts retrieved in 9434ms (1162 files, 529429 bytes)[0m
    [2;3mat[0m rch/src/transfer.rs:2145 [2;3mon[0m ThreadId(1)

  [2m2026-06-10T05:05:00.144835Z[0m [32m INFO[0m [1;32mrch::hook[0m[32m: [32mCustom CARGO_TARGET_DIR artifacts retrieved: 1162 files, 529429 bytes in 9434ms[0m
    [2;3mat[0m rch/src/hook.rs:6582 [2;3mon[0m ThreadId(1)

[RCH] remote vmi1227854 (115.5s)
