  [2m2026-06-10T04:43:40.801388Z[0m [32m INFO[0m [1;32mrch::hook[0m[32m: [32mSelected worker: vmi1227854 at root@109.123.245.77 (2 slots remaining after reservation, speed 50.0)[0m
    [2;3mat[0m rch/src/hook.rs:514 [2;3mon[0m ThreadId(1)

  [2m2026-06-10T04:43:41.132516Z[0m [32m INFO[0m [1;32mrch::hook[0m[32m: [32mStarting remote compilation pipeline for frankentorch-5oqum-boldfalcon (hash: 99d4dfa30d383919)[0m
    [2;3mat[0m rch/src/hook.rs:5994 [2;3mon[0m ThreadId(1)

  [2m2026-06-10T04:43:41.132586Z[0m [32m INFO[0m [1;32mrch::hook[0m[32m: [32mPrepared dependency sync manifest for 13 roots[0m
    [2;3mat[0m rch/src/hook.rs:6016 [2;3mon[0m ThreadId(1)

  [2m2026-06-10T04:43:42.815212Z[0m [32m INFO[0m [1;32mrch::hook[0m[32m: [32mSyncing project to worker vmi1227854...[0m
    [2;3mat[0m rch/src/hook.rs:6046 [2;3mon[0m ThreadId(1)

  [2m2026-06-10T04:43:42.815303Z[0m [32m INFO[0m [1;32mrch::transfer[0m[32m: [32mSyncing /data/projects/frankentorch-5oqum-boldfalcon -> /data/projects/frankentorch-5oqum-boldfalcon on vmi1227854[0m
    [2;3mat[0m rch/src/transfer.rs:1434 [2;3mon[0m ThreadId(1)

  [2m2026-06-10T04:43:46.069685Z[0m [32m INFO[0m [1;32mrch::transfer[0m[32m: [32mSync completed in 3254ms[0m
    [2;3mat[0m rch/src/transfer.rs:1503 [2;3mon[0m ThreadId(1)

  [2m2026-06-10T04:43:46.069784Z[0m [32m INFO[0m [1;32mrch::transfer[0m[32m: [32mSyncing /data/projects/frankentorch-5oqum-boldfalcon/crates/ft-api -> /data/projects/frankentorch-5oqum-boldfalcon/crates/ft-api on vmi1227854[0m
    [2;3mat[0m rch/src/transfer.rs:1434 [2;3mon[0m ThreadId(1)

  [2m2026-06-10T04:43:47.925143Z[0m [32m INFO[0m [1;32mrch::transfer[0m[32m: [32mSync completed in 1855ms[0m
    [2;3mat[0m rch/src/transfer.rs:1503 [2;3mon[0m ThreadId(1)

  [2m2026-06-10T04:43:47.925226Z[0m [32m INFO[0m [1;32mrch::transfer[0m[32m: [32mSyncing /data/projects/frankentorch-5oqum-boldfalcon/crates/ft-autograd -> /data/projects/frankentorch-5oqum-boldfalcon/crates/ft-autograd on vmi1227854[0m
    [2;3mat[0m rch/src/transfer.rs:1434 [2;3mon[0m ThreadId(1)

  [2m2026-06-10T04:43:49.916386Z[0m [32m INFO[0m [1;32mrch::transfer[0m[32m: [32mSync completed in 1991ms[0m
    [2;3mat[0m rch/src/transfer.rs:1503 [2;3mon[0m ThreadId(1)

  [2m2026-06-10T04:43:49.916476Z[0m [32m INFO[0m [1;32mrch::transfer[0m[32m: [32mSyncing /data/projects/frankentorch-5oqum-boldfalcon/crates/ft-conformance -> /data/projects/frankentorch-5oqum-boldfalcon/crates/ft-conformance on vmi1227854[0m
    [2;3mat[0m rch/src/transfer.rs:1434 [2;3mon[0m ThreadId(1)

  [2m2026-06-10T04:43:52.127592Z[0m [32m INFO[0m [1;32mrch::transfer[0m[32m: [32mSync completed in 2211ms[0m
    [2;3mat[0m rch/src/transfer.rs:1503 [2;3mon[0m ThreadId(1)

  [2m2026-06-10T04:43:52.127663Z[0m [32m INFO[0m [1;32mrch::transfer[0m[32m: [32mSyncing /data/projects/frankentorch-5oqum-boldfalcon/crates/ft-core -> /data/projects/frankentorch-5oqum-boldfalcon/crates/ft-core on vmi1227854[0m
    [2;3mat[0m rch/src/transfer.rs:1434 [2;3mon[0m ThreadId(1)

  [2m2026-06-10T04:43:54.194553Z[0m [32m INFO[0m [1;32mrch::transfer[0m[32m: [32mSync completed in 2066ms[0m
    [2;3mat[0m rch/src/transfer.rs:1503 [2;3mon[0m ThreadId(1)

  [2m2026-06-10T04:43:54.194631Z[0m [32m INFO[0m [1;32mrch::transfer[0m[32m: [32mSyncing /data/projects/frankentorch-5oqum-boldfalcon/crates/ft-data -> /data/projects/frankentorch-5oqum-boldfalcon/crates/ft-data on vmi1227854[0m
    [2;3mat[0m rch/src/transfer.rs:1434 [2;3mon[0m ThreadId(1)

  [2m2026-06-10T04:43:56.195596Z[0m [32m INFO[0m [1;32mrch::transfer[0m[32m: [32mSync completed in 2000ms[0m
    [2;3mat[0m rch/src/transfer.rs:1503 [2;3mon[0m ThreadId(1)

  [2m2026-06-10T04:43:56.195685Z[0m [32m INFO[0m [1;32mrch::transfer[0m[32m: [32mSyncing /data/projects/frankentorch-5oqum-boldfalcon/crates/ft-device -> /data/projects/frankentorch-5oqum-boldfalcon/crates/ft-device on vmi1227854[0m
    [2;3mat[0m rch/src/transfer.rs:1434 [2;3mon[0m ThreadId(1)

  [2m2026-06-10T04:43:58.281329Z[0m [32m INFO[0m [1;32mrch::transfer[0m[32m: [32mSync completed in 2085ms[0m
    [2;3mat[0m rch/src/transfer.rs:1503 [2;3mon[0m ThreadId(1)

  [2m2026-06-10T04:43:58.281419Z[0m [32m INFO[0m [1;32mrch::transfer[0m[32m: [32mSyncing /data/projects/frankentorch-5oqum-boldfalcon/crates/ft-dispatch -> /data/projects/frankentorch-5oqum-boldfalcon/crates/ft-dispatch on vmi1227854[0m
    [2;3mat[0m rch/src/transfer.rs:1434 [2;3mon[0m ThreadId(1)

  [2m2026-06-10T04:44:00.645135Z[0m [32m INFO[0m [1;32mrch::transfer[0m[32m: [32mSync completed in 2363ms[0m
    [2;3mat[0m rch/src/transfer.rs:1503 [2;3mon[0m ThreadId(1)

  [2m2026-06-10T04:44:00.645239Z[0m [32m INFO[0m [1;32mrch::transfer[0m[32m: [32mSyncing /data/projects/frankentorch-5oqum-boldfalcon/crates/ft-kernel-cpu -> /data/projects/frankentorch-5oqum-boldfalcon/crates/ft-kernel-cpu on vmi1227854[0m
    [2;3mat[0m rch/src/transfer.rs:1434 [2;3mon[0m ThreadId(1)

  [2m2026-06-10T04:44:02.577420Z[0m [32m INFO[0m [1;32mrch::transfer[0m[32m: [32mSync completed in 1932ms[0m
    [2;3mat[0m rch/src/transfer.rs:1503 [2;3mon[0m ThreadId(1)

  [2m2026-06-10T04:44:02.577516Z[0m [32m INFO[0m [1;32mrch::transfer[0m[32m: [32mSyncing /data/projects/frankentorch-5oqum-boldfalcon/crates/ft-nn -> /data/projects/frankentorch-5oqum-boldfalcon/crates/ft-nn on vmi1227854[0m
    [2;3mat[0m rch/src/transfer.rs:1434 [2;3mon[0m ThreadId(1)

  [2m2026-06-10T04:44:04.434410Z[0m [32m INFO[0m [1;32mrch::transfer[0m[32m: [32mSync completed in 1856ms[0m
    [2;3mat[0m rch/src/transfer.rs:1503 [2;3mon[0m ThreadId(1)

  [2m2026-06-10T04:44:04.434488Z[0m [32m INFO[0m [1;32mrch::transfer[0m[32m: [32mSyncing /data/projects/frankentorch-5oqum-boldfalcon/crates/ft-optim -> /data/projects/frankentorch-5oqum-boldfalcon/crates/ft-optim on vmi1227854[0m
    [2;3mat[0m rch/src/transfer.rs:1434 [2;3mon[0m ThreadId(1)

  [2m2026-06-10T04:44:06.436396Z[0m [32m INFO[0m [1;32mrch::transfer[0m[32m: [32mSync completed in 2001ms[0m
    [2;3mat[0m rch/src/transfer.rs:1503 [2;3mon[0m ThreadId(1)

  [2m2026-06-10T04:44:06.436459Z[0m [32m INFO[0m [1;32mrch::transfer[0m[32m: [32mSyncing /data/projects/frankentorch-5oqum-boldfalcon/crates/ft-runtime -> /data/projects/frankentorch-5oqum-boldfalcon/crates/ft-runtime on vmi1227854[0m
    [2;3mat[0m rch/src/transfer.rs:1434 [2;3mon[0m ThreadId(1)

  [2m2026-06-10T04:44:08.375657Z[0m [32m INFO[0m [1;32mrch::transfer[0m[32m: [32mSync completed in 1939ms[0m
    [2;3mat[0m rch/src/transfer.rs:1503 [2;3mon[0m ThreadId(1)

  [2m2026-06-10T04:44:08.375740Z[0m [32m INFO[0m [1;32mrch::transfer[0m[32m: [32mSyncing /data/projects/frankentorch-5oqum-boldfalcon/crates/ft-serialize -> /data/projects/frankentorch-5oqum-boldfalcon/crates/ft-serialize on vmi1227854[0m
    [2;3mat[0m rch/src/transfer.rs:1434 [2;3mon[0m ThreadId(1)

  [2m2026-06-10T04:44:10.386075Z[0m [32m INFO[0m [1;32mrch::transfer[0m[32m: [32mSync completed in 2010ms[0m
    [2;3mat[0m rch/src/transfer.rs:1503 [2;3mon[0m ThreadId(1)

  [2m2026-06-10T04:44:10.386116Z[0m [32m INFO[0m [1;32mrch::hook[0m[32m: [32mSync complete: 1968 files, 4738194 bytes in 27563ms[0m
    [2;3mat[0m rch/src/hook.rs:6209 [2;3mon[0m ThreadId(1)

  [2m2026-06-10T04:44:14.979235Z[0m [32m INFO[0m [1;32mrch::hook[0m[32m: [32mExecuting command remotely: cargo bench -j 1 -p ft-kernel-cpu --bench linalg_bench -- 'eigvalsh_f64_128x128|eigvalsh_two_stage_f64_128x128_b16' --warm-up-time 1 --measurement-time 2 --sample-size 10[0m
    [2;3mat[0m rch/src/hook.rs:6252 [2;3mon[0m ThreadId(1)

  [2m2026-06-10T04:44:14.979274Z[0m [32m INFO[0m [1;32mrch::transfer[0m[32m: [32mRewriting CARGO_TARGET_DIR for remote execution (worker-scoped path): /data/tmp/cargo-target -> /data/projects/frankentorch-5oqum-boldfalcon/.rch-target-vmi1227854-job-29879662679165013-1781066622815203193-0[0m
    [2;3mat[0m rch/src/transfer.rs:712 [2;3mon[0m ThreadId(1)

    Updating crates.io index
 Downloading crates ...
  Downloaded autocfg v1.5.0
  Downloaded anes v0.1.6
  Downloaded bit-set v0.8.0
  Downloaded bit-vec v0.8.0
  Downloaded cfg-if v1.0.4
  Downloaded clap_lex v1.1.0
  Downloaded anstyle v1.0.14
  Downloaded errno v0.3.14
  Downloaded cast v0.3.0
  Downloaded ciborium-ll v0.2.2
  Downloaded is-terminal v0.4.17
  Downloaded quick-error v1.2.3
  Downloaded rawpointer v0.2.1
  Downloaded plotters-svg v0.3.7
  Downloaded plotters-backend v0.3.7
  Downloaded itoa v1.0.18
  Downloaded ciborium-io v0.2.2
  Downloaded fnv v1.0.7
  Downloaded rand_xorshift v0.4.0
  Downloaded same-file v1.0.6
  Downloaded crossbeam-deque v0.8.6
  Downloaded fastrand v2.4.1
  Downloaded bytemuck_derive v1.10.2
  Downloaded unarray v0.1.4
  Downloaded zmij v1.0.21
  Downloaded tinytemplate v1.2.1
  Downloaded walkdir v2.5.0
  Downloaded rusty-fork v0.3.1
  Downloaded either v1.15.0
  Downloaded ciborium v0.2.2
  Downloaded bitflags v2.11.1
  Downloaded crossbeam-utils v0.8.21
  Downloaded once_cell v1.21.4
  Downloaded wait-timeout v0.2.1
  Downloaded bytemuck v1.25.0
  Downloaded num-traits v0.2.19
  Downloaded matrixmultiply v0.3.10
  Downloaded crossbeam-epoch v0.9.18
  Downloaded unicode-ident v1.0.24
  Downloaded safe_arch v0.7.4
  Downloaded half v2.7.1
  Downloaded getrandom v0.3.4
  Downloaded clap v4.6.1
  Downloaded zerocopy-derive v0.8.48
  Downloaded wide v0.7.33
  Downloaded rand v0.9.4
  Downloaded memchr v2.8.0
  Downloaded regex v1.12.3
  Downloaded serde_json v1.0.149
  Downloaded libm v0.2.16
  Downloaded proptest v1.11.0
  Downloaded rayon v1.12.0
  Downloaded clap_builder v4.6.0
  Downloaded plotters v0.3.7
  Downloaded syn v2.0.117
  Downloaded zerocopy v0.8.48
  Downloaded aho-corasick v1.1.4
  Downloaded itertools v0.10.5
  Downloaded insta v1.47.2
  Downloaded regex-syntax v0.8.10
  Downloaded rustix v1.1.4
  Downloaded criterion v0.5.1
  Downloaded serde v1.0.228
  Downloaded rayon-core v1.13.0
  Downloaded tempfile v3.27.0
  Downloaded similar v2.7.0
  Downloaded serde_derive v1.0.228
  Downloaded serde_core v1.0.228
  Downloaded proc-macro2 v1.0.106
  Downloaded criterion-plot v0.5.0
  Downloaded console v0.16.3
  Downloaded rand_core v0.9.5
  Downloaded ppv-lite86 v0.2.21
  Downloaded rand_chacha v0.9.0
  Downloaded regex-automata v0.4.14
  Downloaded quote v1.0.45
  Downloaded oorandom v11.1.5
  Downloaded num-complex v0.4.6
  Downloaded libc v0.2.185
  Downloaded linux-raw-sys v0.12.1
   Compiling proc-macro2 v1.0.106
   Compiling unicode-ident v1.0.24
   Compiling quote v1.0.45
   Compiling syn v2.0.117
   Compiling cfg-if v1.0.4
   Compiling libc v0.2.185
   Compiling autocfg v1.5.0
   Compiling zerocopy v0.8.48
   Compiling zerocopy-derive v0.8.48
   Compiling getrandom v0.3.4
   Compiling bytemuck_derive v1.10.2
   Compiling bytemuck v1.25.0
   Compiling num-traits v0.2.19
   Compiling crossbeam-utils v0.8.21
   Compiling serde_core v1.0.228
   Compiling rustix v1.1.4
   Compiling crossbeam-epoch v0.9.18
   Compiling half v2.7.1
   Compiling bitflags v2.11.1
   Compiling either v1.15.0
   Compiling linux-raw-sys v0.12.1
   Compiling serde v1.0.228
   Compiling rayon-core v1.13.0
   Compiling zmij v1.0.21
   Compiling once_cell v1.21.4
   Compiling crossbeam-deque v0.8.6
   Compiling rand_core v0.9.5
   Compiling serde_derive v1.0.228
   Compiling regex-syntax v0.8.10
   Compiling fastrand v2.4.1
   Compiling serde_json v1.0.149
   Compiling tempfile v3.27.0
   Compiling matrixmultiply v0.3.10
   Compiling clap_lex v1.1.0
   Compiling anstyle v1.0.14
   Compiling memchr v2.8.0
   Compiling ciborium-io v0.2.2
   Compiling plotters-backend v0.3.7
   Compiling itoa v1.0.18
   Compiling libm v0.2.16
   Compiling plotters-svg v0.3.7
   Compiling ciborium-ll v0.2.2
   Compiling clap_builder v4.6.0
   Compiling rayon v1.12.0
   Compiling regex-automata v0.4.14
   Compiling itertools v0.10.5
   Compiling num-complex v0.4.6
   Compiling safe_arch v0.7.4
   Compiling ppv-lite86 v0.2.21
   Compiling wait-timeout v0.2.1
   Compiling cast v0.3.0
   Compiling same-file v1.0.6
   Compiling bit-vec v0.8.0
   Compiling rawpointer v0.2.1
   Compiling quick-error v1.2.3
   Compiling fnv v1.0.7
   Compiling rusty-fork v0.3.1
   Compiling bit-set v0.8.0
   Compiling walkdir v2.5.0
   Compiling criterion-plot v0.5.0
   Compiling rand_chacha v0.9.0
   Compiling wide v0.7.33
   Compiling ft-core v0.1.0 (/data/projects/frankentorch-5oqum-boldfalcon/crates/ft-core)
   Compiling regex v1.12.3
   Compiling clap v4.6.1
   Compiling ciborium v0.2.2
   Compiling plotters v0.3.7
   Compiling tinytemplate v1.2.1
   Compiling rand v0.9.4
   Compiling rand_xorshift v0.4.0
   Compiling is-terminal v0.4.17
   Compiling console v0.16.3
   Compiling similar v2.7.0
   Compiling oorandom v11.1.5
   Compiling anes v0.1.6
   Compiling unarray v0.1.4
   Compiling proptest v1.11.0
   Compiling criterion v0.5.1
   Compiling insta v1.47.2
   Compiling ft-kernel-cpu v0.1.0 (/data/projects/frankentorch-5oqum-boldfalcon/crates/ft-kernel-cpu)
    Finished `bench` profile [optimized + debuginfo] target(s) in 4m 27s
     Running benches/linalg_bench.rs (.rch-target-vmi1227854-job-29879662679165013-1781066622815203193-0/release/deps/linalg_bench-a1fa7e7590f4a8db)
Gnuplot not found, using plotters backend
Benchmarking eigvalsh_f64_128x128
Benchmarking eigvalsh_f64_128x128: Warming up for 1.0000 s
Benchmarking eigvalsh_f64_128x128: Collecting 10 samples in estimated 2.0151 s (1925 iterations)
Benchmarking eigvalsh_f64_128x128: Analyzing
eigvalsh_f64_128x128    time:   [1.1065 ms 1.1357 ms 1.1689 ms]
Found 1 outliers among 10 measurements (10.00%)
  1 (10.00%) low mild

Benchmarking eigvalsh_two_stage_f64_128x128_b16
Benchmarking eigvalsh_two_stage_f64_128x128_b16: Warming up for 1.0000 s
Benchmarking eigvalsh_two_stage_f64_128x128_b16: Collecting 10 samples in estimated 2.0231 s (770 iterations)
Benchmarking eigvalsh_two_stage_f64_128x128_b16: Analyzing
eigvalsh_two_stage_f64_128x128_b16
                        time:   [2.7803 ms 2.8136 ms 2.8504 ms]
Found 1 outliers among 10 measurements (10.00%)
  1 (10.00%) high mild

  [2m2026-06-10T04:49:26.140972Z[0m [32m INFO[0m [1;32mrch::hook[0m[32m: [32mRemote command finished: exit=0 in 311161ms[0m
    [2;3mat[0m rch/src/hook.rs:6376 [2;3mon[0m ThreadId(1)

  [2m2026-06-10T04:49:26.141224Z[0m [32m INFO[0m [1;32mrch::hook[0m[32m: [32mRetrieving build artifacts...[0m
    [2;3mat[0m rch/src/hook.rs:6425 [2;3mon[0m ThreadId(1)

  [2m2026-06-10T04:49:26.141258Z[0m [32m INFO[0m [1;32mrch::transfer[0m[32m: [32mRetrieving artifacts from /data/projects/frankentorch-5oqum-boldfalcon on vmi1227854[0m
    [2;3mat[0m rch/src/transfer.rs:2106 [2;3mon[0m ThreadId(1)

  [2m2026-06-10T04:49:28.131918Z[0m [32m INFO[0m [1;32mrch::transfer[0m[32m: [32mArtifacts retrieved in 1990ms (1 files, 1180 bytes)[0m
    [2;3mat[0m rch/src/transfer.rs:2145 [2;3mon[0m ThreadId(1)

  [2m2026-06-10T04:49:28.131943Z[0m [32m INFO[0m [1;32mrch::hook[0m[32m: [32mArtifacts retrieved: 1 files, 1180 bytes in 1990ms[0m
    [2;3mat[0m rch/src/hook.rs:6458 [2;3mon[0m ThreadId(1)

  [2m2026-06-10T04:49:28.132025Z[0m [32m INFO[0m [1;32mrch::transfer[0m[32m: [32mRetrieving artifacts from /data/projects/frankentorch-5oqum-boldfalcon/.rch-target-vmi1227854-job-29879662679165013-1781066622815203193-0 on vmi1227854[0m
    [2;3mat[0m rch/src/transfer.rs:2106 [2;3mon[0m ThreadId(1)

  [2m2026-06-10T04:49:30.432522Z[0m [32m INFO[0m [1;32mrch::transfer[0m[32m: [32mArtifacts retrieved in 2300ms (50 files, 1484 bytes)[0m
    [2;3mat[0m rch/src/transfer.rs:2145 [2;3mon[0m ThreadId(1)

  [2m2026-06-10T04:49:30.432547Z[0m [32m INFO[0m [1;32mrch::hook[0m[32m: [32mCustom CARGO_TARGET_DIR artifacts retrieved: 50 files, 1484 bytes in 2300ms[0m
    [2;3mat[0m rch/src/hook.rs:6582 [2;3mon[0m ThreadId(1)

[RCH] remote vmi1227854 (349.6s)
