  [2m2026-06-25T05:05:32.659313Z[0m [32m INFO[0m [1;32mrch::hook[0m[32m: [32mSelected worker: hz2 at root@178.104.77.29 (6 slots remaining after reservation, speed 50.0)[0m
    [2;3mat[0m rch/src/hook.rs:867 [2;3mon[0m ThreadId(1)

[*] Job j-29903069512728646 submitted to hz2 (6 slots remaining, speed 50.0)
  [2m2026-06-25T05:05:32.970939Z[0m [32m INFO[0m [1;32mrch::hook::transfer_orchestration[0m[32m: [32mStarting remote compilation pipeline for frankentorch-blackthrush-mode-count-clean-20260625T0520 (hash: 1b11146b1e2c6636)[0m
    [2;3mat[0m rch/src/hook/transfer_orchestration.rs:241 [2;3mon[0m ThreadId(1)

  [2m2026-06-25T05:05:32.970996Z[0m [32m INFO[0m [1;32mrch::hook::transfer_orchestration[0m[32m: [32mPrepared dependency sync manifest for 13 roots[0m
    [2;3mat[0m rch/src/hook/transfer_orchestration.rs:263 [2;3mon[0m ThreadId(1)

  [2m2026-06-25T05:05:34.614786Z[0m [32m INFO[0m [1;32mrch::hook::transfer_orchestration[0m[32m: [32mSyncing project to worker hz2...[0m
    [2;3mat[0m rch/src/hook/transfer_orchestration.rs:323 [2;3mon[0m ThreadId(1)

  [2m2026-06-25T05:05:34.614832Z[0m [32m INFO[0m [1;32mrch::transfer[0m[32m: [32mSyncing /data/projects/.scratch/frankentorch-blackthrush-mode-count-clean-20260625T0520 -> /data/projects/.scratch/frankentorch-blackthrush-mode-count-clean-20260625T0520 on hz2[0m
    [2;3mat[0m rch/src/transfer.rs:1528 [2;3mon[0m ThreadId(1)

  [2m2026-06-25T05:05:37.232690Z[0m [32m INFO[0m [1;32mrch::transfer[0m[32m: [32mSync completed in 2617ms[0m
    [2;3mat[0m rch/src/transfer.rs:1592 [2;3mon[0m ThreadId(1)

  [2m2026-06-25T05:05:37.232754Z[0m [32m INFO[0m [1;32mrch::transfer[0m[32m: [32mSyncing /data/projects/.scratch/frankentorch-blackthrush-mode-count-clean-20260625T0520/crates/ft-api -> /data/projects/.scratch/frankentorch-blackthrush-mode-count-clean-20260625T0520/crates/ft-api on hz2[0m
    [2;3mat[0m rch/src/transfer.rs:1528 [2;3mon[0m ThreadId(1)

  [2m2026-06-25T05:05:39.126645Z[0m [32m INFO[0m [1;32mrch::transfer[0m[32m: [32mSync completed in 1893ms[0m
    [2;3mat[0m rch/src/transfer.rs:1592 [2;3mon[0m ThreadId(1)

  [2m2026-06-25T05:05:39.126722Z[0m [32m INFO[0m [1;32mrch::transfer[0m[32m: [32mSyncing /data/projects/.scratch/frankentorch-blackthrush-mode-count-clean-20260625T0520/crates/ft-autograd -> /data/projects/.scratch/frankentorch-blackthrush-mode-count-clean-20260625T0520/crates/ft-autograd on hz2[0m
    [2;3mat[0m rch/src/transfer.rs:1528 [2;3mon[0m ThreadId(1)

  [2m2026-06-25T05:05:40.955291Z[0m [32m INFO[0m [1;32mrch::transfer[0m[32m: [32mSync completed in 1828ms[0m
    [2;3mat[0m rch/src/transfer.rs:1592 [2;3mon[0m ThreadId(1)

  [2m2026-06-25T05:05:40.955367Z[0m [32m INFO[0m [1;32mrch::transfer[0m[32m: [32mSyncing /data/projects/.scratch/frankentorch-blackthrush-mode-count-clean-20260625T0520/crates/ft-conformance -> /data/projects/.scratch/frankentorch-blackthrush-mode-count-clean-20260625T0520/crates/ft-conformance on hz2[0m
    [2;3mat[0m rch/src/transfer.rs:1528 [2;3mon[0m ThreadId(1)

  [2m2026-06-25T05:05:42.822771Z[0m [32m INFO[0m [1;32mrch::transfer[0m[32m: [32mSync completed in 1867ms[0m
    [2;3mat[0m rch/src/transfer.rs:1592 [2;3mon[0m ThreadId(1)

  [2m2026-06-25T05:05:42.822838Z[0m [32m INFO[0m [1;32mrch::transfer[0m[32m: [32mSyncing /data/projects/.scratch/frankentorch-blackthrush-mode-count-clean-20260625T0520/crates/ft-core -> /data/projects/.scratch/frankentorch-blackthrush-mode-count-clean-20260625T0520/crates/ft-core on hz2[0m
    [2;3mat[0m rch/src/transfer.rs:1528 [2;3mon[0m ThreadId(1)

  [2m2026-06-25T05:05:44.700369Z[0m [32m INFO[0m [1;32mrch::transfer[0m[32m: [32mSync completed in 1877ms[0m
    [2;3mat[0m rch/src/transfer.rs:1592 [2;3mon[0m ThreadId(1)

  [2m2026-06-25T05:05:44.700435Z[0m [32m INFO[0m [1;32mrch::transfer[0m[32m: [32mSyncing /data/projects/.scratch/frankentorch-blackthrush-mode-count-clean-20260625T0520/crates/ft-data -> /data/projects/.scratch/frankentorch-blackthrush-mode-count-clean-20260625T0520/crates/ft-data on hz2[0m
    [2;3mat[0m rch/src/transfer.rs:1528 [2;3mon[0m ThreadId(1)

  [2m2026-06-25T05:05:46.577546Z[0m [32m INFO[0m [1;32mrch::transfer[0m[32m: [32mSync completed in 1877ms[0m
    [2;3mat[0m rch/src/transfer.rs:1592 [2;3mon[0m ThreadId(1)

  [2m2026-06-25T05:05:46.577644Z[0m [32m INFO[0m [1;32mrch::transfer[0m[32m: [32mSyncing /data/projects/.scratch/frankentorch-blackthrush-mode-count-clean-20260625T0520/crates/ft-device -> /data/projects/.scratch/frankentorch-blackthrush-mode-count-clean-20260625T0520/crates/ft-device on hz2[0m
    [2;3mat[0m rch/src/transfer.rs:1528 [2;3mon[0m ThreadId(1)

  [2m2026-06-25T05:05:48.504734Z[0m [32m INFO[0m [1;32mrch::transfer[0m[32m: [32mSync completed in 1927ms[0m
    [2;3mat[0m rch/src/transfer.rs:1592 [2;3mon[0m ThreadId(1)

  [2m2026-06-25T05:05:48.504810Z[0m [32m INFO[0m [1;32mrch::transfer[0m[32m: [32mSyncing /data/projects/.scratch/frankentorch-blackthrush-mode-count-clean-20260625T0520/crates/ft-dispatch -> /data/projects/.scratch/frankentorch-blackthrush-mode-count-clean-20260625T0520/crates/ft-dispatch on hz2[0m
    [2;3mat[0m rch/src/transfer.rs:1528 [2;3mon[0m ThreadId(1)

  [2m2026-06-25T05:05:50.373030Z[0m [32m INFO[0m [1;32mrch::transfer[0m[32m: [32mSync completed in 1868ms[0m
    [2;3mat[0m rch/src/transfer.rs:1592 [2;3mon[0m ThreadId(1)

  [2m2026-06-25T05:05:50.373125Z[0m [32m INFO[0m [1;32mrch::transfer[0m[32m: [32mSyncing /data/projects/.scratch/frankentorch-blackthrush-mode-count-clean-20260625T0520/crates/ft-kernel-cpu -> /data/projects/.scratch/frankentorch-blackthrush-mode-count-clean-20260625T0520/crates/ft-kernel-cpu on hz2[0m
    [2;3mat[0m rch/src/transfer.rs:1528 [2;3mon[0m ThreadId(1)

  [2m2026-06-25T05:05:52.268661Z[0m [32m INFO[0m [1;32mrch::transfer[0m[32m: [32mSync completed in 1895ms[0m
    [2;3mat[0m rch/src/transfer.rs:1592 [2;3mon[0m ThreadId(1)

  [2m2026-06-25T05:05:52.268784Z[0m [32m INFO[0m [1;32mrch::transfer[0m[32m: [32mSyncing /data/projects/.scratch/frankentorch-blackthrush-mode-count-clean-20260625T0520/crates/ft-nn -> /data/projects/.scratch/frankentorch-blackthrush-mode-count-clean-20260625T0520/crates/ft-nn on hz2[0m
    [2;3mat[0m rch/src/transfer.rs:1528 [2;3mon[0m ThreadId(1)

  [2m2026-06-25T05:05:54.257794Z[0m [32m INFO[0m [1;32mrch::transfer[0m[32m: [32mSync completed in 1988ms[0m
    [2;3mat[0m rch/src/transfer.rs:1592 [2;3mon[0m ThreadId(1)

  [2m2026-06-25T05:05:54.257869Z[0m [32m INFO[0m [1;32mrch::transfer[0m[32m: [32mSyncing /data/projects/.scratch/frankentorch-blackthrush-mode-count-clean-20260625T0520/crates/ft-optim -> /data/projects/.scratch/frankentorch-blackthrush-mode-count-clean-20260625T0520/crates/ft-optim on hz2[0m
    [2;3mat[0m rch/src/transfer.rs:1528 [2;3mon[0m ThreadId(1)

  [2m2026-06-25T05:05:56.120266Z[0m [32m INFO[0m [1;32mrch::transfer[0m[32m: [32mSync completed in 1862ms[0m
    [2;3mat[0m rch/src/transfer.rs:1592 [2;3mon[0m ThreadId(1)

  [2m2026-06-25T05:05:56.120341Z[0m [32m INFO[0m [1;32mrch::transfer[0m[32m: [32mSyncing /data/projects/.scratch/frankentorch-blackthrush-mode-count-clean-20260625T0520/crates/ft-runtime -> /data/projects/.scratch/frankentorch-blackthrush-mode-count-clean-20260625T0520/crates/ft-runtime on hz2[0m
    [2;3mat[0m rch/src/transfer.rs:1528 [2;3mon[0m ThreadId(1)

  [2m2026-06-25T05:05:57.971999Z[0m [32m INFO[0m [1;32mrch::transfer[0m[32m: [32mSync completed in 1851ms[0m
    [2;3mat[0m rch/src/transfer.rs:1592 [2;3mon[0m ThreadId(1)

  [2m2026-06-25T05:05:57.972072Z[0m [32m INFO[0m [1;32mrch::transfer[0m[32m: [32mSyncing /data/projects/.scratch/frankentorch-blackthrush-mode-count-clean-20260625T0520/crates/ft-serialize -> /data/projects/.scratch/frankentorch-blackthrush-mode-count-clean-20260625T0520/crates/ft-serialize on hz2[0m
    [2;3mat[0m rch/src/transfer.rs:1528 [2;3mon[0m ThreadId(1)

  [2m2026-06-25T05:05:59.930348Z[0m [32m INFO[0m [1;32mrch::transfer[0m[32m: [32mSync completed in 1958ms[0m
    [2;3mat[0m rch/src/transfer.rs:1592 [2;3mon[0m ThreadId(1)

  [2m2026-06-25T05:05:59.930385Z[0m [32m INFO[0m [1;32mrch::hook::transfer_orchestration[0m[32m: [32mSync complete: 5094 files, 216521 bytes in 25308ms[0m
    [2;3mat[0m rch/src/hook/transfer_orchestration.rs:486 [2;3mon[0m ThreadId(1)

  [2m2026-06-25T05:06:09.677840Z[0m [32m INFO[0m [1;32mrch::hook::transfer_orchestration[0m[32m: [32mExecuting command remotely: cargo clippy -p ft-autograd --all-targets -- -D warnings[0m
    [2;3mat[0m rch/src/hook/transfer_orchestration.rs:529 [2;3mon[0m ThreadId(1)

  [2m2026-06-25T05:06:09.677896Z[0m [32m INFO[0m [1;32mrch::transfer[0m[32m: [32mRewriting CARGO_TARGET_DIR for remote execution (worker-scoped path): /data/projects/.rch-targets/frankentorch-cod-a -> /data/projects/.scratch/frankentorch-blackthrush-mode-count-clean-20260625T0520/.rch-target-hz2-pool-a6b7ef2713fdc29491cef4867defdca0[0m
    [2;3mat[0m rch/src/transfer.rs:799 [2;3mon[0m ThreadId(1)

    Updating crates.io index
 Downloading crates ...
  Downloaded bit-set v0.8.0
  Downloaded cast v0.3.0
  Downloaded ciborium-ll v0.2.2
  Downloaded ciborium-io v0.2.2
  Downloaded clap_lex v1.1.0
  Downloaded cfg-if v1.0.4
  Downloaded bytemuck_derive v1.10.2
  Downloaded errno v0.3.14
  Downloaded autocfg v1.5.0
  Downloaded anstyle v1.0.14
  Downloaded bit-vec v0.8.0
  Downloaded crossbeam-deque v0.8.6
  Downloaded rawpointer v0.2.1
  Downloaded is-terminal v0.4.17
  Downloaded unarray v0.1.4
  Downloaded criterion-plot v0.5.0
  Downloaded anes v0.1.6
  Downloaded bitflags v2.11.1
  Downloaded fnv v1.0.7
  Downloaded plotters-svg v0.3.7
  Downloaded wait-timeout v0.2.1
  Downloaded rand_xorshift v0.4.0
  Downloaded itoa v1.0.18
  Downloaded plotters-backend v0.3.7
  Downloaded same-file v1.0.6
  Downloaded either v1.15.0
  Downloaded walkdir v2.5.0
  Downloaded crossbeam-epoch v0.9.18
  Downloaded rusty-fork v0.3.1
  Downloaded console v0.16.3
  Downloaded crossbeam-utils v0.8.21
  Downloaded quote v1.0.45
  Downloaded ciborium v0.2.2
  Downloaded zmij v1.0.21
  Downloaded rand_core v0.9.5
  Downloaded ppv-lite86 v0.2.21
  Downloaded quick-error v1.2.3
  Downloaded num-complex v0.4.6
  Downloaded rand_chacha v0.9.0
  Downloaded oorandom v11.1.5
  Downloaded clap v4.6.1
  Downloaded tempfile v3.27.0
  Downloaded tinytemplate v1.2.1
  Downloaded bytemuck v1.25.0
  Downloaded once_cell v1.21.4
  Downloaded fastrand v2.4.1
  Downloaded getrandom v0.3.4
  Downloaded proc-macro2 v1.0.106
  Downloaded unicode-ident v1.0.24
  Downloaded num-traits v0.2.19
  Downloaded similar v2.7.0
  Downloaded matrixmultiply v0.3.10
  Downloaded serde_core v1.0.228
  Downloaded half v2.7.1
  Downloaded serde_derive v1.0.228
  Downloaded rayon-core v1.13.0
  Downloaded zerocopy-derive v0.8.48
  Downloaded serde v1.0.228
  Downloaded safe_arch v0.7.4
  Downloaded memchr v2.8.0
  Downloaded criterion v0.5.1
  Downloaded wide v0.7.33
  Downloaded rand v0.9.4
  Downloaded itertools v0.10.5
  Downloaded insta v1.47.2
  Downloaded aho-corasick v1.1.4
  Downloaded regex v1.12.3
  Downloaded serde_json v1.0.149
  Downloaded plotters v0.3.7
  Downloaded rayon v1.12.0
  Downloaded libm v0.2.16
  Downloaded clap_builder v4.6.0
  Downloaded proptest v1.11.0
  Downloaded syn v2.0.117
  Downloaded zerocopy v0.8.48
  Downloaded regex-syntax v0.8.10
  Downloaded rustix v1.1.4
  Downloaded regex-automata v0.4.14
  Downloaded libc v0.2.185
  Downloaded linux-raw-sys v0.12.1
   Compiling proc-macro2 v1.0.106
   Compiling unicode-ident v1.0.24
   Compiling quote v1.0.45
    Checking cfg-if v1.0.4
   Compiling libc v0.2.185
   Compiling autocfg v1.5.0
   Compiling zerocopy v0.8.48
   Compiling getrandom v0.3.4
   Compiling crossbeam-utils v0.8.21
   Compiling rayon-core v1.13.0
   Compiling serde_core v1.0.228
    Checking either v1.15.0
   Compiling rustix v1.1.4
   Compiling serde v1.0.228
    Checking bitflags v2.11.1
    Checking linux-raw-sys v0.12.1
   Compiling zmij v1.0.21
   Compiling libm v0.2.16
    Checking once_cell v1.21.4
   Compiling serde_json v1.0.149
    Checking rawpointer v0.2.1
    Checking regex-syntax v0.8.10
    Checking fastrand v2.4.1
    Checking clap_lex v1.1.0
    Checking ciborium-io v0.2.2
    Checking anstyle v1.0.14
    Checking itoa v1.0.18
   Compiling num-traits v0.2.19
   Compiling matrixmultiply v0.3.10
    Checking plotters-backend v0.3.7
    Checking memchr v2.8.0
    Checking itertools v0.10.5
    Checking cast v0.3.0
    Checking clap_builder v4.6.0
    Checking bit-vec v0.8.0
    Checking fnv v1.0.7
    Checking plotters-svg v0.3.7
    Checking quick-error v1.2.3
    Checking same-file v1.0.6
    Checking bit-set v0.8.0
    Checking crossbeam-epoch v0.9.18
    Checking anes v0.1.6
    Checking walkdir v2.5.0
    Checking unarray v0.1.4
   Compiling syn v2.0.117
    Checking similar v2.7.0
    Checking oorandom v11.1.5
    Checking crossbeam-deque v0.8.6
    Checking wait-timeout v0.2.1
    Checking console v0.16.3
    Checking is-terminal v0.4.17
    Checking num-complex v0.4.6
    Checking plotters v0.3.7
    Checking rand_core v0.9.5
    Checking rayon v1.12.0
    Checking rand v0.9.4
    Checking rand_xorshift v0.4.0
    Checking criterion-plot v0.5.0
    Checking clap v4.6.1
    Checking regex-automata v0.4.14
    Checking tempfile v3.27.0
    Checking rusty-fork v0.3.1
    Checking insta v1.47.2
    Checking regex v1.12.3
   Compiling zerocopy-derive v0.8.48
   Compiling bytemuck_derive v1.10.2
   Compiling serde_derive v1.0.228
    Checking bytemuck v1.25.0
    Checking safe_arch v0.7.4
    Checking wide v0.7.33
    Checking tinytemplate v1.2.1
    Checking half v2.7.1
    Checking ppv-lite86 v0.2.21
    Checking ft-core v0.1.0 (/data/projects/.scratch/frankentorch-blackthrush-mode-count-clean-20260625T0520/crates/ft-core)
    Checking ciborium-ll v0.2.2
    Checking rand_chacha v0.9.0
    Checking ciborium v0.2.2
    Checking proptest v1.11.0
    Checking ft-kernel-cpu v0.1.0 (/data/projects/.scratch/frankentorch-blackthrush-mode-count-clean-20260625T0520/crates/ft-kernel-cpu)
    Checking criterion v0.5.1
    Checking ft-dispatch v0.1.0 (/data/projects/.scratch/frankentorch-blackthrush-mode-count-clean-20260625T0520/crates/ft-dispatch)
    Checking ft-autograd v0.1.0 (/data/projects/.scratch/frankentorch-blackthrush-mode-count-clean-20260625T0520/crates/ft-autograd)
    Finished `dev` profile [unoptimized + debuginfo] target(s) in 14.90s
  [2m2026-06-25T05:06:26.384855Z[0m [32m INFO[0m [1;32mrch::hook::transfer_orchestration[0m[32m: [32mRemote command finished: exit=0 in 16706ms[0m
    [2;3mat[0m rch/src/hook/transfer_orchestration.rs:653 [2;3mon[0m ThreadId(1)

  [2m2026-06-25T05:06:26.385149Z[0m [32m INFO[0m [1;32mrch::hook::transfer_orchestration[0m[32m: [32mRetrieving build artifacts...[0m
    [2;3mat[0m rch/src/hook/transfer_orchestration.rs:702 [2;3mon[0m ThreadId(1)

  [2m2026-06-25T05:06:26.385166Z[0m [32m INFO[0m [1;32mrch::transfer[0m[32m: [32mRetrieving artifacts from /data/projects/.scratch/frankentorch-blackthrush-mode-count-clean-20260625T0520 on hz2[0m
    [2;3mat[0m rch/src/transfer.rs:2246 [2;3mon[0m ThreadId(1)

  [2m2026-06-25T05:06:28.364281Z[0m [32m INFO[0m [1;32mrch::transfer[0m[32m: [32mArtifacts retrieved in 1979ms (1 files, 1180 bytes)[0m
    [2;3mat[0m rch/src/transfer.rs:2301 [2;3mon[0m ThreadId(1)

  [2m2026-06-25T05:06:28.364300Z[0m [32m INFO[0m [1;32mrch::hook::transfer_orchestration[0m[32m: [32mArtifacts retrieved: 1 files, 1180 bytes in 1979ms[0m
    [2;3mat[0m rch/src/hook/transfer_orchestration.rs:735 [2;3mon[0m ThreadId(1)

[W] Worker: hz2 | Job: j-29903069512728646
[T] Total: 44.0s (sync 25.3s, build 16.7s, artifacts 2.0s)
^ Sync: 211.4 KB in 25.3s (8.4 KB/s)
[C] Compile: 16.7s
v Artifacts: 1.2 KB in 2.0s (596 B/s)
[T] Cache: MISS
+--------------- * Build Successful ---------------+
| New personal best! 16.7s (previous: 19.6s)       |
| Duration: 16.7s (v 34% faster vs previous 25.1s) |
| Artifacts: 1 files (1.2 KB)                      |
| Worker: hz2                                      |
| Cache: MISS (warming cache)                      |
| Time: 2026-06-25 05:06:28                        |
+--------------------------------------------------+
[RCH] remote hz2 (55.7s)
