  [2m2026-06-25T05:06:34.453128Z[0m [32m INFO[0m [1;32mrch::hook[0m[32m: [32mSelected worker: hz2 at root@178.104.77.29 (6 slots remaining after reservation, speed 50.0)[0m
    [2;3mat[0m rch/src/hook.rs:867 [2;3mon[0m ThreadId(1)

[*] Job j-29903069512728647 submitted to hz2 (6 slots remaining, speed 50.0)
  [2m2026-06-25T05:06:34.770294Z[0m [32m INFO[0m [1;32mrch::hook::transfer_orchestration[0m[32m: [32mStarting remote compilation pipeline for frankentorch-blackthrush-mode-count-clean-20260625T0520 (hash: 1b11146b1e2c6636)[0m
    [2;3mat[0m rch/src/hook/transfer_orchestration.rs:241 [2;3mon[0m ThreadId(1)

  [2m2026-06-25T05:06:34.770354Z[0m [32m INFO[0m [1;32mrch::hook::transfer_orchestration[0m[32m: [32mPrepared dependency sync manifest for 13 roots[0m
    [2;3mat[0m rch/src/hook/transfer_orchestration.rs:263 [2;3mon[0m ThreadId(1)

  [2m2026-06-25T05:06:36.428694Z[0m [32m INFO[0m [1;32mrch::hook::transfer_orchestration[0m[32m: [32mSyncing project to worker hz2...[0m
    [2;3mat[0m rch/src/hook/transfer_orchestration.rs:323 [2;3mon[0m ThreadId(1)

  [2m2026-06-25T05:06:36.428749Z[0m [32m INFO[0m [1;32mrch::transfer[0m[32m: [32mSyncing /data/projects/.scratch/frankentorch-blackthrush-mode-count-clean-20260625T0520 -> /data/projects/.scratch/frankentorch-blackthrush-mode-count-clean-20260625T0520 on hz2[0m
    [2;3mat[0m rch/src/transfer.rs:1528 [2;3mon[0m ThreadId(1)

  [2m2026-06-25T05:06:39.002424Z[0m [32m INFO[0m [1;32mrch::transfer[0m[32m: [32mSync completed in 2573ms[0m
    [2;3mat[0m rch/src/transfer.rs:1592 [2;3mon[0m ThreadId(1)

  [2m2026-06-25T05:06:39.002496Z[0m [32m INFO[0m [1;32mrch::transfer[0m[32m: [32mSyncing /data/projects/.scratch/frankentorch-blackthrush-mode-count-clean-20260625T0520/crates/ft-api -> /data/projects/.scratch/frankentorch-blackthrush-mode-count-clean-20260625T0520/crates/ft-api on hz2[0m
    [2;3mat[0m rch/src/transfer.rs:1528 [2;3mon[0m ThreadId(1)

  [2m2026-06-25T05:06:40.911436Z[0m [32m INFO[0m [1;32mrch::transfer[0m[32m: [32mSync completed in 1908ms[0m
    [2;3mat[0m rch/src/transfer.rs:1592 [2;3mon[0m ThreadId(1)

  [2m2026-06-25T05:06:40.911513Z[0m [32m INFO[0m [1;32mrch::transfer[0m[32m: [32mSyncing /data/projects/.scratch/frankentorch-blackthrush-mode-count-clean-20260625T0520/crates/ft-autograd -> /data/projects/.scratch/frankentorch-blackthrush-mode-count-clean-20260625T0520/crates/ft-autograd on hz2[0m
    [2;3mat[0m rch/src/transfer.rs:1528 [2;3mon[0m ThreadId(1)

  [2m2026-06-25T05:06:42.905200Z[0m [32m INFO[0m [1;32mrch::transfer[0m[32m: [32mSync completed in 1993ms[0m
    [2;3mat[0m rch/src/transfer.rs:1592 [2;3mon[0m ThreadId(1)

  [2m2026-06-25T05:06:42.905293Z[0m [32m INFO[0m [1;32mrch::transfer[0m[32m: [32mSyncing /data/projects/.scratch/frankentorch-blackthrush-mode-count-clean-20260625T0520/crates/ft-conformance -> /data/projects/.scratch/frankentorch-blackthrush-mode-count-clean-20260625T0520/crates/ft-conformance on hz2[0m
    [2;3mat[0m rch/src/transfer.rs:1528 [2;3mon[0m ThreadId(1)

  [2m2026-06-25T05:06:44.783463Z[0m [32m INFO[0m [1;32mrch::transfer[0m[32m: [32mSync completed in 1878ms[0m
    [2;3mat[0m rch/src/transfer.rs:1592 [2;3mon[0m ThreadId(1)

  [2m2026-06-25T05:06:44.783541Z[0m [32m INFO[0m [1;32mrch::transfer[0m[32m: [32mSyncing /data/projects/.scratch/frankentorch-blackthrush-mode-count-clean-20260625T0520/crates/ft-core -> /data/projects/.scratch/frankentorch-blackthrush-mode-count-clean-20260625T0520/crates/ft-core on hz2[0m
    [2;3mat[0m rch/src/transfer.rs:1528 [2;3mon[0m ThreadId(1)

  [2m2026-06-25T05:06:46.619385Z[0m [32m INFO[0m [1;32mrch::transfer[0m[32m: [32mSync completed in 1835ms[0m
    [2;3mat[0m rch/src/transfer.rs:1592 [2;3mon[0m ThreadId(1)

  [2m2026-06-25T05:06:46.619453Z[0m [32m INFO[0m [1;32mrch::transfer[0m[32m: [32mSyncing /data/projects/.scratch/frankentorch-blackthrush-mode-count-clean-20260625T0520/crates/ft-data -> /data/projects/.scratch/frankentorch-blackthrush-mode-count-clean-20260625T0520/crates/ft-data on hz2[0m
    [2;3mat[0m rch/src/transfer.rs:1528 [2;3mon[0m ThreadId(1)

  [2m2026-06-25T05:06:48.459542Z[0m [32m INFO[0m [1;32mrch::transfer[0m[32m: [32mSync completed in 1840ms[0m
    [2;3mat[0m rch/src/transfer.rs:1592 [2;3mon[0m ThreadId(1)

  [2m2026-06-25T05:06:48.459655Z[0m [32m INFO[0m [1;32mrch::transfer[0m[32m: [32mSyncing /data/projects/.scratch/frankentorch-blackthrush-mode-count-clean-20260625T0520/crates/ft-device -> /data/projects/.scratch/frankentorch-blackthrush-mode-count-clean-20260625T0520/crates/ft-device on hz2[0m
    [2;3mat[0m rch/src/transfer.rs:1528 [2;3mon[0m ThreadId(1)

  [2m2026-06-25T05:06:50.298996Z[0m [32m INFO[0m [1;32mrch::transfer[0m[32m: [32mSync completed in 1839ms[0m
    [2;3mat[0m rch/src/transfer.rs:1592 [2;3mon[0m ThreadId(1)

  [2m2026-06-25T05:06:50.299074Z[0m [32m INFO[0m [1;32mrch::transfer[0m[32m: [32mSyncing /data/projects/.scratch/frankentorch-blackthrush-mode-count-clean-20260625T0520/crates/ft-dispatch -> /data/projects/.scratch/frankentorch-blackthrush-mode-count-clean-20260625T0520/crates/ft-dispatch on hz2[0m
    [2;3mat[0m rch/src/transfer.rs:1528 [2;3mon[0m ThreadId(1)

  [2m2026-06-25T05:06:52.151343Z[0m [32m INFO[0m [1;32mrch::transfer[0m[32m: [32mSync completed in 1852ms[0m
    [2;3mat[0m rch/src/transfer.rs:1592 [2;3mon[0m ThreadId(1)

  [2m2026-06-25T05:06:52.151459Z[0m [32m INFO[0m [1;32mrch::transfer[0m[32m: [32mSyncing /data/projects/.scratch/frankentorch-blackthrush-mode-count-clean-20260625T0520/crates/ft-kernel-cpu -> /data/projects/.scratch/frankentorch-blackthrush-mode-count-clean-20260625T0520/crates/ft-kernel-cpu on hz2[0m
    [2;3mat[0m rch/src/transfer.rs:1528 [2;3mon[0m ThreadId(1)

  [2m2026-06-25T05:06:54.103446Z[0m [32m INFO[0m [1;32mrch::transfer[0m[32m: [32mSync completed in 1951ms[0m
    [2;3mat[0m rch/src/transfer.rs:1592 [2;3mon[0m ThreadId(1)

  [2m2026-06-25T05:06:54.103543Z[0m [32m INFO[0m [1;32mrch::transfer[0m[32m: [32mSyncing /data/projects/.scratch/frankentorch-blackthrush-mode-count-clean-20260625T0520/crates/ft-nn -> /data/projects/.scratch/frankentorch-blackthrush-mode-count-clean-20260625T0520/crates/ft-nn on hz2[0m
    [2;3mat[0m rch/src/transfer.rs:1528 [2;3mon[0m ThreadId(1)

  [2m2026-06-25T05:06:56.024061Z[0m [32m INFO[0m [1;32mrch::transfer[0m[32m: [32mSync completed in 1920ms[0m
    [2;3mat[0m rch/src/transfer.rs:1592 [2;3mon[0m ThreadId(1)

  [2m2026-06-25T05:06:56.024126Z[0m [32m INFO[0m [1;32mrch::transfer[0m[32m: [32mSyncing /data/projects/.scratch/frankentorch-blackthrush-mode-count-clean-20260625T0520/crates/ft-optim -> /data/projects/.scratch/frankentorch-blackthrush-mode-count-clean-20260625T0520/crates/ft-optim on hz2[0m
    [2;3mat[0m rch/src/transfer.rs:1528 [2;3mon[0m ThreadId(1)

  [2m2026-06-25T05:06:58.128468Z[0m [32m INFO[0m [1;32mrch::transfer[0m[32m: [32mSync completed in 2104ms[0m
    [2;3mat[0m rch/src/transfer.rs:1592 [2;3mon[0m ThreadId(1)

  [2m2026-06-25T05:06:58.128535Z[0m [32m INFO[0m [1;32mrch::transfer[0m[32m: [32mSyncing /data/projects/.scratch/frankentorch-blackthrush-mode-count-clean-20260625T0520/crates/ft-runtime -> /data/projects/.scratch/frankentorch-blackthrush-mode-count-clean-20260625T0520/crates/ft-runtime on hz2[0m
    [2;3mat[0m rch/src/transfer.rs:1528 [2;3mon[0m ThreadId(1)

  [2m2026-06-25T05:06:59.971781Z[0m [32m INFO[0m [1;32mrch::transfer[0m[32m: [32mSync completed in 1843ms[0m
    [2;3mat[0m rch/src/transfer.rs:1592 [2;3mon[0m ThreadId(1)

  [2m2026-06-25T05:06:59.971873Z[0m [32m INFO[0m [1;32mrch::transfer[0m[32m: [32mSyncing /data/projects/.scratch/frankentorch-blackthrush-mode-count-clean-20260625T0520/crates/ft-serialize -> /data/projects/.scratch/frankentorch-blackthrush-mode-count-clean-20260625T0520/crates/ft-serialize on hz2[0m
    [2;3mat[0m rch/src/transfer.rs:1528 [2;3mon[0m ThreadId(1)

  [2m2026-06-25T05:07:01.822912Z[0m [32m INFO[0m [1;32mrch::transfer[0m[32m: [32mSync completed in 1851ms[0m
    [2;3mat[0m rch/src/transfer.rs:1592 [2;3mon[0m ThreadId(1)

  [2m2026-06-25T05:07:01.822961Z[0m [32m INFO[0m [1;32mrch::hook::transfer_orchestration[0m[32m: [32mSync complete: 5095 files, 216884 bytes in 25387ms[0m
    [2;3mat[0m rch/src/hook/transfer_orchestration.rs:486 [2;3mon[0m ThreadId(1)

  [2m2026-06-25T05:07:11.926777Z[0m [32m INFO[0m [1;32mrch::hook::transfer_orchestration[0m[32m: [32mExecuting command remotely: cargo clippy -p ft-api --all-targets -- -D warnings[0m
    [2;3mat[0m rch/src/hook/transfer_orchestration.rs:529 [2;3mon[0m ThreadId(1)

  [2m2026-06-25T05:07:11.926815Z[0m [32m INFO[0m [1;32mrch::transfer[0m[32m: [32mRewriting CARGO_TARGET_DIR for remote execution (worker-scoped path): /data/projects/.rch-targets/frankentorch-cod-a -> /data/projects/.scratch/frankentorch-blackthrush-mode-count-clean-20260625T0520/.rch-target-hz2-pool-a6b7ef2713fdc29491cef4867defdca0[0m
    [2;3mat[0m rch/src/transfer.rs:799 [2;3mon[0m ThreadId(1)

    Updating crates.io index
 Downloading crates ...
  Downloaded anstyle v1.0.14
  Downloaded cfg-if v1.0.4
  Downloaded bytemuck_derive v1.10.2
  Downloaded anes v0.1.6
  Downloaded autocfg v1.5.0
  Downloaded cast v0.3.0
  Downloaded oorandom v11.1.5
  Downloaded plotters-backend v0.3.7
  Downloaded same-file v1.0.6
  Downloaded serde_json v1.0.149
  Downloaded tinytemplate v1.2.1
  Downloaded aho-corasick v1.1.4
  Downloaded bytemuck v1.25.0
  Downloaded ciborium v0.2.2
  Downloaded ciborium-io v0.2.2
  Downloaded ciborium-ll v0.2.2
  Downloaded clap_lex v1.1.0
  Downloaded criterion-plot v0.5.0
  Downloaded either v1.15.0
  Downloaded itoa v1.0.18
  Downloaded memchr v2.8.0
  Downloaded once_cell v1.21.4
  Downloaded proc-macro2 v1.0.106
  Downloaded safe_arch v0.7.4
  Downloaded serde_derive v1.0.228
  Downloaded walkdir v2.5.0
  Downloaded wide v0.7.33
  Downloaded zerocopy-derive v0.8.48
  Downloaded clap v4.6.1
  Downloaded plotters-svg v0.3.7
  Downloaded regex v1.12.3
  Downloaded serde_core v1.0.228
  Downloaded crossbeam-deque v0.8.6
  Downloaded is-terminal v0.4.17
  Downloaded quote v1.0.45
  Downloaded rawpointer v0.2.1
  Downloaded unicode-ident v1.0.24
  Downloaded matrixmultiply v0.3.10
  Downloaded num-complex v0.4.6
  Downloaded half v2.7.1
  Downloaded serde v1.0.228
  Downloaded zmij v1.0.21
  Downloaded crossbeam-epoch v0.9.18
  Downloaded num-traits v0.2.19
  Downloaded rayon-core v1.13.0
  Downloaded itertools v0.10.5
  Downloaded plotters v0.3.7
  Downloaded clap_builder v4.6.0
  Downloaded rayon v1.12.0
  Downloaded libm v0.2.16
  Downloaded crossbeam-utils v0.8.21
  Downloaded criterion v0.5.1
  Downloaded zerocopy v0.8.48
  Downloaded regex-syntax v0.8.10
  Downloaded syn v2.0.117
  Downloaded libc v0.2.185
  Downloaded regex-automata v0.4.14
   Compiling proc-macro2 v1.0.106
   Compiling unicode-ident v1.0.24
   Compiling quote v1.0.45
   Compiling autocfg v1.5.0
   Compiling zerocopy v0.8.48
   Compiling crossbeam-utils v0.8.21
    Checking cfg-if v1.0.4
    Checking either v1.15.0
   Compiling rayon-core v1.13.0
   Compiling serde_core v1.0.228
   Compiling libm v0.2.16
   Compiling zmij v1.0.21
   Compiling serde v1.0.228
    Checking rawpointer v0.2.1
   Compiling libc v0.2.185
   Compiling serde_json v1.0.149
    Checking clap_lex v1.1.0
    Checking regex-syntax v0.8.10
    Checking memchr v2.8.0
    Checking anstyle v1.0.14
    Checking ciborium-io v0.2.2
    Checking itoa v1.0.18
    Checking plotters-backend v0.3.7
    Checking itertools v0.10.5
   Compiling num-traits v0.2.19
   Compiling matrixmultiply v0.3.10
    Checking cast v0.3.0
    Checking clap_builder v4.6.0
    Checking same-file v1.0.6
    Checking oorandom v11.1.5
    Checking plotters-svg v0.3.7
    Checking walkdir v2.5.0
    Checking once_cell v1.21.4
    Checking anes v0.1.6
    Checking crossbeam-epoch v0.9.18
    Checking crossbeam-deque v0.8.6
   Compiling syn v2.0.117
    Checking regex-automata v0.4.14
    Checking num-complex v0.4.6
    Checking plotters v0.3.7
    Checking is-terminal v0.4.17
    Checking rayon v1.12.0
    Checking criterion-plot v0.5.0
    Checking clap v4.6.1
    Checking regex v1.12.3
   Compiling bytemuck_derive v1.10.2
   Compiling zerocopy-derive v0.8.48
   Compiling serde_derive v1.0.228
    Checking bytemuck v1.25.0
    Checking safe_arch v0.7.4
    Checking wide v0.7.33
    Checking tinytemplate v1.2.1
    Checking half v2.7.1
    Checking ft-core v0.1.0 (/data/projects/.scratch/frankentorch-blackthrush-mode-count-clean-20260625T0520/crates/ft-core)
    Checking ciborium-ll v0.2.2
    Checking ciborium v0.2.2
    Checking ft-kernel-cpu v0.1.0 (/data/projects/.scratch/frankentorch-blackthrush-mode-count-clean-20260625T0520/crates/ft-kernel-cpu)
    Checking ft-runtime v0.1.0 (/data/projects/.scratch/frankentorch-blackthrush-mode-count-clean-20260625T0520/crates/ft-runtime)
    Checking criterion v0.5.1
    Checking ft-dispatch v0.1.0 (/data/projects/.scratch/frankentorch-blackthrush-mode-count-clean-20260625T0520/crates/ft-dispatch)
    Checking ft-autograd v0.1.0 (/data/projects/.scratch/frankentorch-blackthrush-mode-count-clean-20260625T0520/crates/ft-autograd)
    Checking ft-api v0.1.0 (/data/projects/.scratch/frankentorch-blackthrush-mode-count-clean-20260625T0520/crates/ft-api)
    Finished `dev` profile [unoptimized + debuginfo] target(s) in 25.99s
  [2m2026-06-25T05:07:39.718213Z[0m [32m INFO[0m [1;32mrch::hook::transfer_orchestration[0m[32m: [32mRemote command finished: exit=0 in 27791ms[0m
    [2;3mat[0m rch/src/hook/transfer_orchestration.rs:653 [2;3mon[0m ThreadId(1)

  [2m2026-06-25T05:07:39.718484Z[0m [32m INFO[0m [1;32mrch::hook::transfer_orchestration[0m[32m: [32mRetrieving build artifacts...[0m
    [2;3mat[0m rch/src/hook/transfer_orchestration.rs:702 [2;3mon[0m ThreadId(1)

  [2m2026-06-25T05:07:39.718504Z[0m [32m INFO[0m [1;32mrch::transfer[0m[32m: [32mRetrieving artifacts from /data/projects/.scratch/frankentorch-blackthrush-mode-count-clean-20260625T0520 on hz2[0m
    [2;3mat[0m rch/src/transfer.rs:2246 [2;3mon[0m ThreadId(1)

  [2m2026-06-25T05:07:41.706640Z[0m [32m INFO[0m [1;32mrch::transfer[0m[32m: [32mArtifacts retrieved in 1988ms (1 files, 1180 bytes)[0m
    [2;3mat[0m rch/src/transfer.rs:2301 [2;3mon[0m ThreadId(1)

  [2m2026-06-25T05:07:41.706662Z[0m [32m INFO[0m [1;32mrch::hook::transfer_orchestration[0m[32m: [32mArtifacts retrieved: 1 files, 1180 bytes in 1988ms[0m
    [2;3mat[0m rch/src/hook/transfer_orchestration.rs:735 [2;3mon[0m ThreadId(1)

[W] Worker: hz2 | Job: j-29903069512728647
[T] Total: 55.2s (sync 25.4s, build 27.8s, artifacts 2.0s)
^ Sync: 211.8 KB in 25.4s (8.3 KB/s)
[C] Compile: 27.8s
v Artifacts: 1.2 KB in 2.0s (594 B/s)
[T] Cache: MISS
+------------- [OK] Build Successful --------------+
| Duration: 27.8s (^ 66% slower vs previous 16.7s) |
| Artifacts: 1 files (1.2 KB)                      |
| Worker: hz2                                      |
| Cache: MISS (warming cache)                      |
| Time: 2026-06-25 05:07:41                        |
+--------------------------------------------------+
[RCH] remote hz2 (67.3s)
