  [2m2026-06-25T05:03:09.178772Z[0m [32m INFO[0m [1;32mrch::hook[0m[32m: [32mSelected worker: hz2 at root@178.104.77.29 (6 slots remaining after reservation, speed 50.0)[0m
    [2;3mat[0m rch/src/hook.rs:867 [2;3mon[0m ThreadId(1)

[*] Job j-29903069512728644 submitted to hz2 (6 slots remaining, speed 50.0)
  [2m2026-06-25T05:03:09.488942Z[0m [32m INFO[0m [1;32mrch::hook::transfer_orchestration[0m[32m: [32mStarting remote compilation pipeline for frankentorch-blackthrush-mode-count-clean-20260625T0520 (hash: 1b11146b1e2c6636)[0m
    [2;3mat[0m rch/src/hook/transfer_orchestration.rs:241 [2;3mon[0m ThreadId(1)

  [2m2026-06-25T05:03:09.488985Z[0m [32m INFO[0m [1;32mrch::hook::transfer_orchestration[0m[32m: [32mPrepared dependency sync manifest for 13 roots[0m
    [2;3mat[0m rch/src/hook/transfer_orchestration.rs:263 [2;3mon[0m ThreadId(1)

  [2m2026-06-25T05:03:11.118173Z[0m [32m INFO[0m [1;32mrch::hook::transfer_orchestration[0m[32m: [32mSyncing project to worker hz2...[0m
    [2;3mat[0m rch/src/hook/transfer_orchestration.rs:323 [2;3mon[0m ThreadId(1)

  [2m2026-06-25T05:03:11.118240Z[0m [32m INFO[0m [1;32mrch::transfer[0m[32m: [32mSyncing /data/projects/.scratch/frankentorch-blackthrush-mode-count-clean-20260625T0520 -> /data/projects/.scratch/frankentorch-blackthrush-mode-count-clean-20260625T0520 on hz2[0m
    [2;3mat[0m rch/src/transfer.rs:1528 [2;3mon[0m ThreadId(1)

  [2m2026-06-25T05:03:14.336372Z[0m [32m INFO[0m [1;32mrch::transfer[0m[32m: [32mSync completed in 3218ms[0m
    [2;3mat[0m rch/src/transfer.rs:1592 [2;3mon[0m ThreadId(1)

  [2m2026-06-25T05:03:14.336448Z[0m [32m INFO[0m [1;32mrch::transfer[0m[32m: [32mSyncing /data/projects/.scratch/frankentorch-blackthrush-mode-count-clean-20260625T0520/crates/ft-api -> /data/projects/.scratch/frankentorch-blackthrush-mode-count-clean-20260625T0520/crates/ft-api on hz2[0m
    [2;3mat[0m rch/src/transfer.rs:1528 [2;3mon[0m ThreadId(1)

  [2m2026-06-25T05:03:16.330716Z[0m [32m INFO[0m [1;32mrch::transfer[0m[32m: [32mSync completed in 1994ms[0m
    [2;3mat[0m rch/src/transfer.rs:1592 [2;3mon[0m ThreadId(1)

  [2m2026-06-25T05:03:16.330833Z[0m [32m INFO[0m [1;32mrch::transfer[0m[32m: [32mSyncing /data/projects/.scratch/frankentorch-blackthrush-mode-count-clean-20260625T0520/crates/ft-autograd -> /data/projects/.scratch/frankentorch-blackthrush-mode-count-clean-20260625T0520/crates/ft-autograd on hz2[0m
    [2;3mat[0m rch/src/transfer.rs:1528 [2;3mon[0m ThreadId(1)

  [2m2026-06-25T05:03:18.185973Z[0m [32m INFO[0m [1;32mrch::transfer[0m[32m: [32mSync completed in 1855ms[0m
    [2;3mat[0m rch/src/transfer.rs:1592 [2;3mon[0m ThreadId(1)

  [2m2026-06-25T05:03:18.186065Z[0m [32m INFO[0m [1;32mrch::transfer[0m[32m: [32mSyncing /data/projects/.scratch/frankentorch-blackthrush-mode-count-clean-20260625T0520/crates/ft-conformance -> /data/projects/.scratch/frankentorch-blackthrush-mode-count-clean-20260625T0520/crates/ft-conformance on hz2[0m
    [2;3mat[0m rch/src/transfer.rs:1528 [2;3mon[0m ThreadId(1)

  [2m2026-06-25T05:03:20.062276Z[0m [32m INFO[0m [1;32mrch::transfer[0m[32m: [32mSync completed in 1876ms[0m
    [2;3mat[0m rch/src/transfer.rs:1592 [2;3mon[0m ThreadId(1)

  [2m2026-06-25T05:03:20.062358Z[0m [32m INFO[0m [1;32mrch::transfer[0m[32m: [32mSyncing /data/projects/.scratch/frankentorch-blackthrush-mode-count-clean-20260625T0520/crates/ft-core -> /data/projects/.scratch/frankentorch-blackthrush-mode-count-clean-20260625T0520/crates/ft-core on hz2[0m
    [2;3mat[0m rch/src/transfer.rs:1528 [2;3mon[0m ThreadId(1)

  [2m2026-06-25T05:03:21.993275Z[0m [32m INFO[0m [1;32mrch::transfer[0m[32m: [32mSync completed in 1930ms[0m
    [2;3mat[0m rch/src/transfer.rs:1592 [2;3mon[0m ThreadId(1)

  [2m2026-06-25T05:03:21.993374Z[0m [32m INFO[0m [1;32mrch::transfer[0m[32m: [32mSyncing /data/projects/.scratch/frankentorch-blackthrush-mode-count-clean-20260625T0520/crates/ft-data -> /data/projects/.scratch/frankentorch-blackthrush-mode-count-clean-20260625T0520/crates/ft-data on hz2[0m
    [2;3mat[0m rch/src/transfer.rs:1528 [2;3mon[0m ThreadId(1)

  [2m2026-06-25T05:03:23.993893Z[0m [32m INFO[0m [1;32mrch::transfer[0m[32m: [32mSync completed in 2000ms[0m
    [2;3mat[0m rch/src/transfer.rs:1592 [2;3mon[0m ThreadId(1)

  [2m2026-06-25T05:03:23.993996Z[0m [32m INFO[0m [1;32mrch::transfer[0m[32m: [32mSyncing /data/projects/.scratch/frankentorch-blackthrush-mode-count-clean-20260625T0520/crates/ft-device -> /data/projects/.scratch/frankentorch-blackthrush-mode-count-clean-20260625T0520/crates/ft-device on hz2[0m
    [2;3mat[0m rch/src/transfer.rs:1528 [2;3mon[0m ThreadId(1)

  [2m2026-06-25T05:03:25.914499Z[0m [32m INFO[0m [1;32mrch::transfer[0m[32m: [32mSync completed in 1920ms[0m
    [2;3mat[0m rch/src/transfer.rs:1592 [2;3mon[0m ThreadId(1)

  [2m2026-06-25T05:03:25.914601Z[0m [32m INFO[0m [1;32mrch::transfer[0m[32m: [32mSyncing /data/projects/.scratch/frankentorch-blackthrush-mode-count-clean-20260625T0520/crates/ft-dispatch -> /data/projects/.scratch/frankentorch-blackthrush-mode-count-clean-20260625T0520/crates/ft-dispatch on hz2[0m
    [2;3mat[0m rch/src/transfer.rs:1528 [2;3mon[0m ThreadId(1)

  [2m2026-06-25T05:03:27.865413Z[0m [32m INFO[0m [1;32mrch::transfer[0m[32m: [32mSync completed in 1950ms[0m
    [2;3mat[0m rch/src/transfer.rs:1592 [2;3mon[0m ThreadId(1)

  [2m2026-06-25T05:03:27.865517Z[0m [32m INFO[0m [1;32mrch::transfer[0m[32m: [32mSyncing /data/projects/.scratch/frankentorch-blackthrush-mode-count-clean-20260625T0520/crates/ft-kernel-cpu -> /data/projects/.scratch/frankentorch-blackthrush-mode-count-clean-20260625T0520/crates/ft-kernel-cpu on hz2[0m
    [2;3mat[0m rch/src/transfer.rs:1528 [2;3mon[0m ThreadId(1)

  [2m2026-06-25T05:03:29.759436Z[0m [32m INFO[0m [1;32mrch::transfer[0m[32m: [32mSync completed in 1893ms[0m
    [2;3mat[0m rch/src/transfer.rs:1592 [2;3mon[0m ThreadId(1)

  [2m2026-06-25T05:03:29.759539Z[0m [32m INFO[0m [1;32mrch::transfer[0m[32m: [32mSyncing /data/projects/.scratch/frankentorch-blackthrush-mode-count-clean-20260625T0520/crates/ft-nn -> /data/projects/.scratch/frankentorch-blackthrush-mode-count-clean-20260625T0520/crates/ft-nn on hz2[0m
    [2;3mat[0m rch/src/transfer.rs:1528 [2;3mon[0m ThreadId(1)

  [2m2026-06-25T05:03:31.725858Z[0m [32m INFO[0m [1;32mrch::transfer[0m[32m: [32mSync completed in 1966ms[0m
    [2;3mat[0m rch/src/transfer.rs:1592 [2;3mon[0m ThreadId(1)

  [2m2026-06-25T05:03:31.725972Z[0m [32m INFO[0m [1;32mrch::transfer[0m[32m: [32mSyncing /data/projects/.scratch/frankentorch-blackthrush-mode-count-clean-20260625T0520/crates/ft-optim -> /data/projects/.scratch/frankentorch-blackthrush-mode-count-clean-20260625T0520/crates/ft-optim on hz2[0m
    [2;3mat[0m rch/src/transfer.rs:1528 [2;3mon[0m ThreadId(1)

  [2m2026-06-25T05:03:33.614698Z[0m [32m INFO[0m [1;32mrch::transfer[0m[32m: [32mSync completed in 1888ms[0m
    [2;3mat[0m rch/src/transfer.rs:1592 [2;3mon[0m ThreadId(1)

  [2m2026-06-25T05:03:33.614798Z[0m [32m INFO[0m [1;32mrch::transfer[0m[32m: [32mSyncing /data/projects/.scratch/frankentorch-blackthrush-mode-count-clean-20260625T0520/crates/ft-runtime -> /data/projects/.scratch/frankentorch-blackthrush-mode-count-clean-20260625T0520/crates/ft-runtime on hz2[0m
    [2;3mat[0m rch/src/transfer.rs:1528 [2;3mon[0m ThreadId(1)

  [2m2026-06-25T05:03:35.572836Z[0m [32m INFO[0m [1;32mrch::transfer[0m[32m: [32mSync completed in 1958ms[0m
    [2;3mat[0m rch/src/transfer.rs:1592 [2;3mon[0m ThreadId(1)

  [2m2026-06-25T05:03:35.572924Z[0m [32m INFO[0m [1;32mrch::transfer[0m[32m: [32mSyncing /data/projects/.scratch/frankentorch-blackthrush-mode-count-clean-20260625T0520/crates/ft-serialize -> /data/projects/.scratch/frankentorch-blackthrush-mode-count-clean-20260625T0520/crates/ft-serialize on hz2[0m
    [2;3mat[0m rch/src/transfer.rs:1528 [2;3mon[0m ThreadId(1)

  [2m2026-06-25T05:03:37.493715Z[0m [32m INFO[0m [1;32mrch::transfer[0m[32m: [32mSync completed in 1920ms[0m
    [2;3mat[0m rch/src/transfer.rs:1592 [2;3mon[0m ThreadId(1)

  [2m2026-06-25T05:03:37.493754Z[0m [32m INFO[0m [1;32mrch::hook::transfer_orchestration[0m[32m: [32mSync complete: 5092 files, 9596133 bytes in 26368ms[0m
    [2;3mat[0m rch/src/hook/transfer_orchestration.rs:486 [2;3mon[0m ThreadId(1)

  [2m2026-06-25T05:03:47.509282Z[0m [32m INFO[0m [1;32mrch::hook::transfer_orchestration[0m[32m: [32mExecuting command remotely: cargo check -p ft-autograd --all-targets[0m
    [2;3mat[0m rch/src/hook/transfer_orchestration.rs:529 [2;3mon[0m ThreadId(1)

  [2m2026-06-25T05:03:47.509334Z[0m [32m INFO[0m [1;32mrch::transfer[0m[32m: [32mRewriting CARGO_TARGET_DIR for remote execution (worker-scoped path): /data/projects/.rch-targets/frankentorch-cod-a -> /data/projects/.scratch/frankentorch-blackthrush-mode-count-clean-20260625T0520/.rch-target-hz2-pool-a6b7ef2713fdc29491cef4867defdca0[0m
    [2;3mat[0m rch/src/transfer.rs:799 [2;3mon[0m ThreadId(1)

    Updating crates.io index
 Downloading crates ...
  Downloaded anes v0.1.6
  Downloaded bit-set v0.8.0
  Downloaded autocfg v1.5.0
  Downloaded bit-vec v0.8.0
  Downloaded anstyle v1.0.14
  Downloaded is-terminal v0.4.17
  Downloaded ppv-lite86 v0.2.21
  Downloaded zmij v1.0.21
  Downloaded fnv v1.0.7
  Downloaded aho-corasick v1.1.4
  Downloaded wide v0.7.33
  Downloaded crossbeam-deque v0.8.6
  Downloaded crossbeam-utils v0.8.21
  Downloaded getrandom v0.3.4
  Downloaded criterion v0.5.1
  Downloaded either v1.15.0
  Downloaded errno v0.3.14
  Downloaded fastrand v2.4.1
  Downloaded rawpointer v0.2.1
  Downloaded crossbeam-epoch v0.9.18
  Downloaded plotters-svg v0.3.7
  Downloaded proc-macro2 v1.0.106
  Downloaded memchr v2.8.0
  Downloaded num-traits v0.2.19
  Downloaded rand_chacha v0.9.0
  Downloaded zerocopy-derive v0.8.48
  Downloaded ciborium v0.2.2
  Downloaded clap_lex v1.1.0
  Downloaded insta v1.47.2
  Downloaded itoa v1.0.18
  Downloaded num-complex v0.4.6
  Downloaded plotters v0.3.7
  Downloaded rand v0.9.4
  Downloaded bitflags v2.11.1
  Downloaded bytemuck_derive v1.10.2
  Downloaded cast v0.3.0
  Downloaded cfg-if v1.0.4
  Downloaded ciborium-ll v0.2.2
  Downloaded console v0.16.3
  Downloaded half v2.7.1
  Downloaded plotters-backend v0.3.7
  Downloaded proptest v1.11.0
  Downloaded quick-error v1.2.3
  Downloaded rand_core v0.9.5
  Downloaded rand_xorshift v0.4.0
  Downloaded rayon v1.12.0
  Downloaded serde_core v1.0.228
  Downloaded similar v2.7.0
  Downloaded unarray v0.1.4
  Downloaded unicode-ident v1.0.24
  Downloaded wait-timeout v0.2.1
  Downloaded walkdir v2.5.0
  Downloaded ciborium-io v0.2.2
  Downloaded oorandom v11.1.5
  Downloaded quote v1.0.45
  Downloaded rayon-core v1.13.0
  Downloaded same-file v1.0.6
  Downloaded criterion-plot v0.5.0
  Downloaded once_cell v1.21.4
  Downloaded rusty-fork v0.3.1
  Downloaded tempfile v3.27.0
  Downloaded serde_derive v1.0.228
  Downloaded tinytemplate v1.2.1
  Downloaded safe_arch v0.7.4
  Downloaded bytemuck v1.25.0
  Downloaded clap v4.6.1
  Downloaded matrixmultiply v0.3.10
  Downloaded serde v1.0.228
  Downloaded serde_json v1.0.149
  Downloaded itertools v0.10.5
  Downloaded libm v0.2.16
  Downloaded clap_builder v4.6.0
  Downloaded regex v1.12.3
  Downloaded zerocopy v0.8.48
  Downloaded syn v2.0.117
  Downloaded regex-syntax v0.8.10
  Downloaded rustix v1.1.4
  Downloaded regex-automata v0.4.14
  Downloaded libc v0.2.185
  Downloaded linux-raw-sys v0.12.1
   Compiling proc-macro2 v1.0.106
   Compiling quote v1.0.45
   Compiling unicode-ident v1.0.24
    Checking cfg-if v1.0.4
   Compiling libc v0.2.185
   Compiling autocfg v1.5.0
   Compiling zerocopy v0.8.48
   Compiling getrandom v0.3.4
   Compiling crossbeam-utils v0.8.21
   Compiling serde_core v1.0.228
    Checking either v1.15.0
   Compiling rayon-core v1.13.0
   Compiling rustix v1.1.4
    Checking once_cell v1.21.4
    Checking bitflags v2.11.1
    Checking linux-raw-sys v0.12.1
   Compiling zmij v1.0.21
   Compiling libm v0.2.16
   Compiling serde v1.0.228
    Checking fastrand v2.4.1
    Checking regex-syntax v0.8.10
    Checking rawpointer v0.2.1
   Compiling serde_json v1.0.149
    Checking itoa v1.0.18
    Checking clap_lex v1.1.0
   Compiling num-traits v0.2.19
   Compiling matrixmultiply v0.3.10
    Checking anstyle v1.0.14
    Checking plotters-backend v0.3.7
    Checking memchr v2.8.0
    Checking ciborium-io v0.2.2
    Checking itertools v0.10.5
    Checking same-file v1.0.6
    Checking plotters-svg v0.3.7
    Checking cast v0.3.0
    Checking clap_builder v4.6.0
    Checking bit-vec v0.8.0
    Checking fnv v1.0.7
    Checking crossbeam-epoch v0.9.18
    Checking quick-error v1.2.3
    Checking walkdir v2.5.0
    Checking anes v0.1.6
    Checking unarray v0.1.4
    Checking bit-set v0.8.0
    Checking oorandom v11.1.5
    Checking similar v2.7.0
    Checking crossbeam-deque v0.8.6
   Compiling syn v2.0.117
    Checking num-complex v0.4.6
    Checking plotters v0.3.7
    Checking wait-timeout v0.2.1
    Checking console v0.16.3
    Checking is-terminal v0.4.17
    Checking rayon v1.12.0
    Checking rand_core v0.9.5
    Checking criterion-plot v0.5.0
    Checking rand_xorshift v0.4.0
    Checking rand v0.9.4
    Checking regex-automata v0.4.14
    Checking tempfile v3.27.0
    Checking clap v4.6.1
    Checking rusty-fork v0.3.1
    Checking insta v1.47.2
    Checking regex v1.12.3
   Compiling zerocopy-derive v0.8.48
   Compiling bytemuck_derive v1.10.2
   Compiling serde_derive v1.0.228
    Checking bytemuck v1.25.0
    Checking safe_arch v0.7.4
    Checking wide v0.7.33
    Checking tinytemplate v1.2.1
    Checking half v2.7.1
    Checking ppv-lite86 v0.2.21
    Checking ft-core v0.1.0 (/data/projects/.scratch/frankentorch-blackthrush-mode-count-clean-20260625T0520/crates/ft-core)
    Checking ciborium-ll v0.2.2
    Checking rand_chacha v0.9.0
    Checking ciborium v0.2.2
    Checking proptest v1.11.0
    Checking ft-kernel-cpu v0.1.0 (/data/projects/.scratch/frankentorch-blackthrush-mode-count-clean-20260625T0520/crates/ft-kernel-cpu)
    Checking criterion v0.5.1
    Checking ft-dispatch v0.1.0 (/data/projects/.scratch/frankentorch-blackthrush-mode-count-clean-20260625T0520/crates/ft-dispatch)
    Checking ft-autograd v0.1.0 (/data/projects/.scratch/frankentorch-blackthrush-mode-count-clean-20260625T0520/crates/ft-autograd)
    Finished `dev` profile [unoptimized + debuginfo] target(s) in 17.85s
  [2m2026-06-25T05:04:07.125903Z[0m [32m INFO[0m [1;32mrch::hook::transfer_orchestration[0m[32m: [32mRemote command finished: exit=0 in 19616ms[0m
    [2;3mat[0m rch/src/hook/transfer_orchestration.rs:653 [2;3mon[0m ThreadId(1)

  [2m2026-06-25T05:04:07.126205Z[0m [32m INFO[0m [1;32mrch::hook::transfer_orchestration[0m[32m: [32mRetrieving build artifacts...[0m
    [2;3mat[0m rch/src/hook/transfer_orchestration.rs:702 [2;3mon[0m ThreadId(1)

  [2m2026-06-25T05:04:07.126224Z[0m [32m INFO[0m [1;32mrch::transfer[0m[32m: [32mRetrieving artifacts from /data/projects/.scratch/frankentorch-blackthrush-mode-count-clean-20260625T0520 on hz2[0m
    [2;3mat[0m rch/src/transfer.rs:2246 [2;3mon[0m ThreadId(1)

  [2m2026-06-25T05:04:09.145115Z[0m [32m INFO[0m [1;32mrch::transfer[0m[32m: [32mArtifacts retrieved in 2018ms (1 files, 1180 bytes)[0m
    [2;3mat[0m rch/src/transfer.rs:2301 [2;3mon[0m ThreadId(1)

  [2m2026-06-25T05:04:09.145134Z[0m [32m INFO[0m [1;32mrch::hook::transfer_orchestration[0m[32m: [32mArtifacts retrieved: 1 files, 1180 bytes in 2018ms[0m
    [2;3mat[0m rch/src/hook/transfer_orchestration.rs:735 [2;3mon[0m ThreadId(1)

[W] Worker: hz2 | Job: j-29903069512728644
[T] Total: 48.0s (sync 26.4s, build 19.6s, artifacts 2.0s)
^ Sync: 9.2 MB in 26.4s (355.4 KB/s)
[C] Compile: 19.6s
v Artifacts: 1.2 KB in 2.0s (585 B/s)
[T] Cache: MISS
+--- [OK] Build Successful ---+
| Duration: 19.6s             |
| Artifacts: 1 files (1.2 KB) |
| Worker: hz2                 |
| Cache: MISS (warming cache) |
| Time: 2026-06-25 05:04:09   |
+-----------------------------+
[RCH] remote hz2 (60.0s)
