  [2m2026-06-25T05:04:16.931379Z[0m [32m INFO[0m [1;32mrch::hook[0m[32m: [32mSelected worker: hz2 at root@178.104.77.29 (6 slots remaining after reservation, speed 50.0)[0m
    [2;3mat[0m rch/src/hook.rs:867 [2;3mon[0m ThreadId(1)

[*] Job j-29903069512728645 submitted to hz2 (6 slots remaining, speed 50.0)
  [2m2026-06-25T05:04:17.200039Z[0m [32m INFO[0m [1;32mrch::hook::transfer_orchestration[0m[32m: [32mStarting remote compilation pipeline for frankentorch-blackthrush-mode-count-clean-20260625T0520 (hash: 1b11146b1e2c6636)[0m
    [2;3mat[0m rch/src/hook/transfer_orchestration.rs:241 [2;3mon[0m ThreadId(1)

  [2m2026-06-25T05:04:17.200070Z[0m [32m INFO[0m [1;32mrch::hook::transfer_orchestration[0m[32m: [32mPrepared dependency sync manifest for 13 roots[0m
    [2;3mat[0m rch/src/hook/transfer_orchestration.rs:263 [2;3mon[0m ThreadId(1)

  [2m2026-06-25T05:04:18.818387Z[0m [32m INFO[0m [1;32mrch::hook::transfer_orchestration[0m[32m: [32mSyncing project to worker hz2...[0m
    [2;3mat[0m rch/src/hook/transfer_orchestration.rs:323 [2;3mon[0m ThreadId(1)

  [2m2026-06-25T05:04:18.818434Z[0m [32m INFO[0m [1;32mrch::transfer[0m[32m: [32mSyncing /data/projects/.scratch/frankentorch-blackthrush-mode-count-clean-20260625T0520 -> /data/projects/.scratch/frankentorch-blackthrush-mode-count-clean-20260625T0520 on hz2[0m
    [2;3mat[0m rch/src/transfer.rs:1528 [2;3mon[0m ThreadId(1)

  [2m2026-06-25T05:04:21.507405Z[0m [32m INFO[0m [1;32mrch::transfer[0m[32m: [32mSync completed in 2688ms[0m
    [2;3mat[0m rch/src/transfer.rs:1592 [2;3mon[0m ThreadId(1)

  [2m2026-06-25T05:04:21.507478Z[0m [32m INFO[0m [1;32mrch::transfer[0m[32m: [32mSyncing /data/projects/.scratch/frankentorch-blackthrush-mode-count-clean-20260625T0520/crates/ft-api -> /data/projects/.scratch/frankentorch-blackthrush-mode-count-clean-20260625T0520/crates/ft-api on hz2[0m
    [2;3mat[0m rch/src/transfer.rs:1528 [2;3mon[0m ThreadId(1)

  [2m2026-06-25T05:04:23.582075Z[0m [32m INFO[0m [1;32mrch::transfer[0m[32m: [32mSync completed in 2074ms[0m
    [2;3mat[0m rch/src/transfer.rs:1592 [2;3mon[0m ThreadId(1)

  [2m2026-06-25T05:04:23.582144Z[0m [32m INFO[0m [1;32mrch::transfer[0m[32m: [32mSyncing /data/projects/.scratch/frankentorch-blackthrush-mode-count-clean-20260625T0520/crates/ft-autograd -> /data/projects/.scratch/frankentorch-blackthrush-mode-count-clean-20260625T0520/crates/ft-autograd on hz2[0m
    [2;3mat[0m rch/src/transfer.rs:1528 [2;3mon[0m ThreadId(1)

  [2m2026-06-25T05:04:25.558799Z[0m [32m INFO[0m [1;32mrch::transfer[0m[32m: [32mSync completed in 1976ms[0m
    [2;3mat[0m rch/src/transfer.rs:1592 [2;3mon[0m ThreadId(1)

  [2m2026-06-25T05:04:25.558896Z[0m [32m INFO[0m [1;32mrch::transfer[0m[32m: [32mSyncing /data/projects/.scratch/frankentorch-blackthrush-mode-count-clean-20260625T0520/crates/ft-conformance -> /data/projects/.scratch/frankentorch-blackthrush-mode-count-clean-20260625T0520/crates/ft-conformance on hz2[0m
    [2;3mat[0m rch/src/transfer.rs:1528 [2;3mon[0m ThreadId(1)

  [2m2026-06-25T05:04:27.476169Z[0m [32m INFO[0m [1;32mrch::transfer[0m[32m: [32mSync completed in 1917ms[0m
    [2;3mat[0m rch/src/transfer.rs:1592 [2;3mon[0m ThreadId(1)

  [2m2026-06-25T05:04:27.476248Z[0m [32m INFO[0m [1;32mrch::transfer[0m[32m: [32mSyncing /data/projects/.scratch/frankentorch-blackthrush-mode-count-clean-20260625T0520/crates/ft-core -> /data/projects/.scratch/frankentorch-blackthrush-mode-count-clean-20260625T0520/crates/ft-core on hz2[0m
    [2;3mat[0m rch/src/transfer.rs:1528 [2;3mon[0m ThreadId(1)

  [2m2026-06-25T05:04:29.357126Z[0m [32m INFO[0m [1;32mrch::transfer[0m[32m: [32mSync completed in 1880ms[0m
    [2;3mat[0m rch/src/transfer.rs:1592 [2;3mon[0m ThreadId(1)

  [2m2026-06-25T05:04:29.357202Z[0m [32m INFO[0m [1;32mrch::transfer[0m[32m: [32mSyncing /data/projects/.scratch/frankentorch-blackthrush-mode-count-clean-20260625T0520/crates/ft-data -> /data/projects/.scratch/frankentorch-blackthrush-mode-count-clean-20260625T0520/crates/ft-data on hz2[0m
    [2;3mat[0m rch/src/transfer.rs:1528 [2;3mon[0m ThreadId(1)

  [2m2026-06-25T05:04:31.337510Z[0m [32m INFO[0m [1;32mrch::transfer[0m[32m: [32mSync completed in 1980ms[0m
    [2;3mat[0m rch/src/transfer.rs:1592 [2;3mon[0m ThreadId(1)

  [2m2026-06-25T05:04:31.337591Z[0m [32m INFO[0m [1;32mrch::transfer[0m[32m: [32mSyncing /data/projects/.scratch/frankentorch-blackthrush-mode-count-clean-20260625T0520/crates/ft-device -> /data/projects/.scratch/frankentorch-blackthrush-mode-count-clean-20260625T0520/crates/ft-device on hz2[0m
    [2;3mat[0m rch/src/transfer.rs:1528 [2;3mon[0m ThreadId(1)

  [2m2026-06-25T05:04:33.292413Z[0m [32m INFO[0m [1;32mrch::transfer[0m[32m: [32mSync completed in 1954ms[0m
    [2;3mat[0m rch/src/transfer.rs:1592 [2;3mon[0m ThreadId(1)

  [2m2026-06-25T05:04:33.292484Z[0m [32m INFO[0m [1;32mrch::transfer[0m[32m: [32mSyncing /data/projects/.scratch/frankentorch-blackthrush-mode-count-clean-20260625T0520/crates/ft-dispatch -> /data/projects/.scratch/frankentorch-blackthrush-mode-count-clean-20260625T0520/crates/ft-dispatch on hz2[0m
    [2;3mat[0m rch/src/transfer.rs:1528 [2;3mon[0m ThreadId(1)

  [2m2026-06-25T05:04:35.244014Z[0m [32m INFO[0m [1;32mrch::transfer[0m[32m: [32mSync completed in 1951ms[0m
    [2;3mat[0m rch/src/transfer.rs:1592 [2;3mon[0m ThreadId(1)

  [2m2026-06-25T05:04:35.244106Z[0m [32m INFO[0m [1;32mrch::transfer[0m[32m: [32mSyncing /data/projects/.scratch/frankentorch-blackthrush-mode-count-clean-20260625T0520/crates/ft-kernel-cpu -> /data/projects/.scratch/frankentorch-blackthrush-mode-count-clean-20260625T0520/crates/ft-kernel-cpu on hz2[0m
    [2;3mat[0m rch/src/transfer.rs:1528 [2;3mon[0m ThreadId(1)

  [2m2026-06-25T05:04:37.219983Z[0m [32m INFO[0m [1;32mrch::transfer[0m[32m: [32mSync completed in 1975ms[0m
    [2;3mat[0m rch/src/transfer.rs:1592 [2;3mon[0m ThreadId(1)

  [2m2026-06-25T05:04:37.220064Z[0m [32m INFO[0m [1;32mrch::transfer[0m[32m: [32mSyncing /data/projects/.scratch/frankentorch-blackthrush-mode-count-clean-20260625T0520/crates/ft-nn -> /data/projects/.scratch/frankentorch-blackthrush-mode-count-clean-20260625T0520/crates/ft-nn on hz2[0m
    [2;3mat[0m rch/src/transfer.rs:1528 [2;3mon[0m ThreadId(1)

  [2m2026-06-25T05:04:39.206844Z[0m [32m INFO[0m [1;32mrch::transfer[0m[32m: [32mSync completed in 1986ms[0m
    [2;3mat[0m rch/src/transfer.rs:1592 [2;3mon[0m ThreadId(1)

  [2m2026-06-25T05:04:39.206943Z[0m [32m INFO[0m [1;32mrch::transfer[0m[32m: [32mSyncing /data/projects/.scratch/frankentorch-blackthrush-mode-count-clean-20260625T0520/crates/ft-optim -> /data/projects/.scratch/frankentorch-blackthrush-mode-count-clean-20260625T0520/crates/ft-optim on hz2[0m
    [2;3mat[0m rch/src/transfer.rs:1528 [2;3mon[0m ThreadId(1)

  [2m2026-06-25T05:04:41.086267Z[0m [32m INFO[0m [1;32mrch::transfer[0m[32m: [32mSync completed in 1879ms[0m
    [2;3mat[0m rch/src/transfer.rs:1592 [2;3mon[0m ThreadId(1)

  [2m2026-06-25T05:04:41.086349Z[0m [32m INFO[0m [1;32mrch::transfer[0m[32m: [32mSyncing /data/projects/.scratch/frankentorch-blackthrush-mode-count-clean-20260625T0520/crates/ft-runtime -> /data/projects/.scratch/frankentorch-blackthrush-mode-count-clean-20260625T0520/crates/ft-runtime on hz2[0m
    [2;3mat[0m rch/src/transfer.rs:1528 [2;3mon[0m ThreadId(1)

  [2m2026-06-25T05:04:43.004755Z[0m [32m INFO[0m [1;32mrch::transfer[0m[32m: [32mSync completed in 1918ms[0m
    [2;3mat[0m rch/src/transfer.rs:1592 [2;3mon[0m ThreadId(1)

  [2m2026-06-25T05:04:43.004829Z[0m [32m INFO[0m [1;32mrch::transfer[0m[32m: [32mSyncing /data/projects/.scratch/frankentorch-blackthrush-mode-count-clean-20260625T0520/crates/ft-serialize -> /data/projects/.scratch/frankentorch-blackthrush-mode-count-clean-20260625T0520/crates/ft-serialize on hz2[0m
    [2;3mat[0m rch/src/transfer.rs:1528 [2;3mon[0m ThreadId(1)

  [2m2026-06-25T05:04:45.006977Z[0m [32m INFO[0m [1;32mrch::transfer[0m[32m: [32mSync completed in 2002ms[0m
    [2;3mat[0m rch/src/transfer.rs:1592 [2;3mon[0m ThreadId(1)

  [2m2026-06-25T05:04:45.007023Z[0m [32m INFO[0m [1;32mrch::hook::transfer_orchestration[0m[32m: [32mSync complete: 5093 files, 216697 bytes in 26180ms[0m
    [2;3mat[0m rch/src/hook/transfer_orchestration.rs:486 [2;3mon[0m ThreadId(1)

  [2m2026-06-25T05:04:54.303086Z[0m [32m INFO[0m [1;32mrch::hook::transfer_orchestration[0m[32m: [32mExecuting command remotely: cargo check -p ft-api --all-targets[0m
    [2;3mat[0m rch/src/hook/transfer_orchestration.rs:529 [2;3mon[0m ThreadId(1)

  [2m2026-06-25T05:04:54.303137Z[0m [32m INFO[0m [1;32mrch::transfer[0m[32m: [32mRewriting CARGO_TARGET_DIR for remote execution (worker-scoped path): /data/projects/.rch-targets/frankentorch-cod-a -> /data/projects/.scratch/frankentorch-blackthrush-mode-count-clean-20260625T0520/.rch-target-hz2-pool-a6b7ef2713fdc29491cef4867defdca0[0m
    [2;3mat[0m rch/src/transfer.rs:799 [2;3mon[0m ThreadId(1)

    Updating crates.io index
 Downloading crates ...
  Downloaded cfg-if v1.0.4
  Downloaded anstyle v1.0.14
  Downloaded cast v0.3.0
  Downloaded criterion-plot v0.5.0
  Downloaded autocfg v1.5.0
  Downloaded ciborium-io v0.2.2
  Downloaded clap_lex v1.1.0
  Downloaded is-terminal v0.4.17
  Downloaded itoa v1.0.18
  Downloaded anes v0.1.6
  Downloaded bytemuck_derive v1.10.2
  Downloaded ciborium-ll v0.2.2
  Downloaded crossbeam-deque v0.8.6
  Downloaded plotters-backend v0.3.7
  Downloaded plotters-svg v0.3.7
  Downloaded rawpointer v0.2.1
  Downloaded same-file v1.0.6
  Downloaded zmij v1.0.21
  Downloaded ciborium v0.2.2
  Downloaded criterion v0.5.1
  Downloaded crossbeam-epoch v0.9.18
  Downloaded crossbeam-utils v0.8.21
  Downloaded either v1.15.0
  Downloaded quote v1.0.45
  Downloaded tinytemplate v1.2.1
  Downloaded walkdir v2.5.0
  Downloaded clap v4.6.1
  Downloaded oorandom v11.1.5
  Downloaded bytemuck v1.25.0
  Downloaded matrixmultiply v0.3.10
  Downloaded once_cell v1.21.4
  Downloaded num-complex v0.4.6
  Downloaded half v2.7.1
  Downloaded num-traits v0.2.19
  Downloaded serde_core v1.0.228
  Downloaded serde_derive v1.0.228
  Downloaded unicode-ident v1.0.24
  Downloaded proc-macro2 v1.0.106
  Downloaded safe_arch v0.7.4
  Downloaded rayon-core v1.13.0
  Downloaded serde v1.0.228
  Downloaded wide v0.7.33
  Downloaded zerocopy-derive v0.8.48
  Downloaded itertools v0.10.5
  Downloaded memchr v2.8.0
  Downloaded aho-corasick v1.1.4
  Downloaded clap_builder v4.6.0
  Downloaded libm v0.2.16
  Downloaded plotters v0.3.7
  Downloaded rayon v1.12.0
  Downloaded regex v1.12.3
  Downloaded serde_json v1.0.149
  Downloaded syn v2.0.117
  Downloaded zerocopy v0.8.48
  Downloaded regex-syntax v0.8.10
  Downloaded regex-automata v0.4.14
  Downloaded libc v0.2.185
   Compiling proc-macro2 v1.0.106
   Compiling quote v1.0.45
   Compiling unicode-ident v1.0.24
   Compiling autocfg v1.5.0
   Compiling zerocopy v0.8.48
   Compiling crossbeam-utils v0.8.21
    Checking cfg-if v1.0.4
   Compiling rayon-core v1.13.0
    Checking either v1.15.0
   Compiling serde_core v1.0.228
   Compiling libm v0.2.16
    Checking rawpointer v0.2.1
   Compiling serde v1.0.228
   Compiling zmij v1.0.21
   Compiling serde_json v1.0.149
   Compiling libc v0.2.185
    Checking clap_lex v1.1.0
    Checking itoa v1.0.18
    Checking memchr v2.8.0
    Checking plotters-backend v0.3.7
    Checking anstyle v1.0.14
    Checking regex-syntax v0.8.10
    Checking ciborium-io v0.2.2
    Checking itertools v0.10.5
    Checking same-file v1.0.6
    Checking plotters-svg v0.3.7
    Checking clap_builder v4.6.0
    Checking cast v0.3.0
    Checking oorandom v11.1.5
    Checking anes v0.1.6
    Checking once_cell v1.21.4
    Checking walkdir v2.5.0
   Compiling num-traits v0.2.19
   Compiling matrixmultiply v0.3.10
   Compiling syn v2.0.117
    Checking crossbeam-epoch v0.9.18
    Checking regex-automata v0.4.14
    Checking crossbeam-deque v0.8.6
    Checking criterion-plot v0.5.0
    Checking rayon v1.12.0
    Checking is-terminal v0.4.17
    Checking clap v4.6.1
    Checking num-complex v0.4.6
    Checking plotters v0.3.7
    Checking regex v1.12.3
   Compiling bytemuck_derive v1.10.2
   Compiling zerocopy-derive v0.8.48
   Compiling serde_derive v1.0.228
    Checking bytemuck v1.25.0
    Checking safe_arch v0.7.4
    Checking wide v0.7.33
    Checking tinytemplate v1.2.1
    Checking half v2.7.1
    Checking ft-core v0.1.0 (/data/projects/.scratch/frankentorch-blackthrush-mode-count-clean-20260625T0520/crates/ft-core)
    Checking ciborium-ll v0.2.2
    Checking ciborium v0.2.2
    Checking ft-kernel-cpu v0.1.0 (/data/projects/.scratch/frankentorch-blackthrush-mode-count-clean-20260625T0520/crates/ft-kernel-cpu)
    Checking ft-runtime v0.1.0 (/data/projects/.scratch/frankentorch-blackthrush-mode-count-clean-20260625T0520/crates/ft-runtime)
    Checking criterion v0.5.1
    Checking ft-dispatch v0.1.0 (/data/projects/.scratch/frankentorch-blackthrush-mode-count-clean-20260625T0520/crates/ft-dispatch)
    Checking ft-autograd v0.1.0 (/data/projects/.scratch/frankentorch-blackthrush-mode-count-clean-20260625T0520/crates/ft-autograd)
    Checking ft-api v0.1.0 (/data/projects/.scratch/frankentorch-blackthrush-mode-count-clean-20260625T0520/crates/ft-api)
    Finished `dev` profile [unoptimized + debuginfo] target(s) in 23.46s
  [2m2026-06-25T05:05:19.450882Z[0m [32m INFO[0m [1;32mrch::hook::transfer_orchestration[0m[32m: [32mRemote command finished: exit=0 in 25147ms[0m
    [2;3mat[0m rch/src/hook/transfer_orchestration.rs:653 [2;3mon[0m ThreadId(1)

  [2m2026-06-25T05:05:19.451166Z[0m [32m INFO[0m [1;32mrch::hook::transfer_orchestration[0m[32m: [32mRetrieving build artifacts...[0m
    [2;3mat[0m rch/src/hook/transfer_orchestration.rs:702 [2;3mon[0m ThreadId(1)

  [2m2026-06-25T05:05:19.451181Z[0m [32m INFO[0m [1;32mrch::transfer[0m[32m: [32mRetrieving artifacts from /data/projects/.scratch/frankentorch-blackthrush-mode-count-clean-20260625T0520 on hz2[0m
    [2;3mat[0m rch/src/transfer.rs:2246 [2;3mon[0m ThreadId(1)

  [2m2026-06-25T05:05:21.429475Z[0m [32m INFO[0m [1;32mrch::transfer[0m[32m: [32mArtifacts retrieved in 1978ms (1 files, 1180 bytes)[0m
    [2;3mat[0m rch/src/transfer.rs:2301 [2;3mon[0m ThreadId(1)

  [2m2026-06-25T05:05:21.429494Z[0m [32m INFO[0m [1;32mrch::hook::transfer_orchestration[0m[32m: [32mArtifacts retrieved: 1 files, 1180 bytes in 1978ms[0m
    [2;3mat[0m rch/src/hook/transfer_orchestration.rs:735 [2;3mon[0m ThreadId(1)

[W] Worker: hz2 | Job: j-29903069512728645
[T] Total: 53.3s (sync 26.2s, build 25.1s, artifacts 2.0s)
^ Sync: 211.6 KB in 26.2s (8.1 KB/s)
[C] Compile: 25.1s
v Artifacts: 1.2 KB in 2.0s (597 B/s)
[T] Cache: MISS
+------------- [OK] Build Successful --------------+
| Duration: 25.1s (^ 28% slower vs previous 19.6s) |
| Artifacts: 1 files (1.2 KB)                      |
| Worker: hz2                                      |
| Cache: MISS (warming cache)                      |
| Time: 2026-06-25 05:05:21                        |
+--------------------------------------------------+
[RCH] remote hz2 (64.5s)
