  [2m2026-06-20T18:29:02.047030Z[0m [32m INFO[0m [1;32mrch::hook[0m[32m: [32mSelected worker: vmi1227854 at root@109.123.245.77 (2 slots remaining after reservation, speed 50.0)[0m
    [2;3mat[0m rch/src/hook.rs:921 [2;3mon[0m ThreadId(1)

  [2m2026-06-20T18:29:02.262797Z[0m [32m INFO[0m [1;32mrch::hook::transfer_orchestration[0m[32m: [32mStarting remote compilation pipeline for frankentorch-cod-a-push-kgs4-125 (hash: be971c854ccf6c66)[0m
    [2;3mat[0m rch/src/hook/transfer_orchestration.rs:241 [2;3mon[0m ThreadId(1)

  [2m2026-06-20T18:29:02.262853Z[0m [32m INFO[0m [1;32mrch::hook::transfer_orchestration[0m[32m: [32mPrepared dependency sync manifest for 13 roots[0m
    [2;3mat[0m rch/src/hook/transfer_orchestration.rs:263 [2;3mon[0m ThreadId(1)

  [2m2026-06-20T18:29:04.117505Z[0m [32m INFO[0m [1;32mrch::hook::transfer_orchestration[0m[32m: [32mSyncing project to worker vmi1227854...[0m
    [2;3mat[0m rch/src/hook/transfer_orchestration.rs:323 [2;3mon[0m ThreadId(1)

  [2m2026-06-20T18:29:04.117557Z[0m [32m INFO[0m [1;32mrch::transfer[0m[32m: [32mSyncing /data/projects/frankentorch-cod-a-push-kgs4-125 -> /data/projects/frankentorch-cod-a-push-kgs4-125 on vmi1227854[0m
    [2;3mat[0m rch/src/transfer.rs:1528 [2;3mon[0m ThreadId(1)

  [2m2026-06-20T18:29:07.420606Z[0m [32m INFO[0m [1;32mrch::transfer[0m[32m: [32mSync completed in 3303ms[0m
    [2;3mat[0m rch/src/transfer.rs:1592 [2;3mon[0m ThreadId(1)

  [2m2026-06-20T18:29:07.420682Z[0m [32m INFO[0m [1;32mrch::transfer[0m[32m: [32mSyncing /data/projects/frankentorch-cod-a-push-kgs4-125/crates/ft-api -> /data/projects/frankentorch-cod-a-push-kgs4-125/crates/ft-api on vmi1227854[0m
    [2;3mat[0m rch/src/transfer.rs:1528 [2;3mon[0m ThreadId(1)

  [2m2026-06-20T18:29:09.264753Z[0m [32m INFO[0m [1;32mrch::transfer[0m[32m: [32mSync completed in 1844ms[0m
    [2;3mat[0m rch/src/transfer.rs:1592 [2;3mon[0m ThreadId(1)

  [2m2026-06-20T18:29:09.264823Z[0m [32m INFO[0m [1;32mrch::transfer[0m[32m: [32mSyncing /data/projects/frankentorch-cod-a-push-kgs4-125/crates/ft-autograd -> /data/projects/frankentorch-cod-a-push-kgs4-125/crates/ft-autograd on vmi1227854[0m
    [2;3mat[0m rch/src/transfer.rs:1528 [2;3mon[0m ThreadId(1)

  [2m2026-06-20T18:29:11.250570Z[0m [32m INFO[0m [1;32mrch::transfer[0m[32m: [32mSync completed in 1985ms[0m
    [2;3mat[0m rch/src/transfer.rs:1592 [2;3mon[0m ThreadId(1)

  [2m2026-06-20T18:29:11.250640Z[0m [32m INFO[0m [1;32mrch::transfer[0m[32m: [32mSyncing /data/projects/frankentorch-cod-a-push-kgs4-125/crates/ft-conformance -> /data/projects/frankentorch-cod-a-push-kgs4-125/crates/ft-conformance on vmi1227854[0m
    [2;3mat[0m rch/src/transfer.rs:1528 [2;3mon[0m ThreadId(1)

  [2m2026-06-20T18:29:13.198620Z[0m [32m INFO[0m [1;32mrch::transfer[0m[32m: [32mSync completed in 1947ms[0m
    [2;3mat[0m rch/src/transfer.rs:1592 [2;3mon[0m ThreadId(1)

  [2m2026-06-20T18:29:13.198689Z[0m [32m INFO[0m [1;32mrch::transfer[0m[32m: [32mSyncing /data/projects/frankentorch-cod-a-push-kgs4-125/crates/ft-core -> /data/projects/frankentorch-cod-a-push-kgs4-125/crates/ft-core on vmi1227854[0m
    [2;3mat[0m rch/src/transfer.rs:1528 [2;3mon[0m ThreadId(1)

  [2m2026-06-20T18:29:14.992134Z[0m [32m INFO[0m [1;32mrch::transfer[0m[32m: [32mSync completed in 1793ms[0m
    [2;3mat[0m rch/src/transfer.rs:1592 [2;3mon[0m ThreadId(1)

  [2m2026-06-20T18:29:14.992230Z[0m [32m INFO[0m [1;32mrch::transfer[0m[32m: [32mSyncing /data/projects/frankentorch-cod-a-push-kgs4-125/crates/ft-data -> /data/projects/frankentorch-cod-a-push-kgs4-125/crates/ft-data on vmi1227854[0m
    [2;3mat[0m rch/src/transfer.rs:1528 [2;3mon[0m ThreadId(1)

  [2m2026-06-20T18:29:16.940251Z[0m [32m INFO[0m [1;32mrch::transfer[0m[32m: [32mSync completed in 1948ms[0m
    [2;3mat[0m rch/src/transfer.rs:1592 [2;3mon[0m ThreadId(1)

  [2m2026-06-20T18:29:16.940328Z[0m [32m INFO[0m [1;32mrch::transfer[0m[32m: [32mSyncing /data/projects/frankentorch-cod-a-push-kgs4-125/crates/ft-device -> /data/projects/frankentorch-cod-a-push-kgs4-125/crates/ft-device on vmi1227854[0m
    [2;3mat[0m rch/src/transfer.rs:1528 [2;3mon[0m ThreadId(1)

  [2m2026-06-20T18:29:18.813678Z[0m [32m INFO[0m [1;32mrch::transfer[0m[32m: [32mSync completed in 1873ms[0m
    [2;3mat[0m rch/src/transfer.rs:1592 [2;3mon[0m ThreadId(1)

  [2m2026-06-20T18:29:18.813757Z[0m [32m INFO[0m [1;32mrch::transfer[0m[32m: [32mSyncing /data/projects/frankentorch-cod-a-push-kgs4-125/crates/ft-dispatch -> /data/projects/frankentorch-cod-a-push-kgs4-125/crates/ft-dispatch on vmi1227854[0m
    [2;3mat[0m rch/src/transfer.rs:1528 [2;3mon[0m ThreadId(1)

  [2m2026-06-20T18:29:20.784439Z[0m [32m INFO[0m [1;32mrch::transfer[0m[32m: [32mSync completed in 1970ms[0m
    [2;3mat[0m rch/src/transfer.rs:1592 [2;3mon[0m ThreadId(1)

  [2m2026-06-20T18:29:20.784514Z[0m [32m INFO[0m [1;32mrch::transfer[0m[32m: [32mSyncing /data/projects/frankentorch-cod-a-push-kgs4-125/crates/ft-kernel-cpu -> /data/projects/frankentorch-cod-a-push-kgs4-125/crates/ft-kernel-cpu on vmi1227854[0m
    [2;3mat[0m rch/src/transfer.rs:1528 [2;3mon[0m ThreadId(1)

  [2m2026-06-20T18:29:22.597862Z[0m [32m INFO[0m [1;32mrch::transfer[0m[32m: [32mSync completed in 1813ms[0m
    [2;3mat[0m rch/src/transfer.rs:1592 [2;3mon[0m ThreadId(1)

  [2m2026-06-20T18:29:22.597959Z[0m [32m INFO[0m [1;32mrch::transfer[0m[32m: [32mSyncing /data/projects/frankentorch-cod-a-push-kgs4-125/crates/ft-nn -> /data/projects/frankentorch-cod-a-push-kgs4-125/crates/ft-nn on vmi1227854[0m
    [2;3mat[0m rch/src/transfer.rs:1528 [2;3mon[0m ThreadId(1)

  [2m2026-06-20T18:29:24.447792Z[0m [32m INFO[0m [1;32mrch::transfer[0m[32m: [32mSync completed in 1849ms[0m
    [2;3mat[0m rch/src/transfer.rs:1592 [2;3mon[0m ThreadId(1)

  [2m2026-06-20T18:29:24.447867Z[0m [32m INFO[0m [1;32mrch::transfer[0m[32m: [32mSyncing /data/projects/frankentorch-cod-a-push-kgs4-125/crates/ft-optim -> /data/projects/frankentorch-cod-a-push-kgs4-125/crates/ft-optim on vmi1227854[0m
    [2;3mat[0m rch/src/transfer.rs:1528 [2;3mon[0m ThreadId(1)

  [2m2026-06-20T18:29:26.216889Z[0m [32m INFO[0m [1;32mrch::transfer[0m[32m: [32mSync completed in 1769ms[0m
    [2;3mat[0m rch/src/transfer.rs:1592 [2;3mon[0m ThreadId(1)

  [2m2026-06-20T18:29:26.216984Z[0m [32m INFO[0m [1;32mrch::transfer[0m[32m: [32mSyncing /data/projects/frankentorch-cod-a-push-kgs4-125/crates/ft-runtime -> /data/projects/frankentorch-cod-a-push-kgs4-125/crates/ft-runtime on vmi1227854[0m
    [2;3mat[0m rch/src/transfer.rs:1528 [2;3mon[0m ThreadId(1)

  [2m2026-06-20T18:29:28.087364Z[0m [32m INFO[0m [1;32mrch::transfer[0m[32m: [32mSync completed in 1870ms[0m
    [2;3mat[0m rch/src/transfer.rs:1592 [2;3mon[0m ThreadId(1)

  [2m2026-06-20T18:29:28.087454Z[0m [32m INFO[0m [1;32mrch::transfer[0m[32m: [32mSyncing /data/projects/frankentorch-cod-a-push-kgs4-125/crates/ft-serialize -> /data/projects/frankentorch-cod-a-push-kgs4-125/crates/ft-serialize on vmi1227854[0m
    [2;3mat[0m rch/src/transfer.rs:1528 [2;3mon[0m ThreadId(1)

  [2m2026-06-20T18:29:29.911730Z[0m [32m INFO[0m [1;32mrch::transfer[0m[32m: [32mSync completed in 1824ms[0m
    [2;3mat[0m rch/src/transfer.rs:1592 [2;3mon[0m ThreadId(1)

  [2m2026-06-20T18:29:29.911777Z[0m [32m INFO[0m [1;32mrch::hook::transfer_orchestration[0m[32m: [32mSync complete: 4395 files, 8492503 bytes in 25788ms[0m
    [2;3mat[0m rch/src/hook/transfer_orchestration.rs:486 [2;3mon[0m ThreadId(1)

  [2m2026-06-20T18:29:36.953667Z[0m [32m INFO[0m [1;32mrch::hook::transfer_orchestration[0m[32m: [32mExecuting command remotely: cargo check -p ft-autograd --lib[0m
    [2;3mat[0m rch/src/hook/transfer_orchestration.rs:529 [2;3mon[0m ThreadId(1)

  [2m2026-06-20T18:29:36.953706Z[0m [32m INFO[0m [1;32mrch::transfer[0m[32m: [32mRewriting CARGO_TARGET_DIR for remote execution (worker-scoped path): /data/projects/.rch-targets/frankentorch-cod-a -> /data/projects/frankentorch-cod-a-push-kgs4-125/.rch-target-vmi1227854-pool-959214d1103b3b4c3a707b559fefbf31[0m
    [2;3mat[0m rch/src/transfer.rs:799 [2;3mon[0m ThreadId(1)

    Updating crates.io index
 Downloading crates ...
  Downloaded autocfg v1.5.0
  Downloaded crossbeam-epoch v0.9.18
  Downloaded cfg-if v1.0.4
  Downloaded bytemuck_derive v1.10.2
  Downloaded crossbeam-deque v0.8.6
  Downloaded bytemuck v1.25.0
  Downloaded rawpointer v0.2.1
  Downloaded matrixmultiply v0.3.10
  Downloaded quote v1.0.45
  Downloaded either v1.15.0
  Downloaded crossbeam-utils v0.8.21
  Downloaded num-complex v0.4.6
  Downloaded half v2.7.1
  Downloaded unicode-ident v1.0.24
  Downloaded proc-macro2 v1.0.106
  Downloaded num-traits v0.2.19
  Downloaded rayon-core v1.13.0
  Downloaded zerocopy-derive v0.8.48
  Downloaded safe_arch v0.7.4
  Downloaded wide v0.7.33
  Downloaded libm v0.2.16
  Downloaded rayon v1.12.0
  Downloaded syn v2.0.117
  Downloaded zerocopy v0.8.48
   Compiling proc-macro2 v1.0.106
   Compiling unicode-ident v1.0.24
   Compiling quote v1.0.45
   Compiling autocfg v1.5.0
   Compiling crossbeam-utils v0.8.21
   Compiling zerocopy v0.8.48
   Compiling rayon-core v1.13.0
   Compiling libm v0.2.16
    Checking cfg-if v1.0.4
    Checking either v1.15.0
    Checking rawpointer v0.2.1
   Compiling num-traits v0.2.19
   Compiling matrixmultiply v0.3.10
    Checking crossbeam-epoch v0.9.18
    Checking crossbeam-deque v0.8.6
   Compiling syn v2.0.117
    Checking num-complex v0.4.6
    Checking rayon v1.12.0
   Compiling bytemuck_derive v1.10.2
   Compiling zerocopy-derive v0.8.48
    Checking bytemuck v1.25.0
    Checking safe_arch v0.7.4
    Checking wide v0.7.33
    Checking half v2.7.1
    Checking ft-core v0.1.0 (/data/projects/frankentorch-cod-a-push-kgs4-125/crates/ft-core)
    Checking ft-kernel-cpu v0.1.0 (/data/projects/frankentorch-cod-a-push-kgs4-125/crates/ft-kernel-cpu)
    Checking ft-dispatch v0.1.0 (/data/projects/frankentorch-cod-a-push-kgs4-125/crates/ft-dispatch)
    Checking ft-autograd v0.1.0 (/data/projects/frankentorch-cod-a-push-kgs4-125/crates/ft-autograd)
    Finished `dev` profile [unoptimized + debuginfo] target(s) in 12.70s
  [2m2026-06-20T18:29:51.228206Z[0m [32m INFO[0m [1;32mrch::hook::transfer_orchestration[0m[32m: [32mRemote command finished: exit=0 in 14274ms[0m
    [2;3mat[0m rch/src/hook/transfer_orchestration.rs:653 [2;3mon[0m ThreadId(1)

  [2m2026-06-20T18:29:51.228488Z[0m [32m INFO[0m [1;32mrch::hook::transfer_orchestration[0m[32m: [32mRetrieving build artifacts...[0m
    [2;3mat[0m rch/src/hook/transfer_orchestration.rs:702 [2;3mon[0m ThreadId(1)

  [2m2026-06-20T18:29:51.228536Z[0m [32m INFO[0m [1;32mrch::transfer[0m[32m: [32mRetrieving artifacts from /data/projects/frankentorch-cod-a-push-kgs4-125 on vmi1227854[0m
    [2;3mat[0m rch/src/transfer.rs:2246 [2;3mon[0m ThreadId(1)

  [2m2026-06-20T18:29:53.105903Z[0m [32m INFO[0m [1;32mrch::transfer[0m[32m: [32mArtifacts retrieved in 1877ms (1 files, 1180 bytes)[0m
    [2;3mat[0m rch/src/transfer.rs:2301 [2;3mon[0m ThreadId(1)

  [2m2026-06-20T18:29:53.105951Z[0m [32m INFO[0m [1;32mrch::hook::transfer_orchestration[0m[32m: [32mArtifacts retrieved: 1 files, 1180 bytes in 1877ms[0m
    [2;3mat[0m rch/src/hook/transfer_orchestration.rs:735 [2;3mon[0m ThreadId(1)

[RCH] remote vmi1227854 (51.1s)
