  [2m2026-06-20T18:37:06.157838Z[0m [32m INFO[0m [1;32mrch::hook[0m[32m: [32mSelected worker: vmi1156319 at root@178.18.254.243 (0 slots remaining after reservation, speed 50.0)[0m
    [2;3mat[0m rch/src/hook.rs:921 [2;3mon[0m ThreadId(1)

  [2m2026-06-20T18:37:06.573762Z[0m [32m INFO[0m [1;32mrch::hook::transfer_orchestration[0m[32m: [32mStarting remote compilation pipeline for frankentorch-cod-a-push-kgs4-125 (hash: be971c854ccf6c66)[0m
    [2;3mat[0m rch/src/hook/transfer_orchestration.rs:241 [2;3mon[0m ThreadId(1)

  [2m2026-06-20T18:37:06.573824Z[0m [32m INFO[0m [1;32mrch::hook::transfer_orchestration[0m[32m: [32mPrepared dependency sync manifest for 13 roots[0m
    [2;3mat[0m rch/src/hook/transfer_orchestration.rs:263 [2;3mon[0m ThreadId(1)

  [2m2026-06-20T18:37:08.363943Z[0m [32m INFO[0m [1;32mrch::hook::transfer_orchestration[0m[32m: [32mSyncing project to worker vmi1156319...[0m
    [2;3mat[0m rch/src/hook/transfer_orchestration.rs:323 [2;3mon[0m ThreadId(1)

  [2m2026-06-20T18:37:08.364000Z[0m [32m INFO[0m [1;32mrch::transfer[0m[32m: [32mSyncing /data/projects/frankentorch-cod-a-push-kgs4-125 -> /data/projects/frankentorch-cod-a-push-kgs4-125 on vmi1156319[0m
    [2;3mat[0m rch/src/transfer.rs:1528 [2;3mon[0m ThreadId(1)

  [2m2026-06-20T18:37:12.138277Z[0m [32m INFO[0m [1;32mrch::transfer[0m[32m: [32mSync completed in 3774ms[0m
    [2;3mat[0m rch/src/transfer.rs:1592 [2;3mon[0m ThreadId(1)

  [2m2026-06-20T18:37:12.138340Z[0m [32m INFO[0m [1;32mrch::transfer[0m[32m: [32mSyncing /data/projects/frankentorch-cod-a-push-kgs4-125/crates/ft-api -> /data/projects/frankentorch-cod-a-push-kgs4-125/crates/ft-api on vmi1156319[0m
    [2;3mat[0m rch/src/transfer.rs:1528 [2;3mon[0m ThreadId(1)

  [2m2026-06-20T18:37:14.139221Z[0m [32m INFO[0m [1;32mrch::transfer[0m[32m: [32mSync completed in 2000ms[0m
    [2;3mat[0m rch/src/transfer.rs:1592 [2;3mon[0m ThreadId(1)

  [2m2026-06-20T18:37:14.139298Z[0m [32m INFO[0m [1;32mrch::transfer[0m[32m: [32mSyncing /data/projects/frankentorch-cod-a-push-kgs4-125/crates/ft-autograd -> /data/projects/frankentorch-cod-a-push-kgs4-125/crates/ft-autograd on vmi1156319[0m
    [2;3mat[0m rch/src/transfer.rs:1528 [2;3mon[0m ThreadId(1)

  [2m2026-06-20T18:37:16.148015Z[0m [32m INFO[0m [1;32mrch::transfer[0m[32m: [32mSync completed in 2008ms[0m
    [2;3mat[0m rch/src/transfer.rs:1592 [2;3mon[0m ThreadId(1)

  [2m2026-06-20T18:37:16.148100Z[0m [32m INFO[0m [1;32mrch::transfer[0m[32m: [32mSyncing /data/projects/frankentorch-cod-a-push-kgs4-125/crates/ft-conformance -> /data/projects/frankentorch-cod-a-push-kgs4-125/crates/ft-conformance on vmi1156319[0m
    [2;3mat[0m rch/src/transfer.rs:1528 [2;3mon[0m ThreadId(1)

  [2m2026-06-20T18:37:18.258418Z[0m [32m INFO[0m [1;32mrch::transfer[0m[32m: [32mSync completed in 2110ms[0m
    [2;3mat[0m rch/src/transfer.rs:1592 [2;3mon[0m ThreadId(1)

  [2m2026-06-20T18:37:18.258476Z[0m [32m INFO[0m [1;32mrch::transfer[0m[32m: [32mSyncing /data/projects/frankentorch-cod-a-push-kgs4-125/crates/ft-core -> /data/projects/frankentorch-cod-a-push-kgs4-125/crates/ft-core on vmi1156319[0m
    [2;3mat[0m rch/src/transfer.rs:1528 [2;3mon[0m ThreadId(1)

  [2m2026-06-20T18:37:20.279347Z[0m [32m INFO[0m [1;32mrch::transfer[0m[32m: [32mSync completed in 2020ms[0m
    [2;3mat[0m rch/src/transfer.rs:1592 [2;3mon[0m ThreadId(1)

  [2m2026-06-20T18:37:20.279428Z[0m [32m INFO[0m [1;32mrch::transfer[0m[32m: [32mSyncing /data/projects/frankentorch-cod-a-push-kgs4-125/crates/ft-data -> /data/projects/frankentorch-cod-a-push-kgs4-125/crates/ft-data on vmi1156319[0m
    [2;3mat[0m rch/src/transfer.rs:1528 [2;3mon[0m ThreadId(1)

  [2m2026-06-20T18:37:22.325297Z[0m [32m INFO[0m [1;32mrch::transfer[0m[32m: [32mSync completed in 2045ms[0m
    [2;3mat[0m rch/src/transfer.rs:1592 [2;3mon[0m ThreadId(1)

  [2m2026-06-20T18:37:22.325380Z[0m [32m INFO[0m [1;32mrch::transfer[0m[32m: [32mSyncing /data/projects/frankentorch-cod-a-push-kgs4-125/crates/ft-device -> /data/projects/frankentorch-cod-a-push-kgs4-125/crates/ft-device on vmi1156319[0m
    [2;3mat[0m rch/src/transfer.rs:1528 [2;3mon[0m ThreadId(1)

  [2m2026-06-20T18:37:24.365222Z[0m [32m INFO[0m [1;32mrch::transfer[0m[32m: [32mSync completed in 2039ms[0m
    [2;3mat[0m rch/src/transfer.rs:1592 [2;3mon[0m ThreadId(1)

  [2m2026-06-20T18:37:24.365304Z[0m [32m INFO[0m [1;32mrch::transfer[0m[32m: [32mSyncing /data/projects/frankentorch-cod-a-push-kgs4-125/crates/ft-dispatch -> /data/projects/frankentorch-cod-a-push-kgs4-125/crates/ft-dispatch on vmi1156319[0m
    [2;3mat[0m rch/src/transfer.rs:1528 [2;3mon[0m ThreadId(1)

  [2m2026-06-20T18:37:26.430078Z[0m [32m INFO[0m [1;32mrch::transfer[0m[32m: [32mSync completed in 2064ms[0m
    [2;3mat[0m rch/src/transfer.rs:1592 [2;3mon[0m ThreadId(1)

  [2m2026-06-20T18:37:26.430148Z[0m [32m INFO[0m [1;32mrch::transfer[0m[32m: [32mSyncing /data/projects/frankentorch-cod-a-push-kgs4-125/crates/ft-kernel-cpu -> /data/projects/frankentorch-cod-a-push-kgs4-125/crates/ft-kernel-cpu on vmi1156319[0m
    [2;3mat[0m rch/src/transfer.rs:1528 [2;3mon[0m ThreadId(1)

  [2m2026-06-20T18:37:28.468567Z[0m [32m INFO[0m [1;32mrch::transfer[0m[32m: [32mSync completed in 2038ms[0m
    [2;3mat[0m rch/src/transfer.rs:1592 [2;3mon[0m ThreadId(1)

  [2m2026-06-20T18:37:28.468669Z[0m [32m INFO[0m [1;32mrch::transfer[0m[32m: [32mSyncing /data/projects/frankentorch-cod-a-push-kgs4-125/crates/ft-nn -> /data/projects/frankentorch-cod-a-push-kgs4-125/crates/ft-nn on vmi1156319[0m
    [2;3mat[0m rch/src/transfer.rs:1528 [2;3mon[0m ThreadId(1)

  [2m2026-06-20T18:37:30.513279Z[0m [32m INFO[0m [1;32mrch::transfer[0m[32m: [32mSync completed in 2044ms[0m
    [2;3mat[0m rch/src/transfer.rs:1592 [2;3mon[0m ThreadId(1)

  [2m2026-06-20T18:37:30.513356Z[0m [32m INFO[0m [1;32mrch::transfer[0m[32m: [32mSyncing /data/projects/frankentorch-cod-a-push-kgs4-125/crates/ft-optim -> /data/projects/frankentorch-cod-a-push-kgs4-125/crates/ft-optim on vmi1156319[0m
    [2;3mat[0m rch/src/transfer.rs:1528 [2;3mon[0m ThreadId(1)

  [2m2026-06-20T18:37:32.538955Z[0m [32m INFO[0m [1;32mrch::transfer[0m[32m: [32mSync completed in 2025ms[0m
    [2;3mat[0m rch/src/transfer.rs:1592 [2;3mon[0m ThreadId(1)

  [2m2026-06-20T18:37:32.539034Z[0m [32m INFO[0m [1;32mrch::transfer[0m[32m: [32mSyncing /data/projects/frankentorch-cod-a-push-kgs4-125/crates/ft-runtime -> /data/projects/frankentorch-cod-a-push-kgs4-125/crates/ft-runtime on vmi1156319[0m
    [2;3mat[0m rch/src/transfer.rs:1528 [2;3mon[0m ThreadId(1)

  [2m2026-06-20T18:37:34.537527Z[0m [32m INFO[0m [1;32mrch::transfer[0m[32m: [32mSync completed in 1998ms[0m
    [2;3mat[0m rch/src/transfer.rs:1592 [2;3mon[0m ThreadId(1)

  [2m2026-06-20T18:37:34.537602Z[0m [32m INFO[0m [1;32mrch::transfer[0m[32m: [32mSyncing /data/projects/frankentorch-cod-a-push-kgs4-125/crates/ft-serialize -> /data/projects/frankentorch-cod-a-push-kgs4-125/crates/ft-serialize on vmi1156319[0m
    [2;3mat[0m rch/src/transfer.rs:1528 [2;3mon[0m ThreadId(1)

  [2m2026-06-20T18:37:36.639217Z[0m [32m INFO[0m [1;32mrch::transfer[0m[32m: [32mSync completed in 2101ms[0m
    [2;3mat[0m rch/src/transfer.rs:1592 [2;3mon[0m ThreadId(1)

  [2m2026-06-20T18:37:36.639265Z[0m [32m INFO[0m [1;32mrch::hook::transfer_orchestration[0m[32m: [32mSync complete: 4402 files, 8496026 bytes in 28266ms[0m
    [2;3mat[0m rch/src/hook/transfer_orchestration.rs:486 [2;3mon[0m ThreadId(1)

  [2m2026-06-20T18:37:44.697273Z[0m [32m INFO[0m [1;32mrch::hook::transfer_orchestration[0m[32m: [32mExecuting command remotely: cargo clippy -p ft-autograd --lib -- -D warnings[0m
    [2;3mat[0m rch/src/hook/transfer_orchestration.rs:529 [2;3mon[0m ThreadId(1)

  [2m2026-06-20T18:37:44.697319Z[0m [32m INFO[0m [1;32mrch::transfer[0m[32m: [32mRewriting CARGO_TARGET_DIR for remote execution (worker-scoped path): /data/projects/.rch-targets/frankentorch-cod-a -> /data/projects/frankentorch-cod-a-push-kgs4-125/.rch-target-vmi1156319-pool-959214d1103b3b4c3a707b559fefbf31[0m
    [2;3mat[0m rch/src/transfer.rs:799 [2;3mon[0m ThreadId(1)

    Updating crates.io index
 Downloading crates ...
  Downloaded autocfg v1.5.0
  Downloaded crossbeam-epoch v0.9.18
  Downloaded bytemuck_derive v1.10.2
  Downloaded cfg-if v1.0.4
  Downloaded crossbeam-utils v0.8.21
  Downloaded either v1.15.0
  Downloaded crossbeam-deque v0.8.6
  Downloaded rawpointer v0.2.1
  Downloaded num-complex v0.4.6
  Downloaded matrixmultiply v0.3.10
  Downloaded quote v1.0.45
  Downloaded bytemuck v1.25.0
  Downloaded rayon-core v1.13.0
  Downloaded num-traits v0.2.19
  Downloaded unicode-ident v1.0.24
  Downloaded half v2.7.1
  Downloaded proc-macro2 v1.0.106
  Downloaded safe_arch v0.7.4
  Downloaded wide v0.7.33
  Downloaded zerocopy-derive v0.8.48
  Downloaded libm v0.2.16
  Downloaded rayon v1.12.0
  Downloaded zerocopy v0.8.48
  Downloaded syn v2.0.117
   Compiling proc-macro2 v1.0.106
   Compiling unicode-ident v1.0.24
   Compiling quote v1.0.45
   Compiling autocfg v1.5.0
   Compiling crossbeam-utils v0.8.21
   Compiling zerocopy v0.8.48
   Compiling rayon-core v1.13.0
    Checking cfg-if v1.0.4
   Compiling libm v0.2.16
    Checking either v1.15.0
    Checking rawpointer v0.2.1
   Compiling num-traits v0.2.19
   Compiling matrixmultiply v0.3.10
    Checking crossbeam-epoch v0.9.18
    Checking crossbeam-deque v0.8.6
   Compiling syn v2.0.117
    Checking num-complex v0.4.6
    Checking rayon v1.12.0
   Compiling bytemuck_derive v1.10.2
   Compiling zerocopy-derive v0.8.48
    Checking bytemuck v1.25.0
    Checking safe_arch v0.7.4
    Checking wide v0.7.33
    Checking half v2.7.1
    Checking ft-core v0.1.0 (/data/projects/frankentorch-cod-a-push-kgs4-125/crates/ft-core)
    Checking ft-kernel-cpu v0.1.0 (/data/projects/frankentorch-cod-a-push-kgs4-125/crates/ft-kernel-cpu)
    Checking ft-dispatch v0.1.0 (/data/projects/frankentorch-cod-a-push-kgs4-125/crates/ft-dispatch)
    Checking ft-autograd v0.1.0 (/data/projects/frankentorch-cod-a-push-kgs4-125/crates/ft-autograd)
    Finished `dev` profile [unoptimized + debuginfo] target(s) in 37.16s
  [2m2026-06-20T18:38:23.955656Z[0m [32m INFO[0m [1;32mrch::hook::transfer_orchestration[0m[32m: [32mRemote command finished: exit=0 in 39258ms[0m
    [2;3mat[0m rch/src/hook/transfer_orchestration.rs:653 [2;3mon[0m ThreadId(1)

  [2m2026-06-20T18:38:23.956001Z[0m [32m INFO[0m [1;32mrch::hook::transfer_orchestration[0m[32m: [32mRetrieving build artifacts...[0m
    [2;3mat[0m rch/src/hook/transfer_orchestration.rs:702 [2;3mon[0m ThreadId(1)

  [2m2026-06-20T18:38:23.956023Z[0m [32m INFO[0m [1;32mrch::transfer[0m[32m: [32mRetrieving artifacts from /data/projects/frankentorch-cod-a-push-kgs4-125 on vmi1156319[0m
    [2;3mat[0m rch/src/transfer.rs:2246 [2;3mon[0m ThreadId(1)

  [2m2026-06-20T18:38:26.156960Z[0m [32m INFO[0m [1;32mrch::transfer[0m[32m: [32mArtifacts retrieved in 2200ms (1 files, 1180 bytes)[0m
    [2;3mat[0m rch/src/transfer.rs:2301 [2;3mon[0m ThreadId(1)

  [2m2026-06-20T18:38:26.157001Z[0m [32m INFO[0m [1;32mrch::hook::transfer_orchestration[0m[32m: [32mArtifacts retrieved: 1 files, 1180 bytes in 2200ms[0m
    [2;3mat[0m rch/src/hook/transfer_orchestration.rs:735 [2;3mon[0m ThreadId(1)

[RCH] remote vmi1156319 (80.0s)
