  [2m2026-06-20T18:41:44.313428Z[0m [32m INFO[0m [1;32mrch::hook[0m[32m: [32mSelected worker: vmi1153651 at root@38.242.134.66 (2 slots remaining after reservation, speed 50.0)[0m
    [2;3mat[0m rch/src/hook.rs:921 [2;3mon[0m ThreadId(1)

  [2m2026-06-20T18:41:44.677966Z[0m [32m INFO[0m [1;32mrch::hook::transfer_orchestration[0m[32m: [32mStarting remote compilation pipeline for frankentorch-cod-a-push-kgs4-125 (hash: be971c854ccf6c66)[0m
    [2;3mat[0m rch/src/hook/transfer_orchestration.rs:241 [2;3mon[0m ThreadId(1)

  [2m2026-06-20T18:41:44.678007Z[0m [32m INFO[0m [1;32mrch::hook::transfer_orchestration[0m[32m: [32mPrepared dependency sync manifest for 13 roots[0m
    [2;3mat[0m rch/src/hook/transfer_orchestration.rs:263 [2;3mon[0m ThreadId(1)

  [2m2026-06-20T18:41:46.634905Z[0m [32m INFO[0m [1;32mrch::hook::transfer_orchestration[0m[32m: [32mSyncing project to worker vmi1153651...[0m
    [2;3mat[0m rch/src/hook/transfer_orchestration.rs:323 [2;3mon[0m ThreadId(1)

  [2m2026-06-20T18:41:46.634964Z[0m [32m INFO[0m [1;32mrch::transfer[0m[32m: [32mSyncing /data/projects/frankentorch-cod-a-push-kgs4-125 -> /data/projects/frankentorch-cod-a-push-kgs4-125 on vmi1153651[0m
    [2;3mat[0m rch/src/transfer.rs:1528 [2;3mon[0m ThreadId(1)

  [2m2026-06-20T18:41:50.267822Z[0m [32m INFO[0m [1;32mrch::transfer[0m[32m: [32mSync completed in 3632ms[0m
    [2;3mat[0m rch/src/transfer.rs:1592 [2;3mon[0m ThreadId(1)

  [2m2026-06-20T18:41:50.267879Z[0m [32m INFO[0m [1;32mrch::transfer[0m[32m: [32mSyncing /data/projects/frankentorch-cod-a-push-kgs4-125/crates/ft-api -> /data/projects/frankentorch-cod-a-push-kgs4-125/crates/ft-api on vmi1153651[0m
    [2;3mat[0m rch/src/transfer.rs:1528 [2;3mon[0m ThreadId(1)

  [2m2026-06-20T18:41:53.049307Z[0m [32m INFO[0m [1;32mrch::transfer[0m[32m: [32mSync completed in 2781ms[0m
    [2;3mat[0m rch/src/transfer.rs:1592 [2;3mon[0m ThreadId(1)

  [2m2026-06-20T18:41:53.049375Z[0m [32m INFO[0m [1;32mrch::transfer[0m[32m: [32mSyncing /data/projects/frankentorch-cod-a-push-kgs4-125/crates/ft-autograd -> /data/projects/frankentorch-cod-a-push-kgs4-125/crates/ft-autograd on vmi1153651[0m
    [2;3mat[0m rch/src/transfer.rs:1528 [2;3mon[0m ThreadId(1)

  [2m2026-06-20T18:41:56.029351Z[0m [32m INFO[0m [1;32mrch::transfer[0m[32m: [32mSync completed in 2979ms[0m
    [2;3mat[0m rch/src/transfer.rs:1592 [2;3mon[0m ThreadId(1)

  [2m2026-06-20T18:41:56.029429Z[0m [32m INFO[0m [1;32mrch::transfer[0m[32m: [32mSyncing /data/projects/frankentorch-cod-a-push-kgs4-125/crates/ft-conformance -> /data/projects/frankentorch-cod-a-push-kgs4-125/crates/ft-conformance on vmi1153651[0m
    [2;3mat[0m rch/src/transfer.rs:1528 [2;3mon[0m ThreadId(1)

  [2m2026-06-20T18:41:59.470371Z[0m [32m INFO[0m [1;32mrch::transfer[0m[32m: [32mSync completed in 3440ms[0m
    [2;3mat[0m rch/src/transfer.rs:1592 [2;3mon[0m ThreadId(1)

  [2m2026-06-20T18:41:59.470447Z[0m [32m INFO[0m [1;32mrch::transfer[0m[32m: [32mSyncing /data/projects/frankentorch-cod-a-push-kgs4-125/crates/ft-core -> /data/projects/frankentorch-cod-a-push-kgs4-125/crates/ft-core on vmi1153651[0m
    [2;3mat[0m rch/src/transfer.rs:1528 [2;3mon[0m ThreadId(1)

  [2m2026-06-20T18:42:03.464750Z[0m [32m INFO[0m [1;32mrch::transfer[0m[32m: [32mSync completed in 3994ms[0m
    [2;3mat[0m rch/src/transfer.rs:1592 [2;3mon[0m ThreadId(1)

  [2m2026-06-20T18:42:03.464835Z[0m [32m INFO[0m [1;32mrch::transfer[0m[32m: [32mSyncing /data/projects/frankentorch-cod-a-push-kgs4-125/crates/ft-data -> /data/projects/frankentorch-cod-a-push-kgs4-125/crates/ft-data on vmi1153651[0m
    [2;3mat[0m rch/src/transfer.rs:1528 [2;3mon[0m ThreadId(1)

  [2m2026-06-20T18:42:07.411772Z[0m [32m INFO[0m [1;32mrch::transfer[0m[32m: [32mSync completed in 3946ms[0m
    [2;3mat[0m rch/src/transfer.rs:1592 [2;3mon[0m ThreadId(1)

  [2m2026-06-20T18:42:07.411845Z[0m [32m INFO[0m [1;32mrch::transfer[0m[32m: [32mSyncing /data/projects/frankentorch-cod-a-push-kgs4-125/crates/ft-device -> /data/projects/frankentorch-cod-a-push-kgs4-125/crates/ft-device on vmi1153651[0m
    [2;3mat[0m rch/src/transfer.rs:1528 [2;3mon[0m ThreadId(1)

  [2m2026-06-20T18:42:10.527818Z[0m [32m INFO[0m [1;32mrch::transfer[0m[32m: [32mSync completed in 3115ms[0m
    [2;3mat[0m rch/src/transfer.rs:1592 [2;3mon[0m ThreadId(1)

  [2m2026-06-20T18:42:10.527899Z[0m [32m INFO[0m [1;32mrch::transfer[0m[32m: [32mSyncing /data/projects/frankentorch-cod-a-push-kgs4-125/crates/ft-dispatch -> /data/projects/frankentorch-cod-a-push-kgs4-125/crates/ft-dispatch on vmi1153651[0m
    [2;3mat[0m rch/src/transfer.rs:1528 [2;3mon[0m ThreadId(1)

  [2m2026-06-20T18:42:13.408410Z[0m [32m INFO[0m [1;32mrch::transfer[0m[32m: [32mSync completed in 2880ms[0m
    [2;3mat[0m rch/src/transfer.rs:1592 [2;3mon[0m ThreadId(1)

  [2m2026-06-20T18:42:13.408493Z[0m [32m INFO[0m [1;32mrch::transfer[0m[32m: [32mSyncing /data/projects/frankentorch-cod-a-push-kgs4-125/crates/ft-kernel-cpu -> /data/projects/frankentorch-cod-a-push-kgs4-125/crates/ft-kernel-cpu on vmi1153651[0m
    [2;3mat[0m rch/src/transfer.rs:1528 [2;3mon[0m ThreadId(1)

  [2m2026-06-20T18:42:16.026555Z[0m [32m INFO[0m [1;32mrch::transfer[0m[32m: [32mSync completed in 2618ms[0m
    [2;3mat[0m rch/src/transfer.rs:1592 [2;3mon[0m ThreadId(1)

  [2m2026-06-20T18:42:16.026648Z[0m [32m INFO[0m [1;32mrch::transfer[0m[32m: [32mSyncing /data/projects/frankentorch-cod-a-push-kgs4-125/crates/ft-nn -> /data/projects/frankentorch-cod-a-push-kgs4-125/crates/ft-nn on vmi1153651[0m
    [2;3mat[0m rch/src/transfer.rs:1528 [2;3mon[0m ThreadId(1)

  [2m2026-06-20T18:42:18.727498Z[0m [32m INFO[0m [1;32mrch::transfer[0m[32m: [32mSync completed in 2700ms[0m
    [2;3mat[0m rch/src/transfer.rs:1592 [2;3mon[0m ThreadId(1)

  [2m2026-06-20T18:42:18.727591Z[0m [32m INFO[0m [1;32mrch::transfer[0m[32m: [32mSyncing /data/projects/frankentorch-cod-a-push-kgs4-125/crates/ft-optim -> /data/projects/frankentorch-cod-a-push-kgs4-125/crates/ft-optim on vmi1153651[0m
    [2;3mat[0m rch/src/transfer.rs:1528 [2;3mon[0m ThreadId(1)

  [2m2026-06-20T18:42:20.826394Z[0m [32m INFO[0m [1;32mrch::transfer[0m[32m: [32mSync completed in 2098ms[0m
    [2;3mat[0m rch/src/transfer.rs:1592 [2;3mon[0m ThreadId(1)

  [2m2026-06-20T18:42:20.826475Z[0m [32m INFO[0m [1;32mrch::transfer[0m[32m: [32mSyncing /data/projects/frankentorch-cod-a-push-kgs4-125/crates/ft-runtime -> /data/projects/frankentorch-cod-a-push-kgs4-125/crates/ft-runtime on vmi1153651[0m
    [2;3mat[0m rch/src/transfer.rs:1528 [2;3mon[0m ThreadId(1)

  [2m2026-06-20T18:42:23.385301Z[0m [32m INFO[0m [1;32mrch::transfer[0m[32m: [32mSync completed in 2558ms[0m
    [2;3mat[0m rch/src/transfer.rs:1592 [2;3mon[0m ThreadId(1)

  [2m2026-06-20T18:42:23.385376Z[0m [32m INFO[0m [1;32mrch::transfer[0m[32m: [32mSyncing /data/projects/frankentorch-cod-a-push-kgs4-125/crates/ft-serialize -> /data/projects/frankentorch-cod-a-push-kgs4-125/crates/ft-serialize on vmi1153651[0m
    [2;3mat[0m rch/src/transfer.rs:1528 [2;3mon[0m ThreadId(1)

  [2m2026-06-20T18:42:26.430346Z[0m [32m INFO[0m [1;32mrch::transfer[0m[32m: [32mSync completed in 3044ms[0m
    [2;3mat[0m rch/src/transfer.rs:1592 [2;3mon[0m ThreadId(1)

  [2m2026-06-20T18:42:26.430394Z[0m [32m INFO[0m [1;32mrch::hook::transfer_orchestration[0m[32m: [32mSync complete: 4410 files, 287056 bytes in 39785ms[0m
    [2;3mat[0m rch/src/hook/transfer_orchestration.rs:486 [2;3mon[0m ThreadId(1)

  [2m2026-06-20T18:42:34.951146Z[0m [32m INFO[0m [1;32mrch::hook::transfer_orchestration[0m[32m: [32mExecuting command remotely: cargo clippy -p ft-api --lib -- -D warnings[0m
    [2;3mat[0m rch/src/hook/transfer_orchestration.rs:529 [2;3mon[0m ThreadId(1)

  [2m2026-06-20T18:42:34.951200Z[0m [32m INFO[0m [1;32mrch::transfer[0m[32m: [32mRewriting CARGO_TARGET_DIR for remote execution (worker-scoped path): /data/projects/.rch-targets/frankentorch-cod-a -> /data/projects/frankentorch-cod-a-push-kgs4-125/.rch-target-vmi1153651-pool-959214d1103b3b4c3a707b559fefbf31[0m
    [2;3mat[0m rch/src/transfer.rs:799 [2;3mon[0m ThreadId(1)

    Updating crates.io index
 Downloading crates ...
  Downloaded cfg-if v1.0.4
  Downloaded rayon-core v1.13.0
  Downloaded autocfg v1.5.0
  Downloaded num-complex v0.4.6
  Downloaded rawpointer v0.2.1
  Downloaded crossbeam-deque v0.8.6
  Downloaded bytemuck_derive v1.10.2
  Downloaded either v1.15.0
  Downloaded quote v1.0.45
  Downloaded crossbeam-utils v0.8.21
  Downloaded half v2.7.1
  Downloaded num-traits v0.2.19
  Downloaded bytemuck v1.25.0
  Downloaded crossbeam-epoch v0.9.18
  Downloaded matrixmultiply v0.3.10
  Downloaded proc-macro2 v1.0.106
  Downloaded unicode-ident v1.0.24
  Downloaded safe_arch v0.7.4
  Downloaded wide v0.7.33
  Downloaded zerocopy-derive v0.8.48
  Downloaded libm v0.2.16
  Downloaded rayon v1.12.0
  Downloaded syn v2.0.117
  Downloaded zerocopy v0.8.48
   Compiling proc-macro2 v1.0.106
   Compiling unicode-ident v1.0.24
   Compiling quote v1.0.45
   Compiling autocfg v1.5.0
   Compiling crossbeam-utils v0.8.21
   Compiling zerocopy v0.8.48
   Compiling rayon-core v1.13.0
    Checking cfg-if v1.0.4
   Compiling libm v0.2.16
    Checking rawpointer v0.2.1
    Checking either v1.15.0
   Compiling num-traits v0.2.19
   Compiling matrixmultiply v0.3.10
    Checking crossbeam-epoch v0.9.18
   Compiling syn v2.0.117
    Checking crossbeam-deque v0.8.6
    Checking num-complex v0.4.6
    Checking rayon v1.12.0
   Compiling bytemuck_derive v1.10.2
   Compiling zerocopy-derive v0.8.48
    Checking bytemuck v1.25.0
    Checking safe_arch v0.7.4
    Checking wide v0.7.33
    Checking half v2.7.1
    Checking ft-core v0.1.0 (/data/projects/frankentorch-cod-a-push-kgs4-125/crates/ft-core)
    Checking ft-kernel-cpu v0.1.0 (/data/projects/frankentorch-cod-a-push-kgs4-125/crates/ft-kernel-cpu)
    Checking ft-runtime v0.1.0 (/data/projects/frankentorch-cod-a-push-kgs4-125/crates/ft-runtime)
    Checking ft-dispatch v0.1.0 (/data/projects/frankentorch-cod-a-push-kgs4-125/crates/ft-dispatch)
    Checking ft-autograd v0.1.0 (/data/projects/frankentorch-cod-a-push-kgs4-125/crates/ft-autograd)
    Checking ft-api v0.1.0 (/data/projects/frankentorch-cod-a-push-kgs4-125/crates/ft-api)
    Finished `dev` profile [unoptimized + debuginfo] target(s) in 1m 07s
  [2m2026-06-20T18:43:46.015388Z[0m [32m INFO[0m [1;32mrch::hook::transfer_orchestration[0m[32m: [32mRemote command finished: exit=0 in 71064ms[0m
    [2;3mat[0m rch/src/hook/transfer_orchestration.rs:653 [2;3mon[0m ThreadId(1)

  [2m2026-06-20T18:43:46.015641Z[0m [32m INFO[0m [1;32mrch::hook::transfer_orchestration[0m[32m: [32mRetrieving build artifacts...[0m
    [2;3mat[0m rch/src/hook/transfer_orchestration.rs:702 [2;3mon[0m ThreadId(1)

  [2m2026-06-20T18:43:46.015655Z[0m [32m INFO[0m [1;32mrch::transfer[0m[32m: [32mRetrieving artifacts from /data/projects/frankentorch-cod-a-push-kgs4-125 on vmi1153651[0m
    [2;3mat[0m rch/src/transfer.rs:2246 [2;3mon[0m ThreadId(1)

  [2m2026-06-20T18:43:48.472286Z[0m [32m INFO[0m [1;32mrch::transfer[0m[32m: [32mArtifacts retrieved in 2456ms (1 files, 1180 bytes)[0m
    [2;3mat[0m rch/src/transfer.rs:2301 [2;3mon[0m ThreadId(1)

  [2m2026-06-20T18:43:48.472323Z[0m [32m INFO[0m [1;32mrch::hook::transfer_orchestration[0m[32m: [32mArtifacts retrieved: 1 files, 1180 bytes in 2456ms[0m
    [2;3mat[0m rch/src/hook/transfer_orchestration.rs:735 [2;3mon[0m ThreadId(1)

[RCH] remote vmi1153651 (124.2s)
