  [2m2026-06-26T06:03:30.083380Z[0m [32m INFO[0m [1;32mrch::hook[0m[32m: [32mSelected worker: vmi1264463 at root@38.242.209.154 (2 slots remaining after reservation, speed 50.0)[0m
    [2;3mat[0m rch/src/hook.rs:867 [2;3mon[0m ThreadId(1)

  [2m2026-06-26T06:03:30.343691Z[0m [32m INFO[0m [1;32mrch::hook::transfer_orchestration[0m[32m: [32mStarting remote compilation pipeline for frankentorch (hash: a66f74c02962d452)[0m
    [2;3mat[0m rch/src/hook/transfer_orchestration.rs:241 [2;3mon[0m ThreadId(1)

  [2m2026-06-26T06:03:30.343724Z[0m [32m INFO[0m [1;32mrch::hook::transfer_orchestration[0m[32m: [32mPrepared dependency sync manifest for 13 roots[0m
    [2;3mat[0m rch/src/hook/transfer_orchestration.rs:263 [2;3mon[0m ThreadId(1)

  [2m2026-06-26T06:04:07.279649Z[0m [32m INFO[0m [1;32mrch::hook::transfer_orchestration[0m[32m: [32mSyncing project to worker vmi1264463...[0m
    [2;3mat[0m rch/src/hook/transfer_orchestration.rs:323 [2;3mon[0m ThreadId(1)

  [2m2026-06-26T06:04:07.279697Z[0m [32m INFO[0m [1;32mrch::transfer[0m[32m: [32mSyncing /data/projects/frankentorch -> /data/projects/frankentorch on vmi1264463[0m
    [2;3mat[0m rch/src/transfer.rs:1528 [2;3mon[0m ThreadId(1)

  [2m2026-06-26T06:04:20.699660Z[0m [32m INFO[0m [1;32mrch::transfer[0m[32m: [32mSync completed in 13419ms[0m
    [2;3mat[0m rch/src/transfer.rs:1592 [2;3mon[0m ThreadId(1)

  [2m2026-06-26T06:04:20.699753Z[0m [32m INFO[0m [1;32mrch::transfer[0m[32m: [32mSyncing /data/projects/frankentorch/crates/ft-api -> /data/projects/frankentorch/crates/ft-api on vmi1264463[0m
    [2;3mat[0m rch/src/transfer.rs:1528 [2;3mon[0m ThreadId(1)

  [2m2026-06-26T06:04:23.110699Z[0m [32m INFO[0m [1;32mrch::transfer[0m[32m: [32mSync completed in 2410ms[0m
    [2;3mat[0m rch/src/transfer.rs:1592 [2;3mon[0m ThreadId(1)

  [2m2026-06-26T06:04:23.110780Z[0m [32m INFO[0m [1;32mrch::transfer[0m[32m: [32mSyncing /data/projects/frankentorch/crates/ft-autograd -> /data/projects/frankentorch/crates/ft-autograd on vmi1264463[0m
    [2;3mat[0m rch/src/transfer.rs:1528 [2;3mon[0m ThreadId(1)

  [2m2026-06-26T06:04:25.393323Z[0m [32m INFO[0m [1;32mrch::transfer[0m[32m: [32mSync completed in 2282ms[0m
    [2;3mat[0m rch/src/transfer.rs:1592 [2;3mon[0m ThreadId(1)

  [2m2026-06-26T06:04:25.393391Z[0m [32m INFO[0m [1;32mrch::transfer[0m[32m: [32mSyncing /data/projects/frankentorch/crates/ft-conformance -> /data/projects/frankentorch/crates/ft-conformance on vmi1264463[0m
    [2;3mat[0m rch/src/transfer.rs:1528 [2;3mon[0m ThreadId(1)

  [2m2026-06-26T06:04:27.335808Z[0m [32m INFO[0m [1;32mrch::transfer[0m[32m: [32mSync completed in 1942ms[0m
    [2;3mat[0m rch/src/transfer.rs:1592 [2;3mon[0m ThreadId(1)

  [2m2026-06-26T06:04:27.335963Z[0m [32m INFO[0m [1;32mrch::transfer[0m[32m: [32mSyncing /data/projects/frankentorch/crates/ft-core -> /data/projects/frankentorch/crates/ft-core on vmi1264463[0m
    [2;3mat[0m rch/src/transfer.rs:1528 [2;3mon[0m ThreadId(1)

  [2m2026-06-26T06:04:29.349417Z[0m [32m INFO[0m [1;32mrch::transfer[0m[32m: [32mSync completed in 2013ms[0m
    [2;3mat[0m rch/src/transfer.rs:1592 [2;3mon[0m ThreadId(1)

  [2m2026-06-26T06:04:29.349484Z[0m [32m INFO[0m [1;32mrch::transfer[0m[32m: [32mSyncing /data/projects/frankentorch/crates/ft-data -> /data/projects/frankentorch/crates/ft-data on vmi1264463[0m
    [2;3mat[0m rch/src/transfer.rs:1528 [2;3mon[0m ThreadId(1)

  [2m2026-06-26T06:04:31.564857Z[0m [32m INFO[0m [1;32mrch::transfer[0m[32m: [32mSync completed in 2215ms[0m
    [2;3mat[0m rch/src/transfer.rs:1592 [2;3mon[0m ThreadId(1)

  [2m2026-06-26T06:04:31.564974Z[0m [32m INFO[0m [1;32mrch::transfer[0m[32m: [32mSyncing /data/projects/frankentorch/crates/ft-device -> /data/projects/frankentorch/crates/ft-device on vmi1264463[0m
    [2;3mat[0m rch/src/transfer.rs:1528 [2;3mon[0m ThreadId(1)

  [2m2026-06-26T06:04:33.505148Z[0m [32m INFO[0m [1;32mrch::transfer[0m[32m: [32mSync completed in 1940ms[0m
    [2;3mat[0m rch/src/transfer.rs:1592 [2;3mon[0m ThreadId(1)

  [2m2026-06-26T06:04:33.505212Z[0m [32m INFO[0m [1;32mrch::transfer[0m[32m: [32mSyncing /data/projects/frankentorch/crates/ft-dispatch -> /data/projects/frankentorch/crates/ft-dispatch on vmi1264463[0m
    [2;3mat[0m rch/src/transfer.rs:1528 [2;3mon[0m ThreadId(1)

  [2m2026-06-26T06:04:35.542744Z[0m [32m INFO[0m [1;32mrch::transfer[0m[32m: [32mSync completed in 2037ms[0m
    [2;3mat[0m rch/src/transfer.rs:1592 [2;3mon[0m ThreadId(1)

  [2m2026-06-26T06:04:35.542814Z[0m [32m INFO[0m [1;32mrch::transfer[0m[32m: [32mSyncing /data/projects/frankentorch/crates/ft-kernel-cpu -> /data/projects/frankentorch/crates/ft-kernel-cpu on vmi1264463[0m
    [2;3mat[0m rch/src/transfer.rs:1528 [2;3mon[0m ThreadId(1)

  [2m2026-06-26T06:04:37.488121Z[0m [32m INFO[0m [1;32mrch::transfer[0m[32m: [32mSync completed in 1945ms[0m
    [2;3mat[0m rch/src/transfer.rs:1592 [2;3mon[0m ThreadId(1)

  [2m2026-06-26T06:04:37.488234Z[0m [32m INFO[0m [1;32mrch::transfer[0m[32m: [32mSyncing /data/projects/frankentorch/crates/ft-nn -> /data/projects/frankentorch/crates/ft-nn on vmi1264463[0m
    [2;3mat[0m rch/src/transfer.rs:1528 [2;3mon[0m ThreadId(1)

  [2m2026-06-26T06:04:39.580292Z[0m [32m INFO[0m [1;32mrch::transfer[0m[32m: [32mSync completed in 2092ms[0m
    [2;3mat[0m rch/src/transfer.rs:1592 [2;3mon[0m ThreadId(1)

  [2m2026-06-26T06:04:39.580352Z[0m [32m INFO[0m [1;32mrch::transfer[0m[32m: [32mSyncing /data/projects/frankentorch/crates/ft-optim -> /data/projects/frankentorch/crates/ft-optim on vmi1264463[0m
    [2;3mat[0m rch/src/transfer.rs:1528 [2;3mon[0m ThreadId(1)

  [2m2026-06-26T06:04:41.985243Z[0m [32m INFO[0m [1;32mrch::transfer[0m[32m: [32mSync completed in 2404ms[0m
    [2;3mat[0m rch/src/transfer.rs:1592 [2;3mon[0m ThreadId(1)

  [2m2026-06-26T06:04:41.985317Z[0m [32m INFO[0m [1;32mrch::transfer[0m[32m: [32mSyncing /data/projects/frankentorch/crates/ft-runtime -> /data/projects/frankentorch/crates/ft-runtime on vmi1264463[0m
    [2;3mat[0m rch/src/transfer.rs:1528 [2;3mon[0m ThreadId(1)

  [2m2026-06-26T06:04:44.349905Z[0m [32m INFO[0m [1;32mrch::transfer[0m[32m: [32mSync completed in 2364ms[0m
    [2;3mat[0m rch/src/transfer.rs:1592 [2;3mon[0m ThreadId(1)

  [2m2026-06-26T06:04:44.350009Z[0m [32m INFO[0m [1;32mrch::transfer[0m[32m: [32mSyncing /data/projects/frankentorch/crates/ft-serialize -> /data/projects/frankentorch/crates/ft-serialize on vmi1264463[0m
    [2;3mat[0m rch/src/transfer.rs:1528 [2;3mon[0m ThreadId(1)

  [2m2026-06-26T06:04:46.394739Z[0m [32m INFO[0m [1;32mrch::transfer[0m[32m: [32mSync completed in 2044ms[0m
    [2;3mat[0m rch/src/transfer.rs:1592 [2;3mon[0m ThreadId(1)

  [2m2026-06-26T06:04:46.394786Z[0m [32m INFO[0m [1;32mrch::hook::transfer_orchestration[0m[32m: [32mSync complete: 54465 files, 1962345 bytes in 39107ms[0m
    [2;3mat[0m rch/src/hook/transfer_orchestration.rs:486 [2;3mon[0m ThreadId(1)

  [2m2026-06-26T06:05:01.912387Z[0m [32m INFO[0m [1;32mrch::hook::transfer_orchestration[0m[32m: [32mExecuting command remotely: cargo run --release -p ft-api --example compare_h2h[0m
    [2;3mat[0m rch/src/hook/transfer_orchestration.rs:529 [2;3mon[0m ThreadId(1)

  [2m2026-06-26T06:05:01.912430Z[0m [32m INFO[0m [1;32mrch::transfer[0m[32m: [32mRewriting CARGO_TARGET_DIR for remote execution (worker-scoped path): /data/projects/.rch-targets/frankentorch-cod-b -> /data/projects/frankentorch/.rch-target-vmi1264463-pool-f9267e1ec5d1223616a90f276787c4af[0m
    [2;3mat[0m rch/src/transfer.rs:799 [2;3mon[0m ThreadId(1)

    Updating crates.io index
 Downloading crates ...
  Downloaded plotters-backend v0.3.7
  Downloaded clap_lex v1.1.0
  Downloaded ciborium-ll v0.2.2
  Downloaded cfg-if v1.0.4
  Downloaded is-terminal v0.4.17
  Downloaded itoa v1.0.18
  Downloaded rawpointer v0.2.1
  Downloaded cast v0.3.0
  Downloaded same-file v1.0.6
  Downloaded oorandom v11.1.5
  Downloaded ciborium-io v0.2.2
  Downloaded crossbeam-deque v0.8.6
  Downloaded plotters-svg v0.3.7
  Downloaded autocfg v1.5.0
  Downloaded anstyle v1.0.14
  Downloaded criterion-plot v0.5.0
  Downloaded either v1.15.0
  Downloaded num-complex v0.4.6
  Downloaded tinytemplate v1.2.1
  Downloaded bytemuck_derive v1.10.2
  Downloaded quote v1.0.45
  Downloaded walkdir v2.5.0
  Downloaded anes v0.1.6
  Downloaded ciborium v0.2.2
  Downloaded zmij v1.0.21
  Downloaded bytemuck v1.25.0
  Downloaded crossbeam-epoch v0.9.18
  Downloaded proc-macro2 v1.0.106
  Downloaded half v2.7.1
  Downloaded once_cell v1.21.4
  Downloaded clap v4.6.1
  Downloaded num-traits v0.2.19
  Downloaded safe_arch v0.7.4
  Downloaded serde_core v1.0.228
  Downloaded serde_derive v1.0.228
  Downloaded unicode-ident v1.0.24
  Downloaded crossbeam-utils v0.8.21
  Downloaded matrixmultiply v0.3.10
  Downloaded rayon-core v1.13.0
  Downloaded zerocopy-derive v0.8.48
  Downloaded memchr v2.8.0
  Downloaded serde v1.0.228
  Downloaded wide v0.7.33
  Downloaded criterion v0.5.1
  Downloaded itertools v0.10.5
  Downloaded libm v0.2.16
  Downloaded plotters v0.3.7
  Downloaded regex v1.12.3
  Downloaded serde_json v1.0.149
  Downloaded rayon v1.12.0
  Downloaded aho-corasick v1.1.4
  Downloaded clap_builder v4.6.0
  Downloaded zerocopy v0.8.48
  Downloaded syn v2.0.117
  Downloaded regex-syntax v0.8.10
  Downloaded regex-automata v0.4.14
  Downloaded libc v0.2.185
   Compiling proc-macro2 v1.0.106
   Compiling quote v1.0.45
   Compiling unicode-ident v1.0.24
   Compiling autocfg v1.5.0
   Compiling zerocopy v0.8.48
   Compiling crossbeam-utils v0.8.21
   Compiling cfg-if v1.0.4
   Compiling rayon-core v1.13.0
   Compiling either v1.15.0
   Compiling serde_core v1.0.228
   Compiling libm v0.2.16
   Compiling serde v1.0.228
   Compiling rawpointer v0.2.1
   Compiling num-traits v0.2.19
   Compiling matrixmultiply v0.3.10
   Compiling zmij v1.0.21
   Compiling crossbeam-epoch v0.9.18
   Compiling crossbeam-deque v0.8.6
   Compiling syn v2.0.117
   Compiling libc v0.2.185
   Compiling serde_json v1.0.149
   Compiling plotters-backend v0.3.7
   Compiling regex-syntax v0.8.10
   Compiling clap_lex v1.1.0
   Compiling num-complex v0.4.6
   Compiling rayon v1.12.0
   Compiling memchr v2.8.0
   Compiling anstyle v1.0.14
   Compiling itoa v1.0.18
   Compiling ciborium-io v0.2.2
   Compiling clap_builder v4.6.0
   Compiling regex-automata v0.4.14
   Compiling plotters-svg v0.3.7
   Compiling itertools v0.10.5
   Compiling same-file v1.0.6
   Compiling cast v0.3.0
   Compiling walkdir v2.5.0
   Compiling is-terminal v0.4.17
   Compiling plotters v0.3.7
   Compiling bytemuck_derive v1.10.2
   Compiling zerocopy-derive v0.8.48
   Compiling serde_derive v1.0.228
   Compiling regex v1.12.3
   Compiling criterion-plot v0.5.0
   Compiling bytemuck v1.25.0
   Compiling safe_arch v0.7.4
   Compiling wide v0.7.33
   Compiling clap v4.6.1
   Compiling oorandom v11.1.5
   Compiling once_cell v1.21.4
   Compiling anes v0.1.6
   Compiling tinytemplate v1.2.1
   Compiling half v2.7.1
   Compiling ft-core v0.1.0 (/data/projects/frankentorch/crates/ft-core)
   Compiling ciborium-ll v0.2.2
   Compiling ciborium v0.2.2
   Compiling ft-kernel-cpu v0.1.0 (/data/projects/frankentorch/crates/ft-kernel-cpu)
   Compiling ft-runtime v0.1.0 (/data/projects/frankentorch/crates/ft-runtime)
   Compiling criterion v0.5.1
   Compiling ft-dispatch v0.1.0 (/data/projects/frankentorch/crates/ft-dispatch)
   Compiling ft-autograd v0.1.0 (/data/projects/frankentorch/crates/ft-autograd)
   Compiling ft-api v0.1.0 (/data/projects/frankentorch/crates/ft-api)
    Finished `release` profile [optimized] target(s) in 3m 32s
     Running `.rch-target-vmi1264463-pool-f9267e1ec5d1223616a90f276787c4af/release/examples/compare_h2h`
Traceback (most recent call last):
  File "<stdin>", line 2, in <module>
ModuleNotFoundError: No module named 'torch'
op            FT(ms)    PT(ms)   ratio(PT/FT, <1=FT slower)
  [2m2026-06-26T06:08:51.024832Z[0m [32m INFO[0m [1;32mrch::hook::transfer_orchestration[0m[32m: [32mRemote command finished: exit=0 in 229112ms[0m
    [2;3mat[0m rch/src/hook/transfer_orchestration.rs:653 [2;3mon[0m ThreadId(1)

  [2m2026-06-26T06:08:51.025192Z[0m [32m INFO[0m [1;32mrch::hook::transfer_orchestration[0m[32m: [32mRetrieving build artifacts...[0m
    [2;3mat[0m rch/src/hook/transfer_orchestration.rs:702 [2;3mon[0m ThreadId(1)

  [2m2026-06-26T06:08:51.025208Z[0m [32m INFO[0m [1;32mrch::transfer[0m[32m: [32mRetrieving artifacts from /data/projects/frankentorch on vmi1264463[0m
    [2;3mat[0m rch/src/transfer.rs:2246 [2;3mon[0m ThreadId(1)

  [2m2026-06-26T06:08:53.430754Z[0m [32m INFO[0m [1;32mrch::transfer[0m[32m: [32mArtifacts retrieved in 2405ms (1 files, 1759 bytes)[0m
    [2;3mat[0m rch/src/transfer.rs:2301 [2;3mon[0m ThreadId(1)

  [2m2026-06-26T06:08:53.430784Z[0m [32m INFO[0m [1;32mrch::hook::transfer_orchestration[0m[32m: [32mArtifacts retrieved: 1 files, 1759 bytes in 2405ms[0m
    [2;3mat[0m rch/src/hook/transfer_orchestration.rs:735 [2;3mon[0m ThreadId(1)

  [2m2026-06-26T06:08:53.430960Z[0m [32m INFO[0m [1;32mrch::transfer[0m[32m: [32mRetrieving artifacts from /data/projects/frankentorch/.rch-target-vmi1264463-pool-f9267e1ec5d1223616a90f276787c4af on vmi1264463[0m
    [2;3mat[0m rch/src/transfer.rs:2246 [2;3mon[0m ThreadId(1)

  [2m2026-06-26T06:09:14.010566Z[0m [32m INFO[0m [1;32mrch::transfer[0m[32m: [32mArtifacts retrieved in 20579ms (201 files, 1022650 bytes)[0m
    [2;3mat[0m rch/src/transfer.rs:2301 [2;3mon[0m ThreadId(1)

  [2m2026-06-26T06:09:14.010592Z[0m [32m INFO[0m [1;32mrch::hook::transfer_orchestration[0m[32m: [32mCustom CARGO_TARGET_DIR artifacts retrieved: 201 files, 1022650 bytes in 20579ms[0m
    [2;3mat[0m rch/src/hook/transfer_orchestration.rs:859 [2;3mon[0m ThreadId(1)

[RCH] remote vmi1264463 (343.9s)
