  [2m2026-06-15T18:54:21.585450Z[0m [32m INFO[0m [1;32mrch::hook[0m[32m: [32mSelected worker: vmi1149989 at root@212.90.121.76 (0 slots remaining after reservation, speed 50.0)[0m
    [2;3mat[0m rch/src/hook.rs:514 [2;3mon[0m ThreadId(1)

  [2m2026-06-15T18:54:21.899441Z[0m [32m INFO[0m [1;32mrch::hook[0m[32m: [32mStarting remote compilation pipeline for frankentorch (hash: 0ec0772f2c4d842e)[0m
    [2;3mat[0m rch/src/hook.rs:5994 [2;3mon[0m ThreadId(1)

  [2m2026-06-15T18:54:21.899485Z[0m [32m INFO[0m [1;32mrch::hook[0m[32m: [32mPrepared dependency sync manifest for 13 roots[0m
    [2;3mat[0m rch/src/hook.rs:6016 [2;3mon[0m ThreadId(1)

  [2m2026-06-15T18:54:23.649426Z[0m [32m INFO[0m [1;32mrch::hook[0m[32m: [32mSyncing project to worker vmi1149989...[0m
    [2;3mat[0m rch/src/hook.rs:6046 [2;3mon[0m ThreadId(1)

  [2m2026-06-15T18:54:23.649543Z[0m [32m INFO[0m [1;32mrch::transfer[0m[32m: [32mSyncing /data/projects/frankentorch -> /data/projects/frankentorch on vmi1149989[0m
    [2;3mat[0m rch/src/transfer.rs:1434 [2;3mon[0m ThreadId(1)

  [2m2026-06-15T18:54:31.522309Z[0m [32m INFO[0m [1;32mrch::transfer[0m[32m: [32mSync completed in 7872ms[0m
    [2;3mat[0m rch/src/transfer.rs:1503 [2;3mon[0m ThreadId(1)

  [2m2026-06-15T18:54:31.522438Z[0m [32m INFO[0m [1;32mrch::transfer[0m[32m: [32mSyncing /data/projects/frankentorch/crates/ft-api -> /data/projects/frankentorch/crates/ft-api on vmi1149989[0m
    [2;3mat[0m rch/src/transfer.rs:1434 [2;3mon[0m ThreadId(1)

  [2m2026-06-15T18:54:33.496042Z[0m [32m INFO[0m [1;32mrch::transfer[0m[32m: [32mSync completed in 1973ms[0m
    [2;3mat[0m rch/src/transfer.rs:1503 [2;3mon[0m ThreadId(1)

  [2m2026-06-15T18:54:33.496170Z[0m [32m INFO[0m [1;32mrch::transfer[0m[32m: [32mSyncing /data/projects/frankentorch/crates/ft-autograd -> /data/projects/frankentorch/crates/ft-autograd on vmi1149989[0m
    [2;3mat[0m rch/src/transfer.rs:1434 [2;3mon[0m ThreadId(1)

  [2m2026-06-15T18:54:35.402297Z[0m [32m INFO[0m [1;32mrch::transfer[0m[32m: [32mSync completed in 1906ms[0m
    [2;3mat[0m rch/src/transfer.rs:1503 [2;3mon[0m ThreadId(1)

  [2m2026-06-15T18:54:35.402477Z[0m [32m INFO[0m [1;32mrch::transfer[0m[32m: [32mSyncing /data/projects/frankentorch/crates/ft-conformance -> /data/projects/frankentorch/crates/ft-conformance on vmi1149989[0m
    [2;3mat[0m rch/src/transfer.rs:1434 [2;3mon[0m ThreadId(1)

  [2m2026-06-15T18:54:37.221967Z[0m [32m INFO[0m [1;32mrch::transfer[0m[32m: [32mSync completed in 1819ms[0m
    [2;3mat[0m rch/src/transfer.rs:1503 [2;3mon[0m ThreadId(1)

  [2m2026-06-15T18:54:37.222105Z[0m [32m INFO[0m [1;32mrch::transfer[0m[32m: [32mSyncing /data/projects/frankentorch/crates/ft-core -> /data/projects/frankentorch/crates/ft-core on vmi1149989[0m
    [2;3mat[0m rch/src/transfer.rs:1434 [2;3mon[0m ThreadId(1)

  [2m2026-06-15T18:54:39.203763Z[0m [32m INFO[0m [1;32mrch::transfer[0m[32m: [32mSync completed in 1981ms[0m
    [2;3mat[0m rch/src/transfer.rs:1503 [2;3mon[0m ThreadId(1)

  [2m2026-06-15T18:54:39.203879Z[0m [32m INFO[0m [1;32mrch::transfer[0m[32m: [32mSyncing /data/projects/frankentorch/crates/ft-data -> /data/projects/frankentorch/crates/ft-data on vmi1149989[0m
    [2;3mat[0m rch/src/transfer.rs:1434 [2;3mon[0m ThreadId(1)

  [2m2026-06-15T18:54:41.242293Z[0m [32m INFO[0m [1;32mrch::transfer[0m[32m: [32mSync completed in 2038ms[0m
    [2;3mat[0m rch/src/transfer.rs:1503 [2;3mon[0m ThreadId(1)

  [2m2026-06-15T18:54:41.242427Z[0m [32m INFO[0m [1;32mrch::transfer[0m[32m: [32mSyncing /data/projects/frankentorch/crates/ft-device -> /data/projects/frankentorch/crates/ft-device on vmi1149989[0m
    [2;3mat[0m rch/src/transfer.rs:1434 [2;3mon[0m ThreadId(1)

  [2m2026-06-15T18:54:43.114890Z[0m [32m INFO[0m [1;32mrch::transfer[0m[32m: [32mSync completed in 1872ms[0m
    [2;3mat[0m rch/src/transfer.rs:1503 [2;3mon[0m ThreadId(1)

  [2m2026-06-15T18:54:43.115023Z[0m [32m INFO[0m [1;32mrch::transfer[0m[32m: [32mSyncing /data/projects/frankentorch/crates/ft-dispatch -> /data/projects/frankentorch/crates/ft-dispatch on vmi1149989[0m
    [2;3mat[0m rch/src/transfer.rs:1434 [2;3mon[0m ThreadId(1)

  [2m2026-06-15T18:54:44.978192Z[0m [32m INFO[0m [1;32mrch::transfer[0m[32m: [32mSync completed in 1863ms[0m
    [2;3mat[0m rch/src/transfer.rs:1503 [2;3mon[0m ThreadId(1)

  [2m2026-06-15T18:54:44.978302Z[0m [32m INFO[0m [1;32mrch::transfer[0m[32m: [32mSyncing /data/projects/frankentorch/crates/ft-kernel-cpu -> /data/projects/frankentorch/crates/ft-kernel-cpu on vmi1149989[0m
    [2;3mat[0m rch/src/transfer.rs:1434 [2;3mon[0m ThreadId(1)

  [2m2026-06-15T18:54:46.785562Z[0m [32m INFO[0m [1;32mrch::transfer[0m[32m: [32mSync completed in 1807ms[0m
    [2;3mat[0m rch/src/transfer.rs:1503 [2;3mon[0m ThreadId(1)

  [2m2026-06-15T18:54:46.785676Z[0m [32m INFO[0m [1;32mrch::transfer[0m[32m: [32mSyncing /data/projects/frankentorch/crates/ft-nn -> /data/projects/frankentorch/crates/ft-nn on vmi1149989[0m
    [2;3mat[0m rch/src/transfer.rs:1434 [2;3mon[0m ThreadId(1)

  [2m2026-06-15T18:54:48.641809Z[0m [32m INFO[0m [1;32mrch::transfer[0m[32m: [32mSync completed in 1856ms[0m
    [2;3mat[0m rch/src/transfer.rs:1503 [2;3mon[0m ThreadId(1)

  [2m2026-06-15T18:54:48.641908Z[0m [32m INFO[0m [1;32mrch::transfer[0m[32m: [32mSyncing /data/projects/frankentorch/crates/ft-optim -> /data/projects/frankentorch/crates/ft-optim on vmi1149989[0m
    [2;3mat[0m rch/src/transfer.rs:1434 [2;3mon[0m ThreadId(1)

  [2m2026-06-15T18:54:50.518694Z[0m [32m INFO[0m [1;32mrch::transfer[0m[32m: [32mSync completed in 1876ms[0m
    [2;3mat[0m rch/src/transfer.rs:1503 [2;3mon[0m ThreadId(1)

  [2m2026-06-15T18:54:50.518808Z[0m [32m INFO[0m [1;32mrch::transfer[0m[32m: [32mSyncing /data/projects/frankentorch/crates/ft-runtime -> /data/projects/frankentorch/crates/ft-runtime on vmi1149989[0m
    [2;3mat[0m rch/src/transfer.rs:1434 [2;3mon[0m ThreadId(1)

  [2m2026-06-15T18:54:52.292199Z[0m [32m INFO[0m [1;32mrch::transfer[0m[32m: [32mSync completed in 1773ms[0m
    [2;3mat[0m rch/src/transfer.rs:1503 [2;3mon[0m ThreadId(1)

  [2m2026-06-15T18:54:52.292298Z[0m [32m INFO[0m [1;32mrch::transfer[0m[32m: [32mSyncing /data/projects/frankentorch/crates/ft-serialize -> /data/projects/frankentorch/crates/ft-serialize on vmi1149989[0m
    [2;3mat[0m rch/src/transfer.rs:1434 [2;3mon[0m ThreadId(1)

  [2m2026-06-15T18:54:54.161145Z[0m [32m INFO[0m [1;32mrch::transfer[0m[32m: [32mSync completed in 1868ms[0m
    [2;3mat[0m rch/src/transfer.rs:1503 [2;3mon[0m ThreadId(1)

  [2m2026-06-15T18:54:54.161186Z[0m [32m INFO[0m [1;32mrch::hook[0m[32m: [32mSync complete: 52183 files, 1863883 bytes in 30504ms[0m
    [2;3mat[0m rch/src/hook.rs:6209 [2;3mon[0m ThreadId(1)

  [2m2026-06-15T18:54:59.589183Z[0m [32m INFO[0m [1;32mrch::hook[0m[32m: [32mExecuting command remotely: cargo bench -p ft-autograd --bench backward_bench -- activation_backward/mish_chain_16x65536 --warm-up-time 1 --measurement-time 5 --sample-size 20 --noplot[0m
    [2;3mat[0m rch/src/hook.rs:6252 [2;3mon[0m ThreadId(1)

  [2m2026-06-15T18:54:59.589254Z[0m [32m INFO[0m [1;32mrch::transfer[0m[32m: [32mRewriting CARGO_TARGET_DIR for remote execution (worker-scoped path): /data/tmp/cargo-target -> /data/projects/frankentorch/.rch-target-vmi1149989-job-29884606035532960-1781549663649418193-0[0m
    [2;3mat[0m rch/src/transfer.rs:712 [2;3mon[0m ThreadId(1)

    Updating crates.io index
 Downloading crates ...
  Downloaded fnv v1.0.7
  Downloaded errno v0.3.14
  Downloaded cfg-if v1.0.4
  Downloaded ppv-lite86 v0.2.21
  Downloaded rand_chacha v0.9.0
  Downloaded once_cell v1.21.4
  Downloaded bytemuck_derive v1.10.2
  Downloaded rustix v1.1.4
  Downloaded cast v0.3.0
  Downloaded bit-vec v0.8.0
  Downloaded anstyle v1.0.14
  Downloaded autocfg v1.5.0
  Downloaded bit-set v0.8.0
  Downloaded zerocopy v0.8.48
  Downloaded bitflags v2.11.1
  Downloaded aho-corasick v1.1.4
  Downloaded same-file v1.0.6
  Downloaded criterion-plot v0.5.0
  Downloaded tempfile v3.27.0
  Downloaded bytemuck v1.25.0
  Downloaded rayon-core v1.13.0
  Downloaded itertools v0.10.5
  Downloaded insta v1.47.2
  Downloaded serde_derive v1.0.228
  Downloaded ciborium-io v0.2.2
  Downloaded clap_lex v1.1.0
  Downloaded itoa v1.0.18
  Downloaded plotters-backend v0.3.7
  Downloaded unarray v0.1.4
  Downloaded zmij v1.0.21
  Downloaded rand_xorshift v0.4.0
  Downloaded anes v0.1.6
  Downloaded is-terminal v0.4.17
  Downloaded fastrand v2.4.1
  Downloaded rusty-fork v0.3.1
  Downloaded wait-timeout v0.2.1
  Downloaded quick-error v1.2.3
  Downloaded rawpointer v0.2.1
  Downloaded similar v2.7.0
  Downloaded ciborium-ll v0.2.2
  Downloaded quote v1.0.45
  Downloaded tinytemplate v1.2.1
  Downloaded walkdir v2.5.0
  Downloaded plotters-svg v0.3.7
  Downloaded unicode-ident v1.0.24
  Downloaded clap v4.6.1
  Downloaded getrandom v0.3.4
  Downloaded either v1.15.0
  Downloaded num-complex v0.4.6
  Downloaded oorandom v11.1.5
  Downloaded rand_core v0.9.5
  Downloaded ciborium v0.2.2
  Downloaded matrixmultiply v0.3.10
  Downloaded crossbeam-epoch v0.9.18
  Downloaded crossbeam-deque v0.8.6
  Downloaded crossbeam-utils v0.8.21
  Downloaded console v0.16.3
  Downloaded proc-macro2 v1.0.106
  Downloaded half v2.7.1
  Downloaded num-traits v0.2.19
  Downloaded serde_core v1.0.228
  Downloaded safe_arch v0.7.4
  Downloaded criterion v0.5.1
  Downloaded zerocopy-derive v0.8.48
  Downloaded serde v1.0.228
  Downloaded rand v0.9.4
  Downloaded libm v0.2.16
  Downloaded wide v0.7.33
  Downloaded plotters v0.3.7
  Downloaded regex v1.12.3
  Downloaded memchr v2.8.0
  Downloaded serde_json v1.0.149
  Downloaded clap_builder v4.6.0
  Downloaded proptest v1.11.0
  Downloaded rayon v1.12.0
  Downloaded syn v2.0.117
  Downloaded regex-syntax v0.8.10
  Downloaded regex-automata v0.4.14
  Downloaded libc v0.2.185
  Downloaded linux-raw-sys v0.12.1
   Compiling proc-macro2 v1.0.106
   Compiling unicode-ident v1.0.24
   Compiling quote v1.0.45
   Compiling cfg-if v1.0.4
   Compiling libc v0.2.185
   Compiling autocfg v1.5.0
   Compiling zerocopy v0.8.48
   Compiling getrandom v0.3.4
   Compiling crossbeam-utils v0.8.21
   Compiling serde_core v1.0.228
   Compiling either v1.15.0
   Compiling rayon-core v1.13.0
   Compiling rustix v1.1.4
   Compiling linux-raw-sys v0.12.1
   Compiling bitflags v2.11.1
   Compiling once_cell v1.21.4
   Compiling serde v1.0.228
   Compiling num-traits v0.2.19
   Compiling matrixmultiply v0.3.10
   Compiling libm v0.2.16
   Compiling zmij v1.0.21
   Compiling rawpointer v0.2.1
   Compiling serde_json v1.0.149
   Compiling fastrand v2.4.1
   Compiling regex-syntax v0.8.10
   Compiling syn v2.0.117
   Compiling crossbeam-epoch v0.9.18
   Compiling crossbeam-deque v0.8.6
   Compiling num-complex v0.4.6
   Compiling clap_lex v1.1.0
   Compiling rand_core v0.9.5
   Compiling memchr v2.8.0
   Compiling rayon v1.12.0
   Compiling anstyle v1.0.14
   Compiling ciborium-io v0.2.2
   Compiling itoa v1.0.18
   Compiling tempfile v3.27.0
   Compiling plotters-backend v0.3.7
   Compiling plotters-svg v0.3.7
   Compiling regex-automata v0.4.14
   Compiling clap_builder v4.6.0
   Compiling wait-timeout v0.2.1
   Compiling itertools v0.10.5
   Compiling quick-error v1.2.3
   Compiling same-file v1.0.6
   Compiling bit-vec v0.8.0
   Compiling cast v0.3.0
   Compiling fnv v1.0.7
   Compiling rusty-fork v0.3.1
   Compiling bit-set v0.8.0
   Compiling walkdir v2.5.0
   Compiling zerocopy-derive v0.8.48
   Compiling bytemuck_derive v1.10.2
   Compiling serde_derive v1.0.228
   Compiling plotters v0.3.7
   Compiling criterion-plot v0.5.0
   Compiling rand v0.9.4
   Compiling bytemuck v1.25.0
   Compiling safe_arch v0.7.4
   Compiling regex v1.12.3
   Compiling wide v0.7.33
   Compiling clap v4.6.1
   Compiling rand_xorshift v0.4.0
   Compiling is-terminal v0.4.17
   Compiling console v0.16.3
   Compiling oorandom v11.1.5
   Compiling anes v0.1.6
   Compiling similar v2.7.0
   Compiling unarray v0.1.4
   Compiling insta v1.47.2
   Compiling tinytemplate v1.2.1
   Compiling half v2.7.1
   Compiling ppv-lite86 v0.2.21
   Compiling ft-core v0.1.0 (/data/projects/frankentorch/crates/ft-core)
   Compiling ciborium-ll v0.2.2
   Compiling rand_chacha v0.9.0
   Compiling ciborium v0.2.2
   Compiling proptest v1.11.0
   Compiling ft-kernel-cpu v0.1.0 (/data/projects/frankentorch/crates/ft-kernel-cpu)
   Compiling criterion v0.5.1
   Compiling ft-dispatch v0.1.0 (/data/projects/frankentorch/crates/ft-dispatch)
   Compiling ft-autograd v0.1.0 (/data/projects/frankentorch/crates/ft-autograd)
    Finished `bench` profile [optimized + debuginfo] target(s) in 1m 46s
     Running benches/backward_bench.rs (.rch-target-vmi1149989-job-29884606035532960-1781549663649418193-0/release/deps/backward_bench-7cfc73f77a6e4eda)
Gnuplot not found, using plotters backend
Benchmarking activation_backward/mish_chain_16x65536
Benchmarking activation_backward/mish_chain_16x65536: Warming up for 1.0000 s

Warning: Unable to complete 20 samples in 5.0s. You may wish to increase target time to 6.8s, enable flat sampling, or reduce sample count to 10.
Benchmarking activation_backward/mish_chain_16x65536: Collecting 20 samples in estimated 6.8230 s (210 iterations)
Benchmarking activation_backward/mish_chain_16x65536: Analyzing
activation_backward/mish_chain_16x65536
                        time:   [27.166 ms 31.971 ms 39.616 ms]

  [2m2026-06-15T18:57:01.097188Z[0m [32m INFO[0m [1;32mrch::hook[0m[32m: [32mRemote command finished: exit=0 in 121507ms[0m
    [2;3mat[0m rch/src/hook.rs:6376 [2;3mon[0m ThreadId(1)

  [2m2026-06-15T18:57:01.097462Z[0m [32m INFO[0m [1;32mrch::hook[0m[32m: [32mRetrieving build artifacts...[0m
    [2;3mat[0m rch/src/hook.rs:6425 [2;3mon[0m ThreadId(1)

  [2m2026-06-15T18:57:01.097475Z[0m [32m INFO[0m [1;32mrch::transfer[0m[32m: [32mRetrieving artifacts from /data/projects/frankentorch on vmi1149989[0m
    [2;3mat[0m rch/src/transfer.rs:2106 [2;3mon[0m ThreadId(1)

  [2m2026-06-15T18:57:03.050676Z[0m [32m INFO[0m [1;32mrch::transfer[0m[32m: [32mArtifacts retrieved in 1953ms (1 files, 1824 bytes)[0m
    [2;3mat[0m rch/src/transfer.rs:2145 [2;3mon[0m ThreadId(1)

  [2m2026-06-15T18:57:03.050704Z[0m [32m INFO[0m [1;32mrch::hook[0m[32m: [32mArtifacts retrieved: 1 files, 1824 bytes in 1953ms[0m
    [2;3mat[0m rch/src/hook.rs:6458 [2;3mon[0m ThreadId(1)

  [2m2026-06-15T18:57:03.050810Z[0m [32m INFO[0m [1;32mrch::transfer[0m[32m: [32mRetrieving artifacts from /data/projects/frankentorch/.rch-target-vmi1149989-job-29884606035532960-1781549663649418193-0 on vmi1149989[0m
    [2;3mat[0m rch/src/transfer.rs:2106 [2;3mon[0m ThreadId(1)

  [2m2026-06-15T18:57:05.051613Z[0m [32m INFO[0m [1;32mrch::transfer[0m[32m: [32mArtifacts retrieved in 2000ms (14 files, 725 bytes)[0m
    [2;3mat[0m rch/src/transfer.rs:2145 [2;3mon[0m ThreadId(1)

  [2m2026-06-15T18:57:05.051639Z[0m [32m INFO[0m [1;32mrch::hook[0m[32m: [32mCustom CARGO_TARGET_DIR artifacts retrieved: 14 files, 725 bytes in 2000ms[0m
    [2;3mat[0m rch/src/hook.rs:6582 [2;3mon[0m ThreadId(1)

[RCH] remote vmi1149989 (163.5s)
