  [2m2026-06-11T01:56:14.859884Z[0m [32m INFO[0m [1;32mrch::hook[0m[32m: [32mSelected worker: vmi1227854 at root@109.123.245.77 (0 slots remaining after reservation, speed 50.0)[0m
    [2;3mat[0m rch/src/hook.rs:514 [2;3mon[0m ThreadId(1)

  [2m2026-06-11T01:56:15.169961Z[0m [32m INFO[0m [1;32mrch::hook[0m[32m: [32mStarting remote compilation pipeline for frankentorch (hash: 3d6dc0f5ca5d2899)[0m
    [2;3mat[0m rch/src/hook.rs:5994 [2;3mon[0m ThreadId(1)

  [2m2026-06-11T01:56:15.170025Z[0m [32m INFO[0m [1;32mrch::hook[0m[32m: [32mPrepared dependency sync manifest for 13 roots[0m
    [2;3mat[0m rch/src/hook.rs:6016 [2;3mon[0m ThreadId(1)

  [2m2026-06-11T01:56:16.815032Z[0m [32m INFO[0m [1;32mrch::hook[0m[32m: [32mSyncing project to worker vmi1227854...[0m
    [2;3mat[0m rch/src/hook.rs:6046 [2;3mon[0m ThreadId(1)

  [2m2026-06-11T01:56:16.815095Z[0m [32m INFO[0m [1;32mrch::transfer[0m[32m: [32mSyncing /data/projects/frankentorch -> /data/projects/frankentorch on vmi1227854[0m
    [2;3mat[0m rch/src/transfer.rs:1434 [2;3mon[0m ThreadId(1)

  [2m2026-06-11T01:56:24.471261Z[0m [32m INFO[0m [1;32mrch::transfer[0m[32m: [32mSync completed in 7656ms[0m
    [2;3mat[0m rch/src/transfer.rs:1503 [2;3mon[0m ThreadId(1)

  [2m2026-06-11T01:56:24.471338Z[0m [32m INFO[0m [1;32mrch::transfer[0m[32m: [32mSyncing /data/projects/frankentorch/crates/ft-api -> /data/projects/frankentorch/crates/ft-api on vmi1227854[0m
    [2;3mat[0m rch/src/transfer.rs:1434 [2;3mon[0m ThreadId(1)

  [2m2026-06-11T01:56:26.343908Z[0m [32m INFO[0m [1;32mrch::transfer[0m[32m: [32mSync completed in 1872ms[0m
    [2;3mat[0m rch/src/transfer.rs:1503 [2;3mon[0m ThreadId(1)

  [2m2026-06-11T01:56:26.344034Z[0m [32m INFO[0m [1;32mrch::transfer[0m[32m: [32mSyncing /data/projects/frankentorch/crates/ft-autograd -> /data/projects/frankentorch/crates/ft-autograd on vmi1227854[0m
    [2;3mat[0m rch/src/transfer.rs:1434 [2;3mon[0m ThreadId(1)

  [2m2026-06-11T01:56:28.232927Z[0m [32m INFO[0m [1;32mrch::transfer[0m[32m: [32mSync completed in 1888ms[0m
    [2;3mat[0m rch/src/transfer.rs:1503 [2;3mon[0m ThreadId(1)

  [2m2026-06-11T01:56:28.233013Z[0m [32m INFO[0m [1;32mrch::transfer[0m[32m: [32mSyncing /data/projects/frankentorch/crates/ft-conformance -> /data/projects/frankentorch/crates/ft-conformance on vmi1227854[0m
    [2;3mat[0m rch/src/transfer.rs:1434 [2;3mon[0m ThreadId(1)

  [2m2026-06-11T01:56:30.033681Z[0m [32m INFO[0m [1;32mrch::transfer[0m[32m: [32mSync completed in 1800ms[0m
    [2;3mat[0m rch/src/transfer.rs:1503 [2;3mon[0m ThreadId(1)

  [2m2026-06-11T01:56:30.033788Z[0m [32m INFO[0m [1;32mrch::transfer[0m[32m: [32mSyncing /data/projects/frankentorch/crates/ft-core -> /data/projects/frankentorch/crates/ft-core on vmi1227854[0m
    [2;3mat[0m rch/src/transfer.rs:1434 [2;3mon[0m ThreadId(1)

  [2m2026-06-11T01:56:31.905864Z[0m [32m INFO[0m [1;32mrch::transfer[0m[32m: [32mSync completed in 1872ms[0m
    [2;3mat[0m rch/src/transfer.rs:1503 [2;3mon[0m ThreadId(1)

  [2m2026-06-11T01:56:31.906045Z[0m [32m INFO[0m [1;32mrch::transfer[0m[32m: [32mSyncing /data/projects/frankentorch/crates/ft-data -> /data/projects/frankentorch/crates/ft-data on vmi1227854[0m
    [2;3mat[0m rch/src/transfer.rs:1434 [2;3mon[0m ThreadId(1)

  [2m2026-06-11T01:56:33.737520Z[0m [32m INFO[0m [1;32mrch::transfer[0m[32m: [32mSync completed in 1831ms[0m
    [2;3mat[0m rch/src/transfer.rs:1503 [2;3mon[0m ThreadId(1)

  [2m2026-06-11T01:56:33.737597Z[0m [32m INFO[0m [1;32mrch::transfer[0m[32m: [32mSyncing /data/projects/frankentorch/crates/ft-device -> /data/projects/frankentorch/crates/ft-device on vmi1227854[0m
    [2;3mat[0m rch/src/transfer.rs:1434 [2;3mon[0m ThreadId(1)

  [2m2026-06-11T01:56:35.615113Z[0m [32m INFO[0m [1;32mrch::transfer[0m[32m: [32mSync completed in 1877ms[0m
    [2;3mat[0m rch/src/transfer.rs:1503 [2;3mon[0m ThreadId(1)

  [2m2026-06-11T01:56:35.615202Z[0m [32m INFO[0m [1;32mrch::transfer[0m[32m: [32mSyncing /data/projects/frankentorch/crates/ft-dispatch -> /data/projects/frankentorch/crates/ft-dispatch on vmi1227854[0m
    [2;3mat[0m rch/src/transfer.rs:1434 [2;3mon[0m ThreadId(1)

  [2m2026-06-11T01:56:37.508746Z[0m [32m INFO[0m [1;32mrch::transfer[0m[32m: [32mSync completed in 1893ms[0m
    [2;3mat[0m rch/src/transfer.rs:1503 [2;3mon[0m ThreadId(1)

  [2m2026-06-11T01:56:37.508842Z[0m [32m INFO[0m [1;32mrch::transfer[0m[32m: [32mSyncing /data/projects/frankentorch/crates/ft-kernel-cpu -> /data/projects/frankentorch/crates/ft-kernel-cpu on vmi1227854[0m
    [2;3mat[0m rch/src/transfer.rs:1434 [2;3mon[0m ThreadId(1)

  [2m2026-06-11T01:56:39.360372Z[0m [32m INFO[0m [1;32mrch::transfer[0m[32m: [32mSync completed in 1851ms[0m
    [2;3mat[0m rch/src/transfer.rs:1503 [2;3mon[0m ThreadId(1)

  [2m2026-06-11T01:56:39.360452Z[0m [32m INFO[0m [1;32mrch::transfer[0m[32m: [32mSyncing /data/projects/frankentorch/crates/ft-nn -> /data/projects/frankentorch/crates/ft-nn on vmi1227854[0m
    [2;3mat[0m rch/src/transfer.rs:1434 [2;3mon[0m ThreadId(1)

  [2m2026-06-11T01:56:41.147696Z[0m [32m INFO[0m [1;32mrch::transfer[0m[32m: [32mSync completed in 1787ms[0m
    [2;3mat[0m rch/src/transfer.rs:1503 [2;3mon[0m ThreadId(1)

  [2m2026-06-11T01:56:41.147781Z[0m [32m INFO[0m [1;32mrch::transfer[0m[32m: [32mSyncing /data/projects/frankentorch/crates/ft-optim -> /data/projects/frankentorch/crates/ft-optim on vmi1227854[0m
    [2;3mat[0m rch/src/transfer.rs:1434 [2;3mon[0m ThreadId(1)

  [2m2026-06-11T01:56:42.965702Z[0m [32m INFO[0m [1;32mrch::transfer[0m[32m: [32mSync completed in 1817ms[0m
    [2;3mat[0m rch/src/transfer.rs:1503 [2;3mon[0m ThreadId(1)

  [2m2026-06-11T01:56:42.965801Z[0m [32m INFO[0m [1;32mrch::transfer[0m[32m: [32mSyncing /data/projects/frankentorch/crates/ft-runtime -> /data/projects/frankentorch/crates/ft-runtime on vmi1227854[0m
    [2;3mat[0m rch/src/transfer.rs:1434 [2;3mon[0m ThreadId(1)

  [2m2026-06-11T01:56:44.752006Z[0m [32m INFO[0m [1;32mrch::transfer[0m[32m: [32mSync completed in 1786ms[0m
    [2;3mat[0m rch/src/transfer.rs:1503 [2;3mon[0m ThreadId(1)

  [2m2026-06-11T01:56:44.752085Z[0m [32m INFO[0m [1;32mrch::transfer[0m[32m: [32mSyncing /data/projects/frankentorch/crates/ft-serialize -> /data/projects/frankentorch/crates/ft-serialize on vmi1227854[0m
    [2;3mat[0m rch/src/transfer.rs:1434 [2;3mon[0m ThreadId(1)

  [2m2026-06-11T01:56:46.694624Z[0m [32m INFO[0m [1;32mrch::transfer[0m[32m: [32mSync completed in 1942ms[0m
    [2;3mat[0m rch/src/transfer.rs:1503 [2;3mon[0m ThreadId(1)

  [2m2026-06-11T01:56:46.694671Z[0m [32m INFO[0m [1;32mrch::hook[0m[32m: [32mSync complete: 51518 files, 1845744 bytes in 29872ms[0m
    [2;3mat[0m rch/src/hook.rs:6209 [2;3mon[0m ThreadId(1)

  [2m2026-06-11T01:56:50.712442Z[0m [32m INFO[0m [1;32mrch::hook[0m[32m: [32mExecuting command remotely: cargo run -j 1 -p ft-kernel-cpu --release --example eigvals_golden[0m
    [2;3mat[0m rch/src/hook.rs:6252 [2;3mon[0m ThreadId(1)

  [2m2026-06-11T01:56:50.712489Z[0m [32m INFO[0m [1;32mrch::transfer[0m[32m: [32mRewriting CARGO_TARGET_DIR for remote execution (worker-scoped path): /data/tmp/cargo-target -> /data/projects/frankentorch/.rch-target-vmi1227854-job-29879662679165769-1781142976815024298-0[0m
    [2;3mat[0m rch/src/transfer.rs:712 [2;3mon[0m ThreadId(1)

    Updating crates.io index
 Downloading crates ...
  Downloaded anes v0.1.6
  Downloaded bit-set v0.8.0
  Downloaded anstyle v1.0.14
  Downloaded autocfg v1.5.0
  Downloaded bit-vec v0.8.0
  Downloaded ciborium-ll v0.2.2
  Downloaded is-terminal v0.4.17
  Downloaded clap_lex v1.1.0
  Downloaded plotters-backend v0.3.7
  Downloaded errno v0.3.14
  Downloaded plotters-svg v0.3.7
  Downloaded fnv v1.0.7
  Downloaded ciborium-io v0.2.2
  Downloaded cast v0.3.0
  Downloaded rawpointer v0.2.1
  Downloaded itoa v1.0.18
  Downloaded wait-timeout v0.2.1
  Downloaded aho-corasick v1.1.4
  Downloaded cfg-if v1.0.4
  Downloaded same-file v1.0.6
  Downloaded rand_xorshift v0.4.0
  Downloaded unarray v0.1.4
  Downloaded quick-error v1.2.3
  Downloaded criterion-plot v0.5.0
  Downloaded either v1.15.0
  Downloaded rusty-fork v0.3.1
  Downloaded walkdir v2.5.0
  Downloaded crossbeam-deque v0.8.6
  Downloaded fastrand v2.4.1
  Downloaded num-complex v0.4.6
  Downloaded rand_core v0.9.5
  Downloaded ppv-lite86 v0.2.21
  Downloaded oorandom v11.1.5
  Downloaded quote v1.0.45
  Downloaded tinytemplate v1.2.1
  Downloaded rand_chacha v0.9.0
  Downloaded zmij v1.0.21
  Downloaded console v0.16.3
  Downloaded ciborium v0.2.2
  Downloaded crossbeam-epoch v0.9.18
  Downloaded bitflags v2.11.1
  Downloaded bytemuck_derive v1.10.2
  Downloaded crossbeam-utils v0.8.21
  Downloaded once_cell v1.21.4
  Downloaded serde_core v1.0.228
  Downloaded tempfile v3.27.0
  Downloaded getrandom v0.3.4
  Downloaded half v2.7.1
  Downloaded proc-macro2 v1.0.106
  Downloaded num-traits v0.2.19
  Downloaded rayon-core v1.13.0
  Downloaded safe_arch v0.7.4
  Downloaded serde_derive v1.0.228
  Downloaded similar v2.7.0
  Downloaded unicode-ident v1.0.24
  Downloaded bytemuck v1.25.0
  Downloaded clap v4.6.1
  Downloaded matrixmultiply v0.3.10
  Downloaded memchr v2.8.0
  Downloaded serde v1.0.228
  Downloaded zerocopy-derive v0.8.48
  Downloaded wide v0.7.33
  Downloaded insta v1.47.2
  Downloaded itertools v0.10.5
  Downloaded rand v0.9.4
  Downloaded criterion v0.5.1
  Downloaded serde_json v1.0.149
  Downloaded plotters v0.3.7
  Downloaded clap_builder v4.6.0
  Downloaded libm v0.2.16
  Downloaded regex v1.12.3
  Downloaded rayon v1.12.0
  Downloaded proptest v1.11.0
  Downloaded syn v2.0.117
  Downloaded zerocopy v0.8.48
  Downloaded regex-syntax v0.8.10
  Downloaded rustix v1.1.4
  Downloaded regex-automata v0.4.14
  Downloaded libc v0.2.185
  Downloaded linux-raw-sys v0.12.1
   Compiling proc-macro2 v1.0.106
   Compiling unicode-ident v1.0.24
   Compiling quote v1.0.45
   Compiling syn v2.0.117
   Compiling cfg-if v1.0.4
   Compiling libc v0.2.185
   Compiling autocfg v1.5.0
   Compiling zerocopy v0.8.48
   Compiling zerocopy-derive v0.8.48
   Compiling getrandom v0.3.4
   Compiling bytemuck_derive v1.10.2
   Compiling bytemuck v1.25.0
   Compiling num-traits v0.2.19
   Compiling crossbeam-utils v0.8.21
   Compiling serde_core v1.0.228
   Compiling rustix v1.1.4
   Compiling crossbeam-epoch v0.9.18
   Compiling half v2.7.1
   Compiling either v1.15.0
   Compiling rayon-core v1.13.0
   Compiling once_cell v1.21.4
   Compiling serde v1.0.228
   Compiling zmij v1.0.21
   Compiling bitflags v2.11.1
   Compiling linux-raw-sys v0.12.1
   Compiling crossbeam-deque v0.8.6
   Compiling rand_core v0.9.5
   Compiling serde_derive v1.0.228
   Compiling serde_json v1.0.149
   Compiling regex-syntax v0.8.10
   Compiling fastrand v2.4.1
   Compiling tempfile v3.27.0
   Compiling matrixmultiply v0.3.10
   Compiling itoa v1.0.18
   Compiling clap_lex v1.1.0
   Compiling memchr v2.8.0
   Compiling anstyle v1.0.14
   Compiling libm v0.2.16
   Compiling plotters-backend v0.3.7
   Compiling ciborium-io v0.2.2
   Compiling ciborium-ll v0.2.2
   Compiling plotters-svg v0.3.7
   Compiling clap_builder v4.6.0
   Compiling rayon v1.12.0
   Compiling regex-automata v0.4.14
   Compiling itertools v0.10.5
   Compiling num-complex v0.4.6
   Compiling safe_arch v0.7.4
   Compiling ppv-lite86 v0.2.21
   Compiling wait-timeout v0.2.1
   Compiling quick-error v1.2.3
   Compiling rawpointer v0.2.1
   Compiling same-file v1.0.6
   Compiling fnv v1.0.7
   Compiling bit-vec v0.8.0
   Compiling cast v0.3.0
   Compiling criterion-plot v0.5.0
   Compiling bit-set v0.8.0
   Compiling rusty-fork v0.3.1
   Compiling walkdir v2.5.0
   Compiling rand_chacha v0.9.0
   Compiling wide v0.7.33
   Compiling ft-core v0.1.0 (/data/projects/frankentorch/crates/ft-core)
   Compiling regex v1.12.3
   Compiling tinytemplate v1.2.1
   Compiling clap v4.6.1
   Compiling plotters v0.3.7
   Compiling ciborium v0.2.2
   Compiling rand_xorshift v0.4.0
   Compiling rand v0.9.4
   Compiling is-terminal v0.4.17
   Compiling console v0.16.3
   Compiling unarray v0.1.4
   Compiling oorandom v11.1.5
   Compiling anes v0.1.6
   Compiling similar v2.7.0
   Compiling insta v1.47.2
   Compiling criterion v0.5.1
   Compiling proptest v1.11.0
   Compiling ft-kernel-cpu v0.1.0 (/data/projects/frankentorch/crates/ft-kernel-cpu)
    Finished `release` profile [optimized] target(s) in 2m 31s
     Running `.rch-target-vmi1227854-job-29879662679165769-1781142976815024298-0/release/examples/eigvals_golden`
frankentorch-l9xod eigvals_golden n=64
eigvals_digest=0xbc0583d464b1a211
eig_digest=0xbc0583d464b1a211
frankentorch-l9xod eigvals_golden n=128
eigvals_digest=0x763c4b15d92c4b89
eig_digest=0x763c4b15d92c4b89
frankentorch-l9xod eigvals_golden n=256
eigvals_digest=0x00b87b4996340204
eig_digest=0x00b87b4996340204
  [2m2026-06-11T01:59:24.554942Z[0m [32m INFO[0m [1;32mrch::hook[0m[32m: [32mRemote command finished: exit=0 in 153842ms[0m
    [2;3mat[0m rch/src/hook.rs:6376 [2;3mon[0m ThreadId(1)

  [2m2026-06-11T01:59:24.555217Z[0m [32m INFO[0m [1;32mrch::hook[0m[32m: [32mRetrieving build artifacts...[0m
    [2;3mat[0m rch/src/hook.rs:6425 [2;3mon[0m ThreadId(1)

  [2m2026-06-11T01:59:24.555237Z[0m [32m INFO[0m [1;32mrch::transfer[0m[32m: [32mRetrieving artifacts from /data/projects/frankentorch on vmi1227854[0m
    [2;3mat[0m rch/src/transfer.rs:2106 [2;3mon[0m ThreadId(1)

  [2m2026-06-11T01:59:26.657974Z[0m [32m INFO[0m [1;32mrch::transfer[0m[32m: [32mArtifacts retrieved in 2102ms (5 files, 1709 bytes)[0m
    [2;3mat[0m rch/src/transfer.rs:2145 [2;3mon[0m ThreadId(1)

  [2m2026-06-11T01:59:26.658004Z[0m [32m INFO[0m [1;32mrch::hook[0m[32m: [32mArtifacts retrieved: 5 files, 1709 bytes in 2102ms[0m
    [2;3mat[0m rch/src/hook.rs:6458 [2;3mon[0m ThreadId(1)

  [2m2026-06-11T01:59:26.658087Z[0m [32m INFO[0m [1;32mrch::transfer[0m[32m: [32mRetrieving artifacts from /data/projects/frankentorch/.rch-target-vmi1227854-job-29879662679165769-1781142976815024298-0 on vmi1227854[0m
    [2;3mat[0m rch/src/transfer.rs:2106 [2;3mon[0m ThreadId(1)

  [2m2026-06-11T01:59:32.526688Z[0m [32m INFO[0m [1;32mrch::transfer[0m[32m: [32mArtifacts retrieved in 5868ms (930 files, 993394 bytes)[0m
    [2;3mat[0m rch/src/transfer.rs:2145 [2;3mon[0m ThreadId(1)

  [2m2026-06-11T01:59:32.526719Z[0m [32m INFO[0m [1;32mrch::hook[0m[32m: [32mCustom CARGO_TARGET_DIR artifacts retrieved: 930 files, 993394 bytes in 5868ms[0m
    [2;3mat[0m rch/src/hook.rs:6582 [2;3mon[0m ThreadId(1)

[RCH] remote vmi1227854 (197.7s)
