  [2m2026-06-08T09:13:21.678377Z[0m [32m INFO[0m [1;32mrch::hook[0m[32m: [32mSelected worker: vmi1153651 at ubuntu@38.242.134.66 (9 slots remaining after reservation, speed 50.0)[0m
    [2;3mat[0m rch/src/hook.rs:514 [2;3mon[0m ThreadId(1)

  [2m2026-06-08T09:13:21.973384Z[0m [32m INFO[0m [1;32mrch::hook[0m[32m: [32mStarting remote compilation pipeline for frankentorch-rja5x-baseline-475a5782-20260608T0908Z (hash: 0bdde48b88dd7cfb)[0m
    [2;3mat[0m rch/src/hook.rs:5994 [2;3mon[0m ThreadId(1)

  [2m2026-06-08T09:13:21.973439Z[0m [32m INFO[0m [1;32mrch::hook[0m[32m: [32mPrepared dependency sync manifest for 13 roots[0m
    [2;3mat[0m rch/src/hook.rs:6016 [2;3mon[0m ThreadId(1)

  [2m2026-06-08T09:13:44.214671Z[0m [32m INFO[0m [1;32mrch::hook[0m[32m: [32mSyncing project to worker vmi1153651...[0m
    [2;3mat[0m rch/src/hook.rs:6046 [2;3mon[0m ThreadId(1)

  [2m2026-06-08T09:13:44.214746Z[0m [32m INFO[0m [1;32mrch::transfer[0m[32m: [32mSyncing /data/projects/.scratch/frankentorch-rja5x-baseline-475a5782-20260608T0908Z -> /data/projects/.scratch/frankentorch-rja5x-baseline-475a5782-20260608T0908Z on vmi1153651[0m
    [2;3mat[0m rch/src/transfer.rs:1400 [2;3mon[0m ThreadId(1)

  [2m2026-06-08T09:13:47.528106Z[0m [32m INFO[0m [1;32mrch::transfer[0m[32m: [32mSync completed in 3313ms[0m
    [2;3mat[0m rch/src/transfer.rs:1469 [2;3mon[0m ThreadId(1)

  [2m2026-06-08T09:13:47.528194Z[0m [32m INFO[0m [1;32mrch::transfer[0m[32m: [32mSyncing /data/projects/.scratch/frankentorch-rja5x-baseline-475a5782-20260608T0908Z/crates/ft-api -> /data/projects/.scratch/frankentorch-rja5x-baseline-475a5782-20260608T0908Z/crates/ft-api on vmi1153651[0m
    [2;3mat[0m rch/src/transfer.rs:1400 [2;3mon[0m ThreadId(1)

  [2m2026-06-08T09:13:49.478254Z[0m [32m INFO[0m [1;32mrch::transfer[0m[32m: [32mSync completed in 1950ms[0m
    [2;3mat[0m rch/src/transfer.rs:1469 [2;3mon[0m ThreadId(1)

  [2m2026-06-08T09:13:49.478336Z[0m [32m INFO[0m [1;32mrch::transfer[0m[32m: [32mSyncing /data/projects/.scratch/frankentorch-rja5x-baseline-475a5782-20260608T0908Z/crates/ft-autograd -> /data/projects/.scratch/frankentorch-rja5x-baseline-475a5782-20260608T0908Z/crates/ft-autograd on vmi1153651[0m
    [2;3mat[0m rch/src/transfer.rs:1400 [2;3mon[0m ThreadId(1)

  [2m2026-06-08T09:13:51.517459Z[0m [32m INFO[0m [1;32mrch::transfer[0m[32m: [32mSync completed in 2039ms[0m
    [2;3mat[0m rch/src/transfer.rs:1469 [2;3mon[0m ThreadId(1)

  [2m2026-06-08T09:13:51.517560Z[0m [32m INFO[0m [1;32mrch::transfer[0m[32m: [32mSyncing /data/projects/.scratch/frankentorch-rja5x-baseline-475a5782-20260608T0908Z/crates/ft-conformance -> /data/projects/.scratch/frankentorch-rja5x-baseline-475a5782-20260608T0908Z/crates/ft-conformance on vmi1153651[0m
    [2;3mat[0m rch/src/transfer.rs:1400 [2;3mon[0m ThreadId(1)

  [2m2026-06-08T09:13:53.392700Z[0m [32m INFO[0m [1;32mrch::transfer[0m[32m: [32mSync completed in 1875ms[0m
    [2;3mat[0m rch/src/transfer.rs:1469 [2;3mon[0m ThreadId(1)

  [2m2026-06-08T09:13:53.392817Z[0m [32m INFO[0m [1;32mrch::transfer[0m[32m: [32mSyncing /data/projects/.scratch/frankentorch-rja5x-baseline-475a5782-20260608T0908Z/crates/ft-core -> /data/projects/.scratch/frankentorch-rja5x-baseline-475a5782-20260608T0908Z/crates/ft-core on vmi1153651[0m
    [2;3mat[0m rch/src/transfer.rs:1400 [2;3mon[0m ThreadId(1)

  [2m2026-06-08T09:13:55.495949Z[0m [32m INFO[0m [1;32mrch::transfer[0m[32m: [32mSync completed in 2103ms[0m
    [2;3mat[0m rch/src/transfer.rs:1469 [2;3mon[0m ThreadId(1)

  [2m2026-06-08T09:13:55.496043Z[0m [32m INFO[0m [1;32mrch::transfer[0m[32m: [32mSyncing /data/projects/.scratch/frankentorch-rja5x-baseline-475a5782-20260608T0908Z/crates/ft-data -> /data/projects/.scratch/frankentorch-rja5x-baseline-475a5782-20260608T0908Z/crates/ft-data on vmi1153651[0m
    [2;3mat[0m rch/src/transfer.rs:1400 [2;3mon[0m ThreadId(1)

  [2m2026-06-08T09:13:57.572218Z[0m [32m INFO[0m [1;32mrch::transfer[0m[32m: [32mSync completed in 2076ms[0m
    [2;3mat[0m rch/src/transfer.rs:1469 [2;3mon[0m ThreadId(1)

  [2m2026-06-08T09:13:57.572307Z[0m [32m INFO[0m [1;32mrch::transfer[0m[32m: [32mSyncing /data/projects/.scratch/frankentorch-rja5x-baseline-475a5782-20260608T0908Z/crates/ft-device -> /data/projects/.scratch/frankentorch-rja5x-baseline-475a5782-20260608T0908Z/crates/ft-device on vmi1153651[0m
    [2;3mat[0m rch/src/transfer.rs:1400 [2;3mon[0m ThreadId(1)

  [2m2026-06-08T09:13:59.915310Z[0m [32m INFO[0m [1;32mrch::transfer[0m[32m: [32mSync completed in 2342ms[0m
    [2;3mat[0m rch/src/transfer.rs:1469 [2;3mon[0m ThreadId(1)

  [2m2026-06-08T09:13:59.915401Z[0m [32m INFO[0m [1;32mrch::transfer[0m[32m: [32mSyncing /data/projects/.scratch/frankentorch-rja5x-baseline-475a5782-20260608T0908Z/crates/ft-dispatch -> /data/projects/.scratch/frankentorch-rja5x-baseline-475a5782-20260608T0908Z/crates/ft-dispatch on vmi1153651[0m
    [2;3mat[0m rch/src/transfer.rs:1400 [2;3mon[0m ThreadId(1)

  [2m2026-06-08T09:14:04.001597Z[0m [32m INFO[0m [1;32mrch::transfer[0m[32m: [32mSync completed in 4086ms[0m
    [2;3mat[0m rch/src/transfer.rs:1469 [2;3mon[0m ThreadId(1)

  [2m2026-06-08T09:14:04.001687Z[0m [32m INFO[0m [1;32mrch::transfer[0m[32m: [32mSyncing /data/projects/.scratch/frankentorch-rja5x-baseline-475a5782-20260608T0908Z/crates/ft-kernel-cpu -> /data/projects/.scratch/frankentorch-rja5x-baseline-475a5782-20260608T0908Z/crates/ft-kernel-cpu on vmi1153651[0m
    [2;3mat[0m rch/src/transfer.rs:1400 [2;3mon[0m ThreadId(1)

  [2m2026-06-08T09:14:07.039103Z[0m [32m INFO[0m [1;32mrch::transfer[0m[32m: [32mSync completed in 3037ms[0m
    [2;3mat[0m rch/src/transfer.rs:1469 [2;3mon[0m ThreadId(1)

  [2m2026-06-08T09:14:07.039190Z[0m [32m INFO[0m [1;32mrch::transfer[0m[32m: [32mSyncing /data/projects/.scratch/frankentorch-rja5x-baseline-475a5782-20260608T0908Z/crates/ft-nn -> /data/projects/.scratch/frankentorch-rja5x-baseline-475a5782-20260608T0908Z/crates/ft-nn on vmi1153651[0m
    [2;3mat[0m rch/src/transfer.rs:1400 [2;3mon[0m ThreadId(1)

  [2m2026-06-08T09:14:09.200962Z[0m [32m INFO[0m [1;32mrch::transfer[0m[32m: [32mSync completed in 2161ms[0m
    [2;3mat[0m rch/src/transfer.rs:1469 [2;3mon[0m ThreadId(1)

  [2m2026-06-08T09:14:09.201047Z[0m [32m INFO[0m [1;32mrch::transfer[0m[32m: [32mSyncing /data/projects/.scratch/frankentorch-rja5x-baseline-475a5782-20260608T0908Z/crates/ft-optim -> /data/projects/.scratch/frankentorch-rja5x-baseline-475a5782-20260608T0908Z/crates/ft-optim on vmi1153651[0m
    [2;3mat[0m rch/src/transfer.rs:1400 [2;3mon[0m ThreadId(1)

  [2m2026-06-08T09:14:11.431865Z[0m [32m INFO[0m [1;32mrch::transfer[0m[32m: [32mSync completed in 2230ms[0m
    [2;3mat[0m rch/src/transfer.rs:1469 [2;3mon[0m ThreadId(1)

  [2m2026-06-08T09:14:11.431987Z[0m [32m INFO[0m [1;32mrch::transfer[0m[32m: [32mSyncing /data/projects/.scratch/frankentorch-rja5x-baseline-475a5782-20260608T0908Z/crates/ft-runtime -> /data/projects/.scratch/frankentorch-rja5x-baseline-475a5782-20260608T0908Z/crates/ft-runtime on vmi1153651[0m
    [2;3mat[0m rch/src/transfer.rs:1400 [2;3mon[0m ThreadId(1)

  [2m2026-06-08T09:14:13.698944Z[0m [32m INFO[0m [1;32mrch::transfer[0m[32m: [32mSync completed in 2266ms[0m
    [2;3mat[0m rch/src/transfer.rs:1469 [2;3mon[0m ThreadId(1)

  [2m2026-06-08T09:14:13.699033Z[0m [32m INFO[0m [1;32mrch::transfer[0m[32m: [32mSyncing /data/projects/.scratch/frankentorch-rja5x-baseline-475a5782-20260608T0908Z/crates/ft-serialize -> /data/projects/.scratch/frankentorch-rja5x-baseline-475a5782-20260608T0908Z/crates/ft-serialize on vmi1153651[0m
    [2;3mat[0m rch/src/transfer.rs:1400 [2;3mon[0m ThreadId(1)

  [2m2026-06-08T09:14:15.883382Z[0m [32m INFO[0m [1;32mrch::transfer[0m[32m: [32mSync completed in 2184ms[0m
    [2;3mat[0m rch/src/transfer.rs:1469 [2;3mon[0m ThreadId(1)

  [2m2026-06-08T09:14:15.883422Z[0m [32m INFO[0m [1;32mrch::hook[0m[32m: [32mSync complete: 1745 files, 4203784 bytes in 31662ms[0m
    [2;3mat[0m rch/src/hook.rs:6209 [2;3mon[0m ThreadId(1)

  [2m2026-06-08T09:14:20.660601Z[0m [32m INFO[0m [1;32mrch::hook[0m[32m: [32mExecuting command remotely: cargo bench -p ft-api --bench ops_bench -- knn_search/8192x512_k8 --warm-up-time 1 --measurement-time 5 --sample-size 20[0m
    [2;3mat[0m rch/src/hook.rs:6257 [2;3mon[0m ThreadId(1)

  [2m2026-06-08T09:14:20.660652Z[0m [32m INFO[0m [1;32mrch::transfer[0m[32m: [32mRewriting CARGO_TARGET_DIR for remote execution (worker-scoped path): /data/tmp/cargo-target -> /data/projects/.scratch/frankentorch-rja5x-baseline-475a5782-20260608T0908Z/.rch-target-vmi1153651-job-29878602124230846-1780910024214663799-0[0m
    [2;3mat[0m rch/src/transfer.rs:712 [2;3mon[0m ThreadId(1)

    Updating crates.io index
 Downloading crates ...
  Downloaded cast v0.3.0
  Downloaded cfg-if v1.0.4
  Downloaded autocfg v1.5.0
  Downloaded bytemuck_derive v1.10.2
  Downloaded ciborium v0.2.2
  Downloaded anes v0.1.6
  Downloaded anstyle v1.0.14
  Downloaded bytemuck v1.25.0
  Downloaded aho-corasick v1.1.4
  Downloaded is-terminal v0.4.17
  Downloaded oorandom v11.1.5
  Downloaded plotters-svg v0.3.7
  Downloaded clap v4.6.1
  Downloaded plotters-backend v0.3.7
  Downloaded ciborium-io v0.2.2
  Downloaded ciborium-ll v0.2.2
  Downloaded clap_lex v1.1.0
  Downloaded itoa v1.0.18
  Downloaded same-file v1.0.6
  Downloaded memchr v2.8.0
  Downloaded num-complex v0.4.6
  Downloaded once_cell v1.21.4
  Downloaded rawpointer v0.2.1
  Downloaded tinytemplate v1.2.1
  Downloaded crossbeam-deque v0.8.6
  Downloaded quote v1.0.45
  Downloaded either v1.15.0
  Downloaded walkdir v2.5.0
  Downloaded zmij v1.0.21
  Downloaded criterion-plot v0.5.0
  Downloaded crossbeam-utils v0.8.21
  Downloaded serde_core v1.0.228
  Downloaded matrixmultiply v0.3.10
  Downloaded proc-macro2 v1.0.106
  Downloaded serde_derive v1.0.228
  Downloaded unicode-ident v1.0.24
  Downloaded crossbeam-epoch v0.9.18
  Downloaded half v2.7.1
  Downloaded rayon-core v1.13.0
  Downloaded safe_arch v0.7.4
  Downloaded num-traits v0.2.19
  Downloaded serde v1.0.228
  Downloaded zerocopy-derive v0.8.48
  Downloaded criterion v0.5.1
  Downloaded wide v0.7.33
  Downloaded itertools v0.10.5
  Downloaded libm v0.2.16
  Downloaded serde_json v1.0.149
  Downloaded plotters v0.3.7
  Downloaded regex v1.12.3
  Downloaded clap_builder v4.6.0
  Downloaded rayon v1.12.0
  Downloaded syn v2.0.117
  Downloaded regex-syntax v0.8.10
  Downloaded zerocopy v0.8.48
  Downloaded regex-automata v0.4.14
  Downloaded libc v0.2.185
   Compiling proc-macro2 v1.0.106
   Compiling unicode-ident v1.0.24
   Compiling quote v1.0.45
   Compiling autocfg v1.5.0
   Compiling zerocopy v0.8.48
   Compiling crossbeam-utils v0.8.21
   Compiling cfg-if v1.0.4
   Compiling either v1.15.0
   Compiling rayon-core v1.13.0
   Compiling serde_core v1.0.228
   Compiling libm v0.2.16
   Compiling rawpointer v0.2.1
   Compiling zmij v1.0.21
   Compiling serde v1.0.228
   Compiling serde_json v1.0.149
   Compiling libc v0.2.185
   Compiling memchr v2.8.0
   Compiling ciborium-io v0.2.2
   Compiling regex-syntax v0.8.10
   Compiling plotters-backend v0.3.7
   Compiling num-traits v0.2.19
   Compiling matrixmultiply v0.3.10
   Compiling syn v2.0.117
   Compiling itoa v1.0.18
   Compiling crossbeam-epoch v0.9.18
   Compiling clap_lex v1.1.0
   Compiling anstyle v1.0.14
   Compiling clap_builder v4.6.0
   Compiling crossbeam-deque v0.8.6
   Compiling plotters-svg v0.3.7
   Compiling num-complex v0.4.6
   Compiling itertools v0.10.5
   Compiling rayon v1.12.0
   Compiling same-file v1.0.6
   Compiling regex-automata v0.4.14
   Compiling cast v0.3.0
   Compiling walkdir v2.5.0
   Compiling is-terminal v0.4.17
   Compiling plotters v0.3.7
   Compiling criterion-plot v0.5.0
   Compiling anes v0.1.6
   Compiling oorandom v11.1.5
   Compiling once_cell v1.21.4
   Compiling clap v4.6.1
   Compiling bytemuck_derive v1.10.2
   Compiling zerocopy-derive v0.8.48
   Compiling serde_derive v1.0.228
   Compiling regex v1.12.3
   Compiling bytemuck v1.25.0
   Compiling safe_arch v0.7.4
   Compiling wide v0.7.33
   Compiling tinytemplate v1.2.1
   Compiling half v2.7.1
   Compiling ft-core v0.1.0 (/data/projects/.scratch/frankentorch-rja5x-baseline-475a5782-20260608T0908Z/crates/ft-core)
   Compiling ciborium-ll v0.2.2
   Compiling ciborium v0.2.2
   Compiling ft-kernel-cpu v0.1.0 (/data/projects/.scratch/frankentorch-rja5x-baseline-475a5782-20260608T0908Z/crates/ft-kernel-cpu)
   Compiling ft-runtime v0.1.0 (/data/projects/.scratch/frankentorch-rja5x-baseline-475a5782-20260608T0908Z/crates/ft-runtime)
   Compiling criterion v0.5.1
   Compiling ft-dispatch v0.1.0 (/data/projects/.scratch/frankentorch-rja5x-baseline-475a5782-20260608T0908Z/crates/ft-dispatch)
   Compiling ft-autograd v0.1.0 (/data/projects/.scratch/frankentorch-rja5x-baseline-475a5782-20260608T0908Z/crates/ft-autograd)
   Compiling ft-api v0.1.0 (/data/projects/.scratch/frankentorch-rja5x-baseline-475a5782-20260608T0908Z/crates/ft-api)
    Finished `bench` profile [optimized + debuginfo] target(s) in 4m 49s
     Running benches/ops_bench.rs (.rch-target-vmi1153651-job-29878602124230846-1780910024214663799-0/release/deps/ops_bench-6f37ca444b0d1057)
Gnuplot not found, using plotters backend
Benchmarking knn_search/8192x512_k8
Benchmarking knn_search/8192x512_k8: Warming up for 1.0000 s
Benchmarking knn_search/8192x512_k8: Collecting 20 samples in estimated 5.6349 s (420 iterations)
Benchmarking knn_search/8192x512_k8: Analyzing
knn_search/8192x512_k8  time:   [14.814 ms 17.337 ms 20.527 ms]
                        thrpt:  [204.33 Melem/s 241.93 Melem/s 283.12 Melem/s]
Found 2 outliers among 20 measurements (10.00%)
  2 (10.00%) high mild

  [2m2026-06-08T09:19:27.593412Z[0m [32m INFO[0m [1;32mrch::hook[0m[32m: [32mRemote command finished: exit=0 in 306932ms[0m
    [2;3mat[0m rch/src/hook.rs:6381 [2;3mon[0m ThreadId(1)

  [2m2026-06-08T09:19:27.593708Z[0m [32m INFO[0m [1;32mrch::hook[0m[32m: [32mRetrieving build artifacts...[0m
    [2;3mat[0m rch/src/hook.rs:6430 [2;3mon[0m ThreadId(1)

  [2m2026-06-08T09:19:27.593727Z[0m [32m INFO[0m [1;32mrch::transfer[0m[32m: [32mRetrieving artifacts from /data/projects/.scratch/frankentorch-rja5x-baseline-475a5782-20260608T0908Z on vmi1153651[0m
    [2;3mat[0m rch/src/transfer.rs:2072 [2;3mon[0m ThreadId(1)

  [2m2026-06-08T09:19:29.690324Z[0m [32m INFO[0m [1;32mrch::transfer[0m[32m: [32mArtifacts retrieved in 2096ms (1 files, 1180 bytes)[0m
    [2;3mat[0m rch/src/transfer.rs:2111 [2;3mon[0m ThreadId(1)

  [2m2026-06-08T09:19:29.690352Z[0m [32m INFO[0m [1;32mrch::hook[0m[32m: [32mArtifacts retrieved: 1 files, 1180 bytes in 2096ms[0m
    [2;3mat[0m rch/src/hook.rs:6463 [2;3mon[0m ThreadId(1)

  [2m2026-06-08T09:19:29.690433Z[0m [32m INFO[0m [1;32mrch::transfer[0m[32m: [32mRetrieving artifacts from /data/projects/.scratch/frankentorch-rja5x-baseline-475a5782-20260608T0908Z/.rch-target-vmi1153651-job-29878602124230846-1780910024214663799-0 on vmi1153651[0m
    [2;3mat[0m rch/src/transfer.rs:2072 [2;3mon[0m ThreadId(1)

  [2m2026-06-08T09:19:32.188609Z[0m [32m INFO[0m [1;32mrch::transfer[0m[32m: [32mArtifacts retrieved in 2498ms (28 files, 2311 bytes)[0m
    [2;3mat[0m rch/src/transfer.rs:2111 [2;3mon[0m ThreadId(1)

  [2m2026-06-08T09:19:32.188640Z[0m [32m INFO[0m [1;32mrch::hook[0m[32m: [32mCustom CARGO_TARGET_DIR artifacts retrieved: 28 files, 2311 bytes in 2498ms[0m
    [2;3mat[0m rch/src/hook.rs:6587 [2;3mon[0m ThreadId(1)

[RCH] remote vmi1153651 (370.5s)
