  [2m2026-06-13T16:54:28.708643Z[0m [32m INFO[0m [1;32mrch::hook[0m[32m: [32mSelected worker: vmi1227854 at root@109.123.245.77 (2 slots remaining after reservation, speed 50.0)[0m
    [2;3mat[0m rch/src/hook.rs:514 [2;3mon[0m ThreadId(1)

  [2m2026-06-13T16:54:29.186628Z[0m [32m INFO[0m [1;32mrch::hook[0m[32m: [32mStarting remote compilation pipeline for frankentorch-gxpb2-pass10-20260613122123 (hash: 625b80231f3e5618)[0m
    [2;3mat[0m rch/src/hook.rs:5994 [2;3mon[0m ThreadId(1)

  [2m2026-06-13T16:54:29.186679Z[0m [32m INFO[0m [1;32mrch::hook[0m[32m: [32mPrepared dependency sync manifest for 13 roots[0m
    [2;3mat[0m rch/src/hook.rs:6016 [2;3mon[0m ThreadId(1)

  [2m2026-06-13T16:54:30.826042Z[0m [32m INFO[0m [1;32mrch::hook[0m[32m: [32mSyncing project to worker vmi1227854...[0m
    [2;3mat[0m rch/src/hook.rs:6046 [2;3mon[0m ThreadId(1)

  [2m2026-06-13T16:54:30.826168Z[0m [32m INFO[0m [1;32mrch::transfer[0m[32m: [32mSyncing /data/projects/.scratch/frankentorch-gxpb2-pass10-20260613122123 -> /data/projects/.scratch/frankentorch-gxpb2-pass10-20260613122123 on vmi1227854[0m
    [2;3mat[0m rch/src/transfer.rs:1434 [2;3mon[0m ThreadId(1)

  [2m2026-06-13T16:54:33.116143Z[0m [32m INFO[0m [1;32mrch::transfer[0m[32m: [32mSync completed in 2289ms[0m
    [2;3mat[0m rch/src/transfer.rs:1503 [2;3mon[0m ThreadId(1)

  [2m2026-06-13T16:54:33.116325Z[0m [32m INFO[0m [1;32mrch::transfer[0m[32m: [32mSyncing /data/projects/.scratch/frankentorch-gxpb2-pass10-20260613122123/crates/ft-api -> /data/projects/.scratch/frankentorch-gxpb2-pass10-20260613122123/crates/ft-api on vmi1227854[0m
    [2;3mat[0m rch/src/transfer.rs:1434 [2;3mon[0m ThreadId(1)

  [2m2026-06-13T16:54:34.922878Z[0m [32m INFO[0m [1;32mrch::transfer[0m[32m: [32mSync completed in 1806ms[0m
    [2;3mat[0m rch/src/transfer.rs:1503 [2;3mon[0m ThreadId(1)

  [2m2026-06-13T16:54:34.923027Z[0m [32m INFO[0m [1;32mrch::transfer[0m[32m: [32mSyncing /data/projects/.scratch/frankentorch-gxpb2-pass10-20260613122123/crates/ft-autograd -> /data/projects/.scratch/frankentorch-gxpb2-pass10-20260613122123/crates/ft-autograd on vmi1227854[0m
    [2;3mat[0m rch/src/transfer.rs:1434 [2;3mon[0m ThreadId(1)

  [2m2026-06-13T16:54:36.851303Z[0m [32m INFO[0m [1;32mrch::transfer[0m[32m: [32mSync completed in 1928ms[0m
    [2;3mat[0m rch/src/transfer.rs:1503 [2;3mon[0m ThreadId(1)

  [2m2026-06-13T16:54:36.851437Z[0m [32m INFO[0m [1;32mrch::transfer[0m[32m: [32mSyncing /data/projects/.scratch/frankentorch-gxpb2-pass10-20260613122123/crates/ft-conformance -> /data/projects/.scratch/frankentorch-gxpb2-pass10-20260613122123/crates/ft-conformance on vmi1227854[0m
    [2;3mat[0m rch/src/transfer.rs:1434 [2;3mon[0m ThreadId(1)

  [2m2026-06-13T16:54:38.700592Z[0m [32m INFO[0m [1;32mrch::transfer[0m[32m: [32mSync completed in 1849ms[0m
    [2;3mat[0m rch/src/transfer.rs:1503 [2;3mon[0m ThreadId(1)

  [2m2026-06-13T16:54:38.700754Z[0m [32m INFO[0m [1;32mrch::transfer[0m[32m: [32mSyncing /data/projects/.scratch/frankentorch-gxpb2-pass10-20260613122123/crates/ft-core -> /data/projects/.scratch/frankentorch-gxpb2-pass10-20260613122123/crates/ft-core on vmi1227854[0m
    [2;3mat[0m rch/src/transfer.rs:1434 [2;3mon[0m ThreadId(1)

  [2m2026-06-13T16:54:40.647462Z[0m [32m INFO[0m [1;32mrch::transfer[0m[32m: [32mSync completed in 1946ms[0m
    [2;3mat[0m rch/src/transfer.rs:1503 [2;3mon[0m ThreadId(1)

  [2m2026-06-13T16:54:40.647610Z[0m [32m INFO[0m [1;32mrch::transfer[0m[32m: [32mSyncing /data/projects/.scratch/frankentorch-gxpb2-pass10-20260613122123/crates/ft-data -> /data/projects/.scratch/frankentorch-gxpb2-pass10-20260613122123/crates/ft-data on vmi1227854[0m
    [2;3mat[0m rch/src/transfer.rs:1434 [2;3mon[0m ThreadId(1)

  [2m2026-06-13T16:54:42.573279Z[0m [32m INFO[0m [1;32mrch::transfer[0m[32m: [32mSync completed in 1925ms[0m
    [2;3mat[0m rch/src/transfer.rs:1503 [2;3mon[0m ThreadId(1)

  [2m2026-06-13T16:54:42.573429Z[0m [32m INFO[0m [1;32mrch::transfer[0m[32m: [32mSyncing /data/projects/.scratch/frankentorch-gxpb2-pass10-20260613122123/crates/ft-device -> /data/projects/.scratch/frankentorch-gxpb2-pass10-20260613122123/crates/ft-device on vmi1227854[0m
    [2;3mat[0m rch/src/transfer.rs:1434 [2;3mon[0m ThreadId(1)

  [2m2026-06-13T16:54:44.427708Z[0m [32m INFO[0m [1;32mrch::transfer[0m[32m: [32mSync completed in 1854ms[0m
    [2;3mat[0m rch/src/transfer.rs:1503 [2;3mon[0m ThreadId(1)

  [2m2026-06-13T16:54:44.427842Z[0m [32m INFO[0m [1;32mrch::transfer[0m[32m: [32mSyncing /data/projects/.scratch/frankentorch-gxpb2-pass10-20260613122123/crates/ft-dispatch -> /data/projects/.scratch/frankentorch-gxpb2-pass10-20260613122123/crates/ft-dispatch on vmi1227854[0m
    [2;3mat[0m rch/src/transfer.rs:1434 [2;3mon[0m ThreadId(1)

  [2m2026-06-13T16:54:46.274737Z[0m [32m INFO[0m [1;32mrch::transfer[0m[32m: [32mSync completed in 1846ms[0m
    [2;3mat[0m rch/src/transfer.rs:1503 [2;3mon[0m ThreadId(1)

  [2m2026-06-13T16:54:46.274900Z[0m [32m INFO[0m [1;32mrch::transfer[0m[32m: [32mSyncing /data/projects/.scratch/frankentorch-gxpb2-pass10-20260613122123/crates/ft-kernel-cpu -> /data/projects/.scratch/frankentorch-gxpb2-pass10-20260613122123/crates/ft-kernel-cpu on vmi1227854[0m
    [2;3mat[0m rch/src/transfer.rs:1434 [2;3mon[0m ThreadId(1)

  [2m2026-06-13T16:54:48.181642Z[0m [32m INFO[0m [1;32mrch::transfer[0m[32m: [32mSync completed in 1906ms[0m
    [2;3mat[0m rch/src/transfer.rs:1503 [2;3mon[0m ThreadId(1)

  [2m2026-06-13T16:54:48.181760Z[0m [32m INFO[0m [1;32mrch::transfer[0m[32m: [32mSyncing /data/projects/.scratch/frankentorch-gxpb2-pass10-20260613122123/crates/ft-nn -> /data/projects/.scratch/frankentorch-gxpb2-pass10-20260613122123/crates/ft-nn on vmi1227854[0m
    [2;3mat[0m rch/src/transfer.rs:1434 [2;3mon[0m ThreadId(1)

  [2m2026-06-13T16:54:50.126510Z[0m [32m INFO[0m [1;32mrch::transfer[0m[32m: [32mSync completed in 1944ms[0m
    [2;3mat[0m rch/src/transfer.rs:1503 [2;3mon[0m ThreadId(1)

  [2m2026-06-13T16:54:50.126652Z[0m [32m INFO[0m [1;32mrch::transfer[0m[32m: [32mSyncing /data/projects/.scratch/frankentorch-gxpb2-pass10-20260613122123/crates/ft-optim -> /data/projects/.scratch/frankentorch-gxpb2-pass10-20260613122123/crates/ft-optim on vmi1227854[0m
    [2;3mat[0m rch/src/transfer.rs:1434 [2;3mon[0m ThreadId(1)

  [2m2026-06-13T16:54:51.895494Z[0m [32m INFO[0m [1;32mrch::transfer[0m[32m: [32mSync completed in 1768ms[0m
    [2;3mat[0m rch/src/transfer.rs:1503 [2;3mon[0m ThreadId(1)

  [2m2026-06-13T16:54:51.895652Z[0m [32m INFO[0m [1;32mrch::transfer[0m[32m: [32mSyncing /data/projects/.scratch/frankentorch-gxpb2-pass10-20260613122123/crates/ft-runtime -> /data/projects/.scratch/frankentorch-gxpb2-pass10-20260613122123/crates/ft-runtime on vmi1227854[0m
    [2;3mat[0m rch/src/transfer.rs:1434 [2;3mon[0m ThreadId(1)

  [2m2026-06-13T16:54:53.775887Z[0m [32m INFO[0m [1;32mrch::transfer[0m[32m: [32mSync completed in 1880ms[0m
    [2;3mat[0m rch/src/transfer.rs:1503 [2;3mon[0m ThreadId(1)

  [2m2026-06-13T16:54:53.776084Z[0m [32m INFO[0m [1;32mrch::transfer[0m[32m: [32mSyncing /data/projects/.scratch/frankentorch-gxpb2-pass10-20260613122123/crates/ft-serialize -> /data/projects/.scratch/frankentorch-gxpb2-pass10-20260613122123/crates/ft-serialize on vmi1227854[0m
    [2;3mat[0m rch/src/transfer.rs:1434 [2;3mon[0m ThreadId(1)

  [2m2026-06-13T16:54:55.559104Z[0m [32m INFO[0m [1;32mrch::transfer[0m[32m: [32mSync completed in 1782ms[0m
    [2;3mat[0m rch/src/transfer.rs:1503 [2;3mon[0m ThreadId(1)

  [2m2026-06-13T16:54:55.559153Z[0m [32m INFO[0m [1;32mrch::hook[0m[32m: [32mSync complete: 2638 files, 121249 bytes in 24723ms[0m
    [2;3mat[0m rch/src/hook.rs:6209 [2;3mon[0m ThreadId(1)

  [2m2026-06-13T16:54:59.665291Z[0m [32m INFO[0m [1;32mrch::hook[0m[32m: [32mExecuting command remotely: cargo bench -j 1 -p ft-kernel-cpu --bench gemm_bench matmul_f64_512x512x512 -- --warm-up-time 1 --measurement-time 3 --sample-size 10[0m
    [2;3mat[0m rch/src/hook.rs:6252 [2;3mon[0m ThreadId(1)

  [2m2026-06-13T16:54:59.665371Z[0m [32m INFO[0m [1;32mrch::transfer[0m[32m: [32mRewriting CARGO_TARGET_DIR for remote execution (worker-scoped path): /data/tmp/cargo-target -> /data/projects/.scratch/frankentorch-gxpb2-pass10-20260613122123/.rch-target-vmi1227854-job-29884606035528788-1781369670826034022-0[0m
    [2;3mat[0m rch/src/transfer.rs:712 [2;3mon[0m ThreadId(1)

    Updating crates.io index
 Downloading crates ...
  Downloaded anstyle v1.0.14
  Downloaded cfg-if v1.0.4
  Downloaded bit-set v0.8.0
  Downloaded clap v4.6.1
  Downloaded ciborium-ll v0.2.2
  Downloaded cast v0.3.0
  Downloaded ciborium-io v0.2.2
  Downloaded bytemuck_derive v1.10.2
  Downloaded clap_lex v1.1.0
  Downloaded anes v0.1.6
  Downloaded bit-vec v0.8.0
  Downloaded errno v0.3.14
  Downloaded itoa v1.0.18
  Downloaded same-file v1.0.6
  Downloaded plotters-svg v0.3.7
  Downloaded autocfg v1.5.0
  Downloaded ciborium v0.2.2
  Downloaded criterion-plot v0.5.0
  Downloaded crossbeam-deque v0.8.6
  Downloaded either v1.15.0
  Downloaded bitflags v2.11.1
  Downloaded rand_xorshift v0.4.0
  Downloaded rawpointer v0.2.1
  Downloaded plotters-backend v0.3.7
  Downloaded wait-timeout v0.2.1
  Downloaded is-terminal v0.4.17
  Downloaded unarray v0.1.4
  Downloaded num-complex v0.4.6
  Downloaded ppv-lite86 v0.2.21
  Downloaded tinytemplate v1.2.1
  Downloaded zmij v1.0.21
  Downloaded rusty-fork v0.3.1
  Downloaded fastrand v2.4.1
  Downloaded crossbeam-utils v0.8.21
  Downloaded crossbeam-epoch v0.9.18
  Downloaded bytemuck v1.25.0
  Downloaded fnv v1.0.7
  Downloaded rand_core v0.9.5
  Downloaded quote v1.0.45
  Downloaded quick-error v1.2.3
  Downloaded walkdir v2.5.0
  Downloaded rand_chacha v0.9.0
  Downloaded oorandom v11.1.5
  Downloaded console v0.16.3
  Downloaded once_cell v1.21.4
  Downloaded tempfile v3.27.0
  Downloaded getrandom v0.3.4
  Downloaded num-traits v0.2.19
  Downloaded unicode-ident v1.0.24
  Downloaded proc-macro2 v1.0.106
  Downloaded matrixmultiply v0.3.10
  Downloaded serde_core v1.0.228
  Downloaded similar v2.7.0
  Downloaded half v2.7.1
  Downloaded rayon-core v1.13.0
  Downloaded serde_derive v1.0.228
  Downloaded criterion v0.5.1
  Downloaded memchr v2.8.0
  Downloaded safe_arch v0.7.4
  Downloaded rand v0.9.4
  Downloaded serde v1.0.228
  Downloaded zerocopy-derive v0.8.48
  Downloaded wide v0.7.33
  Downloaded itertools v0.10.5
  Downloaded insta v1.47.2
  Downloaded clap_builder v4.6.0
  Downloaded libm v0.2.16
  Downloaded regex v1.12.3
  Downloaded rayon v1.12.0
  Downloaded plotters v0.3.7
  Downloaded serde_json v1.0.149
  Downloaded aho-corasick v1.1.4
  Downloaded proptest v1.11.0
  Downloaded zerocopy v0.8.48
  Downloaded syn v2.0.117
  Downloaded regex-syntax v0.8.10
  Downloaded rustix v1.1.4
  Downloaded regex-automata v0.4.14
  Downloaded libc v0.2.185
  Downloaded linux-raw-sys v0.12.1
   Compiling proc-macro2 v1.0.106
   Compiling quote v1.0.45
   Compiling unicode-ident v1.0.24
   Compiling syn v2.0.117
   Compiling libc v0.2.185
   Compiling cfg-if v1.0.4
   Compiling autocfg v1.5.0
   Compiling zerocopy v0.8.48
   Compiling zerocopy-derive v0.8.48
   Compiling getrandom v0.3.4
   Compiling bytemuck_derive v1.10.2
   Compiling bytemuck v1.25.0
   Compiling num-traits v0.2.19
   Compiling crossbeam-utils v0.8.21
   Compiling serde_core v1.0.228
   Compiling rustix v1.1.4
   Compiling crossbeam-epoch v0.9.18
   Compiling half v2.7.1
   Compiling zmij v1.0.21
   Compiling serde v1.0.228
   Compiling either v1.15.0
   Compiling once_cell v1.21.4
   Compiling rayon-core v1.13.0
   Compiling bitflags v2.11.1
   Compiling linux-raw-sys v0.12.1
   Compiling crossbeam-deque v0.8.6
   Compiling rand_core v0.9.5
   Compiling serde_derive v1.0.228
   Compiling serde_json v1.0.149
   Compiling regex-syntax v0.8.10
   Compiling fastrand v2.4.1
   Compiling tempfile v3.27.0
   Compiling matrixmultiply v0.3.10
   Compiling plotters-backend v0.3.7
   Compiling anstyle v1.0.14
   Compiling itoa v1.0.18
   Compiling memchr v2.8.0
   Compiling ciborium-io v0.2.2
   Compiling libm v0.2.16
   Compiling clap_lex v1.1.0
   Compiling clap_builder v4.6.0
   Compiling ciborium-ll v0.2.2
   Compiling plotters-svg v0.3.7
   Compiling rayon v1.12.0
   Compiling regex-automata v0.4.14
   Compiling itertools v0.10.5
   Compiling num-complex v0.4.6
   Compiling safe_arch v0.7.4
   Compiling ppv-lite86 v0.2.21
   Compiling wait-timeout v0.2.1
   Compiling bit-vec v0.8.0
   Compiling fnv v1.0.7
   Compiling same-file v1.0.6
   Compiling cast v0.3.0
   Compiling rawpointer v0.2.1
   Compiling quick-error v1.2.3
   Compiling rusty-fork v0.3.1
   Compiling criterion-plot v0.5.0
   Compiling walkdir v2.5.0
   Compiling bit-set v0.8.0
   Compiling rand_chacha v0.9.0
   Compiling wide v0.7.33
   Compiling ft-core v0.1.0 (/data/projects/.scratch/frankentorch-gxpb2-pass10-20260613122123/crates/ft-core)
   Compiling regex v1.12.3
   Compiling plotters v0.3.7
   Compiling tinytemplate v1.2.1
   Compiling ciborium v0.2.2
   Compiling clap v4.6.1
   Compiling rand_xorshift v0.4.0
   Compiling rand v0.9.4
   Compiling console v0.16.3
   Compiling is-terminal v0.4.17
   Compiling unarray v0.1.4
   Compiling oorandom v11.1.5
   Compiling similar v2.7.0
   Compiling anes v0.1.6
   Compiling criterion v0.5.1
   Compiling insta v1.47.2
   Compiling proptest v1.11.0
   Compiling ft-kernel-cpu v0.1.0 (/data/projects/.scratch/frankentorch-gxpb2-pass10-20260613122123/crates/ft-kernel-cpu)
    Finished `bench` profile [optimized + debuginfo] target(s) in 3m 06s
     Running benches/gemm_bench.rs (.rch-target-vmi1227854-job-29884606035528788-1781369670826034022-0/release/deps/gemm_bench-2860152a1939296e)
Gnuplot not found, using plotters backend
Benchmarking matmul_f64_512x512x512
Benchmarking matmul_f64_512x512x512: Warming up for 1.0000 s
Benchmarking matmul_f64_512x512x512: Collecting 10 samples in estimated 3.0703 s (825 iterations)
Benchmarking matmul_f64_512x512x512: Analyzing
matmul_f64_512x512x512  time:   [3.1800 ms 3.4499 ms 3.8373 ms]
Found 1 outliers among 10 measurements (10.00%)
  1 (10.00%) high mild

  [2m2026-06-13T16:58:14.226305Z[0m [32m INFO[0m [1;32mrch::hook[0m[32m: [32mRemote command finished: exit=0 in 194560ms[0m
    [2;3mat[0m rch/src/hook.rs:6376 [2;3mon[0m ThreadId(1)

  [2m2026-06-13T16:58:14.226658Z[0m [32m INFO[0m [1;32mrch::hook[0m[32m: [32mRetrieving build artifacts...[0m
    [2;3mat[0m rch/src/hook.rs:6425 [2;3mon[0m ThreadId(1)

  [2m2026-06-13T16:58:14.226704Z[0m [32m INFO[0m [1;32mrch::transfer[0m[32m: [32mRetrieving artifacts from /data/projects/.scratch/frankentorch-gxpb2-pass10-20260613122123 on vmi1227854[0m
    [2;3mat[0m rch/src/transfer.rs:2106 [2;3mon[0m ThreadId(1)

  [2m2026-06-13T16:58:16.158817Z[0m [32m INFO[0m [1;32mrch::transfer[0m[32m: [32mArtifacts retrieved in 1932ms (1 files, 1180 bytes)[0m
    [2;3mat[0m rch/src/transfer.rs:2145 [2;3mon[0m ThreadId(1)

  [2m2026-06-13T16:58:16.158855Z[0m [32m INFO[0m [1;32mrch::hook[0m[32m: [32mArtifacts retrieved: 1 files, 1180 bytes in 1932ms[0m
    [2;3mat[0m rch/src/hook.rs:6458 [2;3mon[0m ThreadId(1)

  [2m2026-06-13T16:58:16.158995Z[0m [32m INFO[0m [1;32mrch::transfer[0m[32m: [32mRetrieving artifacts from /data/projects/.scratch/frankentorch-gxpb2-pass10-20260613122123/.rch-target-vmi1227854-job-29884606035528788-1781369670826034022-0 on vmi1227854[0m
    [2;3mat[0m rch/src/transfer.rs:2106 [2;3mon[0m ThreadId(1)

  [2m2026-06-13T16:58:18.100105Z[0m [32m INFO[0m [1;32mrch::transfer[0m[32m: [32mArtifacts retrieved in 1941ms (27 files, 1999 bytes)[0m
    [2;3mat[0m rch/src/transfer.rs:2145 [2;3mon[0m ThreadId(1)

  [2m2026-06-13T16:58:18.100147Z[0m [32m INFO[0m [1;32mrch::hook[0m[32m: [32mCustom CARGO_TARGET_DIR artifacts retrieved: 27 files, 1999 bytes in 1941ms[0m
    [2;3mat[0m rch/src/hook.rs:6582 [2;3mon[0m ThreadId(1)

[RCH] remote vmi1227854 (229.4s)
