  [2m2026-06-13T01:23:15.160328Z[0m [32m INFO[0m [1;32mrch::hook[0m[32m: [32mSelected worker: hz2 at root@178.104.77.29 (2 slots remaining after reservation, speed 50.0)[0m
    [2;3mat[0m rch/src/hook.rs:514 [2;3mon[0m ThreadId(1)

  [2m2026-06-13T01:23:15.479233Z[0m [32m INFO[0m [1;32mrch::hook[0m[32m: [32mStarting remote compilation pipeline for frankentorch (hash: 3d6dc0f5ca5d2899)[0m
    [2;3mat[0m rch/src/hook.rs:5994 [2;3mon[0m ThreadId(1)

  [2m2026-06-13T01:23:15.479324Z[0m [32m INFO[0m [1;32mrch::hook[0m[32m: [32mPrepared dependency sync manifest for 13 roots[0m
    [2;3mat[0m rch/src/hook.rs:6016 [2;3mon[0m ThreadId(1)

  [2m2026-06-13T01:23:17.111552Z[0m [32m INFO[0m [1;32mrch::hook[0m[32m: [32mSyncing project to worker hz2...[0m
    [2;3mat[0m rch/src/hook.rs:6046 [2;3mon[0m ThreadId(1)

  [2m2026-06-13T01:23:17.111630Z[0m [32m INFO[0m [1;32mrch::transfer[0m[32m: [32mSyncing /data/projects/frankentorch -> /data/projects/frankentorch on hz2[0m
    [2;3mat[0m rch/src/transfer.rs:1434 [2;3mon[0m ThreadId(1)

  [2m2026-06-13T01:23:25.233559Z[0m [32m INFO[0m [1;32mrch::transfer[0m[32m: [32mSync completed in 8121ms[0m
    [2;3mat[0m rch/src/transfer.rs:1503 [2;3mon[0m ThreadId(1)

  [2m2026-06-13T01:23:25.233654Z[0m [32m INFO[0m [1;32mrch::transfer[0m[32m: [32mSyncing /data/projects/frankentorch/crates/ft-api -> /data/projects/frankentorch/crates/ft-api on hz2[0m
    [2;3mat[0m rch/src/transfer.rs:1434 [2;3mon[0m ThreadId(1)

  [2m2026-06-13T01:23:27.113654Z[0m [32m INFO[0m [1;32mrch::transfer[0m[32m: [32mSync completed in 1879ms[0m
    [2;3mat[0m rch/src/transfer.rs:1503 [2;3mon[0m ThreadId(1)

  [2m2026-06-13T01:23:27.113731Z[0m [32m INFO[0m [1;32mrch::transfer[0m[32m: [32mSyncing /data/projects/frankentorch/crates/ft-autograd -> /data/projects/frankentorch/crates/ft-autograd on hz2[0m
    [2;3mat[0m rch/src/transfer.rs:1434 [2;3mon[0m ThreadId(1)

  [2m2026-06-13T01:23:29.052831Z[0m [32m INFO[0m [1;32mrch::transfer[0m[32m: [32mSync completed in 1939ms[0m
    [2;3mat[0m rch/src/transfer.rs:1503 [2;3mon[0m ThreadId(1)

  [2m2026-06-13T01:23:29.052912Z[0m [32m INFO[0m [1;32mrch::transfer[0m[32m: [32mSyncing /data/projects/frankentorch/crates/ft-conformance -> /data/projects/frankentorch/crates/ft-conformance on hz2[0m
    [2;3mat[0m rch/src/transfer.rs:1434 [2;3mon[0m ThreadId(1)

  [2m2026-06-13T01:23:30.983996Z[0m [32m INFO[0m [1;32mrch::transfer[0m[32m: [32mSync completed in 1931ms[0m
    [2;3mat[0m rch/src/transfer.rs:1503 [2;3mon[0m ThreadId(1)

  [2m2026-06-13T01:23:30.984097Z[0m [32m INFO[0m [1;32mrch::transfer[0m[32m: [32mSyncing /data/projects/frankentorch/crates/ft-core -> /data/projects/frankentorch/crates/ft-core on hz2[0m
    [2;3mat[0m rch/src/transfer.rs:1434 [2;3mon[0m ThreadId(1)

  [2m2026-06-13T01:23:32.887160Z[0m [32m INFO[0m [1;32mrch::transfer[0m[32m: [32mSync completed in 1903ms[0m
    [2;3mat[0m rch/src/transfer.rs:1503 [2;3mon[0m ThreadId(1)

  [2m2026-06-13T01:23:32.887237Z[0m [32m INFO[0m [1;32mrch::transfer[0m[32m: [32mSyncing /data/projects/frankentorch/crates/ft-data -> /data/projects/frankentorch/crates/ft-data on hz2[0m
    [2;3mat[0m rch/src/transfer.rs:1434 [2;3mon[0m ThreadId(1)

  [2m2026-06-13T01:23:34.775210Z[0m [32m INFO[0m [1;32mrch::transfer[0m[32m: [32mSync completed in 1887ms[0m
    [2;3mat[0m rch/src/transfer.rs:1503 [2;3mon[0m ThreadId(1)

  [2m2026-06-13T01:23:34.775287Z[0m [32m INFO[0m [1;32mrch::transfer[0m[32m: [32mSyncing /data/projects/frankentorch/crates/ft-device -> /data/projects/frankentorch/crates/ft-device on hz2[0m
    [2;3mat[0m rch/src/transfer.rs:1434 [2;3mon[0m ThreadId(1)

  [2m2026-06-13T01:23:36.643237Z[0m [32m INFO[0m [1;32mrch::transfer[0m[32m: [32mSync completed in 1867ms[0m
    [2;3mat[0m rch/src/transfer.rs:1503 [2;3mon[0m ThreadId(1)

  [2m2026-06-13T01:23:36.643326Z[0m [32m INFO[0m [1;32mrch::transfer[0m[32m: [32mSyncing /data/projects/frankentorch/crates/ft-dispatch -> /data/projects/frankentorch/crates/ft-dispatch on hz2[0m
    [2;3mat[0m rch/src/transfer.rs:1434 [2;3mon[0m ThreadId(1)

  [2m2026-06-13T01:23:38.584212Z[0m [32m INFO[0m [1;32mrch::transfer[0m[32m: [32mSync completed in 1940ms[0m
    [2;3mat[0m rch/src/transfer.rs:1503 [2;3mon[0m ThreadId(1)

  [2m2026-06-13T01:23:38.584309Z[0m [32m INFO[0m [1;32mrch::transfer[0m[32m: [32mSyncing /data/projects/frankentorch/crates/ft-kernel-cpu -> /data/projects/frankentorch/crates/ft-kernel-cpu on hz2[0m
    [2;3mat[0m rch/src/transfer.rs:1434 [2;3mon[0m ThreadId(1)

  [2m2026-06-13T01:23:40.479033Z[0m [32m INFO[0m [1;32mrch::transfer[0m[32m: [32mSync completed in 1894ms[0m
    [2;3mat[0m rch/src/transfer.rs:1503 [2;3mon[0m ThreadId(1)

  [2m2026-06-13T01:23:40.479134Z[0m [32m INFO[0m [1;32mrch::transfer[0m[32m: [32mSyncing /data/projects/frankentorch/crates/ft-nn -> /data/projects/frankentorch/crates/ft-nn on hz2[0m
    [2;3mat[0m rch/src/transfer.rs:1434 [2;3mon[0m ThreadId(1)

  [2m2026-06-13T01:23:42.436233Z[0m [32m INFO[0m [1;32mrch::transfer[0m[32m: [32mSync completed in 1957ms[0m
    [2;3mat[0m rch/src/transfer.rs:1503 [2;3mon[0m ThreadId(1)

  [2m2026-06-13T01:23:42.436315Z[0m [32m INFO[0m [1;32mrch::transfer[0m[32m: [32mSyncing /data/projects/frankentorch/crates/ft-optim -> /data/projects/frankentorch/crates/ft-optim on hz2[0m
    [2;3mat[0m rch/src/transfer.rs:1434 [2;3mon[0m ThreadId(1)

  [2m2026-06-13T01:23:44.338812Z[0m [32m INFO[0m [1;32mrch::transfer[0m[32m: [32mSync completed in 1902ms[0m
    [2;3mat[0m rch/src/transfer.rs:1503 [2;3mon[0m ThreadId(1)

  [2m2026-06-13T01:23:44.338894Z[0m [32m INFO[0m [1;32mrch::transfer[0m[32m: [32mSyncing /data/projects/frankentorch/crates/ft-runtime -> /data/projects/frankentorch/crates/ft-runtime on hz2[0m
    [2;3mat[0m rch/src/transfer.rs:1434 [2;3mon[0m ThreadId(1)

  [2m2026-06-13T01:23:46.248325Z[0m [32m INFO[0m [1;32mrch::transfer[0m[32m: [32mSync completed in 1909ms[0m
    [2;3mat[0m rch/src/transfer.rs:1503 [2;3mon[0m ThreadId(1)

  [2m2026-06-13T01:23:46.248409Z[0m [32m INFO[0m [1;32mrch::transfer[0m[32m: [32mSyncing /data/projects/frankentorch/crates/ft-serialize -> /data/projects/frankentorch/crates/ft-serialize on hz2[0m
    [2;3mat[0m rch/src/transfer.rs:1434 [2;3mon[0m ThreadId(1)

  [2m2026-06-13T01:23:48.233839Z[0m [32m INFO[0m [1;32mrch::transfer[0m[32m: [32mSync completed in 1985ms[0m
    [2;3mat[0m rch/src/transfer.rs:1503 [2;3mon[0m ThreadId(1)

  [2m2026-06-13T01:23:48.233957Z[0m [32m INFO[0m [1;32mrch::hook[0m[32m: [32mSync complete: 51920 files, 1855097 bytes in 31114ms[0m
    [2;3mat[0m rch/src/hook.rs:6209 [2;3mon[0m ThreadId(1)

  [2m2026-06-13T01:23:52.277279Z[0m [32m INFO[0m [1;32mrch::hook[0m[32m: [32mExecuting command remotely: cargo run -p ft-kernel-cpu --release --example eigvals_golden[0m
    [2;3mat[0m rch/src/hook.rs:6252 [2;3mon[0m ThreadId(1)

  [2m2026-06-13T01:23:52.277342Z[0m [32m INFO[0m [1;32mrch::transfer[0m[32m: [32mRewriting CARGO_TARGET_DIR for remote execution (worker-scoped path): /data/tmp/cargo-target -> /data/projects/frankentorch/.rch-target-hz2-job-29884606035526471-1781313797111543661-0[0m
    [2;3mat[0m rch/src/transfer.rs:712 [2;3mon[0m ThreadId(1)

    Updating crates.io index
 Downloading crates ...
  Downloaded bit-set v0.8.0
  Downloaded anes v0.1.6
  Downloaded autocfg v1.5.0
  Downloaded cast v0.3.0
  Downloaded ciborium-ll v0.2.2
  Downloaded anstyle v1.0.14
  Downloaded bit-vec v0.8.0
  Downloaded cfg-if v1.0.4
  Downloaded ciborium-io v0.2.2
  Downloaded clap_lex v1.1.0
  Downloaded console v0.16.3
  Downloaded crossbeam-deque v0.8.6
  Downloaded is-terminal v0.4.17
  Downloaded itoa v1.0.18
  Downloaded unarray v0.1.4
  Downloaded same-file v1.0.6
  Downloaded errno v0.3.14
  Downloaded plotters-backend v0.3.7
  Downloaded plotters-svg v0.3.7
  Downloaded rand_xorshift v0.4.0
  Downloaded rawpointer v0.2.1
  Downloaded wait-timeout v0.2.1
  Downloaded fnv v1.0.7
  Downloaded bytemuck_derive v1.10.2
  Downloaded quick-error v1.2.3
  Downloaded quote v1.0.45
  Downloaded walkdir v2.5.0
  Downloaded either v1.15.0
  Downloaded fastrand v2.4.1
  Downloaded rand_core v0.9.5
  Downloaded rusty-fork v0.3.1
  Downloaded oorandom v11.1.5
  Downloaded criterion-plot v0.5.0
  Downloaded num-complex v0.4.6
  Downloaded rand_chacha v0.9.0
  Downloaded tinytemplate v1.2.1
  Downloaded ciborium v0.2.2
  Downloaded zmij v1.0.21
  Downloaded bitflags v2.11.1
  Downloaded clap v4.6.1
  Downloaded once_cell v1.21.4
  Downloaded ppv-lite86 v0.2.21
  Downloaded crossbeam-epoch v0.9.18
  Downloaded getrandom v0.3.4
  Downloaded half v2.7.1
  Downloaded crossbeam-utils v0.8.21
  Downloaded similar v2.7.0
  Downloaded matrixmultiply v0.3.10
  Downloaded bytemuck v1.25.0
  Downloaded tempfile v3.27.0
  Downloaded unicode-ident v1.0.24
  Downloaded proc-macro2 v1.0.106
  Downloaded serde_derive v1.0.228
  Downloaded rayon-core v1.13.0
  Downloaded safe_arch v0.7.4
  Downloaded serde_core v1.0.228
  Downloaded aho-corasick v1.1.4
  Downloaded zerocopy-derive v0.8.48
  Downloaded memchr v2.8.0
  Downloaded serde v1.0.228
  Downloaded num-traits v0.2.19
  Downloaded rand v0.9.4
  Downloaded wide v0.7.33
  Downloaded itertools v0.10.5
  Downloaded criterion v0.5.1
  Downloaded insta v1.47.2
  Downloaded plotters v0.3.7
  Downloaded regex v1.12.3
  Downloaded clap_builder v4.6.0
  Downloaded serde_json v1.0.149
  Downloaded libm v0.2.16
  Downloaded rayon v1.12.0
  Downloaded proptest v1.11.0
  Downloaded syn v2.0.117
  Downloaded zerocopy v0.8.48
  Downloaded regex-syntax v0.8.10
  Downloaded rustix v1.1.4
  Downloaded regex-automata v0.4.14
  Downloaded libc v0.2.185
  Downloaded linux-raw-sys v0.12.1
   Compiling proc-macro2 v1.0.106
   Compiling quote v1.0.45
   Compiling unicode-ident v1.0.24
   Compiling libc v0.2.185
   Compiling cfg-if v1.0.4
   Compiling autocfg v1.5.0
   Compiling zerocopy v0.8.48
   Compiling getrandom v0.3.4
   Compiling crossbeam-utils v0.8.21
   Compiling serde_core v1.0.228
   Compiling rustix v1.1.4
   Compiling zmij v1.0.21
   Compiling either v1.15.0
   Compiling once_cell v1.21.4
   Compiling linux-raw-sys v0.12.1
   Compiling bitflags v2.11.1
   Compiling serde v1.0.228
   Compiling rayon-core v1.13.0
   Compiling fastrand v2.4.1
   Compiling serde_json v1.0.149
   Compiling regex-syntax v0.8.10
   Compiling memchr v2.8.0
   Compiling clap_lex v1.1.0
   Compiling ciborium-io v0.2.2
   Compiling plotters-backend v0.3.7
   Compiling num-traits v0.2.19
   Compiling matrixmultiply v0.3.10
   Compiling anstyle v1.0.14
   Compiling libm v0.2.16
   Compiling itoa v1.0.18
   Compiling itertools v0.10.5
   Compiling plotters-svg v0.3.7
   Compiling clap_builder v4.6.0
   Compiling rawpointer v0.2.1
   Compiling cast v0.3.0
   Compiling quick-error v1.2.3
   Compiling bit-vec v0.8.0
   Compiling same-file v1.0.6
   Compiling fnv v1.0.7
   Compiling crossbeam-epoch v0.9.18
   Compiling walkdir v2.5.0
   Compiling syn v2.0.117
   Compiling bit-set v0.8.0
   Compiling oorandom v11.1.5
   Compiling similar v2.7.0
   Compiling crossbeam-deque v0.8.6
   Compiling anes v0.1.6
   Compiling wait-timeout v0.2.1
   Compiling is-terminal v0.4.17
   Compiling rand_core v0.9.5
   Compiling num-complex v0.4.6
   Compiling rand_xorshift v0.4.0
   Compiling rand v0.9.4
   Compiling plotters v0.3.7
   Compiling console v0.16.3
   Compiling unarray v0.1.4
   Compiling tempfile v3.27.0
   Compiling rayon v1.12.0
   Compiling criterion-plot v0.5.0
   Compiling regex-automata v0.4.14
   Compiling clap v4.6.1
   Compiling rusty-fork v0.3.1
   Compiling insta v1.47.2
   Compiling zerocopy-derive v0.8.48
   Compiling bytemuck_derive v1.10.2
   Compiling serde_derive v1.0.228
   Compiling regex v1.12.3
   Compiling bytemuck v1.25.0
   Compiling safe_arch v0.7.4
   Compiling wide v0.7.33
   Compiling tinytemplate v1.2.1
   Compiling half v2.7.1
   Compiling ppv-lite86 v0.2.21
   Compiling ciborium-ll v0.2.2
   Compiling ft-core v0.1.0 (/data/projects/frankentorch/crates/ft-core)
   Compiling rand_chacha v0.9.0
   Compiling ciborium v0.2.2
   Compiling proptest v1.11.0
   Compiling ft-kernel-cpu v0.1.0 (/data/projects/frankentorch/crates/ft-kernel-cpu)
   Compiling criterion v0.5.1
    Finished `release` profile [optimized] target(s) in 22.46s
     Running `.rch-target-hz2-job-29884606035526471-1781313797111543661-0/release/examples/eigvals_golden`
frankentorch-l9xod eigvals_golden n=64
eigvals_digest=0xbc0583d464b1a211
eig_digest=0xbc0583d464b1a211
frankentorch-l9xod eigvals_golden n=128
eigvals_digest=0x763c4b15d92c4b89
eig_digest=0x763c4b15d92c4b89
frankentorch-l9xod eigvals_golden n=256
eigvals_digest=0x00b87b4996340204
eig_digest=0x00b87b4996340204
  [2m2026-06-13T01:24:16.632288Z[0m [32m INFO[0m [1;32mrch::hook[0m[32m: [32mRemote command finished: exit=0 in 24354ms[0m
    [2;3mat[0m rch/src/hook.rs:6376 [2;3mon[0m ThreadId(1)

  [2m2026-06-13T01:24:16.632698Z[0m [32m INFO[0m [1;32mrch::hook[0m[32m: [32mRetrieving build artifacts...[0m
    [2;3mat[0m rch/src/hook.rs:6425 [2;3mon[0m ThreadId(1)

  [2m2026-06-13T01:24:16.632729Z[0m [32m INFO[0m [1;32mrch::transfer[0m[32m: [32mRetrieving artifacts from /data/projects/frankentorch on hz2[0m
    [2;3mat[0m rch/src/transfer.rs:2106 [2;3mon[0m ThreadId(1)

  [2m2026-06-13T01:24:18.914912Z[0m [32m INFO[0m [1;32mrch::transfer[0m[32m: [32mArtifacts retrieved in 2282ms (1 files, 1709 bytes)[0m
    [2;3mat[0m rch/src/transfer.rs:2145 [2;3mon[0m ThreadId(1)

  [2m2026-06-13T01:24:18.914961Z[0m [32m INFO[0m [1;32mrch::hook[0m[32m: [32mArtifacts retrieved: 1 files, 1709 bytes in 2282ms[0m
    [2;3mat[0m rch/src/hook.rs:6458 [2;3mon[0m ThreadId(1)

  [2m2026-06-13T01:24:18.915053Z[0m [32m INFO[0m [1;32mrch::transfer[0m[32m: [32mRetrieving artifacts from /data/projects/frankentorch/.rch-target-hz2-job-29884606035526471-1781313797111543661-0 on hz2[0m
    [2;3mat[0m rch/src/transfer.rs:2106 [2;3mon[0m ThreadId(1)

  [2m2026-06-13T01:24:25.046703Z[0m [32m INFO[0m [1;32mrch::transfer[0m[32m: [32mArtifacts retrieved in 6131ms (930 files, 998182 bytes)[0m
    [2;3mat[0m rch/src/transfer.rs:2145 [2;3mon[0m ThreadId(1)

  [2m2026-06-13T01:24:25.046737Z[0m [32m INFO[0m [1;32mrch::hook[0m[32m: [32mCustom CARGO_TARGET_DIR artifacts retrieved: 930 files, 998182 bytes in 6131ms[0m
    [2;3mat[0m rch/src/hook.rs:6582 [2;3mon[0m ThreadId(1)

[RCH] remote hz2 (69.9s)
