  [2m2026-06-13T01:31:30.360667Z[0m [32m INFO[0m [1;32mrch::hook[0m[32m: [32mSelected worker: hz1 at root@87.99.133.171 (4 slots remaining after reservation, speed 50.0)[0m
    [2;3mat[0m rch/src/hook.rs:514 [2;3mon[0m ThreadId(1)

  [2m2026-06-13T01:31:30.629598Z[0m [32m INFO[0m [1;32mrch::hook[0m[32m: [32mStarting remote compilation pipeline for frankentorch (hash: 3d6dc0f5ca5d2899)[0m
    [2;3mat[0m rch/src/hook.rs:5994 [2;3mon[0m ThreadId(1)

  [2m2026-06-13T01:31:30.629642Z[0m [32m INFO[0m [1;32mrch::hook[0m[32m: [32mPrepared dependency sync manifest for 13 roots[0m
    [2;3mat[0m rch/src/hook.rs:6016 [2;3mon[0m ThreadId(1)

  [2m2026-06-13T01:31:31.198473Z[0m [32m INFO[0m [1;32mrch::hook[0m[32m: [32mSyncing project to worker hz1...[0m
    [2;3mat[0m rch/src/hook.rs:6046 [2;3mon[0m ThreadId(1)

  [2m2026-06-13T01:31:31.198540Z[0m [32m INFO[0m [1;32mrch::transfer[0m[32m: [32mSyncing /data/projects/frankentorch -> /data/projects/frankentorch on hz1[0m
    [2;3mat[0m rch/src/transfer.rs:1434 [2;3mon[0m ThreadId(1)

  [2m2026-06-13T01:31:33.964197Z[0m [32m INFO[0m [1;32mrch::transfer[0m[32m: [32mSync completed in 2765ms[0m
    [2;3mat[0m rch/src/transfer.rs:1503 [2;3mon[0m ThreadId(1)

  [2m2026-06-13T01:31:33.964286Z[0m [32m INFO[0m [1;32mrch::transfer[0m[32m: [32mSyncing /data/projects/frankentorch/crates/ft-api -> /data/projects/frankentorch/crates/ft-api on hz1[0m
    [2;3mat[0m rch/src/transfer.rs:1434 [2;3mon[0m ThreadId(1)

  [2m2026-06-13T01:31:34.378845Z[0m [32m INFO[0m [1;32mrch::transfer[0m[32m: [32mSync completed in 414ms[0m
    [2;3mat[0m rch/src/transfer.rs:1503 [2;3mon[0m ThreadId(1)

  [2m2026-06-13T01:31:34.378943Z[0m [32m INFO[0m [1;32mrch::transfer[0m[32m: [32mSyncing /data/projects/frankentorch/crates/ft-autograd -> /data/projects/frankentorch/crates/ft-autograd on hz1[0m
    [2;3mat[0m rch/src/transfer.rs:1434 [2;3mon[0m ThreadId(1)

  [2m2026-06-13T01:31:35.029781Z[0m [32m INFO[0m [1;32mrch::transfer[0m[32m: [32mSync completed in 650ms[0m
    [2;3mat[0m rch/src/transfer.rs:1503 [2;3mon[0m ThreadId(1)

  [2m2026-06-13T01:31:35.029872Z[0m [32m INFO[0m [1;32mrch::transfer[0m[32m: [32mSyncing /data/projects/frankentorch/crates/ft-conformance -> /data/projects/frankentorch/crates/ft-conformance on hz1[0m
    [2;3mat[0m rch/src/transfer.rs:1434 [2;3mon[0m ThreadId(1)

  [2m2026-06-13T01:31:35.420989Z[0m [32m INFO[0m [1;32mrch::transfer[0m[32m: [32mSync completed in 391ms[0m
    [2;3mat[0m rch/src/transfer.rs:1503 [2;3mon[0m ThreadId(1)

  [2m2026-06-13T01:31:35.421081Z[0m [32m INFO[0m [1;32mrch::transfer[0m[32m: [32mSyncing /data/projects/frankentorch/crates/ft-core -> /data/projects/frankentorch/crates/ft-core on hz1[0m
    [2;3mat[0m rch/src/transfer.rs:1434 [2;3mon[0m ThreadId(1)

  [2m2026-06-13T01:31:35.819920Z[0m [32m INFO[0m [1;32mrch::transfer[0m[32m: [32mSync completed in 398ms[0m
    [2;3mat[0m rch/src/transfer.rs:1503 [2;3mon[0m ThreadId(1)

  [2m2026-06-13T01:31:35.820023Z[0m [32m INFO[0m [1;32mrch::transfer[0m[32m: [32mSyncing /data/projects/frankentorch/crates/ft-data -> /data/projects/frankentorch/crates/ft-data on hz1[0m
    [2;3mat[0m rch/src/transfer.rs:1434 [2;3mon[0m ThreadId(1)

  [2m2026-06-13T01:31:36.193254Z[0m [32m INFO[0m [1;32mrch::transfer[0m[32m: [32mSync completed in 373ms[0m
    [2;3mat[0m rch/src/transfer.rs:1503 [2;3mon[0m ThreadId(1)

  [2m2026-06-13T01:31:36.193395Z[0m [32m INFO[0m [1;32mrch::transfer[0m[32m: [32mSyncing /data/projects/frankentorch/crates/ft-device -> /data/projects/frankentorch/crates/ft-device on hz1[0m
    [2;3mat[0m rch/src/transfer.rs:1434 [2;3mon[0m ThreadId(1)

  [2m2026-06-13T01:31:36.594967Z[0m [32m INFO[0m [1;32mrch::transfer[0m[32m: [32mSync completed in 401ms[0m
    [2;3mat[0m rch/src/transfer.rs:1503 [2;3mon[0m ThreadId(1)

  [2m2026-06-13T01:31:36.595057Z[0m [32m INFO[0m [1;32mrch::transfer[0m[32m: [32mSyncing /data/projects/frankentorch/crates/ft-dispatch -> /data/projects/frankentorch/crates/ft-dispatch on hz1[0m
    [2;3mat[0m rch/src/transfer.rs:1434 [2;3mon[0m ThreadId(1)

  [2m2026-06-13T01:31:37.025084Z[0m [32m INFO[0m [1;32mrch::transfer[0m[32m: [32mSync completed in 429ms[0m
    [2;3mat[0m rch/src/transfer.rs:1503 [2;3mon[0m ThreadId(1)

  [2m2026-06-13T01:31:37.025181Z[0m [32m INFO[0m [1;32mrch::transfer[0m[32m: [32mSyncing /data/projects/frankentorch/crates/ft-kernel-cpu -> /data/projects/frankentorch/crates/ft-kernel-cpu on hz1[0m
    [2;3mat[0m rch/src/transfer.rs:1434 [2;3mon[0m ThreadId(1)

  [2m2026-06-13T01:31:37.521207Z[0m [32m INFO[0m [1;32mrch::transfer[0m[32m: [32mSync completed in 496ms[0m
    [2;3mat[0m rch/src/transfer.rs:1503 [2;3mon[0m ThreadId(1)

  [2m2026-06-13T01:31:37.521309Z[0m [32m INFO[0m [1;32mrch::transfer[0m[32m: [32mSyncing /data/projects/frankentorch/crates/ft-nn -> /data/projects/frankentorch/crates/ft-nn on hz1[0m
    [2;3mat[0m rch/src/transfer.rs:1434 [2;3mon[0m ThreadId(1)

  [2m2026-06-13T01:31:37.932379Z[0m [32m INFO[0m [1;32mrch::transfer[0m[32m: [32mSync completed in 411ms[0m
    [2;3mat[0m rch/src/transfer.rs:1503 [2;3mon[0m ThreadId(1)

  [2m2026-06-13T01:31:37.932466Z[0m [32m INFO[0m [1;32mrch::transfer[0m[32m: [32mSyncing /data/projects/frankentorch/crates/ft-optim -> /data/projects/frankentorch/crates/ft-optim on hz1[0m
    [2;3mat[0m rch/src/transfer.rs:1434 [2;3mon[0m ThreadId(1)

  [2m2026-06-13T01:31:38.444350Z[0m [32m INFO[0m [1;32mrch::transfer[0m[32m: [32mSync completed in 511ms[0m
    [2;3mat[0m rch/src/transfer.rs:1503 [2;3mon[0m ThreadId(1)

  [2m2026-06-13T01:31:38.444421Z[0m [32m INFO[0m [1;32mrch::transfer[0m[32m: [32mSyncing /data/projects/frankentorch/crates/ft-runtime -> /data/projects/frankentorch/crates/ft-runtime on hz1[0m
    [2;3mat[0m rch/src/transfer.rs:1434 [2;3mon[0m ThreadId(1)

  [2m2026-06-13T01:31:38.852771Z[0m [32m INFO[0m [1;32mrch::transfer[0m[32m: [32mSync completed in 408ms[0m
    [2;3mat[0m rch/src/transfer.rs:1503 [2;3mon[0m ThreadId(1)

  [2m2026-06-13T01:31:38.852843Z[0m [32m INFO[0m [1;32mrch::transfer[0m[32m: [32mSyncing /data/projects/frankentorch/crates/ft-serialize -> /data/projects/frankentorch/crates/ft-serialize on hz1[0m
    [2;3mat[0m rch/src/transfer.rs:1434 [2;3mon[0m ThreadId(1)

  [2m2026-06-13T01:31:39.272844Z[0m [32m INFO[0m [1;32mrch::transfer[0m[32m: [32mSync completed in 419ms[0m
    [2;3mat[0m rch/src/transfer.rs:1503 [2;3mon[0m ThreadId(1)

  [2m2026-06-13T01:31:39.272893Z[0m [32m INFO[0m [1;32mrch::hook[0m[32m: [32mSync complete: 51928 files, 1962156 bytes in 8066ms[0m
    [2;3mat[0m rch/src/hook.rs:6209 [2;3mon[0m ThreadId(1)

  [2m2026-06-13T01:31:40.203972Z[0m [32m INFO[0m [1;32mrch::hook[0m[32m: [32mExecuting command remotely: cargo check -p ft-kernel-cpu --lib --examples --benches[0m
    [2;3mat[0m rch/src/hook.rs:6252 [2;3mon[0m ThreadId(1)

  [2m2026-06-13T01:31:40.204017Z[0m [32m INFO[0m [1;32mrch::transfer[0m[32m: [32mRewriting CARGO_TARGET_DIR for remote execution (worker-scoped path): /data/tmp/cargo-target -> /data/projects/frankentorch/.rch-target-hz1-job-29884606035526490-1781314291198465209-0[0m
    [2;3mat[0m rch/src/transfer.rs:712 [2;3mon[0m ThreadId(1)

    Updating crates.io index
 Downloading crates ...
  Downloaded autocfg v1.5.0
  Downloaded ciborium-io v0.2.2
  Downloaded aho-corasick v1.1.4
  Downloaded rawpointer v0.2.1
  Downloaded bit-set v0.8.0
  Downloaded anstyle v1.0.14
  Downloaded bit-vec v0.8.0
  Downloaded anes v0.1.6
  Downloaded fastrand v2.4.1
  Downloaded plotters-svg v0.3.7
  Downloaded ppv-lite86 v0.2.21
  Downloaded errno v0.3.14
  Downloaded ciborium-ll v0.2.2
  Downloaded fnv v1.0.7
  Downloaded same-file v1.0.6
  Downloaded quick-error v1.2.3
  Downloaded rand_xorshift v0.4.0
  Downloaded unarray v0.1.4
  Downloaded bitflags v2.11.1
  Downloaded rusty-fork v0.3.1
  Downloaded clap_lex v1.1.0
  Downloaded wait-timeout v0.2.1
  Downloaded is-terminal v0.4.17
  Downloaded plotters-backend v0.3.7
  Downloaded cast v0.3.0
  Downloaded itoa v1.0.18
  Downloaded zmij v1.0.21
  Downloaded rand_core v0.9.5
  Downloaded oorandom v11.1.5
  Downloaded rand_chacha v0.9.0
  Downloaded bytemuck_derive v1.10.2
  Downloaded crossbeam-deque v0.8.6
  Downloaded clap v4.6.1
  Downloaded walkdir v2.5.0
  Downloaded cfg-if v1.0.4
  Downloaded criterion-plot v0.5.0
  Downloaded tinytemplate v1.2.1
  Downloaded either v1.15.0
  Downloaded num-complex v0.4.6
  Downloaded quote v1.0.45
  Downloaded crossbeam-epoch v0.9.18
  Downloaded tempfile v3.27.0
  Downloaded ciborium v0.2.2
  Downloaded console v0.16.3
  Downloaded crossbeam-utils v0.8.21
  Downloaded num-traits v0.2.19
  Downloaded once_cell v1.21.4
  Downloaded serde_derive v1.0.228
  Downloaded similar v2.7.0
  Downloaded unicode-ident v1.0.24
  Downloaded matrixmultiply v0.3.10
  Downloaded proc-macro2 v1.0.106
  Downloaded safe_arch v0.7.4
  Downloaded serde_core v1.0.228
  Downloaded bytemuck v1.25.0
  Downloaded half v2.7.1
  Downloaded memchr v2.8.0
  Downloaded getrandom v0.3.4
  Downloaded serde v1.0.228
  Downloaded rayon-core v1.13.0
  Downloaded wide v0.7.33
  Downloaded zerocopy-derive v0.8.48
  Downloaded insta v1.47.2
  Downloaded rand v0.9.4
  Downloaded criterion v0.5.1
  Downloaded itertools v0.10.5
  Downloaded libm v0.2.16
  Downloaded plotters v0.3.7
  Downloaded regex v1.12.3
  Downloaded serde_json v1.0.149
  Downloaded clap_builder v4.6.0
  Downloaded proptest v1.11.0
  Downloaded rayon v1.12.0
  Downloaded zerocopy v0.8.48
  Downloaded syn v2.0.117
  Downloaded regex-syntax v0.8.10
  Downloaded rustix v1.1.4
  Downloaded regex-automata v0.4.14
  Downloaded libc v0.2.185
  Downloaded linux-raw-sys v0.12.1
   Compiling proc-macro2 v1.0.106
   Compiling unicode-ident v1.0.24
   Compiling quote v1.0.45
   Compiling libc v0.2.185
    Checking cfg-if v1.0.4
   Compiling autocfg v1.5.0
   Compiling zerocopy v0.8.48
   Compiling getrandom v0.3.4
   Compiling crossbeam-utils v0.8.21
   Compiling serde_core v1.0.228
   Compiling rustix v1.1.4
   Compiling serde v1.0.228
    Checking either v1.15.0
   Compiling num-traits v0.2.19
    Checking once_cell v1.21.4
    Checking bitflags v2.11.1
   Compiling zmij v1.0.21
    Checking linux-raw-sys v0.12.1
    Checking crossbeam-epoch v0.9.18
   Compiling rayon-core v1.13.0
   Compiling syn v2.0.117
    Checking fastrand v2.4.1
    Checking regex-syntax v0.8.10
    Checking crossbeam-deque v0.8.6
   Compiling serde_json v1.0.149
   Compiling matrixmultiply v0.3.10
    Checking ciborium-io v0.2.2
    Checking clap_lex v1.1.0
    Checking memchr v2.8.0
    Checking rand_core v0.9.5
   Compiling libm v0.2.16
    Checking itoa v1.0.18
    Checking plotters-backend v0.3.7
    Checking anstyle v1.0.14
    Checking clap_builder v4.6.0
    Checking plotters-svg v0.3.7
    Checking rayon v1.12.0
    Checking num-complex v0.4.6
    Checking wait-timeout v0.2.1
    Checking itertools v0.10.5
    Checking cast v0.3.0
    Checking same-file v1.0.6
    Checking fnv v1.0.7
    Checking rawpointer v0.2.1
    Checking tempfile v3.27.0
    Checking bit-vec v0.8.0
    Checking quick-error v1.2.3
    Checking bit-set v0.8.0
    Checking regex-automata v0.4.14
    Checking rusty-fork v0.3.1
    Checking walkdir v2.5.0
    Checking plotters v0.3.7
    Checking clap v4.6.1
    Checking rand v0.9.4
    Checking criterion-plot v0.5.0
    Checking rand_xorshift v0.4.0
    Checking is-terminal v0.4.17
    Checking console v0.16.3
    Checking similar v2.7.0
    Checking oorandom v11.1.5
    Checking anes v0.1.6
    Checking unarray v0.1.4
    Checking insta v1.47.2
    Checking regex v1.12.3
   Compiling zerocopy-derive v0.8.48
   Compiling bytemuck_derive v1.10.2
   Compiling serde_derive v1.0.228
    Checking bytemuck v1.25.0
    Checking safe_arch v0.7.4
    Checking wide v0.7.33
    Checking tinytemplate v1.2.1
    Checking half v2.7.1
    Checking ppv-lite86 v0.2.21
    Checking ciborium-ll v0.2.2
    Checking ft-core v0.1.0 (/data/projects/frankentorch/crates/ft-core)
    Checking rand_chacha v0.9.0
    Checking ciborium v0.2.2
    Checking proptest v1.11.0
    Checking ft-kernel-cpu v0.1.0 (/data/projects/frankentorch/crates/ft-kernel-cpu)
    Checking criterion v0.5.1
    Finished `dev` profile [unoptimized + debuginfo] target(s) in 19.32s
  [2m2026-06-13T01:32:00.370395Z[0m [32m INFO[0m [1;32mrch::hook[0m[32m: [32mRemote command finished: exit=0 in 20166ms[0m
    [2;3mat[0m rch/src/hook.rs:6376 [2;3mon[0m ThreadId(1)

  [2m2026-06-13T01:32:00.370668Z[0m [32m INFO[0m [1;32mrch::hook[0m[32m: [32mRetrieving build artifacts...[0m
    [2;3mat[0m rch/src/hook.rs:6425 [2;3mon[0m ThreadId(1)

  [2m2026-06-13T01:32:00.370685Z[0m [32m INFO[0m [1;32mrch::transfer[0m[32m: [32mRetrieving artifacts from /data/projects/frankentorch on hz1[0m
    [2;3mat[0m rch/src/transfer.rs:2106 [2;3mon[0m ThreadId(1)

  [2m2026-06-13T01:32:00.737373Z[0m [32m INFO[0m [1;32mrch::transfer[0m[32m: [32mArtifacts retrieved in 366ms (1 files, 1709 bytes)[0m
    [2;3mat[0m rch/src/transfer.rs:2145 [2;3mon[0m ThreadId(1)

  [2m2026-06-13T01:32:00.737405Z[0m [32m INFO[0m [1;32mrch::hook[0m[32m: [32mArtifacts retrieved: 1 files, 1709 bytes in 366ms[0m
    [2;3mat[0m rch/src/hook.rs:6458 [2;3mon[0m ThreadId(1)

  [2m2026-06-13T01:32:00.737494Z[0m [32m INFO[0m [1;32mrch::transfer[0m[32m: [32mRetrieving artifacts from /data/projects/frankentorch/.rch-target-hz1-job-29884606035526490-1781314291198465209-0 on hz1[0m
    [2;3mat[0m rch/src/transfer.rs:2106 [2;3mon[0m ThreadId(1)

  [2m2026-06-13T01:32:01.643599Z[0m [32m INFO[0m [1;32mrch::transfer[0m[32m: [32mArtifacts retrieved in 906ms (1240 files, 778344 bytes)[0m
    [2;3mat[0m rch/src/transfer.rs:2145 [2;3mon[0m ThreadId(1)

  [2m2026-06-13T01:32:01.643635Z[0m [32m INFO[0m [1;32mrch::hook[0m[32m: [32mCustom CARGO_TARGET_DIR artifacts retrieved: 1240 files, 778344 bytes in 906ms[0m
    [2;3mat[0m rch/src/hook.rs:6582 [2;3mon[0m ThreadId(1)

[RCH] remote hz1 (31.3s)
