  [2m2026-06-13T04:25:12.247736Z[0m [32m INFO[0m [1;32mrch::hook[0m[32m: [32mSelected worker: hz1 at root@87.99.133.171 (0 slots remaining after reservation, speed 50.0)[0m
    [2;3mat[0m rch/src/hook.rs:514 [2;3mon[0m ThreadId(1)

  [2m2026-06-13T04:25:12.513289Z[0m [32m INFO[0m [1;32mrch::hook[0m[32m: [32mStarting remote compilation pipeline for frankentorch (hash: 3d6dc0f5ca5d2899)[0m
    [2;3mat[0m rch/src/hook.rs:5994 [2;3mon[0m ThreadId(1)

  [2m2026-06-13T04:25:12.513366Z[0m [32m INFO[0m [1;32mrch::hook[0m[32m: [32mPrepared dependency sync manifest for 13 roots[0m
    [2;3mat[0m rch/src/hook.rs:6016 [2;3mon[0m ThreadId(1)

  [2m2026-06-13T04:25:13.484032Z[0m [32m INFO[0m [1;32mrch::hook[0m[32m: [32mSyncing project to worker hz1...[0m
    [2;3mat[0m rch/src/hook.rs:6046 [2;3mon[0m ThreadId(1)

  [2m2026-06-13T04:25:13.484107Z[0m [32m INFO[0m [1;32mrch::transfer[0m[32m: [32mSyncing /data/projects/frankentorch -> /data/projects/frankentorch on hz1[0m
    [2;3mat[0m rch/src/transfer.rs:1434 [2;3mon[0m ThreadId(1)

  [2m2026-06-13T04:25:25.257799Z[0m [32m INFO[0m [1;32mrch::transfer[0m[32m: [32mSync completed in 11773ms[0m
    [2;3mat[0m rch/src/transfer.rs:1503 [2;3mon[0m ThreadId(1)

  [2m2026-06-13T04:25:25.257871Z[0m [32m INFO[0m [1;32mrch::transfer[0m[32m: [32mSyncing /data/projects/frankentorch/crates/ft-api -> /data/projects/frankentorch/crates/ft-api on hz1[0m
    [2;3mat[0m rch/src/transfer.rs:1434 [2;3mon[0m ThreadId(1)

  [2m2026-06-13T04:25:26.963080Z[0m [32m INFO[0m [1;32mrch::transfer[0m[32m: [32mSync completed in 1705ms[0m
    [2;3mat[0m rch/src/transfer.rs:1503 [2;3mon[0m ThreadId(1)

  [2m2026-06-13T04:25:26.963170Z[0m [32m INFO[0m [1;32mrch::transfer[0m[32m: [32mSyncing /data/projects/frankentorch/crates/ft-autograd -> /data/projects/frankentorch/crates/ft-autograd on hz1[0m
    [2;3mat[0m rch/src/transfer.rs:1434 [2;3mon[0m ThreadId(1)

  [2m2026-06-13T04:25:27.590397Z[0m [32m INFO[0m [1;32mrch::transfer[0m[32m: [32mSync completed in 627ms[0m
    [2;3mat[0m rch/src/transfer.rs:1503 [2;3mon[0m ThreadId(1)

  [2m2026-06-13T04:25:27.590485Z[0m [32m INFO[0m [1;32mrch::transfer[0m[32m: [32mSyncing /data/projects/frankentorch/crates/ft-conformance -> /data/projects/frankentorch/crates/ft-conformance on hz1[0m
    [2;3mat[0m rch/src/transfer.rs:1434 [2;3mon[0m ThreadId(1)

  [2m2026-06-13T04:25:29.106681Z[0m [32m INFO[0m [1;32mrch::transfer[0m[32m: [32mSync completed in 1516ms[0m
    [2;3mat[0m rch/src/transfer.rs:1503 [2;3mon[0m ThreadId(1)

  [2m2026-06-13T04:25:29.106764Z[0m [32m INFO[0m [1;32mrch::transfer[0m[32m: [32mSyncing /data/projects/frankentorch/crates/ft-core -> /data/projects/frankentorch/crates/ft-core on hz1[0m
    [2;3mat[0m rch/src/transfer.rs:1434 [2;3mon[0m ThreadId(1)

  [2m2026-06-13T04:25:30.752124Z[0m [32m INFO[0m [1;32mrch::transfer[0m[32m: [32mSync completed in 1645ms[0m
    [2;3mat[0m rch/src/transfer.rs:1503 [2;3mon[0m ThreadId(1)

  [2m2026-06-13T04:25:30.752208Z[0m [32m INFO[0m [1;32mrch::transfer[0m[32m: [32mSyncing /data/projects/frankentorch/crates/ft-data -> /data/projects/frankentorch/crates/ft-data on hz1[0m
    [2;3mat[0m rch/src/transfer.rs:1434 [2;3mon[0m ThreadId(1)

  [2m2026-06-13T04:25:31.718642Z[0m [32m INFO[0m [1;32mrch::transfer[0m[32m: [32mSync completed in 966ms[0m
    [2;3mat[0m rch/src/transfer.rs:1503 [2;3mon[0m ThreadId(1)

  [2m2026-06-13T04:25:31.718715Z[0m [32m INFO[0m [1;32mrch::transfer[0m[32m: [32mSyncing /data/projects/frankentorch/crates/ft-device -> /data/projects/frankentorch/crates/ft-device on hz1[0m
    [2;3mat[0m rch/src/transfer.rs:1434 [2;3mon[0m ThreadId(1)

  [2m2026-06-13T04:25:32.385005Z[0m [32m INFO[0m [1;32mrch::transfer[0m[32m: [32mSync completed in 666ms[0m
    [2;3mat[0m rch/src/transfer.rs:1503 [2;3mon[0m ThreadId(1)

  [2m2026-06-13T04:25:32.385084Z[0m [32m INFO[0m [1;32mrch::transfer[0m[32m: [32mSyncing /data/projects/frankentorch/crates/ft-dispatch -> /data/projects/frankentorch/crates/ft-dispatch on hz1[0m
    [2;3mat[0m rch/src/transfer.rs:1434 [2;3mon[0m ThreadId(1)

  [2m2026-06-13T04:25:32.959034Z[0m [32m INFO[0m [1;32mrch::transfer[0m[32m: [32mSync completed in 573ms[0m
    [2;3mat[0m rch/src/transfer.rs:1503 [2;3mon[0m ThreadId(1)

  [2m2026-06-13T04:25:32.959127Z[0m [32m INFO[0m [1;32mrch::transfer[0m[32m: [32mSyncing /data/projects/frankentorch/crates/ft-kernel-cpu -> /data/projects/frankentorch/crates/ft-kernel-cpu on hz1[0m
    [2;3mat[0m rch/src/transfer.rs:1434 [2;3mon[0m ThreadId(1)

  [2m2026-06-13T04:25:33.597081Z[0m [32m INFO[0m [1;32mrch::transfer[0m[32m: [32mSync completed in 637ms[0m
    [2;3mat[0m rch/src/transfer.rs:1503 [2;3mon[0m ThreadId(1)

  [2m2026-06-13T04:25:33.597174Z[0m [32m INFO[0m [1;32mrch::transfer[0m[32m: [32mSyncing /data/projects/frankentorch/crates/ft-nn -> /data/projects/frankentorch/crates/ft-nn on hz1[0m
    [2;3mat[0m rch/src/transfer.rs:1434 [2;3mon[0m ThreadId(1)

  [2m2026-06-13T04:25:34.248839Z[0m [32m INFO[0m [1;32mrch::transfer[0m[32m: [32mSync completed in 651ms[0m
    [2;3mat[0m rch/src/transfer.rs:1503 [2;3mon[0m ThreadId(1)

  [2m2026-06-13T04:25:34.248917Z[0m [32m INFO[0m [1;32mrch::transfer[0m[32m: [32mSyncing /data/projects/frankentorch/crates/ft-optim -> /data/projects/frankentorch/crates/ft-optim on hz1[0m
    [2;3mat[0m rch/src/transfer.rs:1434 [2;3mon[0m ThreadId(1)

  [2m2026-06-13T04:25:34.913765Z[0m [32m INFO[0m [1;32mrch::transfer[0m[32m: [32mSync completed in 664ms[0m
    [2;3mat[0m rch/src/transfer.rs:1503 [2;3mon[0m ThreadId(1)

  [2m2026-06-13T04:25:34.913857Z[0m [32m INFO[0m [1;32mrch::transfer[0m[32m: [32mSyncing /data/projects/frankentorch/crates/ft-runtime -> /data/projects/frankentorch/crates/ft-runtime on hz1[0m
    [2;3mat[0m rch/src/transfer.rs:1434 [2;3mon[0m ThreadId(1)

  [2m2026-06-13T04:25:35.646192Z[0m [32m INFO[0m [1;32mrch::transfer[0m[32m: [32mSync completed in 732ms[0m
    [2;3mat[0m rch/src/transfer.rs:1503 [2;3mon[0m ThreadId(1)

  [2m2026-06-13T04:25:35.646277Z[0m [32m INFO[0m [1;32mrch::transfer[0m[32m: [32mSyncing /data/projects/frankentorch/crates/ft-serialize -> /data/projects/frankentorch/crates/ft-serialize on hz1[0m
    [2;3mat[0m rch/src/transfer.rs:1434 [2;3mon[0m ThreadId(1)

  [2m2026-06-13T04:25:36.632301Z[0m [32m INFO[0m [1;32mrch::transfer[0m[32m: [32mSync completed in 986ms[0m
    [2;3mat[0m rch/src/transfer.rs:1503 [2;3mon[0m ThreadId(1)

  [2m2026-06-13T04:25:36.632346Z[0m [32m INFO[0m [1;32mrch::hook[0m[32m: [32mSync complete: 51999 files, 1880995 bytes in 23141ms[0m
    [2;3mat[0m rch/src/hook.rs:6209 [2;3mon[0m ThreadId(1)

  [2m2026-06-13T04:25:39.370617Z[0m [32m INFO[0m [1;32mrch::hook[0m[32m: [32mExecuting command remotely: cargo check -j 1 -p ft-kernel-cpu --all-targets[0m
    [2;3mat[0m rch/src/hook.rs:6252 [2;3mon[0m ThreadId(1)

  [2m2026-06-13T04:25:39.370663Z[0m [32m INFO[0m [1;32mrch::transfer[0m[32m: [32mRewriting CARGO_TARGET_DIR for remote execution (worker-scoped path): /data/tmp/cargo-target -> /data/projects/frankentorch/.rch-target-hz1-job-29884606035527004-1781324713484024896-0[0m
    [2;3mat[0m rch/src/transfer.rs:712 [2;3mon[0m ThreadId(1)

    Updating crates.io index
 Downloading crates ...
  Downloaded anes v0.1.6
  Downloaded bit-vec v0.8.0
  Downloaded bit-set v0.8.0
  Downloaded is-terminal v0.4.17
  Downloaded cast v0.3.0
  Downloaded autocfg v1.5.0
  Downloaded bytemuck_derive v1.10.2
  Downloaded ciborium-ll v0.2.2
  Downloaded cfg-if v1.0.4
  Downloaded errno v0.3.14
  Downloaded fastrand v2.4.1
  Downloaded itoa v1.0.18
  Downloaded bitflags v2.11.1
  Downloaded ciborium-io v0.2.2
  Downloaded plotters-svg v0.3.7
  Downloaded anstyle v1.0.14
  Downloaded clap_lex v1.1.0
  Downloaded same-file v1.0.6
  Downloaded unarray v0.1.4
  Downloaded fnv v1.0.7
  Downloaded plotters-backend v0.3.7
  Downloaded quick-error v1.2.3
  Downloaded rand_core v0.9.5
  Downloaded rand_xorshift v0.4.0
  Downloaded rawpointer v0.2.1
  Downloaded crossbeam-deque v0.8.6
  Downloaded oorandom v11.1.5
  Downloaded rand_chacha v0.9.0
  Downloaded tempfile v3.27.0
  Downloaded tinytemplate v1.2.1
  Downloaded wait-timeout v0.2.1
  Downloaded walkdir v2.5.0
  Downloaded zmij v1.0.21
  Downloaded ciborium v0.2.2
  Downloaded clap v4.6.1
  Downloaded console v0.16.3
  Downloaded criterion-plot v0.5.0
  Downloaded crossbeam-epoch v0.9.18
  Downloaded crossbeam-utils v0.8.21
  Downloaded either v1.15.0
  Downloaded num-complex v0.4.6
  Downloaded once_cell v1.21.4
  Downloaded ppv-lite86 v0.2.21
  Downloaded quote v1.0.45
  Downloaded rusty-fork v0.3.1
  Downloaded similar v2.7.0
  Downloaded bytemuck v1.25.0
  Downloaded getrandom v0.3.4
  Downloaded matrixmultiply v0.3.10
  Downloaded num-traits v0.2.19
  Downloaded proc-macro2 v1.0.106
  Downloaded serde_core v1.0.228
  Downloaded serde_derive v1.0.228
  Downloaded unicode-ident v1.0.24
  Downloaded half v2.7.1
  Downloaded memchr v2.8.0
  Downloaded rayon-core v1.13.0
  Downloaded safe_arch v0.7.4
  Downloaded serde v1.0.228
  Downloaded wide v0.7.33
  Downloaded zerocopy-derive v0.8.48
  Downloaded insta v1.47.2
  Downloaded rand v0.9.4
  Downloaded criterion v0.5.1
  Downloaded itertools v0.10.5
  Downloaded regex v1.12.3
  Downloaded aho-corasick v1.1.4
  Downloaded clap_builder v4.6.0
  Downloaded libm v0.2.16
  Downloaded plotters v0.3.7
  Downloaded rayon v1.12.0
  Downloaded serde_json v1.0.149
  Downloaded proptest v1.11.0
  Downloaded zerocopy v0.8.48
  Downloaded syn v2.0.117
  Downloaded regex-syntax v0.8.10
  Downloaded rustix v1.1.4
  Downloaded regex-automata v0.4.14
  Downloaded libc v0.2.185
  Downloaded linux-raw-sys v0.12.1
   Compiling proc-macro2 v1.0.106
   Compiling unicode-ident v1.0.24
   Compiling quote v1.0.45
   Compiling syn v2.0.117
    Checking cfg-if v1.0.4
   Compiling libc v0.2.185
   Compiling autocfg v1.5.0
   Compiling zerocopy v0.8.48
   Compiling zerocopy-derive v0.8.48
   Compiling getrandom v0.3.4
   Compiling bytemuck_derive v1.10.2
    Checking bytemuck v1.25.0
   Compiling num-traits v0.2.19
   Compiling crossbeam-utils v0.8.21
   Compiling serde_core v1.0.228
   Compiling rustix v1.1.4
    Checking crossbeam-epoch v0.9.18
    Checking half v2.7.1
    Checking linux-raw-sys v0.12.1
   Compiling serde v1.0.228
   Compiling rayon-core v1.13.0
    Checking once_cell v1.21.4
   Compiling zmij v1.0.21
    Checking either v1.15.0
    Checking bitflags v2.11.1
    Checking crossbeam-deque v0.8.6
    Checking rand_core v0.9.5
   Compiling serde_derive v1.0.228
    Checking fastrand v2.4.1
   Compiling serde_json v1.0.149
    Checking regex-syntax v0.8.10
    Checking tempfile v3.27.0
   Compiling matrixmultiply v0.3.10
   Compiling libm v0.2.16
    Checking ciborium-io v0.2.2
    Checking anstyle v1.0.14
    Checking itoa v1.0.18
    Checking plotters-backend v0.3.7
    Checking memchr v2.8.0
    Checking clap_lex v1.1.0
    Checking clap_builder v4.6.0
    Checking plotters-svg v0.3.7
    Checking ciborium-ll v0.2.2
    Checking rayon v1.12.0
    Checking regex-automata v0.4.14
    Checking itertools v0.10.5
    Checking num-complex v0.4.6
    Checking safe_arch v0.7.4
    Checking ppv-lite86 v0.2.21
    Checking wait-timeout v0.2.1
    Checking fnv v1.0.7
    Checking same-file v1.0.6
    Checking cast v0.3.0
    Checking quick-error v1.2.3
    Checking rawpointer v0.2.1
    Checking bit-vec v0.8.0
    Checking bit-set v0.8.0
    Checking rusty-fork v0.3.1
    Checking criterion-plot v0.5.0
    Checking walkdir v2.5.0
    Checking rand_chacha v0.9.0
    Checking wide v0.7.33
    Checking ft-core v0.1.0 (/data/projects/frankentorch/crates/ft-core)
    Checking regex v1.12.3
    Checking ciborium v0.2.2
    Checking plotters v0.3.7
    Checking tinytemplate v1.2.1
    Checking clap v4.6.1
    Checking rand_xorshift v0.4.0
    Checking rand v0.9.4
    Checking is-terminal v0.4.17
    Checking console v0.16.3
    Checking anes v0.1.6
    Checking oorandom v11.1.5
    Checking unarray v0.1.4
    Checking similar v2.7.0
    Checking insta v1.47.2
    Checking proptest v1.11.0
    Checking criterion v0.5.1
    Checking ft-kernel-cpu v0.1.0 (/data/projects/frankentorch/crates/ft-kernel-cpu)
    Finished `dev` profile [unoptimized + debuginfo] target(s) in 1m 16s
  [2m2026-06-13T04:26:56.537651Z[0m [32m INFO[0m [1;32mrch::hook[0m[32m: [32mRemote command finished: exit=0 in 77166ms[0m
    [2;3mat[0m rch/src/hook.rs:6376 [2;3mon[0m ThreadId(1)

  [2m2026-06-13T04:26:56.537923Z[0m [32m INFO[0m [1;32mrch::hook[0m[32m: [32mRetrieving build artifacts...[0m
    [2;3mat[0m rch/src/hook.rs:6425 [2;3mon[0m ThreadId(1)

  [2m2026-06-13T04:26:56.537953Z[0m [32m INFO[0m [1;32mrch::transfer[0m[32m: [32mRetrieving artifacts from /data/projects/frankentorch on hz1[0m
    [2;3mat[0m rch/src/transfer.rs:2106 [2;3mon[0m ThreadId(1)

  [2m2026-06-13T04:26:56.968086Z[0m [32m INFO[0m [1;32mrch::transfer[0m[32m: [32mArtifacts retrieved in 430ms (1 files, 1709 bytes)[0m
    [2;3mat[0m rch/src/transfer.rs:2145 [2;3mon[0m ThreadId(1)

  [2m2026-06-13T04:26:56.968117Z[0m [32m INFO[0m [1;32mrch::hook[0m[32m: [32mArtifacts retrieved: 1 files, 1709 bytes in 430ms[0m
    [2;3mat[0m rch/src/hook.rs:6458 [2;3mon[0m ThreadId(1)

  [2m2026-06-13T04:26:56.968218Z[0m [32m INFO[0m [1;32mrch::transfer[0m[32m: [32mRetrieving artifacts from /data/projects/frankentorch/.rch-target-hz1-job-29884606035527004-1781324713484024896-0 on hz1[0m
    [2;3mat[0m rch/src/transfer.rs:2106 [2;3mon[0m ThreadId(1)

  [2m2026-06-13T04:27:01.722808Z[0m [32m INFO[0m [1;32mrch::transfer[0m[32m: [32mArtifacts retrieved in 4754ms (1240 files, 778470 bytes)[0m
    [2;3mat[0m rch/src/transfer.rs:2145 [2;3mon[0m ThreadId(1)

  [2m2026-06-13T04:27:01.722842Z[0m [32m INFO[0m [1;32mrch::hook[0m[32m: [32mCustom CARGO_TARGET_DIR artifacts retrieved: 1240 files, 778470 bytes in 4754ms[0m
    [2;3mat[0m rch/src/hook.rs:6582 [2;3mon[0m ThreadId(1)

[RCH] remote hz1 (109.5s)
