  [2m2026-06-20T02:19:21.041786Z[0m [32m INFO[0m [1;32mrch::hook[0m[32m: [32mSelected worker: hz2 at root@178.104.77.29 (0 slots remaining after reservation, speed 50.0)[0m
    [2;3mat[0m rch/src/hook.rs:921 [2;3mon[0m ThreadId(1)

  [2m2026-06-20T02:19:21.256060Z[0m [32m INFO[0m [1;32mrch::hook::transfer_orchestration[0m[32m: [32mStarting remote compilation pipeline for frankentorch-cod-b-bold-verify-20260620T020738Z (hash: 6f70d3acf7c81c34)[0m
    [2;3mat[0m rch/src/hook/transfer_orchestration.rs:241 [2;3mon[0m ThreadId(1)

  [2m2026-06-20T02:19:21.256097Z[0m [32m INFO[0m [1;32mrch::hook::transfer_orchestration[0m[32m: [32mPrepared dependency sync manifest for 13 roots[0m
    [2;3mat[0m rch/src/hook/transfer_orchestration.rs:263 [2;3mon[0m ThreadId(1)

  [2m2026-06-20T02:19:22.856564Z[0m [32m INFO[0m [1;32mrch::hook::transfer_orchestration[0m[32m: [32mSyncing project to worker hz2...[0m
    [2;3mat[0m rch/src/hook/transfer_orchestration.rs:323 [2;3mon[0m ThreadId(1)

  [2m2026-06-20T02:19:22.856614Z[0m [32m INFO[0m [1;32mrch::transfer[0m[32m: [32mSyncing /data/projects/.scratch/frankentorch-cod-b-bold-verify-20260620T020738Z -> /data/projects/.scratch/frankentorch-cod-b-bold-verify-20260620T020738Z on hz2[0m
    [2;3mat[0m rch/src/transfer.rs:1528 [2;3mon[0m ThreadId(1)

  [2m2026-06-20T02:19:25.526146Z[0m [32m INFO[0m [1;32mrch::transfer[0m[32m: [32mSync completed in 2669ms[0m
    [2;3mat[0m rch/src/transfer.rs:1592 [2;3mon[0m ThreadId(1)

  [2m2026-06-20T02:19:25.526214Z[0m [32m INFO[0m [1;32mrch::transfer[0m[32m: [32mSyncing /data/projects/.scratch/frankentorch-cod-b-bold-verify-20260620T020738Z/crates/ft-api -> /data/projects/.scratch/frankentorch-cod-b-bold-verify-20260620T020738Z/crates/ft-api on hz2[0m
    [2;3mat[0m rch/src/transfer.rs:1528 [2;3mon[0m ThreadId(1)

  [2m2026-06-20T02:19:27.342604Z[0m [32m INFO[0m [1;32mrch::transfer[0m[32m: [32mSync completed in 1816ms[0m
    [2;3mat[0m rch/src/transfer.rs:1592 [2;3mon[0m ThreadId(1)

  [2m2026-06-20T02:19:27.342679Z[0m [32m INFO[0m [1;32mrch::transfer[0m[32m: [32mSyncing /data/projects/.scratch/frankentorch-cod-b-bold-verify-20260620T020738Z/crates/ft-autograd -> /data/projects/.scratch/frankentorch-cod-b-bold-verify-20260620T020738Z/crates/ft-autograd on hz2[0m
    [2;3mat[0m rch/src/transfer.rs:1528 [2;3mon[0m ThreadId(1)

  [2m2026-06-20T02:19:29.203043Z[0m [32m INFO[0m [1;32mrch::transfer[0m[32m: [32mSync completed in 1860ms[0m
    [2;3mat[0m rch/src/transfer.rs:1592 [2;3mon[0m ThreadId(1)

  [2m2026-06-20T02:19:29.203112Z[0m [32m INFO[0m [1;32mrch::transfer[0m[32m: [32mSyncing /data/projects/.scratch/frankentorch-cod-b-bold-verify-20260620T020738Z/crates/ft-conformance -> /data/projects/.scratch/frankentorch-cod-b-bold-verify-20260620T020738Z/crates/ft-conformance on hz2[0m
    [2;3mat[0m rch/src/transfer.rs:1528 [2;3mon[0m ThreadId(1)

  [2m2026-06-20T02:19:31.029557Z[0m [32m INFO[0m [1;32mrch::transfer[0m[32m: [32mSync completed in 1826ms[0m
    [2;3mat[0m rch/src/transfer.rs:1592 [2;3mon[0m ThreadId(1)

  [2m2026-06-20T02:19:31.029625Z[0m [32m INFO[0m [1;32mrch::transfer[0m[32m: [32mSyncing /data/projects/.scratch/frankentorch-cod-b-bold-verify-20260620T020738Z/crates/ft-core -> /data/projects/.scratch/frankentorch-cod-b-bold-verify-20260620T020738Z/crates/ft-core on hz2[0m
    [2;3mat[0m rch/src/transfer.rs:1528 [2;3mon[0m ThreadId(1)

  [2m2026-06-20T02:19:32.933524Z[0m [32m INFO[0m [1;32mrch::transfer[0m[32m: [32mSync completed in 1903ms[0m
    [2;3mat[0m rch/src/transfer.rs:1592 [2;3mon[0m ThreadId(1)

  [2m2026-06-20T02:19:32.933608Z[0m [32m INFO[0m [1;32mrch::transfer[0m[32m: [32mSyncing /data/projects/.scratch/frankentorch-cod-b-bold-verify-20260620T020738Z/crates/ft-data -> /data/projects/.scratch/frankentorch-cod-b-bold-verify-20260620T020738Z/crates/ft-data on hz2[0m
    [2;3mat[0m rch/src/transfer.rs:1528 [2;3mon[0m ThreadId(1)

  [2m2026-06-20T02:19:34.855455Z[0m [32m INFO[0m [1;32mrch::transfer[0m[32m: [32mSync completed in 1921ms[0m
    [2;3mat[0m rch/src/transfer.rs:1592 [2;3mon[0m ThreadId(1)

  [2m2026-06-20T02:19:34.855523Z[0m [32m INFO[0m [1;32mrch::transfer[0m[32m: [32mSyncing /data/projects/.scratch/frankentorch-cod-b-bold-verify-20260620T020738Z/crates/ft-device -> /data/projects/.scratch/frankentorch-cod-b-bold-verify-20260620T020738Z/crates/ft-device on hz2[0m
    [2;3mat[0m rch/src/transfer.rs:1528 [2;3mon[0m ThreadId(1)

  [2m2026-06-20T02:19:36.742250Z[0m [32m INFO[0m [1;32mrch::transfer[0m[32m: [32mSync completed in 1886ms[0m
    [2;3mat[0m rch/src/transfer.rs:1592 [2;3mon[0m ThreadId(1)

  [2m2026-06-20T02:19:36.742316Z[0m [32m INFO[0m [1;32mrch::transfer[0m[32m: [32mSyncing /data/projects/.scratch/frankentorch-cod-b-bold-verify-20260620T020738Z/crates/ft-dispatch -> /data/projects/.scratch/frankentorch-cod-b-bold-verify-20260620T020738Z/crates/ft-dispatch on hz2[0m
    [2;3mat[0m rch/src/transfer.rs:1528 [2;3mon[0m ThreadId(1)

  [2m2026-06-20T02:19:38.574562Z[0m [32m INFO[0m [1;32mrch::transfer[0m[32m: [32mSync completed in 1832ms[0m
    [2;3mat[0m rch/src/transfer.rs:1592 [2;3mon[0m ThreadId(1)

  [2m2026-06-20T02:19:38.574622Z[0m [32m INFO[0m [1;32mrch::transfer[0m[32m: [32mSyncing /data/projects/.scratch/frankentorch-cod-b-bold-verify-20260620T020738Z/crates/ft-kernel-cpu -> /data/projects/.scratch/frankentorch-cod-b-bold-verify-20260620T020738Z/crates/ft-kernel-cpu on hz2[0m
    [2;3mat[0m rch/src/transfer.rs:1528 [2;3mon[0m ThreadId(1)

  [2m2026-06-20T02:19:40.448622Z[0m [32m INFO[0m [1;32mrch::transfer[0m[32m: [32mSync completed in 1873ms[0m
    [2;3mat[0m rch/src/transfer.rs:1592 [2;3mon[0m ThreadId(1)

  [2m2026-06-20T02:19:40.448705Z[0m [32m INFO[0m [1;32mrch::transfer[0m[32m: [32mSyncing /data/projects/.scratch/frankentorch-cod-b-bold-verify-20260620T020738Z/crates/ft-nn -> /data/projects/.scratch/frankentorch-cod-b-bold-verify-20260620T020738Z/crates/ft-nn on hz2[0m
    [2;3mat[0m rch/src/transfer.rs:1528 [2;3mon[0m ThreadId(1)

  [2m2026-06-20T02:19:42.311093Z[0m [32m INFO[0m [1;32mrch::transfer[0m[32m: [32mSync completed in 1862ms[0m
    [2;3mat[0m rch/src/transfer.rs:1592 [2;3mon[0m ThreadId(1)

  [2m2026-06-20T02:19:42.311161Z[0m [32m INFO[0m [1;32mrch::transfer[0m[32m: [32mSyncing /data/projects/.scratch/frankentorch-cod-b-bold-verify-20260620T020738Z/crates/ft-optim -> /data/projects/.scratch/frankentorch-cod-b-bold-verify-20260620T020738Z/crates/ft-optim on hz2[0m
    [2;3mat[0m rch/src/transfer.rs:1528 [2;3mon[0m ThreadId(1)

  [2m2026-06-20T02:19:44.203333Z[0m [32m INFO[0m [1;32mrch::transfer[0m[32m: [32mSync completed in 1892ms[0m
    [2;3mat[0m rch/src/transfer.rs:1592 [2;3mon[0m ThreadId(1)

  [2m2026-06-20T02:19:44.203405Z[0m [32m INFO[0m [1;32mrch::transfer[0m[32m: [32mSyncing /data/projects/.scratch/frankentorch-cod-b-bold-verify-20260620T020738Z/crates/ft-runtime -> /data/projects/.scratch/frankentorch-cod-b-bold-verify-20260620T020738Z/crates/ft-runtime on hz2[0m
    [2;3mat[0m rch/src/transfer.rs:1528 [2;3mon[0m ThreadId(1)

  [2m2026-06-20T02:19:46.092166Z[0m [32m INFO[0m [1;32mrch::transfer[0m[32m: [32mSync completed in 1888ms[0m
    [2;3mat[0m rch/src/transfer.rs:1592 [2;3mon[0m ThreadId(1)

  [2m2026-06-20T02:19:46.092229Z[0m [32m INFO[0m [1;32mrch::transfer[0m[32m: [32mSyncing /data/projects/.scratch/frankentorch-cod-b-bold-verify-20260620T020738Z/crates/ft-serialize -> /data/projects/.scratch/frankentorch-cod-b-bold-verify-20260620T020738Z/crates/ft-serialize on hz2[0m
    [2;3mat[0m rch/src/transfer.rs:1528 [2;3mon[0m ThreadId(1)

  [2m2026-06-20T02:19:47.975830Z[0m [32m INFO[0m [1;32mrch::transfer[0m[32m: [32mSync completed in 1883ms[0m
    [2;3mat[0m rch/src/transfer.rs:1592 [2;3mon[0m ThreadId(1)

  [2m2026-06-20T02:19:47.975874Z[0m [32m INFO[0m [1;32mrch::hook::transfer_orchestration[0m[32m: [32mSync complete: 4116 files, 176798 bytes in 25111ms[0m
    [2;3mat[0m rch/src/hook/transfer_orchestration.rs:486 [2;3mon[0m ThreadId(1)

  [2m2026-06-20T02:19:54.838643Z[0m [32m INFO[0m [1;32mrch::hook::transfer_orchestration[0m[32m: [32mExecuting command remotely: cargo bench -p ft-api --bench pytorch_gauntlet_bench -- gauntlet_max_pool3d_grad/frankentorch --noplot[0m
    [2;3mat[0m rch/src/hook/transfer_orchestration.rs:529 [2;3mon[0m ThreadId(1)

  [2m2026-06-20T02:19:54.838707Z[0m [32m INFO[0m [1;32mrch::transfer[0m[32m: [32mRewriting CARGO_TARGET_DIR for remote execution (worker-scoped path): /data/projects/.rch-targets/frankentorch-cod-b -> /data/projects/.scratch/frankentorch-cod-b-bold-verify-20260620T020738Z/.rch-target-hz2-pool-6f5ec52817ec8bbb459bc3236deb8dc6[0m
    [2;3mat[0m rch/src/transfer.rs:799 [2;3mon[0m ThreadId(1)

    Updating crates.io index
 Downloading crates ...
  Downloaded anes v0.1.6
  Downloaded anstyle v1.0.14
  Downloaded autocfg v1.5.0
  Downloaded bytemuck_derive v1.10.2
  Downloaded bytemuck v1.25.0
  Downloaded rawpointer v0.2.1
  Downloaded same-file v1.0.6
  Downloaded ciborium-ll v0.2.2
  Downloaded ciborium-io v0.2.2
  Downloaded either v1.15.0
  Downloaded aho-corasick v1.1.4
  Downloaded cast v0.3.0
  Downloaded itoa v1.0.18
  Downloaded plotters-backend v0.3.7
  Downloaded plotters-svg v0.3.7
  Downloaded clap_lex v1.1.0
  Downloaded cfg-if v1.0.4
  Downloaded is-terminal v0.4.17
  Downloaded crossbeam-deque v0.8.6
  Downloaded tinytemplate v1.2.1
  Downloaded criterion-plot v0.5.0
  Downloaded oorandom v11.1.5
  Downloaded walkdir v2.5.0
  Downloaded quote v1.0.45
  Downloaded crossbeam-utils v0.8.21
  Downloaded crossbeam-epoch v0.9.18
  Downloaded num-complex v0.4.6
  Downloaded once_cell v1.21.4
  Downloaded ciborium v0.2.2
  Downloaded unicode-ident v1.0.24
  Downloaded matrixmultiply v0.3.10
  Downloaded half v2.7.1
  Downloaded proc-macro2 v1.0.106
  Downloaded zmij v1.0.21
  Downloaded safe_arch v0.7.4
  Downloaded serde_core v1.0.228
  Downloaded serde_derive v1.0.228
  Downloaded num-traits v0.2.19
  Downloaded rayon-core v1.13.0
  Downloaded clap v4.6.1
  Downloaded memchr v2.8.0
  Downloaded zerocopy-derive v0.8.48
  Downloaded serde v1.0.228
  Downloaded wide v0.7.33
  Downloaded criterion v0.5.1
  Downloaded itertools v0.10.5
  Downloaded serde_json v1.0.149
  Downloaded libm v0.2.16
  Downloaded regex v1.12.3
  Downloaded plotters v0.3.7
  Downloaded clap_builder v4.6.0
  Downloaded rayon v1.12.0
  Downloaded zerocopy v0.8.48
  Downloaded syn v2.0.117
  Downloaded regex-syntax v0.8.10
  Downloaded regex-automata v0.4.14
  Downloaded libc v0.2.185
   Compiling proc-macro2 v1.0.106
   Compiling unicode-ident v1.0.24
   Compiling quote v1.0.45
   Compiling autocfg v1.5.0
   Compiling zerocopy v0.8.48
   Compiling crossbeam-utils v0.8.21
   Compiling cfg-if v1.0.4
   Compiling rayon-core v1.13.0
   Compiling either v1.15.0
   Compiling serde_core v1.0.228
   Compiling libm v0.2.16
   Compiling serde v1.0.228
   Compiling rawpointer v0.2.1
   Compiling zmij v1.0.21
   Compiling serde_json v1.0.149
   Compiling libc v0.2.185
   Compiling plotters-backend v0.3.7
   Compiling itoa v1.0.18
   Compiling ciborium-io v0.2.2
   Compiling anstyle v1.0.14
   Compiling clap_lex v1.1.0
   Compiling regex-syntax v0.8.10
   Compiling memchr v2.8.0
   Compiling itertools v0.10.5
   Compiling plotters-svg v0.3.7
   Compiling cast v0.3.0
   Compiling num-traits v0.2.19
   Compiling matrixmultiply v0.3.10
   Compiling clap_builder v4.6.0
   Compiling same-file v1.0.6
   Compiling once_cell v1.21.4
   Compiling walkdir v2.5.0
   Compiling oorandom v11.1.5
   Compiling anes v0.1.6
   Compiling crossbeam-epoch v0.9.18
   Compiling syn v2.0.117
   Compiling crossbeam-deque v0.8.6
   Compiling num-complex v0.4.6
   Compiling plotters v0.3.7
   Compiling is-terminal v0.4.17
   Compiling regex-automata v0.4.14
   Compiling criterion-plot v0.5.0
   Compiling rayon v1.12.0
   Compiling clap v4.6.1
   Compiling regex v1.12.3
   Compiling bytemuck_derive v1.10.2
   Compiling zerocopy-derive v0.8.48
   Compiling serde_derive v1.0.228
   Compiling bytemuck v1.25.0
   Compiling safe_arch v0.7.4
   Compiling wide v0.7.33
   Compiling tinytemplate v1.2.1
   Compiling half v2.7.1
   Compiling ft-core v0.1.0 (/data/projects/.scratch/frankentorch-cod-b-bold-verify-20260620T020738Z/crates/ft-core)
   Compiling ciborium-ll v0.2.2
   Compiling ciborium v0.2.2
   Compiling ft-kernel-cpu v0.1.0 (/data/projects/.scratch/frankentorch-cod-b-bold-verify-20260620T020738Z/crates/ft-kernel-cpu)
   Compiling ft-runtime v0.1.0 (/data/projects/.scratch/frankentorch-cod-b-bold-verify-20260620T020738Z/crates/ft-runtime)
   Compiling criterion v0.5.1
   Compiling ft-dispatch v0.1.0 (/data/projects/.scratch/frankentorch-cod-b-bold-verify-20260620T020738Z/crates/ft-dispatch)
   Compiling ft-autograd v0.1.0 (/data/projects/.scratch/frankentorch-cod-b-bold-verify-20260620T020738Z/crates/ft-autograd)
   Compiling ft-api v0.1.0 (/data/projects/.scratch/frankentorch-cod-b-bold-verify-20260620T020738Z/crates/ft-api)
    Finished `bench` profile [optimized + debuginfo] target(s) in 58.07s
     Running benches/pytorch_gauntlet_bench.rs (.rch-target-hz2-pool-6f5ec52817ec8bbb459bc3236deb8dc6/release/deps/pytorch_gauntlet_bench-5f2ebc2fd9ddf042)
Gnuplot not found, using plotters backend
Benchmarking gauntlet_max_pool3d_grad/frankentorch_kgs4_117
Benchmarking gauntlet_max_pool3d_grad/frankentorch_kgs4_117: Warming up for 1.0000 s
Benchmarking gauntlet_max_pool3d_grad/frankentorch_kgs4_117: Collecting 10 samples in estimated 3.1330 s (330 iterations)
Benchmarking gauntlet_max_pool3d_grad/frankentorch_kgs4_117: Analyzing
gauntlet_max_pool3d_grad/frankentorch_kgs4_117
                        time:   [7.4294 ms 7.9815 ms 8.8691 ms]
                        change: [-12.398% -0.9090% +12.892%] (p = 0.89 > 0.05)
                        No change in performance detected.
Benchmarking gauntlet_max_pool3d_grad/frankentorch_fused_sum_loss
Benchmarking gauntlet_max_pool3d_grad/frankentorch_fused_sum_loss: Warming up for 1.0000 s
Benchmarking gauntlet_max_pool3d_grad/frankentorch_fused_sum_loss: Collecting 10 samples in estimated 3.0580 s (495 iterations)
Benchmarking gauntlet_max_pool3d_grad/frankentorch_fused_sum_loss: Analyzing
gauntlet_max_pool3d_grad/frankentorch_fused_sum_loss
                        time:   [5.5778 ms 6.0056 ms 6.4807 ms]
                        change: [-5.6175% +1.7948% +11.536%] (p = 0.69 > 0.05)
                        No change in performance detected.
Found 1 outliers among 10 measurements (10.00%)
  1 (10.00%) high mild

  [2m2026-06-20T02:21:03.141503Z[0m [32m INFO[0m [1;32mrch::hook::transfer_orchestration[0m[32m: [32mRemote command finished: exit=0 in 68302ms[0m
    [2;3mat[0m rch/src/hook/transfer_orchestration.rs:653 [2;3mon[0m ThreadId(1)

  [2m2026-06-20T02:21:03.141753Z[0m [32m INFO[0m [1;32mrch::hook::transfer_orchestration[0m[32m: [32mRetrieving build artifacts...[0m
    [2;3mat[0m rch/src/hook/transfer_orchestration.rs:702 [2;3mon[0m ThreadId(1)

  [2m2026-06-20T02:21:03.141768Z[0m [32m INFO[0m [1;32mrch::transfer[0m[32m: [32mRetrieving artifacts from /data/projects/.scratch/frankentorch-cod-b-bold-verify-20260620T020738Z on hz2[0m
    [2;3mat[0m rch/src/transfer.rs:2246 [2;3mon[0m ThreadId(1)

  [2m2026-06-20T02:21:05.055686Z[0m [32m INFO[0m [1;32mrch::transfer[0m[32m: [32mArtifacts retrieved in 1913ms (1 files, 1180 bytes)[0m
    [2;3mat[0m rch/src/transfer.rs:2301 [2;3mon[0m ThreadId(1)

  [2m2026-06-20T02:21:05.055709Z[0m [32m INFO[0m [1;32mrch::hook::transfer_orchestration[0m[32m: [32mArtifacts retrieved: 1 files, 1180 bytes in 1913ms[0m
    [2;3mat[0m rch/src/hook/transfer_orchestration.rs:735 [2;3mon[0m ThreadId(1)

  [2m2026-06-20T02:21:05.055802Z[0m [32m INFO[0m [1;32mrch::transfer[0m[32m: [32mRetrieving artifacts from /data/projects/.scratch/frankentorch-cod-b-bold-verify-20260620T020738Z/.rch-target-hz2-pool-6f5ec52817ec8bbb459bc3236deb8dc6 on hz2[0m
    [2;3mat[0m rch/src/transfer.rs:2246 [2;3mon[0m ThreadId(1)

  [2m2026-06-20T02:21:07.003506Z[0m [32m INFO[0m [1;32mrch::transfer[0m[32m: [32mArtifacts retrieved in 1947ms (29 files, 866 bytes)[0m
    [2;3mat[0m rch/src/transfer.rs:2301 [2;3mon[0m ThreadId(1)

  [2m2026-06-20T02:21:07.003525Z[0m [32m INFO[0m [1;32mrch::hook::transfer_orchestration[0m[32m: [32mCustom CARGO_TARGET_DIR artifacts retrieved: 29 files, 866 bytes in 1947ms[0m
    [2;3mat[0m rch/src/hook/transfer_orchestration.rs:859 [2;3mon[0m ThreadId(1)

[RCH] remote hz2 (106.0s)
