   Compiling ft-kernel-cpu v0.1.0 (/data/projects/.scratch/frankentorch-cod-b-bold-verify-20260620T020738Z/crates/ft-kernel-cpu)
   Compiling ft-dispatch v0.1.0 (/data/projects/.scratch/frankentorch-cod-b-bold-verify-20260620T020738Z/crates/ft-dispatch)
   Compiling ft-autograd v0.1.0 (/data/projects/.scratch/frankentorch-cod-b-bold-verify-20260620T020738Z/crates/ft-autograd)
   Compiling ft-api v0.1.0 (/data/projects/.scratch/frankentorch-cod-b-bold-verify-20260620T020738Z/crates/ft-api)
    Finished `bench` profile [optimized + debuginfo] target(s) in 50.93s
     Running benches/pytorch_gauntlet_bench.rs (/data/projects/.rch-targets/frankentorch-cod-b/release/deps/pytorch_gauntlet_bench-5f2ebc2fd9ddf042)
Gnuplot not found, using plotters backend
Benchmarking gauntlet_max_pool3d_grad/frankentorch_kgs4_117
Benchmarking gauntlet_max_pool3d_grad/frankentorch_kgs4_117: Warming up for 1.0000 s
Benchmarking gauntlet_max_pool3d_grad/frankentorch_kgs4_117: Collecting 10 samples in estimated 3.1990 s (440 iterations)
Benchmarking gauntlet_max_pool3d_grad/frankentorch_kgs4_117: Analyzing
gauntlet_max_pool3d_grad/frankentorch_kgs4_117
                        time:   [6.4007 ms 6.5281 ms 6.6086 ms]
                        change: [-39.414% -34.014% -26.432%] (p = 0.00 < 0.05)
                        Performance has improved.
Found 1 outliers among 10 measurements (10.00%)
  1 (10.00%) high severe
Benchmarking gauntlet_max_pool3d_grad/frankentorch_fused_sum_loss
Benchmarking gauntlet_max_pool3d_grad/frankentorch_fused_sum_loss: Warming up for 1.0000 s
Benchmarking gauntlet_max_pool3d_grad/frankentorch_fused_sum_loss: Collecting 10 samples in estimated 3.2123 s (605 iterations)
Benchmarking gauntlet_max_pool3d_grad/frankentorch_fused_sum_loss: Analyzing
gauntlet_max_pool3d_grad/frankentorch_fused_sum_loss
                        time:   [4.9027 ms 5.0290 ms 5.2275 ms]
                        change: [-49.767% -43.981% -37.965%] (p = 0.00 < 0.05)
                        Performance has improved.
Found 1 outliers among 10 measurements (10.00%)
  1 (10.00%) high mild
Benchmarking gauntlet_max_pool3d_grad/pytorch_2_12_cpu
Benchmarking gauntlet_max_pool3d_grad/pytorch_2_12_cpu: Warming up for 1.0000 s

Warning: Unable to complete 10 samples in 3.0s. You may wish to increase target time to 11.7s.
Benchmarking gauntlet_max_pool3d_grad/pytorch_2_12_cpu: Collecting 10 samples in estimated 11.680 s (10 iterations)
Benchmarking gauntlet_max_pool3d_grad/pytorch_2_12_cpu: Analyzing
gauntlet_max_pool3d_grad/pytorch_2_12_cpu
                        time:   [1.5326 ms 1.9905 ms 2.5967 ms]
                        change: [-0.4982% +29.887% +68.964%] (p = 0.11 > 0.05)
                        No change in performance detected.
Found 2 outliers among 10 measurements (20.00%)
  2 (20.00%) high severe

Benchmarking gauntlet_max_pool3d_grad_stage/frankentorch_setup_tensor
Benchmarking gauntlet_max_pool3d_grad_stage/frankentorch_setup_tensor: Warming up for 1.0000 s
Benchmarking gauntlet_max_pool3d_grad_stage/frankentorch_setup_tensor: Collecting 10 samples in estimated 3.0009 s (12k iterations)
Benchmarking gauntlet_max_pool3d_grad_stage/frankentorch_setup_tensor: Analyzing
gauntlet_max_pool3d_grad_stage/frankentorch_setup_tensor
                        time:   [263.55 µs 279.86 µs 294.60 µs]
                        change: [+4.2108% +15.554% +28.468%] (p = 0.02 < 0.05)
                        Performance has regressed.
Found 3 outliers among 10 measurements (30.00%)
  1 (10.00%) low mild
  1 (10.00%) high mild
  1 (10.00%) high severe
Benchmarking gauntlet_max_pool3d_grad_stage/frankentorch_forward_only
Benchmarking gauntlet_max_pool3d_grad_stage/frankentorch_forward_only: Warming up for 1.0000 s
Benchmarking gauntlet_max_pool3d_grad_stage/frankentorch_forward_only: Collecting 10 samples in estimated 3.0518 s (660 iterations)
Benchmarking gauntlet_max_pool3d_grad_stage/frankentorch_forward_only: Analyzing
gauntlet_max_pool3d_grad_stage/frankentorch_forward_only
                        time:   [1.5187 ms 1.6581 ms 1.7773 ms]
                        change: [-15.856% +3.8693% +27.403%] (p = 0.73 > 0.05)
                        No change in performance detected.
Benchmarking gauntlet_max_pool3d_grad_stage/frankentorch_sum_only
Benchmarking gauntlet_max_pool3d_grad_stage/frankentorch_sum_only: Warming up for 1.0000 s
Benchmarking gauntlet_max_pool3d_grad_stage/frankentorch_sum_only: Collecting 10 samples in estimated 3.0564 s (605 iterations)
Benchmarking gauntlet_max_pool3d_grad_stage/frankentorch_sum_only: Analyzing
gauntlet_max_pool3d_grad_stage/frankentorch_sum_only
                        time:   [620.00 µs 781.40 µs 844.25 µs]
                        change: [-41.417% +16.803% +136.19%] (p = 0.63 > 0.05)
                        No change in performance detected.
Benchmarking gauntlet_max_pool3d_grad_stage/frankentorch_backward_only
Benchmarking gauntlet_max_pool3d_grad_stage/frankentorch_backward_only: Warming up for 1.0000 s
Benchmarking gauntlet_max_pool3d_grad_stage/frankentorch_backward_only: Collecting 10 samples in estimated 3.0289 s (275 iterations)
Benchmarking gauntlet_max_pool3d_grad_stage/frankentorch_backward_only: Analyzing
gauntlet_max_pool3d_grad_stage/frankentorch_backward_only
                        time:   [4.9447 ms 5.4328 ms 5.6884 ms]
                        change: [-16.708% -8.9482% -1.1869%] (p = 0.06 > 0.05)
                        No change in performance detected.
Benchmarking gauntlet_max_pool3d_grad_stage/kernel_forward_with_indices
Benchmarking gauntlet_max_pool3d_grad_stage/kernel_forward_with_indices: Warming up for 1.0000 s
Benchmarking gauntlet_max_pool3d_grad_stage/kernel_forward_with_indices: Collecting 10 samples in estimated 3.0049 s (4180 iterations)
Benchmarking gauntlet_max_pool3d_grad_stage/kernel_forward_with_indices: Analyzing
gauntlet_max_pool3d_grad_stage/kernel_forward_with_indices
                        time:   [735.61 µs 799.03 µs 863.92 µs]
                        change: [-3.4326% +3.0034% +10.805%] (p = 0.44 > 0.05)
                        No change in performance detected.
Found 2 outliers among 10 measurements (20.00%)
  2 (20.00%) high mild
Benchmarking gauntlet_max_pool3d_grad_stage/kernel_backward_from_indices
Benchmarking gauntlet_max_pool3d_grad_stage/kernel_backward_from_indices: Warming up for 1.0000 s
Benchmarking gauntlet_max_pool3d_grad_stage/kernel_backward_from_indices: Collecting 10 samples in estimated 3.0511 s (1980 iterations)
Benchmarking gauntlet_max_pool3d_grad_stage/kernel_backward_from_indices: Analyzing
gauntlet_max_pool3d_grad_stage/kernel_backward_from_indices
                        time:   [1.4277 ms 1.4640 ms 1.5172 ms]
                        change: [-11.353% -8.1396% -4.9090%] (p = 0.00 < 0.05)
                        Performance has improved.
Found 1 outliers among 10 measurements (10.00%)
  1 (10.00%) high mild
