  [2m2026-06-11T14:31:50.283164Z[0m [34mDEBUG[0m [1;34mrch::verbose[0m[34m: [34mverbose output enabled, [1;34mmode[0m[34m: Plain, [1;34mformat[0m[34m: json[0m
    [2;3mat[0m rch/src/main.rs:1722 [2;3mon[0m ThreadId(1)

  [2m2026-06-11T14:31:50.283272Z[0m [34mDEBUG[0m [1;34mrch::hook::config_cache[0m[34m: [34mconfig.cache.hit, [1;34mpath[0m[34m: /home/ubuntu/.cache/rch/config.cache.json, [1;34mbytes[0m[34m: 2961[0m
    [2;3mat[0m rch/src/config.rs:196 [2;3mon[0m ThreadId(1)

  [2m2026-06-11T14:31:50.283311Z[0m [34mDEBUG[0m [1;34mrch::hook[0m[34m: [34m[RCH] project identity normalization: received_input=/data/projects/.scratch/frankentorch-ct2yy-baseline-b994c260[0m
    [2;3mat[0m rch/src/hook.rs:2875 [2;3mon[0m ThreadId(1)

  [2m2026-06-11T14:31:50.283316Z[0m [34mDEBUG[0m [1;34mrch::hook[0m[34m: [34m[RCH] project identity normalization: verified_absolute_input=/data/projects/.scratch/frankentorch-ct2yy-baseline-b994c260[0m
    [2;3mat[0m rch/src/hook.rs:2875 [2;3mon[0m ThreadId(1)

  [2m2026-06-11T14:31:50.283320Z[0m [34mDEBUG[0m [1;34mrch::hook[0m[34m: [34m[RCH] project identity normalization: canonical_root_resolved=/data/projects[0m
    [2;3mat[0m rch/src/hook.rs:2875 [2;3mon[0m ThreadId(1)

  [2m2026-06-11T14:31:50.283324Z[0m [34mDEBUG[0m [1;34mrch::hook[0m[34m: [34m[RCH] project identity normalization: canonical_input_resolved=/data/projects/.scratch/frankentorch-ct2yy-baseline-b994c260[0m
    [2;3mat[0m rch/src/hook.rs:2875 [2;3mon[0m ThreadId(1)

  [2m2026-06-11T14:31:50.283328Z[0m [34mDEBUG[0m [1;34mrch::hook[0m[34m: [34m[RCH] project identity normalization: verified_within_root=/data/projects/.scratch/frankentorch-ct2yy-baseline-b994c260 root=/data/projects[0m
    [2;3mat[0m rch/src/hook.rs:2875 [2;3mon[0m ThreadId(1)

[RCH] local (no admissible workers: critical_pressure=1,insufficient_slots=1)
   Compiling proc-macro2 v1.0.106
   Compiling quote v1.0.45
   Compiling unicode-ident v1.0.24
   Compiling libc v0.2.185
    Checking cfg-if v1.0.4
   Compiling autocfg v1.5.0
   Compiling zerocopy v0.8.48
   Compiling getrandom v0.3.4
   Compiling crossbeam-utils v0.8.21
   Compiling serde_core v1.0.228
   Compiling rustix v1.1.4
   Compiling rayon-core v1.13.0
    Checking bitflags v2.11.1
   Compiling zmij v1.0.21
    Checking either v1.15.0
   Compiling serde v1.0.228
    Checking once_cell v1.21.4
    Checking linux-raw-sys v0.12.1
    Checking regex-syntax v0.8.10
   Compiling serde_json v1.0.149
    Checking fastrand v2.4.1
    Checking plotters-backend v0.3.7
    Checking itoa v1.0.18
    Checking ciborium-io v0.2.2
    Checking memchr v2.8.0
    Checking clap_lex v1.1.0
    Checking anstyle v1.0.14
   Compiling libm v0.2.16
    Checking cast v0.3.0
    Checking quick-error v1.2.3
    Checking fnv v1.0.7
    Checking rawpointer v0.2.1
    Checking same-file v1.0.6
    Checking bit-vec v0.8.0
    Checking anes v0.1.6
    Checking oorandom v11.1.5
    Checking similar v2.7.0
    Checking unarray v0.1.4
    Checking itertools v0.10.5
    Checking walkdir v2.5.0
    Checking plotters-svg v0.3.7
    Checking clap_builder v4.6.0
   Compiling num-traits v0.2.19
   Compiling matrixmultiply v0.3.10
    Checking bit-set v0.8.0
    Checking crossbeam-epoch v0.9.18
    Checking crossbeam-deque v0.8.6
   Compiling syn v2.0.117
    Checking num-complex v0.4.6
    Checking plotters v0.3.7
    Checking wait-timeout v0.2.1
    Checking is-terminal v0.4.17
    Checking console v0.16.3
    Checking rayon v1.12.0
    Checking criterion-plot v0.5.0
    Checking rand_core v0.9.5
    Checking rand v0.9.4
    Checking rand_xorshift v0.4.0
    Checking regex-automata v0.4.14
    Checking clap v4.6.1
    Checking tempfile v3.27.0
    Checking rusty-fork v0.3.1
    Checking insta v1.47.2
    Checking regex v1.12.3
   Compiling zerocopy-derive v0.8.48
   Compiling bytemuck_derive v1.10.2
   Compiling serde_derive v1.0.228
    Checking bytemuck v1.25.0
    Checking safe_arch v0.7.4
    Checking wide v0.7.33
    Checking tinytemplate v1.2.1
    Checking half v2.7.1
    Checking ppv-lite86 v0.2.21
    Checking ciborium-ll v0.2.2
    Checking ft-core v0.1.0 (/data/projects/.scratch/frankentorch-ct2yy-baseline-b994c260/crates/ft-core)
    Checking rand_chacha v0.9.0
    Checking ciborium v0.2.2
    Checking proptest v1.11.0
    Checking ft-kernel-cpu v0.1.0 (/data/projects/.scratch/frankentorch-ct2yy-baseline-b994c260/crates/ft-kernel-cpu)
    Checking criterion v0.5.1
error: the loop variable `k` is used to index `row_i`
     --> crates/ft-kernel-cpu/src/lib.rs:12058:30
      |
12058 |                     for k in (j + 1)..=l {
      |                              ^^^^^^^^^^^
      |
      = help: for further information visit https://rust-lang.github.io/rust-clippy/master/index.html#needless_range_loop
      = note: `-D clippy::needless-range-loop` implied by `-D warnings`
      = help: to override `-D warnings` add `#[allow(clippy::needless_range_loop)]`
help: consider using an iterator and enumerate()
      |
12058 -                     for k in (j + 1)..=l {
12058 +                     for (k, <item>) in row_i.iter().enumerate().take(l + 1).skip((j + 1)) {
      |

error: the loop variable `k` is used to index `row_i`
     --> crates/ft-kernel-cpu/src/lib.rs:12426:30
      |
12426 |                     for k in (j + 1)..=l {
      |                              ^^^^^^^^^^^
      |
      = help: for further information visit https://rust-lang.github.io/rust-clippy/master/index.html#needless_range_loop
help: consider using an iterator and enumerate()
      |
12426 -                     for k in (j + 1)..=l {
12426 +                     for (k, <item>) in row_i.iter().enumerate().take(l + 1).skip((j + 1)) {
      |

error: could not compile `ft-kernel-cpu` (lib) due to 2 previous errors
warning: build failed, waiting for other jobs to finish...
error: the loop variable `i` is used to index `want`
     --> crates/ft-kernel-cpu/src/lib.rs:24907:18
      |
24907 |         for i in 0..n {
      |                  ^^^^
      |
      = help: for further information visit https://rust-lang.github.io/rust-clippy/master/index.html#needless_range_loop
help: consider using an iterator and enumerate()
      |
24907 -         for i in 0..n {
24907 +         for (i, <item>) in want.iter().enumerate().take(n) {
      |

error: could not compile `ft-kernel-cpu` (lib test) due to 3 previous errors
