  [2m2026-06-11T04:48:23.947735Z[0m [32m INFO[0m [1;32mrch::hook[0m[32m: [32mSelected worker: vmi1227854 at root@109.123.245.77 (0 slots remaining after reservation, speed 50.0)[0m
    [2;3mat[0m rch/src/hook.rs:514 [2;3mon[0m ThreadId(1)

  [2m2026-06-11T04:48:24.264698Z[0m [32m INFO[0m [1;32mrch::hook[0m[32m: [32mStarting remote compilation pipeline for frankentorch (hash: 3d6dc0f5ca5d2899)[0m
    [2;3mat[0m rch/src/hook.rs:5994 [2;3mon[0m ThreadId(1)

  [2m2026-06-11T04:48:24.264732Z[0m [32m INFO[0m [1;32mrch::hook[0m[32m: [32mPrepared dependency sync manifest for 13 roots[0m
    [2;3mat[0m rch/src/hook.rs:6016 [2;3mon[0m ThreadId(1)

  [2m2026-06-11T04:48:26.065776Z[0m [32m INFO[0m [1;32mrch::hook[0m[32m: [32mSyncing project to worker vmi1227854...[0m
    [2;3mat[0m rch/src/hook.rs:6046 [2;3mon[0m ThreadId(1)

  [2m2026-06-11T04:48:26.065842Z[0m [32m INFO[0m [1;32mrch::transfer[0m[32m: [32mSyncing /data/projects/frankentorch -> /data/projects/frankentorch on vmi1227854[0m
    [2;3mat[0m rch/src/transfer.rs:1434 [2;3mon[0m ThreadId(1)

  [2m2026-06-11T04:48:33.514731Z[0m [32m INFO[0m [1;32mrch::transfer[0m[32m: [32mSync completed in 7448ms[0m
    [2;3mat[0m rch/src/transfer.rs:1503 [2;3mon[0m ThreadId(1)

  [2m2026-06-11T04:48:33.514816Z[0m [32m INFO[0m [1;32mrch::transfer[0m[32m: [32mSyncing /data/projects/frankentorch/crates/ft-api -> /data/projects/frankentorch/crates/ft-api on vmi1227854[0m
    [2;3mat[0m rch/src/transfer.rs:1434 [2;3mon[0m ThreadId(1)

  [2m2026-06-11T04:48:35.397034Z[0m [32m INFO[0m [1;32mrch::transfer[0m[32m: [32mSync completed in 1882ms[0m
    [2;3mat[0m rch/src/transfer.rs:1503 [2;3mon[0m ThreadId(1)

  [2m2026-06-11T04:48:35.397105Z[0m [32m INFO[0m [1;32mrch::transfer[0m[32m: [32mSyncing /data/projects/frankentorch/crates/ft-autograd -> /data/projects/frankentorch/crates/ft-autograd on vmi1227854[0m
    [2;3mat[0m rch/src/transfer.rs:1434 [2;3mon[0m ThreadId(1)

  [2m2026-06-11T04:48:37.318023Z[0m [32m INFO[0m [1;32mrch::transfer[0m[32m: [32mSync completed in 1920ms[0m
    [2;3mat[0m rch/src/transfer.rs:1503 [2;3mon[0m ThreadId(1)

  [2m2026-06-11T04:48:37.318099Z[0m [32m INFO[0m [1;32mrch::transfer[0m[32m: [32mSyncing /data/projects/frankentorch/crates/ft-conformance -> /data/projects/frankentorch/crates/ft-conformance on vmi1227854[0m
    [2;3mat[0m rch/src/transfer.rs:1434 [2;3mon[0m ThreadId(1)

  [2m2026-06-11T04:48:39.241609Z[0m [32m INFO[0m [1;32mrch::transfer[0m[32m: [32mSync completed in 1923ms[0m
    [2;3mat[0m rch/src/transfer.rs:1503 [2;3mon[0m ThreadId(1)

  [2m2026-06-11T04:48:39.241677Z[0m [32m INFO[0m [1;32mrch::transfer[0m[32m: [32mSyncing /data/projects/frankentorch/crates/ft-core -> /data/projects/frankentorch/crates/ft-core on vmi1227854[0m
    [2;3mat[0m rch/src/transfer.rs:1434 [2;3mon[0m ThreadId(1)

  [2m2026-06-11T04:48:41.095814Z[0m [32m INFO[0m [1;32mrch::transfer[0m[32m: [32mSync completed in 1854ms[0m
    [2;3mat[0m rch/src/transfer.rs:1503 [2;3mon[0m ThreadId(1)

  [2m2026-06-11T04:48:41.095894Z[0m [32m INFO[0m [1;32mrch::transfer[0m[32m: [32mSyncing /data/projects/frankentorch/crates/ft-data -> /data/projects/frankentorch/crates/ft-data on vmi1227854[0m
    [2;3mat[0m rch/src/transfer.rs:1434 [2;3mon[0m ThreadId(1)

  [2m2026-06-11T04:48:42.976114Z[0m [32m INFO[0m [1;32mrch::transfer[0m[32m: [32mSync completed in 1880ms[0m
    [2;3mat[0m rch/src/transfer.rs:1503 [2;3mon[0m ThreadId(1)

  [2m2026-06-11T04:48:42.976183Z[0m [32m INFO[0m [1;32mrch::transfer[0m[32m: [32mSyncing /data/projects/frankentorch/crates/ft-device -> /data/projects/frankentorch/crates/ft-device on vmi1227854[0m
    [2;3mat[0m rch/src/transfer.rs:1434 [2;3mon[0m ThreadId(1)

  [2m2026-06-11T04:48:44.766654Z[0m [32m INFO[0m [1;32mrch::transfer[0m[32m: [32mSync completed in 1790ms[0m
    [2;3mat[0m rch/src/transfer.rs:1503 [2;3mon[0m ThreadId(1)

  [2m2026-06-11T04:48:44.766724Z[0m [32m INFO[0m [1;32mrch::transfer[0m[32m: [32mSyncing /data/projects/frankentorch/crates/ft-dispatch -> /data/projects/frankentorch/crates/ft-dispatch on vmi1227854[0m
    [2;3mat[0m rch/src/transfer.rs:1434 [2;3mon[0m ThreadId(1)

  [2m2026-06-11T04:48:46.637140Z[0m [32m INFO[0m [1;32mrch::transfer[0m[32m: [32mSync completed in 1870ms[0m
    [2;3mat[0m rch/src/transfer.rs:1503 [2;3mon[0m ThreadId(1)

  [2m2026-06-11T04:48:46.637220Z[0m [32m INFO[0m [1;32mrch::transfer[0m[32m: [32mSyncing /data/projects/frankentorch/crates/ft-kernel-cpu -> /data/projects/frankentorch/crates/ft-kernel-cpu on vmi1227854[0m
    [2;3mat[0m rch/src/transfer.rs:1434 [2;3mon[0m ThreadId(1)

  [2m2026-06-11T04:48:48.435847Z[0m [32m INFO[0m [1;32mrch::transfer[0m[32m: [32mSync completed in 1798ms[0m
    [2;3mat[0m rch/src/transfer.rs:1503 [2;3mon[0m ThreadId(1)

  [2m2026-06-11T04:48:48.435923Z[0m [32m INFO[0m [1;32mrch::transfer[0m[32m: [32mSyncing /data/projects/frankentorch/crates/ft-nn -> /data/projects/frankentorch/crates/ft-nn on vmi1227854[0m
    [2;3mat[0m rch/src/transfer.rs:1434 [2;3mon[0m ThreadId(1)

  [2m2026-06-11T04:48:50.225321Z[0m [32m INFO[0m [1;32mrch::transfer[0m[32m: [32mSync completed in 1789ms[0m
    [2;3mat[0m rch/src/transfer.rs:1503 [2;3mon[0m ThreadId(1)

  [2m2026-06-11T04:48:50.225398Z[0m [32m INFO[0m [1;32mrch::transfer[0m[32m: [32mSyncing /data/projects/frankentorch/crates/ft-optim -> /data/projects/frankentorch/crates/ft-optim on vmi1227854[0m
    [2;3mat[0m rch/src/transfer.rs:1434 [2;3mon[0m ThreadId(1)

  [2m2026-06-11T04:48:52.025094Z[0m [32m INFO[0m [1;32mrch::transfer[0m[32m: [32mSync completed in 1799ms[0m
    [2;3mat[0m rch/src/transfer.rs:1503 [2;3mon[0m ThreadId(1)

  [2m2026-06-11T04:48:52.025161Z[0m [32m INFO[0m [1;32mrch::transfer[0m[32m: [32mSyncing /data/projects/frankentorch/crates/ft-runtime -> /data/projects/frankentorch/crates/ft-runtime on vmi1227854[0m
    [2;3mat[0m rch/src/transfer.rs:1434 [2;3mon[0m ThreadId(1)

  [2m2026-06-11T04:48:53.852032Z[0m [32m INFO[0m [1;32mrch::transfer[0m[32m: [32mSync completed in 1826ms[0m
    [2;3mat[0m rch/src/transfer.rs:1503 [2;3mon[0m ThreadId(1)

  [2m2026-06-11T04:48:53.852103Z[0m [32m INFO[0m [1;32mrch::transfer[0m[32m: [32mSyncing /data/projects/frankentorch/crates/ft-serialize -> /data/projects/frankentorch/crates/ft-serialize on vmi1227854[0m
    [2;3mat[0m rch/src/transfer.rs:1434 [2;3mon[0m ThreadId(1)

  [2m2026-06-11T04:48:55.757525Z[0m [32m INFO[0m [1;32mrch::transfer[0m[32m: [32mSync completed in 1905ms[0m
    [2;3mat[0m rch/src/transfer.rs:1503 [2;3mon[0m ThreadId(1)

  [2m2026-06-11T04:48:55.757562Z[0m [32m INFO[0m [1;32mrch::hook[0m[32m: [32mSync complete: 51604 files, 1848610 bytes in 29684ms[0m
    [2;3mat[0m rch/src/hook.rs:6209 [2;3mon[0m ThreadId(1)

  [2m2026-06-11T04:48:59.969147Z[0m [32m INFO[0m [1;32mrch::hook[0m[32m: [32mExecuting command remotely: cargo clippy -p ft-kernel-cpu --all-targets -- -D warnings[0m
    [2;3mat[0m rch/src/hook.rs:6252 [2;3mon[0m ThreadId(1)

  [2m2026-06-11T04:48:59.969185Z[0m [32m INFO[0m [1;32mrch::transfer[0m[32m: [32mRewriting CARGO_TARGET_DIR for remote execution (worker-scoped path): /data/tmp/cargo-target -> /data/projects/frankentorch/.rch-target-vmi1227854-job-29879662679165930-1781153306065768606-0[0m
    [2;3mat[0m rch/src/transfer.rs:712 [2;3mon[0m ThreadId(1)

    Updating crates.io index
 Downloading crates ...
  Downloaded bit-vec v0.8.0
  Downloaded bit-set v0.8.0
  Downloaded anes v0.1.6
  Downloaded autocfg v1.5.0
  Downloaded anstyle v1.0.14
  Downloaded aho-corasick v1.1.4
  Downloaded fastrand v2.4.1
  Downloaded half v2.7.1
  Downloaded fnv v1.0.7
  Downloaded is-terminal v0.4.17
  Downloaded rand_core v0.9.5
  Downloaded wait-timeout v0.2.1
  Downloaded getrandom v0.3.4
  Downloaded plotters v0.3.7
  Downloaded zmij v1.0.21
  Downloaded bytemuck v1.25.0
  Downloaded rayon-core v1.13.0
  Downloaded itoa v1.0.18
  Downloaded quote v1.0.45
  Downloaded num-complex v0.4.6
  Downloaded ppv-lite86 v0.2.21
  Downloaded criterion-plot v0.5.0
  Downloaded crossbeam-utils v0.8.21
  Downloaded rawpointer v0.2.1
  Downloaded plotters-backend v0.3.7
  Downloaded ciborium-io v0.2.2
  Downloaded walkdir v2.5.0
  Downloaded once_cell v1.21.4
  Downloaded quick-error v1.2.3
  Downloaded rand_xorshift v0.4.0
  Downloaded same-file v1.0.6
  Downloaded unarray v0.1.4
  Downloaded cfg-if v1.0.4
  Downloaded ciborium-ll v0.2.2
  Downloaded clap_lex v1.1.0
  Downloaded oorandom v11.1.5
  Downloaded plotters-svg v0.3.7
  Downloaded errno v0.3.14
  Downloaded rusty-fork v0.3.1
  Downloaded similar v2.7.0
  Downloaded either v1.15.0
  Downloaded bytemuck_derive v1.10.2
  Downloaded crossbeam-deque v0.8.6
  Downloaded serde_core v1.0.228
  Downloaded cast v0.3.0
  Downloaded ciborium v0.2.2
  Downloaded console v0.16.3
  Downloaded rand_chacha v0.9.0
  Downloaded tempfile v3.27.0
  Downloaded crossbeam-epoch v0.9.18
  Downloaded safe_arch v0.7.4
  Downloaded bitflags v2.11.1
  Downloaded serde_derive v1.0.228
  Downloaded clap v4.6.1
  Downloaded unicode-ident v1.0.24
  Downloaded tinytemplate v1.2.1
  Downloaded matrixmultiply v0.3.10
  Downloaded num-traits v0.2.19
  Downloaded criterion v0.5.1
  Downloaded itertools v0.10.5
  Downloaded proc-macro2 v1.0.106
  Downloaded serde v1.0.228
  Downloaded rand v0.9.4
  Downloaded serde_json v1.0.149
  Downloaded wide v0.7.33
  Downloaded insta v1.47.2
  Downloaded memchr v2.8.0
  Downloaded zerocopy-derive v0.8.48
  Downloaded regex v1.12.3
  Downloaded libm v0.2.16
  Downloaded clap_builder v4.6.0
  Downloaded rayon v1.12.0
  Downloaded proptest v1.11.0
  Downloaded syn v2.0.117
  Downloaded zerocopy v0.8.48
  Downloaded regex-syntax v0.8.10
  Downloaded rustix v1.1.4
  Downloaded regex-automata v0.4.14
  Downloaded libc v0.2.185
  Downloaded linux-raw-sys v0.12.1
   Compiling proc-macro2 v1.0.106
   Compiling unicode-ident v1.0.24
   Compiling quote v1.0.45
   Compiling libc v0.2.185
    Checking cfg-if v1.0.4
   Compiling autocfg v1.5.0
   Compiling zerocopy v0.8.48
   Compiling getrandom v0.3.4
   Compiling crossbeam-utils v0.8.21
   Compiling serde_core v1.0.228
   Compiling rustix v1.1.4
    Checking linux-raw-sys v0.12.1
    Checking either v1.15.0
   Compiling serde v1.0.228
    Checking once_cell v1.21.4
   Compiling zmij v1.0.21
   Compiling rayon-core v1.13.0
   Compiling num-traits v0.2.19
    Checking bitflags v2.11.1
    Checking fastrand v2.4.1
    Checking regex-syntax v0.8.10
   Compiling syn v2.0.117
   Compiling serde_json v1.0.149
    Checking crossbeam-epoch v0.9.18
   Compiling matrixmultiply v0.3.10
    Checking ciborium-io v0.2.2
    Checking crossbeam-deque v0.8.6
    Checking clap_lex v1.1.0
    Checking rand_core v0.9.5
    Checking memchr v2.8.0
    Checking itoa v1.0.18
    Checking anstyle v1.0.14
   Compiling libm v0.2.16
    Checking plotters-backend v0.3.7
    Checking clap_builder v4.6.0
    Checking num-complex v0.4.6
    Checking plotters-svg v0.3.7
    Checking rayon v1.12.0
    Checking wait-timeout v0.2.1
    Checking itertools v0.10.5
    Checking cast v0.3.0
    Checking same-file v1.0.6
    Checking rawpointer v0.2.1
    Checking bit-vec v0.8.0
    Checking fnv v1.0.7
    Checking quick-error v1.2.3
    Checking walkdir v2.5.0
    Checking bit-set v0.8.0
    Checking regex-automata v0.4.14
    Checking plotters v0.3.7
    Checking tempfile v3.27.0
    Checking rand_xorshift v0.4.0
    Checking rand v0.9.4
    Checking rusty-fork v0.3.1
    Checking criterion-plot v0.5.0
    Checking console v0.16.3
    Checking clap v4.6.1
    Checking is-terminal v0.4.17
    Checking unarray v0.1.4
    Checking similar v2.7.0
    Checking oorandom v11.1.5
    Checking anes v0.1.6
    Checking regex v1.12.3
    Checking insta v1.47.2
   Compiling zerocopy-derive v0.8.48
   Compiling bytemuck_derive v1.10.2
   Compiling serde_derive v1.0.228
    Checking bytemuck v1.25.0
    Checking safe_arch v0.7.4
    Checking wide v0.7.33
    Checking tinytemplate v1.2.1
    Checking half v2.7.1
    Checking ppv-lite86 v0.2.21
    Checking ciborium-ll v0.2.2
    Checking ft-core v0.1.0 (/data/projects/frankentorch/crates/ft-core)
    Checking rand_chacha v0.9.0
    Checking ciborium v0.2.2
    Checking proptest v1.11.0
    Checking ft-kernel-cpu v0.1.0 (/data/projects/frankentorch/crates/ft-kernel-cpu)
    Checking criterion v0.5.1
error: this function has too many arguments (14/7)
  --> crates/ft-kernel-cpu/examples/conv2d_probe.rs:28:1
   |
28 | / fn old(
29 | |     padded: &[f64],
30 | |     wt: &[f64],
31 | |     bias: &[f64],
...  |
42 | |     oc: usize,
43 | | ) -> Vec<f64> {
   | |_____________^
   |
   = help: for further information visit https://rust-lang.github.io/rust-clippy/master/index.html#too_many_arguments
   = note: `-D clippy::too-many-arguments` implied by `-D warnings`
   = help: to override `-D warnings` add `#[allow(clippy::too_many_arguments)]`

error: could not compile `ft-kernel-cpu` (example "conv2d_probe") due to 1 previous error
warning: build failed, waiting for other jobs to finish...
  [2m2026-06-11T04:49:17.676911Z[0m [32m INFO[0m [1;32mrch::hook[0m[32m: [32mRemote command finished: exit=101 in 17707ms[0m
    [2;3mat[0m rch/src/hook.rs:6376 [2;3mon[0m ThreadId(1)

[RCH] remote vmi1227854 failed (exit 101)
