[RCH] local (no admissible workers: critical_pressure=1,active_project_exclusion=1)
   Compiling proc-macro2 v1.0.106
   Compiling quote v1.0.45
   Compiling unicode-ident v1.0.24
   Compiling libc v0.2.185
    Checking cfg-if v1.0.4
   Compiling autocfg v1.5.0
   Compiling zerocopy v0.8.48
   Compiling getrandom v0.3.4
   Compiling crossbeam-utils v0.8.21
   Compiling serde_core v1.0.228
   Compiling rustix v1.1.4
   Compiling rayon-core v1.13.0
    Checking either v1.15.0
   Compiling zmij v1.0.21
   Compiling serde v1.0.228
    Checking bitflags v2.11.1
    Checking once_cell v1.21.4
    Checking linux-raw-sys v0.12.1
   Compiling serde_json v1.0.149
    Checking regex-syntax v0.8.10
    Checking fastrand v2.4.1
    Checking anstyle v1.0.14
    Checking memchr v2.8.0
    Checking itoa v1.0.18
    Checking ciborium-io v0.2.2
    Checking clap_lex v1.1.0
    Checking plotters-backend v0.3.7
    Checking fnv v1.0.7
    Checking cast v0.3.0
    Checking quick-error v1.2.3
    Checking same-file v1.0.6
    Checking bit-vec v0.8.0
    Checking oorandom v11.1.5
    Checking anes v0.1.6
    Checking unarray v0.1.4
    Checking similar v2.7.0
    Checking walkdir v2.5.0
    Checking itertools v0.10.5
    Checking clap_builder v4.6.0
    Checking plotters-svg v0.3.7
    Checking bit-set v0.8.0
   Compiling num-traits v0.2.19
   Compiling matrixmultiply v0.3.10
    Checking crossbeam-epoch v0.9.18
    Checking crossbeam-deque v0.8.6
   Compiling syn v2.0.117
    Checking num-complex v0.4.6
    Checking plotters v0.3.7
    Checking rayon v1.12.0
    Checking wait-timeout v0.2.1
    Checking is-terminal v0.4.17
    Checking console v0.16.3
    Checking criterion-plot v0.5.0
    Checking clap v4.6.1
    Checking regex-automata v0.4.14
    Checking rand_core v0.9.5
    Checking tempfile v3.27.0
    Checking rand v0.9.4
    Checking rand_xorshift v0.4.0
    Checking rusty-fork v0.3.1
    Checking insta v1.47.2
    Checking regex v1.12.3
   Compiling zerocopy-derive v0.8.48
   Compiling bytemuck_derive v1.10.2
   Compiling serde_derive v1.0.228
    Checking bytemuck v1.25.0
    Checking safe_arch v0.7.4
    Checking wide v0.7.33
    Checking tinytemplate v1.2.1
    Checking half v2.7.1
    Checking ppv-lite86 v0.2.21
    Checking ciborium-ll v0.2.2
    Checking ft-core v0.1.0 (/data/projects/frankentorch/crates/ft-core)
    Checking rand_chacha v0.9.0
    Checking ciborium v0.2.2
    Checking proptest v1.11.0
    Checking ft-kernel-cpu v0.1.0 (/data/projects/frankentorch/crates/ft-kernel-cpu)
    Checking criterion v0.5.1
error: there is no argument named `label`
   --> crates/ft-kernel-cpu/examples/qr_stage_split.rs:111:9
    |
111 | /         concat!(
112 | |             "qr_stage_split shape={label} rows={m} cols={n} reduced=true samples=7 ",
113 | |             "blocked={used_blocked} matches_production={all_match} ",
114 | |             "digest_fnv64={production_digest:016x} ",
...   |
120 | |             "unaccounted_ns={} unaccounted_pct={:.3}"
121 | |         ),
    | |_________^
    |
    = note: did you intend to capture a variable `label` from the surrounding scope?
    = note: to avoid ambiguity, `format_args!` cannot capture variables when the format string is expanded from a macro

error: there is no argument named `m`
   --> crates/ft-kernel-cpu/examples/qr_stage_split.rs:111:9
    |
111 | /         concat!(
112 | |             "qr_stage_split shape={label} rows={m} cols={n} reduced=true samples=7 ",
113 | |             "blocked={used_blocked} matches_production={all_match} ",
114 | |             "digest_fnv64={production_digest:016x} ",
...   |
120 | |             "unaccounted_ns={} unaccounted_pct={:.3}"
121 | |         ),
    | |_________^
    |
    = note: did you intend to capture a variable `m` from the surrounding scope?
    = note: to avoid ambiguity, `format_args!` cannot capture variables when the format string is expanded from a macro

error: there is no argument named `n`
   --> crates/ft-kernel-cpu/examples/qr_stage_split.rs:111:9
    |
111 | /         concat!(
112 | |             "qr_stage_split shape={label} rows={m} cols={n} reduced=true samples=7 ",
113 | |             "blocked={used_blocked} matches_production={all_match} ",
114 | |             "digest_fnv64={production_digest:016x} ",
...   |
120 | |             "unaccounted_ns={} unaccounted_pct={:.3}"
121 | |         ),
    | |_________^
    |
    = note: did you intend to capture a variable `n` from the surrounding scope?
    = note: to avoid ambiguity, `format_args!` cannot capture variables when the format string is expanded from a macro

error: there is no argument named `used_blocked`
   --> crates/ft-kernel-cpu/examples/qr_stage_split.rs:111:9
    |
111 | /         concat!(
112 | |             "qr_stage_split shape={label} rows={m} cols={n} reduced=true samples=7 ",
113 | |             "blocked={used_blocked} matches_production={all_match} ",
114 | |             "digest_fnv64={production_digest:016x} ",
...   |
120 | |             "unaccounted_ns={} unaccounted_pct={:.3}"
121 | |         ),
    | |_________^
    |
    = note: did you intend to capture a variable `used_blocked` from the surrounding scope?
    = note: to avoid ambiguity, `format_args!` cannot capture variables when the format string is expanded from a macro

error: there is no argument named `all_match`
   --> crates/ft-kernel-cpu/examples/qr_stage_split.rs:111:9
    |
111 | /         concat!(
112 | |             "qr_stage_split shape={label} rows={m} cols={n} reduced=true samples=7 ",
113 | |             "blocked={used_blocked} matches_production={all_match} ",
114 | |             "digest_fnv64={production_digest:016x} ",
...   |
120 | |             "unaccounted_ns={} unaccounted_pct={:.3}"
121 | |         ),
    | |_________^
    |
    = note: did you intend to capture a variable `all_match` from the surrounding scope?
    = note: to avoid ambiguity, `format_args!` cannot capture variables when the format string is expanded from a macro

error: there is no argument named `production_digest`
   --> crates/ft-kernel-cpu/examples/qr_stage_split.rs:111:9
    |
111 | /         concat!(
112 | |             "qr_stage_split shape={label} rows={m} cols={n} reduced=true samples=7 ",
113 | |             "blocked={used_blocked} matches_production={all_match} ",
114 | |             "digest_fnv64={production_digest:016x} ",
...   |
120 | |             "unaccounted_ns={} unaccounted_pct={:.3}"
121 | |         ),
    | |_________^
    |
    = note: did you intend to capture a variable `production_digest` from the surrounding scope?
    = note: to avoid ambiguity, `format_args!` cannot capture variables when the format string is expanded from a macro

error: could not compile `ft-kernel-cpu` (example "qr_stage_split") due to 6 previous errors
warning: build failed, waiting for other jobs to finish...
