  [2m2026-06-11T14:14:38.083383Z[0m [34mDEBUG[0m [1;34mrch::verbose[0m[34m: [34mverbose output enabled, [1;34mmode[0m[34m: Plain, [1;34mformat[0m[34m: json[0m
    [2;3mat[0m rch/src/main.rs:1722 [2;3mon[0m ThreadId(1)

  [2m2026-06-11T14:14:38.083539Z[0m [34mDEBUG[0m [1;34mrch::hook::config_cache[0m[34m: [34mconfig.cache.hit, [1;34mpath[0m[34m: /home/ubuntu/.cache/rch/config.cache.json, [1;34mbytes[0m[34m: 2928[0m
    [2;3mat[0m rch/src/config.rs:196 [2;3mon[0m ThreadId(1)

  [2m2026-06-11T14:14:38.083597Z[0m [34mDEBUG[0m [1;34mrch::hook[0m[34m: [34m[RCH] project identity normalization: received_input=/data/projects/frankentorch[0m
    [2;3mat[0m rch/src/hook.rs:2875 [2;3mon[0m ThreadId(1)

  [2m2026-06-11T14:14:38.083607Z[0m [34mDEBUG[0m [1;34mrch::hook[0m[34m: [34m[RCH] project identity normalization: verified_absolute_input=/data/projects/frankentorch[0m
    [2;3mat[0m rch/src/hook.rs:2875 [2;3mon[0m ThreadId(1)

  [2m2026-06-11T14:14:38.083614Z[0m [34mDEBUG[0m [1;34mrch::hook[0m[34m: [34m[RCH] project identity normalization: canonical_root_resolved=/data/projects[0m
    [2;3mat[0m rch/src/hook.rs:2875 [2;3mon[0m ThreadId(1)

  [2m2026-06-11T14:14:38.083620Z[0m [34mDEBUG[0m [1;34mrch::hook[0m[34m: [34m[RCH] project identity normalization: canonical_input_resolved=/data/projects/frankentorch[0m
    [2;3mat[0m rch/src/hook.rs:2875 [2;3mon[0m ThreadId(1)

  [2m2026-06-11T14:14:38.083625Z[0m [34mDEBUG[0m [1;34mrch::hook[0m[34m: [34m[RCH] project identity normalization: verified_within_root=/data/projects/frankentorch root=/data/projects[0m
    [2;3mat[0m rch/src/hook.rs:2875 [2;3mon[0m ThreadId(1)

  [2m2026-06-11T14:14:38.084540Z[0m [32m INFO[0m [1;32mrch::hook[0m[32m: [32mSelected worker: vmi1227854 at root@109.123.245.77 (3 slots remaining after reservation, speed 50.0)[0m
    [2;3mat[0m rch/src/hook.rs:514 [2;3mon[0m ThreadId(1)

  [2m2026-06-11T14:14:38.402398Z[0m [32m INFO[0m [1;32mrch::hook[0m[32m: [32mStarting remote compilation pipeline for frankentorch (hash: 3d6dc0f5ca5d2899)[0m
    [2;3mat[0m rch/src/hook.rs:5994 [2;3mon[0m ThreadId(1)

  [2m2026-06-11T14:14:38.402445Z[0m [32m INFO[0m [1;32mrch::hook[0m[32m: [32mPrepared dependency sync manifest for 13 roots[0m
    [2;3mat[0m rch/src/hook.rs:6016 [2;3mon[0m ThreadId(1)

  [2m2026-06-11T14:14:39.966527Z[0m [32m INFO[0m [1;32mrch::hook[0m[32m: [32mSyncing project to worker vmi1227854...[0m
    [2;3mat[0m rch/src/hook.rs:6046 [2;3mon[0m ThreadId(1)

  [2m2026-06-11T14:14:39.966634Z[0m [34mDEBUG[0m [1;34mrch::transfer[0m[34m: [34mRewriting legacy broad exclude pattern '.core.*' to '.core.[0-9]*'[0m
    [2;3mat[0m rch/src/transfer.rs:769 [2;3mon[0m ThreadId(1)

  [2m2026-06-11T14:14:39.966645Z[0m [34mDEBUG[0m [1;34mrch::transfer[0m[34m: [34mRewriting legacy broad exclude pattern '.git/objects/' to '.git/'[0m
    [2;3mat[0m rch/src/transfer.rs:769 [2;3mon[0m ThreadId(1)

  [2m2026-06-11T14:14:39.966655Z[0m [34mDEBUG[0m [1;34mrch::transfer[0m[34m: [34mRewriting legacy broad exclude pattern 'core.*' to 'core.[0-9]*'[0m
    [2;3mat[0m rch/src/transfer.rs:769 [2;3mon[0m ThreadId(1)

  [2m2026-06-11T14:14:39.966711Z[0m [32m INFO[0m [1;32mrch::transfer[0m[32m: [32mSyncing /data/projects/frankentorch -> /data/projects/frankentorch on vmi1227854[0m
    [2;3mat[0m rch/src/transfer.rs:1434 [2;3mon[0m ThreadId(1)

  [2m2026-06-11T14:14:39.966738Z[0m [34mDEBUG[0m [1;34mrch::transfer[0m[34m: [34mEffective exclude patterns: ["*.rlib", "*.rmeta", ".beads/", ".bun/", ".rch-target-*/", ".rch-target*/", ".cargo-target-*/", ".cargo-target-rusticmill/", ".cargo-target/", ".core.[0-9]*", ".git/", ".next/", ".npm/", ".nuxt/", ".nyc_output/", ".parcel-cache/", ".pnpm-store/", ".turbo/", "build/", "core.[0-9]*", "coverage/", "dist/", "legacy_python_mcp_agent_mail_code/mcp_agent_mail/.venv/", "node_modules/", "perf.data", "perf.data.old", "perf_hsmm.data", "perf_hsmm.data.old", "process_triage/", "sample_sqlite_db_files/", "target-*/", "target/", "target_*/", "tests/artifacts/", "baselines/hyperfine/", ".rch-target/", ".rch-tmp/", ".franken_whisper/tools/ffmpeg/"][0m
    [2;3mat[0m rch/src/transfer.rs:1441 [2;3mon[0m ThreadId(1)

  [2m2026-06-11T14:14:47.630300Z[0m [32m INFO[0m [1;32mrch::transfer[0m[32m: [32mSync completed in 7663ms[0m
    [2;3mat[0m rch/src/transfer.rs:1503 [2;3mon[0m ThreadId(1)

  [2m2026-06-11T14:14:47.630418Z[0m [34mDEBUG[0m [1;34mrch::transfer[0m[34m: [34mRewriting legacy broad exclude pattern '.core.*' to '.core.[0-9]*'[0m
    [2;3mat[0m rch/src/transfer.rs:769 [2;3mon[0m ThreadId(1)

  [2m2026-06-11T14:14:47.630427Z[0m [34mDEBUG[0m [1;34mrch::transfer[0m[34m: [34mRewriting legacy broad exclude pattern '.git/objects/' to '.git/'[0m
    [2;3mat[0m rch/src/transfer.rs:769 [2;3mon[0m ThreadId(1)

  [2m2026-06-11T14:14:47.630435Z[0m [34mDEBUG[0m [1;34mrch::transfer[0m[34m: [34mRewriting legacy broad exclude pattern 'core.*' to 'core.[0-9]*'[0m
    [2;3mat[0m rch/src/transfer.rs:769 [2;3mon[0m ThreadId(1)

  [2m2026-06-11T14:14:47.630458Z[0m [32m INFO[0m [1;32mrch::transfer[0m[32m: [32mSyncing /data/projects/frankentorch/crates/ft-api -> /data/projects/frankentorch/crates/ft-api on vmi1227854[0m
    [2;3mat[0m rch/src/transfer.rs:1434 [2;3mon[0m ThreadId(1)

  [2m2026-06-11T14:14:47.630465Z[0m [34mDEBUG[0m [1;34mrch::transfer[0m[34m: [34mEffective exclude patterns: ["*.rlib", "*.rmeta", ".beads/", ".bun/", ".rch-target-*/", ".rch-target*/", ".cargo-target-*/", ".cargo-target-rusticmill/", ".cargo-target/", ".core.[0-9]*", ".git/", ".next/", ".npm/", ".nuxt/", ".nyc_output/", ".parcel-cache/", ".pnpm-store/", ".turbo/", "build/", "core.[0-9]*", "coverage/", "dist/", "legacy_python_mcp_agent_mail_code/mcp_agent_mail/.venv/", "node_modules/", "perf.data", "perf.data.old", "perf_hsmm.data", "perf_hsmm.data.old", "process_triage/", "sample_sqlite_db_files/", "target-*/", "target/", "target_*/", "tests/artifacts/", "baselines/hyperfine/", ".rch-target/", ".rch-tmp/", ".franken_whisper/tools/ffmpeg/"][0m
    [2;3mat[0m rch/src/transfer.rs:1441 [2;3mon[0m ThreadId(1)

  [2m2026-06-11T14:14:49.492001Z[0m [32m INFO[0m [1;32mrch::transfer[0m[32m: [32mSync completed in 1861ms[0m
    [2;3mat[0m rch/src/transfer.rs:1503 [2;3mon[0m ThreadId(1)

  [2m2026-06-11T14:14:49.492140Z[0m [34mDEBUG[0m [1;34mrch::transfer[0m[34m: [34mRewriting legacy broad exclude pattern '.core.*' to '.core.[0-9]*'[0m
    [2;3mat[0m rch/src/transfer.rs:769 [2;3mon[0m ThreadId(1)

  [2m2026-06-11T14:14:49.492150Z[0m [34mDEBUG[0m [1;34mrch::transfer[0m[34m: [34mRewriting legacy broad exclude pattern '.git/objects/' to '.git/'[0m
    [2;3mat[0m rch/src/transfer.rs:769 [2;3mon[0m ThreadId(1)

  [2m2026-06-11T14:14:49.492161Z[0m [34mDEBUG[0m [1;34mrch::transfer[0m[34m: [34mRewriting legacy broad exclude pattern 'core.*' to 'core.[0-9]*'[0m
    [2;3mat[0m rch/src/transfer.rs:769 [2;3mon[0m ThreadId(1)

  [2m2026-06-11T14:14:49.492187Z[0m [32m INFO[0m [1;32mrch::transfer[0m[32m: [32mSyncing /data/projects/frankentorch/crates/ft-autograd -> /data/projects/frankentorch/crates/ft-autograd on vmi1227854[0m
    [2;3mat[0m rch/src/transfer.rs:1434 [2;3mon[0m ThreadId(1)

  [2m2026-06-11T14:14:49.492196Z[0m [34mDEBUG[0m [1;34mrch::transfer[0m[34m: [34mEffective exclude patterns: ["*.rlib", "*.rmeta", ".beads/", ".bun/", ".rch-target-*/", ".rch-target*/", ".cargo-target-*/", ".cargo-target-rusticmill/", ".cargo-target/", ".core.[0-9]*", ".git/", ".next/", ".npm/", ".nuxt/", ".nyc_output/", ".parcel-cache/", ".pnpm-store/", ".turbo/", "build/", "core.[0-9]*", "coverage/", "dist/", "legacy_python_mcp_agent_mail_code/mcp_agent_mail/.venv/", "node_modules/", "perf.data", "perf.data.old", "perf_hsmm.data", "perf_hsmm.data.old", "process_triage/", "sample_sqlite_db_files/", "target-*/", "target/", "target_*/", "tests/artifacts/", "baselines/hyperfine/", ".rch-target/", ".rch-tmp/", ".franken_whisper/tools/ffmpeg/"][0m
    [2;3mat[0m rch/src/transfer.rs:1441 [2;3mon[0m ThreadId(1)

  [2m2026-06-11T14:14:51.391795Z[0m [32m INFO[0m [1;32mrch::transfer[0m[32m: [32mSync completed in 1899ms[0m
    [2;3mat[0m rch/src/transfer.rs:1503 [2;3mon[0m ThreadId(1)

  [2m2026-06-11T14:14:51.391913Z[0m [34mDEBUG[0m [1;34mrch::transfer[0m[34m: [34mRewriting legacy broad exclude pattern '.core.*' to '.core.[0-9]*'[0m
    [2;3mat[0m rch/src/transfer.rs:769 [2;3mon[0m ThreadId(1)

  [2m2026-06-11T14:14:51.391947Z[0m [34mDEBUG[0m [1;34mrch::transfer[0m[34m: [34mRewriting legacy broad exclude pattern '.git/objects/' to '.git/'[0m
    [2;3mat[0m rch/src/transfer.rs:769 [2;3mon[0m ThreadId(1)

  [2m2026-06-11T14:14:51.391955Z[0m [34mDEBUG[0m [1;34mrch::transfer[0m[34m: [34mRewriting legacy broad exclude pattern 'core.*' to 'core.[0-9]*'[0m
    [2;3mat[0m rch/src/transfer.rs:769 [2;3mon[0m ThreadId(1)

  [2m2026-06-11T14:14:51.391978Z[0m [32m INFO[0m [1;32mrch::transfer[0m[32m: [32mSyncing /data/projects/frankentorch/crates/ft-conformance -> /data/projects/frankentorch/crates/ft-conformance on vmi1227854[0m
    [2;3mat[0m rch/src/transfer.rs:1434 [2;3mon[0m ThreadId(1)

  [2m2026-06-11T14:14:51.391984Z[0m [34mDEBUG[0m [1;34mrch::transfer[0m[34m: [34mEffective exclude patterns: ["*.rlib", "*.rmeta", ".beads/", ".bun/", ".rch-target-*/", ".rch-target*/", ".cargo-target-*/", ".cargo-target-rusticmill/", ".cargo-target/", ".core.[0-9]*", ".git/", ".next/", ".npm/", ".nuxt/", ".nyc_output/", ".parcel-cache/", ".pnpm-store/", ".turbo/", "build/", "core.[0-9]*", "coverage/", "dist/", "legacy_python_mcp_agent_mail_code/mcp_agent_mail/.venv/", "node_modules/", "perf.data", "perf.data.old", "perf_hsmm.data", "perf_hsmm.data.old", "process_triage/", "sample_sqlite_db_files/", "target-*/", "target/", "target_*/", "tests/artifacts/", "baselines/hyperfine/", ".rch-target/", ".rch-tmp/", ".franken_whisper/tools/ffmpeg/"][0m
    [2;3mat[0m rch/src/transfer.rs:1441 [2;3mon[0m ThreadId(1)

  [2m2026-06-11T14:14:53.242531Z[0m [32m INFO[0m [1;32mrch::transfer[0m[32m: [32mSync completed in 1850ms[0m
    [2;3mat[0m rch/src/transfer.rs:1503 [2;3mon[0m ThreadId(1)

  [2m2026-06-11T14:14:53.242653Z[0m [34mDEBUG[0m [1;34mrch::transfer[0m[34m: [34mRewriting legacy broad exclude pattern '.core.*' to '.core.[0-9]*'[0m
    [2;3mat[0m rch/src/transfer.rs:769 [2;3mon[0m ThreadId(1)

  [2m2026-06-11T14:14:53.242665Z[0m [34mDEBUG[0m [1;34mrch::transfer[0m[34m: [34mRewriting legacy broad exclude pattern '.git/objects/' to '.git/'[0m
    [2;3mat[0m rch/src/transfer.rs:769 [2;3mon[0m ThreadId(1)

  [2m2026-06-11T14:14:53.242676Z[0m [34mDEBUG[0m [1;34mrch::transfer[0m[34m: [34mRewriting legacy broad exclude pattern 'core.*' to 'core.[0-9]*'[0m
    [2;3mat[0m rch/src/transfer.rs:769 [2;3mon[0m ThreadId(1)

  [2m2026-06-11T14:14:53.242700Z[0m [32m INFO[0m [1;32mrch::transfer[0m[32m: [32mSyncing /data/projects/frankentorch/crates/ft-core -> /data/projects/frankentorch/crates/ft-core on vmi1227854[0m
    [2;3mat[0m rch/src/transfer.rs:1434 [2;3mon[0m ThreadId(1)

  [2m2026-06-11T14:14:53.242707Z[0m [34mDEBUG[0m [1;34mrch::transfer[0m[34m: [34mEffective exclude patterns: ["*.rlib", "*.rmeta", ".beads/", ".bun/", ".rch-target-*/", ".rch-target*/", ".cargo-target-*/", ".cargo-target-rusticmill/", ".cargo-target/", ".core.[0-9]*", ".git/", ".next/", ".npm/", ".nuxt/", ".nyc_output/", ".parcel-cache/", ".pnpm-store/", ".turbo/", "build/", "core.[0-9]*", "coverage/", "dist/", "legacy_python_mcp_agent_mail_code/mcp_agent_mail/.venv/", "node_modules/", "perf.data", "perf.data.old", "perf_hsmm.data", "perf_hsmm.data.old", "process_triage/", "sample_sqlite_db_files/", "target-*/", "target/", "target_*/", "tests/artifacts/", "baselines/hyperfine/", ".rch-target/", ".rch-tmp/", ".franken_whisper/tools/ffmpeg/"][0m
    [2;3mat[0m rch/src/transfer.rs:1441 [2;3mon[0m ThreadId(1)

  [2m2026-06-11T14:14:55.087331Z[0m [32m INFO[0m [1;32mrch::transfer[0m[32m: [32mSync completed in 1844ms[0m
    [2;3mat[0m rch/src/transfer.rs:1503 [2;3mon[0m ThreadId(1)

  [2m2026-06-11T14:14:55.087468Z[0m [34mDEBUG[0m [1;34mrch::transfer[0m[34m: [34mRewriting legacy broad exclude pattern '.core.*' to '.core.[0-9]*'[0m
    [2;3mat[0m rch/src/transfer.rs:769 [2;3mon[0m ThreadId(1)

  [2m2026-06-11T14:14:55.087479Z[0m [34mDEBUG[0m [1;34mrch::transfer[0m[34m: [34mRewriting legacy broad exclude pattern '.git/objects/' to '.git/'[0m
    [2;3mat[0m rch/src/transfer.rs:769 [2;3mon[0m ThreadId(1)

  [2m2026-06-11T14:14:55.087488Z[0m [34mDEBUG[0m [1;34mrch::transfer[0m[34m: [34mRewriting legacy broad exclude pattern 'core.*' to 'core.[0-9]*'[0m
    [2;3mat[0m rch/src/transfer.rs:769 [2;3mon[0m ThreadId(1)

  [2m2026-06-11T14:14:55.087514Z[0m [32m INFO[0m [1;32mrch::transfer[0m[32m: [32mSyncing /data/projects/frankentorch/crates/ft-data -> /data/projects/frankentorch/crates/ft-data on vmi1227854[0m
    [2;3mat[0m rch/src/transfer.rs:1434 [2;3mon[0m ThreadId(1)

  [2m2026-06-11T14:14:55.087521Z[0m [34mDEBUG[0m [1;34mrch::transfer[0m[34m: [34mEffective exclude patterns: ["*.rlib", "*.rmeta", ".beads/", ".bun/", ".rch-target-*/", ".rch-target*/", ".cargo-target-*/", ".cargo-target-rusticmill/", ".cargo-target/", ".core.[0-9]*", ".git/", ".next/", ".npm/", ".nuxt/", ".nyc_output/", ".parcel-cache/", ".pnpm-store/", ".turbo/", "build/", "core.[0-9]*", "coverage/", "dist/", "legacy_python_mcp_agent_mail_code/mcp_agent_mail/.venv/", "node_modules/", "perf.data", "perf.data.old", "perf_hsmm.data", "perf_hsmm.data.old", "process_triage/", "sample_sqlite_db_files/", "target-*/", "target/", "target_*/", "tests/artifacts/", "baselines/hyperfine/", ".rch-target/", ".rch-tmp/", ".franken_whisper/tools/ffmpeg/"][0m
    [2;3mat[0m rch/src/transfer.rs:1441 [2;3mon[0m ThreadId(1)

  [2m2026-06-11T14:14:56.958392Z[0m [32m INFO[0m [1;32mrch::transfer[0m[32m: [32mSync completed in 1870ms[0m
    [2;3mat[0m rch/src/transfer.rs:1503 [2;3mon[0m ThreadId(1)

  [2m2026-06-11T14:14:56.958492Z[0m [34mDEBUG[0m [1;34mrch::transfer[0m[34m: [34mRewriting legacy broad exclude pattern '.core.*' to '.core.[0-9]*'[0m
    [2;3mat[0m rch/src/transfer.rs:769 [2;3mon[0m ThreadId(1)

  [2m2026-06-11T14:14:56.958501Z[0m [34mDEBUG[0m [1;34mrch::transfer[0m[34m: [34mRewriting legacy broad exclude pattern '.git/objects/' to '.git/'[0m
    [2;3mat[0m rch/src/transfer.rs:769 [2;3mon[0m ThreadId(1)

  [2m2026-06-11T14:14:56.958508Z[0m [34mDEBUG[0m [1;34mrch::transfer[0m[34m: [34mRewriting legacy broad exclude pattern 'core.*' to 'core.[0-9]*'[0m
    [2;3mat[0m rch/src/transfer.rs:769 [2;3mon[0m ThreadId(1)

  [2m2026-06-11T14:14:56.958530Z[0m [32m INFO[0m [1;32mrch::transfer[0m[32m: [32mSyncing /data/projects/frankentorch/crates/ft-device -> /data/projects/frankentorch/crates/ft-device on vmi1227854[0m
    [2;3mat[0m rch/src/transfer.rs:1434 [2;3mon[0m ThreadId(1)

  [2m2026-06-11T14:14:56.958536Z[0m [34mDEBUG[0m [1;34mrch::transfer[0m[34m: [34mEffective exclude patterns: ["*.rlib", "*.rmeta", ".beads/", ".bun/", ".rch-target-*/", ".rch-target*/", ".cargo-target-*/", ".cargo-target-rusticmill/", ".cargo-target/", ".core.[0-9]*", ".git/", ".next/", ".npm/", ".nuxt/", ".nyc_output/", ".parcel-cache/", ".pnpm-store/", ".turbo/", "build/", "core.[0-9]*", "coverage/", "dist/", "legacy_python_mcp_agent_mail_code/mcp_agent_mail/.venv/", "node_modules/", "perf.data", "perf.data.old", "perf_hsmm.data", "perf_hsmm.data.old", "process_triage/", "sample_sqlite_db_files/", "target-*/", "target/", "target_*/", "tests/artifacts/", "baselines/hyperfine/", ".rch-target/", ".rch-tmp/", ".franken_whisper/tools/ffmpeg/"][0m
    [2;3mat[0m rch/src/transfer.rs:1441 [2;3mon[0m ThreadId(1)

  [2m2026-06-11T14:14:58.790678Z[0m [32m INFO[0m [1;32mrch::transfer[0m[32m: [32mSync completed in 1832ms[0m
    [2;3mat[0m rch/src/transfer.rs:1503 [2;3mon[0m ThreadId(1)

  [2m2026-06-11T14:14:58.790803Z[0m [34mDEBUG[0m [1;34mrch::transfer[0m[34m: [34mRewriting legacy broad exclude pattern '.core.*' to '.core.[0-9]*'[0m
    [2;3mat[0m rch/src/transfer.rs:769 [2;3mon[0m ThreadId(1)

  [2m2026-06-11T14:14:58.790822Z[0m [34mDEBUG[0m [1;34mrch::transfer[0m[34m: [34mRewriting legacy broad exclude pattern '.git/objects/' to '.git/'[0m
    [2;3mat[0m rch/src/transfer.rs:769 [2;3mon[0m ThreadId(1)

  [2m2026-06-11T14:14:58.790830Z[0m [34mDEBUG[0m [1;34mrch::transfer[0m[34m: [34mRewriting legacy broad exclude pattern 'core.*' to 'core.[0-9]*'[0m
    [2;3mat[0m rch/src/transfer.rs:769 [2;3mon[0m ThreadId(1)

  [2m2026-06-11T14:14:58.790850Z[0m [32m INFO[0m [1;32mrch::transfer[0m[32m: [32mSyncing /data/projects/frankentorch/crates/ft-dispatch -> /data/projects/frankentorch/crates/ft-dispatch on vmi1227854[0m
    [2;3mat[0m rch/src/transfer.rs:1434 [2;3mon[0m ThreadId(1)

  [2m2026-06-11T14:14:58.790856Z[0m [34mDEBUG[0m [1;34mrch::transfer[0m[34m: [34mEffective exclude patterns: ["*.rlib", "*.rmeta", ".beads/", ".bun/", ".rch-target-*/", ".rch-target*/", ".cargo-target-*/", ".cargo-target-rusticmill/", ".cargo-target/", ".core.[0-9]*", ".git/", ".next/", ".npm/", ".nuxt/", ".nyc_output/", ".parcel-cache/", ".pnpm-store/", ".turbo/", "build/", "core.[0-9]*", "coverage/", "dist/", "legacy_python_mcp_agent_mail_code/mcp_agent_mail/.venv/", "node_modules/", "perf.data", "perf.data.old", "perf_hsmm.data", "perf_hsmm.data.old", "process_triage/", "sample_sqlite_db_files/", "target-*/", "target/", "target_*/", "tests/artifacts/", "baselines/hyperfine/", ".rch-target/", ".rch-tmp/", ".franken_whisper/tools/ffmpeg/"][0m
    [2;3mat[0m rch/src/transfer.rs:1441 [2;3mon[0m ThreadId(1)

  [2m2026-06-11T14:15:00.759890Z[0m [32m INFO[0m [1;32mrch::transfer[0m[32m: [32mSync completed in 1969ms[0m
    [2;3mat[0m rch/src/transfer.rs:1503 [2;3mon[0m ThreadId(1)

  [2m2026-06-11T14:15:00.760015Z[0m [34mDEBUG[0m [1;34mrch::transfer[0m[34m: [34mRewriting legacy broad exclude pattern '.core.*' to '.core.[0-9]*'[0m
    [2;3mat[0m rch/src/transfer.rs:769 [2;3mon[0m ThreadId(1)

  [2m2026-06-11T14:15:00.760024Z[0m [34mDEBUG[0m [1;34mrch::transfer[0m[34m: [34mRewriting legacy broad exclude pattern '.git/objects/' to '.git/'[0m
    [2;3mat[0m rch/src/transfer.rs:769 [2;3mon[0m ThreadId(1)

  [2m2026-06-11T14:15:00.760032Z[0m [34mDEBUG[0m [1;34mrch::transfer[0m[34m: [34mRewriting legacy broad exclude pattern 'core.*' to 'core.[0-9]*'[0m
    [2;3mat[0m rch/src/transfer.rs:769 [2;3mon[0m ThreadId(1)

  [2m2026-06-11T14:15:00.760055Z[0m [32m INFO[0m [1;32mrch::transfer[0m[32m: [32mSyncing /data/projects/frankentorch/crates/ft-kernel-cpu -> /data/projects/frankentorch/crates/ft-kernel-cpu on vmi1227854[0m
    [2;3mat[0m rch/src/transfer.rs:1434 [2;3mon[0m ThreadId(1)

  [2m2026-06-11T14:15:00.760061Z[0m [34mDEBUG[0m [1;34mrch::transfer[0m[34m: [34mEffective exclude patterns: ["*.rlib", "*.rmeta", ".beads/", ".bun/", ".rch-target-*/", ".rch-target*/", ".cargo-target-*/", ".cargo-target-rusticmill/", ".cargo-target/", ".core.[0-9]*", ".git/", ".next/", ".npm/", ".nuxt/", ".nyc_output/", ".parcel-cache/", ".pnpm-store/", ".turbo/", "build/", "core.[0-9]*", "coverage/", "dist/", "legacy_python_mcp_agent_mail_code/mcp_agent_mail/.venv/", "node_modules/", "perf.data", "perf.data.old", "perf_hsmm.data", "perf_hsmm.data.old", "process_triage/", "sample_sqlite_db_files/", "target-*/", "target/", "target_*/", "tests/artifacts/", "baselines/hyperfine/", ".rch-target/", ".rch-tmp/", ".franken_whisper/tools/ffmpeg/"][0m
    [2;3mat[0m rch/src/transfer.rs:1441 [2;3mon[0m ThreadId(1)

  [2m2026-06-11T14:15:02.675025Z[0m [32m INFO[0m [1;32mrch::transfer[0m[32m: [32mSync completed in 1914ms[0m
    [2;3mat[0m rch/src/transfer.rs:1503 [2;3mon[0m ThreadId(1)

  [2m2026-06-11T14:15:02.675179Z[0m [34mDEBUG[0m [1;34mrch::transfer[0m[34m: [34mRewriting legacy broad exclude pattern '.core.*' to '.core.[0-9]*'[0m
    [2;3mat[0m rch/src/transfer.rs:769 [2;3mon[0m ThreadId(1)

  [2m2026-06-11T14:15:02.675201Z[0m [34mDEBUG[0m [1;34mrch::transfer[0m[34m: [34mRewriting legacy broad exclude pattern '.git/objects/' to '.git/'[0m
    [2;3mat[0m rch/src/transfer.rs:769 [2;3mon[0m ThreadId(1)

  [2m2026-06-11T14:15:02.675211Z[0m [34mDEBUG[0m [1;34mrch::transfer[0m[34m: [34mRewriting legacy broad exclude pattern 'core.*' to 'core.[0-9]*'[0m
    [2;3mat[0m rch/src/transfer.rs:769 [2;3mon[0m ThreadId(1)

  [2m2026-06-11T14:15:02.675236Z[0m [32m INFO[0m [1;32mrch::transfer[0m[32m: [32mSyncing /data/projects/frankentorch/crates/ft-nn -> /data/projects/frankentorch/crates/ft-nn on vmi1227854[0m
    [2;3mat[0m rch/src/transfer.rs:1434 [2;3mon[0m ThreadId(1)

  [2m2026-06-11T14:15:02.675244Z[0m [34mDEBUG[0m [1;34mrch::transfer[0m[34m: [34mEffective exclude patterns: ["*.rlib", "*.rmeta", ".beads/", ".bun/", ".rch-target-*/", ".rch-target*/", ".cargo-target-*/", ".cargo-target-rusticmill/", ".cargo-target/", ".core.[0-9]*", ".git/", ".next/", ".npm/", ".nuxt/", ".nyc_output/", ".parcel-cache/", ".pnpm-store/", ".turbo/", "build/", "core.[0-9]*", "coverage/", "dist/", "legacy_python_mcp_agent_mail_code/mcp_agent_mail/.venv/", "node_modules/", "perf.data", "perf.data.old", "perf_hsmm.data", "perf_hsmm.data.old", "process_triage/", "sample_sqlite_db_files/", "target-*/", "target/", "target_*/", "tests/artifacts/", "baselines/hyperfine/", ".rch-target/", ".rch-tmp/", ".franken_whisper/tools/ffmpeg/"][0m
    [2;3mat[0m rch/src/transfer.rs:1441 [2;3mon[0m ThreadId(1)

  [2m2026-06-11T14:15:04.487075Z[0m [32m INFO[0m [1;32mrch::transfer[0m[32m: [32mSync completed in 1811ms[0m
    [2;3mat[0m rch/src/transfer.rs:1503 [2;3mon[0m ThreadId(1)

  [2m2026-06-11T14:15:04.487189Z[0m [34mDEBUG[0m [1;34mrch::transfer[0m[34m: [34mRewriting legacy broad exclude pattern '.core.*' to '.core.[0-9]*'[0m
    [2;3mat[0m rch/src/transfer.rs:769 [2;3mon[0m ThreadId(1)

  [2m2026-06-11T14:15:04.487198Z[0m [34mDEBUG[0m [1;34mrch::transfer[0m[34m: [34mRewriting legacy broad exclude pattern '.git/objects/' to '.git/'[0m
    [2;3mat[0m rch/src/transfer.rs:769 [2;3mon[0m ThreadId(1)

  [2m2026-06-11T14:15:04.487205Z[0m [34mDEBUG[0m [1;34mrch::transfer[0m[34m: [34mRewriting legacy broad exclude pattern 'core.*' to 'core.[0-9]*'[0m
    [2;3mat[0m rch/src/transfer.rs:769 [2;3mon[0m ThreadId(1)

  [2m2026-06-11T14:15:04.487228Z[0m [32m INFO[0m [1;32mrch::transfer[0m[32m: [32mSyncing /data/projects/frankentorch/crates/ft-optim -> /data/projects/frankentorch/crates/ft-optim on vmi1227854[0m
    [2;3mat[0m rch/src/transfer.rs:1434 [2;3mon[0m ThreadId(1)

  [2m2026-06-11T14:15:04.487234Z[0m [34mDEBUG[0m [1;34mrch::transfer[0m[34m: [34mEffective exclude patterns: ["*.rlib", "*.rmeta", ".beads/", ".bun/", ".rch-target-*/", ".rch-target*/", ".cargo-target-*/", ".cargo-target-rusticmill/", ".cargo-target/", ".core.[0-9]*", ".git/", ".next/", ".npm/", ".nuxt/", ".nyc_output/", ".parcel-cache/", ".pnpm-store/", ".turbo/", "build/", "core.[0-9]*", "coverage/", "dist/", "legacy_python_mcp_agent_mail_code/mcp_agent_mail/.venv/", "node_modules/", "perf.data", "perf.data.old", "perf_hsmm.data", "perf_hsmm.data.old", "process_triage/", "sample_sqlite_db_files/", "target-*/", "target/", "target_*/", "tests/artifacts/", "baselines/hyperfine/", ".rch-target/", ".rch-tmp/", ".franken_whisper/tools/ffmpeg/"][0m
    [2;3mat[0m rch/src/transfer.rs:1441 [2;3mon[0m ThreadId(1)

  [2m2026-06-11T14:15:06.461917Z[0m [32m INFO[0m [1;32mrch::transfer[0m[32m: [32mSync completed in 1974ms[0m
    [2;3mat[0m rch/src/transfer.rs:1503 [2;3mon[0m ThreadId(1)

  [2m2026-06-11T14:15:06.462072Z[0m [34mDEBUG[0m [1;34mrch::transfer[0m[34m: [34mRewriting legacy broad exclude pattern '.core.*' to '.core.[0-9]*'[0m
    [2;3mat[0m rch/src/transfer.rs:769 [2;3mon[0m ThreadId(1)

  [2m2026-06-11T14:15:06.462085Z[0m [34mDEBUG[0m [1;34mrch::transfer[0m[34m: [34mRewriting legacy broad exclude pattern '.git/objects/' to '.git/'[0m
    [2;3mat[0m rch/src/transfer.rs:769 [2;3mon[0m ThreadId(1)

  [2m2026-06-11T14:15:06.462108Z[0m [34mDEBUG[0m [1;34mrch::transfer[0m[34m: [34mRewriting legacy broad exclude pattern 'core.*' to 'core.[0-9]*'[0m
    [2;3mat[0m rch/src/transfer.rs:769 [2;3mon[0m ThreadId(1)

  [2m2026-06-11T14:15:06.462141Z[0m [32m INFO[0m [1;32mrch::transfer[0m[32m: [32mSyncing /data/projects/frankentorch/crates/ft-runtime -> /data/projects/frankentorch/crates/ft-runtime on vmi1227854[0m
    [2;3mat[0m rch/src/transfer.rs:1434 [2;3mon[0m ThreadId(1)

  [2m2026-06-11T14:15:06.462152Z[0m [34mDEBUG[0m [1;34mrch::transfer[0m[34m: [34mEffective exclude patterns: ["*.rlib", "*.rmeta", ".beads/", ".bun/", ".rch-target-*/", ".rch-target*/", ".cargo-target-*/", ".cargo-target-rusticmill/", ".cargo-target/", ".core.[0-9]*", ".git/", ".next/", ".npm/", ".nuxt/", ".nyc_output/", ".parcel-cache/", ".pnpm-store/", ".turbo/", "build/", "core.[0-9]*", "coverage/", "dist/", "legacy_python_mcp_agent_mail_code/mcp_agent_mail/.venv/", "node_modules/", "perf.data", "perf.data.old", "perf_hsmm.data", "perf_hsmm.data.old", "process_triage/", "sample_sqlite_db_files/", "target-*/", "target/", "target_*/", "tests/artifacts/", "baselines/hyperfine/", ".rch-target/", ".rch-tmp/", ".franken_whisper/tools/ffmpeg/"][0m
    [2;3mat[0m rch/src/transfer.rs:1441 [2;3mon[0m ThreadId(1)

  [2m2026-06-11T14:15:08.320064Z[0m [32m INFO[0m [1;32mrch::transfer[0m[32m: [32mSync completed in 1857ms[0m
    [2;3mat[0m rch/src/transfer.rs:1503 [2;3mon[0m ThreadId(1)

  [2m2026-06-11T14:15:08.320161Z[0m [34mDEBUG[0m [1;34mrch::transfer[0m[34m: [34mRewriting legacy broad exclude pattern '.core.*' to '.core.[0-9]*'[0m
    [2;3mat[0m rch/src/transfer.rs:769 [2;3mon[0m ThreadId(1)

  [2m2026-06-11T14:15:08.320168Z[0m [34mDEBUG[0m [1;34mrch::transfer[0m[34m: [34mRewriting legacy broad exclude pattern '.git/objects/' to '.git/'[0m
    [2;3mat[0m rch/src/transfer.rs:769 [2;3mon[0m ThreadId(1)

  [2m2026-06-11T14:15:08.320175Z[0m [34mDEBUG[0m [1;34mrch::transfer[0m[34m: [34mRewriting legacy broad exclude pattern 'core.*' to 'core.[0-9]*'[0m
    [2;3mat[0m rch/src/transfer.rs:769 [2;3mon[0m ThreadId(1)

  [2m2026-06-11T14:15:08.320194Z[0m [32m INFO[0m [1;32mrch::transfer[0m[32m: [32mSyncing /data/projects/frankentorch/crates/ft-serialize -> /data/projects/frankentorch/crates/ft-serialize on vmi1227854[0m
    [2;3mat[0m rch/src/transfer.rs:1434 [2;3mon[0m ThreadId(1)

  [2m2026-06-11T14:15:08.320199Z[0m [34mDEBUG[0m [1;34mrch::transfer[0m[34m: [34mEffective exclude patterns: ["*.rlib", "*.rmeta", ".beads/", ".bun/", ".rch-target-*/", ".rch-target*/", ".cargo-target-*/", ".cargo-target-rusticmill/", ".cargo-target/", ".core.[0-9]*", ".git/", ".next/", ".npm/", ".nuxt/", ".nyc_output/", ".parcel-cache/", ".pnpm-store/", ".turbo/", "build/", "core.[0-9]*", "coverage/", "dist/", "legacy_python_mcp_agent_mail_code/mcp_agent_mail/.venv/", "node_modules/", "perf.data", "perf.data.old", "perf_hsmm.data", "perf_hsmm.data.old", "process_triage/", "sample_sqlite_db_files/", "target-*/", "target/", "target_*/", "tests/artifacts/", "baselines/hyperfine/", ".rch-target/", ".rch-tmp/", ".franken_whisper/tools/ffmpeg/"][0m
    [2;3mat[0m rch/src/transfer.rs:1441 [2;3mon[0m ThreadId(1)

  [2m2026-06-11T14:15:10.322221Z[0m [32m INFO[0m [1;32mrch::transfer[0m[32m: [32mSync completed in 2002ms[0m
    [2;3mat[0m rch/src/transfer.rs:1503 [2;3mon[0m ThreadId(1)

  [2m2026-06-11T14:15:10.322296Z[0m [32m INFO[0m [1;32mrch::hook[0m[32m: [32mSync complete: 51643 files, 1840669 bytes in 30346ms[0m
    [2;3mat[0m rch/src/hook.rs:6209 [2;3mon[0m ThreadId(1)

  [2m2026-06-11T14:15:10.322330Z[0m [34mDEBUG[0m [1;34mrch_common::ssh[0m[34m: [34mConnecting to root@109.123.245.77 via SSH...[0m
    [2;3mat[0m rch-common/src/ssh.rs:183 [2;3mon[0m ThreadId(1)

  [2m2026-06-11T14:15:11.319947Z[0m [34mDEBUG[0m [1;34mrch_common::ssh[0m[34m: [34mConnected to vmi1227854 (109.123.245.77)[0m
    [2;3mat[0m rch-common/src/ssh.rs:212 [2;3mon[0m ThreadId(1)

  [2m2026-06-11T14:15:11.319993Z[0m [34mDEBUG[0m [1;34mrch_common::ssh[0m[34m: [34mExecuting on vmi1227854: nohup sh -c 'cd "/data/projects/frankentorch" 2>/dev/null || exit 0; for d in .rch-target-*-job-* .rch-target-*-pid-*; do [ -d "$d" ] || continue; [ "$d" = ".rch-target-vmi1227854-job-29879662679166258-1781187279966518426-0" ] && continue; if find "$d" -mmin -720 -print -quit 2>/dev/null | grep -q .; then continue; fi; rm -rf -- "$d" 2>/dev/null; done' >/dev/null 2>&1 &[0m
    [2;3mat[0m rch-common/src/ssh.rs:343 [2;3mon[0m ThreadId(1)

  [2m2026-06-11T14:15:11.714960Z[0m [34mDEBUG[0m [1;34mrch_common::ssh[0m[34m: [34mCommand completed on vmi1227854 (exit=0, duration=394ms)[0m
    [2;3mat[0m rch-common/src/ssh.rs:418 [2;3mon[0m ThreadId(1)

  [2m2026-06-11T14:15:11.714988Z[0m [34mDEBUG[0m [1;34mrch_common::ssh[0m[34m: [34mDisconnecting from vmi1227854[0m
    [2;3mat[0m rch-common/src/ssh.rs:330 [2;3mon[0m ThreadId(1)

  [2m2026-06-11T14:15:11.721875Z[0m [34mDEBUG[0m [1;34mrch_common::ssh[0m[34m: [34mDisconnected from vmi1227854[0m
    [2;3mat[0m rch-common/src/ssh.rs:333 [2;3mon[0m ThreadId(1)

  [2m2026-06-11T14:15:14.926104Z[0m [32m INFO[0m [1;32mrch::hook[0m[32m: [32mExecuting command remotely: cargo bench -j 1 -p ft-kernel-cpu --bench linalg_bench -- qr_f64_512x512 --warm-up-time 1 --measurement-time 5 --sample-size 20[0m
    [2;3mat[0m rch/src/hook.rs:6252 [2;3mon[0m ThreadId(1)

  [2m2026-06-11T14:15:14.926172Z[0m [32m INFO[0m [1;32mrch::transfer[0m[32m: [32mRewriting CARGO_TARGET_DIR for remote execution (worker-scoped path): /data/tmp/cargo-target -> /data/projects/frankentorch/.rch-target-vmi1227854-job-29879662679166258-1781187279966518426-0[0m
    [2;3mat[0m rch/src/transfer.rs:712 [2;3mon[0m ThreadId(1)

  [2m2026-06-11T14:15:14.926185Z[0m [34mDEBUG[0m [1;34mrch::transfer[0m[34m: [34mForwarding env vars: ["CARGO_TARGET_DIR"][0m
    [2;3mat[0m rch/src/transfer.rs:966 [2;3mon[0m ThreadId(1)

  [2m2026-06-11T14:15:14.926192Z[0m [34mDEBUG[0m [1;34mrch::transfer[0m[34m: [34mExternal timeout protection disabled by config[0m
    [2;3mat[0m rch/src/transfer.rs:1084 [2;3mon[0m ThreadId(1)

    Updating crates.io index
 Downloading crates ...
  Downloaded walkdir v2.5.0
  Downloaded anes v0.1.6
  Downloaded bit-set v0.8.0
  Downloaded bit-vec v0.8.0
  Downloaded autocfg v1.5.0
  Downloaded anstyle v1.0.14
  Downloaded bitflags v2.11.1
  Downloaded rusty-fork v0.3.1
  Downloaded aho-corasick v1.1.4
  Downloaded ciborium-io v0.2.2
  Downloaded crossbeam-deque v0.8.6
  Downloaded is-terminal v0.4.17
  Downloaded itoa v1.0.18
  Downloaded crossbeam-epoch v0.9.18
  Downloaded rand_chacha v0.9.0
  Downloaded cfg-if v1.0.4
  Downloaded oorandom v11.1.5
  Downloaded rawpointer v0.2.1
  Downloaded tinytemplate v1.2.1
  Downloaded matrixmultiply v0.3.10
  Downloaded clap v4.6.1
  Downloaded proc-macro2 v1.0.106
  Downloaded tempfile v3.27.0
  Downloaded errno v0.3.14
  Downloaded memchr v2.8.0
  Downloaded plotters-svg v0.3.7
  Downloaded proptest v1.11.0
  Downloaded wait-timeout v0.2.1
  Downloaded zmij v1.0.21
  Downloaded clap_lex v1.1.0
  Downloaded libm v0.2.16
  Downloaded ciborium-ll v0.2.2
  Downloaded unarray v0.1.4
  Downloaded either v1.15.0
  Downloaded getrandom v0.3.4
  Downloaded num-complex v0.4.6
  Downloaded quick-error v1.2.3
  Downloaded rand_core v0.9.5
  Downloaded rand_xorshift v0.4.0
  Downloaded plotters-backend v0.3.7
  Downloaded cast v0.3.0
  Downloaded same-file v1.0.6
  Downloaded ppv-lite86 v0.2.21
  Downloaded serde_core v1.0.228
  Downloaded criterion-plot v0.5.0
  Downloaded fnv v1.0.7
  Downloaded bytemuck_derive v1.10.2
  Downloaded fastrand v2.4.1
  Downloaded quote v1.0.45
  Downloaded bytemuck v1.25.0
  Downloaded console v0.16.3
  Downloaded syn v2.0.117
  Downloaded once_cell v1.21.4
  Downloaded ciborium v0.2.2
  Downloaded crossbeam-utils v0.8.21
  Downloaded num-traits v0.2.19
  Downloaded half v2.7.1
  Downloaded unicode-ident v1.0.24
  Downloaded similar v2.7.0
  Downloaded insta v1.47.2
  Downloaded rayon-core v1.13.0
  Downloaded serde_derive v1.0.228
  Downloaded itertools v0.10.5
  Downloaded serde v1.0.228
  Downloaded rand v0.9.4
  Downloaded zerocopy-derive v0.8.48
  Downloaded safe_arch v0.7.4
  Downloaded wide v0.7.33
  Downloaded criterion v0.5.1
  Downloaded clap_builder v4.6.0
  Downloaded plotters v0.3.7
  Downloaded serde_json v1.0.149
  Downloaded regex v1.12.3
  Downloaded rayon v1.12.0
  Downloaded zerocopy v0.8.48
  Downloaded regex-syntax v0.8.10
  Downloaded rustix v1.1.4
  Downloaded regex-automata v0.4.14
  Downloaded libc v0.2.185
  Downloaded linux-raw-sys v0.12.1
   Compiling proc-macro2 v1.0.106
   Compiling quote v1.0.45
   Compiling unicode-ident v1.0.24
   Compiling syn v2.0.117
   Compiling libc v0.2.185
   Compiling cfg-if v1.0.4
   Compiling autocfg v1.5.0
   Compiling zerocopy v0.8.48
   Compiling zerocopy-derive v0.8.48
   Compiling getrandom v0.3.4
   Compiling bytemuck_derive v1.10.2
   Compiling bytemuck v1.25.0
   Compiling num-traits v0.2.19
   Compiling crossbeam-utils v0.8.21
   Compiling serde_core v1.0.228
   Compiling rustix v1.1.4
   Compiling crossbeam-epoch v0.9.18
   Compiling half v2.7.1
   Compiling rayon-core v1.13.0
   Compiling zmij v1.0.21
   Compiling either v1.15.0
   Compiling once_cell v1.21.4
   Compiling linux-raw-sys v0.12.1
   Compiling bitflags v2.11.1
   Compiling serde v1.0.228
   Compiling crossbeam-deque v0.8.6
   Compiling rand_core v0.9.5
   Compiling serde_derive v1.0.228
   Compiling serde_json v1.0.149
   Compiling regex-syntax v0.8.10
   Compiling fastrand v2.4.1
   Compiling tempfile v3.27.0
   Compiling matrixmultiply v0.3.10
   Compiling itoa v1.0.18
   Compiling plotters-backend v0.3.7
   Compiling memchr v2.8.0
   Compiling libm v0.2.16
   Compiling ciborium-io v0.2.2
   Compiling clap_lex v1.1.0
   Compiling anstyle v1.0.14
   Compiling clap_builder v4.6.0
   Compiling ciborium-ll v0.2.2
   Compiling plotters-svg v0.3.7
   Compiling rayon v1.12.0
   Compiling regex-automata v0.4.14
   Compiling itertools v0.10.5
   Compiling num-complex v0.4.6
   Compiling safe_arch v0.7.4
   Compiling ppv-lite86 v0.2.21
   Compiling wait-timeout v0.2.1
   Compiling rawpointer v0.2.1
   Compiling bit-vec v0.8.0
   Compiling quick-error v1.2.3
   Compiling cast v0.3.0
   Compiling fnv v1.0.7
   Compiling same-file v1.0.6
   Compiling walkdir v2.5.0
   Compiling rusty-fork v0.3.1
   Compiling criterion-plot v0.5.0
   Compiling bit-set v0.8.0
   Compiling rand_chacha v0.9.0
   Compiling wide v0.7.33
   Compiling ft-core v0.1.0 (/data/projects/frankentorch/crates/ft-core)
   Compiling regex v1.12.3
   Compiling plotters v0.3.7
   Compiling tinytemplate v1.2.1
   Compiling ciborium v0.2.2
   Compiling clap v4.6.1
   Compiling rand v0.9.4
   Compiling rand_xorshift v0.4.0
   Compiling console v0.16.3
   Compiling is-terminal v0.4.17
   Compiling oorandom v11.1.5
   Compiling unarray v0.1.4
   Compiling similar v2.7.0
   Compiling anes v0.1.6
   Compiling criterion v0.5.1
   Compiling insta v1.47.2
   Compiling proptest v1.11.0
   Compiling ft-kernel-cpu v0.1.0 (/data/projects/frankentorch/crates/ft-kernel-cpu)
    Finished `bench` profile [optimized + debuginfo] target(s) in 3m 27s
     Running benches/linalg_bench.rs (.rch-target-vmi1227854-job-29879662679166258-1781187279966518426-0/release/deps/linalg_bench-aa9fc2ba4861f31f)
Gnuplot not found, using plotters backend
Benchmarking qr_f64_512x512
Benchmarking qr_f64_512x512: Warming up for 1.0000 s
Benchmarking qr_f64_512x512: Collecting 20 samples in estimated 5.4355 s (80 iterations)
Benchmarking qr_f64_512x512: Analyzing
qr_f64_512x512          time:   [66.363 ms 67.182 ms 68.066 ms]

Benchmarking qr_f64_512x512_stage_profile
Benchmarking qr_f64_512x512_stage_profile: Warming up for 1.0000 s
Benchmarking qr_f64_512x512_stage_profile: Collecting 20 samples in estimated 5.6100 s (80 iterations)
Benchmarking qr_f64_512x512_stage_profile: Analyzing
qr_f64_512x512_stage_profile
                        time:   [63.353 ms 65.228 ms 67.415 ms]
Found 2 outliers among 20 measurements (10.00%)
  2 (10.00%) high mild

  [2m2026-06-11T14:19:36.421471Z[0m [32m INFO[0m [1;32mrch::hook[0m[32m: [32mRemote command finished: exit=0 in 261495ms[0m
    [2;3mat[0m rch/src/hook.rs:6376 [2;3mon[0m ThreadId(1)

  [2m2026-06-11T14:19:36.421874Z[0m [32m INFO[0m [1;32mrch::hook[0m[32m: [32mRetrieving build artifacts...[0m
    [2;3mat[0m rch/src/hook.rs:6425 [2;3mon[0m ThreadId(1)

  [2m2026-06-11T14:19:36.421915Z[0m [32m INFO[0m [1;32mrch::transfer[0m[32m: [32mRetrieving artifacts from /data/projects/frankentorch on vmi1227854[0m
    [2;3mat[0m rch/src/transfer.rs:2106 [2;3mon[0m ThreadId(1)

  [2m2026-06-11T14:19:39.470216Z[0m [32m INFO[0m [1;32mrch::transfer[0m[32m: [32mArtifacts retrieved in 3048ms (5 files, 1809 bytes)[0m
    [2;3mat[0m rch/src/transfer.rs:2145 [2;3mon[0m ThreadId(1)

  [2m2026-06-11T14:19:39.470248Z[0m [32m INFO[0m [1;32mrch::hook[0m[32m: [32mArtifacts retrieved: 5 files, 1809 bytes in 3048ms[0m
    [2;3mat[0m rch/src/hook.rs:6458 [2;3mon[0m ThreadId(1)

  [2m2026-06-11T14:19:39.470359Z[0m [32m INFO[0m [1;32mrch::transfer[0m[32m: [32mRetrieving artifacts from /data/projects/frankentorch/.rch-target-vmi1227854-job-29879662679166258-1781187279966518426-0 on vmi1227854[0m
    [2;3mat[0m rch/src/transfer.rs:2106 [2;3mon[0m ThreadId(1)

  [2m2026-06-11T14:19:41.884708Z[0m [32m INFO[0m [1;32mrch::transfer[0m[32m: [32mArtifacts retrieved in 2414ms (211 files, 1113 bytes)[0m
    [2;3mat[0m rch/src/transfer.rs:2145 [2;3mon[0m ThreadId(1)

  [2m2026-06-11T14:19:41.884747Z[0m [32m INFO[0m [1;32mrch::hook[0m[32m: [32mCustom CARGO_TARGET_DIR artifacts retrieved: 211 files, 1113 bytes in 2414ms[0m
    [2;3mat[0m rch/src/hook.rs:6582 [2;3mon[0m ThreadId(1)

[RCH] remote vmi1227854 (303.8s)
