  [2m2026-06-11T04:50:01.978029Z[0m [32m INFO[0m [1;32mrch::hook[0m[32m: [32mSelected worker: vmi1227854 at root@109.123.245.77 (0 slots remaining after reservation, speed 50.0)[0m
    [2;3mat[0m rch/src/hook.rs:514 [2;3mon[0m ThreadId(1)

  [2m2026-06-11T04:50:02.302930Z[0m [32m INFO[0m [1;32mrch::hook[0m[32m: [32mStarting remote compilation pipeline for frankentorch (hash: 3d6dc0f5ca5d2899)[0m
    [2;3mat[0m rch/src/hook.rs:5994 [2;3mon[0m ThreadId(1)

  [2m2026-06-11T04:50:02.302969Z[0m [32m INFO[0m [1;32mrch::hook[0m[32m: [32mPrepared dependency sync manifest for 13 roots[0m
    [2;3mat[0m rch/src/hook.rs:6016 [2;3mon[0m ThreadId(1)

  [2m2026-06-11T04:50:04.040334Z[0m [32m INFO[0m [1;32mrch::hook[0m[32m: [32mSyncing project to worker vmi1227854...[0m
    [2;3mat[0m rch/src/hook.rs:6046 [2;3mon[0m ThreadId(1)

  [2m2026-06-11T04:50:04.040390Z[0m [32m INFO[0m [1;32mrch::transfer[0m[32m: [32mSyncing /data/projects/frankentorch -> /data/projects/frankentorch on vmi1227854[0m
    [2;3mat[0m rch/src/transfer.rs:1434 [2;3mon[0m ThreadId(1)

  [2m2026-06-11T04:50:11.524045Z[0m [32m INFO[0m [1;32mrch::transfer[0m[32m: [32mSync completed in 7483ms[0m
    [2;3mat[0m rch/src/transfer.rs:1503 [2;3mon[0m ThreadId(1)

  [2m2026-06-11T04:50:11.524115Z[0m [32m INFO[0m [1;32mrch::transfer[0m[32m: [32mSyncing /data/projects/frankentorch/crates/ft-api -> /data/projects/frankentorch/crates/ft-api on vmi1227854[0m
    [2;3mat[0m rch/src/transfer.rs:1434 [2;3mon[0m ThreadId(1)

  [2m2026-06-11T04:50:13.374898Z[0m [32m INFO[0m [1;32mrch::transfer[0m[32m: [32mSync completed in 1850ms[0m
    [2;3mat[0m rch/src/transfer.rs:1503 [2;3mon[0m ThreadId(1)

  [2m2026-06-11T04:50:13.374999Z[0m [32m INFO[0m [1;32mrch::transfer[0m[32m: [32mSyncing /data/projects/frankentorch/crates/ft-autograd -> /data/projects/frankentorch/crates/ft-autograd on vmi1227854[0m
    [2;3mat[0m rch/src/transfer.rs:1434 [2;3mon[0m ThreadId(1)

  [2m2026-06-11T04:50:15.249307Z[0m [32m INFO[0m [1;32mrch::transfer[0m[32m: [32mSync completed in 1874ms[0m
    [2;3mat[0m rch/src/transfer.rs:1503 [2;3mon[0m ThreadId(1)

  [2m2026-06-11T04:50:15.249383Z[0m [32m INFO[0m [1;32mrch::transfer[0m[32m: [32mSyncing /data/projects/frankentorch/crates/ft-conformance -> /data/projects/frankentorch/crates/ft-conformance on vmi1227854[0m
    [2;3mat[0m rch/src/transfer.rs:1434 [2;3mon[0m ThreadId(1)

  [2m2026-06-11T04:50:17.164064Z[0m [32m INFO[0m [1;32mrch::transfer[0m[32m: [32mSync completed in 1914ms[0m
    [2;3mat[0m rch/src/transfer.rs:1503 [2;3mon[0m ThreadId(1)

  [2m2026-06-11T04:50:17.164150Z[0m [32m INFO[0m [1;32mrch::transfer[0m[32m: [32mSyncing /data/projects/frankentorch/crates/ft-core -> /data/projects/frankentorch/crates/ft-core on vmi1227854[0m
    [2;3mat[0m rch/src/transfer.rs:1434 [2;3mon[0m ThreadId(1)

  [2m2026-06-11T04:50:19.000068Z[0m [32m INFO[0m [1;32mrch::transfer[0m[32m: [32mSync completed in 1835ms[0m
    [2;3mat[0m rch/src/transfer.rs:1503 [2;3mon[0m ThreadId(1)

  [2m2026-06-11T04:50:19.000140Z[0m [32m INFO[0m [1;32mrch::transfer[0m[32m: [32mSyncing /data/projects/frankentorch/crates/ft-data -> /data/projects/frankentorch/crates/ft-data on vmi1227854[0m
    [2;3mat[0m rch/src/transfer.rs:1434 [2;3mon[0m ThreadId(1)

  [2m2026-06-11T04:50:20.858897Z[0m [32m INFO[0m [1;32mrch::transfer[0m[32m: [32mSync completed in 1858ms[0m
    [2;3mat[0m rch/src/transfer.rs:1503 [2;3mon[0m ThreadId(1)

  [2m2026-06-11T04:50:20.858968Z[0m [32m INFO[0m [1;32mrch::transfer[0m[32m: [32mSyncing /data/projects/frankentorch/crates/ft-device -> /data/projects/frankentorch/crates/ft-device on vmi1227854[0m
    [2;3mat[0m rch/src/transfer.rs:1434 [2;3mon[0m ThreadId(1)

  [2m2026-06-11T04:50:22.752377Z[0m [32m INFO[0m [1;32mrch::transfer[0m[32m: [32mSync completed in 1893ms[0m
    [2;3mat[0m rch/src/transfer.rs:1503 [2;3mon[0m ThreadId(1)

  [2m2026-06-11T04:50:22.752446Z[0m [32m INFO[0m [1;32mrch::transfer[0m[32m: [32mSyncing /data/projects/frankentorch/crates/ft-dispatch -> /data/projects/frankentorch/crates/ft-dispatch on vmi1227854[0m
    [2;3mat[0m rch/src/transfer.rs:1434 [2;3mon[0m ThreadId(1)

  [2m2026-06-11T04:50:24.550070Z[0m [32m INFO[0m [1;32mrch::transfer[0m[32m: [32mSync completed in 1797ms[0m
    [2;3mat[0m rch/src/transfer.rs:1503 [2;3mon[0m ThreadId(1)

  [2m2026-06-11T04:50:24.550175Z[0m [32m INFO[0m [1;32mrch::transfer[0m[32m: [32mSyncing /data/projects/frankentorch/crates/ft-kernel-cpu -> /data/projects/frankentorch/crates/ft-kernel-cpu on vmi1227854[0m
    [2;3mat[0m rch/src/transfer.rs:1434 [2;3mon[0m ThreadId(1)

  [2m2026-06-11T04:50:26.465346Z[0m [32m INFO[0m [1;32mrch::transfer[0m[32m: [32mSync completed in 1915ms[0m
    [2;3mat[0m rch/src/transfer.rs:1503 [2;3mon[0m ThreadId(1)

  [2m2026-06-11T04:50:26.465432Z[0m [32m INFO[0m [1;32mrch::transfer[0m[32m: [32mSyncing /data/projects/frankentorch/crates/ft-nn -> /data/projects/frankentorch/crates/ft-nn on vmi1227854[0m
    [2;3mat[0m rch/src/transfer.rs:1434 [2;3mon[0m ThreadId(1)

  [2m2026-06-11T04:50:28.286448Z[0m [32m INFO[0m [1;32mrch::transfer[0m[32m: [32mSync completed in 1821ms[0m
    [2;3mat[0m rch/src/transfer.rs:1503 [2;3mon[0m ThreadId(1)

  [2m2026-06-11T04:50:28.286544Z[0m [32m INFO[0m [1;32mrch::transfer[0m[32m: [32mSyncing /data/projects/frankentorch/crates/ft-optim -> /data/projects/frankentorch/crates/ft-optim on vmi1227854[0m
    [2;3mat[0m rch/src/transfer.rs:1434 [2;3mon[0m ThreadId(1)

  [2m2026-06-11T04:50:30.132871Z[0m [32m INFO[0m [1;32mrch::transfer[0m[32m: [32mSync completed in 1846ms[0m
    [2;3mat[0m rch/src/transfer.rs:1503 [2;3mon[0m ThreadId(1)

  [2m2026-06-11T04:50:30.132945Z[0m [32m INFO[0m [1;32mrch::transfer[0m[32m: [32mSyncing /data/projects/frankentorch/crates/ft-runtime -> /data/projects/frankentorch/crates/ft-runtime on vmi1227854[0m
    [2;3mat[0m rch/src/transfer.rs:1434 [2;3mon[0m ThreadId(1)

  [2m2026-06-11T04:50:31.980304Z[0m [32m INFO[0m [1;32mrch::transfer[0m[32m: [32mSync completed in 1847ms[0m
    [2;3mat[0m rch/src/transfer.rs:1503 [2;3mon[0m ThreadId(1)

  [2m2026-06-11T04:50:31.980369Z[0m [32m INFO[0m [1;32mrch::transfer[0m[32m: [32mSyncing /data/projects/frankentorch/crates/ft-serialize -> /data/projects/frankentorch/crates/ft-serialize on vmi1227854[0m
    [2;3mat[0m rch/src/transfer.rs:1434 [2;3mon[0m ThreadId(1)

  [2m2026-06-11T04:50:33.831740Z[0m [32m INFO[0m [1;32mrch::transfer[0m[32m: [32mSync completed in 1851ms[0m
    [2;3mat[0m rch/src/transfer.rs:1503 [2;3mon[0m ThreadId(1)

  [2m2026-06-11T04:50:33.831800Z[0m [32m INFO[0m [1;32mrch::hook[0m[32m: [32mSync complete: 51606 files, 1849948 bytes in 29784ms[0m
    [2;3mat[0m rch/src/hook.rs:6209 [2;3mon[0m ThreadId(1)

  [2m2026-06-11T04:50:37.830171Z[0m [32m INFO[0m [1;32mrch::hook[0m[32m: [32mExecuting command remotely: cargo clippy -p ft-kernel-cpu --all-targets -- -D warnings[0m
    [2;3mat[0m rch/src/hook.rs:6252 [2;3mon[0m ThreadId(1)

  [2m2026-06-11T04:50:37.830212Z[0m [32m INFO[0m [1;32mrch::transfer[0m[32m: [32mRewriting CARGO_TARGET_DIR for remote execution (worker-scoped path): /data/tmp/cargo-target -> /data/projects/frankentorch/.rch-target-vmi1227854-job-29879662679165934-1781153404040327243-0[0m
    [2;3mat[0m rch/src/transfer.rs:712 [2;3mon[0m ThreadId(1)

    Updating crates.io index
 Downloading crates ...
  Downloaded bit-set v0.8.0
  Downloaded anes v0.1.6
  Downloaded anstyle v1.0.14
  Downloaded autocfg v1.5.0
  Downloaded bit-vec v0.8.0
  Downloaded ciborium-ll v0.2.2
  Downloaded clap_lex v1.1.0
  Downloaded cast v0.3.0
  Downloaded cfg-if v1.0.4
  Downloaded ciborium-io v0.2.2
  Downloaded criterion-plot v0.5.0
  Downloaded either v1.15.0
  Downloaded fastrand v2.4.1
  Downloaded crossbeam-epoch v0.9.18
  Downloaded bitflags v2.11.1
  Downloaded console v0.16.3
  Downloaded crossbeam-deque v0.8.6
  Downloaded bytemuck v1.25.0
  Downloaded clap v4.6.1
  Downloaded quick-error v1.2.3
  Downloaded ciborium v0.2.2
  Downloaded plotters-svg v0.3.7
  Downloaded ppv-lite86 v0.2.21
  Downloaded tempfile v3.27.0
  Downloaded aho-corasick v1.1.4
  Downloaded criterion v0.5.1
  Downloaded fnv v1.0.7
  Downloaded plotters-backend v0.3.7
  Downloaded rand_xorshift v0.4.0
  Downloaded bytemuck_derive v1.10.2
  Downloaded rand_core v0.9.5
  Downloaded walkdir v2.5.0
  Downloaded num-complex v0.4.6
  Downloaded rusty-fork v0.3.1
  Downloaded crossbeam-utils v0.8.21
  Downloaded is-terminal v0.4.17
  Downloaded wait-timeout v0.2.1
  Downloaded matrixmultiply v0.3.10
  Downloaded serde_derive v1.0.228
  Downloaded same-file v1.0.6
  Downloaded errno v0.3.14
  Downloaded rawpointer v0.2.1
  Downloaded itoa v1.0.18
  Downloaded num-traits v0.2.19
  Downloaded unicode-ident v1.0.24
  Downloaded unarray v0.1.4
  Downloaded clap_builder v4.6.0
  Downloaded zmij v1.0.21
  Downloaded quote v1.0.45
  Downloaded safe_arch v0.7.4
  Downloaded rand_chacha v0.9.0
  Downloaded once_cell v1.21.4
  Downloaded tinytemplate v1.2.1
  Downloaded oorandom v11.1.5
  Downloaded proc-macro2 v1.0.106
  Downloaded similar v2.7.0
  Downloaded serde_core v1.0.228
  Downloaded half v2.7.1
  Downloaded rayon-core v1.13.0
  Downloaded getrandom v0.3.4
  Downloaded memchr v2.8.0
  Downloaded serde v1.0.228
  Downloaded wide v0.7.33
  Downloaded rand v0.9.4
  Downloaded zerocopy-derive v0.8.48
  Downloaded insta v1.47.2
  Downloaded itertools v0.10.5
  Downloaded serde_json v1.0.149
  Downloaded rayon v1.12.0
  Downloaded regex v1.12.3
  Downloaded libm v0.2.16
  Downloaded plotters v0.3.7
  Downloaded proptest v1.11.0
  Downloaded regex-syntax v0.8.10
  Downloaded zerocopy v0.8.48
  Downloaded syn v2.0.117
  Downloaded rustix v1.1.4
  Downloaded regex-automata v0.4.14
  Downloaded libc v0.2.185
  Downloaded linux-raw-sys v0.12.1
   Compiling proc-macro2 v1.0.106
   Compiling quote v1.0.45
   Compiling unicode-ident v1.0.24
    Checking cfg-if v1.0.4
   Compiling libc v0.2.185
   Compiling autocfg v1.5.0
   Compiling zerocopy v0.8.48
   Compiling getrandom v0.3.4
   Compiling crossbeam-utils v0.8.21
   Compiling serde_core v1.0.228
   Compiling rustix v1.1.4
    Checking bitflags v2.11.1
   Compiling rayon-core v1.13.0
    Checking linux-raw-sys v0.12.1
   Compiling num-traits v0.2.19
    Checking once_cell v1.21.4
   Compiling serde v1.0.228
    Checking either v1.15.0
   Compiling zmij v1.0.21
    Checking regex-syntax v0.8.10
    Checking fastrand v2.4.1
   Compiling serde_json v1.0.149
   Compiling syn v2.0.117
    Checking crossbeam-epoch v0.9.18
   Compiling matrixmultiply v0.3.10
   Compiling libm v0.2.16
    Checking anstyle v1.0.14
    Checking plotters-backend v0.3.7
    Checking memchr v2.8.0
    Checking ciborium-io v0.2.2
    Checking crossbeam-deque v0.8.6
    Checking itoa v1.0.18
    Checking clap_lex v1.1.0
    Checking regex-automata v0.4.14
    Checking plotters-svg v0.3.7
    Checking rand_core v0.9.5
    Checking num-complex v0.4.6
    Checking wait-timeout v0.2.1
    Checking clap_builder v4.6.0
    Checking itertools v0.10.5
    Checking tempfile v3.27.0
    Checking same-file v1.0.6
    Checking bit-vec v0.8.0
    Checking fnv v1.0.7
    Checking quick-error v1.2.3
    Checking cast v0.3.0
    Checking rawpointer v0.2.1
    Checking bit-set v0.8.0
    Checking regex v1.12.3
    Checking rusty-fork v0.3.1
    Checking rayon v1.12.0
    Checking walkdir v2.5.0
    Checking criterion-plot v0.5.0
    Checking rand_xorshift v0.4.0
    Checking rand v0.9.4
    Checking plotters v0.3.7
    Checking console v0.16.3
    Checking is-terminal v0.4.17
    Checking unarray v0.1.4
    Checking clap v4.6.1
    Checking anes v0.1.6
    Checking oorandom v11.1.5
    Checking similar v2.7.0
    Checking insta v1.47.2
   Compiling zerocopy-derive v0.8.48
   Compiling bytemuck_derive v1.10.2
   Compiling serde_derive v1.0.228
    Checking bytemuck v1.25.0
    Checking safe_arch v0.7.4
    Checking wide v0.7.33
    Checking tinytemplate v1.2.1
    Checking half v2.7.1
    Checking ppv-lite86 v0.2.21
    Checking rand_chacha v0.9.0
    Checking ciborium-ll v0.2.2
    Checking ft-core v0.1.0 (/data/projects/frankentorch/crates/ft-core)
    Checking ciborium v0.2.2
    Checking proptest v1.11.0
    Checking ft-kernel-cpu v0.1.0 (/data/projects/frankentorch/crates/ft-kernel-cpu)
    Checking criterion v0.5.1
error: manual implementation of `.is_multiple_of()`
  --> crates/ft-kernel-cpu/examples/ctp_probe.rs:58:28
   |
58 |                         if yd % sh != 0 {
   |                            ^^^^^^^^^^^^ help: replace with: `!yd.is_multiple_of(sh)`
   |
   = help: for further information visit https://rust-lang.github.io/rust-clippy/master/index.html#manual_is_multiple_of
   = note: `-D clippy::manual-is-multiple-of` implied by `-D warnings`
   = help: to override `-D warnings` add `#[allow(clippy::manual_is_multiple_of)]`

error: manual implementation of `.is_multiple_of()`
  --> crates/ft-kernel-cpu/examples/ctp_probe.rs:71:32
   |
71 | ...                   if xd % sw != 0 {
   |                          ^^^^^^^^^^^^ help: replace with: `!xd.is_multiple_of(sw)`
   |
   = help: for further information visit https://rust-lang.github.io/rust-clippy/master/index.html#manual_is_multiple_of

error: could not compile `ft-kernel-cpu` (example "ctp_probe") due to 2 previous errors
warning: build failed, waiting for other jobs to finish...
  [2m2026-06-11T04:51:03.419329Z[0m [32m INFO[0m [1;32mrch::hook[0m[32m: [32mRemote command finished: exit=101 in 25589ms[0m
    [2;3mat[0m rch/src/hook.rs:6376 [2;3mon[0m ThreadId(1)

[RCH] remote vmi1227854 failed (exit 101)
