  [2m2026-06-11T14:26:48.041504Z[0m [34mDEBUG[0m [1;34mrch::verbose[0m[34m: [34mverbose output enabled, [1;34mmode[0m[34m: Plain, [1;34mformat[0m[34m: json[0m
    [2;3mat[0m rch/src/main.rs:1722 [2;3mon[0m ThreadId(1)

  [2m2026-06-11T14:26:48.041622Z[0m [34mDEBUG[0m [1;34mrch::hook::config_cache[0m[34m: [34mconfig.cache.hit, [1;34mpath[0m[34m: /home/ubuntu/.cache/rch/config.cache.json, [1;34mbytes[0m[34m: 2928[0m
    [2;3mat[0m rch/src/config.rs:196 [2;3mon[0m ThreadId(1)

  [2m2026-06-11T14:26:48.041662Z[0m [34mDEBUG[0m [1;34mrch::hook[0m[34m: [34m[RCH] project identity normalization: received_input=/data/projects/frankentorch[0m
    [2;3mat[0m rch/src/hook.rs:2875 [2;3mon[0m ThreadId(1)

  [2m2026-06-11T14:26:48.041668Z[0m [34mDEBUG[0m [1;34mrch::hook[0m[34m: [34m[RCH] project identity normalization: verified_absolute_input=/data/projects/frankentorch[0m
    [2;3mat[0m rch/src/hook.rs:2875 [2;3mon[0m ThreadId(1)

  [2m2026-06-11T14:26:48.041672Z[0m [34mDEBUG[0m [1;34mrch::hook[0m[34m: [34m[RCH] project identity normalization: canonical_root_resolved=/data/projects[0m
    [2;3mat[0m rch/src/hook.rs:2875 [2;3mon[0m ThreadId(1)

  [2m2026-06-11T14:26:48.041675Z[0m [34mDEBUG[0m [1;34mrch::hook[0m[34m: [34m[RCH] project identity normalization: canonical_input_resolved=/data/projects/frankentorch[0m
    [2;3mat[0m rch/src/hook.rs:2875 [2;3mon[0m ThreadId(1)

  [2m2026-06-11T14:26:48.041679Z[0m [34mDEBUG[0m [1;34mrch::hook[0m[34m: [34m[RCH] project identity normalization: verified_within_root=/data/projects/frankentorch root=/data/projects[0m
    [2;3mat[0m rch/src/hook.rs:2875 [2;3mon[0m ThreadId(1)

[RCH] local (no admissible workers: critical_pressure=1,active_project_exclusion=1)
    Checking bitflags v2.11.1
    Checking once_cell v1.21.4
    Checking linux-raw-sys v0.12.1
    Checking either v1.15.0
    Checking fastrand v2.4.1
    Checking regex-syntax v0.8.10
    Checking memchr v2.8.0
    Checking clap_lex v1.1.0
    Checking plotters-backend v0.3.7
    Checking ciborium-io v0.2.2
    Checking anstyle v1.0.14
    Checking itoa v1.0.18
    Checking quick-error v1.2.3
    Checking cast v0.3.0
    Checking same-file v1.0.6
    Checking bit-vec v0.8.0
    Checking fnv v1.0.7
    Checking anes v0.1.6
    Checking oorandom v11.1.5
    Checking similar v2.7.0
    Checking unarray v0.1.4
    Checking libc v0.2.185
    Checking num-traits v0.2.19
    Checking serde_core v1.0.228
    Checking zmij v1.0.21
    Checking ppv-lite86 v0.2.21
    Checking ciborium-ll v0.2.2
    Checking walkdir v2.5.0
    Checking rayon v1.12.0
    Checking itertools v0.10.5
    Checking clap_builder v4.6.0
    Checking plotters-svg v0.3.7
    Checking bit-set v0.8.0
    Checking rustix v1.1.4
    Checking num-complex v0.4.6
    Checking plotters v0.3.7
    Checking getrandom v0.3.4
    Checking wait-timeout v0.2.1
    Checking console v0.16.3
    Checking is-terminal v0.4.17
    Checking ft-core v0.1.0 (/data/projects/frankentorch/crates/ft-core)
    Checking rand_core v0.9.5
    Checking rand v0.9.4
    Checking rand_chacha v0.9.0
    Checking rand_xorshift v0.4.0
    Checking criterion-plot v0.5.0
    Checking clap v4.6.1
    Checking regex-automata v0.4.14
    Checking tempfile v3.27.0
    Checking rusty-fork v0.3.1
    Checking insta v1.47.2
    Checking proptest v1.11.0
    Checking ft-kernel-cpu v0.1.0 (/data/projects/frankentorch/crates/ft-kernel-cpu)
    Checking serde v1.0.228
    Checking serde_json v1.0.149
    Checking ciborium v0.2.2
    Checking tinytemplate v1.2.1
    Checking regex v1.12.3
    Checking criterion v0.5.1
    Finished `dev` profile [unoptimized + debuginfo] target(s) in 5.31s
