2026-06-07T23:41:49-04:00
worker=yto
commit=7839ca1b3a40f522a99db2d8b2585ec7389f5535
command=RCH_REQUIRE_REMOTE=1 RCH_WORKERS=yto rch exec -- cargo bench -p ft-api --bench ops_bench -- recurrent_forward --warm-up-time 1 --measurement-time 5 --sample-size 20
  [2m2026-06-08T03:41:55.846820Z[0m [32m INFO[0m [1;32mrch::hook[0m[32m: [32mSelected worker: fmd at ubuntu@51.222.245.56 (8 slots remaining after reservation, speed 50.0)[0m
    [2;3mat[0m rch/src/hook.rs:514 [2;3mon[0m ThreadId(1)

  [2m2026-06-08T03:41:56.143629Z[0m [32m INFO[0m [1;32mrch::hook[0m[32m: [32mStarting remote compilation pipeline for frankentorch (hash: bba9eaaa55aaf1bf)[0m
    [2;3mat[0m rch/src/hook.rs:5987 [2;3mon[0m ThreadId(1)

  [2m2026-06-08T03:41:56.143678Z[0m [32m INFO[0m [1;32mrch::hook[0m[32m: [32mPrepared dependency sync manifest for 13 roots[0m
    [2;3mat[0m rch/src/hook.rs:6009 [2;3mon[0m ThreadId(1)

  [2m2026-06-08T03:41:56.865908Z[0m [32m INFO[0m [1;32mrch::hook[0m[32m: [32mSyncing project to worker fmd...[0m
    [2;3mat[0m rch/src/hook.rs:6039 [2;3mon[0m ThreadId(1)

  [2m2026-06-08T03:41:56.865961Z[0m [32m INFO[0m [1;32mrch::transfer[0m[32m: [32mSyncing /data/projects/frankentorch -> /data/projects/frankentorch on fmd[0m
    [2;3mat[0m rch/src/transfer.rs:1400 [2;3mon[0m ThreadId(1)

  [2m2026-06-08T03:41:59.016613Z[0m [32m INFO[0m [1;32mrch::transfer[0m[32m: [32mSync completed in 2150ms[0m
    [2;3mat[0m rch/src/transfer.rs:1469 [2;3mon[0m ThreadId(1)

  [2m2026-06-08T03:41:59.016684Z[0m [32m INFO[0m [1;32mrch::transfer[0m[32m: [32mSyncing /data/projects/frankentorch/crates/ft-api -> /data/projects/frankentorch/crates/ft-api on fmd[0m
    [2;3mat[0m rch/src/transfer.rs:1400 [2;3mon[0m ThreadId(1)

  [2m2026-06-08T03:41:59.533279Z[0m [32m INFO[0m [1;32mrch::transfer[0m[32m: [32mSync completed in 516ms[0m
    [2;3mat[0m rch/src/transfer.rs:1469 [2;3mon[0m ThreadId(1)

  [2m2026-06-08T03:41:59.533333Z[0m [32m INFO[0m [1;32mrch::transfer[0m[32m: [32mSyncing /data/projects/frankentorch/crates/ft-autograd -> /data/projects/frankentorch/crates/ft-autograd on fmd[0m
    [2;3mat[0m rch/src/transfer.rs:1400 [2;3mon[0m ThreadId(1)

  [2m2026-06-08T03:42:00.061523Z[0m [32m INFO[0m [1;32mrch::transfer[0m[32m: [32mSync completed in 528ms[0m
    [2;3mat[0m rch/src/transfer.rs:1469 [2;3mon[0m ThreadId(1)

  [2m2026-06-08T03:42:00.061647Z[0m [32m INFO[0m [1;32mrch::transfer[0m[32m: [32mSyncing /data/projects/frankentorch/crates/ft-conformance -> /data/projects/frankentorch/crates/ft-conformance on fmd[0m
    [2;3mat[0m rch/src/transfer.rs:1400 [2;3mon[0m ThreadId(1)

  [2m2026-06-08T03:42:00.565027Z[0m [32m INFO[0m [1;32mrch::transfer[0m[32m: [32mSync completed in 503ms[0m
    [2;3mat[0m rch/src/transfer.rs:1469 [2;3mon[0m ThreadId(1)

  [2m2026-06-08T03:42:00.565110Z[0m [32m INFO[0m [1;32mrch::transfer[0m[32m: [32mSyncing /data/projects/frankentorch/crates/ft-core -> /data/projects/frankentorch/crates/ft-core on fmd[0m
    [2;3mat[0m rch/src/transfer.rs:1400 [2;3mon[0m ThreadId(1)

  [2m2026-06-08T03:42:01.107367Z[0m [32m INFO[0m [1;32mrch::transfer[0m[32m: [32mSync completed in 542ms[0m
    [2;3mat[0m rch/src/transfer.rs:1469 [2;3mon[0m ThreadId(1)

  [2m2026-06-08T03:42:01.107436Z[0m [32m INFO[0m [1;32mrch::transfer[0m[32m: [32mSyncing /data/projects/frankentorch/crates/ft-data -> /data/projects/frankentorch/crates/ft-data on fmd[0m
    [2;3mat[0m rch/src/transfer.rs:1400 [2;3mon[0m ThreadId(1)

  [2m2026-06-08T03:42:01.566727Z[0m [32m INFO[0m [1;32mrch::transfer[0m[32m: [32mSync completed in 459ms[0m
    [2;3mat[0m rch/src/transfer.rs:1469 [2;3mon[0m ThreadId(1)

  [2m2026-06-08T03:42:01.566822Z[0m [32m INFO[0m [1;32mrch::transfer[0m[32m: [32mSyncing /data/projects/frankentorch/crates/ft-device -> /data/projects/frankentorch/crates/ft-device on fmd[0m
    [2;3mat[0m rch/src/transfer.rs:1400 [2;3mon[0m ThreadId(1)

  [2m2026-06-08T03:42:02.035588Z[0m [32m INFO[0m [1;32mrch::transfer[0m[32m: [32mSync completed in 468ms[0m
    [2;3mat[0m rch/src/transfer.rs:1469 [2;3mon[0m ThreadId(1)

  [2m2026-06-08T03:42:02.035655Z[0m [32m INFO[0m [1;32mrch::transfer[0m[32m: [32mSyncing /data/projects/frankentorch/crates/ft-dispatch -> /data/projects/frankentorch/crates/ft-dispatch on fmd[0m
    [2;3mat[0m rch/src/transfer.rs:1400 [2;3mon[0m ThreadId(1)

  [2m2026-06-08T03:42:02.650281Z[0m [32m INFO[0m [1;32mrch::transfer[0m[32m: [32mSync completed in 614ms[0m
    [2;3mat[0m rch/src/transfer.rs:1469 [2;3mon[0m ThreadId(1)

  [2m2026-06-08T03:42:02.650350Z[0m [32m INFO[0m [1;32mrch::transfer[0m[32m: [32mSyncing /data/projects/frankentorch/crates/ft-kernel-cpu -> /data/projects/frankentorch/crates/ft-kernel-cpu on fmd[0m
    [2;3mat[0m rch/src/transfer.rs:1400 [2;3mon[0m ThreadId(1)

  [2m2026-06-08T03:42:03.111716Z[0m [32m INFO[0m [1;32mrch::transfer[0m[32m: [32mSync completed in 461ms[0m
    [2;3mat[0m rch/src/transfer.rs:1469 [2;3mon[0m ThreadId(1)

  [2m2026-06-08T03:42:03.111793Z[0m [32m INFO[0m [1;32mrch::transfer[0m[32m: [32mSyncing /data/projects/frankentorch/crates/ft-nn -> /data/projects/frankentorch/crates/ft-nn on fmd[0m
    [2;3mat[0m rch/src/transfer.rs:1400 [2;3mon[0m ThreadId(1)

  [2m2026-06-08T03:42:03.569050Z[0m [32m INFO[0m [1;32mrch::transfer[0m[32m: [32mSync completed in 457ms[0m
    [2;3mat[0m rch/src/transfer.rs:1469 [2;3mon[0m ThreadId(1)

  [2m2026-06-08T03:42:03.569109Z[0m [32m INFO[0m [1;32mrch::transfer[0m[32m: [32mSyncing /data/projects/frankentorch/crates/ft-optim -> /data/projects/frankentorch/crates/ft-optim on fmd[0m
    [2;3mat[0m rch/src/transfer.rs:1400 [2;3mon[0m ThreadId(1)

  [2m2026-06-08T03:42:04.163858Z[0m [32m INFO[0m [1;32mrch::transfer[0m[32m: [32mSync completed in 594ms[0m
    [2;3mat[0m rch/src/transfer.rs:1469 [2;3mon[0m ThreadId(1)

  [2m2026-06-08T03:42:04.163919Z[0m [32m INFO[0m [1;32mrch::transfer[0m[32m: [32mSyncing /data/projects/frankentorch/crates/ft-runtime -> /data/projects/frankentorch/crates/ft-runtime on fmd[0m
    [2;3mat[0m rch/src/transfer.rs:1400 [2;3mon[0m ThreadId(1)

  [2m2026-06-08T03:42:04.669126Z[0m [32m INFO[0m [1;32mrch::transfer[0m[32m: [32mSync completed in 505ms[0m
    [2;3mat[0m rch/src/transfer.rs:1469 [2;3mon[0m ThreadId(1)

  [2m2026-06-08T03:42:04.669187Z[0m [32m INFO[0m [1;32mrch::transfer[0m[32m: [32mSyncing /data/projects/frankentorch/crates/ft-serialize -> /data/projects/frankentorch/crates/ft-serialize on fmd[0m
    [2;3mat[0m rch/src/transfer.rs:1400 [2;3mon[0m ThreadId(1)

  [2m2026-06-08T03:42:05.181811Z[0m [32m INFO[0m [1;32mrch::transfer[0m[32m: [32mSync completed in 512ms[0m
    [2;3mat[0m rch/src/transfer.rs:1469 [2;3mon[0m ThreadId(1)

  [2m2026-06-08T03:42:05.181847Z[0m [32m INFO[0m [1;32mrch::hook[0m[32m: [32mSync complete: 50900 files, 1828393 bytes in 8309ms[0m
    [2;3mat[0m rch/src/hook.rs:6202 [2;3mon[0m ThreadId(1)

  [2m2026-06-08T03:42:06.591594Z[0m [32m INFO[0m [1;32mrch::hook[0m[32m: [32mExecuting command remotely: cargo bench -p ft-api --bench ops_bench -- recurrent_forward --warm-up-time 1 --measurement-time 5 --sample-size 20[0m
    [2;3mat[0m rch/src/hook.rs:6240 [2;3mon[0m ThreadId(1)

  [2m2026-06-08T03:42:06.591634Z[0m [32m INFO[0m [1;32mrch::transfer[0m[32m: [32mRewriting CARGO_TARGET_DIR for remote execution (worker-scoped path): /data/tmp/cargo-target -> /data/projects/frankentorch/.rch-target-fmd-job-29872254800117655-1780890116865901312-0[0m
    [2;3mat[0m rch/src/transfer.rs:712 [2;3mon[0m ThreadId(1)

    Updating crates.io index
 Downloading crates ...
  Downloaded anstyle v1.0.14
  Downloaded anes v0.1.6
  Downloaded autocfg v1.5.0
  Downloaded bytemuck v1.25.0
  Downloaded aho-corasick v1.1.4
  Downloaded clap_lex v1.1.0
  Downloaded is-terminal v0.4.17
  Downloaded cast v0.3.0
  Downloaded cfg-if v1.0.4
  Downloaded ciborium-io v0.2.2
  Downloaded ciborium-ll v0.2.2
  Downloaded crossbeam-deque v0.8.6
  Downloaded bytemuck_derive v1.10.2
  Downloaded criterion-plot v0.5.0
  Downloaded crossbeam-epoch v0.9.18
  Downloaded crossbeam-utils v0.8.21
  Downloaded ciborium v0.2.2
  Downloaded half v2.7.1
  Downloaded plotters-svg v0.3.7
  Downloaded itoa v1.0.18
  Downloaded zmij v1.0.21
  Downloaded either v1.15.0
  Downloaded criterion v0.5.1
  Downloaded itertools v0.10.5
  Downloaded clap v4.6.1
  Downloaded clap_builder v4.6.0
  Downloaded walkdir v2.5.0
  Downloaded rawpointer v0.2.1
  Downloaded wide v0.7.33
  Downloaded oorandom v11.1.5
  Downloaded num-complex v0.4.6
  Downloaded rayon-core v1.13.0
  Downloaded plotters-backend v0.3.7
  Downloaded tinytemplate v1.2.1
  Downloaded same-file v1.0.6
  Downloaded libm v0.2.16
  Downloaded serde_core v1.0.228
  Downloaded rayon v1.12.0
  Downloaded zerocopy v0.8.48
  Downloaded zerocopy-derive v0.8.48
  Downloaded serde_derive v1.0.228
  Downloaded proc-macro2 v1.0.106
  Downloaded matrixmultiply v0.3.10
  Downloaded quote v1.0.45
  Downloaded once_cell v1.21.4
  Downloaded num-traits v0.2.19
  Downloaded unicode-ident v1.0.24
  Downloaded safe_arch v0.7.4
  Downloaded memchr v2.8.0
  Downloaded serde v1.0.228
  Downloaded regex v1.12.3
  Downloaded plotters v0.3.7
  Downloaded serde_json v1.0.149
  Downloaded syn v2.0.117
  Downloaded regex-syntax v0.8.10
  Downloaded regex-automata v0.4.14
  Downloaded libc v0.2.185
   Compiling proc-macro2 v1.0.106
   Compiling unicode-ident v1.0.24
   Compiling quote v1.0.45
   Compiling autocfg v1.5.0
   Compiling zerocopy v0.8.48
   Compiling crossbeam-utils v0.8.21
   Compiling cfg-if v1.0.4
   Compiling rayon-core v1.13.0
   Compiling either v1.15.0
   Compiling serde_core v1.0.228
   Compiling libm v0.2.16
   Compiling zmij v1.0.21
   Compiling rawpointer v0.2.1
   Compiling serde v1.0.228
   Compiling libc v0.2.185
   Compiling serde_json v1.0.149
   Compiling memchr v2.8.0
   Compiling regex-syntax v0.8.10
   Compiling anstyle v1.0.14
   Compiling clap_lex v1.1.0
   Compiling itoa v1.0.18
   Compiling ciborium-io v0.2.2
   Compiling plotters-backend v0.3.7
   Compiling itertools v0.10.5
   Compiling cast v0.3.0
   Compiling clap_builder v4.6.0
   Compiling same-file v1.0.6
   Compiling num-traits v0.2.19
   Compiling matrixmultiply v0.3.10
   Compiling walkdir v2.5.0
   Compiling plotters-svg v0.3.7
   Compiling once_cell v1.21.4
   Compiling oorandom v11.1.5
   Compiling anes v0.1.6
   Compiling crossbeam-epoch v0.9.18
   Compiling syn v2.0.117
   Compiling crossbeam-deque v0.8.6
   Compiling regex-automata v0.4.14
   Compiling is-terminal v0.4.17
   Compiling num-complex v0.4.6
   Compiling plotters v0.3.7
   Compiling criterion-plot v0.5.0
   Compiling rayon v1.12.0
   Compiling clap v4.6.1
   Compiling regex v1.12.3
   Compiling bytemuck_derive v1.10.2
   Compiling zerocopy-derive v0.8.48
   Compiling serde_derive v1.0.228
   Compiling bytemuck v1.25.0
   Compiling safe_arch v0.7.4
   Compiling wide v0.7.33
   Compiling tinytemplate v1.2.1
   Compiling half v2.7.1
   Compiling ft-core v0.1.0 (/data/projects/frankentorch/crates/ft-core)
   Compiling ciborium-ll v0.2.2
   Compiling ciborium v0.2.2
   Compiling ft-kernel-cpu v0.1.0 (/data/projects/frankentorch/crates/ft-kernel-cpu)
   Compiling ft-runtime v0.1.0 (/data/projects/frankentorch/crates/ft-runtime)
   Compiling criterion v0.5.1
   Compiling ft-dispatch v0.1.0 (/data/projects/frankentorch/crates/ft-dispatch)
   Compiling ft-autograd v0.1.0 (/data/projects/frankentorch/crates/ft-autograd)
   Compiling ft-api v0.1.0 (/data/projects/frankentorch/crates/ft-api)
    Finished `bench` profile [optimized + debuginfo] target(s) in 46.00s
     Running benches/ops_bench.rs (.rch-target-fmd-job-29872254800117655-1780890116865901312-0/release/deps/ops_bench-6f37ca444b0d1057)
Gnuplot not found, using plotters backend
Benchmarking recurrent_forward/lstm_seq64_batch1_128x128
Benchmarking recurrent_forward/lstm_seq64_batch1_128x128: Warming up for 1.0000 s
Benchmarking recurrent_forward/lstm_seq64_batch1_128x128: Collecting 20 samples in estimated 5.7683 s (1260 iterations)
Benchmarking recurrent_forward/lstm_seq64_batch1_128x128: Analyzing
recurrent_forward/lstm_seq64_batch1_128x128
                        time:   [3.1318 ms 3.1465 ms 3.1687 ms]
Found 3 outliers among 20 measurements (15.00%)
  2 (10.00%) high mild
  1 (5.00%) high severe
Benchmarking recurrent_forward/gru_seq64_batch1_128x128
Benchmarking recurrent_forward/gru_seq64_batch1_128x128: Warming up for 1.0000 s
Benchmarking recurrent_forward/gru_seq64_batch1_128x128: Collecting 20 samples in estimated 5.0456 s (1470 iterations)
Benchmarking recurrent_forward/gru_seq64_batch1_128x128: Analyzing
recurrent_forward/gru_seq64_batch1_128x128
                        time:   [2.2676 ms 2.2762 ms 2.2891 ms]
Found 2 outliers among 20 measurements (10.00%)
  1 (5.00%) high mild
  1 (5.00%) high severe
Benchmarking recurrent_forward/rnn_tanh_seq64_batch1_128x128
Benchmarking recurrent_forward/rnn_tanh_seq64_batch1_128x128: Warming up for 1.0000 s
Benchmarking recurrent_forward/rnn_tanh_seq64_batch1_128x128: Collecting 20 samples in estimated 5.0802 s (4620 iterations)
Benchmarking recurrent_forward/rnn_tanh_seq64_batch1_128x128: Analyzing
recurrent_forward/rnn_tanh_seq64_batch1_128x128
                        time:   [698.69 µs 702.13 µs 705.77 µs]
Found 2 outliers among 20 measurements (10.00%)
  2 (10.00%) high mild

  [2m2026-06-08T03:43:14.001499Z[0m [32m INFO[0m [1;32mrch::hook[0m[32m: [32mRemote command finished: exit=0 in 67409ms[0m
    [2;3mat[0m rch/src/hook.rs:6364 [2;3mon[0m ThreadId(1)

  [2m2026-06-08T03:43:14.001887Z[0m [32m INFO[0m [1;32mrch::hook[0m[32m: [32mRetrieving build artifacts...[0m
    [2;3mat[0m rch/src/hook.rs:6413 [2;3mon[0m ThreadId(1)

  [2m2026-06-08T03:43:14.001905Z[0m [32m INFO[0m [1;32mrch::transfer[0m[32m: [32mRetrieving artifacts from /data/projects/frankentorch on fmd[0m
    [2;3mat[0m rch/src/transfer.rs:2072 [2;3mon[0m ThreadId(1)

  [2m2026-06-08T03:43:14.447290Z[0m [32m INFO[0m [1;32mrch::transfer[0m[32m: [32mArtifacts retrieved in 445ms (1 files, 3319 bytes)[0m
    [2;3mat[0m rch/src/transfer.rs:2111 [2;3mon[0m ThreadId(1)

  [2m2026-06-08T03:43:14.447316Z[0m [32m INFO[0m [1;32mrch::hook[0m[32m: [32mArtifacts retrieved: 1 files, 3319 bytes in 445ms[0m
    [2;3mat[0m rch/src/hook.rs:6446 [2;3mon[0m ThreadId(1)

  [2m2026-06-08T03:43:14.447398Z[0m [32m INFO[0m [1;32mrch::transfer[0m[32m: [32mRetrieving artifacts from /data/projects/frankentorch/.rch-target-fmd-job-29872254800117655-1780890116865901312-0 on fmd[0m
    [2;3mat[0m rch/src/transfer.rs:2072 [2;3mon[0m ThreadId(1)

  [2m2026-06-08T03:43:14.918703Z[0m [32m INFO[0m [1;32mrch::transfer[0m[32m: [32mArtifacts retrieved in 471ms (77 files, 5306 bytes)[0m
    [2;3mat[0m rch/src/transfer.rs:2111 [2;3mon[0m ThreadId(1)

  [2m2026-06-08T03:43:14.918726Z[0m [32m INFO[0m [1;32mrch::hook[0m[32m: [32mCustom CARGO_TARGET_DIR artifacts retrieved: 77 files, 5306 bytes in 471ms[0m
    [2;3mat[0m rch/src/hook.rs:6570 [2;3mon[0m ThreadId(1)

[RCH] remote fmd (79.1s)
