  [2m2026-06-19T18:12:06.071964Z[0m [32m INFO[0m [1;32mrch::hook[0m[32m: [32mSelected worker: vmi1227854 at root@109.123.245.77 (4 slots remaining after reservation, speed 50.0)[0m
    [2;3mat[0m rch/src/hook.rs:866 [2;3mon[0m ThreadId(1)

  [2m2026-06-19T18:12:06.315406Z[0m [32m INFO[0m [1;32mrch::hook::transfer_orchestration[0m[32m: [32mStarting remote compilation pipeline for frankentorch (hash: dbca29276fa80333)[0m
    [2;3mat[0m rch/src/hook/transfer_orchestration.rs:241 [2;3mon[0m ThreadId(1)

  [2m2026-06-19T18:12:06.315453Z[0m [32m INFO[0m [1;32mrch::hook::transfer_orchestration[0m[32m: [32mPrepared dependency sync manifest for 13 roots[0m
    [2;3mat[0m rch/src/hook/transfer_orchestration.rs:263 [2;3mon[0m ThreadId(1)

  [2m2026-06-19T18:12:07.876912Z[0m [32m INFO[0m [1;32mrch::hook::transfer_orchestration[0m[32m: [32mSyncing project to worker vmi1227854...[0m
    [2;3mat[0m rch/src/hook/transfer_orchestration.rs:323 [2;3mon[0m ThreadId(1)

  [2m2026-06-19T18:12:07.876976Z[0m [32m INFO[0m [1;32mrch::transfer[0m[32m: [32mSyncing /data/projects/frankentorch -> /data/projects/frankentorch on vmi1227854[0m
    [2;3mat[0m rch/src/transfer.rs:1528 [2;3mon[0m ThreadId(1)

  [2m2026-06-19T18:12:15.944417Z[0m [32m INFO[0m [1;32mrch::transfer[0m[32m: [32mSync completed in 8067ms[0m
    [2;3mat[0m rch/src/transfer.rs:1592 [2;3mon[0m ThreadId(1)

  [2m2026-06-19T18:12:15.944501Z[0m [32m INFO[0m [1;32mrch::transfer[0m[32m: [32mSyncing /data/projects/frankentorch/crates/ft-api -> /data/projects/frankentorch/crates/ft-api on vmi1227854[0m
    [2;3mat[0m rch/src/transfer.rs:1528 [2;3mon[0m ThreadId(1)

  [2m2026-06-19T18:12:17.803095Z[0m [32m INFO[0m [1;32mrch::transfer[0m[32m: [32mSync completed in 1858ms[0m
    [2;3mat[0m rch/src/transfer.rs:1592 [2;3mon[0m ThreadId(1)

  [2m2026-06-19T18:12:17.803165Z[0m [32m INFO[0m [1;32mrch::transfer[0m[32m: [32mSyncing /data/projects/frankentorch/crates/ft-autograd -> /data/projects/frankentorch/crates/ft-autograd on vmi1227854[0m
    [2;3mat[0m rch/src/transfer.rs:1528 [2;3mon[0m ThreadId(1)

  [2m2026-06-19T18:12:19.595673Z[0m [32m INFO[0m [1;32mrch::transfer[0m[32m: [32mSync completed in 1792ms[0m
    [2;3mat[0m rch/src/transfer.rs:1592 [2;3mon[0m ThreadId(1)

  [2m2026-06-19T18:12:19.595758Z[0m [32m INFO[0m [1;32mrch::transfer[0m[32m: [32mSyncing /data/projects/frankentorch/crates/ft-conformance -> /data/projects/frankentorch/crates/ft-conformance on vmi1227854[0m
    [2;3mat[0m rch/src/transfer.rs:1528 [2;3mon[0m ThreadId(1)

  [2m2026-06-19T18:12:21.450406Z[0m [32m INFO[0m [1;32mrch::transfer[0m[32m: [32mSync completed in 1854ms[0m
    [2;3mat[0m rch/src/transfer.rs:1592 [2;3mon[0m ThreadId(1)

  [2m2026-06-19T18:12:21.450483Z[0m [32m INFO[0m [1;32mrch::transfer[0m[32m: [32mSyncing /data/projects/frankentorch/crates/ft-core -> /data/projects/frankentorch/crates/ft-core on vmi1227854[0m
    [2;3mat[0m rch/src/transfer.rs:1528 [2;3mon[0m ThreadId(1)

  [2m2026-06-19T18:12:23.292036Z[0m [32m INFO[0m [1;32mrch::transfer[0m[32m: [32mSync completed in 1841ms[0m
    [2;3mat[0m rch/src/transfer.rs:1592 [2;3mon[0m ThreadId(1)

  [2m2026-06-19T18:12:23.292135Z[0m [32m INFO[0m [1;32mrch::transfer[0m[32m: [32mSyncing /data/projects/frankentorch/crates/ft-data -> /data/projects/frankentorch/crates/ft-data on vmi1227854[0m
    [2;3mat[0m rch/src/transfer.rs:1528 [2;3mon[0m ThreadId(1)

  [2m2026-06-19T18:12:25.173163Z[0m [32m INFO[0m [1;32mrch::transfer[0m[32m: [32mSync completed in 1881ms[0m
    [2;3mat[0m rch/src/transfer.rs:1592 [2;3mon[0m ThreadId(1)

  [2m2026-06-19T18:12:25.173244Z[0m [32m INFO[0m [1;32mrch::transfer[0m[32m: [32mSyncing /data/projects/frankentorch/crates/ft-device -> /data/projects/frankentorch/crates/ft-device on vmi1227854[0m
    [2;3mat[0m rch/src/transfer.rs:1528 [2;3mon[0m ThreadId(1)

  [2m2026-06-19T18:12:27.007459Z[0m [32m INFO[0m [1;32mrch::transfer[0m[32m: [32mSync completed in 1834ms[0m
    [2;3mat[0m rch/src/transfer.rs:1592 [2;3mon[0m ThreadId(1)

  [2m2026-06-19T18:12:27.007565Z[0m [32m INFO[0m [1;32mrch::transfer[0m[32m: [32mSyncing /data/projects/frankentorch/crates/ft-dispatch -> /data/projects/frankentorch/crates/ft-dispatch on vmi1227854[0m
    [2;3mat[0m rch/src/transfer.rs:1528 [2;3mon[0m ThreadId(1)

  [2m2026-06-19T18:12:28.883874Z[0m [32m INFO[0m [1;32mrch::transfer[0m[32m: [32mSync completed in 1876ms[0m
    [2;3mat[0m rch/src/transfer.rs:1592 [2;3mon[0m ThreadId(1)

  [2m2026-06-19T18:12:28.883975Z[0m [32m INFO[0m [1;32mrch::transfer[0m[32m: [32mSyncing /data/projects/frankentorch/crates/ft-kernel-cpu -> /data/projects/frankentorch/crates/ft-kernel-cpu on vmi1227854[0m
    [2;3mat[0m rch/src/transfer.rs:1528 [2;3mon[0m ThreadId(1)

  [2m2026-06-19T18:12:30.745150Z[0m [32m INFO[0m [1;32mrch::transfer[0m[32m: [32mSync completed in 1861ms[0m
    [2;3mat[0m rch/src/transfer.rs:1592 [2;3mon[0m ThreadId(1)

  [2m2026-06-19T18:12:30.745230Z[0m [32m INFO[0m [1;32mrch::transfer[0m[32m: [32mSyncing /data/projects/frankentorch/crates/ft-nn -> /data/projects/frankentorch/crates/ft-nn on vmi1227854[0m
    [2;3mat[0m rch/src/transfer.rs:1528 [2;3mon[0m ThreadId(1)

  [2m2026-06-19T18:12:32.528275Z[0m [32m INFO[0m [1;32mrch::transfer[0m[32m: [32mSync completed in 1783ms[0m
    [2;3mat[0m rch/src/transfer.rs:1592 [2;3mon[0m ThreadId(1)

  [2m2026-06-19T18:12:32.528353Z[0m [32m INFO[0m [1;32mrch::transfer[0m[32m: [32mSyncing /data/projects/frankentorch/crates/ft-optim -> /data/projects/frankentorch/crates/ft-optim on vmi1227854[0m
    [2;3mat[0m rch/src/transfer.rs:1528 [2;3mon[0m ThreadId(1)

  [2m2026-06-19T18:12:34.373720Z[0m [32m INFO[0m [1;32mrch::transfer[0m[32m: [32mSync completed in 1845ms[0m
    [2;3mat[0m rch/src/transfer.rs:1592 [2;3mon[0m ThreadId(1)

  [2m2026-06-19T18:12:34.373792Z[0m [32m INFO[0m [1;32mrch::transfer[0m[32m: [32mSyncing /data/projects/frankentorch/crates/ft-runtime -> /data/projects/frankentorch/crates/ft-runtime on vmi1227854[0m
    [2;3mat[0m rch/src/transfer.rs:1528 [2;3mon[0m ThreadId(1)

  [2m2026-06-19T18:12:36.169031Z[0m [32m INFO[0m [1;32mrch::transfer[0m[32m: [32mSync completed in 1795ms[0m
    [2;3mat[0m rch/src/transfer.rs:1592 [2;3mon[0m ThreadId(1)

  [2m2026-06-19T18:12:36.169110Z[0m [32m INFO[0m [1;32mrch::transfer[0m[32m: [32mSyncing /data/projects/frankentorch/crates/ft-serialize -> /data/projects/frankentorch/crates/ft-serialize on vmi1227854[0m
    [2;3mat[0m rch/src/transfer.rs:1528 [2;3mon[0m ThreadId(1)

  [2m2026-06-19T18:12:38.043962Z[0m [32m INFO[0m [1;32mrch::transfer[0m[32m: [32mSync completed in 1874ms[0m
    [2;3mat[0m rch/src/transfer.rs:1592 [2;3mon[0m ThreadId(1)

  [2m2026-06-19T18:12:38.044012Z[0m [32m INFO[0m [1;32mrch::hook::transfer_orchestration[0m[32m: [32mSync complete: 53261 files, 1920142 bytes in 30161ms[0m
    [2;3mat[0m rch/src/hook/transfer_orchestration.rs:486 [2;3mon[0m ThreadId(1)

  [2m2026-06-19T18:12:44.919364Z[0m [32m INFO[0m [1;32mrch::hook::transfer_orchestration[0m[32m: [32mExecuting command remotely: cargo bench -p ft-api --bench ops_bench -- smooth_l1/grad_8m --noplot[0m
    [2;3mat[0m rch/src/hook/transfer_orchestration.rs:529 [2;3mon[0m ThreadId(1)

  [2m2026-06-19T18:12:44.919437Z[0m [32m INFO[0m [1;32mrch::transfer[0m[32m: [32mRewriting CARGO_TARGET_DIR for remote execution (worker-scoped path): /data/projects/.rch-targets/frankentorch-cod-a -> /data/projects/frankentorch/.rch-target-vmi1227854-pool-a7b1c8c357b0059b1f61676dcab2f583[0m
    [2;3mat[0m rch/src/transfer.rs:799 [2;3mon[0m ThreadId(1)

    Updating crates.io index
 Downloading crates ...
  Downloaded anes v0.1.6
  Downloaded anstyle v1.0.14
  Downloaded bytemuck_derive v1.10.2
  Downloaded aho-corasick v1.1.4
  Downloaded autocfg v1.5.0
  Downloaded bytemuck v1.25.0
  Downloaded crossbeam-deque v0.8.6
  Downloaded half v2.7.1
  Downloaded ciborium-ll v0.2.2
  Downloaded matrixmultiply v0.3.10
  Downloaded criterion v0.5.1
  Downloaded clap v4.6.1
  Downloaded proc-macro2 v1.0.106
  Downloaded itoa v1.0.18
  Downloaded is-terminal v0.4.17
  Downloaded zmij v1.0.21
  Downloaded serde_core v1.0.228
  Downloaded once_cell v1.21.4
  Downloaded num-traits v0.2.19
  Downloaded plotters-backend v0.3.7
  Downloaded ciborium v0.2.2
  Downloaded plotters-svg v0.3.7
  Downloaded ciborium-io v0.2.2
  Downloaded serde_derive v1.0.228
  Downloaded clap_lex v1.1.0
  Downloaded zerocopy-derive v0.8.48
  Downloaded quote v1.0.45
  Downloaded rayon-core v1.13.0
  Downloaded memchr v2.8.0
  Downloaded oorandom v11.1.5
  Downloaded crossbeam-epoch v0.9.18
  Downloaded itertools v0.10.5
  Downloaded num-complex v0.4.6
  Downloaded criterion-plot v0.5.0
  Downloaded cfg-if v1.0.4
  Downloaded rawpointer v0.2.1
  Downloaded tinytemplate v1.2.1
  Downloaded same-file v1.0.6
  Downloaded unicode-ident v1.0.24
  Downloaded walkdir v2.5.0
  Downloaded crossbeam-utils v0.8.21
  Downloaded regex v1.12.3
  Downloaded cast v0.3.0
  Downloaded either v1.15.0
  Downloaded serde v1.0.228
  Downloaded wide v0.7.33
  Downloaded safe_arch v0.7.4
  Downloaded clap_builder v4.6.0
  Downloaded zerocopy v0.8.48
  Downloaded plotters v0.3.7
  Downloaded rayon v1.12.0
  Downloaded regex-automata v0.4.14
  Downloaded libm v0.2.16
  Downloaded serde_json v1.0.149
  Downloaded syn v2.0.117
  Downloaded regex-syntax v0.8.10
  Downloaded libc v0.2.185
   Compiling proc-macro2 v1.0.106
   Compiling unicode-ident v1.0.24
   Compiling quote v1.0.45
   Compiling autocfg v1.5.0
   Compiling zerocopy v0.8.48
   Compiling crossbeam-utils v0.8.21
   Compiling cfg-if v1.0.4
   Compiling either v1.15.0
   Compiling rayon-core v1.13.0
   Compiling serde_core v1.0.228
   Compiling libm v0.2.16
   Compiling serde v1.0.228
   Compiling zmij v1.0.21
   Compiling rawpointer v0.2.1
   Compiling libc v0.2.185
   Compiling serde_json v1.0.149
   Compiling clap_lex v1.1.0
   Compiling plotters-backend v0.3.7
   Compiling num-traits v0.2.19
   Compiling matrixmultiply v0.3.10
   Compiling memchr v2.8.0
   Compiling crossbeam-epoch v0.9.18
   Compiling ciborium-io v0.2.2
   Compiling anstyle v1.0.14
   Compiling regex-syntax v0.8.10
   Compiling crossbeam-deque v0.8.6
   Compiling syn v2.0.117
   Compiling itoa v1.0.18
   Compiling clap_builder v4.6.0
   Compiling num-complex v0.4.6
   Compiling rayon v1.12.0
   Compiling plotters-svg v0.3.7
   Compiling regex-automata v0.4.14
   Compiling itertools v0.10.5
   Compiling same-file v1.0.6
   Compiling cast v0.3.0
   Compiling walkdir v2.5.0
   Compiling is-terminal v0.4.17
   Compiling clap v4.6.1
   Compiling plotters v0.3.7
   Compiling once_cell v1.21.4
   Compiling oorandom v11.1.5
   Compiling anes v0.1.6
   Compiling criterion-plot v0.5.0
   Compiling regex v1.12.3
   Compiling bytemuck_derive v1.10.2
   Compiling zerocopy-derive v0.8.48
   Compiling serde_derive v1.0.228
   Compiling bytemuck v1.25.0
   Compiling safe_arch v0.7.4
   Compiling wide v0.7.33
   Compiling tinytemplate v1.2.1
   Compiling half v2.7.1
   Compiling ft-core v0.1.0 (/data/projects/frankentorch/crates/ft-core)
   Compiling ciborium-ll v0.2.2
   Compiling ciborium v0.2.2
   Compiling ft-kernel-cpu v0.1.0 (/data/projects/frankentorch/crates/ft-kernel-cpu)
   Compiling ft-runtime v0.1.0 (/data/projects/frankentorch/crates/ft-runtime)
   Compiling criterion v0.5.1
   Compiling ft-dispatch v0.1.0 (/data/projects/frankentorch/crates/ft-dispatch)
   Compiling ft-autograd v0.1.0 (/data/projects/frankentorch/crates/ft-autograd)
   Compiling ft-api v0.1.0 (/data/projects/frankentorch/crates/ft-api)
    Finished `bench` profile [optimized + debuginfo] target(s) in 1m 45s
     Running benches/ops_bench.rs (.rch-target-vmi1227854-pool-a7b1c8c357b0059b1f61676dcab2f583/release/deps/ops_bench-8824b9e24f0b8087)
Gnuplot not found, using plotters backend
Benchmarking smooth_l1/grad_8m
Benchmarking smooth_l1/grad_8m: Warming up for 3.0000 s

Warning: Unable to complete 100 samples in 5.0s. You may wish to increase target time to 58.1s, or reduce sample count to 10.
Benchmarking smooth_l1/grad_8m: Collecting 100 samples in estimated 58.141 s (100 iterations)
Benchmarking smooth_l1/grad_8m: Analyzing
smooth_l1/grad_8m       time:   [512.96 ms 517.82 ms 522.72 ms]
Found 1 outliers among 100 measurements (1.00%)
  1 (1.00%) high mild

  [2m2026-06-19T18:15:27.552302Z[0m [32m INFO[0m [1;32mrch::hook::transfer_orchestration[0m[32m: [32mRemote command finished: exit=0 in 162632ms[0m
    [2;3mat[0m rch/src/hook/transfer_orchestration.rs:653 [2;3mon[0m ThreadId(1)

  [2m2026-06-19T18:15:27.552595Z[0m [32m INFO[0m [1;32mrch::hook::transfer_orchestration[0m[32m: [32mRetrieving build artifacts...[0m
    [2;3mat[0m rch/src/hook/transfer_orchestration.rs:702 [2;3mon[0m ThreadId(1)

  [2m2026-06-19T18:15:27.552630Z[0m [32m INFO[0m [1;32mrch::transfer[0m[32m: [32mRetrieving artifacts from /data/projects/frankentorch on vmi1227854[0m
    [2;3mat[0m rch/src/transfer.rs:2246 [2;3mon[0m ThreadId(1)

  [2m2026-06-19T18:15:29.561952Z[0m [32m INFO[0m [1;32mrch::transfer[0m[32m: [32mArtifacts retrieved in 2009ms (5 files, 1859 bytes)[0m
    [2;3mat[0m rch/src/transfer.rs:2301 [2;3mon[0m ThreadId(1)

  [2m2026-06-19T18:15:29.561982Z[0m [32m INFO[0m [1;32mrch::hook::transfer_orchestration[0m[32m: [32mArtifacts retrieved: 5 files, 1859 bytes in 2009ms[0m
    [2;3mat[0m rch/src/hook/transfer_orchestration.rs:735 [2;3mon[0m ThreadId(1)

  [2m2026-06-19T18:15:29.562080Z[0m [32m INFO[0m [1;32mrch::transfer[0m[32m: [32mRetrieving artifacts from /data/projects/frankentorch/.rch-target-vmi1227854-pool-a7b1c8c357b0059b1f61676dcab2f583 on vmi1227854[0m
    [2;3mat[0m rch/src/transfer.rs:2246 [2;3mon[0m ThreadId(1)

  [2m2026-06-19T18:15:31.506520Z[0m [32m INFO[0m [1;32mrch::transfer[0m[32m: [32mArtifacts retrieved in 1944ms (14 files, 638 bytes)[0m
    [2;3mat[0m rch/src/transfer.rs:2301 [2;3mon[0m ThreadId(1)

  [2m2026-06-19T18:15:31.506552Z[0m [32m INFO[0m [1;32mrch::hook::transfer_orchestration[0m[32m: [32mCustom CARGO_TARGET_DIR artifacts retrieved: 14 files, 638 bytes in 1944ms[0m
    [2;3mat[0m rch/src/hook/transfer_orchestration.rs:859 [2;3mon[0m ThreadId(1)

[RCH] remote vmi1227854 (205.4s)
