  [2m2026-06-19T18:24:34.149632Z[0m [32m INFO[0m [1;32mrch::hook[0m[32m: [32mSelected worker: vmi1227854 at root@109.123.245.77 (4 slots remaining after reservation, speed 50.0)[0m
    [2;3mat[0m rch/src/hook.rs:866 [2;3mon[0m ThreadId(1)

  [2m2026-06-19T18:24:34.397537Z[0m [32m INFO[0m [1;32mrch::hook::transfer_orchestration[0m[32m: [32mStarting remote compilation pipeline for frankentorch-cod-b-bold-verify-20260619T181934Z (hash: f2cbd9b2ab13583c)[0m
    [2;3mat[0m rch/src/hook/transfer_orchestration.rs:241 [2;3mon[0m ThreadId(1)

  [2m2026-06-19T18:24:34.397599Z[0m [32m INFO[0m [1;32mrch::hook::transfer_orchestration[0m[32m: [32mPrepared dependency sync manifest for 13 roots[0m
    [2;3mat[0m rch/src/hook/transfer_orchestration.rs:263 [2;3mon[0m ThreadId(1)

  [2m2026-06-19T18:24:35.983608Z[0m [32m INFO[0m [1;32mrch::hook::transfer_orchestration[0m[32m: [32mSyncing project to worker vmi1227854...[0m
    [2;3mat[0m rch/src/hook/transfer_orchestration.rs:323 [2;3mon[0m ThreadId(1)

  [2m2026-06-19T18:24:35.983662Z[0m [32m INFO[0m [1;32mrch::transfer[0m[32m: [32mSyncing /data/projects/.scratch/frankentorch-cod-b-bold-verify-20260619T181934Z -> /data/projects/.scratch/frankentorch-cod-b-bold-verify-20260619T181934Z on vmi1227854[0m
    [2;3mat[0m rch/src/transfer.rs:1528 [2;3mon[0m ThreadId(1)

  [2m2026-06-19T18:24:39.202635Z[0m [32m INFO[0m [1;32mrch::transfer[0m[32m: [32mSync completed in 3218ms[0m
    [2;3mat[0m rch/src/transfer.rs:1592 [2;3mon[0m ThreadId(1)

  [2m2026-06-19T18:24:39.202708Z[0m [32m INFO[0m [1;32mrch::transfer[0m[32m: [32mSyncing /data/projects/.scratch/frankentorch-cod-b-bold-verify-20260619T181934Z/crates/ft-api -> /data/projects/.scratch/frankentorch-cod-b-bold-verify-20260619T181934Z/crates/ft-api on vmi1227854[0m
    [2;3mat[0m rch/src/transfer.rs:1528 [2;3mon[0m ThreadId(1)

  [2m2026-06-19T18:24:41.068184Z[0m [32m INFO[0m [1;32mrch::transfer[0m[32m: [32mSync completed in 1865ms[0m
    [2;3mat[0m rch/src/transfer.rs:1592 [2;3mon[0m ThreadId(1)

  [2m2026-06-19T18:24:41.068252Z[0m [32m INFO[0m [1;32mrch::transfer[0m[32m: [32mSyncing /data/projects/.scratch/frankentorch-cod-b-bold-verify-20260619T181934Z/crates/ft-autograd -> /data/projects/.scratch/frankentorch-cod-b-bold-verify-20260619T181934Z/crates/ft-autograd on vmi1227854[0m
    [2;3mat[0m rch/src/transfer.rs:1528 [2;3mon[0m ThreadId(1)

  [2m2026-06-19T18:24:42.982658Z[0m [32m INFO[0m [1;32mrch::transfer[0m[32m: [32mSync completed in 1914ms[0m
    [2;3mat[0m rch/src/transfer.rs:1592 [2;3mon[0m ThreadId(1)

  [2m2026-06-19T18:24:42.982745Z[0m [32m INFO[0m [1;32mrch::transfer[0m[32m: [32mSyncing /data/projects/.scratch/frankentorch-cod-b-bold-verify-20260619T181934Z/crates/ft-conformance -> /data/projects/.scratch/frankentorch-cod-b-bold-verify-20260619T181934Z/crates/ft-conformance on vmi1227854[0m
    [2;3mat[0m rch/src/transfer.rs:1528 [2;3mon[0m ThreadId(1)

  [2m2026-06-19T18:24:44.842101Z[0m [32m INFO[0m [1;32mrch::transfer[0m[32m: [32mSync completed in 1859ms[0m
    [2;3mat[0m rch/src/transfer.rs:1592 [2;3mon[0m ThreadId(1)

  [2m2026-06-19T18:24:44.842173Z[0m [32m INFO[0m [1;32mrch::transfer[0m[32m: [32mSyncing /data/projects/.scratch/frankentorch-cod-b-bold-verify-20260619T181934Z/crates/ft-core -> /data/projects/.scratch/frankentorch-cod-b-bold-verify-20260619T181934Z/crates/ft-core on vmi1227854[0m
    [2;3mat[0m rch/src/transfer.rs:1528 [2;3mon[0m ThreadId(1)

  [2m2026-06-19T18:24:46.634129Z[0m [32m INFO[0m [1;32mrch::transfer[0m[32m: [32mSync completed in 1791ms[0m
    [2;3mat[0m rch/src/transfer.rs:1592 [2;3mon[0m ThreadId(1)

  [2m2026-06-19T18:24:46.634211Z[0m [32m INFO[0m [1;32mrch::transfer[0m[32m: [32mSyncing /data/projects/.scratch/frankentorch-cod-b-bold-verify-20260619T181934Z/crates/ft-data -> /data/projects/.scratch/frankentorch-cod-b-bold-verify-20260619T181934Z/crates/ft-data on vmi1227854[0m
    [2;3mat[0m rch/src/transfer.rs:1528 [2;3mon[0m ThreadId(1)

  [2m2026-06-19T18:24:48.434106Z[0m [32m INFO[0m [1;32mrch::transfer[0m[32m: [32mSync completed in 1799ms[0m
    [2;3mat[0m rch/src/transfer.rs:1592 [2;3mon[0m ThreadId(1)

  [2m2026-06-19T18:24:48.434194Z[0m [32m INFO[0m [1;32mrch::transfer[0m[32m: [32mSyncing /data/projects/.scratch/frankentorch-cod-b-bold-verify-20260619T181934Z/crates/ft-device -> /data/projects/.scratch/frankentorch-cod-b-bold-verify-20260619T181934Z/crates/ft-device on vmi1227854[0m
    [2;3mat[0m rch/src/transfer.rs:1528 [2;3mon[0m ThreadId(1)

  [2m2026-06-19T18:24:50.290032Z[0m [32m INFO[0m [1;32mrch::transfer[0m[32m: [32mSync completed in 1855ms[0m
    [2;3mat[0m rch/src/transfer.rs:1592 [2;3mon[0m ThreadId(1)

  [2m2026-06-19T18:24:50.290109Z[0m [32m INFO[0m [1;32mrch::transfer[0m[32m: [32mSyncing /data/projects/.scratch/frankentorch-cod-b-bold-verify-20260619T181934Z/crates/ft-dispatch -> /data/projects/.scratch/frankentorch-cod-b-bold-verify-20260619T181934Z/crates/ft-dispatch on vmi1227854[0m
    [2;3mat[0m rch/src/transfer.rs:1528 [2;3mon[0m ThreadId(1)

  [2m2026-06-19T18:24:52.188779Z[0m [32m INFO[0m [1;32mrch::transfer[0m[32m: [32mSync completed in 1898ms[0m
    [2;3mat[0m rch/src/transfer.rs:1592 [2;3mon[0m ThreadId(1)

  [2m2026-06-19T18:24:52.188853Z[0m [32m INFO[0m [1;32mrch::transfer[0m[32m: [32mSyncing /data/projects/.scratch/frankentorch-cod-b-bold-verify-20260619T181934Z/crates/ft-kernel-cpu -> /data/projects/.scratch/frankentorch-cod-b-bold-verify-20260619T181934Z/crates/ft-kernel-cpu on vmi1227854[0m
    [2;3mat[0m rch/src/transfer.rs:1528 [2;3mon[0m ThreadId(1)

  [2m2026-06-19T18:24:54.086585Z[0m [32m INFO[0m [1;32mrch::transfer[0m[32m: [32mSync completed in 1897ms[0m
    [2;3mat[0m rch/src/transfer.rs:1592 [2;3mon[0m ThreadId(1)

  [2m2026-06-19T18:24:54.086670Z[0m [32m INFO[0m [1;32mrch::transfer[0m[32m: [32mSyncing /data/projects/.scratch/frankentorch-cod-b-bold-verify-20260619T181934Z/crates/ft-nn -> /data/projects/.scratch/frankentorch-cod-b-bold-verify-20260619T181934Z/crates/ft-nn on vmi1227854[0m
    [2;3mat[0m rch/src/transfer.rs:1528 [2;3mon[0m ThreadId(1)

  [2m2026-06-19T18:24:55.937865Z[0m [32m INFO[0m [1;32mrch::transfer[0m[32m: [32mSync completed in 1851ms[0m
    [2;3mat[0m rch/src/transfer.rs:1592 [2;3mon[0m ThreadId(1)

  [2m2026-06-19T18:24:55.937988Z[0m [32m INFO[0m [1;32mrch::transfer[0m[32m: [32mSyncing /data/projects/.scratch/frankentorch-cod-b-bold-verify-20260619T181934Z/crates/ft-optim -> /data/projects/.scratch/frankentorch-cod-b-bold-verify-20260619T181934Z/crates/ft-optim on vmi1227854[0m
    [2;3mat[0m rch/src/transfer.rs:1528 [2;3mon[0m ThreadId(1)

  [2m2026-06-19T18:24:57.988154Z[0m [32m INFO[0m [1;32mrch::transfer[0m[32m: [32mSync completed in 2050ms[0m
    [2;3mat[0m rch/src/transfer.rs:1592 [2;3mon[0m ThreadId(1)

  [2m2026-06-19T18:24:57.988257Z[0m [32m INFO[0m [1;32mrch::transfer[0m[32m: [32mSyncing /data/projects/.scratch/frankentorch-cod-b-bold-verify-20260619T181934Z/crates/ft-runtime -> /data/projects/.scratch/frankentorch-cod-b-bold-verify-20260619T181934Z/crates/ft-runtime on vmi1227854[0m
    [2;3mat[0m rch/src/transfer.rs:1528 [2;3mon[0m ThreadId(1)

  [2m2026-06-19T18:24:59.845753Z[0m [32m INFO[0m [1;32mrch::transfer[0m[32m: [32mSync completed in 1857ms[0m
    [2;3mat[0m rch/src/transfer.rs:1592 [2;3mon[0m ThreadId(1)

  [2m2026-06-19T18:24:59.845853Z[0m [32m INFO[0m [1;32mrch::transfer[0m[32m: [32mSyncing /data/projects/.scratch/frankentorch-cod-b-bold-verify-20260619T181934Z/crates/ft-serialize -> /data/projects/.scratch/frankentorch-cod-b-bold-verify-20260619T181934Z/crates/ft-serialize on vmi1227854[0m
    [2;3mat[0m rch/src/transfer.rs:1528 [2;3mon[0m ThreadId(1)

  [2m2026-06-19T18:25:01.708028Z[0m [32m INFO[0m [1;32mrch::transfer[0m[32m: [32mSync completed in 1862ms[0m
    [2;3mat[0m rch/src/transfer.rs:1592 [2;3mon[0m ThreadId(1)

  [2m2026-06-19T18:25:01.708060Z[0m [32m INFO[0m [1;32mrch::hook::transfer_orchestration[0m[32m: [32mSync complete: 4031 files, 7511455 bytes in 25716ms[0m
    [2;3mat[0m rch/src/hook/transfer_orchestration.rs:486 [2;3mon[0m ThreadId(1)

  [2m2026-06-19T18:25:08.729660Z[0m [32m INFO[0m [1;32mrch::hook::transfer_orchestration[0m[32m: [32mExecuting command remotely: cargo bench -p ft-api --bench ops_bench -- sdpa/grad_16x512x64 --warm-up-time 1 --measurement-time 3 --sample-size 10 --noplot[0m
    [2;3mat[0m rch/src/hook/transfer_orchestration.rs:529 [2;3mon[0m ThreadId(1)

  [2m2026-06-19T18:25:08.729803Z[0m [32m INFO[0m [1;32mrch::transfer[0m[32m: [32mRewriting CARGO_TARGET_DIR for remote execution (worker-scoped path): /data/projects/.rch-targets/frankentorch-cod-b -> /data/projects/.scratch/frankentorch-cod-b-bold-verify-20260619T181934Z/.rch-target-vmi1227854-pool-caeb77b0cc5044d3782650c1719a15f0[0m
    [2;3mat[0m rch/src/transfer.rs:799 [2;3mon[0m ThreadId(1)

    Updating crates.io index
 Downloading crates ...
  Downloaded anes v0.1.6
  Downloaded anstyle v1.0.14
  Downloaded bytemuck v1.25.0
  Downloaded cast v0.3.0
  Downloaded cfg-if v1.0.4
  Downloaded bytemuck_derive v1.10.2
  Downloaded ciborium-io v0.2.2
  Downloaded autocfg v1.5.0
  Downloaded rawpointer v0.2.1
  Downloaded ciborium-ll v0.2.2
  Downloaded ciborium v0.2.2
  Downloaded criterion-plot v0.5.0
  Downloaded oorandom v11.1.5
  Downloaded clap_lex v1.1.0
  Downloaded itoa v1.0.18
  Downloaded same-file v1.0.6
  Downloaded plotters-backend v0.3.7
  Downloaded is-terminal v0.4.17
  Downloaded crossbeam-deque v0.8.6
  Downloaded either v1.15.0
  Downloaded walkdir v2.5.0
  Downloaded quote v1.0.45
  Downloaded num-complex v0.4.6
  Downloaded zmij v1.0.21
  Downloaded tinytemplate v1.2.1
  Downloaded crossbeam-epoch v0.9.18
  Downloaded half v2.7.1
  Downloaded crossbeam-utils v0.8.21
  Downloaded plotters-svg v0.3.7
  Downloaded serde_derive v1.0.228
  Downloaded matrixmultiply v0.3.10
  Downloaded clap v4.6.1
  Downloaded unicode-ident v1.0.24
  Downloaded num-traits v0.2.19
  Downloaded once_cell v1.21.4
  Downloaded proc-macro2 v1.0.106
  Downloaded memchr v2.8.0
  Downloaded safe_arch v0.7.4
  Downloaded serde_core v1.0.228
  Downloaded rayon-core v1.13.0
  Downloaded serde v1.0.228
  Downloaded itertools v0.10.5
  Downloaded criterion v0.5.1
  Downloaded wide v0.7.33
  Downloaded zerocopy-derive v0.8.48
  Downloaded aho-corasick v1.1.4
  Downloaded plotters v0.3.7
  Downloaded libm v0.2.16
  Downloaded regex v1.12.3
  Downloaded serde_json v1.0.149
  Downloaded rayon v1.12.0
  Downloaded clap_builder v4.6.0
  Downloaded zerocopy v0.8.48
  Downloaded syn v2.0.117
  Downloaded regex-syntax v0.8.10
  Downloaded regex-automata v0.4.14
  Downloaded libc v0.2.185
   Compiling proc-macro2 v1.0.106
   Compiling quote v1.0.45
   Compiling unicode-ident v1.0.24
   Compiling autocfg v1.5.0
   Compiling zerocopy v0.8.48
   Compiling crossbeam-utils v0.8.21
   Compiling cfg-if v1.0.4
   Compiling rayon-core v1.13.0
   Compiling either v1.15.0
   Compiling serde_core v1.0.228
   Compiling libm v0.2.16
   Compiling serde v1.0.228
   Compiling zmij v1.0.21
   Compiling rawpointer v0.2.1
   Compiling libc v0.2.185
   Compiling serde_json v1.0.149
   Compiling regex-syntax v0.8.10
   Compiling ciborium-io v0.2.2
   Compiling num-traits v0.2.19
   Compiling matrixmultiply v0.3.10
   Compiling memchr v2.8.0
   Compiling itoa v1.0.18
   Compiling crossbeam-epoch v0.9.18
   Compiling syn v2.0.117
   Compiling plotters-backend v0.3.7
   Compiling clap_lex v1.1.0
   Compiling crossbeam-deque v0.8.6
   Compiling num-complex v0.4.6
   Compiling anstyle v1.0.14
   Compiling plotters-svg v0.3.7
   Compiling clap_builder v4.6.0
   Compiling regex-automata v0.4.14
   Compiling itertools v0.10.5
   Compiling rayon v1.12.0
   Compiling same-file v1.0.6
   Compiling cast v0.3.0
   Compiling walkdir v2.5.0
   Compiling is-terminal v0.4.17
   Compiling plotters v0.3.7
   Compiling once_cell v1.21.4
   Compiling clap v4.6.1
   Compiling regex v1.12.3
   Compiling criterion-plot v0.5.0
   Compiling oorandom v11.1.5
   Compiling anes v0.1.6
   Compiling bytemuck_derive v1.10.2
   Compiling zerocopy-derive v0.8.48
   Compiling serde_derive v1.0.228
   Compiling bytemuck v1.25.0
   Compiling safe_arch v0.7.4
   Compiling wide v0.7.33
   Compiling tinytemplate v1.2.1
   Compiling half v2.7.1
   Compiling ft-core v0.1.0 (/data/projects/.scratch/frankentorch-cod-b-bold-verify-20260619T181934Z/crates/ft-core)
   Compiling ciborium-ll v0.2.2
   Compiling ciborium v0.2.2
   Compiling ft-kernel-cpu v0.1.0 (/data/projects/.scratch/frankentorch-cod-b-bold-verify-20260619T181934Z/crates/ft-kernel-cpu)
   Compiling ft-runtime v0.1.0 (/data/projects/.scratch/frankentorch-cod-b-bold-verify-20260619T181934Z/crates/ft-runtime)
   Compiling criterion v0.5.1
   Compiling ft-dispatch v0.1.0 (/data/projects/.scratch/frankentorch-cod-b-bold-verify-20260619T181934Z/crates/ft-dispatch)
   Compiling ft-autograd v0.1.0 (/data/projects/.scratch/frankentorch-cod-b-bold-verify-20260619T181934Z/crates/ft-autograd)
   Compiling ft-api v0.1.0 (/data/projects/.scratch/frankentorch-cod-b-bold-verify-20260619T181934Z/crates/ft-api)
    Finished `bench` profile [optimized + debuginfo] target(s) in 1m 20s
     Running benches/ops_bench.rs (.rch-target-vmi1227854-pool-caeb77b0cc5044d3782650c1719a15f0/release/deps/ops_bench-8824b9e24f0b8087)
Gnuplot not found, using plotters backend
Benchmarking sdpa/grad_16x512x64
Benchmarking sdpa/grad_16x512x64: Warming up for 1.0000 s

Warning: Unable to complete 10 samples in 3.0s. You may wish to increase target time to 5.3s or enable flat sampling.
Benchmarking sdpa/grad_16x512x64: Collecting 10 samples in estimated 5.3379 s (55 iterations)
Benchmarking sdpa/grad_16x512x64: Analyzing
sdpa/grad_16x512x64     time:   [75.216 ms 82.730 ms 90.435 ms]

  [2m2026-06-19T18:26:37.204306Z[0m [32m INFO[0m [1;32mrch::hook::transfer_orchestration[0m[32m: [32mRemote command finished: exit=0 in 88474ms[0m
    [2;3mat[0m rch/src/hook/transfer_orchestration.rs:653 [2;3mon[0m ThreadId(1)

  [2m2026-06-19T18:26:37.204599Z[0m [32m INFO[0m [1;32mrch::hook::transfer_orchestration[0m[32m: [32mRetrieving build artifacts...[0m
    [2;3mat[0m rch/src/hook/transfer_orchestration.rs:702 [2;3mon[0m ThreadId(1)

  [2m2026-06-19T18:26:37.204629Z[0m [32m INFO[0m [1;32mrch::transfer[0m[32m: [32mRetrieving artifacts from /data/projects/.scratch/frankentorch-cod-b-bold-verify-20260619T181934Z on vmi1227854[0m
    [2;3mat[0m rch/src/transfer.rs:2246 [2;3mon[0m ThreadId(1)

  [2m2026-06-19T18:26:39.143221Z[0m [32m INFO[0m [1;32mrch::transfer[0m[32m: [32mArtifacts retrieved in 1938ms (1 files, 1180 bytes)[0m
    [2;3mat[0m rch/src/transfer.rs:2301 [2;3mon[0m ThreadId(1)

  [2m2026-06-19T18:26:39.143246Z[0m [32m INFO[0m [1;32mrch::hook::transfer_orchestration[0m[32m: [32mArtifacts retrieved: 1 files, 1180 bytes in 1938ms[0m
    [2;3mat[0m rch/src/hook/transfer_orchestration.rs:735 [2;3mon[0m ThreadId(1)

  [2m2026-06-19T18:26:39.143341Z[0m [32m INFO[0m [1;32mrch::transfer[0m[32m: [32mRetrieving artifacts from /data/projects/.scratch/frankentorch-cod-b-bold-verify-20260619T181934Z/.rch-target-vmi1227854-pool-caeb77b0cc5044d3782650c1719a15f0 on vmi1227854[0m
    [2;3mat[0m rch/src/transfer.rs:2246 [2;3mon[0m ThreadId(1)

  [2m2026-06-19T18:26:41.083699Z[0m [32m INFO[0m [1;32mrch::transfer[0m[32m: [32mArtifacts retrieved in 1940ms (14 files, 554 bytes)[0m
    [2;3mat[0m rch/src/transfer.rs:2301 [2;3mon[0m ThreadId(1)

  [2m2026-06-19T18:26:41.083722Z[0m [32m INFO[0m [1;32mrch::hook::transfer_orchestration[0m[32m: [32mCustom CARGO_TARGET_DIR artifacts retrieved: 14 files, 554 bytes in 1940ms[0m
    [2;3mat[0m rch/src/hook/transfer_orchestration.rs:859 [2;3mon[0m ThreadId(1)

[RCH] remote vmi1227854 (127.0s)
