   Compiling ft-core v0.1.0 (/data/projects/.scratch/frankentorch-cod-b-bold-verify-20260619T181934Z/crates/ft-core)
   Compiling ft-kernel-cpu v0.1.0 (/data/projects/.scratch/frankentorch-cod-b-bold-verify-20260619T181934Z/crates/ft-kernel-cpu)
   Compiling ft-runtime v0.1.0 (/data/projects/.scratch/frankentorch-cod-b-bold-verify-20260619T181934Z/crates/ft-runtime)
   Compiling ft-dispatch v0.1.0 (/data/projects/.scratch/frankentorch-cod-b-bold-verify-20260619T181934Z/crates/ft-dispatch)
   Compiling ft-autograd v0.1.0 (/data/projects/.scratch/frankentorch-cod-b-bold-verify-20260619T181934Z/crates/ft-autograd)
   Compiling ft-api v0.1.0 (/data/projects/.scratch/frankentorch-cod-b-bold-verify-20260619T181934Z/crates/ft-api)
    Finished `bench` profile [optimized + debuginfo] target(s) in 51.16s
     Running benches/pytorch_gauntlet_bench.rs (/data/projects/.rch-targets/frankentorch-cod-b/release/deps/pytorch_gauntlet_bench-5f2ebc2fd9ddf042)
Gnuplot not found, using plotters backend
Benchmarking gauntlet_sdpa_grad_16x512x64/frankentorch_kgs4_113
Benchmarking gauntlet_sdpa_grad_16x512x64/frankentorch_kgs4_113: Warming up for 1.0000 s

Warning: Unable to complete 10 samples in 3.0s. You may wish to increase target time to 3.6s or enable flat sampling.
Benchmarking gauntlet_sdpa_grad_16x512x64/frankentorch_kgs4_113: Collecting 10 samples in estimated 3.5923 s (55 iterations)
Benchmarking gauntlet_sdpa_grad_16x512x64/frankentorch_kgs4_113: Analyzing
gauntlet_sdpa_grad_16x512x64/frankentorch_kgs4_113
                        time:   [62.356 ms 63.057 ms 63.912 ms]
                        change: [+14.599% +17.517% +20.490%] (p = 0.00 < 0.05)
                        Performance has regressed.
Benchmarking gauntlet_sdpa_grad_16x512x64/pytorch_2_12_cpu
Benchmarking gauntlet_sdpa_grad_16x512x64/pytorch_2_12_cpu: Warming up for 1.0000 s

Warning: Unable to complete 10 samples in 3.0s. You may wish to increase target time to 14.9s.
Benchmarking gauntlet_sdpa_grad_16x512x64/pytorch_2_12_cpu: Collecting 10 samples in estimated 14.868 s (10 iterations)
Benchmarking gauntlet_sdpa_grad_16x512x64/pytorch_2_12_cpu: Analyzing
gauntlet_sdpa_grad_16x512x64/pytorch_2_12_cpu
                        time:   [47.008 ms 48.915 ms 50.867 ms]
