  [2m2026-06-12T23:08:21.724319Z[0m [32m INFO[0m [1;32mrch::hook[0m[32m: [32mSelected worker: hz1 at root@87.99.133.171 (2 slots remaining after reservation, speed 50.0)[0m
    [2;3mat[0m rch/src/hook.rs:514 [2;3mon[0m ThreadId(1)

  [2m2026-06-12T23:08:22.041016Z[0m [32m INFO[0m [1;32mrch::hook[0m[32m: [32mStarting remote compilation pipeline for frankentorch (hash: 3d6dc0f5ca5d2899)[0m
    [2;3mat[0m rch/src/hook.rs:5994 [2;3mon[0m ThreadId(1)

  [2m2026-06-12T23:08:22.041084Z[0m [32m INFO[0m [1;32mrch::hook[0m[32m: [32mPrepared dependency sync manifest for 13 roots[0m
    [2;3mat[0m rch/src/hook.rs:6016 [2;3mon[0m ThreadId(1)

  [2m2026-06-12T23:08:22.591864Z[0m [32m INFO[0m [1;32mrch::hook[0m[32m: [32mSyncing project to worker hz1...[0m
    [2;3mat[0m rch/src/hook.rs:6046 [2;3mon[0m ThreadId(1)

  [2m2026-06-12T23:08:22.591928Z[0m [32m INFO[0m [1;32mrch::transfer[0m[32m: [32mSyncing /data/projects/frankentorch -> /data/projects/frankentorch on hz1[0m
    [2;3mat[0m rch/src/transfer.rs:1434 [2;3mon[0m ThreadId(1)

  [2m2026-06-12T23:08:24.520706Z[0m [32m INFO[0m [1;32mrch::transfer[0m[32m: [32mSync completed in 1928ms[0m
    [2;3mat[0m rch/src/transfer.rs:1503 [2;3mon[0m ThreadId(1)

  [2m2026-06-12T23:08:24.520793Z[0m [32m INFO[0m [1;32mrch::transfer[0m[32m: [32mSyncing /data/projects/frankentorch/crates/ft-api -> /data/projects/frankentorch/crates/ft-api on hz1[0m
    [2;3mat[0m rch/src/transfer.rs:1434 [2;3mon[0m ThreadId(1)

  [2m2026-06-12T23:08:25.000429Z[0m [32m INFO[0m [1;32mrch::transfer[0m[32m: [32mSync completed in 479ms[0m
    [2;3mat[0m rch/src/transfer.rs:1503 [2;3mon[0m ThreadId(1)

  [2m2026-06-12T23:08:25.000495Z[0m [32m INFO[0m [1;32mrch::transfer[0m[32m: [32mSyncing /data/projects/frankentorch/crates/ft-autograd -> /data/projects/frankentorch/crates/ft-autograd on hz1[0m
    [2;3mat[0m rch/src/transfer.rs:1434 [2;3mon[0m ThreadId(1)

  [2m2026-06-12T23:08:25.465748Z[0m [32m INFO[0m [1;32mrch::transfer[0m[32m: [32mSync completed in 465ms[0m
    [2;3mat[0m rch/src/transfer.rs:1503 [2;3mon[0m ThreadId(1)

  [2m2026-06-12T23:08:25.465815Z[0m [32m INFO[0m [1;32mrch::transfer[0m[32m: [32mSyncing /data/projects/frankentorch/crates/ft-conformance -> /data/projects/frankentorch/crates/ft-conformance on hz1[0m
    [2;3mat[0m rch/src/transfer.rs:1434 [2;3mon[0m ThreadId(1)

  [2m2026-06-12T23:08:25.913955Z[0m [32m INFO[0m [1;32mrch::transfer[0m[32m: [32mSync completed in 448ms[0m
    [2;3mat[0m rch/src/transfer.rs:1503 [2;3mon[0m ThreadId(1)

  [2m2026-06-12T23:08:25.914043Z[0m [32m INFO[0m [1;32mrch::transfer[0m[32m: [32mSyncing /data/projects/frankentorch/crates/ft-core -> /data/projects/frankentorch/crates/ft-core on hz1[0m
    [2;3mat[0m rch/src/transfer.rs:1434 [2;3mon[0m ThreadId(1)

  [2m2026-06-12T23:08:26.377093Z[0m [32m INFO[0m [1;32mrch::transfer[0m[32m: [32mSync completed in 463ms[0m
    [2;3mat[0m rch/src/transfer.rs:1503 [2;3mon[0m ThreadId(1)

  [2m2026-06-12T23:08:26.377165Z[0m [32m INFO[0m [1;32mrch::transfer[0m[32m: [32mSyncing /data/projects/frankentorch/crates/ft-data -> /data/projects/frankentorch/crates/ft-data on hz1[0m
    [2;3mat[0m rch/src/transfer.rs:1434 [2;3mon[0m ThreadId(1)

  [2m2026-06-12T23:08:26.837193Z[0m [32m INFO[0m [1;32mrch::transfer[0m[32m: [32mSync completed in 460ms[0m
    [2;3mat[0m rch/src/transfer.rs:1503 [2;3mon[0m ThreadId(1)

  [2m2026-06-12T23:08:26.837280Z[0m [32m INFO[0m [1;32mrch::transfer[0m[32m: [32mSyncing /data/projects/frankentorch/crates/ft-device -> /data/projects/frankentorch/crates/ft-device on hz1[0m
    [2;3mat[0m rch/src/transfer.rs:1434 [2;3mon[0m ThreadId(1)

  [2m2026-06-12T23:08:27.247750Z[0m [32m INFO[0m [1;32mrch::transfer[0m[32m: [32mSync completed in 410ms[0m
    [2;3mat[0m rch/src/transfer.rs:1503 [2;3mon[0m ThreadId(1)

  [2m2026-06-12T23:08:27.247828Z[0m [32m INFO[0m [1;32mrch::transfer[0m[32m: [32mSyncing /data/projects/frankentorch/crates/ft-dispatch -> /data/projects/frankentorch/crates/ft-dispatch on hz1[0m
    [2;3mat[0m rch/src/transfer.rs:1434 [2;3mon[0m ThreadId(1)

  [2m2026-06-12T23:08:27.650921Z[0m [32m INFO[0m [1;32mrch::transfer[0m[32m: [32mSync completed in 403ms[0m
    [2;3mat[0m rch/src/transfer.rs:1503 [2;3mon[0m ThreadId(1)

  [2m2026-06-12T23:08:27.651019Z[0m [32m INFO[0m [1;32mrch::transfer[0m[32m: [32mSyncing /data/projects/frankentorch/crates/ft-kernel-cpu -> /data/projects/frankentorch/crates/ft-kernel-cpu on hz1[0m
    [2;3mat[0m rch/src/transfer.rs:1434 [2;3mon[0m ThreadId(1)

  [2m2026-06-12T23:08:28.030600Z[0m [32m INFO[0m [1;32mrch::transfer[0m[32m: [32mSync completed in 379ms[0m
    [2;3mat[0m rch/src/transfer.rs:1503 [2;3mon[0m ThreadId(1)

  [2m2026-06-12T23:08:28.030685Z[0m [32m INFO[0m [1;32mrch::transfer[0m[32m: [32mSyncing /data/projects/frankentorch/crates/ft-nn -> /data/projects/frankentorch/crates/ft-nn on hz1[0m
    [2;3mat[0m rch/src/transfer.rs:1434 [2;3mon[0m ThreadId(1)

  [2m2026-06-12T23:08:28.428314Z[0m [32m INFO[0m [1;32mrch::transfer[0m[32m: [32mSync completed in 397ms[0m
    [2;3mat[0m rch/src/transfer.rs:1503 [2;3mon[0m ThreadId(1)

  [2m2026-06-12T23:08:28.428377Z[0m [32m INFO[0m [1;32mrch::transfer[0m[32m: [32mSyncing /data/projects/frankentorch/crates/ft-optim -> /data/projects/frankentorch/crates/ft-optim on hz1[0m
    [2;3mat[0m rch/src/transfer.rs:1434 [2;3mon[0m ThreadId(1)

  [2m2026-06-12T23:08:28.900497Z[0m [32m INFO[0m [1;32mrch::transfer[0m[32m: [32mSync completed in 472ms[0m
    [2;3mat[0m rch/src/transfer.rs:1503 [2;3mon[0m ThreadId(1)

  [2m2026-06-12T23:08:28.900567Z[0m [32m INFO[0m [1;32mrch::transfer[0m[32m: [32mSyncing /data/projects/frankentorch/crates/ft-runtime -> /data/projects/frankentorch/crates/ft-runtime on hz1[0m
    [2;3mat[0m rch/src/transfer.rs:1434 [2;3mon[0m ThreadId(1)

  [2m2026-06-12T23:08:29.308188Z[0m [32m INFO[0m [1;32mrch::transfer[0m[32m: [32mSync completed in 407ms[0m
    [2;3mat[0m rch/src/transfer.rs:1503 [2;3mon[0m ThreadId(1)

  [2m2026-06-12T23:08:29.308266Z[0m [32m INFO[0m [1;32mrch::transfer[0m[32m: [32mSyncing /data/projects/frankentorch/crates/ft-serialize -> /data/projects/frankentorch/crates/ft-serialize on hz1[0m
    [2;3mat[0m rch/src/transfer.rs:1434 [2;3mon[0m ThreadId(1)

  [2m2026-06-12T23:08:29.734662Z[0m [32m INFO[0m [1;32mrch::transfer[0m[32m: [32mSync completed in 426ms[0m
    [2;3mat[0m rch/src/transfer.rs:1503 [2;3mon[0m ThreadId(1)

  [2m2026-06-12T23:08:29.734698Z[0m [32m INFO[0m [1;32mrch::hook[0m[32m: [32mSync complete: 51850 files, 1859803 bytes in 7137ms[0m
    [2;3mat[0m rch/src/hook.rs:6209 [2;3mon[0m ThreadId(1)

  [2m2026-06-12T23:08:30.699300Z[0m [32m INFO[0m [1;32mrch::hook[0m[32m: [32mExecuting command remotely: cargo bench -p ft-kernel-cpu --bench linalg_bench -- eigvals_f64_256x256[0m
    [2;3mat[0m rch/src/hook.rs:6252 [2;3mon[0m ThreadId(1)

  [2m2026-06-12T23:08:30.699341Z[0m [32m INFO[0m [1;32mrch::transfer[0m[32m: [32mRewriting CARGO_TARGET_DIR for remote execution (worker-scoped path): /data/tmp/cargo-target -> /data/projects/frankentorch/.rch-target-hz1-job-29884606035526052-1781305702591856639-0[0m
    [2;3mat[0m rch/src/transfer.rs:712 [2;3mon[0m ThreadId(1)

    Updating crates.io index
 Downloading crates ...
  Downloaded bit-vec v0.8.0
  Downloaded anes v0.1.6
  Downloaded clap_lex v1.1.0
  Downloaded anstyle v1.0.14
  Downloaded bit-set v0.8.0
  Downloaded aho-corasick v1.1.4
  Downloaded zerocopy-derive v0.8.48
  Downloaded wait-timeout v0.2.1
  Downloaded cast v0.3.0
  Downloaded autocfg v1.5.0
  Downloaded errno v0.3.14
  Downloaded itoa v1.0.18
  Downloaded cfg-if v1.0.4
  Downloaded regex v1.12.3
  Downloaded walkdir v2.5.0
  Downloaded criterion-plot v0.5.0
  Downloaded bytemuck_derive v1.10.2
  Downloaded ppv-lite86 v0.2.21
  Downloaded bytemuck v1.25.0
  Downloaded same-file v1.0.6
  Downloaded serde_derive v1.0.228
  Downloaded ciborium v0.2.2
  Downloaded rawpointer v0.2.1
  Downloaded console v0.16.3
  Downloaded crossbeam-utils v0.8.21
  Downloaded ciborium-ll v0.2.2
  Downloaded either v1.15.0
  Downloaded is-terminal v0.4.17
  Downloaded matrixmultiply v0.3.10
  Downloaded quote v1.0.45
  Downloaded similar v2.7.0
  Downloaded crossbeam-deque v0.8.6
  Downloaded half v2.7.1
  Downloaded rand_core v0.9.5
  Downloaded rand_xorshift v0.4.0
  Downloaded clap v4.6.1
  Downloaded plotters-svg v0.3.7
  Downloaded fnv v1.0.7
  Downloaded num-complex v0.4.6
  Downloaded oorandom v11.1.5
  Downloaded zmij v1.0.21
  Downloaded criterion v0.5.1
  Downloaded bitflags v2.11.1
  Downloaded fastrand v2.4.1
  Downloaded wide v0.7.33
  Downloaded ciborium-io v0.2.2
  Downloaded tempfile v3.27.0
  Downloaded unarray v0.1.4
  Downloaded proc-macro2 v1.0.106
  Downloaded serde_json v1.0.149
  Downloaded clap_builder v4.6.0
  Downloaded crossbeam-epoch v0.9.18
  Downloaded rand v0.9.4
  Downloaded safe_arch v0.7.4
  Downloaded proptest v1.11.0
  Downloaded rayon v1.12.0
  Downloaded serde v1.0.228
  Downloaded once_cell v1.21.4
  Downloaded syn v2.0.117
  Downloaded getrandom v0.3.4
  Downloaded rusty-fork v0.3.1
  Downloaded tinytemplate v1.2.1
  Downloaded regex-syntax v0.8.10
  Downloaded itertools v0.10.5
  Downloaded memchr v2.8.0
  Downloaded rand_chacha v0.9.0
  Downloaded insta v1.47.2
  Downloaded zerocopy v0.8.48
  Downloaded libm v0.2.16
  Downloaded num-traits v0.2.19
  Downloaded plotters-backend v0.3.7
  Downloaded quick-error v1.2.3
  Downloaded unicode-ident v1.0.24
  Downloaded plotters v0.3.7
  Downloaded rayon-core v1.13.0
  Downloaded rustix v1.1.4
  Downloaded serde_core v1.0.228
  Downloaded linux-raw-sys v0.12.1
  Downloaded regex-automata v0.4.14
  Downloaded libc v0.2.185
   Compiling proc-macro2 v1.0.106
   Compiling quote v1.0.45
   Compiling unicode-ident v1.0.24
   Compiling cfg-if v1.0.4
   Compiling libc v0.2.185
   Compiling autocfg v1.5.0
   Compiling zerocopy v0.8.48
   Compiling getrandom v0.3.4
   Compiling crossbeam-utils v0.8.21
   Compiling serde_core v1.0.228
   Compiling rustix v1.1.4
   Compiling serde v1.0.228
   Compiling bitflags v2.11.1
   Compiling num-traits v0.2.19
   Compiling linux-raw-sys v0.12.1
   Compiling zmij v1.0.21
   Compiling either v1.15.0
   Compiling crossbeam-epoch v0.9.18
   Compiling syn v2.0.117
   Compiling rayon-core v1.13.0
   Compiling once_cell v1.21.4
   Compiling crossbeam-deque v0.8.6
   Compiling serde_json v1.0.149
   Compiling fastrand v2.4.1
   Compiling regex-syntax v0.8.10
   Compiling rand_core v0.9.5
   Compiling matrixmultiply v0.3.10
   Compiling clap_lex v1.1.0
   Compiling ciborium-io v0.2.2
   Compiling memchr v2.8.0
   Compiling itoa v1.0.18
   Compiling libm v0.2.16
   Compiling plotters-backend v0.3.7
   Compiling anstyle v1.0.14
   Compiling clap_builder v4.6.0
   Compiling plotters-svg v0.3.7
   Compiling tempfile v3.27.0
   Compiling rayon v1.12.0
   Compiling num-complex v0.4.6
   Compiling regex-automata v0.4.14
   Compiling wait-timeout v0.2.1
   Compiling itertools v0.10.5
   Compiling same-file v1.0.6
   Compiling bit-vec v0.8.0
   Compiling cast v0.3.0
   Compiling zerocopy-derive v0.8.48
   Compiling bytemuck_derive v1.10.2
   Compiling serde_derive v1.0.228
   Compiling quick-error v1.2.3
   Compiling rawpointer v0.2.1
   Compiling bytemuck v1.25.0
   Compiling fnv v1.0.7
   Compiling rusty-fork v0.3.1
   Compiling safe_arch v0.7.4
   Compiling wide v0.7.33
   Compiling regex v1.12.3
   Compiling criterion-plot v0.5.0
   Compiling bit-set v0.8.0
   Compiling clap v4.6.1
   Compiling walkdir v2.5.0
   Compiling tinytemplate v1.2.1
   Compiling plotters v0.3.7
   Compiling rand_xorshift v0.4.0
   Compiling rand v0.9.4
   Compiling is-terminal v0.4.17
   Compiling console v0.16.3
   Compiling half v2.7.1
   Compiling ppv-lite86 v0.2.21
   Compiling oorandom v11.1.5
   Compiling ciborium-ll v0.2.2
   Compiling ft-core v0.1.0 (/data/projects/frankentorch/crates/ft-core)
   Compiling ciborium v0.2.2
   Compiling rand_chacha v0.9.0
   Compiling unarray v0.1.4
   Compiling similar v2.7.0
   Compiling anes v0.1.6
   Compiling ft-kernel-cpu v0.1.0 (/data/projects/frankentorch/crates/ft-kernel-cpu)
   Compiling criterion v0.5.1
   Compiling proptest v1.11.0
   Compiling insta v1.47.2
    Finished `bench` profile [optimized + debuginfo] target(s) in 46.56s
     Running benches/linalg_bench.rs (.rch-target-hz1-job-29884606035526052-1781305702591856639-0/release/deps/linalg_bench-aa9fc2ba4861f31f)
Gnuplot not found, using plotters backend
Benchmarking eigvals_f64_256x256
Benchmarking eigvals_f64_256x256: Warming up for 3.0000 s

Warning: Unable to complete 100 samples in 5.0s. You may wish to increase target time to 5.0s, or reduce sample count to 90.
Benchmarking eigvals_f64_256x256: Collecting 100 samples in estimated 5.0209 s (100 iterations)
Benchmarking eigvals_f64_256x256: Analyzing
eigvals_f64_256x256     time:   [39.920 ms 41.337 ms 42.774 ms]

  [2m2026-06-12T23:10:19.121907Z[0m [32m INFO[0m [1;32mrch::hook[0m[32m: [32mRemote command finished: exit=0 in 108422ms[0m
    [2;3mat[0m rch/src/hook.rs:6376 [2;3mon[0m ThreadId(1)

  [2m2026-06-12T23:10:19.122226Z[0m [32m INFO[0m [1;32mrch::hook[0m[32m: [32mRetrieving build artifacts...[0m
    [2;3mat[0m rch/src/hook.rs:6425 [2;3mon[0m ThreadId(1)

  [2m2026-06-12T23:10:19.122242Z[0m [32m INFO[0m [1;32mrch::transfer[0m[32m: [32mRetrieving artifacts from /data/projects/frankentorch on hz1[0m
    [2;3mat[0m rch/src/transfer.rs:2106 [2;3mon[0m ThreadId(1)

  [2m2026-06-12T23:10:19.558469Z[0m [32m INFO[0m [1;32mrch::transfer[0m[32m: [32mArtifacts retrieved in 436ms (1 files, 1809 bytes)[0m
    [2;3mat[0m rch/src/transfer.rs:2145 [2;3mon[0m ThreadId(1)

  [2m2026-06-12T23:10:19.558498Z[0m [32m INFO[0m [1;32mrch::hook[0m[32m: [32mArtifacts retrieved: 1 files, 1809 bytes in 436ms[0m
    [2;3mat[0m rch/src/hook.rs:6458 [2;3mon[0m ThreadId(1)

  [2m2026-06-12T23:10:19.558639Z[0m [32m INFO[0m [1;32mrch::transfer[0m[32m: [32mRetrieving artifacts from /data/projects/frankentorch/.rch-target-hz1-job-29884606035526052-1781305702591856639-0 on hz1[0m
    [2;3mat[0m rch/src/transfer.rs:2106 [2;3mon[0m ThreadId(1)

  [2m2026-06-12T23:10:20.074230Z[0m [32m INFO[0m [1;32mrch::transfer[0m[32m: [32mArtifacts retrieved in 515ms (188 files, 1980 bytes)[0m
    [2;3mat[0m rch/src/transfer.rs:2145 [2;3mon[0m ThreadId(1)

  [2m2026-06-12T23:10:20.074255Z[0m [32m INFO[0m [1;32mrch::hook[0m[32m: [32mCustom CARGO_TARGET_DIR artifacts retrieved: 188 files, 1980 bytes in 515ms[0m
    [2;3mat[0m rch/src/hook.rs:6582 [2;3mon[0m ThreadId(1)

[RCH] remote hz1 (118.4s)
