  [2m2026-06-11T19:57:05.915716Z[0m [32m INFO[0m [1;32mrch::hook[0m[32m: [32mSelected worker: vmi1227854 at root@109.123.245.77 (0 slots remaining after reservation, speed 50.0)[0m
    [2;3mat[0m rch/src/hook.rs:514 [2;3mon[0m ThreadId(1)

  [2m2026-06-11T19:57:06.186248Z[0m [32m INFO[0m [1;32mrch::hook[0m[32m: [32mStarting remote compilation pipeline for frankentorch (hash: 3d6dc0f5ca5d2899)[0m
    [2;3mat[0m rch/src/hook.rs:5994 [2;3mon[0m ThreadId(1)

  [2m2026-06-11T19:57:06.186298Z[0m [32m INFO[0m [1;32mrch::hook[0m[32m: [32mPrepared dependency sync manifest for 13 roots[0m
    [2;3mat[0m rch/src/hook.rs:6016 [2;3mon[0m ThreadId(1)

  [2m2026-06-11T19:57:07.780671Z[0m [32m INFO[0m [1;32mrch::hook[0m[32m: [32mSyncing project to worker vmi1227854...[0m
    [2;3mat[0m rch/src/hook.rs:6046 [2;3mon[0m ThreadId(1)

  [2m2026-06-11T19:57:07.780733Z[0m [32m INFO[0m [1;32mrch::transfer[0m[32m: [32mSyncing /data/projects/frankentorch -> /data/projects/frankentorch on vmi1227854[0m
    [2;3mat[0m rch/src/transfer.rs:1434 [2;3mon[0m ThreadId(1)

  [2m2026-06-11T19:57:15.902142Z[0m [32m INFO[0m [1;32mrch::transfer[0m[32m: [32mSync completed in 8121ms[0m
    [2;3mat[0m rch/src/transfer.rs:1503 [2;3mon[0m ThreadId(1)

  [2m2026-06-11T19:57:15.902214Z[0m [32m INFO[0m [1;32mrch::transfer[0m[32m: [32mSyncing /data/projects/frankentorch/crates/ft-api -> /data/projects/frankentorch/crates/ft-api on vmi1227854[0m
    [2;3mat[0m rch/src/transfer.rs:1434 [2;3mon[0m ThreadId(1)

  [2m2026-06-11T19:57:17.815557Z[0m [32m INFO[0m [1;32mrch::transfer[0m[32m: [32mSync completed in 1913ms[0m
    [2;3mat[0m rch/src/transfer.rs:1503 [2;3mon[0m ThreadId(1)

  [2m2026-06-11T19:57:17.815631Z[0m [32m INFO[0m [1;32mrch::transfer[0m[32m: [32mSyncing /data/projects/frankentorch/crates/ft-autograd -> /data/projects/frankentorch/crates/ft-autograd on vmi1227854[0m
    [2;3mat[0m rch/src/transfer.rs:1434 [2;3mon[0m ThreadId(1)

  [2m2026-06-11T19:57:19.696428Z[0m [32m INFO[0m [1;32mrch::transfer[0m[32m: [32mSync completed in 1880ms[0m
    [2;3mat[0m rch/src/transfer.rs:1503 [2;3mon[0m ThreadId(1)

  [2m2026-06-11T19:57:19.696521Z[0m [32m INFO[0m [1;32mrch::transfer[0m[32m: [32mSyncing /data/projects/frankentorch/crates/ft-conformance -> /data/projects/frankentorch/crates/ft-conformance on vmi1227854[0m
    [2;3mat[0m rch/src/transfer.rs:1434 [2;3mon[0m ThreadId(1)

  [2m2026-06-11T19:57:21.609926Z[0m [32m INFO[0m [1;32mrch::transfer[0m[32m: [32mSync completed in 1913ms[0m
    [2;3mat[0m rch/src/transfer.rs:1503 [2;3mon[0m ThreadId(1)

  [2m2026-06-11T19:57:21.610009Z[0m [32m INFO[0m [1;32mrch::transfer[0m[32m: [32mSyncing /data/projects/frankentorch/crates/ft-core -> /data/projects/frankentorch/crates/ft-core on vmi1227854[0m
    [2;3mat[0m rch/src/transfer.rs:1434 [2;3mon[0m ThreadId(1)

  [2m2026-06-11T19:57:23.449440Z[0m [32m INFO[0m [1;32mrch::transfer[0m[32m: [32mSync completed in 1839ms[0m
    [2;3mat[0m rch/src/transfer.rs:1503 [2;3mon[0m ThreadId(1)

  [2m2026-06-11T19:57:23.449516Z[0m [32m INFO[0m [1;32mrch::transfer[0m[32m: [32mSyncing /data/projects/frankentorch/crates/ft-data -> /data/projects/frankentorch/crates/ft-data on vmi1227854[0m
    [2;3mat[0m rch/src/transfer.rs:1434 [2;3mon[0m ThreadId(1)

  [2m2026-06-11T19:57:25.394066Z[0m [32m INFO[0m [1;32mrch::transfer[0m[32m: [32mSync completed in 1944ms[0m
    [2;3mat[0m rch/src/transfer.rs:1503 [2;3mon[0m ThreadId(1)

  [2m2026-06-11T19:57:25.394143Z[0m [32m INFO[0m [1;32mrch::transfer[0m[32m: [32mSyncing /data/projects/frankentorch/crates/ft-device -> /data/projects/frankentorch/crates/ft-device on vmi1227854[0m
    [2;3mat[0m rch/src/transfer.rs:1434 [2;3mon[0m ThreadId(1)

  [2m2026-06-11T19:57:27.336167Z[0m [32m INFO[0m [1;32mrch::transfer[0m[32m: [32mSync completed in 1942ms[0m
    [2;3mat[0m rch/src/transfer.rs:1503 [2;3mon[0m ThreadId(1)

  [2m2026-06-11T19:57:27.336247Z[0m [32m INFO[0m [1;32mrch::transfer[0m[32m: [32mSyncing /data/projects/frankentorch/crates/ft-dispatch -> /data/projects/frankentorch/crates/ft-dispatch on vmi1227854[0m
    [2;3mat[0m rch/src/transfer.rs:1434 [2;3mon[0m ThreadId(1)

  [2m2026-06-11T19:57:29.250474Z[0m [32m INFO[0m [1;32mrch::transfer[0m[32m: [32mSync completed in 1914ms[0m
    [2;3mat[0m rch/src/transfer.rs:1503 [2;3mon[0m ThreadId(1)

  [2m2026-06-11T19:57:29.250617Z[0m [32m INFO[0m [1;32mrch::transfer[0m[32m: [32mSyncing /data/projects/frankentorch/crates/ft-kernel-cpu -> /data/projects/frankentorch/crates/ft-kernel-cpu on vmi1227854[0m
    [2;3mat[0m rch/src/transfer.rs:1434 [2;3mon[0m ThreadId(1)

  [2m2026-06-11T19:57:31.035289Z[0m [32m INFO[0m [1;32mrch::transfer[0m[32m: [32mSync completed in 1784ms[0m
    [2;3mat[0m rch/src/transfer.rs:1503 [2;3mon[0m ThreadId(1)

  [2m2026-06-11T19:57:31.035374Z[0m [32m INFO[0m [1;32mrch::transfer[0m[32m: [32mSyncing /data/projects/frankentorch/crates/ft-nn -> /data/projects/frankentorch/crates/ft-nn on vmi1227854[0m
    [2;3mat[0m rch/src/transfer.rs:1434 [2;3mon[0m ThreadId(1)

  [2m2026-06-11T19:57:32.985988Z[0m [32m INFO[0m [1;32mrch::transfer[0m[32m: [32mSync completed in 1950ms[0m
    [2;3mat[0m rch/src/transfer.rs:1503 [2;3mon[0m ThreadId(1)

  [2m2026-06-11T19:57:32.986065Z[0m [32m INFO[0m [1;32mrch::transfer[0m[32m: [32mSyncing /data/projects/frankentorch/crates/ft-optim -> /data/projects/frankentorch/crates/ft-optim on vmi1227854[0m
    [2;3mat[0m rch/src/transfer.rs:1434 [2;3mon[0m ThreadId(1)

  [2m2026-06-11T19:57:34.851399Z[0m [32m INFO[0m [1;32mrch::transfer[0m[32m: [32mSync completed in 1865ms[0m
    [2;3mat[0m rch/src/transfer.rs:1503 [2;3mon[0m ThreadId(1)

  [2m2026-06-11T19:57:34.851478Z[0m [32m INFO[0m [1;32mrch::transfer[0m[32m: [32mSyncing /data/projects/frankentorch/crates/ft-runtime -> /data/projects/frankentorch/crates/ft-runtime on vmi1227854[0m
    [2;3mat[0m rch/src/transfer.rs:1434 [2;3mon[0m ThreadId(1)

  [2m2026-06-11T19:57:36.725006Z[0m [32m INFO[0m [1;32mrch::transfer[0m[32m: [32mSync completed in 1873ms[0m
    [2;3mat[0m rch/src/transfer.rs:1503 [2;3mon[0m ThreadId(1)

  [2m2026-06-11T19:57:36.725101Z[0m [32m INFO[0m [1;32mrch::transfer[0m[32m: [32mSyncing /data/projects/frankentorch/crates/ft-serialize -> /data/projects/frankentorch/crates/ft-serialize on vmi1227854[0m
    [2;3mat[0m rch/src/transfer.rs:1434 [2;3mon[0m ThreadId(1)

  [2m2026-06-11T19:57:38.605642Z[0m [32m INFO[0m [1;32mrch::transfer[0m[32m: [32mSync completed in 1880ms[0m
    [2;3mat[0m rch/src/transfer.rs:1503 [2;3mon[0m ThreadId(1)

  [2m2026-06-11T19:57:38.605700Z[0m [32m INFO[0m [1;32mrch::hook[0m[32m: [32mSync complete: 51721 files, 1847474 bytes in 30818ms[0m
    [2;3mat[0m rch/src/hook.rs:6209 [2;3mon[0m ThreadId(1)

  [2m2026-06-11T19:57:42.996418Z[0m [32m INFO[0m [1;32mrch::hook[0m[32m: [32mExecuting command remotely: cargo run -p ft-kernel-cpu --example eigvals_golden[0m
    [2;3mat[0m rch/src/hook.rs:6252 [2;3mon[0m ThreadId(1)

  [2m2026-06-11T19:57:42.996459Z[0m [32m INFO[0m [1;32mrch::transfer[0m[32m: [32mRewriting CARGO_TARGET_DIR for remote execution (worker-scoped path): /data/tmp/cargo-target -> /data/projects/frankentorch/.rch-target-vmi1227854-job-29883510449766672-1781207827780664933-0[0m
    [2;3mat[0m rch/src/transfer.rs:712 [2;3mon[0m ThreadId(1)

    Updating crates.io index
 Downloading crates ...
  Downloaded bytemuck v1.25.0
  Downloaded aho-corasick v1.1.4
  Downloaded clap_builder v4.6.0
  Downloaded console v0.16.3
  Downloaded itertools v0.10.5
  Downloaded ciborium v0.2.2
  Downloaded cast v0.3.0
  Downloaded clap v4.6.1
  Downloaded memchr v2.8.0
  Downloaded ppv-lite86 v0.2.21
  Downloaded quick-error v1.2.3
  Downloaded walkdir v2.5.0
  Downloaded fnv v1.0.7
  Downloaded ciborium-ll v0.2.2
  Downloaded crossbeam-utils v0.8.21
  Downloaded once_cell v1.21.4
  Downloaded fastrand v2.4.1
  Downloaded crossbeam-epoch v0.9.18
  Downloaded oorandom v11.1.5
  Downloaded rand_chacha v0.9.0
  Downloaded errno v0.3.14
  Downloaded serde_derive v1.0.228
  Downloaded cfg-if v1.0.4
  Downloaded rawpointer v0.2.1
  Downloaded unarray v0.1.4
  Downloaded plotters-svg v0.3.7
  Downloaded plotters-backend v0.3.7
  Downloaded rand_xorshift v0.4.0
  Downloaded bit-set v0.8.0
  Downloaded same-file v1.0.6
  Downloaded unicode-ident v1.0.24
  Downloaded autocfg v1.5.0
  Downloaded either v1.15.0
  Downloaded num-complex v0.4.6
  Downloaded half v2.7.1
  Downloaded ciborium-io v0.2.2
  Downloaded clap_lex v1.1.0
  Downloaded anes v0.1.6
  Downloaded zmij v1.0.21
  Downloaded rusty-fork v0.3.1
  Downloaded bitflags v2.11.1
  Downloaded similar v2.7.0
  Downloaded is-terminal v0.4.17
  Downloaded quote v1.0.45
  Downloaded itoa v1.0.18
  Downloaded tempfile v3.27.0
  Downloaded anstyle v1.0.14
  Downloaded serde v1.0.228
  Downloaded wait-timeout v0.2.1
  Downloaded num-traits v0.2.19
  Downloaded proc-macro2 v1.0.106
  Downloaded rand v0.9.4
  Downloaded matrixmultiply v0.3.10
  Downloaded rayon-core v1.13.0
  Downloaded criterion v0.5.1
  Downloaded criterion-plot v0.5.0
  Downloaded regex v1.12.3
  Downloaded safe_arch v0.7.4
  Downloaded serde_core v1.0.228
  Downloaded tinytemplate v1.2.1
  Downloaded wide v0.7.33
  Downloaded zerocopy-derive v0.8.48
  Downloaded plotters v0.3.7
  Downloaded libm v0.2.16
  Downloaded serde_json v1.0.149
  Downloaded rayon v1.12.0
  Downloaded bit-vec v0.8.0
  Downloaded zerocopy v0.8.48
  Downloaded rand_core v0.9.5
  Downloaded syn v2.0.117
  Downloaded rustix v1.1.4
  Downloaded regex-syntax v0.8.10
  Downloaded getrandom v0.3.4
  Downloaded regex-automata v0.4.14
  Downloaded libc v0.2.185
  Downloaded linux-raw-sys v0.12.1
  Downloaded bytemuck_derive v1.10.2
  Downloaded proptest v1.11.0
  Downloaded insta v1.47.2
  Downloaded crossbeam-deque v0.8.6
   Compiling proc-macro2 v1.0.106
   Compiling unicode-ident v1.0.24
   Compiling quote v1.0.45
   Compiling libc v0.2.185
   Compiling cfg-if v1.0.4
   Compiling autocfg v1.5.0
   Compiling zerocopy v0.8.48
   Compiling getrandom v0.3.4
   Compiling crossbeam-utils v0.8.21
   Compiling serde_core v1.0.228
   Compiling rustix v1.1.4
   Compiling rayon-core v1.13.0
   Compiling once_cell v1.21.4
   Compiling zmij v1.0.21
   Compiling bitflags v2.11.1
   Compiling serde v1.0.228
   Compiling num-traits v0.2.19
   Compiling either v1.15.0
   Compiling linux-raw-sys v0.12.1
   Compiling regex-syntax v0.8.10
   Compiling serde_json v1.0.149
   Compiling fastrand v2.4.1
   Compiling matrixmultiply v0.3.10
   Compiling syn v2.0.117
   Compiling crossbeam-epoch v0.9.18
   Compiling anstyle v1.0.14
   Compiling memchr v2.8.0
   Compiling clap_lex v1.1.0
   Compiling plotters-backend v0.3.7
   Compiling crossbeam-deque v0.8.6
   Compiling rand_core v0.9.5
   Compiling ciborium-io v0.2.2
   Compiling libm v0.2.16
   Compiling itoa v1.0.18
   Compiling num-complex v0.4.6
   Compiling plotters-svg v0.3.7
   Compiling clap_builder v4.6.0
   Compiling wait-timeout v0.2.1
   Compiling regex-automata v0.4.14
   Compiling itertools v0.10.5
   Compiling rayon v1.12.0
   Compiling tempfile v3.27.0
   Compiling bit-vec v0.8.0
   Compiling fnv v1.0.7
   Compiling quick-error v1.2.3
   Compiling same-file v1.0.6
   Compiling cast v0.3.0
   Compiling rawpointer v0.2.1
   Compiling regex v1.12.3
   Compiling clap v4.6.1
   Compiling criterion-plot v0.5.0
   Compiling walkdir v2.5.0
   Compiling bit-set v0.8.0
   Compiling rusty-fork v0.3.1
   Compiling plotters v0.3.7
   Compiling rand_xorshift v0.4.0
   Compiling rand v0.9.4
   Compiling console v0.16.3
   Compiling is-terminal v0.4.17
   Compiling unarray v0.1.4
   Compiling oorandom v11.1.5
   Compiling anes v0.1.6
   Compiling similar v2.7.0
   Compiling insta v1.47.2
   Compiling zerocopy-derive v0.8.48
   Compiling bytemuck_derive v1.10.2
   Compiling serde_derive v1.0.228
   Compiling bytemuck v1.25.0
   Compiling safe_arch v0.7.4
   Compiling wide v0.7.33
   Compiling tinytemplate v1.2.1
   Compiling half v2.7.1
   Compiling ppv-lite86 v0.2.21
   Compiling rand_chacha v0.9.0
   Compiling ciborium-ll v0.2.2
   Compiling ft-core v0.1.0 (/data/projects/frankentorch/crates/ft-core)
   Compiling proptest v1.11.0
   Compiling ciborium v0.2.2
   Compiling ft-kernel-cpu v0.1.0 (/data/projects/frankentorch/crates/ft-kernel-cpu)
   Compiling criterion v0.5.1
    Finished `dev` profile [unoptimized + debuginfo] target(s) in 20.53s
     Running `.rch-target-vmi1227854-job-29883510449766672-1781207827780664933-0/debug/examples/eigvals_golden`
frankentorch-l9xod eigvals_golden n=64
eigvals_digest=0xbc0583d464b1a211
eig_digest=0xbc0583d464b1a211
frankentorch-l9xod eigvals_golden n=128
eigvals_digest=0x763c4b15d92c4b89
eig_digest=0x763c4b15d92c4b89
frankentorch-l9xod eigvals_golden n=256
eigvals_digest=0x00b87b4996340204
eig_digest=0x00b87b4996340204
  [2m2026-06-11T19:58:06.847351Z[0m [32m INFO[0m [1;32mrch::hook[0m[32m: [32mRemote command finished: exit=0 in 23850ms[0m
    [2;3mat[0m rch/src/hook.rs:6376 [2;3mon[0m ThreadId(1)

  [2m2026-06-11T19:58:06.847674Z[0m [32m INFO[0m [1;32mrch::hook[0m[32m: [32mRetrieving build artifacts...[0m
    [2;3mat[0m rch/src/hook.rs:6425 [2;3mon[0m ThreadId(1)

  [2m2026-06-11T19:58:06.847688Z[0m [32m INFO[0m [1;32mrch::transfer[0m[32m: [32mRetrieving artifacts from /data/projects/frankentorch on vmi1227854[0m
    [2;3mat[0m rch/src/transfer.rs:2106 [2;3mon[0m ThreadId(1)

  [2m2026-06-11T19:58:08.802811Z[0m [32m INFO[0m [1;32mrch::transfer[0m[32m: [32mArtifacts retrieved in 1955ms (5 files, 1709 bytes)[0m
    [2;3mat[0m rch/src/transfer.rs:2145 [2;3mon[0m ThreadId(1)

  [2m2026-06-11T19:58:08.802841Z[0m [32m INFO[0m [1;32mrch::hook[0m[32m: [32mArtifacts retrieved: 5 files, 1709 bytes in 1955ms[0m
    [2;3mat[0m rch/src/hook.rs:6458 [2;3mon[0m ThreadId(1)

  [2m2026-06-11T19:58:08.802940Z[0m [32m INFO[0m [1;32mrch::transfer[0m[32m: [32mRetrieving artifacts from /data/projects/frankentorch/.rch-target-vmi1227854-job-29883510449766672-1781207827780664933-0 on vmi1227854[0m
    [2;3mat[0m rch/src/transfer.rs:2106 [2;3mon[0m ThreadId(1)

  [2m2026-06-11T19:58:15.587980Z[0m [32m INFO[0m [1;32mrch::transfer[0m[32m: [32mArtifacts retrieved in 6785ms (1167 files, 1581397 bytes)[0m
    [2;3mat[0m rch/src/transfer.rs:2145 [2;3mon[0m ThreadId(1)

  [2m2026-06-11T19:58:15.588020Z[0m [32m INFO[0m [1;32mrch::hook[0m[32m: [32mCustom CARGO_TARGET_DIR artifacts retrieved: 1167 files, 1581397 bytes in 6785ms[0m
    [2;3mat[0m rch/src/hook.rs:6582 [2;3mon[0m ThreadId(1)

[RCH] remote vmi1227854 (69.7s)
