  [2m2026-06-11T20:06:13.650998Z[0m [32m INFO[0m [1;32mrch::hook[0m[32m: [32mSelected worker: vmi1149989 at root@212.90.121.76 (3 slots remaining after reservation, speed 50.0)[0m
    [2;3mat[0m rch/src/hook.rs:514 [2;3mon[0m ThreadId(1)

  [2m2026-06-11T20:06:13.916794Z[0m [32m INFO[0m [1;32mrch::hook[0m[32m: [32mStarting remote compilation pipeline for frankentorch (hash: 3d6dc0f5ca5d2899)[0m
    [2;3mat[0m rch/src/hook.rs:5994 [2;3mon[0m ThreadId(1)

  [2m2026-06-11T20:06:13.916842Z[0m [32m INFO[0m [1;32mrch::hook[0m[32m: [32mPrepared dependency sync manifest for 13 roots[0m
    [2;3mat[0m rch/src/hook.rs:6016 [2;3mon[0m ThreadId(1)

  [2m2026-06-11T20:06:15.531391Z[0m [32m INFO[0m [1;32mrch::hook[0m[32m: [32mSyncing project to worker vmi1149989...[0m
    [2;3mat[0m rch/src/hook.rs:6046 [2;3mon[0m ThreadId(1)

  [2m2026-06-11T20:06:15.531458Z[0m [32m INFO[0m [1;32mrch::transfer[0m[32m: [32mSyncing /data/projects/frankentorch -> /data/projects/frankentorch on vmi1149989[0m
    [2;3mat[0m rch/src/transfer.rs:1434 [2;3mon[0m ThreadId(1)

  [2m2026-06-11T20:06:23.252130Z[0m [32m INFO[0m [1;32mrch::transfer[0m[32m: [32mSync completed in 7720ms[0m
    [2;3mat[0m rch/src/transfer.rs:1503 [2;3mon[0m ThreadId(1)

  [2m2026-06-11T20:06:23.252207Z[0m [32m INFO[0m [1;32mrch::transfer[0m[32m: [32mSyncing /data/projects/frankentorch/crates/ft-api -> /data/projects/frankentorch/crates/ft-api on vmi1149989[0m
    [2;3mat[0m rch/src/transfer.rs:1434 [2;3mon[0m ThreadId(1)

  [2m2026-06-11T20:06:25.157867Z[0m [32m INFO[0m [1;32mrch::transfer[0m[32m: [32mSync completed in 1905ms[0m
    [2;3mat[0m rch/src/transfer.rs:1503 [2;3mon[0m ThreadId(1)

  [2m2026-06-11T20:06:25.157954Z[0m [32m INFO[0m [1;32mrch::transfer[0m[32m: [32mSyncing /data/projects/frankentorch/crates/ft-autograd -> /data/projects/frankentorch/crates/ft-autograd on vmi1149989[0m
    [2;3mat[0m rch/src/transfer.rs:1434 [2;3mon[0m ThreadId(1)

  [2m2026-06-11T20:06:27.007236Z[0m [32m INFO[0m [1;32mrch::transfer[0m[32m: [32mSync completed in 1849ms[0m
    [2;3mat[0m rch/src/transfer.rs:1503 [2;3mon[0m ThreadId(1)

  [2m2026-06-11T20:06:27.007308Z[0m [32m INFO[0m [1;32mrch::transfer[0m[32m: [32mSyncing /data/projects/frankentorch/crates/ft-conformance -> /data/projects/frankentorch/crates/ft-conformance on vmi1149989[0m
    [2;3mat[0m rch/src/transfer.rs:1434 [2;3mon[0m ThreadId(1)

  [2m2026-06-11T20:06:28.837529Z[0m [32m INFO[0m [1;32mrch::transfer[0m[32m: [32mSync completed in 1830ms[0m
    [2;3mat[0m rch/src/transfer.rs:1503 [2;3mon[0m ThreadId(1)

  [2m2026-06-11T20:06:28.837615Z[0m [32m INFO[0m [1;32mrch::transfer[0m[32m: [32mSyncing /data/projects/frankentorch/crates/ft-core -> /data/projects/frankentorch/crates/ft-core on vmi1149989[0m
    [2;3mat[0m rch/src/transfer.rs:1434 [2;3mon[0m ThreadId(1)

  [2m2026-06-11T20:06:30.793747Z[0m [32m INFO[0m [1;32mrch::transfer[0m[32m: [32mSync completed in 1956ms[0m
    [2;3mat[0m rch/src/transfer.rs:1503 [2;3mon[0m ThreadId(1)

  [2m2026-06-11T20:06:30.793844Z[0m [32m INFO[0m [1;32mrch::transfer[0m[32m: [32mSyncing /data/projects/frankentorch/crates/ft-data -> /data/projects/frankentorch/crates/ft-data on vmi1149989[0m
    [2;3mat[0m rch/src/transfer.rs:1434 [2;3mon[0m ThreadId(1)

  [2m2026-06-11T20:06:32.634616Z[0m [32m INFO[0m [1;32mrch::transfer[0m[32m: [32mSync completed in 1840ms[0m
    [2;3mat[0m rch/src/transfer.rs:1503 [2;3mon[0m ThreadId(1)

  [2m2026-06-11T20:06:32.634713Z[0m [32m INFO[0m [1;32mrch::transfer[0m[32m: [32mSyncing /data/projects/frankentorch/crates/ft-device -> /data/projects/frankentorch/crates/ft-device on vmi1149989[0m
    [2;3mat[0m rch/src/transfer.rs:1434 [2;3mon[0m ThreadId(1)

  [2m2026-06-11T20:06:34.477584Z[0m [32m INFO[0m [1;32mrch::transfer[0m[32m: [32mSync completed in 1842ms[0m
    [2;3mat[0m rch/src/transfer.rs:1503 [2;3mon[0m ThreadId(1)

  [2m2026-06-11T20:06:34.477658Z[0m [32m INFO[0m [1;32mrch::transfer[0m[32m: [32mSyncing /data/projects/frankentorch/crates/ft-dispatch -> /data/projects/frankentorch/crates/ft-dispatch on vmi1149989[0m
    [2;3mat[0m rch/src/transfer.rs:1434 [2;3mon[0m ThreadId(1)

  [2m2026-06-11T20:06:36.814095Z[0m [32m INFO[0m [1;32mrch::transfer[0m[32m: [32mSync completed in 2336ms[0m
    [2;3mat[0m rch/src/transfer.rs:1503 [2;3mon[0m ThreadId(1)

  [2m2026-06-11T20:06:36.814233Z[0m [32m INFO[0m [1;32mrch::transfer[0m[32m: [32mSyncing /data/projects/frankentorch/crates/ft-kernel-cpu -> /data/projects/frankentorch/crates/ft-kernel-cpu on vmi1149989[0m
    [2;3mat[0m rch/src/transfer.rs:1434 [2;3mon[0m ThreadId(1)

  [2m2026-06-11T20:06:38.666469Z[0m [32m INFO[0m [1;32mrch::transfer[0m[32m: [32mSync completed in 1852ms[0m
    [2;3mat[0m rch/src/transfer.rs:1503 [2;3mon[0m ThreadId(1)

  [2m2026-06-11T20:06:38.666552Z[0m [32m INFO[0m [1;32mrch::transfer[0m[32m: [32mSyncing /data/projects/frankentorch/crates/ft-nn -> /data/projects/frankentorch/crates/ft-nn on vmi1149989[0m
    [2;3mat[0m rch/src/transfer.rs:1434 [2;3mon[0m ThreadId(1)

  [2m2026-06-11T20:06:40.516698Z[0m [32m INFO[0m [1;32mrch::transfer[0m[32m: [32mSync completed in 1850ms[0m
    [2;3mat[0m rch/src/transfer.rs:1503 [2;3mon[0m ThreadId(1)

  [2m2026-06-11T20:06:40.516785Z[0m [32m INFO[0m [1;32mrch::transfer[0m[32m: [32mSyncing /data/projects/frankentorch/crates/ft-optim -> /data/projects/frankentorch/crates/ft-optim on vmi1149989[0m
    [2;3mat[0m rch/src/transfer.rs:1434 [2;3mon[0m ThreadId(1)

  [2m2026-06-11T20:06:42.443558Z[0m [32m INFO[0m [1;32mrch::transfer[0m[32m: [32mSync completed in 1926ms[0m
    [2;3mat[0m rch/src/transfer.rs:1503 [2;3mon[0m ThreadId(1)

  [2m2026-06-11T20:06:42.443638Z[0m [32m INFO[0m [1;32mrch::transfer[0m[32m: [32mSyncing /data/projects/frankentorch/crates/ft-runtime -> /data/projects/frankentorch/crates/ft-runtime on vmi1149989[0m
    [2;3mat[0m rch/src/transfer.rs:1434 [2;3mon[0m ThreadId(1)

  [2m2026-06-11T20:06:44.223005Z[0m [32m INFO[0m [1;32mrch::transfer[0m[32m: [32mSync completed in 1779ms[0m
    [2;3mat[0m rch/src/transfer.rs:1503 [2;3mon[0m ThreadId(1)

  [2m2026-06-11T20:06:44.223084Z[0m [32m INFO[0m [1;32mrch::transfer[0m[32m: [32mSyncing /data/projects/frankentorch/crates/ft-serialize -> /data/projects/frankentorch/crates/ft-serialize on vmi1149989[0m
    [2;3mat[0m rch/src/transfer.rs:1434 [2;3mon[0m ThreadId(1)

  [2m2026-06-11T20:06:46.059741Z[0m [32m INFO[0m [1;32mrch::transfer[0m[32m: [32mSync completed in 1836ms[0m
    [2;3mat[0m rch/src/transfer.rs:1503 [2;3mon[0m ThreadId(1)

  [2m2026-06-11T20:06:46.059849Z[0m [32m INFO[0m [1;32mrch::hook[0m[32m: [32mSync complete: 51736 files, 1849057 bytes in 30521ms[0m
    [2;3mat[0m rch/src/hook.rs:6209 [2;3mon[0m ThreadId(1)

  [2m2026-06-11T20:06:50.047780Z[0m [32m INFO[0m [1;32mrch::hook[0m[32m: [32mExecuting command remotely: cargo run -p ft-kernel-cpu --example eig_timing_probe[0m
    [2;3mat[0m rch/src/hook.rs:6252 [2;3mon[0m ThreadId(1)

  [2m2026-06-11T20:06:50.047828Z[0m [32m INFO[0m [1;32mrch::transfer[0m[32m: [32mRewriting CARGO_TARGET_DIR for remote execution (worker-scoped path): /data/tmp/cargo-target -> /data/projects/frankentorch/.rch-target-vmi1149989-job-29883510449766695-1781208375531383250-0[0m
    [2;3mat[0m rch/src/transfer.rs:712 [2;3mon[0m ThreadId(1)

    Updating crates.io index
 Downloading crates ...
  Downloaded bit-set v0.8.0
  Downloaded anstyle v1.0.14
  Downloaded autocfg v1.5.0
  Downloaded bit-vec v0.8.0
  Downloaded anes v0.1.6
  Downloaded cfg-if v1.0.4
  Downloaded clap_lex v1.1.0
  Downloaded unarray v0.1.4
  Downloaded ciborium-io v0.2.2
  Downloaded same-file v1.0.6
  Downloaded plotters-svg v0.3.7
  Downloaded is-terminal v0.4.17
  Downloaded ciborium-ll v0.2.2
  Downloaded rawpointer v0.2.1
  Downloaded cast v0.3.0
  Downloaded walkdir v2.5.0
  Downloaded criterion-plot v0.5.0
  Downloaded zmij v1.0.21
  Downloaded fastrand v2.4.1
  Downloaded errno v0.3.14
  Downloaded plotters-backend v0.3.7
  Downloaded quick-error v1.2.3
  Downloaded wait-timeout v0.2.1
  Downloaded fnv v1.0.7
  Downloaded either v1.15.0
  Downloaded itoa v1.0.18
  Downloaded ppv-lite86 v0.2.21
  Downloaded rand_xorshift v0.4.0
  Downloaded quote v1.0.45
  Downloaded crossbeam-deque v0.8.6
  Downloaded insta v1.47.2
  Downloaded rusty-fork v0.3.1
  Downloaded num-complex v0.4.6
  Downloaded rand_core v0.9.5
  Downloaded rand_chacha v0.9.0
  Downloaded tinytemplate v1.2.1
  Downloaded oorandom v11.1.5
  Downloaded crossbeam-utils v0.8.21
  Downloaded bitflags v2.11.1
  Downloaded getrandom v0.3.4
  Downloaded once_cell v1.21.4
  Downloaded tempfile v3.27.0
  Downloaded bytemuck v1.25.0
  Downloaded aho-corasick v1.1.4
  Downloaded bytemuck_derive v1.10.2
  Downloaded crossbeam-epoch v0.9.18
  Downloaded unicode-ident v1.0.24
  Downloaded ciborium v0.2.2
  Downloaded similar v2.7.0
  Downloaded half v2.7.1
  Downloaded serde_derive v1.0.228
  Downloaded serde_core v1.0.228
  Downloaded matrixmultiply v0.3.10
  Downloaded proc-macro2 v1.0.106
  Downloaded zerocopy-derive v0.8.48
  Downloaded rayon-core v1.13.0
  Downloaded safe_arch v0.7.4
  Downloaded console v0.16.3
  Downloaded criterion v0.5.1
  Downloaded num-traits v0.2.19
  Downloaded rand v0.9.4
  Downloaded serde v1.0.228
  Downloaded wide v0.7.33
  Downloaded clap v4.6.1
  Downloaded memchr v2.8.0
  Downloaded itertools v0.10.5
  Downloaded serde_json v1.0.149
  Downloaded clap_builder v4.6.0
  Downloaded plotters v0.3.7
  Downloaded regex v1.12.3
  Downloaded libm v0.2.16
  Downloaded rayon v1.12.0
  Downloaded proptest v1.11.0
  Downloaded syn v2.0.117
  Downloaded zerocopy v0.8.48
  Downloaded regex-syntax v0.8.10
  Downloaded rustix v1.1.4
  Downloaded regex-automata v0.4.14
  Downloaded libc v0.2.185
  Downloaded linux-raw-sys v0.12.1
   Compiling proc-macro2 v1.0.106
   Compiling quote v1.0.45
   Compiling unicode-ident v1.0.24
   Compiling cfg-if v1.0.4
   Compiling libc v0.2.185
   Compiling autocfg v1.5.0
   Compiling zerocopy v0.8.48
   Compiling getrandom v0.3.4
   Compiling crossbeam-utils v0.8.21
   Compiling serde_core v1.0.228
   Compiling rustix v1.1.4
   Compiling once_cell v1.21.4
   Compiling zmij v1.0.21
   Compiling rayon-core v1.13.0
   Compiling bitflags v2.11.1
   Compiling linux-raw-sys v0.12.1
   Compiling either v1.15.0
   Compiling num-traits v0.2.19
   Compiling serde v1.0.228
   Compiling regex-syntax v0.8.10
   Compiling fastrand v2.4.1
   Compiling serde_json v1.0.149
   Compiling crossbeam-epoch v0.9.18
   Compiling syn v2.0.117
   Compiling matrixmultiply v0.3.10
   Compiling crossbeam-deque v0.8.6
   Compiling clap_lex v1.1.0
   Compiling ciborium-io v0.2.2
   Compiling itoa v1.0.18
   Compiling anstyle v1.0.14
   Compiling plotters-backend v0.3.7
   Compiling libm v0.2.16
   Compiling memchr v2.8.0
   Compiling rand_core v0.9.5
   Compiling num-complex v0.4.6
   Compiling plotters-svg v0.3.7
   Compiling clap_builder v4.6.0
   Compiling rayon v1.12.0
   Compiling wait-timeout v0.2.1
   Compiling itertools v0.10.5
   Compiling cast v0.3.0
   Compiling quick-error v1.2.3
   Compiling bit-vec v0.8.0
   Compiling tempfile v3.27.0
   Compiling same-file v1.0.6
   Compiling regex-automata v0.4.14
   Compiling fnv v1.0.7
   Compiling rawpointer v0.2.1
   Compiling rusty-fork v0.3.1
   Compiling bit-set v0.8.0
   Compiling walkdir v2.5.0
   Compiling criterion-plot v0.5.0
   Compiling plotters v0.3.7
   Compiling clap v4.6.1
   Compiling rand v0.9.4
   Compiling rand_xorshift v0.4.0
   Compiling is-terminal v0.4.17
   Compiling console v0.16.3
   Compiling anes v0.1.6
   Compiling similar v2.7.0
   Compiling oorandom v11.1.5
   Compiling unarray v0.1.4
   Compiling regex v1.12.3
   Compiling insta v1.47.2
   Compiling zerocopy-derive v0.8.48
   Compiling bytemuck_derive v1.10.2
   Compiling serde_derive v1.0.228
   Compiling bytemuck v1.25.0
   Compiling safe_arch v0.7.4
   Compiling wide v0.7.33
   Compiling tinytemplate v1.2.1
   Compiling half v2.7.1
   Compiling ppv-lite86 v0.2.21
   Compiling ciborium-ll v0.2.2
   Compiling ft-core v0.1.0 (/data/projects/frankentorch/crates/ft-core)
   Compiling rand_chacha v0.9.0
   Compiling ciborium v0.2.2
   Compiling proptest v1.11.0
   Compiling ft-kernel-cpu v0.1.0 (/data/projects/frankentorch/crates/ft-kernel-cpu)
   Compiling criterion v0.5.1
warning: method `deflated_eigenvalue_count` is never used
     --> crates/ft-kernel-cpu/src/lib.rs:12731:8
      |
12712 | impl EigFrancisProfile {
      | ---------------------- method in this implementation
...
12731 |     fn deflated_eigenvalue_count(&self) -> usize {
      |        ^^^^^^^^^^^^^^^^^^^^^^^^^
      |
      = note: `#[warn(dead_code)]` (part of `#[warn(unused)]`) on by default

warning: `ft-kernel-cpu` (lib) generated 1 warning
    Finished `dev` profile [unoptimized + debuginfo] target(s) in 17.16s
     Running `.rch-target-vmi1149989-job-29883510449766695-1781208375531383250-0/debug/examples/eig_timing_probe`
threads=10
n=128   eigvals=   58.71ms  eig=   91.52ms  (vec_machinery=32.80ms)
profile n=128   sweeps=173 defl1=28 defl2=50 fallback=0 exceptional=0 max_width=128 samples=173 truncated=false first_shift=[0..127 x=6.690e1 y=5.117e1 w=1.724e0 exceptional=false]
n=256   eigvals=  446.34ms  eig=  640.58ms  (vec_machinery=194.23ms)
profile n=256   sweeps=319 defl1=14 defl2=121 fallback=0 exceptional=0 max_width=256 samples=319 truncated=false first_shift=[0..255 x=1.290e2 y=1.240e2 w=6.569e1 exceptional=false]
n=512   eigvals= 3243.76ms  eig= 4511.88ms  (vec_machinery=1268.11ms)
profile n=512   sweeps=583 defl1=10 defl2=251 fallback=0 exceptional=0 max_width=512 samples=583 truncated=false first_shift=[0..511 x=2.554e2 y=2.588e2 w=5.377e1 exceptional=false]
n=1024  eigvals=17534.37ms  eig=26666.54ms  (vec_machinery=9132.17ms)
profile n=1024  sweeps=1132 defl1=18 defl2=503 fallback=0 exceptional=0 max_width=1024 samples=1132 truncated=false first_shift=[0..1023 x=5.118e2 y=5.120e2 w=1.282e2 exceptional=false]
  [2m2026-06-11T20:10:32.691589Z[0m [32m INFO[0m [1;32mrch::hook[0m[32m: [32mRemote command finished: exit=0 in 222643ms[0m
    [2;3mat[0m rch/src/hook.rs:6376 [2;3mon[0m ThreadId(1)

  [2m2026-06-11T20:10:32.691898Z[0m [32m INFO[0m [1;32mrch::hook[0m[32m: [32mRetrieving build artifacts...[0m
    [2;3mat[0m rch/src/hook.rs:6425 [2;3mon[0m ThreadId(1)

  [2m2026-06-11T20:10:32.691920Z[0m [32m INFO[0m [1;32mrch::transfer[0m[32m: [32mRetrieving artifacts from /data/projects/frankentorch on vmi1149989[0m
    [2;3mat[0m rch/src/transfer.rs:2106 [2;3mon[0m ThreadId(1)

  [2m2026-06-11T20:10:34.557146Z[0m [32m INFO[0m [1;32mrch::transfer[0m[32m: [32mArtifacts retrieved in 1865ms (1 files, 1709 bytes)[0m
    [2;3mat[0m rch/src/transfer.rs:2145 [2;3mon[0m ThreadId(1)

  [2m2026-06-11T20:10:34.557173Z[0m [32m INFO[0m [1;32mrch::hook[0m[32m: [32mArtifacts retrieved: 1 files, 1709 bytes in 1865ms[0m
    [2;3mat[0m rch/src/hook.rs:6458 [2;3mon[0m ThreadId(1)

  [2m2026-06-11T20:10:34.557257Z[0m [32m INFO[0m [1;32mrch::transfer[0m[32m: [32mRetrieving artifacts from /data/projects/frankentorch/.rch-target-vmi1149989-job-29883510449766695-1781208375531383250-0 on vmi1149989[0m
    [2;3mat[0m rch/src/transfer.rs:2106 [2;3mon[0m ThreadId(1)

  [2m2026-06-11T20:10:43.138606Z[0m [32m INFO[0m [1;32mrch::transfer[0m[32m: [32mArtifacts retrieved in 8581ms (1171 files, 1467341 bytes)[0m
    [2;3mat[0m rch/src/transfer.rs:2145 [2;3mon[0m ThreadId(1)

  [2m2026-06-11T20:10:43.138641Z[0m [32m INFO[0m [1;32mrch::hook[0m[32m: [32mCustom CARGO_TARGET_DIR artifacts retrieved: 1171 files, 1467341 bytes in 8581ms[0m
    [2;3mat[0m rch/src/hook.rs:6582 [2;3mon[0m ThreadId(1)

[RCH] remote vmi1149989 (269.5s)
