  [2m2026-06-16T02:10:00.089231Z[0m [32m INFO[0m [1;32mrch::hook[0m[32m: [32mSelected worker: vmi1149989 at root@212.90.121.76 (1 slots remaining after reservation, speed 50.0)[0m
    [2;3mat[0m rch/src/hook.rs:514 [2;3mon[0m ThreadId(1)

  [2m2026-06-16T02:10:00.407051Z[0m [32m INFO[0m [1;32mrch::hook[0m[32m: [32mStarting remote compilation pipeline for frankentorch-ivorydeer-clean-20260615T214904Z (hash: b58f860600e5d1c4)[0m
    [2;3mat[0m rch/src/hook.rs:5994 [2;3mon[0m ThreadId(1)

  [2m2026-06-16T02:10:00.407096Z[0m [32m INFO[0m [1;32mrch::hook[0m[32m: [32mPrepared dependency sync manifest for 13 roots[0m
    [2;3mat[0m rch/src/hook.rs:6016 [2;3mon[0m ThreadId(1)

  [2m2026-06-16T02:10:02.302150Z[0m [32m INFO[0m [1;32mrch::hook[0m[32m: [32mSyncing project to worker vmi1149989...[0m
    [2;3mat[0m rch/src/hook.rs:6046 [2;3mon[0m ThreadId(1)

  [2m2026-06-16T02:10:02.302288Z[0m [32m INFO[0m [1;32mrch::transfer[0m[32m: [32mSyncing /data/projects/.scratch/frankentorch-ivorydeer-clean-20260615T214904Z -> /data/projects/.scratch/frankentorch-ivorydeer-clean-20260615T214904Z on vmi1149989[0m
    [2;3mat[0m rch/src/transfer.rs:1434 [2;3mon[0m ThreadId(1)

  [2m2026-06-16T02:10:05.123428Z[0m [32m INFO[0m [1;32mrch::transfer[0m[32m: [32mSync completed in 2821ms[0m
    [2;3mat[0m rch/src/transfer.rs:1503 [2;3mon[0m ThreadId(1)

  [2m2026-06-16T02:10:05.123607Z[0m [32m INFO[0m [1;32mrch::transfer[0m[32m: [32mSyncing /data/projects/.scratch/frankentorch-ivorydeer-clean-20260615T214904Z/crates/ft-api -> /data/projects/.scratch/frankentorch-ivorydeer-clean-20260615T214904Z/crates/ft-api on vmi1149989[0m
    [2;3mat[0m rch/src/transfer.rs:1434 [2;3mon[0m ThreadId(1)

  [2m2026-06-16T02:10:07.253748Z[0m [32m INFO[0m [1;32mrch::transfer[0m[32m: [32mSync completed in 2130ms[0m
    [2;3mat[0m rch/src/transfer.rs:1503 [2;3mon[0m ThreadId(1)

  [2m2026-06-16T02:10:07.253902Z[0m [32m INFO[0m [1;32mrch::transfer[0m[32m: [32mSyncing /data/projects/.scratch/frankentorch-ivorydeer-clean-20260615T214904Z/crates/ft-autograd -> /data/projects/.scratch/frankentorch-ivorydeer-clean-20260615T214904Z/crates/ft-autograd on vmi1149989[0m
    [2;3mat[0m rch/src/transfer.rs:1434 [2;3mon[0m ThreadId(1)

  [2m2026-06-16T02:10:09.399027Z[0m [32m INFO[0m [1;32mrch::transfer[0m[32m: [32mSync completed in 2145ms[0m
    [2;3mat[0m rch/src/transfer.rs:1503 [2;3mon[0m ThreadId(1)

  [2m2026-06-16T02:10:09.399221Z[0m [32m INFO[0m [1;32mrch::transfer[0m[32m: [32mSyncing /data/projects/.scratch/frankentorch-ivorydeer-clean-20260615T214904Z/crates/ft-conformance -> /data/projects/.scratch/frankentorch-ivorydeer-clean-20260615T214904Z/crates/ft-conformance on vmi1149989[0m
    [2;3mat[0m rch/src/transfer.rs:1434 [2;3mon[0m ThreadId(1)

  [2m2026-06-16T02:10:11.552753Z[0m [32m INFO[0m [1;32mrch::transfer[0m[32m: [32mSync completed in 2153ms[0m
    [2;3mat[0m rch/src/transfer.rs:1503 [2;3mon[0m ThreadId(1)

  [2m2026-06-16T02:10:11.552966Z[0m [32m INFO[0m [1;32mrch::transfer[0m[32m: [32mSyncing /data/projects/.scratch/frankentorch-ivorydeer-clean-20260615T214904Z/crates/ft-core -> /data/projects/.scratch/frankentorch-ivorydeer-clean-20260615T214904Z/crates/ft-core on vmi1149989[0m
    [2;3mat[0m rch/src/transfer.rs:1434 [2;3mon[0m ThreadId(1)

  [2m2026-06-16T02:10:13.733048Z[0m [32m INFO[0m [1;32mrch::transfer[0m[32m: [32mSync completed in 2180ms[0m
    [2;3mat[0m rch/src/transfer.rs:1503 [2;3mon[0m ThreadId(1)

  [2m2026-06-16T02:10:13.733261Z[0m [32m INFO[0m [1;32mrch::transfer[0m[32m: [32mSyncing /data/projects/.scratch/frankentorch-ivorydeer-clean-20260615T214904Z/crates/ft-data -> /data/projects/.scratch/frankentorch-ivorydeer-clean-20260615T214904Z/crates/ft-data on vmi1149989[0m
    [2;3mat[0m rch/src/transfer.rs:1434 [2;3mon[0m ThreadId(1)

  [2m2026-06-16T02:10:15.909172Z[0m [32m INFO[0m [1;32mrch::transfer[0m[32m: [32mSync completed in 2175ms[0m
    [2;3mat[0m rch/src/transfer.rs:1503 [2;3mon[0m ThreadId(1)

  [2m2026-06-16T02:10:15.909370Z[0m [32m INFO[0m [1;32mrch::transfer[0m[32m: [32mSyncing /data/projects/.scratch/frankentorch-ivorydeer-clean-20260615T214904Z/crates/ft-device -> /data/projects/.scratch/frankentorch-ivorydeer-clean-20260615T214904Z/crates/ft-device on vmi1149989[0m
    [2;3mat[0m rch/src/transfer.rs:1434 [2;3mon[0m ThreadId(1)

  [2m2026-06-16T02:10:17.997168Z[0m [32m INFO[0m [1;32mrch::transfer[0m[32m: [32mSync completed in 2087ms[0m
    [2;3mat[0m rch/src/transfer.rs:1503 [2;3mon[0m ThreadId(1)

  [2m2026-06-16T02:10:17.997329Z[0m [32m INFO[0m [1;32mrch::transfer[0m[32m: [32mSyncing /data/projects/.scratch/frankentorch-ivorydeer-clean-20260615T214904Z/crates/ft-dispatch -> /data/projects/.scratch/frankentorch-ivorydeer-clean-20260615T214904Z/crates/ft-dispatch on vmi1149989[0m
    [2;3mat[0m rch/src/transfer.rs:1434 [2;3mon[0m ThreadId(1)

  [2m2026-06-16T02:10:20.062203Z[0m [32m INFO[0m [1;32mrch::transfer[0m[32m: [32mSync completed in 2064ms[0m
    [2;3mat[0m rch/src/transfer.rs:1503 [2;3mon[0m ThreadId(1)

  [2m2026-06-16T02:10:20.062386Z[0m [32m INFO[0m [1;32mrch::transfer[0m[32m: [32mSyncing /data/projects/.scratch/frankentorch-ivorydeer-clean-20260615T214904Z/crates/ft-kernel-cpu -> /data/projects/.scratch/frankentorch-ivorydeer-clean-20260615T214904Z/crates/ft-kernel-cpu on vmi1149989[0m
    [2;3mat[0m rch/src/transfer.rs:1434 [2;3mon[0m ThreadId(1)

  [2m2026-06-16T02:10:22.623260Z[0m [32m INFO[0m [1;32mrch::transfer[0m[32m: [32mSync completed in 2560ms[0m
    [2;3mat[0m rch/src/transfer.rs:1503 [2;3mon[0m ThreadId(1)

  [2m2026-06-16T02:10:22.623426Z[0m [32m INFO[0m [1;32mrch::transfer[0m[32m: [32mSyncing /data/projects/.scratch/frankentorch-ivorydeer-clean-20260615T214904Z/crates/ft-nn -> /data/projects/.scratch/frankentorch-ivorydeer-clean-20260615T214904Z/crates/ft-nn on vmi1149989[0m
    [2;3mat[0m rch/src/transfer.rs:1434 [2;3mon[0m ThreadId(1)

  [2m2026-06-16T02:10:24.734510Z[0m [32m INFO[0m [1;32mrch::transfer[0m[32m: [32mSync completed in 2111ms[0m
    [2;3mat[0m rch/src/transfer.rs:1503 [2;3mon[0m ThreadId(1)

  [2m2026-06-16T02:10:24.734677Z[0m [32m INFO[0m [1;32mrch::transfer[0m[32m: [32mSyncing /data/projects/.scratch/frankentorch-ivorydeer-clean-20260615T214904Z/crates/ft-optim -> /data/projects/.scratch/frankentorch-ivorydeer-clean-20260615T214904Z/crates/ft-optim on vmi1149989[0m
    [2;3mat[0m rch/src/transfer.rs:1434 [2;3mon[0m ThreadId(1)

  [2m2026-06-16T02:10:26.837704Z[0m [32m INFO[0m [1;32mrch::transfer[0m[32m: [32mSync completed in 2103ms[0m
    [2;3mat[0m rch/src/transfer.rs:1503 [2;3mon[0m ThreadId(1)

  [2m2026-06-16T02:10:26.837854Z[0m [32m INFO[0m [1;32mrch::transfer[0m[32m: [32mSyncing /data/projects/.scratch/frankentorch-ivorydeer-clean-20260615T214904Z/crates/ft-runtime -> /data/projects/.scratch/frankentorch-ivorydeer-clean-20260615T214904Z/crates/ft-runtime on vmi1149989[0m
    [2;3mat[0m rch/src/transfer.rs:1434 [2;3mon[0m ThreadId(1)

  [2m2026-06-16T02:10:28.905367Z[0m [32m INFO[0m [1;32mrch::transfer[0m[32m: [32mSync completed in 2067ms[0m
    [2;3mat[0m rch/src/transfer.rs:1503 [2;3mon[0m ThreadId(1)

  [2m2026-06-16T02:10:28.905519Z[0m [32m INFO[0m [1;32mrch::transfer[0m[32m: [32mSyncing /data/projects/.scratch/frankentorch-ivorydeer-clean-20260615T214904Z/crates/ft-serialize -> /data/projects/.scratch/frankentorch-ivorydeer-clean-20260615T214904Z/crates/ft-serialize on vmi1149989[0m
    [2;3mat[0m rch/src/transfer.rs:1434 [2;3mon[0m ThreadId(1)

  [2m2026-06-16T02:10:31.088861Z[0m [32m INFO[0m [1;32mrch::transfer[0m[32m: [32mSync completed in 2183ms[0m
    [2;3mat[0m rch/src/transfer.rs:1503 [2;3mon[0m ThreadId(1)

  [2m2026-06-16T02:10:31.088913Z[0m [32m INFO[0m [1;32mrch::hook[0m[32m: [32mSync complete: 3118 files, 206382 bytes in 28779ms[0m
    [2;3mat[0m rch/src/hook.rs:6209 [2;3mon[0m ThreadId(1)

  [2m2026-06-16T02:10:37.797807Z[0m [32m INFO[0m [1;32mrch::hook[0m[32m: [32mExecuting command remotely: cargo bench -j 1 -p ft-api --bench ops_bench -- '^(batch_norm/grad_train_32x256x28x28|batch_norm/grad_1d_8192x1024|group_norm/grad_32x256x28x28|layer_norm/grad_2048x1024|rms_norm/grad_2048x1024|sdpa/grad_16x512x64|conv3d/grad|conv_transpose2d/grad|max_pool3d/grad|max_pool2d/grad|avg_pool2d/grad|conv1d_family/(max_pool1d_grad|avg_pool1d_grad|conv_transpose1d_grad)|linear_train/hidden/2048)$' --warm-up-time 1 --measurement-time 3 --sample-size 10 --noplot[0m
    [2;3mat[0m rch/src/hook.rs:6252 [2;3mon[0m ThreadId(1)

  [2m2026-06-16T02:10:37.797889Z[0m [32m INFO[0m [1;32mrch::transfer[0m[32m: [32mRewriting CARGO_TARGET_DIR for remote execution (worker-scoped path): /data/tmp/cargo-target -> /data/projects/.scratch/frankentorch-ivorydeer-clean-20260615T214904Z/.rch-target-vmi1149989-job-29884606035534329-1781575802302142380-0[0m
    [2;3mat[0m rch/src/transfer.rs:712 [2;3mon[0m ThreadId(1)

    Updating crates.io index
 Downloading crates ...
  Downloaded anstyle v1.0.14
  Downloaded ciborium-ll v0.2.2
  Downloaded ciborium-io v0.2.2
  Downloaded clap_lex v1.1.0
  Downloaded cfg-if v1.0.4
  Downloaded aho-corasick v1.1.4
  Downloaded is-terminal v0.4.17
  Downloaded cast v0.3.0
  Downloaded plotters-backend v0.3.7
  Downloaded plotters-svg v0.3.7
  Downloaded rawpointer v0.2.1
  Downloaded itoa v1.0.18
  Downloaded same-file v1.0.6
  Downloaded autocfg v1.5.0
  Downloaded anes v0.1.6
  Downloaded criterion-plot v0.5.0
  Downloaded crossbeam-deque v0.8.6
  Downloaded either v1.15.0
  Downloaded oorandom v11.1.5
  Downloaded quote v1.0.45
  Downloaded tinytemplate v1.2.1
  Downloaded bytemuck_derive v1.10.2
  Downloaded crossbeam-epoch v0.9.18
  Downloaded crossbeam-utils v0.8.21
  Downloaded num-complex v0.4.6
  Downloaded once_cell v1.21.4
  Downloaded zmij v1.0.21
  Downloaded bytemuck v1.25.0
  Downloaded ciborium v0.2.2
  Downloaded clap v4.6.1
  Downloaded matrixmultiply v0.3.10
  Downloaded num-traits v0.2.19
  Downloaded proc-macro2 v1.0.106
  Downloaded serde_core v1.0.228
  Downloaded serde_derive v1.0.228
  Downloaded unicode-ident v1.0.24
  Downloaded walkdir v2.5.0
  Downloaded half v2.7.1
  Downloaded safe_arch v0.7.4
  Downloaded rayon-core v1.13.0
  Downloaded memchr v2.8.0
  Downloaded serde v1.0.228
  Downloaded wide v0.7.33
  Downloaded zerocopy-derive v0.8.48
  Downloaded criterion v0.5.1
  Downloaded itertools v0.10.5
  Downloaded regex v1.12.3
  Downloaded serde_json v1.0.149
  Downloaded plotters v0.3.7
  Downloaded clap_builder v4.6.0
  Downloaded libm v0.2.16
  Downloaded rayon v1.12.0
  Downloaded syn v2.0.117
  Downloaded zerocopy v0.8.48
  Downloaded regex-syntax v0.8.10
  Downloaded regex-automata v0.4.14
  Downloaded libc v0.2.185
   Compiling proc-macro2 v1.0.106
   Compiling unicode-ident v1.0.24
   Compiling quote v1.0.45
   Compiling syn v2.0.117
   Compiling autocfg v1.5.0
   Compiling bytemuck_derive v1.10.2
   Compiling bytemuck v1.25.0
   Compiling zerocopy v0.8.48
   Compiling num-traits v0.2.19
   Compiling zerocopy-derive v0.8.48
   Compiling crossbeam-utils v0.8.21
   Compiling cfg-if v1.0.4
   Compiling half v2.7.1
   Compiling crossbeam-epoch v0.9.18
   Compiling either v1.15.0
   Compiling rayon-core v1.13.0
   Compiling crossbeam-deque v0.8.6
   Compiling serde_core v1.0.228
   Compiling num-complex v0.4.6
   Compiling matrixmultiply v0.3.10
   Compiling libm v0.2.16
   Compiling ft-core v0.1.0 (/data/projects/.scratch/frankentorch-ivorydeer-clean-20260615T214904Z/crates/ft-core)
   Compiling rayon v1.12.0
   Compiling safe_arch v0.7.4
   Compiling zmij v1.0.21
   Compiling serde v1.0.228
   Compiling rawpointer v0.2.1
   Compiling wide v0.7.33
   Compiling serde_derive v1.0.228
   Compiling libc v0.2.185
   Compiling serde_json v1.0.149
   Compiling ft-kernel-cpu v0.1.0 (/data/projects/.scratch/frankentorch-ivorydeer-clean-20260615T214904Z/crates/ft-kernel-cpu)
   Compiling ciborium-io v0.2.2
   Compiling clap_lex v1.1.0
   Compiling plotters-backend v0.3.7
   Compiling itoa v1.0.18
   Compiling memchr v2.8.0
   Compiling regex-syntax v0.8.10
   Compiling anstyle v1.0.14
   Compiling clap_builder v4.6.0
   Compiling regex-automata v0.4.14
   Compiling plotters-svg v0.3.7
   Compiling ciborium-ll v0.2.2
   Compiling ft-dispatch v0.1.0 (/data/projects/.scratch/frankentorch-ivorydeer-clean-20260615T214904Z/crates/ft-dispatch)
   Compiling itertools v0.10.5
   Compiling same-file v1.0.6
   Compiling cast v0.3.0
   Compiling criterion-plot v0.5.0
   Compiling walkdir v2.5.0
   Compiling is-terminal v0.4.17
   Compiling ft-autograd v0.1.0 (/data/projects/.scratch/frankentorch-ivorydeer-clean-20260615T214904Z/crates/ft-autograd)
   Compiling ciborium v0.2.2
   Compiling plotters v0.3.7
   Compiling tinytemplate v1.2.1
   Compiling regex v1.12.3
   Compiling clap v4.6.1
   Compiling ft-runtime v0.1.0 (/data/projects/.scratch/frankentorch-ivorydeer-clean-20260615T214904Z/crates/ft-runtime)
   Compiling anes v0.1.6
   Compiling oorandom v11.1.5
   Compiling once_cell v1.21.4
   Compiling criterion v0.5.1
   Compiling ft-api v0.1.0 (/data/projects/.scratch/frankentorch-ivorydeer-clean-20260615T214904Z/crates/ft-api)
    Finished `bench` profile [optimized + debuginfo] target(s) in 7m 03s
     Running benches/ops_bench.rs (.rch-target-vmi1149989-job-29884606035534329-1781575802302142380-0/release/deps/ops_bench-8824b9e24f0b8087)
Gnuplot not found, using plotters backend
Benchmarking conv3d/grad
Benchmarking conv3d/grad: Warming up for 1.0000 s
Benchmarking conv3d/grad: Collecting 10 samples in estimated 4.3802 s (110 iterations)
Benchmarking conv3d/grad: Analyzing
conv3d/grad             time:   [57.940 ms 67.203 ms 73.861 ms]

Benchmarking conv_transpose2d/grad
Benchmarking conv_transpose2d/grad: Warming up for 1.0000 s
Benchmarking conv_transpose2d/grad: Collecting 10 samples in estimated 3.1266 s (770 iterations)
Benchmarking conv_transpose2d/grad: Analyzing
conv_transpose2d/grad   time:   [2.7642 ms 3.4939 ms 4.4807 ms]
Found 1 outliers among 10 measurements (10.00%)
  1 (10.00%) high mild

Benchmarking max_pool2d/grad
Benchmarking max_pool2d/grad: Warming up for 1.0000 s

Warning: Unable to complete 10 samples in 3.0s. You may wish to increase target time to 4.2s or enable flat sampling.
Benchmarking max_pool2d/grad: Collecting 10 samples in estimated 4.2015 s (55 iterations)
Benchmarking max_pool2d/grad: Analyzing
max_pool2d/grad         time:   [62.109 ms 71.654 ms 82.136 ms]

Benchmarking avg_pool2d/grad
Benchmarking avg_pool2d/grad: Warming up for 1.0000 s

Warning: Unable to complete 10 samples in 3.0s. You may wish to increase target time to 5.5s or enable flat sampling.
Benchmarking avg_pool2d/grad: Collecting 10 samples in estimated 5.5020 s (55 iterations)
Benchmarking avg_pool2d/grad: Analyzing
avg_pool2d/grad         time:   [53.098 ms 54.692 ms 55.824 ms]
Found 1 outliers among 10 measurements (10.00%)
  1 (10.00%) high severe

Benchmarking max_pool3d/grad
Benchmarking max_pool3d/grad: Warming up for 1.0000 s
Benchmarking max_pool3d/grad: Collecting 10 samples in estimated 3.1225 s (110 iterations)
Benchmarking max_pool3d/grad: Analyzing
max_pool3d/grad         time:   [27.588 ms 29.047 ms 30.558 ms]

Benchmarking conv1d_family/conv_transpose1d_grad
Benchmarking conv1d_family/conv_transpose1d_grad: Warming up for 1.0000 s
Benchmarking conv1d_family/conv_transpose1d_grad: Collecting 10 samples in estimated 3.0704 s (220 iterations)
Benchmarking conv1d_family/conv_transpose1d_grad: Analyzing
conv1d_family/conv_transpose1d_grad
                        time:   [13.607 ms 14.219 ms 14.796 ms]
Found 2 outliers among 10 measurements (20.00%)
  1 (10.00%) low mild
  1 (10.00%) high mild
Benchmarking conv1d_family/max_pool1d_grad
Benchmarking conv1d_family/max_pool1d_grad: Warming up for 1.0000 s

Warning: Unable to complete 10 samples in 3.0s. You may wish to increase target time to 3.4s.
Benchmarking conv1d_family/max_pool1d_grad: Collecting 10 samples in estimated 3.3917 s (10 iterations)
Benchmarking conv1d_family/max_pool1d_grad: Analyzing
conv1d_family/max_pool1d_grad
                        time:   [293.87 ms 306.70 ms 319.85 ms]
Benchmarking conv1d_family/avg_pool1d_grad
Benchmarking conv1d_family/avg_pool1d_grad: Warming up for 1.0000 s

Warning: Unable to complete 10 samples in 3.0s. You may wish to increase target time to 3.2s.
Benchmarking conv1d_family/avg_pool1d_grad: Collecting 10 samples in estimated 3.1748 s (10 iterations)
Benchmarking conv1d_family/avg_pool1d_grad: Analyzing
conv1d_family/avg_pool1d_grad
                        time:   [273.21 ms 282.43 ms 291.66 ms]

Benchmarking linear_train/hidden/2048
Benchmarking linear_train/hidden/2048: Warming up for 1.0000 s
Benchmarking linear_train/hidden/2048: Collecting 10 samples in estimated 3.4209 s (110 iterations)
Benchmarking linear_train/hidden/2048: Analyzing
linear_train/hidden/2048
                        time:   [29.446 ms 30.297 ms 30.983 ms]

Benchmarking sdpa/grad_16x512x64
Benchmarking sdpa/grad_16x512x64: Warming up for 1.0000 s

Warning: Unable to complete 10 samples in 3.0s. You may wish to increase target time to 5.8s or enable flat sampling.
Benchmarking sdpa/grad_16x512x64: Collecting 10 samples in estimated 5.7572 s (55 iterations)
Benchmarking sdpa/grad_16x512x64: Analyzing
sdpa/grad_16x512x64     time:   [206.65 ms 224.83 ms 247.48 ms]
Found 2 outliers among 10 measurements (20.00%)
  1 (10.00%) low mild
  1 (10.00%) high mild

Benchmarking layer_norm/grad_2048x1024
Benchmarking layer_norm/grad_2048x1024: Warming up for 1.0000 s
Benchmarking layer_norm/grad_2048x1024: Collecting 10 samples in estimated 3.2350 s (20 iterations)
Benchmarking layer_norm/grad_2048x1024: Analyzing
layer_norm/grad_2048x1024
                        time:   [118.02 ms 137.40 ms 158.98 ms]

Benchmarking rms_norm/grad_2048x1024
Benchmarking rms_norm/grad_2048x1024: Warming up for 1.0000 s
Benchmarking rms_norm/grad_2048x1024: Collecting 10 samples in estimated 4.3068 s (30 iterations)
Benchmarking rms_norm/grad_2048x1024: Analyzing
rms_norm/grad_2048x1024 time:   [157.03 ms 165.29 ms 174.05 ms]
Found 2 outliers among 10 measurements (20.00%)
  1 (10.00%) low mild
  1 (10.00%) high mild

Benchmarking group_norm/grad_32x256x28x28
Benchmarking group_norm/grad_32x256x28x28: Warming up for 1.0000 s

Warning: Unable to complete 10 samples in 3.0s. You may wish to increase target time to 5.9s.
Benchmarking group_norm/grad_32x256x28x28: Collecting 10 samples in estimated 5.9318 s (10 iterations)
Benchmarking group_norm/grad_32x256x28x28: Analyzing
group_norm/grad_32x256x28x28
                        time:   [364.00 ms 411.98 ms 469.63 ms]
Found 1 outliers among 10 measurements (10.00%)
  1 (10.00%) high mild

Benchmarking batch_norm/grad_1d_8192x1024
Benchmarking batch_norm/grad_1d_8192x1024: Warming up for 1.0000 s

Warning: Unable to complete 10 samples in 3.0s. You may wish to increase target time to 10.5s.
Benchmarking batch_norm/grad_1d_8192x1024: Collecting 10 samples in estimated 10.522 s (10 iterations)
Benchmarking batch_norm/grad_1d_8192x1024: Analyzing
batch_norm/grad_1d_8192x1024
                        time:   [950.83 ms 1.0076 s 1.0625 s]
Benchmarking batch_norm/grad_train_32x256x28x28
Benchmarking batch_norm/grad_train_32x256x28x28: Warming up for 1.0000 s

Warning: Unable to complete 10 samples in 3.0s. You may wish to increase target time to 6.6s.
Benchmarking batch_norm/grad_train_32x256x28x28: Collecting 10 samples in estimated 6.6480 s (10 iterations)
Benchmarking batch_norm/grad_train_32x256x28x28: Analyzing
batch_norm/grad_train_32x256x28x28
                        time:   [615.06 ms 659.70 ms 715.49 ms]
Found 1 outliers among 10 measurements (10.00%)
  1 (10.00%) high mild

  [2m2026-06-16T02:19:21.788471Z[0m [32m INFO[0m [1;32mrch::hook[0m[32m: [32mRemote command finished: exit=0 in 523990ms[0m
    [2;3mat[0m rch/src/hook.rs:6376 [2;3mon[0m ThreadId(1)

  [2m2026-06-16T02:19:21.788725Z[0m [32m INFO[0m [1;32mrch::hook[0m[32m: [32mRetrieving build artifacts...[0m
    [2;3mat[0m rch/src/hook.rs:6425 [2;3mon[0m ThreadId(1)

  [2m2026-06-16T02:19:21.788744Z[0m [32m INFO[0m [1;32mrch::transfer[0m[32m: [32mRetrieving artifacts from /data/projects/.scratch/frankentorch-ivorydeer-clean-20260615T214904Z on vmi1149989[0m
    [2;3mat[0m rch/src/transfer.rs:2106 [2;3mon[0m ThreadId(1)

  [2m2026-06-16T02:19:23.905627Z[0m [32m INFO[0m [1;32mrch::transfer[0m[32m: [32mArtifacts retrieved in 2116ms (1 files, 1180 bytes)[0m
    [2;3mat[0m rch/src/transfer.rs:2145 [2;3mon[0m ThreadId(1)

  [2m2026-06-16T02:19:23.905666Z[0m [32m INFO[0m [1;32mrch::hook[0m[32m: [32mArtifacts retrieved: 1 files, 1180 bytes in 2116ms[0m
    [2;3mat[0m rch/src/hook.rs:6458 [2;3mon[0m ThreadId(1)

  [2m2026-06-16T02:19:23.905780Z[0m [32m INFO[0m [1;32mrch::transfer[0m[32m: [32mRetrieving artifacts from /data/projects/.scratch/frankentorch-ivorydeer-clean-20260615T214904Z/.rch-target-vmi1149989-job-29884606035534329-1781575802302142380-0 on vmi1149989[0m
    [2;3mat[0m rch/src/transfer.rs:2106 [2;3mon[0m ThreadId(1)

  [2m2026-06-16T02:19:26.123125Z[0m [32m INFO[0m [1;32mrch::transfer[0m[32m: [32mArtifacts retrieved in 2217ms (180 files, 3855 bytes)[0m
    [2;3mat[0m rch/src/transfer.rs:2145 [2;3mon[0m ThreadId(1)

  [2m2026-06-16T02:19:26.123155Z[0m [32m INFO[0m [1;32mrch::hook[0m[32m: [32mCustom CARGO_TARGET_DIR artifacts retrieved: 180 files, 3855 bytes in 2217ms[0m
    [2;3mat[0m rch/src/hook.rs:6582 [2;3mon[0m ThreadId(1)

[RCH] remote vmi1149989 (566.0s)
