  [2m2026-06-08T04:27:21.089003Z[0m [32m INFO[0m [1;32mrch::hook[0m[32m: [32mSelected worker: fmd at ubuntu@51.222.245.56 (4 slots remaining after reservation, speed 50.0)[0m
    [2;3mat[0m rch/src/hook.rs:514 [2;3mon[0m ThreadId(1)

  [2m2026-06-08T04:27:21.534658Z[0m [32m INFO[0m [1;32mrch::hook[0m[32m: [32mStarting remote compilation pipeline for frankentorch (hash: bba9eaaa55aaf1bf)[0m
    [2;3mat[0m rch/src/hook.rs:5987 [2;3mon[0m ThreadId(1)

  [2m2026-06-08T04:27:21.534715Z[0m [32m INFO[0m [1;32mrch::hook[0m[32m: [32mPrepared dependency sync manifest for 13 roots[0m
    [2;3mat[0m rch/src/hook.rs:6009 [2;3mon[0m ThreadId(1)

  [2m2026-06-08T04:27:22.585069Z[0m [32m INFO[0m [1;32mrch::hook[0m[32m: [32mSyncing project to worker fmd...[0m
    [2;3mat[0m rch/src/hook.rs:6039 [2;3mon[0m ThreadId(1)

  [2m2026-06-08T04:27:22.585116Z[0m [32m INFO[0m [1;32mrch::transfer[0m[32m: [32mSyncing /data/projects/frankentorch -> /data/projects/frankentorch on fmd[0m
    [2;3mat[0m rch/src/transfer.rs:1400 [2;3mon[0m ThreadId(1)

  [2m2026-06-08T04:27:25.377475Z[0m [32m INFO[0m [1;32mrch::transfer[0m[32m: [32mSync completed in 2792ms[0m
    [2;3mat[0m rch/src/transfer.rs:1469 [2;3mon[0m ThreadId(1)

  [2m2026-06-08T04:27:25.377554Z[0m [32m INFO[0m [1;32mrch::transfer[0m[32m: [32mSyncing /data/projects/frankentorch/crates/ft-api -> /data/projects/frankentorch/crates/ft-api on fmd[0m
    [2;3mat[0m rch/src/transfer.rs:1400 [2;3mon[0m ThreadId(1)

  [2m2026-06-08T04:27:25.888478Z[0m [32m INFO[0m [1;32mrch::transfer[0m[32m: [32mSync completed in 510ms[0m
    [2;3mat[0m rch/src/transfer.rs:1469 [2;3mon[0m ThreadId(1)

  [2m2026-06-08T04:27:25.888545Z[0m [32m INFO[0m [1;32mrch::transfer[0m[32m: [32mSyncing /data/projects/frankentorch/crates/ft-autograd -> /data/projects/frankentorch/crates/ft-autograd on fmd[0m
    [2;3mat[0m rch/src/transfer.rs:1400 [2;3mon[0m ThreadId(1)

  [2m2026-06-08T04:27:26.532396Z[0m [32m INFO[0m [1;32mrch::transfer[0m[32m: [32mSync completed in 643ms[0m
    [2;3mat[0m rch/src/transfer.rs:1469 [2;3mon[0m ThreadId(1)

  [2m2026-06-08T04:27:26.532456Z[0m [32m INFO[0m [1;32mrch::transfer[0m[32m: [32mSyncing /data/projects/frankentorch/crates/ft-conformance -> /data/projects/frankentorch/crates/ft-conformance on fmd[0m
    [2;3mat[0m rch/src/transfer.rs:1400 [2;3mon[0m ThreadId(1)

  [2m2026-06-08T04:27:27.035695Z[0m [32m INFO[0m [1;32mrch::transfer[0m[32m: [32mSync completed in 503ms[0m
    [2;3mat[0m rch/src/transfer.rs:1469 [2;3mon[0m ThreadId(1)

  [2m2026-06-08T04:27:27.035756Z[0m [32m INFO[0m [1;32mrch::transfer[0m[32m: [32mSyncing /data/projects/frankentorch/crates/ft-core -> /data/projects/frankentorch/crates/ft-core on fmd[0m
    [2;3mat[0m rch/src/transfer.rs:1400 [2;3mon[0m ThreadId(1)

  [2m2026-06-08T04:27:27.572175Z[0m [32m INFO[0m [1;32mrch::transfer[0m[32m: [32mSync completed in 536ms[0m
    [2;3mat[0m rch/src/transfer.rs:1469 [2;3mon[0m ThreadId(1)

  [2m2026-06-08T04:27:27.572236Z[0m [32m INFO[0m [1;32mrch::transfer[0m[32m: [32mSyncing /data/projects/frankentorch/crates/ft-data -> /data/projects/frankentorch/crates/ft-data on fmd[0m
    [2;3mat[0m rch/src/transfer.rs:1400 [2;3mon[0m ThreadId(1)

  [2m2026-06-08T04:27:28.056907Z[0m [32m INFO[0m [1;32mrch::transfer[0m[32m: [32mSync completed in 484ms[0m
    [2;3mat[0m rch/src/transfer.rs:1469 [2;3mon[0m ThreadId(1)

  [2m2026-06-08T04:27:28.056967Z[0m [32m INFO[0m [1;32mrch::transfer[0m[32m: [32mSyncing /data/projects/frankentorch/crates/ft-device -> /data/projects/frankentorch/crates/ft-device on fmd[0m
    [2;3mat[0m rch/src/transfer.rs:1400 [2;3mon[0m ThreadId(1)

  [2m2026-06-08T04:27:28.620947Z[0m [32m INFO[0m [1;32mrch::transfer[0m[32m: [32mSync completed in 563ms[0m
    [2;3mat[0m rch/src/transfer.rs:1469 [2;3mon[0m ThreadId(1)

  [2m2026-06-08T04:27:28.621019Z[0m [32m INFO[0m [1;32mrch::transfer[0m[32m: [32mSyncing /data/projects/frankentorch/crates/ft-dispatch -> /data/projects/frankentorch/crates/ft-dispatch on fmd[0m
    [2;3mat[0m rch/src/transfer.rs:1400 [2;3mon[0m ThreadId(1)

  [2m2026-06-08T04:27:29.253253Z[0m [32m INFO[0m [1;32mrch::transfer[0m[32m: [32mSync completed in 632ms[0m
    [2;3mat[0m rch/src/transfer.rs:1469 [2;3mon[0m ThreadId(1)

  [2m2026-06-08T04:27:29.253315Z[0m [32m INFO[0m [1;32mrch::transfer[0m[32m: [32mSyncing /data/projects/frankentorch/crates/ft-kernel-cpu -> /data/projects/frankentorch/crates/ft-kernel-cpu on fmd[0m
    [2;3mat[0m rch/src/transfer.rs:1400 [2;3mon[0m ThreadId(1)

  [2m2026-06-08T04:27:29.789150Z[0m [32m INFO[0m [1;32mrch::transfer[0m[32m: [32mSync completed in 535ms[0m
    [2;3mat[0m rch/src/transfer.rs:1469 [2;3mon[0m ThreadId(1)

  [2m2026-06-08T04:27:29.789223Z[0m [32m INFO[0m [1;32mrch::transfer[0m[32m: [32mSyncing /data/projects/frankentorch/crates/ft-nn -> /data/projects/frankentorch/crates/ft-nn on fmd[0m
    [2;3mat[0m rch/src/transfer.rs:1400 [2;3mon[0m ThreadId(1)

  [2m2026-06-08T04:27:30.297670Z[0m [32m INFO[0m [1;32mrch::transfer[0m[32m: [32mSync completed in 508ms[0m
    [2;3mat[0m rch/src/transfer.rs:1469 [2;3mon[0m ThreadId(1)

  [2m2026-06-08T04:27:30.297741Z[0m [32m INFO[0m [1;32mrch::transfer[0m[32m: [32mSyncing /data/projects/frankentorch/crates/ft-optim -> /data/projects/frankentorch/crates/ft-optim on fmd[0m
    [2;3mat[0m rch/src/transfer.rs:1400 [2;3mon[0m ThreadId(1)

  [2m2026-06-08T04:27:30.823637Z[0m [32m INFO[0m [1;32mrch::transfer[0m[32m: [32mSync completed in 525ms[0m
    [2;3mat[0m rch/src/transfer.rs:1469 [2;3mon[0m ThreadId(1)

  [2m2026-06-08T04:27:30.823721Z[0m [32m INFO[0m [1;32mrch::transfer[0m[32m: [32mSyncing /data/projects/frankentorch/crates/ft-runtime -> /data/projects/frankentorch/crates/ft-runtime on fmd[0m
    [2;3mat[0m rch/src/transfer.rs:1400 [2;3mon[0m ThreadId(1)

  [2m2026-06-08T04:27:31.341153Z[0m [32m INFO[0m [1;32mrch::transfer[0m[32m: [32mSync completed in 517ms[0m
    [2;3mat[0m rch/src/transfer.rs:1469 [2;3mon[0m ThreadId(1)

  [2m2026-06-08T04:27:31.341209Z[0m [32m INFO[0m [1;32mrch::transfer[0m[32m: [32mSyncing /data/projects/frankentorch/crates/ft-serialize -> /data/projects/frankentorch/crates/ft-serialize on fmd[0m
    [2;3mat[0m rch/src/transfer.rs:1400 [2;3mon[0m ThreadId(1)

  [2m2026-06-08T04:27:31.923851Z[0m [32m INFO[0m [1;32mrch::transfer[0m[32m: [32mSync completed in 582ms[0m
    [2;3mat[0m rch/src/transfer.rs:1469 [2;3mon[0m ThreadId(1)

  [2m2026-06-08T04:27:31.923887Z[0m [32m INFO[0m [1;32mrch::hook[0m[32m: [32mSync complete: 50934 files, 1810647 bytes in 9330ms[0m
    [2;3mat[0m rch/src/hook.rs:6202 [2;3mon[0m ThreadId(1)

  [2m2026-06-08T04:27:33.393759Z[0m [32m INFO[0m [1;32mrch::hook[0m[32m: [32mExecuting command remotely: cargo bench -p ft-api --bench ops_bench -- recurrent_forward --warm-up-time 1 --measurement-time 5 --sample-size 20[0m
    [2;3mat[0m rch/src/hook.rs:6240 [2;3mon[0m ThreadId(1)

  [2m2026-06-08T04:27:33.393793Z[0m [32m INFO[0m [1;32mrch::transfer[0m[32m: [32mRewriting CARGO_TARGET_DIR for remote execution (worker-scoped path): /data/tmp/cargo-target -> /data/projects/frankentorch/.rch-target-fmd-job-29872254800117841-1780892842585061844-0[0m
    [2;3mat[0m rch/src/transfer.rs:712 [2;3mon[0m ThreadId(1)

    Updating crates.io index
 Downloading crates ...
  Downloaded anes v0.1.6
  Downloaded bytemuck v1.25.0
  Downloaded anstyle v1.0.14
  Downloaded aho-corasick v1.1.4
  Downloaded autocfg v1.5.0
  Downloaded crossbeam-deque v0.8.6
  Downloaded clap v4.6.1
  Downloaded rawpointer v0.2.1
  Downloaded cfg-if v1.0.4
  Downloaded ciborium-ll v0.2.2
  Downloaded either v1.15.0
  Downloaded zmij v1.0.21
  Downloaded itoa v1.0.18
  Downloaded plotters-svg v0.3.7
  Downloaded cast v0.3.0
  Downloaded same-file v1.0.6
  Downloaded ciborium-io v0.2.2
  Downloaded plotters-backend v0.3.7
  Downloaded is-terminal v0.4.17
  Downloaded clap_lex v1.1.0
  Downloaded oorandom v11.1.5
  Downloaded walkdir v2.5.0
  Downloaded num-complex v0.4.6
  Downloaded bytemuck_derive v1.10.2
  Downloaded criterion-plot v0.5.0
  Downloaded once_cell v1.21.4
  Downloaded crossbeam-epoch v0.9.18
  Downloaded quote v1.0.45
  Downloaded ciborium v0.2.2
  Downloaded matrixmultiply v0.3.10
  Downloaded proc-macro2 v1.0.106
  Downloaded num-traits v0.2.19
  Downloaded serde_core v1.0.228
  Downloaded wide v0.7.33
  Downloaded crossbeam-utils v0.8.21
  Downloaded tinytemplate v1.2.1
  Downloaded half v2.7.1
  Downloaded unicode-ident v1.0.24
  Downloaded serde_derive v1.0.228
  Downloaded safe_arch v0.7.4
  Downloaded zerocopy-derive v0.8.48
  Downloaded memchr v2.8.0
  Downloaded rayon-core v1.13.0
  Downloaded serde v1.0.228
  Downloaded clap_builder v4.6.0
  Downloaded libm v0.2.16
  Downloaded criterion v0.5.1
  Downloaded itertools v0.10.5
  Downloaded serde_json v1.0.149
  Downloaded regex v1.12.3
  Downloaded plotters v0.3.7
  Downloaded rayon v1.12.0
  Downloaded zerocopy v0.8.48
  Downloaded syn v2.0.117
  Downloaded regex-syntax v0.8.10
  Downloaded regex-automata v0.4.14
  Downloaded libc v0.2.185
   Compiling proc-macro2 v1.0.106
   Compiling unicode-ident v1.0.24
   Compiling quote v1.0.45
   Compiling autocfg v1.5.0
   Compiling zerocopy v0.8.48
   Compiling crossbeam-utils v0.8.21
   Compiling cfg-if v1.0.4
   Compiling either v1.15.0
   Compiling rayon-core v1.13.0
   Compiling serde_core v1.0.228
   Compiling libm v0.2.16
   Compiling rawpointer v0.2.1
   Compiling zmij v1.0.21
   Compiling serde v1.0.228
   Compiling libc v0.2.185
   Compiling serde_json v1.0.149
   Compiling itoa v1.0.18
   Compiling ciborium-io v0.2.2
   Compiling regex-syntax v0.8.10
   Compiling anstyle v1.0.14
   Compiling plotters-backend v0.3.7
   Compiling clap_lex v1.1.0
   Compiling memchr v2.8.0
   Compiling itertools v0.10.5
   Compiling same-file v1.0.6
   Compiling cast v0.3.0
   Compiling anes v0.1.6
   Compiling num-traits v0.2.19
   Compiling matrixmultiply v0.3.10
   Compiling plotters-svg v0.3.7
   Compiling clap_builder v4.6.0
   Compiling walkdir v2.5.0
   Compiling oorandom v11.1.5
   Compiling once_cell v1.21.4
   Compiling crossbeam-epoch v0.9.18
   Compiling syn v2.0.117
   Compiling crossbeam-deque v0.8.6
   Compiling num-complex v0.4.6
   Compiling plotters v0.3.7
   Compiling is-terminal v0.4.17
   Compiling regex-automata v0.4.14
   Compiling criterion-plot v0.5.0
   Compiling rayon v1.12.0
   Compiling clap v4.6.1
   Compiling regex v1.12.3
   Compiling bytemuck_derive v1.10.2
   Compiling zerocopy-derive v0.8.48
   Compiling serde_derive v1.0.228
   Compiling bytemuck v1.25.0
   Compiling safe_arch v0.7.4
   Compiling wide v0.7.33
   Compiling tinytemplate v1.2.1
   Compiling half v2.7.1
   Compiling ft-core v0.1.0 (/data/projects/frankentorch/crates/ft-core)
   Compiling ciborium-ll v0.2.2
   Compiling ciborium v0.2.2
   Compiling ft-kernel-cpu v0.1.0 (/data/projects/frankentorch/crates/ft-kernel-cpu)
   Compiling ft-runtime v0.1.0 (/data/projects/frankentorch/crates/ft-runtime)
   Compiling criterion v0.5.1
   Compiling ft-dispatch v0.1.0 (/data/projects/frankentorch/crates/ft-dispatch)
   Compiling ft-autograd v0.1.0 (/data/projects/frankentorch/crates/ft-autograd)
   Compiling ft-api v0.1.0 (/data/projects/frankentorch/crates/ft-api)
    Finished `bench` profile [optimized + debuginfo] target(s) in 49.11s
     Running benches/ops_bench.rs (.rch-target-fmd-job-29872254800117841-1780892842585061844-0/release/deps/ops_bench-6f37ca444b0d1057)
Gnuplot not found, using plotters backend
Benchmarking recurrent_forward/lstm_seq64_batch1_128x128
Benchmarking recurrent_forward/lstm_seq64_batch1_128x128: Warming up for 1.0000 s
Benchmarking recurrent_forward/lstm_seq64_batch1_128x128: Collecting 20 samples in estimated 5.0604 s (1050 iterations)
Benchmarking recurrent_forward/lstm_seq64_batch1_128x128: Analyzing
recurrent_forward/lstm_seq64_batch1_128x128
                        time:   [3.7966 ms 3.9669 ms 4.0668 ms]
Benchmarking recurrent_forward/gru_seq64_batch1_128x128
Benchmarking recurrent_forward/gru_seq64_batch1_128x128: Warming up for 1.0000 s
Benchmarking recurrent_forward/gru_seq64_batch1_128x128: Collecting 20 samples in estimated 5.5417 s (1260 iterations)
Benchmarking recurrent_forward/gru_seq64_batch1_128x128: Analyzing
recurrent_forward/gru_seq64_batch1_128x128
                        time:   [2.9813 ms 3.0162 ms 3.0488 ms]
Found 1 outliers among 20 measurements (5.00%)
  1 (5.00%) high severe
Benchmarking recurrent_forward/rnn_tanh_seq64_batch1_128x128
Benchmarking recurrent_forward/rnn_tanh_seq64_batch1_128x128: Warming up for 1.0000 s
Benchmarking recurrent_forward/rnn_tanh_seq64_batch1_128x128: Collecting 20 samples in estimated 5.2747 s (3360 iterations)
Benchmarking recurrent_forward/rnn_tanh_seq64_batch1_128x128: Analyzing
recurrent_forward/rnn_tanh_seq64_batch1_128x128
                        time:   [1.0298 ms 1.0383 ms 1.0448 ms]
Found 3 outliers among 20 measurements (15.00%)
  2 (10.00%) low mild
  1 (5.00%) high mild

  [2m2026-06-08T04:28:46.910036Z[0m [32m INFO[0m [1;32mrch::hook[0m[32m: [32mRemote command finished: exit=0 in 73516ms[0m
    [2;3mat[0m rch/src/hook.rs:6364 [2;3mon[0m ThreadId(1)

  [2m2026-06-08T04:28:46.910386Z[0m [32m INFO[0m [1;32mrch::hook[0m[32m: [32mRetrieving build artifacts...[0m
    [2;3mat[0m rch/src/hook.rs:6413 [2;3mon[0m ThreadId(1)

  [2m2026-06-08T04:28:46.910425Z[0m [32m INFO[0m [1;32mrch::transfer[0m[32m: [32mRetrieving artifacts from /data/projects/frankentorch on fmd[0m
    [2;3mat[0m rch/src/transfer.rs:2072 [2;3mon[0m ThreadId(1)

  [2m2026-06-08T04:28:47.439315Z[0m [32m INFO[0m [1;32mrch::transfer[0m[32m: [32mArtifacts retrieved in 528ms (1 files, 3319 bytes)[0m
    [2;3mat[0m rch/src/transfer.rs:2111 [2;3mon[0m ThreadId(1)

  [2m2026-06-08T04:28:47.439339Z[0m [32m INFO[0m [1;32mrch::hook[0m[32m: [32mArtifacts retrieved: 1 files, 3319 bytes in 528ms[0m
    [2;3mat[0m rch/src/hook.rs:6446 [2;3mon[0m ThreadId(1)

  [2m2026-06-08T04:28:47.439418Z[0m [32m INFO[0m [1;32mrch::transfer[0m[32m: [32mRetrieving artifacts from /data/projects/frankentorch/.rch-target-fmd-job-29872254800117841-1780892842585061844-0 on fmd[0m
    [2;3mat[0m rch/src/transfer.rs:2072 [2;3mon[0m ThreadId(1)

  [2m2026-06-08T04:28:48.054676Z[0m [32m INFO[0m [1;32mrch::transfer[0m[32m: [32mArtifacts retrieved in 615ms (77 files, 5348 bytes)[0m
    [2;3mat[0m rch/src/transfer.rs:2111 [2;3mon[0m ThreadId(1)

  [2m2026-06-08T04:28:48.054704Z[0m [32m INFO[0m [1;32mrch::hook[0m[32m: [32mCustom CARGO_TARGET_DIR artifacts retrieved: 77 files, 5348 bytes in 615ms[0m
    [2;3mat[0m rch/src/hook.rs:6570 [2;3mon[0m ThreadId(1)

[RCH] remote fmd (87.0s)
