2026-06-08T00:13:28-04:00
baseline_worker=vmi1264463
command=RCH_REQUIRE_REMOTE=1 RCH_WORKERS=vmi1264463 rch exec -- cargo bench -p ft-api --bench ops_bench -- recurrent_forward --warm-up-time 1 --measurement-time 5 --sample-size 20
  [2m2026-06-08T04:13:28.249573Z[0m [32m INFO[0m [1;32mrch::hook[0m[32m: [32mSelected worker: vmi1293453 at ubuntu@149.102.137.103 (2 slots remaining after reservation, speed 50.0)[0m
    [2;3mat[0m rch/src/hook.rs:514 [2;3mon[0m ThreadId(1)

  [2m2026-06-08T04:13:28.494321Z[0m [32m INFO[0m [1;32mrch::hook[0m[32m: [32mStarting remote compilation pipeline for frankentorch (hash: bba9eaaa55aaf1bf)[0m
    [2;3mat[0m rch/src/hook.rs:5987 [2;3mon[0m ThreadId(1)

  [2m2026-06-08T04:13:28.494409Z[0m [32m INFO[0m [1;32mrch::hook[0m[32m: [32mPrepared dependency sync manifest for 13 roots[0m
    [2;3mat[0m rch/src/hook.rs:6009 [2;3mon[0m ThreadId(1)

  [2m2026-06-08T04:13:29.986130Z[0m [32m INFO[0m [1;32mrch::hook[0m[32m: [32mSyncing project to worker vmi1293453...[0m
    [2;3mat[0m rch/src/hook.rs:6039 [2;3mon[0m ThreadId(1)

  [2m2026-06-08T04:13:29.986256Z[0m [32m INFO[0m [1;32mrch::transfer[0m[32m: [32mSyncing /data/projects/frankentorch -> /data/projects/frankentorch on vmi1293453[0m
    [2;3mat[0m rch/src/transfer.rs:1400 [2;3mon[0m ThreadId(1)

  [2m2026-06-08T04:13:37.750962Z[0m [32m INFO[0m [1;32mrch::transfer[0m[32m: [32mSync completed in 7764ms[0m
    [2;3mat[0m rch/src/transfer.rs:1469 [2;3mon[0m ThreadId(1)

  [2m2026-06-08T04:13:37.751029Z[0m [32m INFO[0m [1;32mrch::transfer[0m[32m: [32mSyncing /data/projects/frankentorch/crates/ft-api -> /data/projects/frankentorch/crates/ft-api on vmi1293453[0m
    [2;3mat[0m rch/src/transfer.rs:1400 [2;3mon[0m ThreadId(1)

  [2m2026-06-08T04:13:39.669067Z[0m [32m INFO[0m [1;32mrch::transfer[0m[32m: [32mSync completed in 1918ms[0m
    [2;3mat[0m rch/src/transfer.rs:1469 [2;3mon[0m ThreadId(1)

  [2m2026-06-08T04:13:39.669145Z[0m [32m INFO[0m [1;32mrch::transfer[0m[32m: [32mSyncing /data/projects/frankentorch/crates/ft-autograd -> /data/projects/frankentorch/crates/ft-autograd on vmi1293453[0m
    [2;3mat[0m rch/src/transfer.rs:1400 [2;3mon[0m ThreadId(1)

  [2m2026-06-08T04:13:41.486136Z[0m [32m INFO[0m [1;32mrch::transfer[0m[32m: [32mSync completed in 1816ms[0m
    [2;3mat[0m rch/src/transfer.rs:1469 [2;3mon[0m ThreadId(1)

  [2m2026-06-08T04:13:41.486223Z[0m [32m INFO[0m [1;32mrch::transfer[0m[32m: [32mSyncing /data/projects/frankentorch/crates/ft-conformance -> /data/projects/frankentorch/crates/ft-conformance on vmi1293453[0m
    [2;3mat[0m rch/src/transfer.rs:1400 [2;3mon[0m ThreadId(1)

  [2m2026-06-08T04:13:43.308829Z[0m [32m INFO[0m [1;32mrch::transfer[0m[32m: [32mSync completed in 1822ms[0m
    [2;3mat[0m rch/src/transfer.rs:1469 [2;3mon[0m ThreadId(1)

  [2m2026-06-08T04:13:43.308908Z[0m [32m INFO[0m [1;32mrch::transfer[0m[32m: [32mSyncing /data/projects/frankentorch/crates/ft-core -> /data/projects/frankentorch/crates/ft-core on vmi1293453[0m
    [2;3mat[0m rch/src/transfer.rs:1400 [2;3mon[0m ThreadId(1)

  [2m2026-06-08T04:13:45.201178Z[0m [32m INFO[0m [1;32mrch::transfer[0m[32m: [32mSync completed in 1892ms[0m
    [2;3mat[0m rch/src/transfer.rs:1469 [2;3mon[0m ThreadId(1)

  [2m2026-06-08T04:13:45.201263Z[0m [32m INFO[0m [1;32mrch::transfer[0m[32m: [32mSyncing /data/projects/frankentorch/crates/ft-data -> /data/projects/frankentorch/crates/ft-data on vmi1293453[0m
    [2;3mat[0m rch/src/transfer.rs:1400 [2;3mon[0m ThreadId(1)

  [2m2026-06-08T04:13:47.203696Z[0m [32m INFO[0m [1;32mrch::transfer[0m[32m: [32mSync completed in 2002ms[0m
    [2;3mat[0m rch/src/transfer.rs:1469 [2;3mon[0m ThreadId(1)

  [2m2026-06-08T04:13:47.203782Z[0m [32m INFO[0m [1;32mrch::transfer[0m[32m: [32mSyncing /data/projects/frankentorch/crates/ft-device -> /data/projects/frankentorch/crates/ft-device on vmi1293453[0m
    [2;3mat[0m rch/src/transfer.rs:1400 [2;3mon[0m ThreadId(1)

  [2m2026-06-08T04:13:48.989332Z[0m [32m INFO[0m [1;32mrch::transfer[0m[32m: [32mSync completed in 1785ms[0m
    [2;3mat[0m rch/src/transfer.rs:1469 [2;3mon[0m ThreadId(1)

  [2m2026-06-08T04:13:48.989417Z[0m [32m INFO[0m [1;32mrch::transfer[0m[32m: [32mSyncing /data/projects/frankentorch/crates/ft-dispatch -> /data/projects/frankentorch/crates/ft-dispatch on vmi1293453[0m
    [2;3mat[0m rch/src/transfer.rs:1400 [2;3mon[0m ThreadId(1)

  [2m2026-06-08T04:13:50.759740Z[0m [32m INFO[0m [1;32mrch::transfer[0m[32m: [32mSync completed in 1770ms[0m
    [2;3mat[0m rch/src/transfer.rs:1469 [2;3mon[0m ThreadId(1)

  [2m2026-06-08T04:13:50.759821Z[0m [32m INFO[0m [1;32mrch::transfer[0m[32m: [32mSyncing /data/projects/frankentorch/crates/ft-kernel-cpu -> /data/projects/frankentorch/crates/ft-kernel-cpu on vmi1293453[0m
    [2;3mat[0m rch/src/transfer.rs:1400 [2;3mon[0m ThreadId(1)

  [2m2026-06-08T04:13:52.591235Z[0m [32m INFO[0m [1;32mrch::transfer[0m[32m: [32mSync completed in 1831ms[0m
    [2;3mat[0m rch/src/transfer.rs:1469 [2;3mon[0m ThreadId(1)

  [2m2026-06-08T04:13:52.591302Z[0m [32m INFO[0m [1;32mrch::transfer[0m[32m: [32mSyncing /data/projects/frankentorch/crates/ft-nn -> /data/projects/frankentorch/crates/ft-nn on vmi1293453[0m
    [2;3mat[0m rch/src/transfer.rs:1400 [2;3mon[0m ThreadId(1)

  [2m2026-06-08T04:13:54.368191Z[0m [32m INFO[0m [1;32mrch::transfer[0m[32m: [32mSync completed in 1776ms[0m
    [2;3mat[0m rch/src/transfer.rs:1469 [2;3mon[0m ThreadId(1)

  [2m2026-06-08T04:13:54.368255Z[0m [32m INFO[0m [1;32mrch::transfer[0m[32m: [32mSyncing /data/projects/frankentorch/crates/ft-optim -> /data/projects/frankentorch/crates/ft-optim on vmi1293453[0m
    [2;3mat[0m rch/src/transfer.rs:1400 [2;3mon[0m ThreadId(1)

  [2m2026-06-08T04:13:56.202559Z[0m [32m INFO[0m [1;32mrch::transfer[0m[32m: [32mSync completed in 1834ms[0m
    [2;3mat[0m rch/src/transfer.rs:1469 [2;3mon[0m ThreadId(1)

  [2m2026-06-08T04:13:56.202625Z[0m [32m INFO[0m [1;32mrch::transfer[0m[32m: [32mSyncing /data/projects/frankentorch/crates/ft-runtime -> /data/projects/frankentorch/crates/ft-runtime on vmi1293453[0m
    [2;3mat[0m rch/src/transfer.rs:1400 [2;3mon[0m ThreadId(1)

  [2m2026-06-08T04:13:58.081273Z[0m [32m INFO[0m [1;32mrch::transfer[0m[32m: [32mSync completed in 1878ms[0m
    [2;3mat[0m rch/src/transfer.rs:1469 [2;3mon[0m ThreadId(1)

  [2m2026-06-08T04:13:58.081340Z[0m [32m INFO[0m [1;32mrch::transfer[0m[32m: [32mSyncing /data/projects/frankentorch/crates/ft-serialize -> /data/projects/frankentorch/crates/ft-serialize on vmi1293453[0m
    [2;3mat[0m rch/src/transfer.rs:1400 [2;3mon[0m ThreadId(1)

  [2m2026-06-08T04:13:59.868542Z[0m [32m INFO[0m [1;32mrch::transfer[0m[32m: [32mSync completed in 1787ms[0m
    [2;3mat[0m rch/src/transfer.rs:1469 [2;3mon[0m ThreadId(1)

  [2m2026-06-08T04:13:59.868583Z[0m [32m INFO[0m [1;32mrch::hook[0m[32m: [32mSync complete: 50925 files, 1974940 bytes in 29875ms[0m
    [2;3mat[0m rch/src/hook.rs:6202 [2;3mon[0m ThreadId(1)

  [2m2026-06-08T04:14:04.080214Z[0m [32m INFO[0m [1;32mrch::hook[0m[32m: [32mExecuting command remotely: cargo bench -p ft-api --bench ops_bench -- recurrent_forward --warm-up-time 1 --measurement-time 5 --sample-size 20[0m
    [2;3mat[0m rch/src/hook.rs:6240 [2;3mon[0m ThreadId(1)

  [2m2026-06-08T04:14:04.080256Z[0m [32m INFO[0m [1;32mrch::transfer[0m[32m: [32mRewriting CARGO_TARGET_DIR for remote execution (worker-scoped path): /data/tmp/cargo-target -> /data/projects/frankentorch/.rch-target-vmi1293453-job-29872254800117786-1780892009986122049-0[0m
    [2;3mat[0m rch/src/transfer.rs:712 [2;3mon[0m ThreadId(1)

    Updating crates.io index
 Downloading crates ...
  Downloaded aho-corasick v1.1.4
  Downloaded plotters-svg v0.3.7
  Downloaded cast v0.3.0
  Downloaded is-terminal v0.4.17
  Downloaded ciborium-ll v0.2.2
  Downloaded ciborium-io v0.2.2
  Downloaded rawpointer v0.2.1
  Downloaded cfg-if v1.0.4
  Downloaded same-file v1.0.6
  Downloaded itoa v1.0.18
  Downloaded plotters-backend v0.3.7
  Downloaded anes v0.1.6
  Downloaded clap_lex v1.1.0
  Downloaded criterion-plot v0.5.0
  Downloaded oorandom v11.1.5
  Downloaded either v1.15.0
  Downloaded crossbeam-deque v0.8.6
  Downloaded anstyle v1.0.14
  Downloaded bytemuck_derive v1.10.2
  Downloaded num-complex v0.4.6
  Downloaded tinytemplate v1.2.1
  Downloaded autocfg v1.5.0
  Downloaded ciborium v0.2.2
  Downloaded zmij v1.0.21
  Downloaded walkdir v2.5.0
  Downloaded once_cell v1.21.4
  Downloaded serde_core v1.0.228
  Downloaded quote v1.0.45
  Downloaded serde_derive v1.0.228
  Downloaded proc-macro2 v1.0.106
  Downloaded unicode-ident v1.0.24
  Downloaded rayon-core v1.13.0
  Downloaded half v2.7.1
  Downloaded bytemuck v1.25.0
  Downloaded num-traits v0.2.19
  Downloaded serde v1.0.228
  Downloaded serde_json v1.0.149
  Downloaded zerocopy-derive v0.8.48
  Downloaded itertools v0.10.5
  Downloaded criterion v0.5.1
  Downloaded wide v0.7.33
  Downloaded rayon v1.12.0
  Downloaded regex v1.12.3
  Downloaded plotters v0.3.7
  Downloaded libm v0.2.16
  Downloaded clap_builder v4.6.0
  Downloaded memchr v2.8.0
  Downloaded safe_arch v0.7.4
  Downloaded clap v4.6.1
  Downloaded zerocopy v0.8.48
  Downloaded syn v2.0.117
  Downloaded crossbeam-utils v0.8.21
  Downloaded regex-syntax v0.8.10
  Downloaded matrixmultiply v0.3.10
  Downloaded crossbeam-epoch v0.9.18
  Downloaded regex-automata v0.4.14
  Downloaded libc v0.2.185
   Compiling proc-macro2 v1.0.106
   Compiling quote v1.0.45
   Compiling unicode-ident v1.0.24
   Compiling autocfg v1.5.0
   Compiling zerocopy v0.8.48
   Compiling crossbeam-utils v0.8.21
   Compiling cfg-if v1.0.4
   Compiling rayon-core v1.13.0
   Compiling either v1.15.0
   Compiling serde_core v1.0.228
   Compiling libm v0.2.16
   Compiling zmij v1.0.21
   Compiling rawpointer v0.2.1
   Compiling serde v1.0.228
   Compiling libc v0.2.185
   Compiling num-traits v0.2.19
   Compiling matrixmultiply v0.3.10
   Compiling serde_json v1.0.149
   Compiling syn v2.0.117
   Compiling crossbeam-epoch v0.9.18
   Compiling num-complex v0.4.6
   Compiling crossbeam-deque v0.8.6
   Compiling clap_lex v1.1.0
   Compiling plotters-backend v0.3.7
   Compiling ciborium-io v0.2.2
   Compiling memchr v2.8.0
   Compiling regex-syntax v0.8.10
   Compiling itoa v1.0.18
   Compiling rayon v1.12.0
   Compiling anstyle v1.0.14
   Compiling regex-automata v0.4.14
   Compiling clap_builder v4.6.0
   Compiling plotters-svg v0.3.7
   Compiling itertools v0.10.5
   Compiling cast v0.3.0
   Compiling same-file v1.0.6
   Compiling is-terminal v0.4.17
   Compiling plotters v0.3.7
   Compiling walkdir v2.5.0
   Compiling bytemuck_derive v1.10.2
   Compiling zerocopy-derive v0.8.48
   Compiling serde_derive v1.0.228
   Compiling bytemuck v1.25.0
   Compiling safe_arch v0.7.4
   Compiling criterion-plot v0.5.0
   Compiling wide v0.7.33
   Compiling clap v4.6.1
   Compiling regex v1.12.3
   Compiling oorandom v11.1.5
   Compiling anes v0.1.6
   Compiling once_cell v1.21.4
   Compiling tinytemplate v1.2.1
   Compiling half v2.7.1
   Compiling ft-core v0.1.0 (/data/projects/frankentorch/crates/ft-core)
   Compiling ciborium-ll v0.2.2
   Compiling ciborium v0.2.2
   Compiling ft-kernel-cpu v0.1.0 (/data/projects/frankentorch/crates/ft-kernel-cpu)
   Compiling ft-runtime v0.1.0 (/data/projects/frankentorch/crates/ft-runtime)
   Compiling criterion v0.5.1
   Compiling ft-dispatch v0.1.0 (/data/projects/frankentorch/crates/ft-dispatch)
   Compiling ft-autograd v0.1.0 (/data/projects/frankentorch/crates/ft-autograd)
   Compiling ft-api v0.1.0 (/data/projects/frankentorch/crates/ft-api)
    Finished `bench` profile [optimized + debuginfo] target(s) in 1m 30s
     Running benches/ops_bench.rs (.rch-target-vmi1293453-job-29872254800117786-1780892009986122049-0/release/deps/ops_bench-5797319cbc2b6290)
Gnuplot not found, using plotters backend
Benchmarking recurrent_forward/lstm_seq64_batch1_128x128
Benchmarking recurrent_forward/lstm_seq64_batch1_128x128: Warming up for 1.0000 s
Benchmarking recurrent_forward/lstm_seq64_batch1_128x128: Collecting 20 samples in estimated 5.3219 s (1050 iterations)
Benchmarking recurrent_forward/lstm_seq64_batch1_128x128: Analyzing
recurrent_forward/lstm_seq64_batch1_128x128
                        time:   [3.0702 ms 3.1328 ms 3.2125 ms]
Benchmarking recurrent_forward/gru_seq64_batch1_128x128
Benchmarking recurrent_forward/gru_seq64_batch1_128x128: Warming up for 1.0000 s
Benchmarking recurrent_forward/gru_seq64_batch1_128x128: Collecting 20 samples in estimated 5.5014 s (1680 iterations)
Benchmarking recurrent_forward/gru_seq64_batch1_128x128: Analyzing
recurrent_forward/gru_seq64_batch1_128x128
                        time:   [2.1842 ms 2.2146 ms 2.2393 ms]
Benchmarking recurrent_forward/rnn_tanh_seq64_batch1_128x128
Benchmarking recurrent_forward/rnn_tanh_seq64_batch1_128x128: Warming up for 1.0000 s
Benchmarking recurrent_forward/rnn_tanh_seq64_batch1_128x128: Collecting 20 samples in estimated 5.0894 s (4410 iterations)
Benchmarking recurrent_forward/rnn_tanh_seq64_batch1_128x128: Analyzing
recurrent_forward/rnn_tanh_seq64_batch1_128x128
                        time:   [739.03 µs 748.22 µs 755.86 µs]

  [2m2026-06-08T04:15:58.230615Z[0m [32m INFO[0m [1;32mrch::hook[0m[32m: [32mRemote command finished: exit=0 in 114150ms[0m
    [2;3mat[0m rch/src/hook.rs:6364 [2;3mon[0m ThreadId(1)

  [2m2026-06-08T04:15:58.230945Z[0m [32m INFO[0m [1;32mrch::hook[0m[32m: [32mRetrieving build artifacts...[0m
    [2;3mat[0m rch/src/hook.rs:6413 [2;3mon[0m ThreadId(1)

  [2m2026-06-08T04:15:58.230977Z[0m [32m INFO[0m [1;32mrch::transfer[0m[32m: [32mRetrieving artifacts from /data/projects/frankentorch on vmi1293453[0m
    [2;3mat[0m rch/src/transfer.rs:2072 [2;3mon[0m ThreadId(1)

  [2m2026-06-08T04:16:00.239657Z[0m [32m INFO[0m [1;32mrch::transfer[0m[32m: [32mArtifacts retrieved in 2008ms (1 files, 3319 bytes)[0m
    [2;3mat[0m rch/src/transfer.rs:2111 [2;3mon[0m ThreadId(1)

  [2m2026-06-08T04:16:00.239680Z[0m [32m INFO[0m [1;32mrch::hook[0m[32m: [32mArtifacts retrieved: 1 files, 3319 bytes in 2008ms[0m
    [2;3mat[0m rch/src/hook.rs:6446 [2;3mon[0m ThreadId(1)

  [2m2026-06-08T04:16:00.239798Z[0m [32m INFO[0m [1;32mrch::transfer[0m[32m: [32mRetrieving artifacts from /data/projects/frankentorch/.rch-target-vmi1293453-job-29872254800117786-1780892009986122049-0 on vmi1293453[0m
    [2;3mat[0m rch/src/transfer.rs:2072 [2;3mon[0m ThreadId(1)

  [2m2026-06-08T04:16:02.336691Z[0m [32m INFO[0m [1;32mrch::transfer[0m[32m: [32mArtifacts retrieved in 2096ms (77 files, 5312 bytes)[0m
    [2;3mat[0m rch/src/transfer.rs:2111 [2;3mon[0m ThreadId(1)

  [2m2026-06-08T04:16:02.336712Z[0m [32m INFO[0m [1;32mrch::hook[0m[32m: [32mCustom CARGO_TARGET_DIR artifacts retrieved: 77 files, 5312 bytes in 2096ms[0m
    [2;3mat[0m rch/src/hook.rs:6570 [2;3mon[0m ThreadId(1)

[RCH] remote vmi1293453 (154.1s)
