  [2m2026-06-08T04:18:50.160504Z[0m [32m INFO[0m [1;32mrch::hook[0m[32m: [32mSelected worker: fmd at ubuntu@51.222.245.56 (8 slots remaining after reservation, speed 50.0)[0m
    [2;3mat[0m rch/src/hook.rs:514 [2;3mon[0m ThreadId(1)

  [2m2026-06-08T04:18:50.458231Z[0m [32m INFO[0m [1;32mrch::hook[0m[32m: [32mStarting remote compilation pipeline for frankentorch (hash: bba9eaaa55aaf1bf)[0m
    [2;3mat[0m rch/src/hook.rs:5987 [2;3mon[0m ThreadId(1)

  [2m2026-06-08T04:18:50.458299Z[0m [32m INFO[0m [1;32mrch::hook[0m[32m: [32mPrepared dependency sync manifest for 13 roots[0m
    [2;3mat[0m rch/src/hook.rs:6009 [2;3mon[0m ThreadId(1)

  [2m2026-06-08T04:18:51.579959Z[0m [32m INFO[0m [1;32mrch::hook[0m[32m: [32mSyncing project to worker fmd...[0m
    [2;3mat[0m rch/src/hook.rs:6039 [2;3mon[0m ThreadId(1)

  [2m2026-06-08T04:18:51.580006Z[0m [32m INFO[0m [1;32mrch::transfer[0m[32m: [32mSyncing /data/projects/frankentorch -> /data/projects/frankentorch on fmd[0m
    [2;3mat[0m rch/src/transfer.rs:1400 [2;3mon[0m ThreadId(1)

  [2m2026-06-08T04:18:56.673006Z[0m [32m INFO[0m [1;32mrch::transfer[0m[32m: [32mSync completed in 5092ms[0m
    [2;3mat[0m rch/src/transfer.rs:1469 [2;3mon[0m ThreadId(1)

  [2m2026-06-08T04:18:56.673065Z[0m [32m INFO[0m [1;32mrch::transfer[0m[32m: [32mSyncing /data/projects/frankentorch/crates/ft-api -> /data/projects/frankentorch/crates/ft-api on fmd[0m
    [2;3mat[0m rch/src/transfer.rs:1400 [2;3mon[0m ThreadId(1)

  [2m2026-06-08T04:18:57.253352Z[0m [32m INFO[0m [1;32mrch::transfer[0m[32m: [32mSync completed in 580ms[0m
    [2;3mat[0m rch/src/transfer.rs:1469 [2;3mon[0m ThreadId(1)

  [2m2026-06-08T04:18:57.253419Z[0m [32m INFO[0m [1;32mrch::transfer[0m[32m: [32mSyncing /data/projects/frankentorch/crates/ft-autograd -> /data/projects/frankentorch/crates/ft-autograd on fmd[0m
    [2;3mat[0m rch/src/transfer.rs:1400 [2;3mon[0m ThreadId(1)

  [2m2026-06-08T04:18:57.781775Z[0m [32m INFO[0m [1;32mrch::transfer[0m[32m: [32mSync completed in 528ms[0m
    [2;3mat[0m rch/src/transfer.rs:1469 [2;3mon[0m ThreadId(1)

  [2m2026-06-08T04:18:57.781838Z[0m [32m INFO[0m [1;32mrch::transfer[0m[32m: [32mSyncing /data/projects/frankentorch/crates/ft-conformance -> /data/projects/frankentorch/crates/ft-conformance on fmd[0m
    [2;3mat[0m rch/src/transfer.rs:1400 [2;3mon[0m ThreadId(1)

  [2m2026-06-08T04:18:58.255237Z[0m [32m INFO[0m [1;32mrch::transfer[0m[32m: [32mSync completed in 473ms[0m
    [2;3mat[0m rch/src/transfer.rs:1469 [2;3mon[0m ThreadId(1)

  [2m2026-06-08T04:18:58.255298Z[0m [32m INFO[0m [1;32mrch::transfer[0m[32m: [32mSyncing /data/projects/frankentorch/crates/ft-core -> /data/projects/frankentorch/crates/ft-core on fmd[0m
    [2;3mat[0m rch/src/transfer.rs:1400 [2;3mon[0m ThreadId(1)

  [2m2026-06-08T04:18:58.744934Z[0m [32m INFO[0m [1;32mrch::transfer[0m[32m: [32mSync completed in 489ms[0m
    [2;3mat[0m rch/src/transfer.rs:1469 [2;3mon[0m ThreadId(1)

  [2m2026-06-08T04:18:58.745020Z[0m [32m INFO[0m [1;32mrch::transfer[0m[32m: [32mSyncing /data/projects/frankentorch/crates/ft-data -> /data/projects/frankentorch/crates/ft-data on fmd[0m
    [2;3mat[0m rch/src/transfer.rs:1400 [2;3mon[0m ThreadId(1)

  [2m2026-06-08T04:18:59.324005Z[0m [32m INFO[0m [1;32mrch::transfer[0m[32m: [32mSync completed in 578ms[0m
    [2;3mat[0m rch/src/transfer.rs:1469 [2;3mon[0m ThreadId(1)

  [2m2026-06-08T04:18:59.324069Z[0m [32m INFO[0m [1;32mrch::transfer[0m[32m: [32mSyncing /data/projects/frankentorch/crates/ft-device -> /data/projects/frankentorch/crates/ft-device on fmd[0m
    [2;3mat[0m rch/src/transfer.rs:1400 [2;3mon[0m ThreadId(1)

  [2m2026-06-08T04:18:59.825165Z[0m [32m INFO[0m [1;32mrch::transfer[0m[32m: [32mSync completed in 501ms[0m
    [2;3mat[0m rch/src/transfer.rs:1469 [2;3mon[0m ThreadId(1)

  [2m2026-06-08T04:18:59.825233Z[0m [32m INFO[0m [1;32mrch::transfer[0m[32m: [32mSyncing /data/projects/frankentorch/crates/ft-dispatch -> /data/projects/frankentorch/crates/ft-dispatch on fmd[0m
    [2;3mat[0m rch/src/transfer.rs:1400 [2;3mon[0m ThreadId(1)

  [2m2026-06-08T04:19:00.315692Z[0m [32m INFO[0m [1;32mrch::transfer[0m[32m: [32mSync completed in 490ms[0m
    [2;3mat[0m rch/src/transfer.rs:1469 [2;3mon[0m ThreadId(1)

  [2m2026-06-08T04:19:00.315766Z[0m [32m INFO[0m [1;32mrch::transfer[0m[32m: [32mSyncing /data/projects/frankentorch/crates/ft-kernel-cpu -> /data/projects/frankentorch/crates/ft-kernel-cpu on fmd[0m
    [2;3mat[0m rch/src/transfer.rs:1400 [2;3mon[0m ThreadId(1)

  [2m2026-06-08T04:19:00.794642Z[0m [32m INFO[0m [1;32mrch::transfer[0m[32m: [32mSync completed in 478ms[0m
    [2;3mat[0m rch/src/transfer.rs:1469 [2;3mon[0m ThreadId(1)

  [2m2026-06-08T04:19:00.794715Z[0m [32m INFO[0m [1;32mrch::transfer[0m[32m: [32mSyncing /data/projects/frankentorch/crates/ft-nn -> /data/projects/frankentorch/crates/ft-nn on fmd[0m
    [2;3mat[0m rch/src/transfer.rs:1400 [2;3mon[0m ThreadId(1)

  [2m2026-06-08T04:19:01.583852Z[0m [32m INFO[0m [1;32mrch::transfer[0m[32m: [32mSync completed in 789ms[0m
    [2;3mat[0m rch/src/transfer.rs:1469 [2;3mon[0m ThreadId(1)

  [2m2026-06-08T04:19:01.583924Z[0m [32m INFO[0m [1;32mrch::transfer[0m[32m: [32mSyncing /data/projects/frankentorch/crates/ft-optim -> /data/projects/frankentorch/crates/ft-optim on fmd[0m
    [2;3mat[0m rch/src/transfer.rs:1400 [2;3mon[0m ThreadId(1)

  [2m2026-06-08T04:19:02.216300Z[0m [32m INFO[0m [1;32mrch::transfer[0m[32m: [32mSync completed in 632ms[0m
    [2;3mat[0m rch/src/transfer.rs:1469 [2;3mon[0m ThreadId(1)

  [2m2026-06-08T04:19:02.216359Z[0m [32m INFO[0m [1;32mrch::transfer[0m[32m: [32mSyncing /data/projects/frankentorch/crates/ft-runtime -> /data/projects/frankentorch/crates/ft-runtime on fmd[0m
    [2;3mat[0m rch/src/transfer.rs:1400 [2;3mon[0m ThreadId(1)

  [2m2026-06-08T04:19:02.724782Z[0m [32m INFO[0m [1;32mrch::transfer[0m[32m: [32mSync completed in 508ms[0m
    [2;3mat[0m rch/src/transfer.rs:1469 [2;3mon[0m ThreadId(1)

  [2m2026-06-08T04:19:02.724859Z[0m [32m INFO[0m [1;32mrch::transfer[0m[32m: [32mSyncing /data/projects/frankentorch/crates/ft-serialize -> /data/projects/frankentorch/crates/ft-serialize on fmd[0m
    [2;3mat[0m rch/src/transfer.rs:1400 [2;3mon[0m ThreadId(1)

  [2m2026-06-08T04:19:03.269358Z[0m [32m INFO[0m [1;32mrch::transfer[0m[32m: [32mSync completed in 544ms[0m
    [2;3mat[0m rch/src/transfer.rs:1469 [2;3mon[0m ThreadId(1)

  [2m2026-06-08T04:19:03.269391Z[0m [32m INFO[0m [1;32mrch::hook[0m[32m: [32mSync complete: 50928 files, 1813392 bytes in 11682ms[0m
    [2;3mat[0m rch/src/hook.rs:6202 [2;3mon[0m ThreadId(1)

  [2m2026-06-08T04:19:05.749085Z[0m [32m INFO[0m [1;32mrch::hook[0m[32m: [32mExecuting command remotely: cargo test -p ft-api raw_forward_golden_isomorphism -- --nocapture[0m
    [2;3mat[0m rch/src/hook.rs:6240 [2;3mon[0m ThreadId(1)

  [2m2026-06-08T04:19:05.749122Z[0m [32m INFO[0m [1;32mrch::transfer[0m[32m: [32mRewriting CARGO_TARGET_DIR for remote execution (worker-scoped path): /data/tmp/cargo-target -> /data/projects/frankentorch/.rch-target-fmd-job-29872254800117807-1780892331579952337-0[0m
    [2;3mat[0m rch/src/transfer.rs:712 [2;3mon[0m ThreadId(1)

    Updating crates.io index
 Downloading crates ...
  Downloaded crossbeam-epoch v0.9.18
  Downloaded anes v0.1.6
  Downloaded anstyle v1.0.14
  Downloaded autocfg v1.5.0
  Downloaded bytemuck v1.25.0
  Downloaded itoa v1.0.18
  Downloaded crossbeam-deque v0.8.6
  Downloaded aho-corasick v1.1.4
  Downloaded num-complex v0.4.6
  Downloaded plotters-backend v0.3.7
  Downloaded cast v0.3.0
  Downloaded clap_lex v1.1.0
  Downloaded plotters-svg v0.3.7
  Downloaded cfg-if v1.0.4
  Downloaded ciborium-ll v0.2.2
  Downloaded rawpointer v0.2.1
  Downloaded ciborium-io v0.2.2
  Downloaded is-terminal v0.4.17
  Downloaded same-file v1.0.6
  Downloaded oorandom v11.1.5
  Downloaded walkdir v2.5.0
  Downloaded either v1.15.0
  Downloaded bytemuck_derive v1.10.2
  Downloaded once_cell v1.21.4
  Downloaded criterion-plot v0.5.0
  Downloaded tinytemplate v1.2.1
  Downloaded quote v1.0.45
  Downloaded unicode-ident v1.0.24
  Downloaded ciborium v0.2.2
  Downloaded memchr v2.8.0
  Downloaded serde_derive v1.0.228
  Downloaded zmij v1.0.21
  Downloaded crossbeam-utils v0.8.21
  Downloaded num-traits v0.2.19
  Downloaded half v2.7.1
  Downloaded proc-macro2 v1.0.106
  Downloaded matrixmultiply v0.3.10
  Downloaded rayon-core v1.13.0
  Downloaded clap v4.6.1
  Downloaded serde_core v1.0.228
  Downloaded wide v0.7.33
  Downloaded safe_arch v0.7.4
  Downloaded zerocopy-derive v0.8.48
  Downloaded criterion v0.5.1
  Downloaded serde v1.0.228
  Downloaded itertools v0.10.5
  Downloaded rayon v1.12.0
  Downloaded clap_builder v4.6.0
  Downloaded plotters v0.3.7
  Downloaded libm v0.2.16
  Downloaded regex v1.12.3
  Downloaded serde_json v1.0.149
  Downloaded syn v2.0.117
  Downloaded zerocopy v0.8.48
  Downloaded regex-syntax v0.8.10
  Downloaded regex-automata v0.4.14
  Downloaded libc v0.2.185
   Compiling proc-macro2 v1.0.106
   Compiling unicode-ident v1.0.24
   Compiling quote v1.0.45
   Compiling autocfg v1.5.0
   Compiling zerocopy v0.8.48
   Compiling crossbeam-utils v0.8.21
   Compiling cfg-if v1.0.4
   Compiling either v1.15.0
   Compiling rayon-core v1.13.0
   Compiling serde_core v1.0.228
   Compiling libm v0.2.16
   Compiling zmij v1.0.21
   Compiling rawpointer v0.2.1
   Compiling serde v1.0.228
   Compiling serde_json v1.0.149
   Compiling libc v0.2.185
   Compiling ciborium-io v0.2.2
   Compiling itoa v1.0.18
   Compiling memchr v2.8.0
   Compiling anstyle v1.0.14
   Compiling clap_lex v1.1.0
   Compiling plotters-backend v0.3.7
   Compiling regex-syntax v0.8.10
   Compiling itertools v0.10.5
   Compiling cast v0.3.0
   Compiling num-traits v0.2.19
   Compiling matrixmultiply v0.3.10
   Compiling clap_builder v4.6.0
   Compiling plotters-svg v0.3.7
   Compiling same-file v1.0.6
   Compiling anes v0.1.6
   Compiling oorandom v11.1.5
   Compiling walkdir v2.5.0
   Compiling once_cell v1.21.4
   Compiling crossbeam-epoch v0.9.18
   Compiling regex-automata v0.4.14
   Compiling crossbeam-deque v0.8.6
   Compiling num-complex v0.4.6
   Compiling plotters v0.3.7
   Compiling syn v2.0.117
   Compiling criterion-plot v0.5.0
   Compiling rayon v1.12.0
   Compiling is-terminal v0.4.17
   Compiling clap v4.6.1
   Compiling regex v1.12.3
   Compiling bytemuck_derive v1.10.2
   Compiling zerocopy-derive v0.8.48
   Compiling serde_derive v1.0.228
   Compiling bytemuck v1.25.0
   Compiling safe_arch v0.7.4
   Compiling wide v0.7.33
   Compiling tinytemplate v1.2.1
   Compiling half v2.7.1
   Compiling ft-core v0.1.0 (/data/projects/frankentorch/crates/ft-core)
   Compiling ciborium-ll v0.2.2
   Compiling ciborium v0.2.2
   Compiling ft-kernel-cpu v0.1.0 (/data/projects/frankentorch/crates/ft-kernel-cpu)
   Compiling ft-runtime v0.1.0 (/data/projects/frankentorch/crates/ft-runtime)
   Compiling criterion v0.5.1
   Compiling ft-dispatch v0.1.0 (/data/projects/frankentorch/crates/ft-dispatch)
   Compiling ft-autograd v0.1.0 (/data/projects/frankentorch/crates/ft-autograd)
   Compiling ft-api v0.1.0 (/data/projects/frankentorch/crates/ft-api)
error[E0599]: no method named `sdpa_batched_matmul` found for mutable reference `&mut FrankenTorchSession` in the current scope
     --> crates/ft-api/src/lib.rs:16616:14
      |
16616 |         self.sdpa_batched_matmul(attn_weights, value)
      |              ^^^^^^^^^^^^^^^^^^^
      |
help: there is a method `batch_matmul` with a similar name
      |
16616 -         self.sdpa_batched_matmul(attn_weights, value)
16616 +         self.batch_matmul(attn_weights, value)
      |

For more information about this error, try `rustc --explain E0599`.
error: could not compile `ft-api` (lib) due to 1 previous error
warning: build failed, waiting for other jobs to finish...
error: could not compile `ft-api` (lib test) due to 1 previous error
  [2m2026-06-08T04:19:57.623940Z[0m [32m INFO[0m [1;32mrch::hook[0m[32m: [32mRemote command finished: exit=101 in 51874ms[0m
    [2;3mat[0m rch/src/hook.rs:6364 [2;3mon[0m ThreadId(1)

[RCH] remote fmd failed (exit 101)
