  [2m2026-06-14T10:03:57.611060Z[0m [32m INFO[0m [1;32mrch::hook[0m[32m: [32mSelected worker: vmi1153651 at root@38.242.134.66 (0 slots remaining after reservation, speed 50.0)[0m
    [2;3mat[0m rch/src/hook.rs:514 [2;3mon[0m ThreadId(1)

  [2m2026-06-14T10:03:58.280065Z[0m [32m INFO[0m [1;32mrch::hook[0m[32m: [32mStarting remote compilation pipeline for frankentorch (hash: 0ec0772f2c4d842e)[0m
    [2;3mat[0m rch/src/hook.rs:5994 [2;3mon[0m ThreadId(1)

  [2m2026-06-14T10:03:58.280133Z[0m [32m INFO[0m [1;32mrch::hook[0m[32m: [32mPrepared dependency sync manifest for 13 roots[0m
    [2;3mat[0m rch/src/hook.rs:6016 [2;3mon[0m ThreadId(1)

  [2m2026-06-14T10:04:00.298097Z[0m [32m INFO[0m [1;32mrch::hook[0m[32m: [32mSyncing project to worker vmi1153651...[0m
    [2;3mat[0m rch/src/hook.rs:6046 [2;3mon[0m ThreadId(1)

  [2m2026-06-14T10:04:00.298243Z[0m [32m INFO[0m [1;32mrch::transfer[0m[32m: [32mSyncing /data/projects/frankentorch -> /data/projects/frankentorch on vmi1153651[0m
    [2;3mat[0m rch/src/transfer.rs:1434 [2;3mon[0m ThreadId(1)

  [2m2026-06-14T10:04:19.139469Z[0m [32m INFO[0m [1;32mrch::transfer[0m[32m: [32mSync completed in 18841ms[0m
    [2;3mat[0m rch/src/transfer.rs:1503 [2;3mon[0m ThreadId(1)

  [2m2026-06-14T10:04:19.139591Z[0m [32m INFO[0m [1;32mrch::transfer[0m[32m: [32mSyncing /data/projects/frankentorch/crates/ft-api -> /data/projects/frankentorch/crates/ft-api on vmi1153651[0m
    [2;3mat[0m rch/src/transfer.rs:1434 [2;3mon[0m ThreadId(1)

  [2m2026-06-14T10:04:21.130983Z[0m [32m INFO[0m [1;32mrch::transfer[0m[32m: [32mSync completed in 1991ms[0m
    [2;3mat[0m rch/src/transfer.rs:1503 [2;3mon[0m ThreadId(1)

  [2m2026-06-14T10:04:21.131113Z[0m [32m INFO[0m [1;32mrch::transfer[0m[32m: [32mSyncing /data/projects/frankentorch/crates/ft-autograd -> /data/projects/frankentorch/crates/ft-autograd on vmi1153651[0m
    [2;3mat[0m rch/src/transfer.rs:1434 [2;3mon[0m ThreadId(1)

  [2m2026-06-14T10:04:23.259033Z[0m [32m INFO[0m [1;32mrch::transfer[0m[32m: [32mSync completed in 2127ms[0m
    [2;3mat[0m rch/src/transfer.rs:1503 [2;3mon[0m ThreadId(1)

  [2m2026-06-14T10:04:23.259141Z[0m [32m INFO[0m [1;32mrch::transfer[0m[32m: [32mSyncing /data/projects/frankentorch/crates/ft-conformance -> /data/projects/frankentorch/crates/ft-conformance on vmi1153651[0m
    [2;3mat[0m rch/src/transfer.rs:1434 [2;3mon[0m ThreadId(1)

  [2m2026-06-14T10:04:25.333812Z[0m [32m INFO[0m [1;32mrch::transfer[0m[32m: [32mSync completed in 2074ms[0m
    [2;3mat[0m rch/src/transfer.rs:1503 [2;3mon[0m ThreadId(1)

  [2m2026-06-14T10:04:25.333943Z[0m [32m INFO[0m [1;32mrch::transfer[0m[32m: [32mSyncing /data/projects/frankentorch/crates/ft-core -> /data/projects/frankentorch/crates/ft-core on vmi1153651[0m
    [2;3mat[0m rch/src/transfer.rs:1434 [2;3mon[0m ThreadId(1)

  [2m2026-06-14T10:04:27.476457Z[0m [32m INFO[0m [1;32mrch::transfer[0m[32m: [32mSync completed in 2142ms[0m
    [2;3mat[0m rch/src/transfer.rs:1503 [2;3mon[0m ThreadId(1)

  [2m2026-06-14T10:04:27.476601Z[0m [32m INFO[0m [1;32mrch::transfer[0m[32m: [32mSyncing /data/projects/frankentorch/crates/ft-data -> /data/projects/frankentorch/crates/ft-data on vmi1153651[0m
    [2;3mat[0m rch/src/transfer.rs:1434 [2;3mon[0m ThreadId(1)

  [2m2026-06-14T10:04:29.701037Z[0m [32m INFO[0m [1;32mrch::transfer[0m[32m: [32mSync completed in 2224ms[0m
    [2;3mat[0m rch/src/transfer.rs:1503 [2;3mon[0m ThreadId(1)

  [2m2026-06-14T10:04:29.701232Z[0m [32m INFO[0m [1;32mrch::transfer[0m[32m: [32mSyncing /data/projects/frankentorch/crates/ft-device -> /data/projects/frankentorch/crates/ft-device on vmi1153651[0m
    [2;3mat[0m rch/src/transfer.rs:1434 [2;3mon[0m ThreadId(1)

  [2m2026-06-14T10:04:32.170161Z[0m [32m INFO[0m [1;32mrch::transfer[0m[32m: [32mSync completed in 2468ms[0m
    [2;3mat[0m rch/src/transfer.rs:1503 [2;3mon[0m ThreadId(1)

  [2m2026-06-14T10:04:32.170296Z[0m [32m INFO[0m [1;32mrch::transfer[0m[32m: [32mSyncing /data/projects/frankentorch/crates/ft-dispatch -> /data/projects/frankentorch/crates/ft-dispatch on vmi1153651[0m
    [2;3mat[0m rch/src/transfer.rs:1434 [2;3mon[0m ThreadId(1)

  [2m2026-06-14T10:04:34.564346Z[0m [32m INFO[0m [1;32mrch::transfer[0m[32m: [32mSync completed in 2394ms[0m
    [2;3mat[0m rch/src/transfer.rs:1503 [2;3mon[0m ThreadId(1)

  [2m2026-06-14T10:04:34.564471Z[0m [32m INFO[0m [1;32mrch::transfer[0m[32m: [32mSyncing /data/projects/frankentorch/crates/ft-kernel-cpu -> /data/projects/frankentorch/crates/ft-kernel-cpu on vmi1153651[0m
    [2;3mat[0m rch/src/transfer.rs:1434 [2;3mon[0m ThreadId(1)

  [2m2026-06-14T10:04:36.779351Z[0m [32m INFO[0m [1;32mrch::transfer[0m[32m: [32mSync completed in 2214ms[0m
    [2;3mat[0m rch/src/transfer.rs:1503 [2;3mon[0m ThreadId(1)

  [2m2026-06-14T10:04:36.779527Z[0m [32m INFO[0m [1;32mrch::transfer[0m[32m: [32mSyncing /data/projects/frankentorch/crates/ft-nn -> /data/projects/frankentorch/crates/ft-nn on vmi1153651[0m
    [2;3mat[0m rch/src/transfer.rs:1434 [2;3mon[0m ThreadId(1)

  [2m2026-06-14T10:04:38.770915Z[0m [32m INFO[0m [1;32mrch::transfer[0m[32m: [32mSync completed in 1991ms[0m
    [2;3mat[0m rch/src/transfer.rs:1503 [2;3mon[0m ThreadId(1)

  [2m2026-06-14T10:04:38.771052Z[0m [32m INFO[0m [1;32mrch::transfer[0m[32m: [32mSyncing /data/projects/frankentorch/crates/ft-optim -> /data/projects/frankentorch/crates/ft-optim on vmi1153651[0m
    [2;3mat[0m rch/src/transfer.rs:1434 [2;3mon[0m ThreadId(1)

  [2m2026-06-14T10:04:40.794492Z[0m [32m INFO[0m [1;32mrch::transfer[0m[32m: [32mSync completed in 2023ms[0m
    [2;3mat[0m rch/src/transfer.rs:1503 [2;3mon[0m ThreadId(1)

  [2m2026-06-14T10:04:40.794607Z[0m [32m INFO[0m [1;32mrch::transfer[0m[32m: [32mSyncing /data/projects/frankentorch/crates/ft-runtime -> /data/projects/frankentorch/crates/ft-runtime on vmi1153651[0m
    [2;3mat[0m rch/src/transfer.rs:1434 [2;3mon[0m ThreadId(1)

  [2m2026-06-14T10:04:43.174301Z[0m [32m INFO[0m [1;32mrch::transfer[0m[32m: [32mSync completed in 2379ms[0m
    [2;3mat[0m rch/src/transfer.rs:1503 [2;3mon[0m ThreadId(1)

  [2m2026-06-14T10:04:43.174415Z[0m [32m INFO[0m [1;32mrch::transfer[0m[32m: [32mSyncing /data/projects/frankentorch/crates/ft-serialize -> /data/projects/frankentorch/crates/ft-serialize on vmi1153651[0m
    [2;3mat[0m rch/src/transfer.rs:1434 [2;3mon[0m ThreadId(1)

  [2m2026-06-14T10:04:45.209632Z[0m [32m INFO[0m [1;32mrch::transfer[0m[32m: [32mSync completed in 2035ms[0m
    [2;3mat[0m rch/src/transfer.rs:1503 [2;3mon[0m ThreadId(1)

  [2m2026-06-14T10:04:45.209708Z[0m [32m INFO[0m [1;32mrch::hook[0m[32m: [32mSync complete: 52049 files, 1991389 bytes in 44903ms[0m
    [2;3mat[0m rch/src/hook.rs:6209 [2;3mon[0m ThreadId(1)

  [2m2026-06-14T10:04:51.141601Z[0m [32m INFO[0m [1;32mrch::hook[0m[32m: [32mExecuting command remotely: cargo bench -p ft-serialize --bench serialize_bench -- native_state_dict/decode_many_small_f64_1024x4 --warm-up-time 1 --measurement-time 5 --sample-size 20[0m
    [2;3mat[0m rch/src/hook.rs:6252 [2;3mon[0m ThreadId(1)

  [2m2026-06-14T10:04:51.141727Z[0m [32m INFO[0m [1;32mrch::transfer[0m[32m: [32mRewriting CARGO_TARGET_DIR for remote execution (worker-scoped path): /data/tmp/cargo-target -> /data/projects/frankentorch/.rch-target-vmi1153651-job-29884606035531502-1781431440298087007-0[0m
    [2;3mat[0m rch/src/transfer.rs:712 [2;3mon[0m ThreadId(1)

    Updating crates.io index
 Downloading crates ...
  Downloaded aead v0.5.2
  Downloaded pkcs8 v0.10.2
  Downloaded bit-set v0.8.0
  Downloaded bincode_derive-next v2.1.0
  Downloaded num-traits v0.2.19
  Downloaded pem-rfc7468 v0.7.0
  Downloaded block-buffer v0.10.4
  Downloaded cfg_aliases v0.2.1
  Downloaded cpufeatures v0.2.17
  Downloaded ciborium-io v0.2.2
  Downloaded crypto-common v0.1.7
  Downloaded plotters-backend v0.3.7
  Downloaded clap_lex v1.1.0
  Downloaded cast v0.3.0
  Downloaded rand_chacha v0.3.1
  Downloaded crossbeam-queue v0.3.12
  Downloaded poly1305 v0.8.0
  Downloaded ciborium-ll v0.2.2
  Downloaded cpufeatures v0.3.0
  Downloaded plotters-svg v0.3.7
  Downloaded errno v0.3.14
  Downloaded franken-kernel v0.3.4
  Downloaded futures-core v0.3.32
  Downloaded futures-io v0.3.32
  Downloaded memoffset v0.9.1
  Downloaded quick-error v1.2.3
  Downloaded subtle v2.6.1
  Downloaded universal-hash v0.5.1
  Downloaded is-terminal v0.4.17
  Downloaded polyval v0.6.2
  Downloaded rustc_version v0.4.1
  Downloaded hex v0.4.3
  Downloaded curve25519-dalek-derive v0.1.1
  Downloaded equivalent v1.0.2
  Downloaded fnv v1.0.7
  Downloaded unarray v0.1.4
  Downloaded ghash v0.5.1
  Downloaded opaque-debug v0.3.1
  Downloaded same-file v1.0.6
  Downloaded unty-next v0.1.1
  Downloaded itoa v1.0.18
  Downloaded crypto-common v0.2.1
  Downloaded inout v0.1.4
  Downloaded lazy_static v1.5.0
  Downloaded block-buffer v0.12.0
  Downloaded parking v2.2.1
  Downloaded zeroize_derive v1.4.3
  Downloaded version_check v0.9.5
  Downloaded sha1 v0.11.0
  Downloaded rand_xorshift v0.4.0
  Downloaded scopeguard v1.2.0
  Downloaded visibility v0.1.1
  Downloaded anstyle v1.0.14
  Downloaded anes v0.1.6
  Downloaded autocfg v1.5.0
  Downloaded bytemuck_derive v1.10.2
  Downloaded bit-vec v0.8.0
  Downloaded cfg-if v1.0.4
  Downloaded chacha20 v0.9.1
  Downloaded cmov v0.5.3
  Downloaded criterion-plot v0.5.0
  Downloaded crossbeam-deque v0.8.6
  Downloaded digest v0.10.7
  Downloaded ctr v0.9.2
  Downloaded data-encoding v2.11.0
  Downloaded generic-array v0.14.7
  Downloaded lock_api v0.4.14
  Downloaded ppv-lite86 v0.2.21
  Downloaded prost-derive v0.14.4
  Downloaded quote v1.0.45
  Downloaded thiserror-impl v2.0.18
  Downloaded tinytemplate v1.2.1
  Downloaded tracing-log v0.2.0
  Downloaded wait-timeout v0.2.1
  Downloaded nkeys v0.4.5
  Downloaded parking_lot v0.12.5
  Downloaded rand_core v0.9.5
  Downloaded signal-hook-registry v1.4.8
  Downloaded signature v2.2.0
  Downloaded spki v0.7.3
  Downloaded zeroize v1.8.2
  Downloaded fastrand v2.4.1
  Downloaded ed25519 v2.2.3
  Downloaded either v1.15.0
  Downloaded crossbeam-utils v0.8.21
  Downloaded ctutils v0.4.2
  Downloaded franken-decision v0.3.4
  Downloaded franken-evidence v0.3.4
  Downloaded nu-ansi-term v0.50.3
  Downloaded rusty-fork v0.3.1
  Downloaded sha2 v0.10.9
  Downloaded bitflags v2.11.1
  Downloaded ciborium v0.2.2
  Downloaded cipher v0.4.4
  Downloaded console v0.16.3
  Downloaded const-oid v0.9.6
  Downloaded crossbeam-epoch v0.9.18
  Downloaded hmac v0.12.1
  Downloaded hybrid-array v0.4.10
  Downloaded oorandom v11.1.5
  Downloaded rand_chacha v0.9.0
  Downloaded safetensors v0.7.0
  Downloaded slab v0.4.12
  Downloaded thread_local v1.1.9
  Downloaded walkdir v2.5.0
  Downloaded zmij v1.0.21
  Downloaded digest v0.11.2
  Downloaded pin-project-internal v1.1.11
  Downloaded parking_lot_core v0.9.12
  Downloaded prost v0.14.4
  Downloaded base64ct v1.8.3
  Downloaded foldhash v0.2.0
  Downloaded futures-lite v2.6.1
  Downloaded getrandom v0.2.17
  Downloaded num-complex v0.4.6
  Downloaded once_cell v1.21.4
  Downloaded polling v3.11.0
  Downloaded allocator-api2 v0.2.21
  Downloaded anyhow v1.0.102
  Downloaded bytemuck v1.25.0
  Downloaded pin-project-lite v0.2.17
  Downloaded const-oid v0.10.2
  Downloaded crc32fast v1.5.0
  Downloaded signal-hook v0.4.4
  Downloaded sha2 v0.11.0
  Downloaded tracing-attributes v0.1.31
  Downloaded virtue-next v0.1.3
  Downloaded getrandom v0.3.4
  Downloaded getrandom v0.4.2
  Downloaded half v2.7.1
  Downloaded hmac v0.13.0
  Downloaded log v0.4.29
  Downloaded rmp v0.8.15
  Downloaded rmp-serde v1.3.1
  Downloaded semver v1.0.28
  Downloaded smallvec v1.15.1
  Downloaded socket2 v0.6.3
  Downloaded tempfile v3.27.0
  Downloaded thiserror v2.0.18
  Downloaded base64 v0.22.1
  Downloaded chacha20poly1305 v0.10.1
  Downloaded clap v4.6.1
  Downloaded pin-project v1.1.11
  Downloaded proc-macro2 v1.0.106
  Downloaded rand_core v0.6.4
  Downloaded serde_derive v1.0.228
  Downloaded sharded-slab v0.1.7
  Downloaded similar v2.7.0
  Downloaded tracing-core v0.1.36
  Downloaded bytes v1.11.1
  Downloaded serde_core v1.0.228
  Downloaded unicode-ident v1.0.24
  Downloaded der v0.7.10
  Downloaded rand v0.8.6
  Downloaded rand v0.9.4
  Downloaded rayon-core v1.13.0
  Downloaded serde v1.0.228
  Downloaded zerocopy-derive v0.8.48
  Downloaded aes v0.8.4
  Downloaded bincode-next v2.1.0
  Downloaded criterion v0.5.1
  Downloaded ed25519-dalek v2.2.0
  Downloaded itertools v0.10.5
  Downloaded memchr v2.8.0
  Downloaded insta v1.47.2
  Downloaded typenum v1.20.0
  Downloaded aes-gcm v0.10.3
  Downloaded hashbrown v0.16.1
  Downloaded hashbrown v0.17.0
  Downloaded plotters v0.3.7
  Downloaded aho-corasick v1.1.4
  Downloaded signatory v0.27.1
  Downloaded hkdf v0.12.4
  Downloaded clap_builder v4.6.0
  Downloaded serde_json v1.0.149
  Downloaded curve25519-dalek v4.1.3
  Downloaded regex v1.12.3
  Downloaded sysinfo v0.33.1
  Downloaded rayon v1.12.0
  Downloaded tracing-subscriber v0.3.23
  Downloaded proptest v1.11.0
  Downloaded nix v0.31.2
  Downloaded zerocopy v0.8.48
  Downloaded syn v2.0.117
  Downloaded libc v0.2.185
  Downloaded regex-syntax v0.8.10
  Downloaded rustix v1.1.4
  Downloaded tracing v0.1.44
  Downloaded regex-automata v0.4.14
  Downloaded linux-raw-sys v0.12.1
  Downloaded asupersync v0.3.4
   Compiling proc-macro2 v1.0.106
   Compiling quote v1.0.45
   Compiling unicode-ident v1.0.24
   Compiling cfg-if v1.0.4
   Compiling libc v0.2.185
   Compiling typenum v1.20.0
   Compiling version_check v0.9.5
   Compiling subtle v2.6.1
   Compiling serde_core v1.0.228
   Compiling autocfg v1.5.0
   Compiling zerocopy v0.8.48
   Compiling cpufeatures v0.2.17
   Compiling serde v1.0.228
   Compiling getrandom v0.3.4
   Compiling once_cell v1.21.4
   Compiling num-traits v0.2.19
   Compiling generic-array v0.14.7
   Compiling crossbeam-utils v0.8.21
   Compiling zmij v1.0.21
   Compiling rustix v1.1.4
   Compiling serde_json v1.0.149
   Compiling memchr v2.8.0
   Compiling bitflags v2.11.1
   Compiling syn v2.0.117
   Compiling hybrid-array v0.4.10
   Compiling base64ct v1.8.3
   Compiling semver v1.0.28
   Compiling linux-raw-sys v0.12.1
   Compiling itoa v1.0.18
   Compiling rustc_version v0.4.1
   Compiling pem-rfc7468 v0.7.0
   Compiling block-buffer v0.10.4
   Compiling inout v0.1.4
   Compiling crossbeam-epoch v0.9.18
   Compiling const-oid v0.9.6
   Compiling cmov v0.5.3
   Compiling either v1.15.0
   Compiling rayon-core v1.13.0
   Compiling getrandom v0.2.17
   Compiling fastrand v2.4.1
   Compiling opaque-debug v0.3.1
   Compiling rand_core v0.6.4
   Compiling ctutils v0.4.2
   Compiling crossbeam-deque v0.8.6
   Compiling curve25519-dalek v4.1.3
   Compiling crypto-common v0.2.1
   Compiling block-buffer v0.12.0
   Compiling const-oid v0.10.2
   Compiling crypto-common v0.1.7
   Compiling digest v0.10.7
   Compiling universal-hash v0.5.1
   Compiling anyhow v1.0.102
   Compiling tracing-core v0.1.36
   Compiling digest v0.11.2
   Compiling memoffset v0.9.1
   Compiling signature v2.2.0
   Compiling log v0.4.29
   Compiling parking_lot_core v0.9.12
   Compiling smallvec v1.15.1
   Compiling equivalent v1.0.2
   Compiling allocator-api2 v0.2.21
   Compiling cfg_aliases v0.2.1
   Compiling foldhash v0.2.0
   Compiling nix v0.31.2
   Compiling itertools v0.10.5
   Compiling ed25519 v2.2.3
   Compiling rayon v1.12.0
   Compiling sha2 v0.10.9
   Compiling polyval v0.6.2
   Compiling tempfile v3.27.0
   Compiling aead v0.5.2
   Compiling rand_core v0.9.5
   Compiling errno v0.3.14
   Compiling regex-syntax v0.8.10
   Compiling thiserror v2.0.18
   Compiling getrandom v0.4.2
   Compiling virtue-next v0.1.3
   Compiling signal-hook v0.4.4
   Compiling lazy_static v1.5.0
   Compiling crc32fast v1.5.0
   Compiling cpufeatures v0.3.0
   Compiling pin-project-lite v0.2.17
   Compiling scopeguard v1.2.0
   Compiling lock_api v0.4.14
   Compiling sharded-slab v0.1.7
   Compiling signal-hook-registry v1.4.8
   Compiling bincode_derive-next v2.1.0
   Compiling ghash v0.5.1
   Compiling tracing-log v0.2.0
   Compiling hmac v0.12.1
   Compiling zerocopy-derive v0.8.48
   Compiling zeroize_derive v1.4.3
   Compiling serde_derive v1.0.228
   Compiling bytemuck_derive v1.10.2
   Compiling curve25519-dalek-derive v0.1.1
   Compiling thiserror-impl v2.0.18
   Compiling prost-derive v0.14.4
   Compiling zeroize v1.8.2
   Compiling cipher v0.4.4
   Compiling der v0.7.10
   Compiling aes v0.8.4
   Compiling bytemuck v1.25.0
   Compiling ctr v0.9.2
   Compiling chacha20 v0.9.1
   Compiling tracing-attributes v0.1.31
   Compiling pin-project-internal v1.1.11
   Compiling ed25519-dalek v2.2.0
   Compiling spki v0.7.3
   Compiling poly1305 v0.8.0
   Compiling pkcs8 v0.10.2
   Compiling signatory v0.27.1
   Compiling rmp v0.8.15
   Compiling thread_local v1.1.9
   Compiling data-encoding v2.11.0
   Compiling anstyle v1.0.14
   Compiling parking v2.2.1
   Compiling futures-core v0.3.32
   Compiling futures-io v0.3.32
   Compiling ciborium-io v0.2.2
   Compiling unty-next v0.1.1
   Compiling nu-ansi-term v0.50.3
   Compiling plotters-backend v0.3.7
   Compiling bytes v1.11.1
   Compiling clap_lex v1.1.0
   Compiling futures-lite v2.6.1
   Compiling prost v0.14.4
   Compiling franken-evidence v0.3.4
   Compiling franken-kernel v0.3.4
   Compiling clap_builder v4.6.0
   Compiling franken-decision v0.3.4
   Compiling bincode-next v2.1.0
   Compiling rmp-serde v1.3.1
   Compiling tracing-subscriber v0.3.23
   Compiling plotters-svg v0.3.7
   Compiling pin-project v1.1.11
   Compiling tracing v0.1.44
   Compiling chacha20poly1305 v0.10.1
   Compiling aes-gcm v0.10.3
   Compiling regex-automata v0.4.14
   Compiling sysinfo v0.33.1
   Compiling parking_lot v0.12.5
   Compiling hkdf v0.12.4
   Compiling visibility v0.1.1
   Compiling ppv-lite86 v0.2.21
   Compiling half v2.7.1
   Compiling sha1 v0.11.0
   Compiling rand_chacha v0.3.1
   Compiling ciborium-ll v0.2.2
   Compiling sha2 v0.11.0
   Compiling rand v0.8.6
   Compiling polling v3.11.0
   Compiling nkeys v0.4.5
   Compiling hashbrown v0.17.0
   Compiling hashbrown v0.16.1
   Compiling hmac v0.13.0
   Compiling wait-timeout v0.2.1
   Compiling socket2 v0.6.3
   Compiling crossbeam-queue v0.3.12
   Compiling num-complex v0.4.6
   Compiling slab v0.4.12
   Compiling base64 v0.22.1
   Compiling hex v0.4.3
   Compiling bit-vec v0.8.0
   Compiling cast v0.3.0
   Compiling fnv v1.0.7
   Compiling same-file v1.0.6
   Compiling quick-error v1.2.3
   Compiling ft-core v0.1.0 (/data/projects/frankentorch/crates/ft-core)
   Compiling rusty-fork v0.3.1
   Compiling bit-set v0.8.0
   Compiling walkdir v2.5.0
   Compiling asupersync v0.3.4
   Compiling safetensors v0.7.0
   Compiling criterion-plot v0.5.0
   Compiling ciborium v0.2.2
   Compiling regex v1.12.3
   Compiling rand_chacha v0.9.0
   Compiling clap v4.6.1
   Compiling plotters v0.3.7
   Compiling tinytemplate v1.2.1
   Compiling rand_xorshift v0.4.0
   Compiling rand v0.9.4
   Compiling is-terminal v0.4.17
   Compiling console v0.16.3
   Compiling unarray v0.1.4
   Compiling similar v2.7.0
   Compiling oorandom v11.1.5
   Compiling anes v0.1.6
   Compiling proptest v1.11.0
   Compiling criterion v0.5.1
   Compiling insta v1.47.2
   Compiling ft-serialize v0.1.0 (/data/projects/frankentorch/crates/ft-serialize)
