  [2m2026-06-14T06:17:41.748228Z[0m [32m INFO[0m [1;32mrch::hook[0m[32m: [32mSelected worker: vmi1293453 at root@149.102.137.103 (1 slots remaining after reservation, speed 50.0)[0m
    [2;3mat[0m rch/src/hook.rs:514 [2;3mon[0m ThreadId(1)

  [2m2026-06-14T06:17:42.068327Z[0m [32m INFO[0m [1;32mrch::hook[0m[32m: [32mStarting remote compilation pipeline for frankentorch (hash: 3d6dc0f5ca5d2899)[0m
    [2;3mat[0m rch/src/hook.rs:5994 [2;3mon[0m ThreadId(1)

  [2m2026-06-14T06:17:42.068371Z[0m [32m INFO[0m [1;32mrch::hook[0m[32m: [32mPrepared dependency sync manifest for 13 roots[0m
    [2;3mat[0m rch/src/hook.rs:6016 [2;3mon[0m ThreadId(1)

  [2m2026-06-14T06:17:43.594241Z[0m [32m INFO[0m [1;32mrch::hook[0m[32m: [32mSyncing project to worker vmi1293453...[0m
    [2;3mat[0m rch/src/hook.rs:6046 [2;3mon[0m ThreadId(1)

  [2m2026-06-14T06:17:43.594351Z[0m [32m INFO[0m [1;32mrch::transfer[0m[32m: [32mSyncing /data/projects/frankentorch -> /data/projects/frankentorch on vmi1293453[0m
    [2;3mat[0m rch/src/transfer.rs:1434 [2;3mon[0m ThreadId(1)

  [2m2026-06-14T06:17:51.776594Z[0m [32m INFO[0m [1;32mrch::transfer[0m[32m: [32mSync completed in 8182ms[0m
    [2;3mat[0m rch/src/transfer.rs:1503 [2;3mon[0m ThreadId(1)

  [2m2026-06-14T06:17:51.776713Z[0m [32m INFO[0m [1;32mrch::transfer[0m[32m: [32mSyncing /data/projects/frankentorch/crates/ft-api -> /data/projects/frankentorch/crates/ft-api on vmi1293453[0m
    [2;3mat[0m rch/src/transfer.rs:1434 [2;3mon[0m ThreadId(1)

  [2m2026-06-14T06:17:53.651146Z[0m [32m INFO[0m [1;32mrch::transfer[0m[32m: [32mSync completed in 1874ms[0m
    [2;3mat[0m rch/src/transfer.rs:1503 [2;3mon[0m ThreadId(1)

  [2m2026-06-14T06:17:53.651257Z[0m [32m INFO[0m [1;32mrch::transfer[0m[32m: [32mSyncing /data/projects/frankentorch/crates/ft-autograd -> /data/projects/frankentorch/crates/ft-autograd on vmi1293453[0m
    [2;3mat[0m rch/src/transfer.rs:1434 [2;3mon[0m ThreadId(1)

  [2m2026-06-14T06:17:55.460658Z[0m [32m INFO[0m [1;32mrch::transfer[0m[32m: [32mSync completed in 1809ms[0m
    [2;3mat[0m rch/src/transfer.rs:1503 [2;3mon[0m ThreadId(1)

  [2m2026-06-14T06:17:55.460795Z[0m [32m INFO[0m [1;32mrch::transfer[0m[32m: [32mSyncing /data/projects/frankentorch/crates/ft-conformance -> /data/projects/frankentorch/crates/ft-conformance on vmi1293453[0m
    [2;3mat[0m rch/src/transfer.rs:1434 [2;3mon[0m ThreadId(1)

  [2m2026-06-14T06:17:57.312712Z[0m [32m INFO[0m [1;32mrch::transfer[0m[32m: [32mSync completed in 1851ms[0m
    [2;3mat[0m rch/src/transfer.rs:1503 [2;3mon[0m ThreadId(1)

  [2m2026-06-14T06:17:57.312826Z[0m [32m INFO[0m [1;32mrch::transfer[0m[32m: [32mSyncing /data/projects/frankentorch/crates/ft-core -> /data/projects/frankentorch/crates/ft-core on vmi1293453[0m
    [2;3mat[0m rch/src/transfer.rs:1434 [2;3mon[0m ThreadId(1)

  [2m2026-06-14T06:17:59.299293Z[0m [32m INFO[0m [1;32mrch::transfer[0m[32m: [32mSync completed in 1986ms[0m
    [2;3mat[0m rch/src/transfer.rs:1503 [2;3mon[0m ThreadId(1)

  [2m2026-06-14T06:17:59.299412Z[0m [32m INFO[0m [1;32mrch::transfer[0m[32m: [32mSyncing /data/projects/frankentorch/crates/ft-data -> /data/projects/frankentorch/crates/ft-data on vmi1293453[0m
    [2;3mat[0m rch/src/transfer.rs:1434 [2;3mon[0m ThreadId(1)

  [2m2026-06-14T06:18:01.095640Z[0m [32m INFO[0m [1;32mrch::transfer[0m[32m: [32mSync completed in 1796ms[0m
    [2;3mat[0m rch/src/transfer.rs:1503 [2;3mon[0m ThreadId(1)

  [2m2026-06-14T06:18:01.095775Z[0m [32m INFO[0m [1;32mrch::transfer[0m[32m: [32mSyncing /data/projects/frankentorch/crates/ft-device -> /data/projects/frankentorch/crates/ft-device on vmi1293453[0m
    [2;3mat[0m rch/src/transfer.rs:1434 [2;3mon[0m ThreadId(1)

  [2m2026-06-14T06:18:03.063844Z[0m [32m INFO[0m [1;32mrch::transfer[0m[32m: [32mSync completed in 1968ms[0m
    [2;3mat[0m rch/src/transfer.rs:1503 [2;3mon[0m ThreadId(1)

  [2m2026-06-14T06:18:03.063974Z[0m [32m INFO[0m [1;32mrch::transfer[0m[32m: [32mSyncing /data/projects/frankentorch/crates/ft-dispatch -> /data/projects/frankentorch/crates/ft-dispatch on vmi1293453[0m
    [2;3mat[0m rch/src/transfer.rs:1434 [2;3mon[0m ThreadId(1)

  [2m2026-06-14T06:18:04.928067Z[0m [32m INFO[0m [1;32mrch::transfer[0m[32m: [32mSync completed in 1864ms[0m
    [2;3mat[0m rch/src/transfer.rs:1503 [2;3mon[0m ThreadId(1)

  [2m2026-06-14T06:18:04.928181Z[0m [32m INFO[0m [1;32mrch::transfer[0m[32m: [32mSyncing /data/projects/frankentorch/crates/ft-kernel-cpu -> /data/projects/frankentorch/crates/ft-kernel-cpu on vmi1293453[0m
    [2;3mat[0m rch/src/transfer.rs:1434 [2;3mon[0m ThreadId(1)

  [2m2026-06-14T06:18:06.988948Z[0m [32m INFO[0m [1;32mrch::transfer[0m[32m: [32mSync completed in 2060ms[0m
    [2;3mat[0m rch/src/transfer.rs:1503 [2;3mon[0m ThreadId(1)

  [2m2026-06-14T06:18:06.989067Z[0m [32m INFO[0m [1;32mrch::transfer[0m[32m: [32mSyncing /data/projects/frankentorch/crates/ft-nn -> /data/projects/frankentorch/crates/ft-nn on vmi1293453[0m
    [2;3mat[0m rch/src/transfer.rs:1434 [2;3mon[0m ThreadId(1)

  [2m2026-06-14T06:18:08.815014Z[0m [32m INFO[0m [1;32mrch::transfer[0m[32m: [32mSync completed in 1825ms[0m
    [2;3mat[0m rch/src/transfer.rs:1503 [2;3mon[0m ThreadId(1)

  [2m2026-06-14T06:18:08.815162Z[0m [32m INFO[0m [1;32mrch::transfer[0m[32m: [32mSyncing /data/projects/frankentorch/crates/ft-optim -> /data/projects/frankentorch/crates/ft-optim on vmi1293453[0m
    [2;3mat[0m rch/src/transfer.rs:1434 [2;3mon[0m ThreadId(1)

  [2m2026-06-14T06:18:10.743133Z[0m [32m INFO[0m [1;32mrch::transfer[0m[32m: [32mSync completed in 1927ms[0m
    [2;3mat[0m rch/src/transfer.rs:1503 [2;3mon[0m ThreadId(1)

  [2m2026-06-14T06:18:10.743281Z[0m [32m INFO[0m [1;32mrch::transfer[0m[32m: [32mSyncing /data/projects/frankentorch/crates/ft-runtime -> /data/projects/frankentorch/crates/ft-runtime on vmi1293453[0m
    [2;3mat[0m rch/src/transfer.rs:1434 [2;3mon[0m ThreadId(1)

  [2m2026-06-14T06:18:12.872363Z[0m [32m INFO[0m [1;32mrch::transfer[0m[32m: [32mSync completed in 2129ms[0m
    [2;3mat[0m rch/src/transfer.rs:1503 [2;3mon[0m ThreadId(1)

  [2m2026-06-14T06:18:12.872478Z[0m [32m INFO[0m [1;32mrch::transfer[0m[32m: [32mSyncing /data/projects/frankentorch/crates/ft-serialize -> /data/projects/frankentorch/crates/ft-serialize on vmi1293453[0m
    [2;3mat[0m rch/src/transfer.rs:1434 [2;3mon[0m ThreadId(1)

  [2m2026-06-14T06:18:14.676182Z[0m [32m INFO[0m [1;32mrch::transfer[0m[32m: [32mSync completed in 1803ms[0m
    [2;3mat[0m rch/src/transfer.rs:1503 [2;3mon[0m ThreadId(1)

  [2m2026-06-14T06:18:14.676226Z[0m [32m INFO[0m [1;32mrch::hook[0m[32m: [32mSync complete: 52017 files, 1878570 bytes in 31074ms[0m
    [2;3mat[0m rch/src/hook.rs:6209 [2;3mon[0m ThreadId(1)

  [2m2026-06-14T06:18:20.092938Z[0m [32m INFO[0m [1;32mrch::hook[0m[32m: [32mExecuting command remotely: cargo bench -p ft-serialize --bench serialize_bench -- --warm-up-time 1 --measurement-time 5 --sample-size 20[0m
    [2;3mat[0m rch/src/hook.rs:6252 [2;3mon[0m ThreadId(1)

  [2m2026-06-14T06:18:20.093109Z[0m [32m INFO[0m [1;32mrch::transfer[0m[32m: [32mRewriting CARGO_TARGET_DIR for remote execution (worker-scoped path): /data/tmp/cargo-target -> /data/projects/frankentorch/.rch-target-vmi1293453-job-29884606035531108-1781417863594234126-0[0m
    [2;3mat[0m rch/src/transfer.rs:712 [2;3mon[0m ThreadId(1)

    Updating crates.io index
 Downloading crates ...
  Downloaded aead v0.5.2
  Downloaded autocfg v1.5.0
  Downloaded bit-set v0.8.0
  Downloaded anes v0.1.6
  Downloaded anstyle v1.0.14
  Downloaded chacha20 v0.9.1
  Downloaded num-traits v0.2.19
  Downloaded allocator-api2 v0.2.21
  Downloaded anyhow v1.0.102
  Downloaded cpufeatures v0.2.17
  Downloaded crossbeam-deque v0.8.6
  Downloaded criterion-plot v0.5.0
  Downloaded pin-project-lite v0.2.17
  Downloaded crc32fast v1.5.0
  Downloaded crypto-common v0.1.7
  Downloaded rustc_version v0.4.1
  Downloaded ciborium-ll v0.2.2
  Downloaded futures-io v0.3.32
  Downloaded once_cell v1.21.4
  Downloaded equivalent v1.0.2
  Downloaded cfg_aliases v0.2.1
  Downloaded ciborium-io v0.2.2
  Downloaded generic-array v0.14.7
  Downloaded polyval v0.6.2
  Downloaded crossbeam-queue v0.3.12
  Downloaded crypto-common v0.2.1
  Downloaded franken-kernel v0.3.4
  Downloaded block-buffer v0.12.0
  Downloaded base64 v0.22.1
  Downloaded base64ct v1.8.3
  Downloaded ed25519 v2.2.3
  Downloaded memoffset v0.9.1
  Downloaded block-buffer v0.10.4
  Downloaded cast v0.3.0
  Downloaded futures-core v0.3.32
  Downloaded bincode_derive-next v2.1.0
  Downloaded clap_lex v1.1.0
  Downloaded is-terminal v0.4.17
  Downloaded digest v0.11.2
  Downloaded either v1.15.0
  Downloaded errno v0.3.14
  Downloaded fastrand v2.4.1
  Downloaded ghash v0.5.1
  Downloaded rand v0.9.4
  Downloaded plotters v0.3.7
  Downloaded rand_chacha v0.3.1
  Downloaded cpufeatures v0.3.0
  Downloaded fnv v1.0.7
  Downloaded itoa v1.0.18
  Downloaded plotters-svg v0.3.7
  Downloaded inout v0.1.4
  Downloaded curve25519-dalek-derive v0.1.1
  Downloaded franken-evidence v0.3.4
  Downloaded opaque-debug v0.3.1
  Downloaded quick-error v1.2.3
  Downloaded zeroize_derive v1.4.3
  Downloaded universal-hash v0.5.1
  Downloaded pem-rfc7468 v0.7.0
  Downloaded poly1305 v0.8.0
  Downloaded bit-vec v0.8.0
  Downloaded digest v0.10.7
  Downloaded foldhash v0.2.0
  Downloaded hex v0.4.3
  Downloaded lazy_static v1.5.0
  Downloaded lock_api v0.4.14
  Downloaded nkeys v0.4.5
  Downloaded num-complex v0.4.6
  Downloaded ppv-lite86 v0.2.21
  Downloaded rand_core v0.6.4
  Downloaded bitflags v2.11.1
  Downloaded bytemuck_derive v1.10.2
  Downloaded cfg-if v1.0.4
  Downloaded cipher v0.4.4
  Downloaded cmov v0.5.3
  Downloaded ctutils v0.4.2
  Downloaded data-encoding v2.11.0
  Downloaded subtle v2.6.1
  Downloaded sha1 v0.11.0
  Downloaded crossbeam-epoch v0.9.18
  Downloaded unty-next v0.1.1
  Downloaded hybrid-array v0.4.10
  Downloaded parking v2.2.1
  Downloaded nu-ansi-term v0.50.3
  Downloaded const-oid v0.9.6
  Downloaded ctr v0.9.2
  Downloaded getrandom v0.3.4
  Downloaded aes v0.8.4
  Downloaded hmac v0.13.0
  Downloaded scopeguard v1.2.0
  Downloaded console v0.16.3
  Downloaded version_check v0.9.5
  Downloaded franken-decision v0.3.4
  Downloaded plotters-backend v0.3.7
  Downloaded getrandom v0.2.17
  Downloaded crossbeam-utils v0.8.21
  Downloaded const-oid v0.10.2
  Downloaded log v0.4.29
  Downloaded safetensors v0.7.0
  Downloaded aes-gcm v0.10.3
  Downloaded clap v4.6.1
  Downloaded futures-lite v2.6.1
  Downloaded oorandom v11.1.5
  Downloaded same-file v1.0.6
  Downloaded tinytemplate v1.2.1
  Downloaded unarray v0.1.4
  Downloaded hmac v0.12.1
  Downloaded ciborium v0.2.2
  Downloaded getrandom v0.4.2
  Downloaded bytemuck v1.25.0
  Downloaded pin-project-internal v1.1.11
  Downloaded prost v0.14.4
  Downloaded ed25519-dalek v2.2.0
  Downloaded der v0.7.10
  Downloaded bytes v1.11.1
  Downloaded aho-corasick v1.1.4
  Downloaded chacha20poly1305 v0.10.1
  Downloaded signature v2.2.0
  Downloaded half v2.7.1
  Downloaded rand_xorshift v0.4.0
  Downloaded wait-timeout v0.2.1
  Downloaded bincode-next v2.1.0
  Downloaded visibility v0.1.1
  Downloaded criterion v0.5.1
  Downloaded itertools v0.10.5
  Downloaded memchr v2.8.0
  Downloaded insta v1.47.2
  Downloaded prost-derive v0.14.4
  Downloaded rusty-fork v0.3.1
  Downloaded spki v0.7.3
  Downloaded hashbrown v0.16.1
  Downloaded thiserror v2.0.18
  Downloaded slab v0.4.12
  Downloaded hashbrown v0.17.0
  Downloaded walkdir v2.5.0
  Downloaded rand_chacha v0.9.0
  Downloaded hkdf v0.12.4
  Downloaded clap_builder v4.6.0
  Downloaded sha2 v0.10.9
  Downloaded quote v1.0.45
  Downloaded tracing-log v0.2.0
  Downloaded parking_lot v0.12.5
  Downloaded rmp-serde v1.3.1
  Downloaded tempfile v3.27.0
  Downloaded pin-project v1.1.11
  Downloaded zmij v1.0.21
  Downloaded zeroize v1.8.2
  Downloaded rand_core v0.9.5
  Downloaded curve25519-dalek v4.1.3
  Downloaded thiserror-impl v2.0.18
  Downloaded smallvec v1.15.1
  Downloaded nix v0.31.2
  Downloaded rmp v0.8.15
  Downloaded semver v1.0.28
  Downloaded thread_local v1.1.9
  Downloaded pkcs8 v0.10.2
  Downloaded tracing-core v0.1.36
  Downloaded parking_lot_core v0.9.12
  Downloaded proc-macro2 v1.0.106
  Downloaded signal-hook v0.4.4
  Downloaded signal-hook-registry v1.4.8
  Downloaded similar v2.7.0
  Downloaded sha2 v0.11.0
  Downloaded tracing-attributes v0.1.31
  Downloaded sharded-slab v0.1.7
  Downloaded serde_derive v1.0.228
  Downloaded libc v0.2.185
  Downloaded polling v3.11.0
  Downloaded unicode-ident v1.0.24
  Downloaded virtue-next v0.1.3
  Downloaded socket2 v0.6.3
  Downloaded rayon-core v1.13.0
  Downloaded rand v0.8.6
  Downloaded serde v1.0.228
  Downloaded serde_core v1.0.228
  Downloaded zerocopy-derive v0.8.48
  Downloaded typenum v1.20.0
  Downloaded regex v1.12.3
  Downloaded signatory v0.27.1
  Downloaded serde_json v1.0.149
  Downloaded sysinfo v0.33.1
  Downloaded rayon v1.12.0
  Downloaded tracing-subscriber v0.3.23
  Downloaded proptest v1.11.0
  Downloaded syn v2.0.117
  Downloaded zerocopy v0.8.48
  Downloaded regex-syntax v0.8.10
  Downloaded tracing v0.1.44
  Downloaded rustix v1.1.4
  Downloaded regex-automata v0.4.14
  Downloaded linux-raw-sys v0.12.1
  Downloaded asupersync v0.3.4
   Compiling proc-macro2 v1.0.106
   Compiling unicode-ident v1.0.24
   Compiling quote v1.0.45
   Compiling libc v0.2.185
   Compiling cfg-if v1.0.4
   Compiling typenum v1.20.0
   Compiling version_check v0.9.5
   Compiling subtle v2.6.1
   Compiling serde_core v1.0.228
   Compiling autocfg v1.5.0
   Compiling zerocopy v0.8.48
   Compiling serde v1.0.228
   Compiling generic-array v0.14.7
   Compiling cpufeatures v0.2.17
   Compiling getrandom v0.3.4
   Compiling num-traits v0.2.19
   Compiling once_cell v1.21.4
   Compiling crossbeam-utils v0.8.21
   Compiling zmij v1.0.21
   Compiling syn v2.0.117
   Compiling bitflags v2.11.1
   Compiling memchr v2.8.0
   Compiling block-buffer v0.10.4
   Compiling rustix v1.1.4
   Compiling serde_json v1.0.149
   Compiling inout v0.1.4
   Compiling hybrid-array v0.4.10
   Compiling semver v1.0.28
   Compiling getrandom v0.2.17
   Compiling rand_core v0.6.4
   Compiling base64ct v1.8.3
   Compiling linux-raw-sys v0.12.1
   Compiling crypto-common v0.1.7
   Compiling itoa v1.0.18
   Compiling rustc_version v0.4.1
   Compiling digest v0.10.7
   Compiling universal-hash v0.5.1
   Compiling pem-rfc7468 v0.7.0
   Compiling crossbeam-epoch v0.9.18
   Compiling either v1.15.0
   Compiling rayon-core v1.13.0
   Compiling const-oid v0.9.6
   Compiling opaque-debug v0.3.1
   Compiling cmov v0.5.3
   Compiling fastrand v2.4.1
   Compiling crossbeam-deque v0.8.6
   Compiling ctutils v0.4.2
   Compiling curve25519-dalek v4.1.3
   Compiling signature v2.2.0
   Compiling crypto-common v0.2.1
   Compiling block-buffer v0.12.0
   Compiling anyhow v1.0.102
   Compiling const-oid v0.10.2
   Compiling tracing-core v0.1.36
   Compiling memoffset v0.9.1
   Compiling digest v0.11.2
   Compiling cfg_aliases v0.2.1
   Compiling foldhash v0.2.0
   Compiling allocator-api2 v0.2.21
   Compiling smallvec v1.15.1
   Compiling equivalent v1.0.2
   Compiling log v0.4.29
   Compiling parking_lot_core v0.9.12
   Compiling rayon v1.12.0
   Compiling nix v0.31.2
   Compiling itertools v0.10.5
   Compiling ed25519 v2.2.3
   Compiling polyval v0.6.2
   Compiling tempfile v3.27.0
   Compiling sha2 v0.10.9
   Compiling aead v0.5.2
   Compiling rand_core v0.9.5
   Compiling errno v0.3.14
   Compiling crc32fast v1.5.0
   Compiling cpufeatures v0.3.0
   Compiling zeroize_derive v1.4.3
   Compiling zerocopy-derive v0.8.48
   Compiling serde_derive v1.0.228
   Compiling bytemuck_derive v1.10.2
   Compiling zeroize v1.8.2
   Compiling cipher v0.4.4
   Compiling der v0.7.10
   Compiling curve25519-dalek-derive v0.1.1
   Compiling pin-project-lite v0.2.17
   Compiling signal-hook v0.4.4
   Compiling regex-syntax v0.8.10
   Compiling lazy_static v1.5.0
   Compiling scopeguard v1.2.0
   Compiling thiserror v2.0.18
   Compiling bytemuck v1.25.0
   Compiling spki v0.7.3
   Compiling getrandom v0.4.2
   Compiling virtue-next v0.1.3
   Compiling pkcs8 v0.10.2
   Compiling signatory v0.27.1
   Compiling bincode_derive-next v2.1.0
   Compiling ed25519-dalek v2.2.0
   Compiling lock_api v0.4.14
   Compiling sharded-slab v0.1.7
   Compiling aes v0.8.4
   Compiling chacha20 v0.9.1
   Compiling franken-evidence v0.3.4
   Compiling franken-kernel v0.3.4
   Compiling ctr v0.9.2
   Compiling tracing-attributes v0.1.31
   Compiling pin-project-internal v1.1.11
   Compiling prost-derive v0.14.4
   Compiling thiserror-impl v2.0.18
   Compiling signal-hook-registry v1.4.8
   Compiling ghash v0.5.1
   Compiling tracing-log v0.2.0
   Compiling poly1305 v0.8.0
   Compiling hmac v0.12.1
   Compiling rmp v0.8.15
   Compiling thread_local v1.1.9
   Compiling nu-ansi-term v0.50.3
   Compiling data-encoding v2.11.0
   Compiling futures-io v0.3.32
   Compiling ppv-lite86 v0.2.21
   Compiling half v2.7.1
   Compiling bytes v1.11.1
   Compiling parking v2.2.1
   Compiling rand_chacha v0.3.1
   Compiling ciborium-io v0.2.2
   Compiling futures-core v0.3.32
   Compiling anstyle v1.0.14
   Compiling plotters-backend v0.3.7
   Compiling rand v0.8.6
   Compiling clap_lex v1.1.0
   Compiling unty-next v0.1.1
   Compiling bincode-next v2.1.0
   Compiling clap_builder v4.6.0
   Compiling plotters-svg v0.3.7
   Compiling prost v0.14.4
   Compiling nkeys v0.4.5
   Compiling futures-lite v2.6.1
   Compiling ciborium-ll v0.2.2
   Compiling rmp-serde v1.3.1
   Compiling tracing-subscriber v0.3.23
   Compiling chacha20poly1305 v0.10.1
   Compiling parking_lot v0.12.5
   Compiling hkdf v0.12.4
   Compiling tracing v0.1.44
   Compiling aes-gcm v0.10.3
   Compiling pin-project v1.1.11
   Compiling franken-decision v0.3.4
   Compiling regex-automata v0.4.14
   Compiling sysinfo v0.33.1
   Compiling sha1 v0.11.0
   Compiling sha2 v0.11.0
   Compiling visibility v0.1.1
   Compiling polling v3.11.0
   Compiling hashbrown v0.16.1
   Compiling hashbrown v0.17.0
   Compiling hmac v0.13.0
   Compiling wait-timeout v0.2.1
   Compiling socket2 v0.6.3
   Compiling crossbeam-queue v0.3.12
   Compiling num-complex v0.4.6
   Compiling bit-vec v0.8.0
   Compiling cast v0.3.0
   Compiling same-file v1.0.6
   Compiling slab v0.4.12
   Compiling fnv v1.0.7
   Compiling quick-error v1.2.3
   Compiling base64 v0.22.1
   Compiling hex v0.4.3
   Compiling rusty-fork v0.3.1
   Compiling ft-core v0.1.0 (/data/projects/frankentorch/crates/ft-core)
   Compiling criterion-plot v0.5.0
   Compiling asupersync v0.3.4
   Compiling walkdir v2.5.0
   Compiling bit-set v0.8.0
   Compiling safetensors v0.7.0
   Compiling regex v1.12.3
   Compiling clap v4.6.1
   Compiling ciborium v0.2.2
   Compiling plotters v0.3.7
   Compiling rand_chacha v0.9.0
   Compiling tinytemplate v1.2.1
   Compiling rand v0.9.4
   Compiling rand_xorshift v0.4.0
   Compiling is-terminal v0.4.17
   Compiling console v0.16.3
   Compiling oorandom v11.1.5
   Compiling unarray v0.1.4
   Compiling similar v2.7.0
   Compiling anes v0.1.6
   Compiling proptest v1.11.0
   Compiling criterion v0.5.1
   Compiling insta v1.47.2
   Compiling ft-serialize v0.1.0 (/data/projects/frankentorch/crates/ft-serialize)
    Finished `bench` profile [optimized + debuginfo] target(s) in 3m 40s
     Running benches/serialize_bench.rs (.rch-target-vmi1293453-job-29884606035531108-1781417863594234126-0/release/deps/serialize_bench-dd576a53a798e417)
Gnuplot not found, using plotters backend
Benchmarking native_state_dict/decode_many_small_f64_1024x4
Benchmarking native_state_dict/decode_many_small_f64_1024x4: Warming up for 1.0000 s
Benchmarking native_state_dict/decode_many_small_f64_1024x4: Collecting 20 samples in estimated 5.0001 s (17k iterations)
Benchmarking native_state_dict/decode_many_small_f64_1024x4: Analyzing
native_state_dict/decode_many_small_f64_1024x4
                        time:   [276.58 µs 286.65 µs 300.14 µs]
Found 2 outliers among 20 measurements (10.00%)
  1 (5.00%) high mild
  1 (5.00%) high severe

Benchmarking native_state_dict/save_single_f32_1m
Benchmarking native_state_dict/save_single_f32_1m: Warming up for 1.0000 s
Benchmarking native_state_dict/save_single_f32_1m: Collecting 20 samples in estimated 5.0001 s (2.9M iterations)
Benchmarking native_state_dict/save_single_f32_1m: Analyzing
native_state_dict/save_single_f32_1m
                        time:   [1.6141 µs 1.6598 µs 1.7141 µs]
Found 1 outliers among 20 measurements (5.00%)
  1 (5.00%) high mild
Benchmarking native_state_dict/save_single_f64_1m
Benchmarking native_state_dict/save_single_f64_1m: Warming up for 1.0000 s
Benchmarking native_state_dict/save_single_f64_1m: Collecting 20 samples in estimated 5.0001 s (3.0M iterations)
Benchmarking native_state_dict/save_single_f64_1m: Analyzing
native_state_dict/save_single_f64_1m
                        time:   [1.6354 µs 1.6580 µs 1.6911 µs]
Found 2 outliers among 20 measurements (10.00%)
  2 (10.00%) high mild
Benchmarking native_state_dict/save_single_f16_1m
Benchmarking native_state_dict/save_single_f16_1m: Warming up for 1.0000 s
Benchmarking native_state_dict/save_single_f16_1m: Collecting 20 samples in estimated 5.0001 s (3.0M iterations)
Benchmarking native_state_dict/save_single_f16_1m: Analyzing
native_state_dict/save_single_f16_1m
                        time:   [1.6060 µs 1.6307 µs 1.6608 µs]
Found 3 outliers among 20 measurements (15.00%)
  1 (5.00%) low mild
  1 (5.00%) high mild
  1 (5.00%) high severe
Benchmarking native_state_dict/save_single_bf16_1m
Benchmarking native_state_dict/save_single_bf16_1m: Warming up for 1.0000 s
Benchmarking native_state_dict/save_single_bf16_1m: Collecting 20 samples in estimated 5.0001 s (2.8M iterations)
Benchmarking native_state_dict/save_single_bf16_1m: Analyzing
native_state_dict/save_single_bf16_1m
                        time:   [1.6773 µs 1.6974 µs 1.7218 µs]
Found 1 outliers among 20 measurements (5.00%)
  1 (5.00%) low mild

  [2m2026-06-14T06:22:38.103360Z[0m [32m INFO[0m [1;32mrch::hook[0m[32m: [32mRemote command finished: exit=0 in 258010ms[0m
    [2;3mat[0m rch/src/hook.rs:6376 [2;3mon[0m ThreadId(1)

  [2m2026-06-14T06:22:38.103653Z[0m [32m INFO[0m [1;32mrch::hook[0m[32m: [32mRetrieving build artifacts...[0m
    [2;3mat[0m rch/src/hook.rs:6425 [2;3mon[0m ThreadId(1)

  [2m2026-06-14T06:22:38.103671Z[0m [32m INFO[0m [1;32mrch::transfer[0m[32m: [32mRetrieving artifacts from /data/projects/frankentorch on vmi1293453[0m
    [2;3mat[0m rch/src/transfer.rs:2106 [2;3mon[0m ThreadId(1)

  [2m2026-06-14T06:22:39.994431Z[0m [32m INFO[0m [1;32mrch::transfer[0m[32m: [32mArtifacts retrieved in 1890ms (1 files, 1824 bytes)[0m
    [2;3mat[0m rch/src/transfer.rs:2145 [2;3mon[0m ThreadId(1)

  [2m2026-06-14T06:22:39.994454Z[0m [32m INFO[0m [1;32mrch::hook[0m[32m: [32mArtifacts retrieved: 1 files, 1824 bytes in 1890ms[0m
    [2;3mat[0m rch/src/hook.rs:6458 [2;3mon[0m ThreadId(1)

  [2m2026-06-14T06:22:39.994564Z[0m [32m INFO[0m [1;32mrch::transfer[0m[32m: [32mRetrieving artifacts from /data/projects/frankentorch/.rch-target-vmi1293453-job-29884606035531108-1781417863594234126-0 on vmi1293453[0m
    [2;3mat[0m rch/src/transfer.rs:2106 [2;3mon[0m ThreadId(1)

  [2m2026-06-14T06:22:42.043790Z[0m [32m INFO[0m [1;32mrch::transfer[0m[32m: [32mArtifacts retrieved in 2049ms (123 files, 3602 bytes)[0m
    [2;3mat[0m rch/src/transfer.rs:2145 [2;3mon[0m ThreadId(1)

  [2m2026-06-14T06:22:42.043812Z[0m [32m INFO[0m [1;32mrch::hook[0m[32m: [32mCustom CARGO_TARGET_DIR artifacts retrieved: 123 files, 3602 bytes in 2049ms[0m
    [2;3mat[0m rch/src/hook.rs:6582 [2;3mon[0m ThreadId(1)

[RCH] remote vmi1293453 (300.3s)
