   Compiling ft-kernel-cpu v0.1.0 (/data/projects/.scratch/frankentorch-cod-b-bold-verify-20260620T041328Z/crates/ft-kernel-cpu)
   Compiling ft-dispatch v0.1.0 (/data/projects/.scratch/frankentorch-cod-b-bold-verify-20260620T041328Z/crates/ft-dispatch)
   Compiling ft-autograd v0.1.0 (/data/projects/.scratch/frankentorch-cod-b-bold-verify-20260620T041328Z/crates/ft-autograd)
   Compiling ft-api v0.1.0 (/data/projects/.scratch/frankentorch-cod-b-bold-verify-20260620T041328Z/crates/ft-api)
    Finished `bench` profile [optimized + debuginfo] target(s) in 48.47s
     Running benches/pytorch_gauntlet_bench.rs (/data/projects/.rch-targets/frankentorch-cod-b/release/deps/pytorch_gauntlet_bench-5f2ebc2fd9ddf042)
Gnuplot not found, using plotters backend
Benchmarking gauntlet_max_pool3d_grad/frankentorch_kgs4_117
Benchmarking gauntlet_max_pool3d_grad/frankentorch_kgs4_117: Warming up for 1.0000 s
Benchmarking gauntlet_max_pool3d_grad/frankentorch_kgs4_117: Collecting 10 samples in estimated 3.2631 s (385 iterations)
Benchmarking gauntlet_max_pool3d_grad/frankentorch_kgs4_117: Analyzing
gauntlet_max_pool3d_grad/frankentorch_kgs4_117
                        time:   [7.8035 ms 7.9640 ms 8.3167 ms]
                        change: [-6.2208% -2.1206% +2.2991%] (p = 0.37 > 0.05)
                        No change in performance detected.
Benchmarking gauntlet_max_pool3d_grad/frankentorch_fused_sum_loss
Benchmarking gauntlet_max_pool3d_grad/frankentorch_fused_sum_loss: Warming up for 1.0000 s
Benchmarking gauntlet_max_pool3d_grad/frankentorch_fused_sum_loss: Collecting 10 samples in estimated 3.1079 s (495 iterations)
Benchmarking gauntlet_max_pool3d_grad/frankentorch_fused_sum_loss: Analyzing
gauntlet_max_pool3d_grad/frankentorch_fused_sum_loss
                        time:   [6.3070 ms 6.6646 ms 7.0044 ms]
                        change: [-21.187% -15.347% -9.4878%] (p = 0.00 < 0.05)
                        Performance has improved.
Found 3 outliers among 10 measurements (30.00%)
  2 (20.00%) low mild
  1 (10.00%) high mild
Benchmarking gauntlet_max_pool3d_grad/pytorch_2_12_cpu
Benchmarking gauntlet_max_pool3d_grad/pytorch_2_12_cpu: Warming up for 1.0000 s

Warning: Unable to complete 10 samples in 3.0s. You may wish to increase target time to 13.4s.
Benchmarking gauntlet_max_pool3d_grad/pytorch_2_12_cpu: Collecting 10 samples in estimated 13.424 s (10 iterations)
Benchmarking gauntlet_max_pool3d_grad/pytorch_2_12_cpu: Analyzing
gauntlet_max_pool3d_grad/pytorch_2_12_cpu
                        time:   [1.6300 ms 1.8889 ms 2.2069 ms]
                        change: [-17.057% -1.3374% +17.240%] (p = 0.89 > 0.05)
                        No change in performance detected.
Found 1 outliers among 10 measurements (10.00%)
  1 (10.00%) high mild

Benchmarking gauntlet_max_pool3d_grad_stage/frankentorch_setup_tensor
Benchmarking gauntlet_max_pool3d_grad_stage/frankentorch_setup_tensor: Warming up for 1.0000 s
Benchmarking gauntlet_max_pool3d_grad_stage/frankentorch_setup_tensor: Collecting 10 samples in estimated 3.0104 s (12k iterations)
Benchmarking gauntlet_max_pool3d_grad_stage/frankentorch_setup_tensor: Analyzing
gauntlet_max_pool3d_grad_stage/frankentorch_setup_tensor
                        time:   [223.92 µs 237.30 µs 250.53 µs]
                        change: [+10.658% +20.655% +31.610%] (p = 0.00 < 0.05)
                        Performance has regressed.
Found 1 outliers among 10 measurements (10.00%)
  1 (10.00%) high mild
Benchmarking gauntlet_max_pool3d_grad_stage/frankentorch_forward_only
Benchmarking gauntlet_max_pool3d_grad_stage/frankentorch_forward_only: Warming up for 1.0000 s
Benchmarking gauntlet_max_pool3d_grad_stage/frankentorch_forward_only: Collecting 10 samples in estimated 3.0872 s (605 iterations)
Benchmarking gauntlet_max_pool3d_grad_stage/frankentorch_forward_only: Analyzing
gauntlet_max_pool3d_grad_stage/frankentorch_forward_only
                        time:   [1.4592 ms 1.5999 ms 1.6572 ms]
                        change: [-17.377% +0.0389% +21.661%] (p = 1.00 > 0.05)
                        No change in performance detected.
Benchmarking gauntlet_max_pool3d_grad_stage/frankentorch_sum_only
Benchmarking gauntlet_max_pool3d_grad_stage/frankentorch_sum_only: Warming up for 1.0000 s
Benchmarking gauntlet_max_pool3d_grad_stage/frankentorch_sum_only: Collecting 10 samples in estimated 3.1802 s (605 iterations)
Benchmarking gauntlet_max_pool3d_grad_stage/frankentorch_sum_only: Analyzing
gauntlet_max_pool3d_grad_stage/frankentorch_sum_only
                        time:   [603.11 µs 772.31 µs 844.21 µs]
                        change: [-48.453% +1.6774% +104.96%] (p = 0.96 > 0.05)
                        No change in performance detected.
Benchmarking gauntlet_max_pool3d_grad_stage/frankentorch_backward_only
Benchmarking gauntlet_max_pool3d_grad_stage/frankentorch_backward_only: Warming up for 1.0000 s
Benchmarking gauntlet_max_pool3d_grad_stage/frankentorch_backward_only: Collecting 10 samples in estimated 3.3856 s (330 iterations)
Benchmarking gauntlet_max_pool3d_grad_stage/frankentorch_backward_only: Analyzing
gauntlet_max_pool3d_grad_stage/frankentorch_backward_only
                        time:   [4.8937 ms 5.2178 ms 5.6441 ms]
                        change: [-28.388% -20.793% -13.512%] (p = 0.00 < 0.05)
                        Performance has improved.
Benchmarking gauntlet_max_pool3d_grad_stage/kernel_forward_with_indices
Benchmarking gauntlet_max_pool3d_grad_stage/kernel_forward_with_indices: Warming up for 1.0000 s
Benchmarking gauntlet_max_pool3d_grad_stage/kernel_forward_with_indices: Collecting 10 samples in estimated 3.0086 s (3795 iterations)
Benchmarking gauntlet_max_pool3d_grad_stage/kernel_forward_with_indices: Analyzing
gauntlet_max_pool3d_grad_stage/kernel_forward_with_indices
                        time:   [699.07 µs 721.37 µs 749.98 µs]
                        change: [-14.792% -12.342% -9.6301%] (p = 0.00 < 0.05)
                        Performance has improved.
Found 1 outliers among 10 measurements (10.00%)
  1 (10.00%) high mild
Benchmarking gauntlet_max_pool3d_grad_stage/kernel_backward_from_indices
Benchmarking gauntlet_max_pool3d_grad_stage/kernel_backward_from_indices: Warming up for 1.0000 s
Benchmarking gauntlet_max_pool3d_grad_stage/kernel_backward_from_indices: Collecting 10 samples in estimated 3.0058 s (1925 iterations)
Benchmarking gauntlet_max_pool3d_grad_stage/kernel_backward_from_indices: Analyzing
gauntlet_max_pool3d_grad_stage/kernel_backward_from_indices
                        time:   [1.5156 ms 1.5417 ms 1.5688 ms]
                        change: [-14.390% -12.348% -10.111%] (p = 0.00 < 0.05)
                        Performance has improved.
