  [2m2026-06-20T04:22:56.997291Z[0m [32m INFO[0m [1;32mrch::hook[0m[32m: [32mSelected worker: hz2 at root@178.104.77.29 (4 slots remaining after reservation, speed 50.0)[0m
    [2;3mat[0m rch/src/hook.rs:921 [2;3mon[0m ThreadId(1)

  [2m2026-06-20T04:22:57.818658Z[0m [32m INFO[0m [1;32mrch::hook::transfer_orchestration[0m[32m: [32mStarting remote compilation pipeline for frankentorch-cod-b-bold-verify-20260620T041328Z (hash: 48040b574be30e0f)[0m
    [2;3mat[0m rch/src/hook/transfer_orchestration.rs:241 [2;3mon[0m ThreadId(1)

  [2m2026-06-20T04:22:57.818708Z[0m [32m INFO[0m [1;32mrch::hook::transfer_orchestration[0m[32m: [32mPrepared dependency sync manifest for 13 roots[0m
    [2;3mat[0m rch/src/hook/transfer_orchestration.rs:263 [2;3mon[0m ThreadId(1)

  [2m2026-06-20T04:22:59.492600Z[0m [32m INFO[0m [1;32mrch::hook::transfer_orchestration[0m[32m: [32mSyncing project to worker hz2...[0m
    [2;3mat[0m rch/src/hook/transfer_orchestration.rs:323 [2;3mon[0m ThreadId(1)

  [2m2026-06-20T04:22:59.492681Z[0m [32m INFO[0m [1;32mrch::transfer[0m[32m: [32mSyncing /data/projects/.scratch/frankentorch-cod-b-bold-verify-20260620T041328Z -> /data/projects/.scratch/frankentorch-cod-b-bold-verify-20260620T041328Z on hz2[0m
    [2;3mat[0m rch/src/transfer.rs:1528 [2;3mon[0m ThreadId(1)

  [2m2026-06-20T04:23:03.854955Z[0m [32m INFO[0m [1;32mrch::transfer[0m[32m: [32mSync completed in 4362ms[0m
    [2;3mat[0m rch/src/transfer.rs:1592 [2;3mon[0m ThreadId(1)

  [2m2026-06-20T04:23:03.855086Z[0m [32m INFO[0m [1;32mrch::transfer[0m[32m: [32mSyncing /data/projects/.scratch/frankentorch-cod-b-bold-verify-20260620T041328Z/crates/ft-api -> /data/projects/.scratch/frankentorch-cod-b-bold-verify-20260620T041328Z/crates/ft-api on hz2[0m
    [2;3mat[0m rch/src/transfer.rs:1528 [2;3mon[0m ThreadId(1)

  [2m2026-06-20T04:23:06.339907Z[0m [32m INFO[0m [1;32mrch::transfer[0m[32m: [32mSync completed in 2484ms[0m
    [2;3mat[0m rch/src/transfer.rs:1592 [2;3mon[0m ThreadId(1)

  [2m2026-06-20T04:23:06.340000Z[0m [32m INFO[0m [1;32mrch::transfer[0m[32m: [32mSyncing /data/projects/.scratch/frankentorch-cod-b-bold-verify-20260620T041328Z/crates/ft-autograd -> /data/projects/.scratch/frankentorch-cod-b-bold-verify-20260620T041328Z/crates/ft-autograd on hz2[0m
    [2;3mat[0m rch/src/transfer.rs:1528 [2;3mon[0m ThreadId(1)

  [2m2026-06-20T04:23:08.890060Z[0m [32m INFO[0m [1;32mrch::transfer[0m[32m: [32mSync completed in 2550ms[0m
    [2;3mat[0m rch/src/transfer.rs:1592 [2;3mon[0m ThreadId(1)

  [2m2026-06-20T04:23:08.890128Z[0m [32m INFO[0m [1;32mrch::transfer[0m[32m: [32mSyncing /data/projects/.scratch/frankentorch-cod-b-bold-verify-20260620T041328Z/crates/ft-conformance -> /data/projects/.scratch/frankentorch-cod-b-bold-verify-20260620T041328Z/crates/ft-conformance on hz2[0m
    [2;3mat[0m rch/src/transfer.rs:1528 [2;3mon[0m ThreadId(1)

  [2m2026-06-20T04:23:10.965120Z[0m [32m INFO[0m [1;32mrch::transfer[0m[32m: [32mSync completed in 2074ms[0m
    [2;3mat[0m rch/src/transfer.rs:1592 [2;3mon[0m ThreadId(1)

  [2m2026-06-20T04:23:10.965431Z[0m [32m INFO[0m [1;32mrch::transfer[0m[32m: [32mSyncing /data/projects/.scratch/frankentorch-cod-b-bold-verify-20260620T041328Z/crates/ft-core -> /data/projects/.scratch/frankentorch-cod-b-bold-verify-20260620T041328Z/crates/ft-core on hz2[0m
    [2;3mat[0m rch/src/transfer.rs:1528 [2;3mon[0m ThreadId(1)

  [2m2026-06-20T04:23:12.997171Z[0m [32m INFO[0m [1;32mrch::transfer[0m[32m: [32mSync completed in 2031ms[0m
    [2;3mat[0m rch/src/transfer.rs:1592 [2;3mon[0m ThreadId(1)

  [2m2026-06-20T04:23:12.997243Z[0m [32m INFO[0m [1;32mrch::transfer[0m[32m: [32mSyncing /data/projects/.scratch/frankentorch-cod-b-bold-verify-20260620T041328Z/crates/ft-data -> /data/projects/.scratch/frankentorch-cod-b-bold-verify-20260620T041328Z/crates/ft-data on hz2[0m
    [2;3mat[0m rch/src/transfer.rs:1528 [2;3mon[0m ThreadId(1)

  [2m2026-06-20T04:23:15.088029Z[0m [32m INFO[0m [1;32mrch::transfer[0m[32m: [32mSync completed in 2090ms[0m
    [2;3mat[0m rch/src/transfer.rs:1592 [2;3mon[0m ThreadId(1)

  [2m2026-06-20T04:23:15.088099Z[0m [32m INFO[0m [1;32mrch::transfer[0m[32m: [32mSyncing /data/projects/.scratch/frankentorch-cod-b-bold-verify-20260620T041328Z/crates/ft-device -> /data/projects/.scratch/frankentorch-cod-b-bold-verify-20260620T041328Z/crates/ft-device on hz2[0m
    [2;3mat[0m rch/src/transfer.rs:1528 [2;3mon[0m ThreadId(1)

  [2m2026-06-20T04:23:17.111067Z[0m [32m INFO[0m [1;32mrch::transfer[0m[32m: [32mSync completed in 2022ms[0m
    [2;3mat[0m rch/src/transfer.rs:1592 [2;3mon[0m ThreadId(1)

  [2m2026-06-20T04:23:17.111182Z[0m [32m INFO[0m [1;32mrch::transfer[0m[32m: [32mSyncing /data/projects/.scratch/frankentorch-cod-b-bold-verify-20260620T041328Z/crates/ft-dispatch -> /data/projects/.scratch/frankentorch-cod-b-bold-verify-20260620T041328Z/crates/ft-dispatch on hz2[0m
    [2;3mat[0m rch/src/transfer.rs:1528 [2;3mon[0m ThreadId(1)

  [2m2026-06-20T04:23:19.426218Z[0m [32m INFO[0m [1;32mrch::transfer[0m[32m: [32mSync completed in 2315ms[0m
    [2;3mat[0m rch/src/transfer.rs:1592 [2;3mon[0m ThreadId(1)

  [2m2026-06-20T04:23:19.426332Z[0m [32m INFO[0m [1;32mrch::transfer[0m[32m: [32mSyncing /data/projects/.scratch/frankentorch-cod-b-bold-verify-20260620T041328Z/crates/ft-kernel-cpu -> /data/projects/.scratch/frankentorch-cod-b-bold-verify-20260620T041328Z/crates/ft-kernel-cpu on hz2[0m
    [2;3mat[0m rch/src/transfer.rs:1528 [2;3mon[0m ThreadId(1)

  [2m2026-06-20T04:23:21.690648Z[0m [32m INFO[0m [1;32mrch::transfer[0m[32m: [32mSync completed in 2264ms[0m
    [2;3mat[0m rch/src/transfer.rs:1592 [2;3mon[0m ThreadId(1)

  [2m2026-06-20T04:23:21.690773Z[0m [32m INFO[0m [1;32mrch::transfer[0m[32m: [32mSyncing /data/projects/.scratch/frankentorch-cod-b-bold-verify-20260620T041328Z/crates/ft-nn -> /data/projects/.scratch/frankentorch-cod-b-bold-verify-20260620T041328Z/crates/ft-nn on hz2[0m
    [2;3mat[0m rch/src/transfer.rs:1528 [2;3mon[0m ThreadId(1)

  [2m2026-06-20T04:23:23.878002Z[0m [32m INFO[0m [1;32mrch::transfer[0m[32m: [32mSync completed in 2187ms[0m
    [2;3mat[0m rch/src/transfer.rs:1592 [2;3mon[0m ThreadId(1)

  [2m2026-06-20T04:23:23.878115Z[0m [32m INFO[0m [1;32mrch::transfer[0m[32m: [32mSyncing /data/projects/.scratch/frankentorch-cod-b-bold-verify-20260620T041328Z/crates/ft-optim -> /data/projects/.scratch/frankentorch-cod-b-bold-verify-20260620T041328Z/crates/ft-optim on hz2[0m
    [2;3mat[0m rch/src/transfer.rs:1528 [2;3mon[0m ThreadId(1)

  [2m2026-06-20T04:23:25.773961Z[0m [32m INFO[0m [1;32mrch::transfer[0m[32m: [32mSync completed in 1895ms[0m
    [2;3mat[0m rch/src/transfer.rs:1592 [2;3mon[0m ThreadId(1)

  [2m2026-06-20T04:23:25.774068Z[0m [32m INFO[0m [1;32mrch::transfer[0m[32m: [32mSyncing /data/projects/.scratch/frankentorch-cod-b-bold-verify-20260620T041328Z/crates/ft-runtime -> /data/projects/.scratch/frankentorch-cod-b-bold-verify-20260620T041328Z/crates/ft-runtime on hz2[0m
    [2;3mat[0m rch/src/transfer.rs:1528 [2;3mon[0m ThreadId(1)

  [2m2026-06-20T04:23:28.126032Z[0m [32m INFO[0m [1;32mrch::transfer[0m[32m: [32mSync completed in 2351ms[0m
    [2;3mat[0m rch/src/transfer.rs:1592 [2;3mon[0m ThreadId(1)

  [2m2026-06-20T04:23:28.126144Z[0m [32m INFO[0m [1;32mrch::transfer[0m[32m: [32mSyncing /data/projects/.scratch/frankentorch-cod-b-bold-verify-20260620T041328Z/crates/ft-serialize -> /data/projects/.scratch/frankentorch-cod-b-bold-verify-20260620T041328Z/crates/ft-serialize on hz2[0m
    [2;3mat[0m rch/src/transfer.rs:1528 [2;3mon[0m ThreadId(1)

  [2m2026-06-20T04:23:30.369252Z[0m [32m INFO[0m [1;32mrch::transfer[0m[32m: [32mSync completed in 2243ms[0m
    [2;3mat[0m rch/src/transfer.rs:1592 [2;3mon[0m ThreadId(1)

  [2m2026-06-20T04:23:30.369331Z[0m [32m INFO[0m [1;32mrch::hook::transfer_orchestration[0m[32m: [32mSync complete: 4155 files, 7905758 bytes in 30868ms[0m
    [2;3mat[0m rch/src/hook/transfer_orchestration.rs:486 [2;3mon[0m ThreadId(1)

  [2m2026-06-20T04:23:37.321697Z[0m [32m INFO[0m [1;32mrch::hook::transfer_orchestration[0m[32m: [32mExecuting command remotely: cargo bench -p ft-api --bench pytorch_gauntlet_bench -- gauntlet_max_pool3d_grad/frankentorch_fused_sum_loss --noplot[0m
    [2;3mat[0m rch/src/hook/transfer_orchestration.rs:529 [2;3mon[0m ThreadId(1)

  [2m2026-06-20T04:23:37.321766Z[0m [32m INFO[0m [1;32mrch::transfer[0m[32m: [32mRewriting CARGO_TARGET_DIR for remote execution (worker-scoped path): /data/projects/.rch-targets/frankentorch-cod-b -> /data/projects/.scratch/frankentorch-cod-b-bold-verify-20260620T041328Z/.rch-target-hz2-pool-33e71094c7f7a7ee16aba39f90c4cc9c[0m
    [2;3mat[0m rch/src/transfer.rs:799 [2;3mon[0m ThreadId(1)

    Updating crates.io index
 Downloading crates ...
  Downloaded cast v0.3.0
  Downloaded ciborium-ll v0.2.2
  Downloaded anes v0.1.6
  Downloaded anstyle v1.0.14
  Downloaded autocfg v1.5.0
  Downloaded ciborium-io v0.2.2
  Downloaded cfg-if v1.0.4
  Downloaded is-terminal v0.4.17
  Downloaded same-file v1.0.6
  Downloaded rawpointer v0.2.1
  Downloaded clap v4.6.1
  Downloaded itoa v1.0.18
  Downloaded plotters-svg v0.3.7
  Downloaded aho-corasick v1.1.4
  Downloaded clap_lex v1.1.0
  Downloaded bytemuck_derive v1.10.2
  Downloaded once_cell v1.21.4
  Downloaded plotters-backend v0.3.7
  Downloaded quote v1.0.45
  Downloaded either v1.15.0
  Downloaded oorandom v11.1.5
  Downloaded walkdir v2.5.0
  Downloaded zmij v1.0.21
  Downloaded ciborium v0.2.2
  Downloaded criterion-plot v0.5.0
  Downloaded crossbeam-deque v0.8.6
  Downloaded crossbeam-epoch v0.9.18
  Downloaded tinytemplate v1.2.1
  Downloaded bytemuck v1.25.0
  Downloaded crossbeam-utils v0.8.21
  Downloaded num-traits v0.2.19
  Downloaded proc-macro2 v1.0.106
  Downloaded unicode-ident v1.0.24
  Downloaded matrixmultiply v0.3.10
  Downloaded num-complex v0.4.6
  Downloaded serde_core v1.0.228
  Downloaded serde_derive v1.0.228
  Downloaded rayon-core v1.13.0
  Downloaded half v2.7.1
  Downloaded safe_arch v0.7.4
  Downloaded memchr v2.8.0
  Downloaded wide v0.7.33
  Downloaded zerocopy-derive v0.8.48
  Downloaded serde v1.0.228
  Downloaded criterion v0.5.1
  Downloaded itertools v0.10.5
  Downloaded clap_builder v4.6.0
  Downloaded plotters v0.3.7
  Downloaded regex v1.12.3
  Downloaded serde_json v1.0.149
  Downloaded libm v0.2.16
  Downloaded rayon v1.12.0
  Downloaded zerocopy v0.8.48
  Downloaded syn v2.0.117
  Downloaded regex-syntax v0.8.10
  Downloaded regex-automata v0.4.14
  Downloaded libc v0.2.185
   Compiling proc-macro2 v1.0.106
   Compiling quote v1.0.45
   Compiling unicode-ident v1.0.24
   Compiling autocfg v1.5.0
   Compiling zerocopy v0.8.48
   Compiling crossbeam-utils v0.8.21
   Compiling cfg-if v1.0.4
   Compiling either v1.15.0
   Compiling rayon-core v1.13.0
   Compiling serde_core v1.0.228
   Compiling libm v0.2.16
   Compiling zmij v1.0.21
   Compiling serde v1.0.228
   Compiling rawpointer v0.2.1
   Compiling serde_json v1.0.149
   Compiling libc v0.2.185
   Compiling plotters-backend v0.3.7
   Compiling regex-syntax v0.8.10
   Compiling anstyle v1.0.14
   Compiling ciborium-io v0.2.2
   Compiling clap_lex v1.1.0
   Compiling memchr v2.8.0
   Compiling itoa v1.0.18
   Compiling itertools v0.10.5
   Compiling plotters-svg v0.3.7
   Compiling num-traits v0.2.19
   Compiling matrixmultiply v0.3.10
   Compiling clap_builder v4.6.0
   Compiling same-file v1.0.6
   Compiling cast v0.3.0
   Compiling oorandom v11.1.5
   Compiling walkdir v2.5.0
   Compiling crossbeam-epoch v0.9.18
   Compiling once_cell v1.21.4
   Compiling anes v0.1.6
   Compiling syn v2.0.117
   Compiling crossbeam-deque v0.8.6
   Compiling is-terminal v0.4.17
   Compiling num-complex v0.4.6
   Compiling plotters v0.3.7
   Compiling regex-automata v0.4.14
   Compiling criterion-plot v0.5.0
   Compiling rayon v1.12.0
   Compiling clap v4.6.1
   Compiling regex v1.12.3
   Compiling bytemuck_derive v1.10.2
   Compiling zerocopy-derive v0.8.48
   Compiling serde_derive v1.0.228
   Compiling bytemuck v1.25.0
   Compiling safe_arch v0.7.4
   Compiling wide v0.7.33
   Compiling tinytemplate v1.2.1
   Compiling half v2.7.1
   Compiling ft-core v0.1.0 (/data/projects/.scratch/frankentorch-cod-b-bold-verify-20260620T041328Z/crates/ft-core)
   Compiling ciborium-ll v0.2.2
   Compiling ciborium v0.2.2
   Compiling ft-kernel-cpu v0.1.0 (/data/projects/.scratch/frankentorch-cod-b-bold-verify-20260620T041328Z/crates/ft-kernel-cpu)
   Compiling ft-runtime v0.1.0 (/data/projects/.scratch/frankentorch-cod-b-bold-verify-20260620T041328Z/crates/ft-runtime)
   Compiling criterion v0.5.1
   Compiling ft-dispatch v0.1.0 (/data/projects/.scratch/frankentorch-cod-b-bold-verify-20260620T041328Z/crates/ft-dispatch)
   Compiling ft-autograd v0.1.0 (/data/projects/.scratch/frankentorch-cod-b-bold-verify-20260620T041328Z/crates/ft-autograd)
   Compiling ft-api v0.1.0 (/data/projects/.scratch/frankentorch-cod-b-bold-verify-20260620T041328Z/crates/ft-api)
    Finished `bench` profile [optimized + debuginfo] target(s) in 55.85s
     Running benches/pytorch_gauntlet_bench.rs (.rch-target-hz2-pool-33e71094c7f7a7ee16aba39f90c4cc9c/release/deps/pytorch_gauntlet_bench-5f2ebc2fd9ddf042)
Gnuplot not found, using plotters backend
Benchmarking gauntlet_max_pool3d_grad/frankentorch_fused_sum_loss
Benchmarking gauntlet_max_pool3d_grad/frankentorch_fused_sum_loss: Warming up for 1.0000 s
Benchmarking gauntlet_max_pool3d_grad/frankentorch_fused_sum_loss: Collecting 10 samples in estimated 3.0550 s (385 iterations)
Benchmarking gauntlet_max_pool3d_grad/frankentorch_fused_sum_loss: Analyzing
gauntlet_max_pool3d_grad/frankentorch_fused_sum_loss
                        time:   [4.7240 ms 6.3252 ms 8.4992 ms]
Found 3 outliers among 10 measurements (30.00%)
  2 (20.00%) low mild
  1 (10.00%) high mild

  [2m2026-06-20T04:24:38.696689Z[0m [32m INFO[0m [1;32mrch::hook::transfer_orchestration[0m[32m: [32mRemote command finished: exit=0 in 61374ms[0m
    [2;3mat[0m rch/src/hook/transfer_orchestration.rs:653 [2;3mon[0m ThreadId(1)

  [2m2026-06-20T04:24:38.701963Z[0m [32m INFO[0m [1;32mrch::hook::transfer_orchestration[0m[32m: [32mRetrieving build artifacts...[0m
    [2;3mat[0m rch/src/hook/transfer_orchestration.rs:702 [2;3mon[0m ThreadId(1)

  [2m2026-06-20T04:24:38.701983Z[0m [32m INFO[0m [1;32mrch::transfer[0m[32m: [32mRetrieving artifacts from /data/projects/.scratch/frankentorch-cod-b-bold-verify-20260620T041328Z on hz2[0m
    [2;3mat[0m rch/src/transfer.rs:2246 [2;3mon[0m ThreadId(1)

  [2m2026-06-20T04:24:40.845519Z[0m [32m INFO[0m [1;32mrch::transfer[0m[32m: [32mArtifacts retrieved in 2143ms (1 files, 1180 bytes)[0m
    [2;3mat[0m rch/src/transfer.rs:2301 [2;3mon[0m ThreadId(1)

  [2m2026-06-20T04:24:40.845540Z[0m [32m INFO[0m [1;32mrch::hook::transfer_orchestration[0m[32m: [32mArtifacts retrieved: 1 files, 1180 bytes in 2143ms[0m
    [2;3mat[0m rch/src/hook/transfer_orchestration.rs:735 [2;3mon[0m ThreadId(1)

  [2m2026-06-20T04:24:40.845627Z[0m [32m INFO[0m [1;32mrch::transfer[0m[32m: [32mRetrieving artifacts from /data/projects/.scratch/frankentorch-cod-b-bold-verify-20260620T041328Z/.rch-target-hz2-pool-33e71094c7f7a7ee16aba39f90c4cc9c on hz2[0m
    [2;3mat[0m rch/src/transfer.rs:2246 [2;3mon[0m ThreadId(1)

  [2m2026-06-20T04:24:43.041238Z[0m [32m INFO[0m [1;32mrch::transfer[0m[32m: [32mArtifacts retrieved in 2195ms (14 files, 614 bytes)[0m
    [2;3mat[0m rch/src/transfer.rs:2301 [2;3mon[0m ThreadId(1)

  [2m2026-06-20T04:24:43.041267Z[0m [32m INFO[0m [1;32mrch::hook::transfer_orchestration[0m[32m: [32mCustom CARGO_TARGET_DIR artifacts retrieved: 14 files, 614 bytes in 2195ms[0m
    [2;3mat[0m rch/src/hook/transfer_orchestration.rs:859 [2;3mon[0m ThreadId(1)

[RCH] remote hz2 (106.0s)
