  [2m2026-06-20T04:25:17.879104Z[0m [32m INFO[0m [1;32mrch::hook[0m[32m: [32mSelected worker: hz2 at root@178.104.77.29 (2 slots remaining after reservation, speed 50.0)[0m
    [2;3mat[0m rch/src/hook.rs:921 [2;3mon[0m ThreadId(1)

  [2m2026-06-20T04:25:18.195730Z[0m [32m INFO[0m [1;32mrch::hook::transfer_orchestration[0m[32m: [32mStarting remote compilation pipeline for frankentorch-cod-b-bold-verify-20260620T041328Z (hash: 48040b574be30e0f)[0m
    [2;3mat[0m rch/src/hook/transfer_orchestration.rs:241 [2;3mon[0m ThreadId(1)

  [2m2026-06-20T04:25:18.195823Z[0m [32m INFO[0m [1;32mrch::hook::transfer_orchestration[0m[32m: [32mPrepared dependency sync manifest for 13 roots[0m
    [2;3mat[0m rch/src/hook/transfer_orchestration.rs:263 [2;3mon[0m ThreadId(1)

  [2m2026-06-20T04:25:19.953509Z[0m [32m INFO[0m [1;32mrch::hook::transfer_orchestration[0m[32m: [32mSyncing project to worker hz2...[0m
    [2;3mat[0m rch/src/hook/transfer_orchestration.rs:323 [2;3mon[0m ThreadId(1)

  [2m2026-06-20T04:25:19.953564Z[0m [32m INFO[0m [1;32mrch::transfer[0m[32m: [32mSyncing /data/projects/.scratch/frankentorch-cod-b-bold-verify-20260620T041328Z -> /data/projects/.scratch/frankentorch-cod-b-bold-verify-20260620T041328Z on hz2[0m
    [2;3mat[0m rch/src/transfer.rs:1528 [2;3mon[0m ThreadId(1)

  [2m2026-06-20T04:25:23.436349Z[0m [32m INFO[0m [1;32mrch::transfer[0m[32m: [32mSync completed in 3482ms[0m
    [2;3mat[0m rch/src/transfer.rs:1592 [2;3mon[0m ThreadId(1)

  [2m2026-06-20T04:25:23.436420Z[0m [32m INFO[0m [1;32mrch::transfer[0m[32m: [32mSyncing /data/projects/.scratch/frankentorch-cod-b-bold-verify-20260620T041328Z/crates/ft-api -> /data/projects/.scratch/frankentorch-cod-b-bold-verify-20260620T041328Z/crates/ft-api on hz2[0m
    [2;3mat[0m rch/src/transfer.rs:1528 [2;3mon[0m ThreadId(1)

  [2m2026-06-20T04:25:25.807150Z[0m [32m INFO[0m [1;32mrch::transfer[0m[32m: [32mSync completed in 2370ms[0m
    [2;3mat[0m rch/src/transfer.rs:1592 [2;3mon[0m ThreadId(1)

  [2m2026-06-20T04:25:25.807226Z[0m [32m INFO[0m [1;32mrch::transfer[0m[32m: [32mSyncing /data/projects/.scratch/frankentorch-cod-b-bold-verify-20260620T041328Z/crates/ft-autograd -> /data/projects/.scratch/frankentorch-cod-b-bold-verify-20260620T041328Z/crates/ft-autograd on hz2[0m
    [2;3mat[0m rch/src/transfer.rs:1528 [2;3mon[0m ThreadId(1)

  [2m2026-06-20T04:25:27.717887Z[0m [32m INFO[0m [1;32mrch::transfer[0m[32m: [32mSync completed in 1910ms[0m
    [2;3mat[0m rch/src/transfer.rs:1592 [2;3mon[0m ThreadId(1)

  [2m2026-06-20T04:25:27.717995Z[0m [32m INFO[0m [1;32mrch::transfer[0m[32m: [32mSyncing /data/projects/.scratch/frankentorch-cod-b-bold-verify-20260620T041328Z/crates/ft-conformance -> /data/projects/.scratch/frankentorch-cod-b-bold-verify-20260620T041328Z/crates/ft-conformance on hz2[0m
    [2;3mat[0m rch/src/transfer.rs:1528 [2;3mon[0m ThreadId(1)

  [2m2026-06-20T04:25:29.696744Z[0m [32m INFO[0m [1;32mrch::transfer[0m[32m: [32mSync completed in 1978ms[0m
    [2;3mat[0m rch/src/transfer.rs:1592 [2;3mon[0m ThreadId(1)

  [2m2026-06-20T04:25:29.696815Z[0m [32m INFO[0m [1;32mrch::transfer[0m[32m: [32mSyncing /data/projects/.scratch/frankentorch-cod-b-bold-verify-20260620T041328Z/crates/ft-core -> /data/projects/.scratch/frankentorch-cod-b-bold-verify-20260620T041328Z/crates/ft-core on hz2[0m
    [2;3mat[0m rch/src/transfer.rs:1528 [2;3mon[0m ThreadId(1)

  [2m2026-06-20T04:25:31.786056Z[0m [32m INFO[0m [1;32mrch::transfer[0m[32m: [32mSync completed in 2089ms[0m
    [2;3mat[0m rch/src/transfer.rs:1592 [2;3mon[0m ThreadId(1)

  [2m2026-06-20T04:25:31.786140Z[0m [32m INFO[0m [1;32mrch::transfer[0m[32m: [32mSyncing /data/projects/.scratch/frankentorch-cod-b-bold-verify-20260620T041328Z/crates/ft-data -> /data/projects/.scratch/frankentorch-cod-b-bold-verify-20260620T041328Z/crates/ft-data on hz2[0m
    [2;3mat[0m rch/src/transfer.rs:1528 [2;3mon[0m ThreadId(1)

  [2m2026-06-20T04:25:33.971326Z[0m [32m INFO[0m [1;32mrch::transfer[0m[32m: [32mSync completed in 2185ms[0m
    [2;3mat[0m rch/src/transfer.rs:1592 [2;3mon[0m ThreadId(1)

  [2m2026-06-20T04:25:33.971406Z[0m [32m INFO[0m [1;32mrch::transfer[0m[32m: [32mSyncing /data/projects/.scratch/frankentorch-cod-b-bold-verify-20260620T041328Z/crates/ft-device -> /data/projects/.scratch/frankentorch-cod-b-bold-verify-20260620T041328Z/crates/ft-device on hz2[0m
    [2;3mat[0m rch/src/transfer.rs:1528 [2;3mon[0m ThreadId(1)

  [2m2026-06-20T04:25:35.861020Z[0m [32m INFO[0m [1;32mrch::transfer[0m[32m: [32mSync completed in 1889ms[0m
    [2;3mat[0m rch/src/transfer.rs:1592 [2;3mon[0m ThreadId(1)

  [2m2026-06-20T04:25:35.861091Z[0m [32m INFO[0m [1;32mrch::transfer[0m[32m: [32mSyncing /data/projects/.scratch/frankentorch-cod-b-bold-verify-20260620T041328Z/crates/ft-dispatch -> /data/projects/.scratch/frankentorch-cod-b-bold-verify-20260620T041328Z/crates/ft-dispatch on hz2[0m
    [2;3mat[0m rch/src/transfer.rs:1528 [2;3mon[0m ThreadId(1)

  [2m2026-06-20T04:25:37.848021Z[0m [32m INFO[0m [1;32mrch::transfer[0m[32m: [32mSync completed in 1986ms[0m
    [2;3mat[0m rch/src/transfer.rs:1592 [2;3mon[0m ThreadId(1)

  [2m2026-06-20T04:25:37.848091Z[0m [32m INFO[0m [1;32mrch::transfer[0m[32m: [32mSyncing /data/projects/.scratch/frankentorch-cod-b-bold-verify-20260620T041328Z/crates/ft-kernel-cpu -> /data/projects/.scratch/frankentorch-cod-b-bold-verify-20260620T041328Z/crates/ft-kernel-cpu on hz2[0m
    [2;3mat[0m rch/src/transfer.rs:1528 [2;3mon[0m ThreadId(1)

  [2m2026-06-20T04:25:39.922251Z[0m [32m INFO[0m [1;32mrch::transfer[0m[32m: [32mSync completed in 2074ms[0m
    [2;3mat[0m rch/src/transfer.rs:1592 [2;3mon[0m ThreadId(1)

  [2m2026-06-20T04:25:39.922330Z[0m [32m INFO[0m [1;32mrch::transfer[0m[32m: [32mSyncing /data/projects/.scratch/frankentorch-cod-b-bold-verify-20260620T041328Z/crates/ft-nn -> /data/projects/.scratch/frankentorch-cod-b-bold-verify-20260620T041328Z/crates/ft-nn on hz2[0m
    [2;3mat[0m rch/src/transfer.rs:1528 [2;3mon[0m ThreadId(1)

  [2m2026-06-20T04:25:41.969857Z[0m [32m INFO[0m [1;32mrch::transfer[0m[32m: [32mSync completed in 2047ms[0m
    [2;3mat[0m rch/src/transfer.rs:1592 [2;3mon[0m ThreadId(1)

  [2m2026-06-20T04:25:41.969929Z[0m [32m INFO[0m [1;32mrch::transfer[0m[32m: [32mSyncing /data/projects/.scratch/frankentorch-cod-b-bold-verify-20260620T041328Z/crates/ft-optim -> /data/projects/.scratch/frankentorch-cod-b-bold-verify-20260620T041328Z/crates/ft-optim on hz2[0m
    [2;3mat[0m rch/src/transfer.rs:1528 [2;3mon[0m ThreadId(1)

  [2m2026-06-20T04:25:43.954923Z[0m [32m INFO[0m [1;32mrch::transfer[0m[32m: [32mSync completed in 1984ms[0m
    [2;3mat[0m rch/src/transfer.rs:1592 [2;3mon[0m ThreadId(1)

  [2m2026-06-20T04:25:43.955016Z[0m [32m INFO[0m [1;32mrch::transfer[0m[32m: [32mSyncing /data/projects/.scratch/frankentorch-cod-b-bold-verify-20260620T041328Z/crates/ft-runtime -> /data/projects/.scratch/frankentorch-cod-b-bold-verify-20260620T041328Z/crates/ft-runtime on hz2[0m
    [2;3mat[0m rch/src/transfer.rs:1528 [2;3mon[0m ThreadId(1)

  [2m2026-06-20T04:25:46.365453Z[0m [32m INFO[0m [1;32mrch::transfer[0m[32m: [32mSync completed in 2410ms[0m
    [2;3mat[0m rch/src/transfer.rs:1592 [2;3mon[0m ThreadId(1)

  [2m2026-06-20T04:25:46.365564Z[0m [32m INFO[0m [1;32mrch::transfer[0m[32m: [32mSyncing /data/projects/.scratch/frankentorch-cod-b-bold-verify-20260620T041328Z/crates/ft-serialize -> /data/projects/.scratch/frankentorch-cod-b-bold-verify-20260620T041328Z/crates/ft-serialize on hz2[0m
    [2;3mat[0m rch/src/transfer.rs:1528 [2;3mon[0m ThreadId(1)

  [2m2026-06-20T04:25:48.597912Z[0m [32m INFO[0m [1;32mrch::transfer[0m[32m: [32mSync completed in 2232ms[0m
    [2;3mat[0m rch/src/transfer.rs:1592 [2;3mon[0m ThreadId(1)

  [2m2026-06-20T04:25:48.597969Z[0m [32m INFO[0m [1;32mrch::hook::transfer_orchestration[0m[32m: [32mSync complete: 4156 files, 176972 bytes in 28636ms[0m
    [2;3mat[0m rch/src/hook/transfer_orchestration.rs:486 [2;3mon[0m ThreadId(1)

  [2m2026-06-20T04:25:55.519565Z[0m [32m INFO[0m [1;32mrch::hook::transfer_orchestration[0m[32m: [32mExecuting command remotely: cargo check -p ft-kernel-cpu --all-targets[0m
    [2;3mat[0m rch/src/hook/transfer_orchestration.rs:529 [2;3mon[0m ThreadId(1)

  [2m2026-06-20T04:25:55.519606Z[0m [32m INFO[0m [1;32mrch::transfer[0m[32m: [32mRewriting CARGO_TARGET_DIR for remote execution (worker-scoped path): /data/projects/.rch-targets/frankentorch-cod-b -> /data/projects/.scratch/frankentorch-cod-b-bold-verify-20260620T041328Z/.rch-target-hz2-pool-33e71094c7f7a7ee16aba39f90c4cc9c[0m
    [2;3mat[0m rch/src/transfer.rs:799 [2;3mon[0m ThreadId(1)

    Updating crates.io index
 Downloading crates ...
  Downloaded autocfg v1.5.0
  Downloaded bytemuck_derive v1.10.2
  Downloaded anstyle v1.0.14
  Downloaded bytemuck v1.25.0
  Downloaded cast v0.3.0
  Downloaded cfg-if v1.0.4
  Downloaded anes v0.1.6
  Downloaded bit-set v0.8.0
  Downloaded bit-vec v0.8.0
  Downloaded bitflags v2.11.1
  Downloaded crossbeam-epoch v0.9.18
  Downloaded ciborium v0.2.2
  Downloaded crossbeam-utils v0.8.21
  Downloaded either v1.15.0
  Downloaded fastrand v2.4.1
  Downloaded rayon-core v1.13.0
  Downloaded rusty-fork v0.3.1
  Downloaded rawpointer v0.2.1
  Downloaded unarray v0.1.4
  Downloaded ciborium-io v0.2.2
  Downloaded errno v0.3.14
  Downloaded fnv v1.0.7
  Downloaded is-terminal v0.4.17
  Downloaded plotters-backend v0.3.7
  Downloaded plotters-svg v0.3.7
  Downloaded quick-error v1.2.3
  Downloaded safe_arch v0.7.4
  Downloaded same-file v1.0.6
  Downloaded tinytemplate v1.2.1
  Downloaded wait-timeout v0.2.1
  Downloaded walkdir v2.5.0
  Downloaded ciborium-ll v0.2.2
  Downloaded clap_lex v1.1.0
  Downloaded crossbeam-deque v0.8.6
  Downloaded itoa v1.0.18
  Downloaded rand_xorshift v0.4.0
  Downloaded criterion-plot v0.5.0
  Downloaded num-complex v0.4.6
  Downloaded ppv-lite86 v0.2.21
  Downloaded quote v1.0.45
  Downloaded rand_chacha v0.9.0
  Downloaded rand_core v0.9.5
  Downloaded oorandom v11.1.5
  Downloaded zmij v1.0.21
  Downloaded aho-corasick v1.1.4
  Downloaded similar v2.7.0
  Downloaded tempfile v3.27.0
  Downloaded clap v4.6.1
  Downloaded console v0.16.3
  Downloaded matrixmultiply v0.3.10
  Downloaded num-traits v0.2.19
  Downloaded once_cell v1.21.4
  Downloaded serde_core v1.0.228
  Downloaded serde_derive v1.0.228
  Downloaded unicode-ident v1.0.24
  Downloaded half v2.7.1
  Downloaded zerocopy-derive v0.8.48
  Downloaded getrandom v0.3.4
  Downloaded proc-macro2 v1.0.106
  Downloaded serde v1.0.228
  Downloaded wide v0.7.33
  Downloaded memchr v2.8.0
  Downloaded criterion v0.5.1
  Downloaded rand v0.9.4
  Downloaded itertools v0.10.5
  Downloaded insta v1.47.2
  Downloaded serde_json v1.0.149
  Downloaded plotters v0.3.7
  Downloaded clap_builder v4.6.0
  Downloaded libm v0.2.16
  Downloaded regex v1.12.3
  Downloaded rayon v1.12.0
  Downloaded proptest v1.11.0
  Downloaded syn v2.0.117
  Downloaded zerocopy v0.8.48
  Downloaded regex-syntax v0.8.10
  Downloaded rustix v1.1.4
  Downloaded regex-automata v0.4.14
  Downloaded libc v0.2.185
  Downloaded linux-raw-sys v0.12.1
   Compiling proc-macro2 v1.0.106
   Compiling quote v1.0.45
   Compiling unicode-ident v1.0.24
    Checking cfg-if v1.0.4
   Compiling libc v0.2.185
   Compiling autocfg v1.5.0
   Compiling zerocopy v0.8.48
   Compiling getrandom v0.3.4
   Compiling crossbeam-utils v0.8.21
   Compiling serde_core v1.0.228
   Compiling rustix v1.1.4
   Compiling rayon-core v1.13.0
   Compiling zmij v1.0.21
    Checking bitflags v2.11.1
   Compiling serde v1.0.228
    Checking linux-raw-sys v0.12.1
    Checking either v1.15.0
    Checking once_cell v1.21.4
   Compiling serde_json v1.0.149
    Checking fastrand v2.4.1
    Checking regex-syntax v0.8.10
   Compiling libm v0.2.16
    Checking anstyle v1.0.14
    Checking plotters-backend v0.3.7
    Checking memchr v2.8.0
    Checking ciborium-io v0.2.2
   Compiling num-traits v0.2.19
   Compiling matrixmultiply v0.3.10
    Checking clap_lex v1.1.0
    Checking itoa v1.0.18
    Checking itertools v0.10.5
    Checking cast v0.3.0
    Checking plotters-svg v0.3.7
    Checking quick-error v1.2.3
    Checking clap_builder v4.6.0
    Checking fnv v1.0.7
    Checking same-file v1.0.6
    Checking rawpointer v0.2.1
    Checking bit-vec v0.8.0
    Checking crossbeam-epoch v0.9.18
    Checking oorandom v11.1.5
    Checking unarray v0.1.4
    Checking walkdir v2.5.0
    Checking similar v2.7.0
    Checking anes v0.1.6
    Checking bit-set v0.8.0
    Checking crossbeam-deque v0.8.6
   Compiling syn v2.0.117
    Checking wait-timeout v0.2.1
    Checking is-terminal v0.4.17
    Checking console v0.16.3
    Checking num-complex v0.4.6
    Checking plotters v0.3.7
    Checking rand_core v0.9.5
    Checking rayon v1.12.0
    Checking criterion-plot v0.5.0
    Checking rand_xorshift v0.4.0
    Checking rand v0.9.4
    Checking regex-automata v0.4.14
    Checking tempfile v3.27.0
    Checking clap v4.6.1
    Checking rusty-fork v0.3.1
    Checking insta v1.47.2
    Checking regex v1.12.3
   Compiling zerocopy-derive v0.8.48
   Compiling bytemuck_derive v1.10.2
   Compiling serde_derive v1.0.228
    Checking bytemuck v1.25.0
    Checking safe_arch v0.7.4
    Checking wide v0.7.33
    Checking tinytemplate v1.2.1
    Checking half v2.7.1
    Checking ppv-lite86 v0.2.21
    Checking ciborium-ll v0.2.2
    Checking ft-core v0.1.0 (/data/projects/.scratch/frankentorch-cod-b-bold-verify-20260620T041328Z/crates/ft-core)
    Checking rand_chacha v0.9.0
    Checking proptest v1.11.0
    Checking ciborium v0.2.2
    Checking ft-kernel-cpu v0.1.0 (/data/projects/.scratch/frankentorch-cod-b-bold-verify-20260620T041328Z/crates/ft-kernel-cpu)
    Checking criterion v0.5.1
warning: unnecessary parentheses around closure body
 --> crates/ft-kernel-cpu/examples/gemm_golden.rs:8:46
  |
8 |         let a: Vec<f64> = (0..m * k).map(|i| ((i as f64 * 0.001).sin())).collect();
  |                                              ^                        ^
  |
  = note: `#[warn(unused_parens)]` (part of `#[warn(unused)]`) on by default
help: remove these parentheses
  |
8 -         let a: Vec<f64> = (0..m * k).map(|i| ((i as f64 * 0.001).sin())).collect();
8 +         let a: Vec<f64> = (0..m * k).map(|i| (i as f64 * 0.001).sin() ).collect();
  |

warning: unnecessary parentheses around closure body
 --> crates/ft-kernel-cpu/examples/gemm_golden.rs:9:46
  |
9 |         let b: Vec<f64> = (0..k * n).map(|i| ((i as f64 * 0.0017).cos())).collect();
  |                                              ^                         ^
  |
help: remove these parentheses
  |
9 -         let b: Vec<f64> = (0..k * n).map(|i| ((i as f64 * 0.0017).cos())).collect();
9 +         let b: Vec<f64> = (0..k * n).map(|i| (i as f64 * 0.0017).cos() ).collect();
  |

warning: `ft-kernel-cpu` (example "gemm_golden") generated 2 warnings (run `cargo fix --example "gemm_golden" -p ft-kernel-cpu` to apply 2 suggestions)
    Finished `dev` profile [unoptimized + debuginfo] target(s) in 13.51s
  [2m2026-06-20T04:26:10.754221Z[0m [32m INFO[0m [1;32mrch::hook::transfer_orchestration[0m[32m: [32mRemote command finished: exit=0 in 15234ms[0m
    [2;3mat[0m rch/src/hook/transfer_orchestration.rs:653 [2;3mon[0m ThreadId(1)

  [2m2026-06-20T04:26:10.755195Z[0m [32m INFO[0m [1;32mrch::hook::transfer_orchestration[0m[32m: [32mRetrieving build artifacts...[0m
    [2;3mat[0m rch/src/hook/transfer_orchestration.rs:702 [2;3mon[0m ThreadId(1)

  [2m2026-06-20T04:26:10.755217Z[0m [32m INFO[0m [1;32mrch::transfer[0m[32m: [32mRetrieving artifacts from /data/projects/.scratch/frankentorch-cod-b-bold-verify-20260620T041328Z on hz2[0m
    [2;3mat[0m rch/src/transfer.rs:2246 [2;3mon[0m ThreadId(1)

  [2m2026-06-20T04:26:13.060681Z[0m [32m INFO[0m [1;32mrch::transfer[0m[32m: [32mArtifacts retrieved in 2305ms (1 files, 1180 bytes)[0m
    [2;3mat[0m rch/src/transfer.rs:2301 [2;3mon[0m ThreadId(1)

  [2m2026-06-20T04:26:13.060748Z[0m [32m INFO[0m [1;32mrch::hook::transfer_orchestration[0m[32m: [32mArtifacts retrieved: 1 files, 1180 bytes in 2305ms[0m
    [2;3mat[0m rch/src/hook/transfer_orchestration.rs:735 [2;3mon[0m ThreadId(1)

[RCH] remote hz2 (55.2s)
