  [2m2026-06-13T21:36:39.054325Z[0m [32m INFO[0m [1;32mrch::hook[0m[32m: [32mSelected worker: vmi1152480 at root@109.205.181.92 (2 slots remaining after reservation, speed 50.0)[0m
    [2;3mat[0m rch/src/hook.rs:514 [2;3mon[0m ThreadId(1)

  [2m2026-06-13T21:36:39.370369Z[0m [32m INFO[0m [1;32mrch::hook[0m[32m: [32mStarting remote compilation pipeline for frankentorch-kgs4-53-closeout-origin-20260613T1758 (hash: b94651d28d0ea703)[0m
    [2;3mat[0m rch/src/hook.rs:5994 [2;3mon[0m ThreadId(1)

  [2m2026-06-13T21:36:39.370417Z[0m [32m INFO[0m [1;32mrch::hook[0m[32m: [32mPrepared dependency sync manifest for 13 roots[0m
    [2;3mat[0m rch/src/hook.rs:6016 [2;3mon[0m ThreadId(1)

  [2m2026-06-13T21:36:41.157676Z[0m [32m INFO[0m [1;32mrch::hook[0m[32m: [32mSyncing project to worker vmi1152480...[0m
    [2;3mat[0m rch/src/hook.rs:6046 [2;3mon[0m ThreadId(1)

  [2m2026-06-13T21:36:41.157743Z[0m [32m INFO[0m [1;32mrch::transfer[0m[32m: [32mSyncing /data/projects/.scratch/frankentorch-kgs4-53-closeout-origin-20260613T1758 -> /data/projects/.scratch/frankentorch-kgs4-53-closeout-origin-20260613T1758 on vmi1152480[0m
    [2;3mat[0m rch/src/transfer.rs:1434 [2;3mon[0m ThreadId(1)

  [2m2026-06-13T21:36:43.724812Z[0m [32m INFO[0m [1;32mrch::transfer[0m[32m: [32mSync completed in 2567ms[0m
    [2;3mat[0m rch/src/transfer.rs:1503 [2;3mon[0m ThreadId(1)

  [2m2026-06-13T21:36:43.724903Z[0m [32m INFO[0m [1;32mrch::transfer[0m[32m: [32mSyncing /data/projects/.scratch/frankentorch-kgs4-53-closeout-origin-20260613T1758/crates/ft-api -> /data/projects/.scratch/frankentorch-kgs4-53-closeout-origin-20260613T1758/crates/ft-api on vmi1152480[0m
    [2;3mat[0m rch/src/transfer.rs:1434 [2;3mon[0m ThreadId(1)

  [2m2026-06-13T21:36:45.691655Z[0m [32m INFO[0m [1;32mrch::transfer[0m[32m: [32mSync completed in 1966ms[0m
    [2;3mat[0m rch/src/transfer.rs:1503 [2;3mon[0m ThreadId(1)

  [2m2026-06-13T21:36:45.691729Z[0m [32m INFO[0m [1;32mrch::transfer[0m[32m: [32mSyncing /data/projects/.scratch/frankentorch-kgs4-53-closeout-origin-20260613T1758/crates/ft-autograd -> /data/projects/.scratch/frankentorch-kgs4-53-closeout-origin-20260613T1758/crates/ft-autograd on vmi1152480[0m
    [2;3mat[0m rch/src/transfer.rs:1434 [2;3mon[0m ThreadId(1)

  [2m2026-06-13T21:36:47.626511Z[0m [32m INFO[0m [1;32mrch::transfer[0m[32m: [32mSync completed in 1934ms[0m
    [2;3mat[0m rch/src/transfer.rs:1503 [2;3mon[0m ThreadId(1)

  [2m2026-06-13T21:36:47.626594Z[0m [32m INFO[0m [1;32mrch::transfer[0m[32m: [32mSyncing /data/projects/.scratch/frankentorch-kgs4-53-closeout-origin-20260613T1758/crates/ft-conformance -> /data/projects/.scratch/frankentorch-kgs4-53-closeout-origin-20260613T1758/crates/ft-conformance on vmi1152480[0m
    [2;3mat[0m rch/src/transfer.rs:1434 [2;3mon[0m ThreadId(1)

  [2m2026-06-13T21:36:49.588216Z[0m [32m INFO[0m [1;32mrch::transfer[0m[32m: [32mSync completed in 1961ms[0m
    [2;3mat[0m rch/src/transfer.rs:1503 [2;3mon[0m ThreadId(1)

  [2m2026-06-13T21:36:49.588301Z[0m [32m INFO[0m [1;32mrch::transfer[0m[32m: [32mSyncing /data/projects/.scratch/frankentorch-kgs4-53-closeout-origin-20260613T1758/crates/ft-core -> /data/projects/.scratch/frankentorch-kgs4-53-closeout-origin-20260613T1758/crates/ft-core on vmi1152480[0m
    [2;3mat[0m rch/src/transfer.rs:1434 [2;3mon[0m ThreadId(1)

  [2m2026-06-13T21:36:51.538478Z[0m [32m INFO[0m [1;32mrch::transfer[0m[32m: [32mSync completed in 1950ms[0m
    [2;3mat[0m rch/src/transfer.rs:1503 [2;3mon[0m ThreadId(1)

  [2m2026-06-13T21:36:51.538559Z[0m [32m INFO[0m [1;32mrch::transfer[0m[32m: [32mSyncing /data/projects/.scratch/frankentorch-kgs4-53-closeout-origin-20260613T1758/crates/ft-data -> /data/projects/.scratch/frankentorch-kgs4-53-closeout-origin-20260613T1758/crates/ft-data on vmi1152480[0m
    [2;3mat[0m rch/src/transfer.rs:1434 [2;3mon[0m ThreadId(1)

  [2m2026-06-13T21:36:53.674016Z[0m [32m INFO[0m [1;32mrch::transfer[0m[32m: [32mSync completed in 2135ms[0m
    [2;3mat[0m rch/src/transfer.rs:1503 [2;3mon[0m ThreadId(1)

  [2m2026-06-13T21:36:53.674120Z[0m [32m INFO[0m [1;32mrch::transfer[0m[32m: [32mSyncing /data/projects/.scratch/frankentorch-kgs4-53-closeout-origin-20260613T1758/crates/ft-device -> /data/projects/.scratch/frankentorch-kgs4-53-closeout-origin-20260613T1758/crates/ft-device on vmi1152480[0m
    [2;3mat[0m rch/src/transfer.rs:1434 [2;3mon[0m ThreadId(1)

  [2m2026-06-13T21:36:55.749138Z[0m [32m INFO[0m [1;32mrch::transfer[0m[32m: [32mSync completed in 2074ms[0m
    [2;3mat[0m rch/src/transfer.rs:1503 [2;3mon[0m ThreadId(1)

  [2m2026-06-13T21:36:55.749238Z[0m [32m INFO[0m [1;32mrch::transfer[0m[32m: [32mSyncing /data/projects/.scratch/frankentorch-kgs4-53-closeout-origin-20260613T1758/crates/ft-dispatch -> /data/projects/.scratch/frankentorch-kgs4-53-closeout-origin-20260613T1758/crates/ft-dispatch on vmi1152480[0m
    [2;3mat[0m rch/src/transfer.rs:1434 [2;3mon[0m ThreadId(1)

  [2m2026-06-13T21:36:57.720973Z[0m [32m INFO[0m [1;32mrch::transfer[0m[32m: [32mSync completed in 1971ms[0m
    [2;3mat[0m rch/src/transfer.rs:1503 [2;3mon[0m ThreadId(1)

  [2m2026-06-13T21:36:57.721082Z[0m [32m INFO[0m [1;32mrch::transfer[0m[32m: [32mSyncing /data/projects/.scratch/frankentorch-kgs4-53-closeout-origin-20260613T1758/crates/ft-kernel-cpu -> /data/projects/.scratch/frankentorch-kgs4-53-closeout-origin-20260613T1758/crates/ft-kernel-cpu on vmi1152480[0m
    [2;3mat[0m rch/src/transfer.rs:1434 [2;3mon[0m ThreadId(1)

  [2m2026-06-13T21:36:59.803865Z[0m [32m INFO[0m [1;32mrch::transfer[0m[32m: [32mSync completed in 2082ms[0m
    [2;3mat[0m rch/src/transfer.rs:1503 [2;3mon[0m ThreadId(1)

  [2m2026-06-13T21:36:59.803997Z[0m [32m INFO[0m [1;32mrch::transfer[0m[32m: [32mSyncing /data/projects/.scratch/frankentorch-kgs4-53-closeout-origin-20260613T1758/crates/ft-nn -> /data/projects/.scratch/frankentorch-kgs4-53-closeout-origin-20260613T1758/crates/ft-nn on vmi1152480[0m
    [2;3mat[0m rch/src/transfer.rs:1434 [2;3mon[0m ThreadId(1)

  [2m2026-06-13T21:37:01.841587Z[0m [32m INFO[0m [1;32mrch::transfer[0m[32m: [32mSync completed in 2037ms[0m
    [2;3mat[0m rch/src/transfer.rs:1503 [2;3mon[0m ThreadId(1)

  [2m2026-06-13T21:37:01.841672Z[0m [32m INFO[0m [1;32mrch::transfer[0m[32m: [32mSyncing /data/projects/.scratch/frankentorch-kgs4-53-closeout-origin-20260613T1758/crates/ft-optim -> /data/projects/.scratch/frankentorch-kgs4-53-closeout-origin-20260613T1758/crates/ft-optim on vmi1152480[0m
    [2;3mat[0m rch/src/transfer.rs:1434 [2;3mon[0m ThreadId(1)

  [2m2026-06-13T21:37:04.152626Z[0m [32m INFO[0m [1;32mrch::transfer[0m[32m: [32mSync completed in 2310ms[0m
    [2;3mat[0m rch/src/transfer.rs:1503 [2;3mon[0m ThreadId(1)

  [2m2026-06-13T21:37:04.152713Z[0m [32m INFO[0m [1;32mrch::transfer[0m[32m: [32mSyncing /data/projects/.scratch/frankentorch-kgs4-53-closeout-origin-20260613T1758/crates/ft-runtime -> /data/projects/.scratch/frankentorch-kgs4-53-closeout-origin-20260613T1758/crates/ft-runtime on vmi1152480[0m
    [2;3mat[0m rch/src/transfer.rs:1434 [2;3mon[0m ThreadId(1)

  [2m2026-06-13T21:37:06.077407Z[0m [32m INFO[0m [1;32mrch::transfer[0m[32m: [32mSync completed in 1924ms[0m
    [2;3mat[0m rch/src/transfer.rs:1503 [2;3mon[0m ThreadId(1)

  [2m2026-06-13T21:37:06.077503Z[0m [32m INFO[0m [1;32mrch::transfer[0m[32m: [32mSyncing /data/projects/.scratch/frankentorch-kgs4-53-closeout-origin-20260613T1758/crates/ft-serialize -> /data/projects/.scratch/frankentorch-kgs4-53-closeout-origin-20260613T1758/crates/ft-serialize on vmi1152480[0m
    [2;3mat[0m rch/src/transfer.rs:1434 [2;3mon[0m ThreadId(1)

  [2m2026-06-13T21:37:08.119709Z[0m [32m INFO[0m [1;32mrch::transfer[0m[32m: [32mSync completed in 2042ms[0m
    [2;3mat[0m rch/src/transfer.rs:1503 [2;3mon[0m ThreadId(1)

  [2m2026-06-13T21:37:08.119761Z[0m [32m INFO[0m [1;32mrch::hook[0m[32m: [32mSync complete: 2701 files, 117278 bytes in 26953ms[0m
    [2;3mat[0m rch/src/hook.rs:6209 [2;3mon[0m ThreadId(1)

  [2m2026-06-13T21:37:12.710997Z[0m [32m INFO[0m [1;32mrch::hook[0m[32m: [32mExecuting command remotely: cargo bench -j 1 -p ft-api --bench ops_bench linear_forward/f32_hidden -- --warm-up-time 1 --measurement-time 3 --sample-size 10[0m
    [2;3mat[0m rch/src/hook.rs:6252 [2;3mon[0m ThreadId(1)

  [2m2026-06-13T21:37:12.711047Z[0m [32m INFO[0m [1;32mrch::transfer[0m[32m: [32mRewriting CARGO_TARGET_DIR for remote execution (worker-scoped path): /data/tmp/cargo-target -> /data/projects/.scratch/frankentorch-kgs4-53-closeout-origin-20260613T1758/.rch-target-vmi1152480-job-29884606035529608-1781386601157668312-0[0m
    [2;3mat[0m rch/src/transfer.rs:712 [2;3mon[0m ThreadId(1)

    Updating crates.io index
 Downloading crates ...
  Downloaded anes v0.1.6
  Downloaded anstyle v1.0.14
  Downloaded autocfg v1.5.0
  Downloaded bytemuck_derive v1.10.2
  Downloaded itoa v1.0.18
  Downloaded is-terminal v0.4.17
  Downloaded ciborium-io v0.2.2
  Downloaded plotters-svg v0.3.7
  Downloaded clap_lex v1.1.0
  Downloaded plotters-backend v0.3.7
  Downloaded rawpointer v0.2.1
  Downloaded same-file v1.0.6
  Downloaded cast v0.3.0
  Downloaded ciborium-ll v0.2.2
  Downloaded cfg-if v1.0.4
  Downloaded bytemuck v1.25.0
  Downloaded num-complex v0.4.6
  Downloaded criterion-plot v0.5.0
  Downloaded crossbeam-deque v0.8.6
  Downloaded either v1.15.0
  Downloaded zmij v1.0.21
  Downloaded quote v1.0.45
  Downloaded aho-corasick v1.1.4
  Downloaded oorandom v11.1.5
  Downloaded crossbeam-utils v0.8.21
  Downloaded once_cell v1.21.4
  Downloaded tinytemplate v1.2.1
  Downloaded walkdir v2.5.0
  Downloaded half v2.7.1
  Downloaded serde_derive v1.0.228
  Downloaded crossbeam-epoch v0.9.18
  Downloaded matrixmultiply v0.3.10
  Downloaded num-traits v0.2.19
  Downloaded proc-macro2 v1.0.106
  Downloaded ciborium v0.2.2
  Downloaded serde_core v1.0.228
  Downloaded clap v4.6.1
  Downloaded unicode-ident v1.0.24
  Downloaded rayon-core v1.13.0
  Downloaded serde v1.0.228
  Downloaded safe_arch v0.7.4
  Downloaded memchr v2.8.0
  Downloaded wide v0.7.33
  Downloaded zerocopy-derive v0.8.48
  Downloaded criterion v0.5.1
  Downloaded itertools v0.10.5
  Downloaded libm v0.2.16
  Downloaded plotters v0.3.7
  Downloaded regex v1.12.3
  Downloaded clap_builder v4.6.0
  Downloaded rayon v1.12.0
  Downloaded serde_json v1.0.149
  Downloaded syn v2.0.117
  Downloaded zerocopy v0.8.48
  Downloaded regex-syntax v0.8.10
  Downloaded regex-automata v0.4.14
  Downloaded libc v0.2.185
   Compiling proc-macro2 v1.0.106
   Compiling unicode-ident v1.0.24
   Compiling quote v1.0.45
   Compiling syn v2.0.117
   Compiling autocfg v1.5.0
   Compiling bytemuck_derive v1.10.2
   Compiling bytemuck v1.25.0
   Compiling zerocopy v0.8.48
   Compiling num-traits v0.2.19
   Compiling zerocopy-derive v0.8.48
   Compiling crossbeam-utils v0.8.21
   Compiling cfg-if v1.0.4
   Compiling half v2.7.1
   Compiling crossbeam-epoch v0.9.18
   Compiling either v1.15.0
   Compiling rayon-core v1.13.0
   Compiling crossbeam-deque v0.8.6
   Compiling serde_core v1.0.228
   Compiling num-complex v0.4.6
   Compiling matrixmultiply v0.3.10
   Compiling libm v0.2.16
   Compiling ft-core v0.1.0 (/data/projects/.scratch/frankentorch-kgs4-53-closeout-origin-20260613T1758/crates/ft-core)
   Compiling rayon v1.12.0
   Compiling safe_arch v0.7.4
   Compiling serde v1.0.228
   Compiling zmij v1.0.21
   Compiling rawpointer v0.2.1
   Compiling wide v0.7.33
   Compiling serde_derive v1.0.228
   Compiling serde_json v1.0.149
   Compiling libc v0.2.185
   Compiling ft-kernel-cpu v0.1.0 (/data/projects/.scratch/frankentorch-kgs4-53-closeout-origin-20260613T1758/crates/ft-kernel-cpu)
   Compiling anstyle v1.0.14
   Compiling plotters-backend v0.3.7
   Compiling ciborium-io v0.2.2
   Compiling memchr v2.8.0
   Compiling regex-syntax v0.8.10
   Compiling clap_lex v1.1.0
   Compiling itoa v1.0.18
   Compiling clap_builder v4.6.0
   Compiling regex-automata v0.4.14
   Compiling ciborium-ll v0.2.2
   Compiling plotters-svg v0.3.7
   Compiling ft-dispatch v0.1.0 (/data/projects/.scratch/frankentorch-kgs4-53-closeout-origin-20260613T1758/crates/ft-dispatch)
   Compiling itertools v0.10.5
   Compiling cast v0.3.0
   Compiling same-file v1.0.6
   Compiling walkdir v2.5.0
   Compiling criterion-plot v0.5.0
   Compiling is-terminal v0.4.17
   Compiling ft-autograd v0.1.0 (/data/projects/.scratch/frankentorch-kgs4-53-closeout-origin-20260613T1758/crates/ft-autograd)
   Compiling plotters v0.3.7
   Compiling ciborium v0.2.2
   Compiling regex v1.12.3
   Compiling clap v4.6.1
   Compiling tinytemplate v1.2.1
   Compiling ft-runtime v0.1.0 (/data/projects/.scratch/frankentorch-kgs4-53-closeout-origin-20260613T1758/crates/ft-runtime)
   Compiling anes v0.1.6
   Compiling oorandom v11.1.5
   Compiling once_cell v1.21.4
   Compiling criterion v0.5.1
   Compiling ft-api v0.1.0 (/data/projects/.scratch/frankentorch-kgs4-53-closeout-origin-20260613T1758/crates/ft-api)
    Finished `bench` profile [optimized + debuginfo] target(s) in 6m 06s
     Running benches/ops_bench.rs (.rch-target-vmi1152480-job-29884606035529608-1781386601157668312-0/release/deps/ops_bench-f1f85e4b56fe7759)
Gnuplot not found, using plotters backend
Benchmarking linear_forward/f32_hidden/1024
Benchmarking linear_forward/f32_hidden/1024: Warming up for 1.0000 s
Benchmarking linear_forward/f32_hidden/1024: Collecting 10 samples in estimated 3.0127 s (4400 iterations)
Benchmarking linear_forward/f32_hidden/1024: Analyzing
linear_forward/f32_hidden/1024
                        time:   [396.35 µs 493.85 µs 708.93 µs]
                        thrpt:  [92.444 Melem/s 132.70 Melem/s 165.35 Melem/s]
Found 1 outliers among 10 measurements (10.00%)
  1 (10.00%) high mild
Benchmarking linear_forward/f32_hidden/2048
Benchmarking linear_forward/f32_hidden/2048: Warming up for 1.0000 s
Benchmarking linear_forward/f32_hidden/2048: Collecting 10 samples in estimated 3.0273 s (2035 iterations)
Benchmarking linear_forward/f32_hidden/2048: Analyzing
linear_forward/f32_hidden/2048
                        time:   [1.4165 ms 1.5695 ms 1.8451 ms]
                        thrpt:  [35.519 Melem/s 41.756 Melem/s 46.267 Melem/s]

  [2m2026-06-13T21:43:33.335600Z[0m [32m INFO[0m [1;32mrch::hook[0m[32m: [32mRemote command finished: exit=0 in 380624ms[0m
    [2;3mat[0m rch/src/hook.rs:6376 [2;3mon[0m ThreadId(1)

  [2m2026-06-13T21:43:33.335920Z[0m [32m INFO[0m [1;32mrch::hook[0m[32m: [32mRetrieving build artifacts...[0m
    [2;3mat[0m rch/src/hook.rs:6425 [2;3mon[0m ThreadId(1)

  [2m2026-06-13T21:43:33.335958Z[0m [32m INFO[0m [1;32mrch::transfer[0m[32m: [32mRetrieving artifacts from /data/projects/.scratch/frankentorch-kgs4-53-closeout-origin-20260613T1758 on vmi1152480[0m
    [2;3mat[0m rch/src/transfer.rs:2106 [2;3mon[0m ThreadId(1)

  [2m2026-06-13T21:43:35.396831Z[0m [32m INFO[0m [1;32mrch::transfer[0m[32m: [32mArtifacts retrieved in 2060ms (1 files, 1180 bytes)[0m
    [2;3mat[0m rch/src/transfer.rs:2145 [2;3mon[0m ThreadId(1)

  [2m2026-06-13T21:43:35.396863Z[0m [32m INFO[0m [1;32mrch::hook[0m[32m: [32mArtifacts retrieved: 1 files, 1180 bytes in 2060ms[0m
    [2;3mat[0m rch/src/hook.rs:6458 [2;3mon[0m ThreadId(1)

  [2m2026-06-13T21:43:35.397000Z[0m [32m INFO[0m [1;32mrch::transfer[0m[32m: [32mRetrieving artifacts from /data/projects/.scratch/frankentorch-kgs4-53-closeout-origin-20260613T1758/.rch-target-vmi1152480-job-29884606035529608-1781386601157668312-0 on vmi1152480[0m
    [2;3mat[0m rch/src/transfer.rs:2106 [2;3mon[0m ThreadId(1)

  [2m2026-06-13T21:43:37.527699Z[0m [32m INFO[0m [1;32mrch::transfer[0m[32m: [32mArtifacts retrieved in 2130ms (58 files, 4038 bytes)[0m
    [2;3mat[0m rch/src/transfer.rs:2145 [2;3mon[0m ThreadId(1)

  [2m2026-06-13T21:43:37.527733Z[0m [32m INFO[0m [1;32mrch::hook[0m[32m: [32mCustom CARGO_TARGET_DIR artifacts retrieved: 58 files, 4038 bytes in 2130ms[0m
    [2;3mat[0m rch/src/hook.rs:6582 [2;3mon[0m ThreadId(1)

[RCH] remote vmi1152480 (418.5s)
