  [2m2026-06-13T19:19:20.430140Z[0m [32m INFO[0m [1;32mrch::hook[0m[32m: [32mSelected worker: vmi1227854 at root@109.123.245.77 (1 slots remaining after reservation, speed 50.0)[0m
    [2;3mat[0m rch/src/hook.rs:514 [2;3mon[0m ThreadId(1)

  [2m2026-06-13T19:19:20.744797Z[0m [32m INFO[0m [1;32mrch::hook[0m[32m: [32mStarting remote compilation pipeline for frankentorch-kgs4-53-closeout-origin-20260613T1758 (hash: b94651d28d0ea703)[0m
    [2;3mat[0m rch/src/hook.rs:5994 [2;3mon[0m ThreadId(1)

  [2m2026-06-13T19:19:20.744846Z[0m [32m INFO[0m [1;32mrch::hook[0m[32m: [32mPrepared dependency sync manifest for 13 roots[0m
    [2;3mat[0m rch/src/hook.rs:6016 [2;3mon[0m ThreadId(1)

  [2m2026-06-13T19:19:22.340660Z[0m [32m INFO[0m [1;32mrch::hook[0m[32m: [32mSyncing project to worker vmi1227854...[0m
    [2;3mat[0m rch/src/hook.rs:6046 [2;3mon[0m ThreadId(1)

  [2m2026-06-13T19:19:22.340730Z[0m [32m INFO[0m [1;32mrch::transfer[0m[32m: [32mSyncing /data/projects/.scratch/frankentorch-kgs4-53-closeout-origin-20260613T1758 -> /data/projects/.scratch/frankentorch-kgs4-53-closeout-origin-20260613T1758 on vmi1227854[0m
    [2;3mat[0m rch/src/transfer.rs:1434 [2;3mon[0m ThreadId(1)

  [2m2026-06-13T19:19:24.909998Z[0m [32m INFO[0m [1;32mrch::transfer[0m[32m: [32mSync completed in 2569ms[0m
    [2;3mat[0m rch/src/transfer.rs:1503 [2;3mon[0m ThreadId(1)

  [2m2026-06-13T19:19:24.910086Z[0m [32m INFO[0m [1;32mrch::transfer[0m[32m: [32mSyncing /data/projects/.scratch/frankentorch-kgs4-53-closeout-origin-20260613T1758/crates/ft-api -> /data/projects/.scratch/frankentorch-kgs4-53-closeout-origin-20260613T1758/crates/ft-api on vmi1227854[0m
    [2;3mat[0m rch/src/transfer.rs:1434 [2;3mon[0m ThreadId(1)

  [2m2026-06-13T19:19:26.708140Z[0m [32m INFO[0m [1;32mrch::transfer[0m[32m: [32mSync completed in 1798ms[0m
    [2;3mat[0m rch/src/transfer.rs:1503 [2;3mon[0m ThreadId(1)

  [2m2026-06-13T19:19:26.708234Z[0m [32m INFO[0m [1;32mrch::transfer[0m[32m: [32mSyncing /data/projects/.scratch/frankentorch-kgs4-53-closeout-origin-20260613T1758/crates/ft-autograd -> /data/projects/.scratch/frankentorch-kgs4-53-closeout-origin-20260613T1758/crates/ft-autograd on vmi1227854[0m
    [2;3mat[0m rch/src/transfer.rs:1434 [2;3mon[0m ThreadId(1)

  [2m2026-06-13T19:19:28.554219Z[0m [32m INFO[0m [1;32mrch::transfer[0m[32m: [32mSync completed in 1845ms[0m
    [2;3mat[0m rch/src/transfer.rs:1503 [2;3mon[0m ThreadId(1)

  [2m2026-06-13T19:19:28.554300Z[0m [32m INFO[0m [1;32mrch::transfer[0m[32m: [32mSyncing /data/projects/.scratch/frankentorch-kgs4-53-closeout-origin-20260613T1758/crates/ft-conformance -> /data/projects/.scratch/frankentorch-kgs4-53-closeout-origin-20260613T1758/crates/ft-conformance on vmi1227854[0m
    [2;3mat[0m rch/src/transfer.rs:1434 [2;3mon[0m ThreadId(1)

  [2m2026-06-13T19:19:30.432199Z[0m [32m INFO[0m [1;32mrch::transfer[0m[32m: [32mSync completed in 1877ms[0m
    [2;3mat[0m rch/src/transfer.rs:1503 [2;3mon[0m ThreadId(1)

  [2m2026-06-13T19:19:30.432292Z[0m [32m INFO[0m [1;32mrch::transfer[0m[32m: [32mSyncing /data/projects/.scratch/frankentorch-kgs4-53-closeout-origin-20260613T1758/crates/ft-core -> /data/projects/.scratch/frankentorch-kgs4-53-closeout-origin-20260613T1758/crates/ft-core on vmi1227854[0m
    [2;3mat[0m rch/src/transfer.rs:1434 [2;3mon[0m ThreadId(1)

  [2m2026-06-13T19:19:32.348304Z[0m [32m INFO[0m [1;32mrch::transfer[0m[32m: [32mSync completed in 1915ms[0m
    [2;3mat[0m rch/src/transfer.rs:1503 [2;3mon[0m ThreadId(1)

  [2m2026-06-13T19:19:32.348396Z[0m [32m INFO[0m [1;32mrch::transfer[0m[32m: [32mSyncing /data/projects/.scratch/frankentorch-kgs4-53-closeout-origin-20260613T1758/crates/ft-data -> /data/projects/.scratch/frankentorch-kgs4-53-closeout-origin-20260613T1758/crates/ft-data on vmi1227854[0m
    [2;3mat[0m rch/src/transfer.rs:1434 [2;3mon[0m ThreadId(1)

  [2m2026-06-13T19:19:34.196344Z[0m [32m INFO[0m [1;32mrch::transfer[0m[32m: [32mSync completed in 1847ms[0m
    [2;3mat[0m rch/src/transfer.rs:1503 [2;3mon[0m ThreadId(1)

  [2m2026-06-13T19:19:34.196441Z[0m [32m INFO[0m [1;32mrch::transfer[0m[32m: [32mSyncing /data/projects/.scratch/frankentorch-kgs4-53-closeout-origin-20260613T1758/crates/ft-device -> /data/projects/.scratch/frankentorch-kgs4-53-closeout-origin-20260613T1758/crates/ft-device on vmi1227854[0m
    [2;3mat[0m rch/src/transfer.rs:1434 [2;3mon[0m ThreadId(1)

  [2m2026-06-13T19:19:36.039385Z[0m [32m INFO[0m [1;32mrch::transfer[0m[32m: [32mSync completed in 1842ms[0m
    [2;3mat[0m rch/src/transfer.rs:1503 [2;3mon[0m ThreadId(1)

  [2m2026-06-13T19:19:36.039468Z[0m [32m INFO[0m [1;32mrch::transfer[0m[32m: [32mSyncing /data/projects/.scratch/frankentorch-kgs4-53-closeout-origin-20260613T1758/crates/ft-dispatch -> /data/projects/.scratch/frankentorch-kgs4-53-closeout-origin-20260613T1758/crates/ft-dispatch on vmi1227854[0m
    [2;3mat[0m rch/src/transfer.rs:1434 [2;3mon[0m ThreadId(1)

  [2m2026-06-13T19:19:37.894478Z[0m [32m INFO[0m [1;32mrch::transfer[0m[32m: [32mSync completed in 1854ms[0m
    [2;3mat[0m rch/src/transfer.rs:1503 [2;3mon[0m ThreadId(1)

  [2m2026-06-13T19:19:37.894561Z[0m [32m INFO[0m [1;32mrch::transfer[0m[32m: [32mSyncing /data/projects/.scratch/frankentorch-kgs4-53-closeout-origin-20260613T1758/crates/ft-kernel-cpu -> /data/projects/.scratch/frankentorch-kgs4-53-closeout-origin-20260613T1758/crates/ft-kernel-cpu on vmi1227854[0m
    [2;3mat[0m rch/src/transfer.rs:1434 [2;3mon[0m ThreadId(1)

  [2m2026-06-13T19:19:39.759264Z[0m [32m INFO[0m [1;32mrch::transfer[0m[32m: [32mSync completed in 1864ms[0m
    [2;3mat[0m rch/src/transfer.rs:1503 [2;3mon[0m ThreadId(1)

  [2m2026-06-13T19:19:39.759375Z[0m [32m INFO[0m [1;32mrch::transfer[0m[32m: [32mSyncing /data/projects/.scratch/frankentorch-kgs4-53-closeout-origin-20260613T1758/crates/ft-nn -> /data/projects/.scratch/frankentorch-kgs4-53-closeout-origin-20260613T1758/crates/ft-nn on vmi1227854[0m
    [2;3mat[0m rch/src/transfer.rs:1434 [2;3mon[0m ThreadId(1)

  [2m2026-06-13T19:19:41.651312Z[0m [32m INFO[0m [1;32mrch::transfer[0m[32m: [32mSync completed in 1891ms[0m
    [2;3mat[0m rch/src/transfer.rs:1503 [2;3mon[0m ThreadId(1)

  [2m2026-06-13T19:19:41.651401Z[0m [32m INFO[0m [1;32mrch::transfer[0m[32m: [32mSyncing /data/projects/.scratch/frankentorch-kgs4-53-closeout-origin-20260613T1758/crates/ft-optim -> /data/projects/.scratch/frankentorch-kgs4-53-closeout-origin-20260613T1758/crates/ft-optim on vmi1227854[0m
    [2;3mat[0m rch/src/transfer.rs:1434 [2;3mon[0m ThreadId(1)

  [2m2026-06-13T19:19:43.559319Z[0m [32m INFO[0m [1;32mrch::transfer[0m[32m: [32mSync completed in 1907ms[0m
    [2;3mat[0m rch/src/transfer.rs:1503 [2;3mon[0m ThreadId(1)

  [2m2026-06-13T19:19:43.559409Z[0m [32m INFO[0m [1;32mrch::transfer[0m[32m: [32mSyncing /data/projects/.scratch/frankentorch-kgs4-53-closeout-origin-20260613T1758/crates/ft-runtime -> /data/projects/.scratch/frankentorch-kgs4-53-closeout-origin-20260613T1758/crates/ft-runtime on vmi1227854[0m
    [2;3mat[0m rch/src/transfer.rs:1434 [2;3mon[0m ThreadId(1)

  [2m2026-06-13T19:19:45.468553Z[0m [32m INFO[0m [1;32mrch::transfer[0m[32m: [32mSync completed in 1909ms[0m
    [2;3mat[0m rch/src/transfer.rs:1503 [2;3mon[0m ThreadId(1)

  [2m2026-06-13T19:19:45.468644Z[0m [32m INFO[0m [1;32mrch::transfer[0m[32m: [32mSyncing /data/projects/.scratch/frankentorch-kgs4-53-closeout-origin-20260613T1758/crates/ft-serialize -> /data/projects/.scratch/frankentorch-kgs4-53-closeout-origin-20260613T1758/crates/ft-serialize on vmi1227854[0m
    [2;3mat[0m rch/src/transfer.rs:1434 [2;3mon[0m ThreadId(1)

  [2m2026-06-13T19:19:47.366412Z[0m [32m INFO[0m [1;32mrch::transfer[0m[32m: [32mSync completed in 1897ms[0m
    [2;3mat[0m rch/src/transfer.rs:1503 [2;3mon[0m ThreadId(1)

  [2m2026-06-13T19:19:47.366458Z[0m [32m INFO[0m [1;32mrch::hook[0m[32m: [32mSync complete: 2697 files, 124781 bytes in 25015ms[0m
    [2;3mat[0m rch/src/hook.rs:6209 [2;3mon[0m ThreadId(1)

  [2m2026-06-13T19:19:51.571370Z[0m [32m INFO[0m [1;32mrch::hook[0m[32m: [32mExecuting command remotely: cargo bench -j 1 -p ft-api --bench ops_bench linear_forward/f32_hidden -- --warm-up-time 1 --measurement-time 3 --sample-size 10[0m
    [2;3mat[0m rch/src/hook.rs:6252 [2;3mon[0m ThreadId(1)

  [2m2026-06-13T19:19:51.571421Z[0m [32m INFO[0m [1;32mrch::transfer[0m[32m: [32mRewriting CARGO_TARGET_DIR for remote execution (worker-scoped path): /data/tmp/cargo-target -> /data/projects/.scratch/frankentorch-kgs4-53-closeout-origin-20260613T1758/.rch-target-vmi1227854-job-29884606035529335-1781378362340652404-0[0m
    [2;3mat[0m rch/src/transfer.rs:712 [2;3mon[0m ThreadId(1)

    Updating crates.io index
 Downloading crates ...
  Downloaded bytemuck v1.25.0
  Downloaded anstyle v1.0.14
  Downloaded aho-corasick v1.1.4
  Downloaded autocfg v1.5.0
  Downloaded bytemuck_derive v1.10.2
  Downloaded zerocopy-derive v0.8.48
  Downloaded anes v0.1.6
  Downloaded proc-macro2 v1.0.106
  Downloaded memchr v2.8.0
  Downloaded unicode-ident v1.0.24
  Downloaded crossbeam-deque v0.8.6
  Downloaded serde_core v1.0.228
  Downloaded zmij v1.0.21
  Downloaded criterion-plot v0.5.0
  Downloaded wide v0.7.33
  Downloaded clap v4.6.1
  Downloaded once_cell v1.21.4
  Downloaded half v2.7.1
  Downloaded libm v0.2.16
  Downloaded safe_arch v0.7.4
  Downloaded plotters v0.3.7
  Downloaded itertools v0.10.5
  Downloaded ciborium-ll v0.2.2
  Downloaded rawpointer v0.2.1
  Downloaded ciborium-io v0.2.2
  Downloaded regex-syntax v0.8.10
  Downloaded crossbeam-epoch v0.9.18
  Downloaded cast v0.3.0
  Downloaded clap_lex v1.1.0
  Downloaded serde v1.0.228
  Downloaded num-complex v0.4.6
  Downloaded num-traits v0.2.19
  Downloaded quote v1.0.45
  Downloaded is-terminal v0.4.17
  Downloaded serde_json v1.0.149
  Downloaded cfg-if v1.0.4
  Downloaded plotters-svg v0.3.7
  Downloaded serde_derive v1.0.228
  Downloaded plotters-backend v0.3.7
  Downloaded oorandom v11.1.5
  Downloaded regex v1.12.3
  Downloaded regex-automata v0.4.14
  Downloaded ciborium v0.2.2
  Downloaded crossbeam-utils v0.8.21
  Downloaded rayon v1.12.0
  Downloaded itoa v1.0.18
  Downloaded same-file v1.0.6
  Downloaded clap_builder v4.6.0
  Downloaded matrixmultiply v0.3.10
  Downloaded tinytemplate v1.2.1
  Downloaded walkdir v2.5.0
  Downloaded either v1.15.0
  Downloaded zerocopy v0.8.48
  Downloaded rayon-core v1.13.0
  Downloaded syn v2.0.117
  Downloaded criterion v0.5.1
  Downloaded libc v0.2.185
   Compiling proc-macro2 v1.0.106
   Compiling quote v1.0.45
   Compiling unicode-ident v1.0.24
   Compiling syn v2.0.117
   Compiling autocfg v1.5.0
   Compiling bytemuck_derive v1.10.2
   Compiling bytemuck v1.25.0
   Compiling zerocopy v0.8.48
   Compiling num-traits v0.2.19
   Compiling zerocopy-derive v0.8.48
   Compiling crossbeam-utils v0.8.21
   Compiling cfg-if v1.0.4
   Compiling half v2.7.1
   Compiling crossbeam-epoch v0.9.18
   Compiling rayon-core v1.13.0
   Compiling either v1.15.0
   Compiling crossbeam-deque v0.8.6
   Compiling serde_core v1.0.228
   Compiling num-complex v0.4.6
   Compiling matrixmultiply v0.3.10
   Compiling libm v0.2.16
   Compiling ft-core v0.1.0 (/data/projects/.scratch/frankentorch-kgs4-53-closeout-origin-20260613T1758/crates/ft-core)
   Compiling rayon v1.12.0
   Compiling safe_arch v0.7.4
   Compiling rawpointer v0.2.1
   Compiling zmij v1.0.21
   Compiling serde v1.0.228
   Compiling wide v0.7.33
   Compiling serde_derive v1.0.228
   Compiling libc v0.2.185
   Compiling serde_json v1.0.149
   Compiling ft-kernel-cpu v0.1.0 (/data/projects/.scratch/frankentorch-kgs4-53-closeout-origin-20260613T1758/crates/ft-kernel-cpu)
   Compiling clap_lex v1.1.0
   Compiling plotters-backend v0.3.7
   Compiling memchr v2.8.0
   Compiling regex-syntax v0.8.10
   Compiling itoa v1.0.18
   Compiling anstyle v1.0.14
   Compiling ciborium-io v0.2.2
   Compiling ciborium-ll v0.2.2
   Compiling clap_builder v4.6.0
   Compiling regex-automata v0.4.14
   Compiling plotters-svg v0.3.7
   Compiling ft-dispatch v0.1.0 (/data/projects/.scratch/frankentorch-kgs4-53-closeout-origin-20260613T1758/crates/ft-dispatch)
   Compiling itertools v0.10.5
   Compiling cast v0.3.0
   Compiling same-file v1.0.6
   Compiling walkdir v2.5.0
   Compiling criterion-plot v0.5.0
   Compiling is-terminal v0.4.17
   Compiling ft-autograd v0.1.0 (/data/projects/.scratch/frankentorch-kgs4-53-closeout-origin-20260613T1758/crates/ft-autograd)
   Compiling plotters v0.3.7
   Compiling regex v1.12.3
   Compiling tinytemplate v1.2.1
   Compiling clap v4.6.1
   Compiling ciborium v0.2.2
   Compiling ft-runtime v0.1.0 (/data/projects/.scratch/frankentorch-kgs4-53-closeout-origin-20260613T1758/crates/ft-runtime)
   Compiling anes v0.1.6
   Compiling once_cell v1.21.4
   Compiling oorandom v11.1.5
   Compiling criterion v0.5.1
   Compiling ft-api v0.1.0 (/data/projects/.scratch/frankentorch-kgs4-53-closeout-origin-20260613T1758/crates/ft-api)
    Finished `bench` profile [optimized + debuginfo] target(s) in 4m 54s
     Running benches/ops_bench.rs (.rch-target-vmi1227854-job-29884606035529335-1781378362340652404-0/release/deps/ops_bench-f1f85e4b56fe7759)
Gnuplot not found, using plotters backend
Benchmarking linear_forward/f32_hidden/1024
Benchmarking linear_forward/f32_hidden/1024: Warming up for 1.0000 s
Benchmarking linear_forward/f32_hidden/1024: Collecting 10 samples in estimated 3.0246 s (6655 iterations)
Benchmarking linear_forward/f32_hidden/1024: Analyzing
linear_forward/f32_hidden/1024
                        time:   [415.96 µs 455.42 µs 484.68 µs]
                        thrpt:  [135.22 Melem/s 143.90 Melem/s 157.55 Melem/s]
Benchmarking linear_forward/f32_hidden/2048
Benchmarking linear_forward/f32_hidden/2048: Warming up for 1.0000 s
Benchmarking linear_forward/f32_hidden/2048: Collecting 10 samples in estimated 3.0059 s (4565 iterations)
Benchmarking linear_forward/f32_hidden/2048: Analyzing
linear_forward/f32_hidden/2048
                        time:   [585.40 µs 660.98 µs 791.90 µs]
                        thrpt:  [82.757 Melem/s 99.150 Melem/s 111.95 Melem/s]

  [2m2026-06-13T19:24:58.968149Z[0m [32m INFO[0m [1;32mrch::hook[0m[32m: [32mRemote command finished: exit=0 in 307396ms[0m
    [2;3mat[0m rch/src/hook.rs:6376 [2;3mon[0m ThreadId(1)

  [2m2026-06-13T19:24:58.968402Z[0m [32m INFO[0m [1;32mrch::hook[0m[32m: [32mRetrieving build artifacts...[0m
    [2;3mat[0m rch/src/hook.rs:6425 [2;3mon[0m ThreadId(1)

  [2m2026-06-13T19:24:58.968422Z[0m [32m INFO[0m [1;32mrch::transfer[0m[32m: [32mRetrieving artifacts from /data/projects/.scratch/frankentorch-kgs4-53-closeout-origin-20260613T1758 on vmi1227854[0m
    [2;3mat[0m rch/src/transfer.rs:2106 [2;3mon[0m ThreadId(1)

  [2m2026-06-13T19:25:00.975546Z[0m [32m INFO[0m [1;32mrch::transfer[0m[32m: [32mArtifacts retrieved in 2007ms (1 files, 1180 bytes)[0m
    [2;3mat[0m rch/src/transfer.rs:2145 [2;3mon[0m ThreadId(1)

  [2m2026-06-13T19:25:00.975586Z[0m [32m INFO[0m [1;32mrch::hook[0m[32m: [32mArtifacts retrieved: 1 files, 1180 bytes in 2007ms[0m
    [2;3mat[0m rch/src/hook.rs:6458 [2;3mon[0m ThreadId(1)

  [2m2026-06-13T19:25:00.975697Z[0m [32m INFO[0m [1;32mrch::transfer[0m[32m: [32mRetrieving artifacts from /data/projects/.scratch/frankentorch-kgs4-53-closeout-origin-20260613T1758/.rch-target-vmi1227854-job-29884606035529335-1781378362340652404-0 on vmi1227854[0m
    [2;3mat[0m rch/src/transfer.rs:2106 [2;3mon[0m ThreadId(1)

  [2m2026-06-13T19:25:03.166709Z[0m [32m INFO[0m [1;32mrch::transfer[0m[32m: [32mArtifacts retrieved in 2190ms (58 files, 1704 bytes)[0m
    [2;3mat[0m rch/src/transfer.rs:2145 [2;3mon[0m ThreadId(1)

  [2m2026-06-13T19:25:03.166753Z[0m [32m INFO[0m [1;32mrch::hook[0m[32m: [32mCustom CARGO_TARGET_DIR artifacts retrieved: 58 files, 1704 bytes in 2190ms[0m
    [2;3mat[0m rch/src/hook.rs:6582 [2;3mon[0m ThreadId(1)

[RCH] remote vmi1227854 (342.7s)
